TCP Ping trying to connect to server seti.dibris.unige.it (130.251.61.30) on port 1491
 ... connected to Pong server: asking for 501 repetitions of 128 bytes TCP messages
Received answer: 'OK
'
 ... Pong server agreed :-)
tcp_ping received 128 bytes back
Round trip time was 18.6921 milliseconds in repetition 1
tcp_ping received 128 bytes back
Round trip time was 16.0388 milliseconds in repetition 2
tcp_ping received 128 bytes back
Round trip time was 15.9646 milliseconds in repetition 3
tcp_ping received 128 bytes back
Round trip time was 18.3368 milliseconds in repetition 4
tcp_ping received 128 bytes back
Round trip time was 16.5197 milliseconds in repetition 5
tcp_ping received 128 bytes back
Round trip time was 16.1732 milliseconds in repetition 6
tcp_ping received 128 bytes back
Round trip time was 25.508 milliseconds in repetition 7
tcp_ping received 128 bytes back
Round trip time was 28.1288 milliseconds in repetition 8
tcp_ping received 128 bytes back
Round trip time was 19.1578 milliseconds in repetition 9
tcp_ping received 128 bytes back
Round trip time was 16.2608 milliseconds in repetition 10
tcp_ping received 128 bytes back
Round trip time was 17.7415 milliseconds in repetition 11
tcp_ping received 128 bytes back
Round trip time was 16.5073 milliseconds in repetition 12
tcp_ping received 128 bytes back
Round trip time was 18.3687 milliseconds in repetition 13
tcp_ping received 128 bytes back
Round trip time was 15.9877 milliseconds in repetition 14
tcp_ping received 128 bytes back
Round trip time was 17.1827 milliseconds in repetition 15
tcp_ping received 128 bytes back
Round trip time was 16.0843 milliseconds in repetition 16
tcp_ping received 128 bytes back
Round trip time was 17.4505 milliseconds in repetition 17
tcp_ping received 128 bytes back
Round trip time was 18.9414 milliseconds in repetition 18
tcp_ping received 128 bytes back
Round trip time was 26.868 milliseconds in repetition 19
tcp_ping received 128 bytes back
Round trip time was 18.0843 milliseconds in repetition 20
tcp_ping received 128 bytes back
Round trip time was 16.5175 milliseconds in repetition 21
tcp_ping received 128 bytes back
Round trip time was 18.7858 milliseconds in repetition 22
tcp_ping received 128 bytes back
Round trip time was 17.2616 milliseconds in repetition 23
tcp_ping received 128 bytes back
Round trip time was 18.8635 milliseconds in repetition 24
tcp_ping received 128 bytes back
Round trip time was 17.2224 milliseconds in repetition 25
tcp_ping received 128 bytes back
Round trip time was 16.5792 milliseconds in repetition 26
tcp_ping received 128 bytes back
Round trip time was 17.645 milliseconds in repetition 27
tcp_ping received 128 bytes back
Round trip time was 16.1846 milliseconds in repetition 28
tcp_ping received 128 bytes back
Round trip time was 16.7859 milliseconds in repetition 29
tcp_ping received 128 bytes back
Round trip time was 15.8152 milliseconds in repetition 30
tcp_ping received 128 bytes back
Round trip time was 15.9471 milliseconds in repetition 31
tcp_ping received 128 bytes back
Round trip time was 16.4206 milliseconds in repetition 32
tcp_ping received 128 bytes back
Round trip time was 16.3762 milliseconds in repetition 33
tcp_ping received 128 bytes back
Round trip time was 15.3732 milliseconds in repetition 34
tcp_ping received 128 bytes back
Round trip time was 16.9626 milliseconds in repetition 35
tcp_ping received 128 bytes back
Round trip time was 14.8604 milliseconds in repetition 36
tcp_ping received 128 bytes back
Round trip time was 16.4192 milliseconds in repetition 37
tcp_ping received 128 bytes back
Round trip time was 15.6371 milliseconds in repetition 38
tcp_ping received 128 bytes back
Round trip time was 15.5276 milliseconds in repetition 39
tcp_ping received 128 bytes back
Round trip time was 15.1448 milliseconds in repetition 40
tcp_ping received 128 bytes back
Round trip time was 15.3541 milliseconds in repetition 41
tcp_ping received 128 bytes back
Round trip time was 15.3069 milliseconds in repetition 42
tcp_ping received 128 bytes back
Round trip time was 19.6701 milliseconds in repetition 43
tcp_ping received 128 bytes back
Round trip time was 16.1075 milliseconds in repetition 44
tcp_ping received 128 bytes back
Round trip time was 15.5876 milliseconds in repetition 45
tcp_ping received 128 bytes back
Round trip time was 15.8479 milliseconds in repetition 46
tcp_ping received 128 bytes back
Round trip time was 15.9503 milliseconds in repetition 47
tcp_ping received 128 bytes back
Round trip time was 15.5122 milliseconds in repetition 48
tcp_ping received 128 bytes back
Round trip time was 16.04 milliseconds in repetition 49
tcp_ping received 128 bytes back
Round trip time was 14.955 milliseconds in repetition 50
tcp_ping received 128 bytes back
Round trip time was 15.426 milliseconds in repetition 51
tcp_ping received 128 bytes back
Round trip time was 15.6518 milliseconds in repetition 52
tcp_ping received 128 bytes back
Round trip time was 16.0683 milliseconds in repetition 53
tcp_ping received 128 bytes back
Round trip time was 15.523 milliseconds in repetition 54
tcp_ping received 128 bytes back
Round trip time was 15.9845 milliseconds in repetition 55
tcp_ping received 128 bytes back
Round trip time was 16.2047 milliseconds in repetition 56
tcp_ping received 128 bytes back
Round trip time was 15.8821 milliseconds in repetition 57
tcp_ping received 128 bytes back
Round trip time was 15.0914 milliseconds in repetition 58
tcp_ping received 128 bytes back
Round trip time was 15.2015 milliseconds in repetition 59
tcp_ping received 128 bytes back
Round trip time was 15.4531 milliseconds in repetition 60
tcp_ping received 128 bytes back
Round trip time was 15.3354 milliseconds in repetition 61
tcp_ping received 128 bytes back
Round trip time was 16.0226 milliseconds in repetition 62
tcp_ping received 128 bytes back
Round trip time was 15.4688 milliseconds in repetition 63
tcp_ping received 128 bytes back
Round trip time was 18.3616 milliseconds in repetition 64
tcp_ping received 128 bytes back
Round trip time was 17.3539 milliseconds in repetition 65
tcp_ping received 128 bytes back
Round trip time was 15.605 milliseconds in repetition 66
tcp_ping received 128 bytes back
Round trip time was 16.1812 milliseconds in repetition 67
tcp_ping received 128 bytes back
Round trip time was 15.4285 milliseconds in repetition 68
tcp_ping received 128 bytes back
Round trip time was 16.1567 milliseconds in repetition 69
tcp_ping received 128 bytes back
Round trip time was 15.8416 milliseconds in repetition 70
tcp_ping received 128 bytes back
Round trip time was 17.027 milliseconds in repetition 71
tcp_ping received 128 bytes back
Round trip time was 15.9612 milliseconds in repetition 72
tcp_ping received 128 bytes back
Round trip time was 15.0054 milliseconds in repetition 73
tcp_ping received 128 bytes back
Round trip time was 15.1166 milliseconds in repetition 74
tcp_ping received 128 bytes back
Round trip time was 15.2618 milliseconds in repetition 75
tcp_ping received 128 bytes back
Round trip time was 15.4281 milliseconds in repetition 76
tcp_ping received 128 bytes back
Round trip time was 15.8187 milliseconds in repetition 77
tcp_ping received 128 bytes back
Round trip time was 16.8645 milliseconds in repetition 78
tcp_ping received 128 bytes back
Round trip time was 15.4151 milliseconds in repetition 79
tcp_ping received 128 bytes back
Round trip time was 15.3714 milliseconds in repetition 80
tcp_ping received 128 bytes back
Round trip time was 14.9088 milliseconds in repetition 81
tcp_ping received 128 bytes back
Round trip time was 16.2242 milliseconds in repetition 82
tcp_ping received 128 bytes back
Round trip time was 16.3117 milliseconds in repetition 83
tcp_ping received 128 bytes back
Round trip time was 19.744 milliseconds in repetition 84
tcp_ping received 128 bytes back
Round trip time was 16.2903 milliseconds in repetition 85
tcp_ping received 128 bytes back
Round trip time was 18.2061 milliseconds in repetition 86
tcp_ping received 128 bytes back
Round trip time was 15.0334 milliseconds in repetition 87
tcp_ping received 128 bytes back
Round trip time was 15.28 milliseconds in repetition 88
tcp_ping received 128 bytes back
Round trip time was 15.0803 milliseconds in repetition 89
tcp_ping received 128 bytes back
Round trip time was 15.1962 milliseconds in repetition 90
tcp_ping received 128 bytes back
Round trip time was 15.9574 milliseconds in repetition 91
tcp_ping received 128 bytes back
Round trip time was 16.4124 milliseconds in repetition 92
tcp_ping received 128 bytes back
Round trip time was 20.8964 milliseconds in repetition 93
tcp_ping received 128 bytes back
Round trip time was 14.9346 milliseconds in repetition 94
tcp_ping received 128 bytes back
Round trip time was 16.6563 milliseconds in repetition 95
tcp_ping received 128 bytes back
Round trip time was 18.998 milliseconds in repetition 96
tcp_ping received 128 bytes back
Round trip time was 16.898 milliseconds in repetition 97
tcp_ping received 128 bytes back
Round trip time was 15.2612 milliseconds in repetition 98
tcp_ping received 128 bytes back
Round trip time was 17.0735 milliseconds in repetition 99
tcp_ping received 128 bytes back
Round trip time was 15.9475 milliseconds in repetition 100
tcp_ping received 128 bytes back
Round trip time was 15.673 milliseconds in repetition 101
tcp_ping received 128 bytes back
Round trip time was 27.9134 milliseconds in repetition 102
tcp_ping received 128 bytes back
Round trip time was 15.4195 milliseconds in repetition 103
tcp_ping received 128 bytes back
Round trip time was 17.9276 milliseconds in repetition 104
tcp_ping received 128 bytes back
Round trip time was 22.0209 milliseconds in repetition 105
tcp_ping received 128 bytes back
Round trip time was 17.3696 milliseconds in repetition 106
tcp_ping received 128 bytes back
Round trip time was 23.5588 milliseconds in repetition 107
tcp_ping received 128 bytes back
Round trip time was 16.8648 milliseconds in repetition 108
tcp_ping received 128 bytes back
Round trip time was 15.162 milliseconds in repetition 109
tcp_ping received 128 bytes back
Round trip time was 14.983 milliseconds in repetition 110
tcp_ping received 128 bytes back
Round trip time was 15.1088 milliseconds in repetition 111
tcp_ping received 128 bytes back
Round trip time was 15.7793 milliseconds in repetition 112
tcp_ping received 128 bytes back
Round trip time was 15.4033 milliseconds in repetition 113
tcp_ping received 128 bytes back
Round trip time was 16.0317 milliseconds in repetition 114
tcp_ping received 128 bytes back
Round trip time was 14.7605 milliseconds in repetition 115
tcp_ping received 128 bytes back
Round trip time was 15.5144 milliseconds in repetition 116
tcp_ping received 128 bytes back
Round trip time was 17.0258 milliseconds in repetition 117
tcp_ping received 128 bytes back
Round trip time was 20.0417 milliseconds in repetition 118
tcp_ping received 128 bytes back
Round trip time was 16.8897 milliseconds in repetition 119
tcp_ping received 128 bytes back
Round trip time was 22.6978 milliseconds in repetition 120
tcp_ping received 128 bytes back
Round trip time was 16.2868 milliseconds in repetition 121
tcp_ping received 128 bytes back
Round trip time was 14.8943 milliseconds in repetition 122
tcp_ping received 128 bytes back
Round trip time was 34.849 milliseconds in repetition 123
tcp_ping received 128 bytes back
Round trip time was 15.4027 milliseconds in repetition 124
tcp_ping received 128 bytes back
Round trip time was 20.3858 milliseconds in repetition 125
tcp_ping received 128 bytes back
Round trip time was 15.216 milliseconds in repetition 126
tcp_ping received 128 bytes back
Round trip time was 15.0484 milliseconds in repetition 127
tcp_ping received 128 bytes back
Round trip time was 15.313 milliseconds in repetition 128
tcp_ping received 128 bytes back
Round trip time was 38.8796 milliseconds in repetition 129
tcp_ping received 128 bytes back
Round trip time was 15.9689 milliseconds in repetition 130
tcp_ping received 128 bytes back
Round trip time was 15.9933 milliseconds in repetition 131
tcp_ping received 128 bytes back
Round trip time was 15.9643 milliseconds in repetition 132
tcp_ping received 128 bytes back
Round trip time was 16.0567 milliseconds in repetition 133
tcp_ping received 128 bytes back
Round trip time was 16.1386 milliseconds in repetition 134
tcp_ping received 128 bytes back
Round trip time was 16.7194 milliseconds in repetition 135
tcp_ping received 128 bytes back
Round trip time was 20.2056 milliseconds in repetition 136
tcp_ping received 128 bytes back
Round trip time was 14.9795 milliseconds in repetition 137
tcp_ping received 128 bytes back
Round trip time was 15.186 milliseconds in repetition 138
tcp_ping received 128 bytes back
Round trip time was 15.0346 milliseconds in repetition 139
tcp_ping received 128 bytes back
Round trip time was 15.6289 milliseconds in repetition 140
tcp_ping received 128 bytes back
Round trip time was 14.9472 milliseconds in repetition 141
tcp_ping received 128 bytes back
Round trip time was 16.0732 milliseconds in repetition 142
tcp_ping received 128 bytes back
Round trip time was 15.5737 milliseconds in repetition 143
tcp_ping received 128 bytes back
Round trip time was 15.1913 milliseconds in repetition 144
tcp_ping received 128 bytes back
Round trip time was 14.9393 milliseconds in repetition 145
tcp_ping received 128 bytes back
Round trip time was 15.8104 milliseconds in repetition 146
tcp_ping received 128 bytes back
Round trip time was 16.287 milliseconds in repetition 147
tcp_ping received 128 bytes back
Round trip time was 15.719 milliseconds in repetition 148
tcp_ping received 128 bytes back
Round trip time was 15.7859 milliseconds in repetition 149
tcp_ping received 128 bytes back
Round trip time was 37.0585 milliseconds in repetition 150
tcp_ping received 128 bytes back
Round trip time was 15.2952 milliseconds in repetition 151
tcp_ping received 128 bytes back
Round trip time was 16.1884 milliseconds in repetition 152
tcp_ping received 128 bytes back
Round trip time was 15.286 milliseconds in repetition 153
tcp_ping received 128 bytes back
Round trip time was 16.3923 milliseconds in repetition 154
tcp_ping received 128 bytes back
Round trip time was 15.5014 milliseconds in repetition 155
tcp_ping received 128 bytes back
Round trip time was 39.7706 milliseconds in repetition 156
tcp_ping received 128 bytes back
Round trip time was 16.0571 milliseconds in repetition 157
tcp_ping received 128 bytes back
Round trip time was 16.2034 milliseconds in repetition 158
tcp_ping received 128 bytes back
Round trip time was 20.0341 milliseconds in repetition 159
tcp_ping received 128 bytes back
Round trip time was 15.5686 milliseconds in repetition 160
tcp_ping received 128 bytes back
Round trip time was 15.1985 milliseconds in repetition 161
tcp_ping received 128 bytes back
Round trip time was 14.9352 milliseconds in repetition 162
tcp_ping received 128 bytes back
Round trip time was 15.8534 milliseconds in repetition 163
tcp_ping received 128 bytes back
Round trip time was 17.2633 milliseconds in repetition 164
tcp_ping received 128 bytes back
Round trip time was 16.1031 milliseconds in repetition 165
tcp_ping received 128 bytes back
Round trip time was 15.2453 milliseconds in repetition 166
tcp_ping received 128 bytes back
Round trip time was 15.155 milliseconds in repetition 167
tcp_ping received 128 bytes back
Round trip time was 16.3136 milliseconds in repetition 168
tcp_ping received 128 bytes back
Round trip time was 16.1759 milliseconds in repetition 169
tcp_ping received 128 bytes back
Round trip time was 16.0142 milliseconds in repetition 170
tcp_ping received 128 bytes back
Round trip time was 16.5302 milliseconds in repetition 171
tcp_ping received 128 bytes back
Round trip time was 15.2084 milliseconds in repetition 172
tcp_ping received 128 bytes back
Round trip time was 15.5696 milliseconds in repetition 173
tcp_ping received 128 bytes back
Round trip time was 16.0988 milliseconds in repetition 174
tcp_ping received 128 bytes back
Round trip time was 16.3353 milliseconds in repetition 175
tcp_ping received 128 bytes back
Round trip time was 15.7488 milliseconds in repetition 176
tcp_ping received 128 bytes back
Round trip time was 15.8481 milliseconds in repetition 177
tcp_ping received 128 bytes back
Round trip time was 16.0871 milliseconds in repetition 178
tcp_ping received 128 bytes back
Round trip time was 15.3664 milliseconds in repetition 179
tcp_ping received 128 bytes back
Round trip time was 15.4711 milliseconds in repetition 180
tcp_ping received 128 bytes back
Round trip time was 16.0455 milliseconds in repetition 181
tcp_ping received 128 bytes back
Round trip time was 15.2222 milliseconds in repetition 182
tcp_ping received 128 bytes back
Round trip time was 16.3799 milliseconds in repetition 183
tcp_ping received 128 bytes back
Round trip time was 16.1382 milliseconds in repetition 184
tcp_ping received 128 bytes back
Round trip time was 17.5202 milliseconds in repetition 185
tcp_ping received 128 bytes back
Round trip time was 15.552 milliseconds in repetition 186
tcp_ping received 128 bytes back
Round trip time was 16.9159 milliseconds in repetition 187
tcp_ping received 128 bytes back
Round trip time was 18.4973 milliseconds in repetition 188
tcp_ping received 128 bytes back
Round trip time was 15.9861 milliseconds in repetition 189
tcp_ping received 128 bytes back
Round trip time was 17.1509 milliseconds in repetition 190
tcp_ping received 128 bytes back
Round trip time was 15.9924 milliseconds in repetition 191
tcp_ping received 128 bytes back
Round trip time was 15.1224 milliseconds in repetition 192
tcp_ping received 128 bytes back
Round trip time was 16.6234 milliseconds in repetition 193
tcp_ping received 128 bytes back
Round trip time was 15.9066 milliseconds in repetition 194
tcp_ping received 128 bytes back
Round trip time was 17.1727 milliseconds in repetition 195
tcp_ping received 128 bytes back
Round trip time was 16.0977 milliseconds in repetition 196
tcp_ping received 128 bytes back
Round trip time was 15.4998 milliseconds in repetition 197
tcp_ping received 128 bytes back
Round trip time was 15.1679 milliseconds in repetition 198
tcp_ping received 128 bytes back
Round trip time was 15.7724 milliseconds in repetition 199
tcp_ping received 128 bytes back
Round trip time was 19.0589 milliseconds in repetition 200
tcp_ping received 128 bytes back
Round trip time was 16.3157 milliseconds in repetition 201
tcp_ping received 128 bytes back
Round trip time was 15.1709 milliseconds in repetition 202
tcp_ping received 128 bytes back
Round trip time was 16.3191 milliseconds in repetition 203
tcp_ping received 128 bytes back
Round trip time was 16.0018 milliseconds in repetition 204
tcp_ping received 128 bytes back
Round trip time was 15.6809 milliseconds in repetition 205
tcp_ping received 128 bytes back
Round trip time was 16.1892 milliseconds in repetition 206
tcp_ping received 128 bytes back
Round trip time was 15.9372 milliseconds in repetition 207
tcp_ping received 128 bytes back
Round trip time was 16.1844 milliseconds in repetition 208
tcp_ping received 128 bytes back
Round trip time was 16.1025 milliseconds in repetition 209
tcp_ping received 128 bytes back
Round trip time was 15.9767 milliseconds in repetition 210
tcp_ping received 128 bytes back
Round trip time was 15.512 milliseconds in repetition 211
tcp_ping received 128 bytes back
Round trip time was 15.6286 milliseconds in repetition 212
tcp_ping received 128 bytes back
Round trip time was 15.8757 milliseconds in repetition 213
tcp_ping received 128 bytes back
Round trip time was 16.3845 milliseconds in repetition 214
tcp_ping received 128 bytes back
Round trip time was 17.5945 milliseconds in repetition 215
tcp_ping received 128 bytes back
Round trip time was 16.6286 milliseconds in repetition 216
tcp_ping received 128 bytes back
Round trip time was 20.7276 milliseconds in repetition 217
tcp_ping received 128 bytes back
Round trip time was 15.8671 milliseconds in repetition 218
tcp_ping received 128 bytes back
Round trip time was 15.3821 milliseconds in repetition 219
tcp_ping received 128 bytes back
Round trip time was 15.1657 milliseconds in repetition 220
tcp_ping received 128 bytes back
Round trip time was 15.0015 milliseconds in repetition 221
tcp_ping received 128 bytes back
Round trip time was 15.3625 milliseconds in repetition 222
tcp_ping received 128 bytes back
Round trip time was 15.8074 milliseconds in repetition 223
tcp_ping received 128 bytes back
Round trip time was 15.3792 milliseconds in repetition 224
tcp_ping received 128 bytes back
Round trip time was 14.5342 milliseconds in repetition 225
tcp_ping received 128 bytes back
Round trip time was 14.9902 milliseconds in repetition 226
tcp_ping received 128 bytes back
Round trip time was 15.2941 milliseconds in repetition 227
tcp_ping received 128 bytes back
Round trip time was 17.0048 milliseconds in repetition 228
tcp_ping received 128 bytes back
Round trip time was 16.4697 milliseconds in repetition 229
tcp_ping received 128 bytes back
Round trip time was 17.8789 milliseconds in repetition 230
tcp_ping received 128 bytes back
Round trip time was 16.3707 milliseconds in repetition 231
tcp_ping received 128 bytes back
Round trip time was 15.3908 milliseconds in repetition 232
tcp_ping received 128 bytes back
Round trip time was 14.8488 milliseconds in repetition 233
tcp_ping received 128 bytes back
Round trip time was 15.4661 milliseconds in repetition 234
tcp_ping received 128 bytes back
Round trip time was 15.3464 milliseconds in repetition 235
tcp_ping received 128 bytes back
Round trip time was 15.3751 milliseconds in repetition 236
tcp_ping received 128 bytes back
Round trip time was 15.9022 milliseconds in repetition 237
tcp_ping received 128 bytes back
Round trip time was 16.0613 milliseconds in repetition 238
tcp_ping received 128 bytes back
Round trip time was 15.8283 milliseconds in repetition 239
tcp_ping received 128 bytes back
Round trip time was 16.8129 milliseconds in repetition 240
tcp_ping received 128 bytes back
Round trip time was 17.9235 milliseconds in repetition 241
tcp_ping received 128 bytes back
Round trip time was 16.4466 milliseconds in repetition 242
tcp_ping received 128 bytes back
Round trip time was 28.1983 milliseconds in repetition 243
tcp_ping received 128 bytes back
Round trip time was 14.8194 milliseconds in repetition 244
tcp_ping received 128 bytes back
Round trip time was 15.2299 milliseconds in repetition 245
tcp_ping received 128 bytes back
Round trip time was 22.112 milliseconds in repetition 246
tcp_ping received 128 bytes back
Round trip time was 17.4057 milliseconds in repetition 247
tcp_ping received 128 bytes back
Round trip time was 15.127 milliseconds in repetition 248
tcp_ping received 128 bytes back
Round trip time was 16.0892 milliseconds in repetition 249
tcp_ping received 128 bytes back
Round trip time was 16.2721 milliseconds in repetition 250
tcp_ping received 128 bytes back
Round trip time was 15.5143 milliseconds in repetition 251
tcp_ping received 128 bytes back
Round trip time was 15.8276 milliseconds in repetition 252
tcp_ping received 128 bytes back
Round trip time was 15.3833 milliseconds in repetition 253
tcp_ping received 128 bytes back
Round trip time was 17.2556 milliseconds in repetition 254
tcp_ping received 128 bytes back
Round trip time was 15.6858 milliseconds in repetition 255
tcp_ping received 128 bytes back
Round trip time was 16.6864 milliseconds in repetition 256
tcp_ping received 128 bytes back
Round trip time was 16.2312 milliseconds in repetition 257
tcp_ping received 128 bytes back
Round trip time was 15.1468 milliseconds in repetition 258
tcp_ping received 128 bytes back
Round trip time was 16.1418 milliseconds in repetition 259
tcp_ping received 128 bytes back
Round trip time was 16.3522 milliseconds in repetition 260
tcp_ping received 128 bytes back
Round trip time was 17.1328 milliseconds in repetition 261
tcp_ping received 128 bytes back
Round trip time was 16.4083 milliseconds in repetition 262
tcp_ping received 128 bytes back
Round trip time was 14.6806 milliseconds in repetition 263
tcp_ping received 128 bytes back
Round trip time was 14.9956 milliseconds in repetition 264
tcp_ping received 128 bytes back
Round trip time was 19.3945 milliseconds in repetition 265
tcp_ping received 128 bytes back
Round trip time was 22.6247 milliseconds in repetition 266
tcp_ping received 128 bytes back
Round trip time was 17.3446 milliseconds in repetition 267
tcp_ping received 128 bytes back
Round trip time was 15.5548 milliseconds in repetition 268
tcp_ping received 128 bytes back
Round trip time was 15.149 milliseconds in repetition 269
tcp_ping received 128 bytes back
Round trip time was 15.1962 milliseconds in repetition 270
tcp_ping received 128 bytes back
Round trip time was 16.0478 milliseconds in repetition 271
tcp_ping received 128 bytes back
Round trip time was 16.2743 milliseconds in repetition 272
tcp_ping received 128 bytes back
Round trip time was 15.67 milliseconds in repetition 273
tcp_ping received 128 bytes back
Round trip time was 15.9502 milliseconds in repetition 274
tcp_ping received 128 bytes back
Round trip time was 15.6434 milliseconds in repetition 275
tcp_ping received 128 bytes back
Round trip time was 14.9389 milliseconds in repetition 276
tcp_ping received 128 bytes back
Round trip time was 15.5812 milliseconds in repetition 277
tcp_ping received 128 bytes back
Round trip time was 23.4397 milliseconds in repetition 278
tcp_ping received 128 bytes back
Round trip time was 15.3775 milliseconds in repetition 279
tcp_ping received 128 bytes back
Round trip time was 15.6553 milliseconds in repetition 280
tcp_ping received 128 bytes back
Round trip time was 16.6576 milliseconds in repetition 281
tcp_ping received 128 bytes back
Round trip time was 24.2601 milliseconds in repetition 282
tcp_ping received 128 bytes back
Round trip time was 15.2566 milliseconds in repetition 283
tcp_ping received 128 bytes back
Round trip time was 14.9723 milliseconds in repetition 284
tcp_ping received 128 bytes back
Round trip time was 15.1427 milliseconds in repetition 285
tcp_ping received 128 bytes back
Round trip time was 16.1332 milliseconds in repetition 286
tcp_ping received 128 bytes back
Round trip time was 16.1468 milliseconds in repetition 287
tcp_ping received 128 bytes back
Round trip time was 15.462 milliseconds in repetition 288
tcp_ping received 128 bytes back
Round trip time was 14.674 milliseconds in repetition 289
tcp_ping received 128 bytes back
Round trip time was 15.5074 milliseconds in repetition 290
tcp_ping received 128 bytes back
Round trip time was 15.0101 milliseconds in repetition 291
tcp_ping received 128 bytes back
Round trip time was 16.0263 milliseconds in repetition 292
tcp_ping received 128 bytes back
Round trip time was 15.9676 milliseconds in repetition 293
tcp_ping received 128 bytes back
Round trip time was 15.4252 milliseconds in repetition 294
tcp_ping received 128 bytes back
Round trip time was 15.3476 milliseconds in repetition 295
tcp_ping received 128 bytes back
Round trip time was 15.4772 milliseconds in repetition 296
tcp_ping received 128 bytes back
Round trip time was 15.7045 milliseconds in repetition 297
tcp_ping received 128 bytes back
Round trip time was 15.4362 milliseconds in repetition 298
tcp_ping received 128 bytes back
Round trip time was 15.2988 milliseconds in repetition 299
tcp_ping received 128 bytes back
Round trip time was 16.0352 milliseconds in repetition 300
tcp_ping received 128 bytes back
Round trip time was 15.9326 milliseconds in repetition 301
tcp_ping received 128 bytes back
Round trip time was 15.5126 milliseconds in repetition 302
tcp_ping received 128 bytes back
Round trip time was 14.9241 milliseconds in repetition 303
tcp_ping received 128 bytes back
Round trip time was 15.4399 milliseconds in repetition 304
tcp_ping received 128 bytes back
Round trip time was 16.3497 milliseconds in repetition 305
tcp_ping received 128 bytes back
Round trip time was 15.7436 milliseconds in repetition 306
tcp_ping received 128 bytes back
Round trip time was 15.6362 milliseconds in repetition 307
tcp_ping received 128 bytes back
Round trip time was 15.6774 milliseconds in repetition 308
tcp_ping received 128 bytes back
Round trip time was 16.293 milliseconds in repetition 309
tcp_ping received 128 bytes back
Round trip time was 15.1245 milliseconds in repetition 310
tcp_ping received 128 bytes back
Round trip time was 15.497 milliseconds in repetition 311
tcp_ping received 128 bytes back
Round trip time was 16.2292 milliseconds in repetition 312
tcp_ping received 128 bytes back
Round trip time was 14.9872 milliseconds in repetition 313
tcp_ping received 128 bytes back
Round trip time was 16.0038 milliseconds in repetition 314
tcp_ping received 128 bytes back
Round trip time was 15.1916 milliseconds in repetition 315
tcp_ping received 128 bytes back
Round trip time was 16.3792 milliseconds in repetition 316
tcp_ping received 128 bytes back
Round trip time was 14.6062 milliseconds in repetition 317
tcp_ping received 128 bytes back
Round trip time was 16.4847 milliseconds in repetition 318
tcp_ping received 128 bytes back
Round trip time was 16.2749 milliseconds in repetition 319
tcp_ping received 128 bytes back
Round trip time was 15.4654 milliseconds in repetition 320
tcp_ping received 128 bytes back
Round trip time was 16.0944 milliseconds in repetition 321
tcp_ping received 128 bytes back
Round trip time was 15.6219 milliseconds in repetition 322
tcp_ping received 128 bytes back
Round trip time was 16.5852 milliseconds in repetition 323
tcp_ping received 128 bytes back
Round trip time was 16.2589 milliseconds in repetition 324
tcp_ping received 128 bytes back
Round trip time was 17.8696 milliseconds in repetition 325
tcp_ping received 128 bytes back
Round trip time was 15.4986 milliseconds in repetition 326
tcp_ping received 128 bytes back
Round trip time was 16.1585 milliseconds in repetition 327
tcp_ping received 128 bytes back
Round trip time was 15.6884 milliseconds in repetition 328
tcp_ping received 128 bytes back
Round trip time was 15.677 milliseconds in repetition 329
tcp_ping received 128 bytes back
Round trip time was 16.1082 milliseconds in repetition 330
tcp_ping received 128 bytes back
Round trip time was 15.7182 milliseconds in repetition 331
tcp_ping received 128 bytes back
Round trip time was 15.1414 milliseconds in repetition 332
tcp_ping received 128 bytes back
Round trip time was 14.9321 milliseconds in repetition 333
tcp_ping received 128 bytes back
Round trip time was 16.6999 milliseconds in repetition 334
tcp_ping received 128 bytes back
Round trip time was 15.9834 milliseconds in repetition 335
tcp_ping received 128 bytes back
Round trip time was 18.139 milliseconds in repetition 336
tcp_ping received 128 bytes back
Round trip time was 16.2059 milliseconds in repetition 337
tcp_ping received 128 bytes back
Round trip time was 15.9152 milliseconds in repetition 338
tcp_ping received 128 bytes back
Round trip time was 16.0704 milliseconds in repetition 339
tcp_ping received 128 bytes back
Round trip time was 15.4065 milliseconds in repetition 340
tcp_ping received 128 bytes back
Round trip time was 15.4595 milliseconds in repetition 341
tcp_ping received 128 bytes back
Round trip time was 15.2803 milliseconds in repetition 342
tcp_ping received 128 bytes back
Round trip time was 19.4727 milliseconds in repetition 343
tcp_ping received 128 bytes back
Round trip time was 16.6495 milliseconds in repetition 344
tcp_ping received 128 bytes back
Round trip time was 15.5925 milliseconds in repetition 345
tcp_ping received 128 bytes back
Round trip time was 15.8084 milliseconds in repetition 346
tcp_ping received 128 bytes back
Round trip time was 15.0919 milliseconds in repetition 347
tcp_ping received 128 bytes back
Round trip time was 15.9185 milliseconds in repetition 348
tcp_ping received 128 bytes back
Round trip time was 16.5171 milliseconds in repetition 349
tcp_ping received 128 bytes back
Round trip time was 18.2738 milliseconds in repetition 350
tcp_ping received 128 bytes back
Round trip time was 15.8005 milliseconds in repetition 351
tcp_ping received 128 bytes back
Round trip time was 17.8701 milliseconds in repetition 352
tcp_ping received 128 bytes back
Round trip time was 16.6955 milliseconds in repetition 353
tcp_ping received 128 bytes back
Round trip time was 20.529 milliseconds in repetition 354
tcp_ping received 128 bytes back
Round trip time was 15.8586 milliseconds in repetition 355
tcp_ping received 128 bytes back
Round trip time was 15.5466 milliseconds in repetition 356
tcp_ping received 128 bytes back
Round trip time was 16.1879 milliseconds in repetition 357
tcp_ping received 128 bytes back
Round trip time was 14.6035 milliseconds in repetition 358
tcp_ping received 128 bytes back
Round trip time was 16.5815 milliseconds in repetition 359
tcp_ping received 128 bytes back
Round trip time was 16.6782 milliseconds in repetition 360
tcp_ping received 128 bytes back
Round trip time was 15.2952 milliseconds in repetition 361
tcp_ping received 128 bytes back
Round trip time was 15.8563 milliseconds in repetition 362
tcp_ping received 128 bytes back
Round trip time was 17.45 milliseconds in repetition 363
tcp_ping received 128 bytes back
Round trip time was 15.2952 milliseconds in repetition 364
tcp_ping received 128 bytes back
Round trip time was 15.0463 milliseconds in repetition 365
tcp_ping received 128 bytes back
Round trip time was 15.2126 milliseconds in repetition 366
tcp_ping received 128 bytes back
Round trip time was 23.4834 milliseconds in repetition 367
tcp_ping received 128 bytes back
Round trip time was 15.2146 milliseconds in repetition 368
tcp_ping received 128 bytes back
Round trip time was 14.8555 milliseconds in repetition 369
tcp_ping received 128 bytes back
Round trip time was 15.5813 milliseconds in repetition 370
tcp_ping received 128 bytes back
Round trip time was 16.5758 milliseconds in repetition 371
tcp_ping received 128 bytes back
Round trip time was 16.2845 milliseconds in repetition 372
tcp_ping received 128 bytes back
Round trip time was 16.1413 milliseconds in repetition 373
tcp_ping received 128 bytes back
Round trip time was 15.1748 milliseconds in repetition 374
tcp_ping received 128 bytes back
Round trip time was 15.9471 milliseconds in repetition 375
tcp_ping received 128 bytes back
Round trip time was 16.3355 milliseconds in repetition 376
tcp_ping received 128 bytes back
Round trip time was 15.2817 milliseconds in repetition 377
tcp_ping received 128 bytes back
Round trip time was 16.2697 milliseconds in repetition 378
tcp_ping received 128 bytes back
Round trip time was 16.7715 milliseconds in repetition 379
tcp_ping received 128 bytes back
Round trip time was 15.7445 milliseconds in repetition 380
tcp_ping received 128 bytes back
Round trip time was 16.4888 milliseconds in repetition 381
tcp_ping received 128 bytes back
Round trip time was 16.4622 milliseconds in repetition 382
tcp_ping received 128 bytes back
Round trip time was 16.7654 milliseconds in repetition 383
tcp_ping received 128 bytes back
Round trip time was 15.3717 milliseconds in repetition 384
tcp_ping received 128 bytes back
Round trip time was 15.8686 milliseconds in repetition 385
tcp_ping received 128 bytes back
Round trip time was 17.745 milliseconds in repetition 386
tcp_ping received 128 bytes back
Round trip time was 16.5224 milliseconds in repetition 387
tcp_ping received 128 bytes back
Round trip time was 16.0332 milliseconds in repetition 388
tcp_ping received 128 bytes back
Round trip time was 15.6698 milliseconds in repetition 389
tcp_ping received 128 bytes back
Round trip time was 15.8511 milliseconds in repetition 390
tcp_ping received 128 bytes back
Round trip time was 16.6592 milliseconds in repetition 391
tcp_ping received 128 bytes back
Round trip time was 16.1224 milliseconds in repetition 392
tcp_ping received 128 bytes back
Round trip time was 20.1654 milliseconds in repetition 393
tcp_ping received 128 bytes back
Round trip time was 16.7831 milliseconds in repetition 394
tcp_ping received 128 bytes back
Round trip time was 16.474 milliseconds in repetition 395
tcp_ping received 128 bytes back
Round trip time was 15.0544 milliseconds in repetition 396
tcp_ping received 128 bytes back
Round trip time was 15.5649 milliseconds in repetition 397
tcp_ping received 128 bytes back
Round trip time was 16.5894 milliseconds in repetition 398
tcp_ping received 128 bytes back
Round trip time was 17.1093 milliseconds in repetition 399
tcp_ping received 128 bytes back
Round trip time was 16.4913 milliseconds in repetition 400
tcp_ping received 128 bytes back
Round trip time was 15.9898 milliseconds in repetition 401
tcp_ping received 128 bytes back
Round trip time was 15.3572 milliseconds in repetition 402
tcp_ping received 128 bytes back
Round trip time was 15.1343 milliseconds in repetition 403
tcp_ping received 128 bytes back
Round trip time was 16.2157 milliseconds in repetition 404
tcp_ping received 128 bytes back
Round trip time was 17.3892 milliseconds in repetition 405
tcp_ping received 128 bytes back
Round trip time was 15.2293 milliseconds in repetition 406
tcp_ping received 128 bytes back
Round trip time was 16.1529 milliseconds in repetition 407
tcp_ping received 128 bytes back
Round trip time was 17.6167 milliseconds in repetition 408
tcp_ping received 128 bytes back
Round trip time was 17.8307 milliseconds in repetition 409
tcp_ping received 128 bytes back
Round trip time was 15.1464 milliseconds in repetition 410
tcp_ping received 128 bytes back
Round trip time was 16.4595 milliseconds in repetition 411
tcp_ping received 128 bytes back
Round trip time was 16.1359 milliseconds in repetition 412
tcp_ping received 128 bytes back
Round trip time was 15.2624 milliseconds in repetition 413
tcp_ping received 128 bytes back
Round trip time was 15.484 milliseconds in repetition 414
tcp_ping received 128 bytes back
Round trip time was 14.7812 milliseconds in repetition 415
tcp_ping received 128 bytes back
Round trip time was 15.2518 milliseconds in repetition 416
tcp_ping received 128 bytes back
Round trip time was 15.6647 milliseconds in repetition 417
tcp_ping received 128 bytes back
Round trip time was 16.015 milliseconds in repetition 418
tcp_ping received 128 bytes back
Round trip time was 15.8259 milliseconds in repetition 419
tcp_ping received 128 bytes back
Round trip time was 17.6184 milliseconds in repetition 420
tcp_ping received 128 bytes back
Round trip time was 16.1351 milliseconds in repetition 421
tcp_ping received 128 bytes back
Round trip time was 15.6685 milliseconds in repetition 422
tcp_ping received 128 bytes back
Round trip time was 20.529 milliseconds in repetition 423
tcp_ping received 128 bytes back
Round trip time was 16.1849 milliseconds in repetition 424
tcp_ping received 128 bytes back
Round trip time was 17.3939 milliseconds in repetition 425
tcp_ping received 128 bytes back
Round trip time was 16.7393 milliseconds in repetition 426
tcp_ping received 128 bytes back
Round trip time was 32.8462 milliseconds in repetition 427
tcp_ping received 128 bytes back
Round trip time was 15.9131 milliseconds in repetition 428
tcp_ping received 128 bytes back
Round trip time was 15.298 milliseconds in repetition 429
tcp_ping received 128 bytes back
Round trip time was 15.7058 milliseconds in repetition 430
tcp_ping received 128 bytes back
Round trip time was 16.2062 milliseconds in repetition 431
tcp_ping received 128 bytes back
Round trip time was 15.9429 milliseconds in repetition 432
tcp_ping received 128 bytes back
Round trip time was 39.452 milliseconds in repetition 433
tcp_ping received 128 bytes back
Round trip time was 15.9198 milliseconds in repetition 434
tcp_ping received 128 bytes back
Round trip time was 15.5086 milliseconds in repetition 435
tcp_ping received 128 bytes back
Round trip time was 15.8879 milliseconds in repetition 436
tcp_ping received 128 bytes back
Round trip time was 14.6556 milliseconds in repetition 437
tcp_ping received 128 bytes back
Round trip time was 15.1363 milliseconds in repetition 438
tcp_ping received 128 bytes back
Round trip time was 43.2497 milliseconds in repetition 439
tcp_ping received 128 bytes back
Round trip time was 16.8939 milliseconds in repetition 440
tcp_ping received 128 bytes back
Round trip time was 15.9962 milliseconds in repetition 441
tcp_ping received 128 bytes back
Round trip time was 15.594 milliseconds in repetition 442
tcp_ping received 128 bytes back
Round trip time was 15.3129 milliseconds in repetition 443
tcp_ping received 128 bytes back
Round trip time was 15.2982 milliseconds in repetition 444
tcp_ping received 128 bytes back
Round trip time was 38.755 milliseconds in repetition 445
tcp_ping received 128 bytes back
Round trip time was 17.2585 milliseconds in repetition 446
tcp_ping received 128 bytes back
Round trip time was 16.2752 milliseconds in repetition 447
tcp_ping received 128 bytes back
Round trip time was 15.4504 milliseconds in repetition 448
tcp_ping received 128 bytes back
Round trip time was 15.8362 milliseconds in repetition 449
tcp_ping received 128 bytes back
Round trip time was 15.0559 milliseconds in repetition 450
tcp_ping received 128 bytes back
Round trip time was 39.8048 milliseconds in repetition 451
tcp_ping received 128 bytes back
Round trip time was 14.9449 milliseconds in repetition 452
tcp_ping received 128 bytes back
Round trip time was 15.4237 milliseconds in repetition 453
tcp_ping received 128 bytes back
Round trip time was 16.1127 milliseconds in repetition 454
tcp_ping received 128 bytes back
Round trip time was 16.2512 milliseconds in repetition 455
tcp_ping received 128 bytes back
Round trip time was 16.2796 milliseconds in repetition 456
tcp_ping received 128 bytes back
Round trip time was 40.1573 milliseconds in repetition 457
tcp_ping received 128 bytes back
Round trip time was 16.1499 milliseconds in repetition 458
tcp_ping received 128 bytes back
Round trip time was 15.5866 milliseconds in repetition 459
tcp_ping received 128 bytes back
Round trip time was 15.4171 milliseconds in repetition 460
tcp_ping received 128 bytes back
Round trip time was 15.2191 milliseconds in repetition 461
tcp_ping received 128 bytes back
Round trip time was 16.14 milliseconds in repetition 462
tcp_ping received 128 bytes back
Round trip time was 14.9933 milliseconds in repetition 463
tcp_ping received 128 bytes back
Round trip time was 15.4622 milliseconds in repetition 464
tcp_ping received 128 bytes back
Round trip time was 15.1237 milliseconds in repetition 465
tcp_ping received 128 bytes back
Round trip time was 15.4362 milliseconds in repetition 466
tcp_ping received 128 bytes back
Round trip time was 16.7039 milliseconds in repetition 467
tcp_ping received 128 bytes back
Round trip time was 15.7776 milliseconds in repetition 468
tcp_ping received 128 bytes back
Round trip time was 15.9335 milliseconds in repetition 469
tcp_ping received 128 bytes back
Round trip time was 16.1472 milliseconds in repetition 470
tcp_ping received 128 bytes back
Round trip time was 15.4173 milliseconds in repetition 471
tcp_ping received 128 bytes back
Round trip time was 16.6937 milliseconds in repetition 472
tcp_ping received 128 bytes back
Round trip time was 15.7178 milliseconds in repetition 473
tcp_ping received 128 bytes back
Round trip time was 15.8917 milliseconds in repetition 474
tcp_ping received 128 bytes back
Round trip time was 16.4932 milliseconds in repetition 475
tcp_ping received 128 bytes back
Round trip time was 17.6053 milliseconds in repetition 476
tcp_ping received 128 bytes back
Round trip time was 23.5745 milliseconds in repetition 477
tcp_ping received 128 bytes back
Round trip time was 15.9688 milliseconds in repetition 478
tcp_ping received 128 bytes back
Round trip time was 14.8454 milliseconds in repetition 479
tcp_ping received 128 bytes back
Round trip time was 15.2778 milliseconds in repetition 480
tcp_ping received 128 bytes back
Round trip time was 20.3965 milliseconds in repetition 481
tcp_ping received 128 bytes back
Round trip time was 14.9038 milliseconds in repetition 482
tcp_ping received 128 bytes back
Round trip time was 19.3107 milliseconds in repetition 483
tcp_ping received 128 bytes back
Round trip time was 15.0732 milliseconds in repetition 484
tcp_ping received 128 bytes back
Round trip time was 16.3224 milliseconds in repetition 485
tcp_ping received 128 bytes back
Round trip time was 15.1164 milliseconds in repetition 486
tcp_ping received 128 bytes back
Round trip time was 15.4394 milliseconds in repetition 487
tcp_ping received 128 bytes back
Round trip time was 15.2807 milliseconds in repetition 488
tcp_ping received 128 bytes back
Round trip time was 15.2553 milliseconds in repetition 489
tcp_ping received 128 bytes back
Round trip time was 15.0019 milliseconds in repetition 490
tcp_ping received 128 bytes back
Round trip time was 15.2808 milliseconds in repetition 491
tcp_ping received 128 bytes back
Round trip time was 15.2104 milliseconds in repetition 492
tcp_ping received 128 bytes back
Round trip time was 15.6473 milliseconds in repetition 493
tcp_ping received 128 bytes back
Round trip time was 15.3651 milliseconds in repetition 494
tcp_ping received 128 bytes back
Round trip time was 15.044 milliseconds in repetition 495
tcp_ping received 128 bytes back
Round trip time was 15.1121 milliseconds in repetition 496
tcp_ping received 128 bytes back
Round trip time was 14.8507 milliseconds in repetition 497
tcp_ping received 128 bytes back
Round trip time was 16.0041 milliseconds in repetition 498
tcp_ping received 128 bytes back
Round trip time was 20.638 milliseconds in repetition 499
tcp_ping received 128 bytes back
Round trip time was 15.2411 milliseconds in repetition 500
tcp_ping received 128 bytes back
Round trip time was 15.7704 milliseconds in repetition 501

 ... clock resolution was 1e-06
TCP Ping:  Statistics over 501 repetitions of 128 byte messages

RTT : percentile 10: 15.1164, median: 15.9502, percentile 90: 18.3368, average: 16.7893, variance: 13.0493

RTT histogram:
14.5342 89
15.97 303
17.4057 55
18.8415 17
20.2773 13
21.7131 2
23.1488 6
24.5846 1
26.0204 1
27.4562 3
28.8919 1
30.3277 0
31.7635 0
33.1993 1
34.635 1
36.0708 0
37.5066 1
38.9424 3
40.3781 3
41.8139 0
43.2497 1

   median Throughput : 16.05 KB/s   overall Throughput : 15.2478 KB/s

