TCP Ping trying to connect to server seti.dibris.unige.it (130.251.61.30) on port 1491
 ... connected to Pong server: asking for 501 repetitions of 98304 bytes TCP messages
Received answer: 'OK
'
 ... Pong server agreed :-)
tcp_ping received 98304 bytes back
Round trip time was 201.235 milliseconds in repetition 1
tcp_ping received 98304 bytes back
Round trip time was 30.7522 milliseconds in repetition 2
tcp_ping received 98304 bytes back
Round trip time was 31.4091 milliseconds in repetition 3
tcp_ping received 98304 bytes back
Round trip time was 31.0032 milliseconds in repetition 4
tcp_ping received 98304 bytes back
Round trip time was 32.2947 milliseconds in repetition 5
tcp_ping received 98304 bytes back
Round trip time was 32.9585 milliseconds in repetition 6
tcp_ping received 98304 bytes back
Round trip time was 38.3434 milliseconds in repetition 7
tcp_ping received 98304 bytes back
Round trip time was 32.5315 milliseconds in repetition 8
tcp_ping received 98304 bytes back
Round trip time was 31.4107 milliseconds in repetition 9
tcp_ping received 98304 bytes back
Round trip time was 32.064 milliseconds in repetition 10
tcp_ping received 98304 bytes back
Round trip time was 34.2836 milliseconds in repetition 11
tcp_ping received 98304 bytes back
Round trip time was 31.4968 milliseconds in repetition 12
tcp_ping received 98304 bytes back
Round trip time was 31.6053 milliseconds in repetition 13
tcp_ping received 98304 bytes back
Round trip time was 32.6153 milliseconds in repetition 14
tcp_ping received 98304 bytes back
Round trip time was 31.1675 milliseconds in repetition 15
tcp_ping received 98304 bytes back
Round trip time was 37.9679 milliseconds in repetition 16
tcp_ping received 98304 bytes back
Round trip time was 32.1411 milliseconds in repetition 17
tcp_ping received 98304 bytes back
Round trip time was 34.7604 milliseconds in repetition 18
tcp_ping received 98304 bytes back
Round trip time was 34.205 milliseconds in repetition 19
tcp_ping received 98304 bytes back
Round trip time was 31.4719 milliseconds in repetition 20
tcp_ping received 98304 bytes back
Round trip time was 33.7892 milliseconds in repetition 21
tcp_ping received 98304 bytes back
Round trip time was 32.5807 milliseconds in repetition 22
tcp_ping received 98304 bytes back
Round trip time was 34.496 milliseconds in repetition 23
tcp_ping received 98304 bytes back
Round trip time was 31.9238 milliseconds in repetition 24
tcp_ping received 98304 bytes back
Round trip time was 33.9693 milliseconds in repetition 25
tcp_ping received 98304 bytes back
Round trip time was 35.6901 milliseconds in repetition 26
tcp_ping received 98304 bytes back
Round trip time was 30.7297 milliseconds in repetition 27
tcp_ping received 98304 bytes back
Round trip time was 30.1462 milliseconds in repetition 28
tcp_ping received 98304 bytes back
Round trip time was 31.5022 milliseconds in repetition 29
tcp_ping received 98304 bytes back
Round trip time was 32.4589 milliseconds in repetition 30
tcp_ping received 98304 bytes back
Round trip time was 32.4684 milliseconds in repetition 31
tcp_ping received 98304 bytes back
Round trip time was 33.1039 milliseconds in repetition 32
tcp_ping received 98304 bytes back
Round trip time was 31.6074 milliseconds in repetition 33
tcp_ping received 98304 bytes back
Round trip time was 31.7536 milliseconds in repetition 34
tcp_ping received 98304 bytes back
Round trip time was 34.0811 milliseconds in repetition 35
tcp_ping received 98304 bytes back
Round trip time was 30.0253 milliseconds in repetition 36
tcp_ping received 98304 bytes back
Round trip time was 31.6635 milliseconds in repetition 37
tcp_ping received 98304 bytes back
Round trip time was 33.1538 milliseconds in repetition 38
tcp_ping received 98304 bytes back
Round trip time was 30.3825 milliseconds in repetition 39
tcp_ping received 98304 bytes back
Round trip time was 33.1571 milliseconds in repetition 40
tcp_ping received 98304 bytes back
Round trip time was 33.5655 milliseconds in repetition 41
tcp_ping received 98304 bytes back
Round trip time was 35.4348 milliseconds in repetition 42
tcp_ping received 98304 bytes back
Round trip time was 31.3735 milliseconds in repetition 43
tcp_ping received 98304 bytes back
Round trip time was 30.5922 milliseconds in repetition 44
tcp_ping received 98304 bytes back
Round trip time was 33.196 milliseconds in repetition 45
tcp_ping received 98304 bytes back
Round trip time was 32.12 milliseconds in repetition 46
tcp_ping received 98304 bytes back
Round trip time was 30.1177 milliseconds in repetition 47
tcp_ping received 98304 bytes back
Round trip time was 30.9249 milliseconds in repetition 48
tcp_ping received 98304 bytes back
Round trip time was 33.7737 milliseconds in repetition 49
tcp_ping received 98304 bytes back
Round trip time was 34.271 milliseconds in repetition 50
tcp_ping received 98304 bytes back
Round trip time was 30.5936 milliseconds in repetition 51
tcp_ping received 98304 bytes back
Round trip time was 32.4552 milliseconds in repetition 52
tcp_ping received 98304 bytes back
Round trip time was 32.4931 milliseconds in repetition 53
tcp_ping received 98304 bytes back
Round trip time was 30.3171 milliseconds in repetition 54
tcp_ping received 98304 bytes back
Round trip time was 33.3522 milliseconds in repetition 55
tcp_ping received 98304 bytes back
Round trip time was 31.0445 milliseconds in repetition 56
tcp_ping received 98304 bytes back
Round trip time was 30.8238 milliseconds in repetition 57
tcp_ping received 98304 bytes back
Round trip time was 31.7112 milliseconds in repetition 58
tcp_ping received 98304 bytes back
Round trip time was 31.8049 milliseconds in repetition 59
tcp_ping received 98304 bytes back
Round trip time was 37.7562 milliseconds in repetition 60
tcp_ping received 98304 bytes back
Round trip time was 30.4615 milliseconds in repetition 61
tcp_ping received 98304 bytes back
Round trip time was 31.9889 milliseconds in repetition 62
tcp_ping received 98304 bytes back
Round trip time was 34.3705 milliseconds in repetition 63
tcp_ping received 98304 bytes back
Round trip time was 33.0624 milliseconds in repetition 64
tcp_ping received 98304 bytes back
Round trip time was 33.7902 milliseconds in repetition 65
tcp_ping received 98304 bytes back
Round trip time was 32.4424 milliseconds in repetition 66
tcp_ping received 98304 bytes back
Round trip time was 31.7968 milliseconds in repetition 67
tcp_ping received 98304 bytes back
Round trip time was 30.6221 milliseconds in repetition 68
tcp_ping received 98304 bytes back
Round trip time was 32.3545 milliseconds in repetition 69
tcp_ping received 98304 bytes back
Round trip time was 30.8731 milliseconds in repetition 70
tcp_ping received 98304 bytes back
Round trip time was 30.7305 milliseconds in repetition 71
tcp_ping received 98304 bytes back
Round trip time was 30.8718 milliseconds in repetition 72
tcp_ping received 98304 bytes back
Round trip time was 30.9785 milliseconds in repetition 73
tcp_ping received 98304 bytes back
Round trip time was 31.7104 milliseconds in repetition 74
tcp_ping received 98304 bytes back
Round trip time was 30.2831 milliseconds in repetition 75
tcp_ping received 98304 bytes back
Round trip time was 30.5501 milliseconds in repetition 76
tcp_ping received 98304 bytes back
Round trip time was 31.5561 milliseconds in repetition 77
tcp_ping received 98304 bytes back
Round trip time was 33.6487 milliseconds in repetition 78
tcp_ping received 98304 bytes back
Round trip time was 30.2192 milliseconds in repetition 79
tcp_ping received 98304 bytes back
Round trip time was 34.9395 milliseconds in repetition 80
tcp_ping received 98304 bytes back
Round trip time was 33.4584 milliseconds in repetition 81
tcp_ping received 98304 bytes back
Round trip time was 33.7331 milliseconds in repetition 82
tcp_ping received 98304 bytes back
Round trip time was 32.5911 milliseconds in repetition 83
tcp_ping received 98304 bytes back
Round trip time was 33.8295 milliseconds in repetition 84
tcp_ping received 98304 bytes back
Round trip time was 34.8085 milliseconds in repetition 85
tcp_ping received 98304 bytes back
Round trip time was 31.2994 milliseconds in repetition 86
tcp_ping received 98304 bytes back
Round trip time was 30.7685 milliseconds in repetition 87
tcp_ping received 98304 bytes back
Round trip time was 31.5134 milliseconds in repetition 88
tcp_ping received 98304 bytes back
Round trip time was 33.4169 milliseconds in repetition 89
tcp_ping received 98304 bytes back
Round trip time was 30.5836 milliseconds in repetition 90
tcp_ping received 98304 bytes back
Round trip time was 45.1216 milliseconds in repetition 91
tcp_ping received 98304 bytes back
Round trip time was 31.2088 milliseconds in repetition 92
tcp_ping received 98304 bytes back
Round trip time was 31.2531 milliseconds in repetition 93
tcp_ping received 98304 bytes back
Round trip time was 37.2128 milliseconds in repetition 94
tcp_ping received 98304 bytes back
Round trip time was 30.2492 milliseconds in repetition 95
tcp_ping received 98304 bytes back
Round trip time was 37.9124 milliseconds in repetition 96
tcp_ping received 98304 bytes back
Round trip time was 40.4664 milliseconds in repetition 97
tcp_ping received 98304 bytes back
Round trip time was 30.2403 milliseconds in repetition 98
tcp_ping received 98304 bytes back
Round trip time was 32.7024 milliseconds in repetition 99
tcp_ping received 98304 bytes back
Round trip time was 35.2536 milliseconds in repetition 100
tcp_ping received 98304 bytes back
Round trip time was 30.2773 milliseconds in repetition 101
tcp_ping received 98304 bytes back
Round trip time was 30.4456 milliseconds in repetition 102
tcp_ping received 98304 bytes back
Round trip time was 34.7259 milliseconds in repetition 103
tcp_ping received 98304 bytes back
Round trip time was 33.7716 milliseconds in repetition 104
tcp_ping received 98304 bytes back
Round trip time was 33.1556 milliseconds in repetition 105
tcp_ping received 98304 bytes back
Round trip time was 32.7005 milliseconds in repetition 106
tcp_ping received 98304 bytes back
Round trip time was 44.8739 milliseconds in repetition 107
tcp_ping received 98304 bytes back
Round trip time was 47.3559 milliseconds in repetition 108
tcp_ping received 98304 bytes back
Round trip time was 33.1001 milliseconds in repetition 109
tcp_ping received 98304 bytes back
Round trip time was 34.8573 milliseconds in repetition 110
tcp_ping received 98304 bytes back
Round trip time was 59.9539 milliseconds in repetition 111
tcp_ping received 98304 bytes back
Round trip time was 30.9094 milliseconds in repetition 112
tcp_ping received 98304 bytes back
Round trip time was 31.469 milliseconds in repetition 113
tcp_ping received 98304 bytes back
Round trip time was 44.2812 milliseconds in repetition 114
tcp_ping received 98304 bytes back
Round trip time was 30.9689 milliseconds in repetition 115
tcp_ping received 98304 bytes back
Round trip time was 33.6704 milliseconds in repetition 116
tcp_ping received 98304 bytes back
Round trip time was 55.6454 milliseconds in repetition 117
tcp_ping received 98304 bytes back
Round trip time was 29.4475 milliseconds in repetition 118
tcp_ping received 98304 bytes back
Round trip time was 34.4889 milliseconds in repetition 119
tcp_ping received 98304 bytes back
Round trip time was 57.3185 milliseconds in repetition 120
tcp_ping received 98304 bytes back
Round trip time was 31.2859 milliseconds in repetition 121
tcp_ping received 98304 bytes back
Round trip time was 32.5984 milliseconds in repetition 122
tcp_ping received 98304 bytes back
Round trip time was 52.8333 milliseconds in repetition 123
tcp_ping received 98304 bytes back
Round trip time was 31.6744 milliseconds in repetition 124
tcp_ping received 98304 bytes back
Round trip time was 31.1635 milliseconds in repetition 125
tcp_ping received 98304 bytes back
Round trip time was 32.1219 milliseconds in repetition 126
tcp_ping received 98304 bytes back
Round trip time was 31.2399 milliseconds in repetition 127
tcp_ping received 98304 bytes back
Round trip time was 32.4982 milliseconds in repetition 128
tcp_ping received 98304 bytes back
Round trip time was 30.6212 milliseconds in repetition 129
tcp_ping received 98304 bytes back
Round trip time was 30.035 milliseconds in repetition 130
tcp_ping received 98304 bytes back
Round trip time was 30.0978 milliseconds in repetition 131
tcp_ping received 98304 bytes back
Round trip time was 30.3802 milliseconds in repetition 132
tcp_ping received 98304 bytes back
Round trip time was 32.3148 milliseconds in repetition 133
tcp_ping received 98304 bytes back
Round trip time was 31.6303 milliseconds in repetition 134
tcp_ping received 98304 bytes back
Round trip time was 30.6788 milliseconds in repetition 135
tcp_ping received 98304 bytes back
Round trip time was 31.2966 milliseconds in repetition 136
tcp_ping received 98304 bytes back
Round trip time was 30.2075 milliseconds in repetition 137
tcp_ping received 98304 bytes back
Round trip time was 30.7413 milliseconds in repetition 138
tcp_ping received 98304 bytes back
Round trip time was 31.1168 milliseconds in repetition 139
tcp_ping received 98304 bytes back
Round trip time was 30.6732 milliseconds in repetition 140
tcp_ping received 98304 bytes back
Round trip time was 40.5367 milliseconds in repetition 141
tcp_ping received 98304 bytes back
Round trip time was 31.8839 milliseconds in repetition 142
tcp_ping received 98304 bytes back
Round trip time was 30.9829 milliseconds in repetition 143
tcp_ping received 98304 bytes back
Round trip time was 34.7489 milliseconds in repetition 144
tcp_ping received 98304 bytes back
Round trip time was 32.2803 milliseconds in repetition 145
tcp_ping received 98304 bytes back
Round trip time was 33.2656 milliseconds in repetition 146
tcp_ping received 98304 bytes back
Round trip time was 33.4456 milliseconds in repetition 147
tcp_ping received 98304 bytes back
Round trip time was 32.733 milliseconds in repetition 148
tcp_ping received 98304 bytes back
Round trip time was 31.0531 milliseconds in repetition 149
tcp_ping received 98304 bytes back
Round trip time was 32.5655 milliseconds in repetition 150
tcp_ping received 98304 bytes back
Round trip time was 30.7699 milliseconds in repetition 151
tcp_ping received 98304 bytes back
Round trip time was 31.0035 milliseconds in repetition 152
tcp_ping received 98304 bytes back
Round trip time was 31.8565 milliseconds in repetition 153
tcp_ping received 98304 bytes back
Round trip time was 30.3848 milliseconds in repetition 154
tcp_ping received 98304 bytes back
Round trip time was 31.3188 milliseconds in repetition 155
tcp_ping received 98304 bytes back
Round trip time was 30.5915 milliseconds in repetition 156
tcp_ping received 98304 bytes back
Round trip time was 30.3867 milliseconds in repetition 157
tcp_ping received 98304 bytes back
Round trip time was 31.7286 milliseconds in repetition 158
tcp_ping received 98304 bytes back
Round trip time was 30.9647 milliseconds in repetition 159
tcp_ping received 98304 bytes back
Round trip time was 29.9501 milliseconds in repetition 160
tcp_ping received 98304 bytes back
Round trip time was 30.3112 milliseconds in repetition 161
tcp_ping received 98304 bytes back
Round trip time was 31.0888 milliseconds in repetition 162
tcp_ping received 98304 bytes back
Round trip time was 32.7646 milliseconds in repetition 163
tcp_ping received 98304 bytes back
Round trip time was 32.1123 milliseconds in repetition 164
tcp_ping received 98304 bytes back
Round trip time was 32.8596 milliseconds in repetition 165
tcp_ping received 98304 bytes back
Round trip time was 32.2539 milliseconds in repetition 166
tcp_ping received 98304 bytes back
Round trip time was 31.837 milliseconds in repetition 167
tcp_ping received 98304 bytes back
Round trip time was 30.6557 milliseconds in repetition 168
tcp_ping received 98304 bytes back
Round trip time was 33.7329 milliseconds in repetition 169
tcp_ping received 98304 bytes back
Round trip time was 32.6274 milliseconds in repetition 170
tcp_ping received 98304 bytes back
Round trip time was 31.3233 milliseconds in repetition 171
tcp_ping received 98304 bytes back
Round trip time was 30.7879 milliseconds in repetition 172
tcp_ping received 98304 bytes back
Round trip time was 31.4147 milliseconds in repetition 173
tcp_ping received 98304 bytes back
Round trip time was 30.6149 milliseconds in repetition 174
tcp_ping received 98304 bytes back
Round trip time was 30.8859 milliseconds in repetition 175
tcp_ping received 98304 bytes back
Round trip time was 31.3361 milliseconds in repetition 176
tcp_ping received 98304 bytes back
Round trip time was 32.6068 milliseconds in repetition 177
tcp_ping received 98304 bytes back
Round trip time was 31.2874 milliseconds in repetition 178
tcp_ping received 98304 bytes back
Round trip time was 30.7157 milliseconds in repetition 179
tcp_ping received 98304 bytes back
Round trip time was 30.434 milliseconds in repetition 180
tcp_ping received 98304 bytes back
Round trip time was 30.6363 milliseconds in repetition 181
tcp_ping received 98304 bytes back
Round trip time was 30.8916 milliseconds in repetition 182
tcp_ping received 98304 bytes back
Round trip time was 32.9474 milliseconds in repetition 183
tcp_ping received 98304 bytes back
Round trip time was 32.8917 milliseconds in repetition 184
tcp_ping received 98304 bytes back
Round trip time was 31.2409 milliseconds in repetition 185
tcp_ping received 98304 bytes back
Round trip time was 31.2004 milliseconds in repetition 186
tcp_ping received 98304 bytes back
Round trip time was 31.3096 milliseconds in repetition 187
tcp_ping received 98304 bytes back
Round trip time was 31.5369 milliseconds in repetition 188
tcp_ping received 98304 bytes back
Round trip time was 32.9206 milliseconds in repetition 189
tcp_ping received 98304 bytes back
Round trip time was 32.6212 milliseconds in repetition 190
tcp_ping received 98304 bytes back
Round trip time was 32.8923 milliseconds in repetition 191
tcp_ping received 98304 bytes back
Round trip time was 37.2469 milliseconds in repetition 192
tcp_ping received 98304 bytes back
Round trip time was 31.222 milliseconds in repetition 193
tcp_ping received 98304 bytes back
Round trip time was 33.3609 milliseconds in repetition 194
tcp_ping received 98304 bytes back
Round trip time was 33.929 milliseconds in repetition 195
tcp_ping received 98304 bytes back
Round trip time was 33.1381 milliseconds in repetition 196
tcp_ping received 98304 bytes back
Round trip time was 30.8485 milliseconds in repetition 197
tcp_ping received 98304 bytes back
Round trip time was 30.8068 milliseconds in repetition 198
tcp_ping received 98304 bytes back
Round trip time was 32.1043 milliseconds in repetition 199
tcp_ping received 98304 bytes back
Round trip time was 31.3781 milliseconds in repetition 200
tcp_ping received 98304 bytes back
Round trip time was 29.9879 milliseconds in repetition 201
tcp_ping received 98304 bytes back
Round trip time was 32.1659 milliseconds in repetition 202
tcp_ping received 98304 bytes back
Round trip time was 30.8124 milliseconds in repetition 203
tcp_ping received 98304 bytes back
Round trip time was 30.9997 milliseconds in repetition 204
tcp_ping received 98304 bytes back
Round trip time was 30.6363 milliseconds in repetition 205
tcp_ping received 98304 bytes back
Round trip time was 32.5193 milliseconds in repetition 206
tcp_ping received 98304 bytes back
Round trip time was 31.4481 milliseconds in repetition 207
tcp_ping received 98304 bytes back
Round trip time was 33.3647 milliseconds in repetition 208
tcp_ping received 98304 bytes back
Round trip time was 32.771 milliseconds in repetition 209
tcp_ping received 98304 bytes back
Round trip time was 32.8914 milliseconds in repetition 210
tcp_ping received 98304 bytes back
Round trip time was 31.5474 milliseconds in repetition 211
tcp_ping received 98304 bytes back
Round trip time was 30.6148 milliseconds in repetition 212
tcp_ping received 98304 bytes back
Round trip time was 30.5105 milliseconds in repetition 213
tcp_ping received 98304 bytes back
Round trip time was 31.0596 milliseconds in repetition 214
tcp_ping received 98304 bytes back
Round trip time was 30.6155 milliseconds in repetition 215
tcp_ping received 98304 bytes back
Round trip time was 31.1239 milliseconds in repetition 216
tcp_ping received 98304 bytes back
Round trip time was 30.5121 milliseconds in repetition 217
tcp_ping received 98304 bytes back
Round trip time was 32.5444 milliseconds in repetition 218
tcp_ping received 98304 bytes back
Round trip time was 30.9948 milliseconds in repetition 219
tcp_ping received 98304 bytes back
Round trip time was 30.1052 milliseconds in repetition 220
tcp_ping received 98304 bytes back
Round trip time was 31.2393 milliseconds in repetition 221
tcp_ping received 98304 bytes back
Round trip time was 31.8185 milliseconds in repetition 222
tcp_ping received 98304 bytes back
Round trip time was 32.4762 milliseconds in repetition 223
tcp_ping received 98304 bytes back
Round trip time was 32.6104 milliseconds in repetition 224
tcp_ping received 98304 bytes back
Round trip time was 35.9323 milliseconds in repetition 225
tcp_ping received 98304 bytes back
Round trip time was 31.5878 milliseconds in repetition 226
tcp_ping received 98304 bytes back
Round trip time was 34.3441 milliseconds in repetition 227
tcp_ping received 98304 bytes back
Round trip time was 34.3382 milliseconds in repetition 228
tcp_ping received 98304 bytes back
Round trip time was 32.4491 milliseconds in repetition 229
tcp_ping received 98304 bytes back
Round trip time was 32.9732 milliseconds in repetition 230
tcp_ping received 98304 bytes back
Round trip time was 31.7031 milliseconds in repetition 231
tcp_ping received 98304 bytes back
Round trip time was 33.7801 milliseconds in repetition 232
tcp_ping received 98304 bytes back
Round trip time was 31.9123 milliseconds in repetition 233
tcp_ping received 98304 bytes back
Round trip time was 35.8557 milliseconds in repetition 234
tcp_ping received 98304 bytes back
Round trip time was 33.1582 milliseconds in repetition 235
tcp_ping received 98304 bytes back
Round trip time was 34.4872 milliseconds in repetition 236
tcp_ping received 98304 bytes back
Round trip time was 31.0896 milliseconds in repetition 237
tcp_ping received 98304 bytes back
Round trip time was 32.3614 milliseconds in repetition 238
tcp_ping received 98304 bytes back
Round trip time was 37.7384 milliseconds in repetition 239
tcp_ping received 98304 bytes back
Round trip time was 32.9029 milliseconds in repetition 240
tcp_ping received 98304 bytes back
Round trip time was 35.4564 milliseconds in repetition 241
tcp_ping received 98304 bytes back
Round trip time was 32.7659 milliseconds in repetition 242
tcp_ping received 98304 bytes back
Round trip time was 31.1421 milliseconds in repetition 243
tcp_ping received 98304 bytes back
Round trip time was 32.6349 milliseconds in repetition 244
tcp_ping received 98304 bytes back
Round trip time was 35.0808 milliseconds in repetition 245
tcp_ping received 98304 bytes back
Round trip time was 29.7581 milliseconds in repetition 246
tcp_ping received 98304 bytes back
Round trip time was 30.2899 milliseconds in repetition 247
tcp_ping received 98304 bytes back
Round trip time was 31.1513 milliseconds in repetition 248
tcp_ping received 98304 bytes back
Round trip time was 30.4592 milliseconds in repetition 249
tcp_ping received 98304 bytes back
Round trip time was 31.0856 milliseconds in repetition 250
tcp_ping received 98304 bytes back
Round trip time was 31.8077 milliseconds in repetition 251
tcp_ping received 98304 bytes back
Round trip time was 31.7661 milliseconds in repetition 252
tcp_ping received 98304 bytes back
Round trip time was 31.9496 milliseconds in repetition 253
tcp_ping received 98304 bytes back
Round trip time was 32.3754 milliseconds in repetition 254
tcp_ping received 98304 bytes back
Round trip time was 31.4169 milliseconds in repetition 255
tcp_ping received 98304 bytes back
Round trip time was 31.3093 milliseconds in repetition 256
tcp_ping received 98304 bytes back
Round trip time was 32.2413 milliseconds in repetition 257
tcp_ping received 98304 bytes back
Round trip time was 32.2576 milliseconds in repetition 258
tcp_ping received 98304 bytes back
Round trip time was 30.5717 milliseconds in repetition 259
tcp_ping received 98304 bytes back
Round trip time was 31.7302 milliseconds in repetition 260
tcp_ping received 98304 bytes back
Round trip time was 46.2502 milliseconds in repetition 261
tcp_ping received 98304 bytes back
Round trip time was 31.0946 milliseconds in repetition 262
tcp_ping received 98304 bytes back
Round trip time was 32.1212 milliseconds in repetition 263
tcp_ping received 98304 bytes back
Round trip time was 54.5375 milliseconds in repetition 264
tcp_ping received 98304 bytes back
Round trip time was 31.2309 milliseconds in repetition 265
tcp_ping received 98304 bytes back
Round trip time was 30.2637 milliseconds in repetition 266
tcp_ping received 98304 bytes back
Round trip time was 57.4646 milliseconds in repetition 267
tcp_ping received 98304 bytes back
Round trip time was 34.6039 milliseconds in repetition 268
tcp_ping received 98304 bytes back
Round trip time was 31.85 milliseconds in repetition 269
tcp_ping received 98304 bytes back
Round trip time was 53.1304 milliseconds in repetition 270
tcp_ping received 98304 bytes back
Round trip time was 31.2417 milliseconds in repetition 271
tcp_ping received 98304 bytes back
Round trip time was 31.0611 milliseconds in repetition 272
tcp_ping received 98304 bytes back
Round trip time was 57.2853 milliseconds in repetition 273
tcp_ping received 98304 bytes back
Round trip time was 32.2668 milliseconds in repetition 274
tcp_ping received 98304 bytes back
Round trip time was 32.7602 milliseconds in repetition 275
tcp_ping received 98304 bytes back
Round trip time was 53.359 milliseconds in repetition 276
tcp_ping received 98304 bytes back
Round trip time was 30.6151 milliseconds in repetition 277
tcp_ping received 98304 bytes back
Round trip time was 30.7819 milliseconds in repetition 278
tcp_ping received 98304 bytes back
Round trip time was 30.1961 milliseconds in repetition 279
tcp_ping received 98304 bytes back
Round trip time was 30.879 milliseconds in repetition 280
tcp_ping received 98304 bytes back
Round trip time was 31.4278 milliseconds in repetition 281
tcp_ping received 98304 bytes back
Round trip time was 30.7578 milliseconds in repetition 282
tcp_ping received 98304 bytes back
Round trip time was 31.5745 milliseconds in repetition 283
tcp_ping received 98304 bytes back
Round trip time was 30.7332 milliseconds in repetition 284
tcp_ping received 98304 bytes back
Round trip time was 31.6493 milliseconds in repetition 285
tcp_ping received 98304 bytes back
Round trip time was 32.3502 milliseconds in repetition 286
tcp_ping received 98304 bytes back
Round trip time was 30.8341 milliseconds in repetition 287
tcp_ping received 98304 bytes back
Round trip time was 31.1994 milliseconds in repetition 288
tcp_ping received 98304 bytes back
Round trip time was 30.9052 milliseconds in repetition 289
tcp_ping received 98304 bytes back
Round trip time was 34.3716 milliseconds in repetition 290
tcp_ping received 98304 bytes back
Round trip time was 31.0942 milliseconds in repetition 291
tcp_ping received 98304 bytes back
Round trip time was 30.9548 milliseconds in repetition 292
tcp_ping received 98304 bytes back
Round trip time was 32.3048 milliseconds in repetition 293
tcp_ping received 98304 bytes back
Round trip time was 33.0359 milliseconds in repetition 294
tcp_ping received 98304 bytes back
Round trip time was 30.4656 milliseconds in repetition 295
tcp_ping received 98304 bytes back
Round trip time was 31.1713 milliseconds in repetition 296
tcp_ping received 98304 bytes back
Round trip time was 31.9724 milliseconds in repetition 297
tcp_ping received 98304 bytes back
Round trip time was 31.3105 milliseconds in repetition 298
tcp_ping received 98304 bytes back
Round trip time was 30.9484 milliseconds in repetition 299
tcp_ping received 98304 bytes back
Round trip time was 31.6326 milliseconds in repetition 300
tcp_ping received 98304 bytes back
Round trip time was 31.3067 milliseconds in repetition 301
tcp_ping received 98304 bytes back
Round trip time was 34.3335 milliseconds in repetition 302
tcp_ping received 98304 bytes back
Round trip time was 31.2765 milliseconds in repetition 303
tcp_ping received 98304 bytes back
Round trip time was 32.2461 milliseconds in repetition 304
tcp_ping received 98304 bytes back
Round trip time was 30.8853 milliseconds in repetition 305
tcp_ping received 98304 bytes back
Round trip time was 31.8859 milliseconds in repetition 306
tcp_ping received 98304 bytes back
Round trip time was 30.5195 milliseconds in repetition 307
tcp_ping received 98304 bytes back
Round trip time was 29.6271 milliseconds in repetition 308
tcp_ping received 98304 bytes back
Round trip time was 30.3536 milliseconds in repetition 309
tcp_ping received 98304 bytes back
Round trip time was 31.3772 milliseconds in repetition 310
tcp_ping received 98304 bytes back
Round trip time was 31.3431 milliseconds in repetition 311
tcp_ping received 98304 bytes back
Round trip time was 38.6836 milliseconds in repetition 312
tcp_ping received 98304 bytes back
Round trip time was 33.4463 milliseconds in repetition 313
tcp_ping received 98304 bytes back
Round trip time was 30.7058 milliseconds in repetition 314
tcp_ping received 98304 bytes back
Round trip time was 33.4016 milliseconds in repetition 315
tcp_ping received 98304 bytes back
Round trip time was 31.1492 milliseconds in repetition 316
tcp_ping received 98304 bytes back
Round trip time was 31.6505 milliseconds in repetition 317
tcp_ping received 98304 bytes back
Round trip time was 31.6567 milliseconds in repetition 318
tcp_ping received 98304 bytes back
Round trip time was 31.2452 milliseconds in repetition 319
tcp_ping received 98304 bytes back
Round trip time was 32.9353 milliseconds in repetition 320
tcp_ping received 98304 bytes back
Round trip time was 31.6377 milliseconds in repetition 321
tcp_ping received 98304 bytes back
Round trip time was 32.4472 milliseconds in repetition 322
tcp_ping received 98304 bytes back
Round trip time was 32.5125 milliseconds in repetition 323
tcp_ping received 98304 bytes back
Round trip time was 31.4029 milliseconds in repetition 324
tcp_ping received 98304 bytes back
Round trip time was 37.0079 milliseconds in repetition 325
tcp_ping received 98304 bytes back
Round trip time was 31.2123 milliseconds in repetition 326
tcp_ping received 98304 bytes back
Round trip time was 31.192 milliseconds in repetition 327
tcp_ping received 98304 bytes back
Round trip time was 30.2139 milliseconds in repetition 328
tcp_ping received 98304 bytes back
Round trip time was 30.5034 milliseconds in repetition 329
tcp_ping received 98304 bytes back
Round trip time was 32.4052 milliseconds in repetition 330
tcp_ping received 98304 bytes back
Round trip time was 33.7234 milliseconds in repetition 331
tcp_ping received 98304 bytes back
Round trip time was 35.1318 milliseconds in repetition 332
tcp_ping received 98304 bytes back
Round trip time was 33.57 milliseconds in repetition 333
tcp_ping received 98304 bytes back
Round trip time was 32.8726 milliseconds in repetition 334
tcp_ping received 98304 bytes back
Round trip time was 31.5482 milliseconds in repetition 335
tcp_ping received 98304 bytes back
Round trip time was 31.4523 milliseconds in repetition 336
tcp_ping received 98304 bytes back
Round trip time was 33.57 milliseconds in repetition 337
tcp_ping received 98304 bytes back
Round trip time was 31.1842 milliseconds in repetition 338
tcp_ping received 98304 bytes back
Round trip time was 33.8648 milliseconds in repetition 339
tcp_ping received 98304 bytes back
Round trip time was 36.2297 milliseconds in repetition 340
tcp_ping received 98304 bytes back
Round trip time was 32.3822 milliseconds in repetition 341
tcp_ping received 98304 bytes back
Round trip time was 32.4342 milliseconds in repetition 342
tcp_ping received 98304 bytes back
Round trip time was 32.0419 milliseconds in repetition 343
tcp_ping received 98304 bytes back
Round trip time was 34.06 milliseconds in repetition 344
tcp_ping received 98304 bytes back
Round trip time was 31.7487 milliseconds in repetition 345
tcp_ping received 98304 bytes back
Round trip time was 33.6032 milliseconds in repetition 346
tcp_ping received 98304 bytes back
Round trip time was 33.5791 milliseconds in repetition 347
tcp_ping received 98304 bytes back
Round trip time was 32.9531 milliseconds in repetition 348
tcp_ping received 98304 bytes back
Round trip time was 31.5026 milliseconds in repetition 349
tcp_ping received 98304 bytes back
Round trip time was 31.4055 milliseconds in repetition 350
tcp_ping received 98304 bytes back
Round trip time was 31.7518 milliseconds in repetition 351
tcp_ping received 98304 bytes back
Round trip time was 32.4139 milliseconds in repetition 352
tcp_ping received 98304 bytes back
Round trip time was 31.2901 milliseconds in repetition 353
tcp_ping received 98304 bytes back
Round trip time was 31.2315 milliseconds in repetition 354
tcp_ping received 98304 bytes back
Round trip time was 31.1471 milliseconds in repetition 355
tcp_ping received 98304 bytes back
Round trip time was 32.5292 milliseconds in repetition 356
tcp_ping received 98304 bytes back
Round trip time was 31.6064 milliseconds in repetition 357
tcp_ping received 98304 bytes back
Round trip time was 31.4759 milliseconds in repetition 358
tcp_ping received 98304 bytes back
Round trip time was 31.667 milliseconds in repetition 359
tcp_ping received 98304 bytes back
Round trip time was 31.0848 milliseconds in repetition 360
tcp_ping received 98304 bytes back
Round trip time was 29.8571 milliseconds in repetition 361
tcp_ping received 98304 bytes back
Round trip time was 30.3871 milliseconds in repetition 362
tcp_ping received 98304 bytes back
Round trip time was 31.3656 milliseconds in repetition 363
tcp_ping received 98304 bytes back
Round trip time was 31.5253 milliseconds in repetition 364
tcp_ping received 98304 bytes back
Round trip time was 33.0745 milliseconds in repetition 365
tcp_ping received 98304 bytes back
Round trip time was 31.3331 milliseconds in repetition 366
tcp_ping received 98304 bytes back
Round trip time was 30.8992 milliseconds in repetition 367
tcp_ping received 98304 bytes back
Round trip time was 31.1854 milliseconds in repetition 368
tcp_ping received 98304 bytes back
Round trip time was 33.1382 milliseconds in repetition 369
tcp_ping received 98304 bytes back
Round trip time was 31.2505 milliseconds in repetition 370
tcp_ping received 98304 bytes back
Round trip time was 30.494 milliseconds in repetition 371
tcp_ping received 98304 bytes back
Round trip time was 30.2229 milliseconds in repetition 372
tcp_ping received 98304 bytes back
Round trip time was 31.9747 milliseconds in repetition 373
tcp_ping received 98304 bytes back
Round trip time was 35.1785 milliseconds in repetition 374
tcp_ping received 98304 bytes back
Round trip time was 33.1677 milliseconds in repetition 375
tcp_ping received 98304 bytes back
Round trip time was 31.005 milliseconds in repetition 376
tcp_ping received 98304 bytes back
Round trip time was 33.5013 milliseconds in repetition 377
tcp_ping received 98304 bytes back
Round trip time was 32.5415 milliseconds in repetition 378
tcp_ping received 98304 bytes back
Round trip time was 37.7917 milliseconds in repetition 379
tcp_ping received 98304 bytes back
Round trip time was 36.0444 milliseconds in repetition 380
tcp_ping received 98304 bytes back
Round trip time was 30.43 milliseconds in repetition 381
tcp_ping received 98304 bytes back
Round trip time was 32.4314 milliseconds in repetition 382
tcp_ping received 98304 bytes back
Round trip time was 30.5639 milliseconds in repetition 383
tcp_ping received 98304 bytes back
Round trip time was 31.5632 milliseconds in repetition 384
tcp_ping received 98304 bytes back
Round trip time was 31.8688 milliseconds in repetition 385
tcp_ping received 98304 bytes back
Round trip time was 31.4498 milliseconds in repetition 386
tcp_ping received 98304 bytes back
Round trip time was 31.6851 milliseconds in repetition 387
tcp_ping received 98304 bytes back
Round trip time was 32.4861 milliseconds in repetition 388
tcp_ping received 98304 bytes back
Round trip time was 32.6725 milliseconds in repetition 389
tcp_ping received 98304 bytes back
Round trip time was 31.7031 milliseconds in repetition 390
tcp_ping received 98304 bytes back
Round trip time was 38.02 milliseconds in repetition 391
tcp_ping received 98304 bytes back
Round trip time was 45.835 milliseconds in repetition 392
tcp_ping received 98304 bytes back
Round trip time was 32.5948 milliseconds in repetition 393
tcp_ping received 98304 bytes back
Round trip time was 32.9085 milliseconds in repetition 394
tcp_ping received 98304 bytes back
Round trip time was 33.8196 milliseconds in repetition 395
tcp_ping received 98304 bytes back
Round trip time was 32.6434 milliseconds in repetition 396
tcp_ping received 98304 bytes back
Round trip time was 35.2287 milliseconds in repetition 397
tcp_ping received 98304 bytes back
Round trip time was 31.6223 milliseconds in repetition 398
tcp_ping received 98304 bytes back
Round trip time was 31.2373 milliseconds in repetition 399
tcp_ping received 98304 bytes back
Round trip time was 31.3945 milliseconds in repetition 400
tcp_ping received 98304 bytes back
Round trip time was 32.0832 milliseconds in repetition 401
tcp_ping received 98304 bytes back
Round trip time was 31.1324 milliseconds in repetition 402
tcp_ping received 98304 bytes back
Round trip time was 31.4284 milliseconds in repetition 403
tcp_ping received 98304 bytes back
Round trip time was 30.8911 milliseconds in repetition 404
tcp_ping received 98304 bytes back
Round trip time was 33.3745 milliseconds in repetition 405
tcp_ping received 98304 bytes back
Round trip time was 31.337 milliseconds in repetition 406
tcp_ping received 98304 bytes back
Round trip time was 33.3702 milliseconds in repetition 407
tcp_ping received 98304 bytes back
Round trip time was 42.4302 milliseconds in repetition 408
tcp_ping received 98304 bytes back
Round trip time was 30.6702 milliseconds in repetition 409
tcp_ping received 98304 bytes back
Round trip time was 33.6436 milliseconds in repetition 410
tcp_ping received 98304 bytes back
Round trip time was 32.0198 milliseconds in repetition 411
tcp_ping received 98304 bytes back
Round trip time was 30.7536 milliseconds in repetition 412
tcp_ping received 98304 bytes back
Round trip time was 30.4208 milliseconds in repetition 413
tcp_ping received 98304 bytes back
Round trip time was 31.5957 milliseconds in repetition 414
tcp_ping received 98304 bytes back
Round trip time was 32.4363 milliseconds in repetition 415
tcp_ping received 98304 bytes back
Round trip time was 55.5193 milliseconds in repetition 416
tcp_ping received 98304 bytes back
Round trip time was 30.458 milliseconds in repetition 417
tcp_ping received 98304 bytes back
Round trip time was 30.5225 milliseconds in repetition 418
tcp_ping received 98304 bytes back
Round trip time was 30.6986 milliseconds in repetition 419
tcp_ping received 98304 bytes back
Round trip time was 31.5147 milliseconds in repetition 420
tcp_ping received 98304 bytes back
Round trip time was 31.1786 milliseconds in repetition 421
tcp_ping received 98304 bytes back
Round trip time was 31.5459 milliseconds in repetition 422
tcp_ping received 98304 bytes back
Round trip time was 52.1835 milliseconds in repetition 423
tcp_ping received 98304 bytes back
Round trip time was 30.3242 milliseconds in repetition 424
tcp_ping received 98304 bytes back
Round trip time was 31.259 milliseconds in repetition 425
tcp_ping received 98304 bytes back
Round trip time was 57.6676 milliseconds in repetition 426
tcp_ping received 98304 bytes back
Round trip time was 32.3469 milliseconds in repetition 427
tcp_ping received 98304 bytes back
Round trip time was 30.4854 milliseconds in repetition 428
tcp_ping received 98304 bytes back
Round trip time was 56.8613 milliseconds in repetition 429
tcp_ping received 98304 bytes back
Round trip time was 30.9561 milliseconds in repetition 430
tcp_ping received 98304 bytes back
Round trip time was 33.1466 milliseconds in repetition 431
tcp_ping received 98304 bytes back
Round trip time was 32.9257 milliseconds in repetition 432
tcp_ping received 98304 bytes back
Round trip time was 31.6232 milliseconds in repetition 433
tcp_ping received 98304 bytes back
Round trip time was 31.1099 milliseconds in repetition 434
tcp_ping received 98304 bytes back
Round trip time was 31.1479 milliseconds in repetition 435
tcp_ping received 98304 bytes back
Round trip time was 31.6224 milliseconds in repetition 436
tcp_ping received 98304 bytes back
Round trip time was 31.0896 milliseconds in repetition 437
tcp_ping received 98304 bytes back
Round trip time was 30.2358 milliseconds in repetition 438
tcp_ping received 98304 bytes back
Round trip time was 35.3258 milliseconds in repetition 439
tcp_ping received 98304 bytes back
Round trip time was 31.2899 milliseconds in repetition 440
tcp_ping received 98304 bytes back
Round trip time was 31.5677 milliseconds in repetition 441
tcp_ping received 98304 bytes back
Round trip time was 30.5175 milliseconds in repetition 442
tcp_ping received 98304 bytes back
Round trip time was 31.6635 milliseconds in repetition 443
tcp_ping received 98304 bytes back
Round trip time was 30.7447 milliseconds in repetition 444
tcp_ping received 98304 bytes back
Round trip time was 31.2865 milliseconds in repetition 445
tcp_ping received 98304 bytes back
Round trip time was 30.9399 milliseconds in repetition 446
tcp_ping received 98304 bytes back
Round trip time was 30.1068 milliseconds in repetition 447
tcp_ping received 98304 bytes back
Round trip time was 31.4458 milliseconds in repetition 448
tcp_ping received 98304 bytes back
Round trip time was 33.0906 milliseconds in repetition 449
tcp_ping received 98304 bytes back
Round trip time was 30.9231 milliseconds in repetition 450
tcp_ping received 98304 bytes back
Round trip time was 30.7448 milliseconds in repetition 451
tcp_ping received 98304 bytes back
Round trip time was 32.5931 milliseconds in repetition 452
tcp_ping received 98304 bytes back
Round trip time was 30.6021 milliseconds in repetition 453
tcp_ping received 98304 bytes back
Round trip time was 30.8543 milliseconds in repetition 454
tcp_ping received 98304 bytes back
Round trip time was 30.4307 milliseconds in repetition 455
tcp_ping received 98304 bytes back
Round trip time was 31.3189 milliseconds in repetition 456
tcp_ping received 98304 bytes back
Round trip time was 30.649 milliseconds in repetition 457
tcp_ping received 98304 bytes back
Round trip time was 32.6857 milliseconds in repetition 458
tcp_ping received 98304 bytes back
Round trip time was 31.6261 milliseconds in repetition 459
tcp_ping received 98304 bytes back
Round trip time was 30.4264 milliseconds in repetition 460
tcp_ping received 98304 bytes back
Round trip time was 31.3208 milliseconds in repetition 461
tcp_ping received 98304 bytes back
Round trip time was 32.4249 milliseconds in repetition 462
tcp_ping received 98304 bytes back
Round trip time was 30.462 milliseconds in repetition 463
tcp_ping received 98304 bytes back
Round trip time was 30.4417 milliseconds in repetition 464
tcp_ping received 98304 bytes back
Round trip time was 31.5225 milliseconds in repetition 465
tcp_ping received 98304 bytes back
Round trip time was 31.5616 milliseconds in repetition 466
tcp_ping received 98304 bytes back
Round trip time was 32.5813 milliseconds in repetition 467
tcp_ping received 98304 bytes back
Round trip time was 30.9711 milliseconds in repetition 468
tcp_ping received 98304 bytes back
Round trip time was 31.3759 milliseconds in repetition 469
tcp_ping received 98304 bytes back
Round trip time was 30.2108 milliseconds in repetition 470
tcp_ping received 98304 bytes back
Round trip time was 31.7006 milliseconds in repetition 471
tcp_ping received 98304 bytes back
Round trip time was 30.8298 milliseconds in repetition 472
tcp_ping received 98304 bytes back
Round trip time was 30.9046 milliseconds in repetition 473
tcp_ping received 98304 bytes back
Round trip time was 31.04 milliseconds in repetition 474
tcp_ping received 98304 bytes back
Round trip time was 31.1378 milliseconds in repetition 475
tcp_ping received 98304 bytes back
Round trip time was 31.732 milliseconds in repetition 476
tcp_ping received 98304 bytes back
Round trip time was 30.5256 milliseconds in repetition 477
tcp_ping received 98304 bytes back
Round trip time was 31.4256 milliseconds in repetition 478
tcp_ping received 98304 bytes back
Round trip time was 31.5289 milliseconds in repetition 479
tcp_ping received 98304 bytes back
Round trip time was 31.4576 milliseconds in repetition 480
tcp_ping received 98304 bytes back
Round trip time was 32.0681 milliseconds in repetition 481
tcp_ping received 98304 bytes back
Round trip time was 30.8283 milliseconds in repetition 482
tcp_ping received 98304 bytes back
Round trip time was 31.3023 milliseconds in repetition 483
tcp_ping received 98304 bytes back
Round trip time was 30.0058 milliseconds in repetition 484
tcp_ping received 98304 bytes back
Round trip time was 31.377 milliseconds in repetition 485
tcp_ping received 98304 bytes back
Round trip time was 31.0594 milliseconds in repetition 486
tcp_ping received 98304 bytes back
Round trip time was 32.3153 milliseconds in repetition 487
tcp_ping received 98304 bytes back
Round trip time was 32.6045 milliseconds in repetition 488
tcp_ping received 98304 bytes back
Round trip time was 31.0076 milliseconds in repetition 489
tcp_ping received 98304 bytes back
Round trip time was 33.7317 milliseconds in repetition 490
tcp_ping received 98304 bytes back
Round trip time was 31.6515 milliseconds in repetition 491
tcp_ping received 98304 bytes back
Round trip time was 31.1839 milliseconds in repetition 492
tcp_ping received 98304 bytes back
Round trip time was 30.5089 milliseconds in repetition 493
tcp_ping received 98304 bytes back
Round trip time was 29.9853 milliseconds in repetition 494
tcp_ping received 98304 bytes back
Round trip time was 30.3447 milliseconds in repetition 495
tcp_ping received 98304 bytes back
Round trip time was 31.1016 milliseconds in repetition 496
tcp_ping received 98304 bytes back
Round trip time was 30.7322 milliseconds in repetition 497
tcp_ping received 98304 bytes back
Round trip time was 31.9113 milliseconds in repetition 498
tcp_ping received 98304 bytes back
Round trip time was 29.9699 milliseconds in repetition 499
tcp_ping received 98304 bytes back
Round trip time was 31.5557 milliseconds in repetition 500
tcp_ping received 98304 bytes back
Round trip time was 33.6893 milliseconds in repetition 501

 ... clock resolution was 1e-06
TCP Ping:  Statistics over 501 repetitions of 98304 byte messages

RTT : percentile 10: 30.4656, median: 31.6074, percentile 90: 34.7604, average: 33.1545, variance: 75.7031

RTT histogram:
29.4475 424
38.0369 56
46.6263 7
55.2156 12
63.805 1
72.3944 0
80.9838 0
89.5732 0
98.1625 0
106.752 0
115.341 0
123.931 0
132.52 0
141.109 0
149.699 0
158.288 0
166.878 0
175.467 0
184.056 0
192.646 0
201.235 1

   median Throughput : 6220.32 KB/s   overall Throughput : 5930.05 KB/s

