TCP Ping trying to connect to server seti.dibris.unige.it (130.251.61.30) on port 1491
 ... connected to Pong server: asking for 101 repetitions of 196608 bytes TCP messages
Received answer: 'OK
'
 ... Pong server agreed :-)
tcp_ping received 196608 bytes back
Round trip time was 733.545 milliseconds in repetition 1
tcp_ping received 196608 bytes back
Round trip time was 510.094 milliseconds in repetition 2
tcp_ping received 196608 bytes back
Round trip time was 638.731 milliseconds in repetition 3
tcp_ping received 196608 bytes back
Round trip time was 563.177 milliseconds in repetition 4
tcp_ping received 196608 bytes back
Round trip time was 617.571 milliseconds in repetition 5
tcp_ping received 196608 bytes back
Round trip time was 493.369 milliseconds in repetition 6
tcp_ping received 196608 bytes back
Round trip time was 559.676 milliseconds in repetition 7
tcp_ping received 196608 bytes back
Round trip time was 545.021 milliseconds in repetition 8
tcp_ping received 196608 bytes back
Round trip time was 482.321 milliseconds in repetition 9
tcp_ping received 196608 bytes back
Round trip time was 417.525 milliseconds in repetition 10
tcp_ping received 196608 bytes back
Round trip time was 434.95 milliseconds in repetition 11
tcp_ping received 196608 bytes back
Round trip time was 543.529 milliseconds in repetition 12
tcp_ping received 196608 bytes back
Round trip time was 449.094 milliseconds in repetition 13
tcp_ping received 196608 bytes back
Round trip time was 505.378 milliseconds in repetition 14
tcp_ping received 196608 bytes back
Round trip time was 540.122 milliseconds in repetition 15
tcp_ping received 196608 bytes back
Round trip time was 653.819 milliseconds in repetition 16
tcp_ping received 196608 bytes back
Round trip time was 523.521 milliseconds in repetition 17
tcp_ping received 196608 bytes back
Round trip time was 589.418 milliseconds in repetition 18
tcp_ping received 196608 bytes back
Round trip time was 424.401 milliseconds in repetition 19
tcp_ping received 196608 bytes back
Round trip time was 476.374 milliseconds in repetition 20
tcp_ping received 196608 bytes back
Round trip time was 675.462 milliseconds in repetition 21
tcp_ping received 196608 bytes back
Round trip time was 633.39 milliseconds in repetition 22
tcp_ping received 196608 bytes back
Round trip time was 586.176 milliseconds in repetition 23
tcp_ping received 196608 bytes back
Round trip time was 466.664 milliseconds in repetition 24
tcp_ping received 196608 bytes back
Round trip time was 1184.29 milliseconds in repetition 25
tcp_ping received 196608 bytes back
Round trip time was 480.199 milliseconds in repetition 26
tcp_ping received 196608 bytes back
Round trip time was 455.468 milliseconds in repetition 27
tcp_ping received 196608 bytes back
Round trip time was 494.888 milliseconds in repetition 28
tcp_ping received 196608 bytes back
Round trip time was 483.294 milliseconds in repetition 29
tcp_ping received 196608 bytes back
Round trip time was 475.978 milliseconds in repetition 30
tcp_ping received 196608 bytes back
Round trip time was 548.383 milliseconds in repetition 31
tcp_ping received 196608 bytes back
Round trip time was 433.728 milliseconds in repetition 32
tcp_ping received 196608 bytes back
Round trip time was 440.748 milliseconds in repetition 33
tcp_ping received 196608 bytes back
Round trip time was 430.07 milliseconds in repetition 34
tcp_ping received 196608 bytes back
Round trip time was 600.853 milliseconds in repetition 35
tcp_ping received 196608 bytes back
Round trip time was 587.725 milliseconds in repetition 36
tcp_ping received 196608 bytes back
Round trip time was 562.662 milliseconds in repetition 37
tcp_ping received 196608 bytes back
Round trip time was 379.827 milliseconds in repetition 38
tcp_ping received 196608 bytes back
Round trip time was 345.319 milliseconds in repetition 39
tcp_ping received 196608 bytes back
Round trip time was 434.516 milliseconds in repetition 40
tcp_ping received 196608 bytes back
Round trip time was 510.026 milliseconds in repetition 41
tcp_ping received 196608 bytes back
Round trip time was 711.693 milliseconds in repetition 42
tcp_ping received 196608 bytes back
Round trip time was 628.874 milliseconds in repetition 43
tcp_ping received 196608 bytes back
Round trip time was 576.677 milliseconds in repetition 44
tcp_ping received 196608 bytes back
Round trip time was 479.535 milliseconds in repetition 45
tcp_ping received 196608 bytes back
Round trip time was 423.727 milliseconds in repetition 46
tcp_ping received 196608 bytes back
Round trip time was 511.962 milliseconds in repetition 47
tcp_ping received 196608 bytes back
Round trip time was 519.454 milliseconds in repetition 48
tcp_ping received 196608 bytes back
Round trip time was 391.955 milliseconds in repetition 49
tcp_ping received 196608 bytes back
Round trip time was 419.185 milliseconds in repetition 50
tcp_ping received 196608 bytes back
Round trip time was 405.113 milliseconds in repetition 51
tcp_ping received 196608 bytes back
Round trip time was 450.371 milliseconds in repetition 52
tcp_ping received 196608 bytes back
Round trip time was 497.415 milliseconds in repetition 53
tcp_ping received 196608 bytes back
Round trip time was 633.916 milliseconds in repetition 54
tcp_ping received 196608 bytes back
Round trip time was 421.235 milliseconds in repetition 55
tcp_ping received 196608 bytes back
Round trip time was 352.473 milliseconds in repetition 56
tcp_ping received 196608 bytes back
Round trip time was 358.987 milliseconds in repetition 57
tcp_ping received 196608 bytes back
Round trip time was 476.242 milliseconds in repetition 58
tcp_ping received 196608 bytes back
Round trip time was 397.911 milliseconds in repetition 59
tcp_ping received 196608 bytes back
Round trip time was 503.751 milliseconds in repetition 60
tcp_ping received 196608 bytes back
Round trip time was 529.093 milliseconds in repetition 61
tcp_ping received 196608 bytes back
Round trip time was 400.36 milliseconds in repetition 62
tcp_ping received 196608 bytes back
Round trip time was 404.105 milliseconds in repetition 63
tcp_ping received 196608 bytes back
Round trip time was 408.927 milliseconds in repetition 64
tcp_ping received 196608 bytes back
Round trip time was 550.673 milliseconds in repetition 65
tcp_ping received 196608 bytes back
Round trip time was 545.829 milliseconds in repetition 66
tcp_ping received 196608 bytes back
Round trip time was 603.432 milliseconds in repetition 67
tcp_ping received 196608 bytes back
Round trip time was 461.797 milliseconds in repetition 68
tcp_ping received 196608 bytes back
Round trip time was 634.416 milliseconds in repetition 69
tcp_ping received 196608 bytes back
Round trip time was 433.915 milliseconds in repetition 70
tcp_ping received 196608 bytes back
Round trip time was 432.399 milliseconds in repetition 71
tcp_ping received 196608 bytes back
Round trip time was 514.768 milliseconds in repetition 72
tcp_ping received 196608 bytes back
Round trip time was 374.638 milliseconds in repetition 73
tcp_ping received 196608 bytes back
Round trip time was 482.329 milliseconds in repetition 74
tcp_ping received 196608 bytes back
Round trip time was 395.657 milliseconds in repetition 75
tcp_ping received 196608 bytes back
Round trip time was 365.628 milliseconds in repetition 76
tcp_ping received 196608 bytes back
Round trip time was 391.419 milliseconds in repetition 77
tcp_ping received 196608 bytes back
Round trip time was 398.897 milliseconds in repetition 78
tcp_ping received 196608 bytes back
Round trip time was 304.552 milliseconds in repetition 79
tcp_ping received 196608 bytes back
Round trip time was 346.788 milliseconds in repetition 80
tcp_ping received 196608 bytes back
Round trip time was 369.108 milliseconds in repetition 81
tcp_ping received 196608 bytes back
Round trip time was 419.552 milliseconds in repetition 82
tcp_ping received 196608 bytes back
Round trip time was 365.25 milliseconds in repetition 83
tcp_ping received 196608 bytes back
Round trip time was 359.956 milliseconds in repetition 84
tcp_ping received 196608 bytes back
Round trip time was 418.485 milliseconds in repetition 85
tcp_ping received 196608 bytes back
Round trip time was 439.703 milliseconds in repetition 86
tcp_ping received 196608 bytes back
Round trip time was 437.231 milliseconds in repetition 87
tcp_ping received 196608 bytes back
Round trip time was 409.236 milliseconds in repetition 88
tcp_ping received 196608 bytes back
Round trip time was 437.402 milliseconds in repetition 89
tcp_ping received 196608 bytes back
Round trip time was 405.459 milliseconds in repetition 90
tcp_ping received 196608 bytes back
Round trip time was 457.77 milliseconds in repetition 91
tcp_ping received 196608 bytes back
Round trip time was 432.146 milliseconds in repetition 92
tcp_ping received 196608 bytes back
Round trip time was 426.294 milliseconds in repetition 93
tcp_ping received 196608 bytes back
Round trip time was 442.912 milliseconds in repetition 94
tcp_ping received 196608 bytes back
Round trip time was 495.895 milliseconds in repetition 95
tcp_ping received 196608 bytes back
Round trip time was 473.64 milliseconds in repetition 96
tcp_ping received 196608 bytes back
Round trip time was 434.261 milliseconds in repetition 97
tcp_ping received 196608 bytes back
Round trip time was 413.253 milliseconds in repetition 98
tcp_ping received 196608 bytes back
Round trip time was 424.625 milliseconds in repetition 99
tcp_ping received 196608 bytes back
Round trip time was 450.002 milliseconds in repetition 100
tcp_ping received 196608 bytes back
Round trip time was 442.479 milliseconds in repetition 101

 ... clock resolution was 1e-06
TCP Ping:  Statistics over 101 repetitions of 196608 byte messages

RTT : percentile 10: 379.827, median: 457.77, percentile 90: 617.571, average: 485.208, variance: 12568.1

RTT histogram:
304.552 1
348.539 8
392.525 14
436.512 28
480.499 15
524.485 13
568.472 9
612.459 7
656.445 3
700.432 1
744.419 1
788.406 0
832.392 0
876.379 0
920.366 0
964.352 0
1008.34 0
1052.33 0
1096.31 0
1140.3 0
1184.29 1

   median Throughput : 858.982 KB/s   overall Throughput : 810.406 KB/s

