TCP Ping trying to connect to server seti.dibris.unige.it (130.251.61.30) on port 1491
 ... connected to Pong server: asking for 101 repetitions of 131072 bytes TCP messages
Received answer: 'OK
'
 ... Pong server agreed :-)
tcp_ping received 131072 bytes back
Round trip time was 665.174 milliseconds in repetition 1
tcp_ping received 131072 bytes back
Round trip time was 347.48 milliseconds in repetition 2
tcp_ping received 131072 bytes back
Round trip time was 499.514 milliseconds in repetition 3
tcp_ping received 131072 bytes back
Round trip time was 323.543 milliseconds in repetition 4
tcp_ping received 131072 bytes back
Round trip time was 643.785 milliseconds in repetition 5
tcp_ping received 131072 bytes back
Round trip time was 817.098 milliseconds in repetition 6
tcp_ping received 131072 bytes back
Round trip time was 262.642 milliseconds in repetition 7
tcp_ping received 131072 bytes back
Round trip time was 385.528 milliseconds in repetition 8
tcp_ping received 131072 bytes back
Round trip time was 269.337 milliseconds in repetition 9
tcp_ping received 131072 bytes back
Round trip time was 297.4 milliseconds in repetition 10
tcp_ping received 131072 bytes back
Round trip time was 369.488 milliseconds in repetition 11
tcp_ping received 131072 bytes back
Round trip time was 270.868 milliseconds in repetition 12
tcp_ping received 131072 bytes back
Round trip time was 290.182 milliseconds in repetition 13
tcp_ping received 131072 bytes back
Round trip time was 472.729 milliseconds in repetition 14
tcp_ping received 131072 bytes back
Round trip time was 335.616 milliseconds in repetition 15
tcp_ping received 131072 bytes back
Round trip time was 280.877 milliseconds in repetition 16
tcp_ping received 131072 bytes back
Round trip time was 280.759 milliseconds in repetition 17
tcp_ping received 131072 bytes back
Round trip time was 259.344 milliseconds in repetition 18
tcp_ping received 131072 bytes back
Round trip time was 328.17 milliseconds in repetition 19
tcp_ping received 131072 bytes back
Round trip time was 291.465 milliseconds in repetition 20
tcp_ping received 131072 bytes back
Round trip time was 272.551 milliseconds in repetition 21
tcp_ping received 131072 bytes back
Round trip time was 287.917 milliseconds in repetition 22
tcp_ping received 131072 bytes back
Round trip time was 316.181 milliseconds in repetition 23
tcp_ping received 131072 bytes back
Round trip time was 336.138 milliseconds in repetition 24
tcp_ping received 131072 bytes back
Round trip time was 299.927 milliseconds in repetition 25
tcp_ping received 131072 bytes back
Round trip time was 325.356 milliseconds in repetition 26
tcp_ping received 131072 bytes back
Round trip time was 291.239 milliseconds in repetition 27
tcp_ping received 131072 bytes back
Round trip time was 306.718 milliseconds in repetition 28
tcp_ping received 131072 bytes back
Round trip time was 278.166 milliseconds in repetition 29
tcp_ping received 131072 bytes back
Round trip time was 254.044 milliseconds in repetition 30
tcp_ping received 131072 bytes back
Round trip time was 297.391 milliseconds in repetition 31
tcp_ping received 131072 bytes back
Round trip time was 379.886 milliseconds in repetition 32
tcp_ping received 131072 bytes back
Round trip time was 337.937 milliseconds in repetition 33
tcp_ping received 131072 bytes back
Round trip time was 271.598 milliseconds in repetition 34
tcp_ping received 131072 bytes back
Round trip time was 269.857 milliseconds in repetition 35
tcp_ping received 131072 bytes back
Round trip time was 364.577 milliseconds in repetition 36
tcp_ping received 131072 bytes back
Round trip time was 381.464 milliseconds in repetition 37
tcp_ping received 131072 bytes back
Round trip time was 258.685 milliseconds in repetition 38
tcp_ping received 131072 bytes back
Round trip time was 408.856 milliseconds in repetition 39
tcp_ping received 131072 bytes back
Round trip time was 298.658 milliseconds in repetition 40
tcp_ping received 131072 bytes back
Round trip time was 265.7 milliseconds in repetition 41
tcp_ping received 131072 bytes back
Round trip time was 272.104 milliseconds in repetition 42
tcp_ping received 131072 bytes back
Round trip time was 259.424 milliseconds in repetition 43
tcp_ping received 131072 bytes back
Round trip time was 383.98 milliseconds in repetition 44
tcp_ping received 131072 bytes back
Round trip time was 278.363 milliseconds in repetition 45
tcp_ping received 131072 bytes back
Round trip time was 275.4 milliseconds in repetition 46
tcp_ping received 131072 bytes back
Round trip time was 364.823 milliseconds in repetition 47
tcp_ping received 131072 bytes back
Round trip time was 265.774 milliseconds in repetition 48
tcp_ping received 131072 bytes back
Round trip time was 359.927 milliseconds in repetition 49
tcp_ping received 131072 bytes back
Round trip time was 279.21 milliseconds in repetition 50
tcp_ping received 131072 bytes back
Round trip time was 253.933 milliseconds in repetition 51
tcp_ping received 131072 bytes back
Round trip time was 282.787 milliseconds in repetition 52
tcp_ping received 131072 bytes back
Round trip time was 259.884 milliseconds in repetition 53
tcp_ping received 131072 bytes back
Round trip time was 296.025 milliseconds in repetition 54
tcp_ping received 131072 bytes back
Round trip time was 250.647 milliseconds in repetition 55
tcp_ping received 131072 bytes back
Round trip time was 272.705 milliseconds in repetition 56
tcp_ping received 131072 bytes back
Round trip time was 366.538 milliseconds in repetition 57
tcp_ping received 131072 bytes back
Round trip time was 251.608 milliseconds in repetition 58
tcp_ping received 131072 bytes back
Round trip time was 270.799 milliseconds in repetition 59
tcp_ping received 131072 bytes back
Round trip time was 260.403 milliseconds in repetition 60
tcp_ping received 131072 bytes back
Round trip time was 428.346 milliseconds in repetition 61
tcp_ping received 131072 bytes back
Round trip time was 496.508 milliseconds in repetition 62
tcp_ping received 131072 bytes back
Round trip time was 406.488 milliseconds in repetition 63
tcp_ping received 131072 bytes back
Round trip time was 268.123 milliseconds in repetition 64
tcp_ping received 131072 bytes back
Round trip time was 411.113 milliseconds in repetition 65
tcp_ping received 131072 bytes back
Round trip time was 364.412 milliseconds in repetition 66
tcp_ping received 131072 bytes back
Round trip time was 473.985 milliseconds in repetition 67
tcp_ping received 131072 bytes back
Round trip time was 232.862 milliseconds in repetition 68
tcp_ping received 131072 bytes back
Round trip time was 356.28 milliseconds in repetition 69
tcp_ping received 131072 bytes back
Round trip time was 368.796 milliseconds in repetition 70
tcp_ping received 131072 bytes back
Round trip time was 306.28 milliseconds in repetition 71
tcp_ping received 131072 bytes back
Round trip time was 260.466 milliseconds in repetition 72
tcp_ping received 131072 bytes back
Round trip time was 262.47 milliseconds in repetition 73
tcp_ping received 131072 bytes back
Round trip time was 373.459 milliseconds in repetition 74
tcp_ping received 131072 bytes back
Round trip time was 299.901 milliseconds in repetition 75
tcp_ping received 131072 bytes back
Round trip time was 260.667 milliseconds in repetition 76
tcp_ping received 131072 bytes back
Round trip time was 263.613 milliseconds in repetition 77
tcp_ping received 131072 bytes back
Round trip time was 255.57 milliseconds in repetition 78
tcp_ping received 131072 bytes back
Round trip time was 278.269 milliseconds in repetition 79
tcp_ping received 131072 bytes back
Round trip time was 404.922 milliseconds in repetition 80
tcp_ping received 131072 bytes back
Round trip time was 336.552 milliseconds in repetition 81
tcp_ping received 131072 bytes back
Round trip time was 233.35 milliseconds in repetition 82
tcp_ping received 131072 bytes back
Round trip time was 361.029 milliseconds in repetition 83
tcp_ping received 131072 bytes back
Round trip time was 250.674 milliseconds in repetition 84
tcp_ping received 131072 bytes back
Round trip time was 274.83 milliseconds in repetition 85
tcp_ping received 131072 bytes back
Round trip time was 246.054 milliseconds in repetition 86
tcp_ping received 131072 bytes back
Round trip time was 294.429 milliseconds in repetition 87
tcp_ping received 131072 bytes back
Round trip time was 395.813 milliseconds in repetition 88
tcp_ping received 131072 bytes back
Round trip time was 443.552 milliseconds in repetition 89
tcp_ping received 131072 bytes back
Round trip time was 294.259 milliseconds in repetition 90
tcp_ping received 131072 bytes back
Round trip time was 381.829 milliseconds in repetition 91
tcp_ping received 131072 bytes back
Round trip time was 322.428 milliseconds in repetition 92
tcp_ping received 131072 bytes back
Round trip time was 283.074 milliseconds in repetition 93
tcp_ping received 131072 bytes back
Round trip time was 366.811 milliseconds in repetition 94
tcp_ping received 131072 bytes back
Round trip time was 409.743 milliseconds in repetition 95
tcp_ping received 131072 bytes back
Round trip time was 399.063 milliseconds in repetition 96
tcp_ping received 131072 bytes back
Round trip time was 285.275 milliseconds in repetition 97
tcp_ping received 131072 bytes back
Round trip time was 274.4 milliseconds in repetition 98
tcp_ping received 131072 bytes back
Round trip time was 284.082 milliseconds in repetition 99
tcp_ping received 131072 bytes back
Round trip time was 251.72 milliseconds in repetition 100
tcp_ping received 131072 bytes back
Round trip time was 281.3 milliseconds in repetition 101

 ... clock resolution was 1e-06
TCP Ping:  Statistics over 101 repetitions of 131072 byte messages

RTT : percentile 10: 258.685, median: 294.429, percentile 90: 409.743, average: 328.128, variance: 8429.84

RTT histogram:
232.862 3
262.074 31
291.285 23
320.497 7
349.709 8
378.921 13
408.133 7
437.344 2
466.556 2
495.768 2
524.98 0
554.192 0
583.403 0
612.615 0
641.827 1
671.039 1
700.251 0
729.462 0
758.674 0
787.886 0
817.098 1

   median Throughput : 890.346 KB/s   overall Throughput : 798.907 KB/s

