TCP Ping trying to connect to server seti.dibris.unige.it (130.251.61.30) on port 1491
 ... connected to Pong server: asking for 501 repetitions of 65536 bytes TCP messages
Received answer: 'OK
'
 ... Pong server agreed :-)
tcp_ping received 65536 bytes back
Round trip time was 119.113 milliseconds in repetition 1
tcp_ping received 65536 bytes back
Round trip time was 19.3704 milliseconds in repetition 2
tcp_ping received 65536 bytes back
Round trip time was 34.5813 milliseconds in repetition 3
tcp_ping received 65536 bytes back
Round trip time was 23.1279 milliseconds in repetition 4
tcp_ping received 65536 bytes back
Round trip time was 21.9723 milliseconds in repetition 5
tcp_ping received 65536 bytes back
Round trip time was 20.0799 milliseconds in repetition 6
tcp_ping received 65536 bytes back
Round trip time was 22.965 milliseconds in repetition 7
tcp_ping received 65536 bytes back
Round trip time was 22.038 milliseconds in repetition 8
tcp_ping received 65536 bytes back
Round trip time was 19.9906 milliseconds in repetition 9
tcp_ping received 65536 bytes back
Round trip time was 20.343 milliseconds in repetition 10
tcp_ping received 65536 bytes back
Round trip time was 22.2925 milliseconds in repetition 11
tcp_ping received 65536 bytes back
Round trip time was 20.999 milliseconds in repetition 12
tcp_ping received 65536 bytes back
Round trip time was 24.2704 milliseconds in repetition 13
tcp_ping received 65536 bytes back
Round trip time was 27.4782 milliseconds in repetition 14
tcp_ping received 65536 bytes back
Round trip time was 19.5695 milliseconds in repetition 15
tcp_ping received 65536 bytes back
Round trip time was 19.6417 milliseconds in repetition 16
tcp_ping received 65536 bytes back
Round trip time was 19.5882 milliseconds in repetition 17
tcp_ping received 65536 bytes back
Round trip time was 21.1627 milliseconds in repetition 18
tcp_ping received 65536 bytes back
Round trip time was 19.6437 milliseconds in repetition 19
tcp_ping received 65536 bytes back
Round trip time was 20.6364 milliseconds in repetition 20
tcp_ping received 65536 bytes back
Round trip time was 20.874 milliseconds in repetition 21
tcp_ping received 65536 bytes back
Round trip time was 20.5798 milliseconds in repetition 22
tcp_ping received 65536 bytes back
Round trip time was 21.2873 milliseconds in repetition 23
tcp_ping received 65536 bytes back
Round trip time was 20.8226 milliseconds in repetition 24
tcp_ping received 65536 bytes back
Round trip time was 20.2654 milliseconds in repetition 25
tcp_ping received 65536 bytes back
Round trip time was 23.7952 milliseconds in repetition 26
tcp_ping received 65536 bytes back
Round trip time was 21.2809 milliseconds in repetition 27
tcp_ping received 65536 bytes back
Round trip time was 20.0998 milliseconds in repetition 28
tcp_ping received 65536 bytes back
Round trip time was 23.111 milliseconds in repetition 29
tcp_ping received 65536 bytes back
Round trip time was 19.5661 milliseconds in repetition 30
tcp_ping received 65536 bytes back
Round trip time was 20.5249 milliseconds in repetition 31
tcp_ping received 65536 bytes back
Round trip time was 21.2606 milliseconds in repetition 32
tcp_ping received 65536 bytes back
Round trip time was 26.3591 milliseconds in repetition 33
tcp_ping received 65536 bytes back
Round trip time was 19.8656 milliseconds in repetition 34
tcp_ping received 65536 bytes back
Round trip time was 20.8127 milliseconds in repetition 35
tcp_ping received 65536 bytes back
Round trip time was 19.5926 milliseconds in repetition 36
tcp_ping received 65536 bytes back
Round trip time was 19.5665 milliseconds in repetition 37
tcp_ping received 65536 bytes back
Round trip time was 21.942 milliseconds in repetition 38
tcp_ping received 65536 bytes back
Round trip time was 20.2719 milliseconds in repetition 39
tcp_ping received 65536 bytes back
Round trip time was 20.3662 milliseconds in repetition 40
tcp_ping received 65536 bytes back
Round trip time was 20.9323 milliseconds in repetition 41
tcp_ping received 65536 bytes back
Round trip time was 21.0912 milliseconds in repetition 42
tcp_ping received 65536 bytes back
Round trip time was 20.8208 milliseconds in repetition 43
tcp_ping received 65536 bytes back
Round trip time was 19.8379 milliseconds in repetition 44
tcp_ping received 65536 bytes back
Round trip time was 19.9748 milliseconds in repetition 45
tcp_ping received 65536 bytes back
Round trip time was 20.2416 milliseconds in repetition 46
tcp_ping received 65536 bytes back
Round trip time was 20.0425 milliseconds in repetition 47
tcp_ping received 65536 bytes back
Round trip time was 25.4401 milliseconds in repetition 48
tcp_ping received 65536 bytes back
Round trip time was 20.8666 milliseconds in repetition 49
tcp_ping received 65536 bytes back
Round trip time was 21.6194 milliseconds in repetition 50
tcp_ping received 65536 bytes back
Round trip time was 25.0985 milliseconds in repetition 51
tcp_ping received 65536 bytes back
Round trip time was 21.418 milliseconds in repetition 52
tcp_ping received 65536 bytes back
Round trip time was 22.9708 milliseconds in repetition 53
tcp_ping received 65536 bytes back
Round trip time was 22.5273 milliseconds in repetition 54
tcp_ping received 65536 bytes back
Round trip time was 20.3458 milliseconds in repetition 55
tcp_ping received 65536 bytes back
Round trip time was 19.8697 milliseconds in repetition 56
tcp_ping received 65536 bytes back
Round trip time was 26.375 milliseconds in repetition 57
tcp_ping received 65536 bytes back
Round trip time was 20.5272 milliseconds in repetition 58
tcp_ping received 65536 bytes back
Round trip time was 21.3215 milliseconds in repetition 59
tcp_ping received 65536 bytes back
Round trip time was 19.7906 milliseconds in repetition 60
tcp_ping received 65536 bytes back
Round trip time was 24.4949 milliseconds in repetition 61
tcp_ping received 65536 bytes back
Round trip time was 20.8356 milliseconds in repetition 62
tcp_ping received 65536 bytes back
Round trip time was 21.8156 milliseconds in repetition 63
tcp_ping received 65536 bytes back
Round trip time was 25.3915 milliseconds in repetition 64
tcp_ping received 65536 bytes back
Round trip time was 22.5106 milliseconds in repetition 65
tcp_ping received 65536 bytes back
Round trip time was 21.2375 milliseconds in repetition 66
tcp_ping received 65536 bytes back
Round trip time was 20.9942 milliseconds in repetition 67
tcp_ping received 65536 bytes back
Round trip time was 20.7147 milliseconds in repetition 68
tcp_ping received 65536 bytes back
Round trip time was 20.0835 milliseconds in repetition 69
tcp_ping received 65536 bytes back
Round trip time was 25.6074 milliseconds in repetition 70
tcp_ping received 65536 bytes back
Round trip time was 20.5902 milliseconds in repetition 71
tcp_ping received 65536 bytes back
Round trip time was 20.7404 milliseconds in repetition 72
tcp_ping received 65536 bytes back
Round trip time was 24.0608 milliseconds in repetition 73
tcp_ping received 65536 bytes back
Round trip time was 20.5283 milliseconds in repetition 74
tcp_ping received 65536 bytes back
Round trip time was 19.6995 milliseconds in repetition 75
tcp_ping received 65536 bytes back
Round trip time was 20.4591 milliseconds in repetition 76
tcp_ping received 65536 bytes back
Round trip time was 20.8609 milliseconds in repetition 77
tcp_ping received 65536 bytes back
Round trip time was 21.4569 milliseconds in repetition 78
tcp_ping received 65536 bytes back
Round trip time was 20.4923 milliseconds in repetition 79
tcp_ping received 65536 bytes back
Round trip time was 20.3807 milliseconds in repetition 80
tcp_ping received 65536 bytes back
Round trip time was 20.7747 milliseconds in repetition 81
tcp_ping received 65536 bytes back
Round trip time was 21.5667 milliseconds in repetition 82
tcp_ping received 65536 bytes back
Round trip time was 19.916 milliseconds in repetition 83
tcp_ping received 65536 bytes back
Round trip time was 20.2727 milliseconds in repetition 84
tcp_ping received 65536 bytes back
Round trip time was 20.5918 milliseconds in repetition 85
tcp_ping received 65536 bytes back
Round trip time was 19.708 milliseconds in repetition 86
tcp_ping received 65536 bytes back
Round trip time was 20.3434 milliseconds in repetition 87
tcp_ping received 65536 bytes back
Round trip time was 19.1009 milliseconds in repetition 88
tcp_ping received 65536 bytes back
Round trip time was 23.1915 milliseconds in repetition 89
tcp_ping received 65536 bytes back
Round trip time was 24.0561 milliseconds in repetition 90
tcp_ping received 65536 bytes back
Round trip time was 20.5219 milliseconds in repetition 91
tcp_ping received 65536 bytes back
Round trip time was 20.025 milliseconds in repetition 92
tcp_ping received 65536 bytes back
Round trip time was 20.3712 milliseconds in repetition 93
tcp_ping received 65536 bytes back
Round trip time was 22.3056 milliseconds in repetition 94
tcp_ping received 65536 bytes back
Round trip time was 21.1158 milliseconds in repetition 95
tcp_ping received 65536 bytes back
Round trip time was 20.1143 milliseconds in repetition 96
tcp_ping received 65536 bytes back
Round trip time was 26.6954 milliseconds in repetition 97
tcp_ping received 65536 bytes back
Round trip time was 22.2799 milliseconds in repetition 98
tcp_ping received 65536 bytes back
Round trip time was 20.7291 milliseconds in repetition 99
tcp_ping received 65536 bytes back
Round trip time was 20.2592 milliseconds in repetition 100
tcp_ping received 65536 bytes back
Round trip time was 20.1165 milliseconds in repetition 101
tcp_ping received 65536 bytes back
Round trip time was 19.4974 milliseconds in repetition 102
tcp_ping received 65536 bytes back
Round trip time was 21.0483 milliseconds in repetition 103
tcp_ping received 65536 bytes back
Round trip time was 21.3983 milliseconds in repetition 104
tcp_ping received 65536 bytes back
Round trip time was 22.0082 milliseconds in repetition 105
tcp_ping received 65536 bytes back
Round trip time was 22.2701 milliseconds in repetition 106
tcp_ping received 65536 bytes back
Round trip time was 22.9306 milliseconds in repetition 107
tcp_ping received 65536 bytes back
Round trip time was 20.5377 milliseconds in repetition 108
tcp_ping received 65536 bytes back
Round trip time was 19.7618 milliseconds in repetition 109
tcp_ping received 65536 bytes back
Round trip time was 22.3249 milliseconds in repetition 110
tcp_ping received 65536 bytes back
Round trip time was 19.4723 milliseconds in repetition 111
tcp_ping received 65536 bytes back
Round trip time was 22.3882 milliseconds in repetition 112
tcp_ping received 65536 bytes back
Round trip time was 19.7614 milliseconds in repetition 113
tcp_ping received 65536 bytes back
Round trip time was 20.6906 milliseconds in repetition 114
tcp_ping received 65536 bytes back
Round trip time was 19.4544 milliseconds in repetition 115
tcp_ping received 65536 bytes back
Round trip time was 20.6865 milliseconds in repetition 116
tcp_ping received 65536 bytes back
Round trip time was 20.4557 milliseconds in repetition 117
tcp_ping received 65536 bytes back
Round trip time was 20.9681 milliseconds in repetition 118
tcp_ping received 65536 bytes back
Round trip time was 20.1704 milliseconds in repetition 119
tcp_ping received 65536 bytes back
Round trip time was 21.9986 milliseconds in repetition 120
tcp_ping received 65536 bytes back
Round trip time was 21.1457 milliseconds in repetition 121
tcp_ping received 65536 bytes back
Round trip time was 22.5512 milliseconds in repetition 122
tcp_ping received 65536 bytes back
Round trip time was 20.0323 milliseconds in repetition 123
tcp_ping received 65536 bytes back
Round trip time was 20.823 milliseconds in repetition 124
tcp_ping received 65536 bytes back
Round trip time was 19.7019 milliseconds in repetition 125
tcp_ping received 65536 bytes back
Round trip time was 20.1329 milliseconds in repetition 126
tcp_ping received 65536 bytes back
Round trip time was 21.5258 milliseconds in repetition 127
tcp_ping received 65536 bytes back
Round trip time was 20.9977 milliseconds in repetition 128
tcp_ping received 65536 bytes back
Round trip time was 20.5806 milliseconds in repetition 129
tcp_ping received 65536 bytes back
Round trip time was 20.7748 milliseconds in repetition 130
tcp_ping received 65536 bytes back
Round trip time was 20.9092 milliseconds in repetition 131
tcp_ping received 65536 bytes back
Round trip time was 19.3793 milliseconds in repetition 132
tcp_ping received 65536 bytes back
Round trip time was 20.0902 milliseconds in repetition 133
tcp_ping received 65536 bytes back
Round trip time was 19.8564 milliseconds in repetition 134
tcp_ping received 65536 bytes back
Round trip time was 21.655 milliseconds in repetition 135
tcp_ping received 65536 bytes back
Round trip time was 20.6769 milliseconds in repetition 136
tcp_ping received 65536 bytes back
Round trip time was 19.3093 milliseconds in repetition 137
tcp_ping received 65536 bytes back
Round trip time was 19.394 milliseconds in repetition 138
tcp_ping received 65536 bytes back
Round trip time was 20.024 milliseconds in repetition 139
tcp_ping received 65536 bytes back
Round trip time was 20.673 milliseconds in repetition 140
tcp_ping received 65536 bytes back
Round trip time was 20.5903 milliseconds in repetition 141
tcp_ping received 65536 bytes back
Round trip time was 20.3935 milliseconds in repetition 142
tcp_ping received 65536 bytes back
Round trip time was 21.1118 milliseconds in repetition 143
tcp_ping received 65536 bytes back
Round trip time was 21.5691 milliseconds in repetition 144
tcp_ping received 65536 bytes back
Round trip time was 19.457 milliseconds in repetition 145
tcp_ping received 65536 bytes back
Round trip time was 20.4156 milliseconds in repetition 146
tcp_ping received 65536 bytes back
Round trip time was 20.1699 milliseconds in repetition 147
tcp_ping received 65536 bytes back
Round trip time was 19.8804 milliseconds in repetition 148
tcp_ping received 65536 bytes back
Round trip time was 20.1655 milliseconds in repetition 149
tcp_ping received 65536 bytes back
Round trip time was 21.6151 milliseconds in repetition 150
tcp_ping received 65536 bytes back
Round trip time was 20.8731 milliseconds in repetition 151
tcp_ping received 65536 bytes back
Round trip time was 20.2276 milliseconds in repetition 152
tcp_ping received 65536 bytes back
Round trip time was 19.5502 milliseconds in repetition 153
tcp_ping received 65536 bytes back
Round trip time was 21.0359 milliseconds in repetition 154
tcp_ping received 65536 bytes back
Round trip time was 20.5677 milliseconds in repetition 155
tcp_ping received 65536 bytes back
Round trip time was 20.7779 milliseconds in repetition 156
tcp_ping received 65536 bytes back
Round trip time was 20.6348 milliseconds in repetition 157
tcp_ping received 65536 bytes back
Round trip time was 20.2607 milliseconds in repetition 158
tcp_ping received 65536 bytes back
Round trip time was 19.9177 milliseconds in repetition 159
tcp_ping received 65536 bytes back
Round trip time was 20.3798 milliseconds in repetition 160
tcp_ping received 65536 bytes back
Round trip time was 21.2011 milliseconds in repetition 161
tcp_ping received 65536 bytes back
Round trip time was 20.5533 milliseconds in repetition 162
tcp_ping received 65536 bytes back
Round trip time was 20.8736 milliseconds in repetition 163
tcp_ping received 65536 bytes back
Round trip time was 20.5564 milliseconds in repetition 164
tcp_ping received 65536 bytes back
Round trip time was 20.5665 milliseconds in repetition 165
tcp_ping received 65536 bytes back
Round trip time was 21.2119 milliseconds in repetition 166
tcp_ping received 65536 bytes back
Round trip time was 21.6967 milliseconds in repetition 167
tcp_ping received 65536 bytes back
Round trip time was 21.415 milliseconds in repetition 168
tcp_ping received 65536 bytes back
Round trip time was 20.8658 milliseconds in repetition 169
tcp_ping received 65536 bytes back
Round trip time was 21.2189 milliseconds in repetition 170
tcp_ping received 65536 bytes back
Round trip time was 20.5523 milliseconds in repetition 171
tcp_ping received 65536 bytes back
Round trip time was 20.2561 milliseconds in repetition 172
tcp_ping received 65536 bytes back
Round trip time was 20.5825 milliseconds in repetition 173
tcp_ping received 65536 bytes back
Round trip time was 21.3527 milliseconds in repetition 174
tcp_ping received 65536 bytes back
Round trip time was 20.5531 milliseconds in repetition 175
tcp_ping received 65536 bytes back
Round trip time was 20.1241 milliseconds in repetition 176
tcp_ping received 65536 bytes back
Round trip time was 21.0778 milliseconds in repetition 177
tcp_ping received 65536 bytes back
Round trip time was 27.1816 milliseconds in repetition 178
tcp_ping received 65536 bytes back
Round trip time was 25.9817 milliseconds in repetition 179
tcp_ping received 65536 bytes back
Round trip time was 23.4684 milliseconds in repetition 180
tcp_ping received 65536 bytes back
Round trip time was 21.2449 milliseconds in repetition 181
tcp_ping received 65536 bytes back
Round trip time was 20.4712 milliseconds in repetition 182
tcp_ping received 65536 bytes back
Round trip time was 19.5833 milliseconds in repetition 183
tcp_ping received 65536 bytes back
Round trip time was 21.0533 milliseconds in repetition 184
tcp_ping received 65536 bytes back
Round trip time was 19.3639 milliseconds in repetition 185
tcp_ping received 65536 bytes back
Round trip time was 20.2136 milliseconds in repetition 186
tcp_ping received 65536 bytes back
Round trip time was 19.7821 milliseconds in repetition 187
tcp_ping received 65536 bytes back
Round trip time was 20.0701 milliseconds in repetition 188
tcp_ping received 65536 bytes back
Round trip time was 20.3221 milliseconds in repetition 189
tcp_ping received 65536 bytes back
Round trip time was 20.3925 milliseconds in repetition 190
tcp_ping received 65536 bytes back
Round trip time was 20.7808 milliseconds in repetition 191
tcp_ping received 65536 bytes back
Round trip time was 20.5579 milliseconds in repetition 192
tcp_ping received 65536 bytes back
Round trip time was 19.9624 milliseconds in repetition 193
tcp_ping received 65536 bytes back
Round trip time was 19.4982 milliseconds in repetition 194
tcp_ping received 65536 bytes back
Round trip time was 20.0662 milliseconds in repetition 195
tcp_ping received 65536 bytes back
Round trip time was 22.5768 milliseconds in repetition 196
tcp_ping received 65536 bytes back
Round trip time was 20.7471 milliseconds in repetition 197
tcp_ping received 65536 bytes back
Round trip time was 20.9331 milliseconds in repetition 198
tcp_ping received 65536 bytes back
Round trip time was 20.4343 milliseconds in repetition 199
tcp_ping received 65536 bytes back
Round trip time was 20.6235 milliseconds in repetition 200
tcp_ping received 65536 bytes back
Round trip time was 20.2878 milliseconds in repetition 201
tcp_ping received 65536 bytes back
Round trip time was 20.2985 milliseconds in repetition 202
tcp_ping received 65536 bytes back
Round trip time was 21.6365 milliseconds in repetition 203
tcp_ping received 65536 bytes back
Round trip time was 20.7833 milliseconds in repetition 204
tcp_ping received 65536 bytes back
Round trip time was 21.716 milliseconds in repetition 205
tcp_ping received 65536 bytes back
Round trip time was 20.0595 milliseconds in repetition 206
tcp_ping received 65536 bytes back
Round trip time was 21.4103 milliseconds in repetition 207
tcp_ping received 65536 bytes back
Round trip time was 20.2414 milliseconds in repetition 208
tcp_ping received 65536 bytes back
Round trip time was 21.4519 milliseconds in repetition 209
tcp_ping received 65536 bytes back
Round trip time was 20.4097 milliseconds in repetition 210
tcp_ping received 65536 bytes back
Round trip time was 22.3528 milliseconds in repetition 211
tcp_ping received 65536 bytes back
Round trip time was 37.5665 milliseconds in repetition 212
tcp_ping received 65536 bytes back
Round trip time was 20.113 milliseconds in repetition 213
tcp_ping received 65536 bytes back
Round trip time was 20.6492 milliseconds in repetition 214
tcp_ping received 65536 bytes back
Round trip time was 19.6812 milliseconds in repetition 215
tcp_ping received 65536 bytes back
Round trip time was 21.0349 milliseconds in repetition 216
tcp_ping received 65536 bytes back
Round trip time was 37.8284 milliseconds in repetition 217
tcp_ping received 65536 bytes back
Round trip time was 20.2311 milliseconds in repetition 218
tcp_ping received 65536 bytes back
Round trip time was 21.596 milliseconds in repetition 219
tcp_ping received 65536 bytes back
Round trip time was 21.2825 milliseconds in repetition 220
tcp_ping received 65536 bytes back
Round trip time was 19.8935 milliseconds in repetition 221
tcp_ping received 65536 bytes back
Round trip time was 34.1506 milliseconds in repetition 222
tcp_ping received 65536 bytes back
Round trip time was 19.4881 milliseconds in repetition 223
tcp_ping received 65536 bytes back
Round trip time was 20.0195 milliseconds in repetition 224
tcp_ping received 65536 bytes back
Round trip time was 23.2232 milliseconds in repetition 225
tcp_ping received 65536 bytes back
Round trip time was 23.5169 milliseconds in repetition 226
tcp_ping received 65536 bytes back
Round trip time was 34.0472 milliseconds in repetition 227
tcp_ping received 65536 bytes back
Round trip time was 21.5559 milliseconds in repetition 228
tcp_ping received 65536 bytes back
Round trip time was 20.593 milliseconds in repetition 229
tcp_ping received 65536 bytes back
Round trip time was 21.2343 milliseconds in repetition 230
tcp_ping received 65536 bytes back
Round trip time was 22.4761 milliseconds in repetition 231
tcp_ping received 65536 bytes back
Round trip time was 32.9565 milliseconds in repetition 232
tcp_ping received 65536 bytes back
Round trip time was 21.7963 milliseconds in repetition 233
tcp_ping received 65536 bytes back
Round trip time was 19.906 milliseconds in repetition 234
tcp_ping received 65536 bytes back
Round trip time was 20.6045 milliseconds in repetition 235
tcp_ping received 65536 bytes back
Round trip time was 19.8365 milliseconds in repetition 236
tcp_ping received 65536 bytes back
Round trip time was 36.2957 milliseconds in repetition 237
tcp_ping received 65536 bytes back
Round trip time was 22.7913 milliseconds in repetition 238
tcp_ping received 65536 bytes back
Round trip time was 20.7617 milliseconds in repetition 239
tcp_ping received 65536 bytes back
Round trip time was 22.067 milliseconds in repetition 240
tcp_ping received 65536 bytes back
Round trip time was 20.818 milliseconds in repetition 241
tcp_ping received 65536 bytes back
Round trip time was 22.3413 milliseconds in repetition 242
tcp_ping received 65536 bytes back
Round trip time was 21.1276 milliseconds in repetition 243
tcp_ping received 65536 bytes back
Round trip time was 20.2913 milliseconds in repetition 244
tcp_ping received 65536 bytes back
Round trip time was 20.211 milliseconds in repetition 245
tcp_ping received 65536 bytes back
Round trip time was 21.127 milliseconds in repetition 246
tcp_ping received 65536 bytes back
Round trip time was 31.486 milliseconds in repetition 247
tcp_ping received 65536 bytes back
Round trip time was 19.9352 milliseconds in repetition 248
tcp_ping received 65536 bytes back
Round trip time was 20.4823 milliseconds in repetition 249
tcp_ping received 65536 bytes back
Round trip time was 24.4718 milliseconds in repetition 250
tcp_ping received 65536 bytes back
Round trip time was 21.503 milliseconds in repetition 251
tcp_ping received 65536 bytes back
Round trip time was 20.242 milliseconds in repetition 252
tcp_ping received 65536 bytes back
Round trip time was 20.5145 milliseconds in repetition 253
tcp_ping received 65536 bytes back
Round trip time was 22.6083 milliseconds in repetition 254
tcp_ping received 65536 bytes back
Round trip time was 21.5217 milliseconds in repetition 255
tcp_ping received 65536 bytes back
Round trip time was 20.3288 milliseconds in repetition 256
tcp_ping received 65536 bytes back
Round trip time was 21.1768 milliseconds in repetition 257
tcp_ping received 65536 bytes back
Round trip time was 22.2147 milliseconds in repetition 258
tcp_ping received 65536 bytes back
Round trip time was 20.9284 milliseconds in repetition 259
tcp_ping received 65536 bytes back
Round trip time was 20.6605 milliseconds in repetition 260
tcp_ping received 65536 bytes back
Round trip time was 20.4605 milliseconds in repetition 261
tcp_ping received 65536 bytes back
Round trip time was 20.9474 milliseconds in repetition 262
tcp_ping received 65536 bytes back
Round trip time was 20.2921 milliseconds in repetition 263
tcp_ping received 65536 bytes back
Round trip time was 20.1243 milliseconds in repetition 264
tcp_ping received 65536 bytes back
Round trip time was 21.0013 milliseconds in repetition 265
tcp_ping received 65536 bytes back
Round trip time was 22.7709 milliseconds in repetition 266
tcp_ping received 65536 bytes back
Round trip time was 20.7931 milliseconds in repetition 267
tcp_ping received 65536 bytes back
Round trip time was 19.844 milliseconds in repetition 268
tcp_ping received 65536 bytes back
Round trip time was 19.8438 milliseconds in repetition 269
tcp_ping received 65536 bytes back
Round trip time was 21.9104 milliseconds in repetition 270
tcp_ping received 65536 bytes back
Round trip time was 20.6945 milliseconds in repetition 271
tcp_ping received 65536 bytes back
Round trip time was 20.6997 milliseconds in repetition 272
tcp_ping received 65536 bytes back
Round trip time was 22.6521 milliseconds in repetition 273
tcp_ping received 65536 bytes back
Round trip time was 20.8502 milliseconds in repetition 274
tcp_ping received 65536 bytes back
Round trip time was 21.7034 milliseconds in repetition 275
tcp_ping received 65536 bytes back
Round trip time was 21.3013 milliseconds in repetition 276
tcp_ping received 65536 bytes back
Round trip time was 20.8301 milliseconds in repetition 277
tcp_ping received 65536 bytes back
Round trip time was 19.9061 milliseconds in repetition 278
tcp_ping received 65536 bytes back
Round trip time was 20.506 milliseconds in repetition 279
tcp_ping received 65536 bytes back
Round trip time was 20.766 milliseconds in repetition 280
tcp_ping received 65536 bytes back
Round trip time was 19.9434 milliseconds in repetition 281
tcp_ping received 65536 bytes back
Round trip time was 20.8994 milliseconds in repetition 282
tcp_ping received 65536 bytes back
Round trip time was 21.4565 milliseconds in repetition 283
tcp_ping received 65536 bytes back
Round trip time was 21.0674 milliseconds in repetition 284
tcp_ping received 65536 bytes back
Round trip time was 20.1155 milliseconds in repetition 285
tcp_ping received 65536 bytes back
Round trip time was 20.2486 milliseconds in repetition 286
tcp_ping received 65536 bytes back
Round trip time was 20.2447 milliseconds in repetition 287
tcp_ping received 65536 bytes back
Round trip time was 21.2981 milliseconds in repetition 288
tcp_ping received 65536 bytes back
Round trip time was 21.2617 milliseconds in repetition 289
tcp_ping received 65536 bytes back
Round trip time was 23.9206 milliseconds in repetition 290
tcp_ping received 65536 bytes back
Round trip time was 20.761 milliseconds in repetition 291
tcp_ping received 65536 bytes back
Round trip time was 20.0718 milliseconds in repetition 292
tcp_ping received 65536 bytes back
Round trip time was 21.7596 milliseconds in repetition 293
tcp_ping received 65536 bytes back
Round trip time was 20.7758 milliseconds in repetition 294
tcp_ping received 65536 bytes back
Round trip time was 22.0119 milliseconds in repetition 295
tcp_ping received 65536 bytes back
Round trip time was 20.962 milliseconds in repetition 296
tcp_ping received 65536 bytes back
Round trip time was 20.7686 milliseconds in repetition 297
tcp_ping received 65536 bytes back
Round trip time was 21.1173 milliseconds in repetition 298
tcp_ping received 65536 bytes back
Round trip time was 22.7354 milliseconds in repetition 299
tcp_ping received 65536 bytes back
Round trip time was 20.2625 milliseconds in repetition 300
tcp_ping received 65536 bytes back
Round trip time was 20.2393 milliseconds in repetition 301
tcp_ping received 65536 bytes back
Round trip time was 20.1307 milliseconds in repetition 302
tcp_ping received 65536 bytes back
Round trip time was 20.7486 milliseconds in repetition 303
tcp_ping received 65536 bytes back
Round trip time was 21.5156 milliseconds in repetition 304
tcp_ping received 65536 bytes back
Round trip time was 19.8151 milliseconds in repetition 305
tcp_ping received 65536 bytes back
Round trip time was 20.1434 milliseconds in repetition 306
tcp_ping received 65536 bytes back
Round trip time was 19.7822 milliseconds in repetition 307
tcp_ping received 65536 bytes back
Round trip time was 21.8276 milliseconds in repetition 308
tcp_ping received 65536 bytes back
Round trip time was 21.6848 milliseconds in repetition 309
tcp_ping received 65536 bytes back
Round trip time was 22.7117 milliseconds in repetition 310
tcp_ping received 65536 bytes back
Round trip time was 20.6921 milliseconds in repetition 311
tcp_ping received 65536 bytes back
Round trip time was 20.6334 milliseconds in repetition 312
tcp_ping received 65536 bytes back
Round trip time was 20.4301 milliseconds in repetition 313
tcp_ping received 65536 bytes back
Round trip time was 19.3161 milliseconds in repetition 314
tcp_ping received 65536 bytes back
Round trip time was 20.6513 milliseconds in repetition 315
tcp_ping received 65536 bytes back
Round trip time was 19.5896 milliseconds in repetition 316
tcp_ping received 65536 bytes back
Round trip time was 21.7927 milliseconds in repetition 317
tcp_ping received 65536 bytes back
Round trip time was 19.8767 milliseconds in repetition 318
tcp_ping received 65536 bytes back
Round trip time was 19.6247 milliseconds in repetition 319
tcp_ping received 65536 bytes back
Round trip time was 24.2934 milliseconds in repetition 320
tcp_ping received 65536 bytes back
Round trip time was 20.0519 milliseconds in repetition 321
tcp_ping received 65536 bytes back
Round trip time was 20.1372 milliseconds in repetition 322
tcp_ping received 65536 bytes back
Round trip time was 21.0432 milliseconds in repetition 323
tcp_ping received 65536 bytes back
Round trip time was 20.8215 milliseconds in repetition 324
tcp_ping received 65536 bytes back
Round trip time was 21.4032 milliseconds in repetition 325
tcp_ping received 65536 bytes back
Round trip time was 20.1666 milliseconds in repetition 326
tcp_ping received 65536 bytes back
Round trip time was 20.3979 milliseconds in repetition 327
tcp_ping received 65536 bytes back
Round trip time was 19.956 milliseconds in repetition 328
tcp_ping received 65536 bytes back
Round trip time was 20.7878 milliseconds in repetition 329
tcp_ping received 65536 bytes back
Round trip time was 20.1761 milliseconds in repetition 330
tcp_ping received 65536 bytes back
Round trip time was 20.4237 milliseconds in repetition 331
tcp_ping received 65536 bytes back
Round trip time was 19.7624 milliseconds in repetition 332
tcp_ping received 65536 bytes back
Round trip time was 20.7715 milliseconds in repetition 333
tcp_ping received 65536 bytes back
Round trip time was 20.1259 milliseconds in repetition 334
tcp_ping received 65536 bytes back
Round trip time was 20.7709 milliseconds in repetition 335
tcp_ping received 65536 bytes back
Round trip time was 20.55 milliseconds in repetition 336
tcp_ping received 65536 bytes back
Round trip time was 20.0017 milliseconds in repetition 337
tcp_ping received 65536 bytes back
Round trip time was 20.147 milliseconds in repetition 338
tcp_ping received 65536 bytes back
Round trip time was 22.5385 milliseconds in repetition 339
tcp_ping received 65536 bytes back
Round trip time was 19.6934 milliseconds in repetition 340
tcp_ping received 65536 bytes back
Round trip time was 22.6928 milliseconds in repetition 341
tcp_ping received 65536 bytes back
Round trip time was 22.8905 milliseconds in repetition 342
tcp_ping received 65536 bytes back
Round trip time was 21.2229 milliseconds in repetition 343
tcp_ping received 65536 bytes back
Round trip time was 21.2717 milliseconds in repetition 344
tcp_ping received 65536 bytes back
Round trip time was 21.8014 milliseconds in repetition 345
tcp_ping received 65536 bytes back
Round trip time was 21.7965 milliseconds in repetition 346
tcp_ping received 65536 bytes back
Round trip time was 20.6114 milliseconds in repetition 347
tcp_ping received 65536 bytes back
Round trip time was 26.1743 milliseconds in repetition 348
tcp_ping received 65536 bytes back
Round trip time was 20.4853 milliseconds in repetition 349
tcp_ping received 65536 bytes back
Round trip time was 20.2183 milliseconds in repetition 350
tcp_ping received 65536 bytes back
Round trip time was 20.3358 milliseconds in repetition 351
tcp_ping received 65536 bytes back
Round trip time was 21.8856 milliseconds in repetition 352
tcp_ping received 65536 bytes back
Round trip time was 21.4182 milliseconds in repetition 353
tcp_ping received 65536 bytes back
Round trip time was 20.3285 milliseconds in repetition 354
tcp_ping received 65536 bytes back
Round trip time was 20.9524 milliseconds in repetition 355
tcp_ping received 65536 bytes back
Round trip time was 20.2495 milliseconds in repetition 356
tcp_ping received 65536 bytes back
Round trip time was 21.9574 milliseconds in repetition 357
tcp_ping received 65536 bytes back
Round trip time was 20.3881 milliseconds in repetition 358
tcp_ping received 65536 bytes back
Round trip time was 20.2698 milliseconds in repetition 359
tcp_ping received 65536 bytes back
Round trip time was 20.4772 milliseconds in repetition 360
tcp_ping received 65536 bytes back
Round trip time was 21.9235 milliseconds in repetition 361
tcp_ping received 65536 bytes back
Round trip time was 21.9067 milliseconds in repetition 362
tcp_ping received 65536 bytes back
Round trip time was 20.795 milliseconds in repetition 363
tcp_ping received 65536 bytes back
Round trip time was 20.5905 milliseconds in repetition 364
tcp_ping received 65536 bytes back
Round trip time was 22.2511 milliseconds in repetition 365
tcp_ping received 65536 bytes back
Round trip time was 21.5639 milliseconds in repetition 366
tcp_ping received 65536 bytes back
Round trip time was 19.8001 milliseconds in repetition 367
tcp_ping received 65536 bytes back
Round trip time was 20.6132 milliseconds in repetition 368
tcp_ping received 65536 bytes back
Round trip time was 20.7372 milliseconds in repetition 369
tcp_ping received 65536 bytes back
Round trip time was 21.0975 milliseconds in repetition 370
tcp_ping received 65536 bytes back
Round trip time was 19.3865 milliseconds in repetition 371
tcp_ping received 65536 bytes back
Round trip time was 20.7662 milliseconds in repetition 372
tcp_ping received 65536 bytes back
Round trip time was 18.893 milliseconds in repetition 373
tcp_ping received 65536 bytes back
Round trip time was 20.6556 milliseconds in repetition 374
tcp_ping received 65536 bytes back
Round trip time was 19.6887 milliseconds in repetition 375
tcp_ping received 65536 bytes back
Round trip time was 19.8358 milliseconds in repetition 376
tcp_ping received 65536 bytes back
Round trip time was 19.9846 milliseconds in repetition 377
tcp_ping received 65536 bytes back
Round trip time was 21.1928 milliseconds in repetition 378
tcp_ping received 65536 bytes back
Round trip time was 20.9 milliseconds in repetition 379
tcp_ping received 65536 bytes back
Round trip time was 20.9266 milliseconds in repetition 380
tcp_ping received 65536 bytes back
Round trip time was 19.5701 milliseconds in repetition 381
tcp_ping received 65536 bytes back
Round trip time was 19.5107 milliseconds in repetition 382
tcp_ping received 65536 bytes back
Round trip time was 23.0717 milliseconds in repetition 383
tcp_ping received 65536 bytes back
Round trip time was 21.7473 milliseconds in repetition 384
tcp_ping received 65536 bytes back
Round trip time was 20.6673 milliseconds in repetition 385
tcp_ping received 65536 bytes back
Round trip time was 20.8358 milliseconds in repetition 386
tcp_ping received 65536 bytes back
Round trip time was 20.7916 milliseconds in repetition 387
tcp_ping received 65536 bytes back
Round trip time was 21.4346 milliseconds in repetition 388
tcp_ping received 65536 bytes back
Round trip time was 21.3644 milliseconds in repetition 389
tcp_ping received 65536 bytes back
Round trip time was 23.5384 milliseconds in repetition 390
tcp_ping received 65536 bytes back
Round trip time was 21.4493 milliseconds in repetition 391
tcp_ping received 65536 bytes back
Round trip time was 20.2446 milliseconds in repetition 392
tcp_ping received 65536 bytes back
Round trip time was 20.1829 milliseconds in repetition 393
tcp_ping received 65536 bytes back
Round trip time was 19.7398 milliseconds in repetition 394
tcp_ping received 65536 bytes back
Round trip time was 20.5629 milliseconds in repetition 395
tcp_ping received 65536 bytes back
Round trip time was 20.2718 milliseconds in repetition 396
tcp_ping received 65536 bytes back
Round trip time was 21.0241 milliseconds in repetition 397
tcp_ping received 65536 bytes back
Round trip time was 20.6395 milliseconds in repetition 398
tcp_ping received 65536 bytes back
Round trip time was 20.5726 milliseconds in repetition 399
tcp_ping received 65536 bytes back
Round trip time was 22.2925 milliseconds in repetition 400
tcp_ping received 65536 bytes back
Round trip time was 20.9883 milliseconds in repetition 401
tcp_ping received 65536 bytes back
Round trip time was 20.6786 milliseconds in repetition 402
tcp_ping received 65536 bytes back
Round trip time was 21.7913 milliseconds in repetition 403
tcp_ping received 65536 bytes back
Round trip time was 26.1656 milliseconds in repetition 404
tcp_ping received 65536 bytes back
Round trip time was 23.5967 milliseconds in repetition 405
tcp_ping received 65536 bytes back
Round trip time was 21.2628 milliseconds in repetition 406
tcp_ping received 65536 bytes back
Round trip time was 20.2877 milliseconds in repetition 407
tcp_ping received 65536 bytes back
Round trip time was 19.8803 milliseconds in repetition 408
tcp_ping received 65536 bytes back
Round trip time was 21.331 milliseconds in repetition 409
tcp_ping received 65536 bytes back
Round trip time was 20.113 milliseconds in repetition 410
tcp_ping received 65536 bytes back
Round trip time was 19.6706 milliseconds in repetition 411
tcp_ping received 65536 bytes back
Round trip time was 21.3333 milliseconds in repetition 412
tcp_ping received 65536 bytes back
Round trip time was 20.4704 milliseconds in repetition 413
tcp_ping received 65536 bytes back
Round trip time was 20.4034 milliseconds in repetition 414
tcp_ping received 65536 bytes back
Round trip time was 19.4894 milliseconds in repetition 415
tcp_ping received 65536 bytes back
Round trip time was 19.35 milliseconds in repetition 416
tcp_ping received 65536 bytes back
Round trip time was 20.2608 milliseconds in repetition 417
tcp_ping received 65536 bytes back
Round trip time was 19.9491 milliseconds in repetition 418
tcp_ping received 65536 bytes back
Round trip time was 20.4464 milliseconds in repetition 419
tcp_ping received 65536 bytes back
Round trip time was 19.7546 milliseconds in repetition 420
tcp_ping received 65536 bytes back
Round trip time was 22.4289 milliseconds in repetition 421
tcp_ping received 65536 bytes back
Round trip time was 20.0732 milliseconds in repetition 422
tcp_ping received 65536 bytes back
Round trip time was 20.3548 milliseconds in repetition 423
tcp_ping received 65536 bytes back
Round trip time was 19.5434 milliseconds in repetition 424
tcp_ping received 65536 bytes back
Round trip time was 20.3042 milliseconds in repetition 425
tcp_ping received 65536 bytes back
Round trip time was 21.4872 milliseconds in repetition 426
tcp_ping received 65536 bytes back
Round trip time was 20.3179 milliseconds in repetition 427
tcp_ping received 65536 bytes back
Round trip time was 20.1701 milliseconds in repetition 428
tcp_ping received 65536 bytes back
Round trip time was 19.4174 milliseconds in repetition 429
tcp_ping received 65536 bytes back
Round trip time was 25.8144 milliseconds in repetition 430
tcp_ping received 65536 bytes back
Round trip time was 20.9432 milliseconds in repetition 431
tcp_ping received 65536 bytes back
Round trip time was 20.6193 milliseconds in repetition 432
tcp_ping received 65536 bytes back
Round trip time was 21.7026 milliseconds in repetition 433
tcp_ping received 65536 bytes back
Round trip time was 20.4106 milliseconds in repetition 434
tcp_ping received 65536 bytes back
Round trip time was 21.0884 milliseconds in repetition 435
tcp_ping received 65536 bytes back
Round trip time was 21.5837 milliseconds in repetition 436
tcp_ping received 65536 bytes back
Round trip time was 22.0889 milliseconds in repetition 437
tcp_ping received 65536 bytes back
Round trip time was 21.0564 milliseconds in repetition 438
tcp_ping received 65536 bytes back
Round trip time was 20.1844 milliseconds in repetition 439
tcp_ping received 65536 bytes back
Round trip time was 23.1156 milliseconds in repetition 440
tcp_ping received 65536 bytes back
Round trip time was 19.8107 milliseconds in repetition 441
tcp_ping received 65536 bytes back
Round trip time was 23.9135 milliseconds in repetition 442
tcp_ping received 65536 bytes back
Round trip time was 19.8651 milliseconds in repetition 443
tcp_ping received 65536 bytes back
Round trip time was 23.161 milliseconds in repetition 444
tcp_ping received 65536 bytes back
Round trip time was 19.9723 milliseconds in repetition 445
tcp_ping received 65536 bytes back
Round trip time was 19.9856 milliseconds in repetition 446
tcp_ping received 65536 bytes back
Round trip time was 21.3321 milliseconds in repetition 447
tcp_ping received 65536 bytes back
Round trip time was 21.0862 milliseconds in repetition 448
tcp_ping received 65536 bytes back
Round trip time was 20.8646 milliseconds in repetition 449
tcp_ping received 65536 bytes back
Round trip time was 20.9161 milliseconds in repetition 450
tcp_ping received 65536 bytes back
Round trip time was 19.9792 milliseconds in repetition 451
tcp_ping received 65536 bytes back
Round trip time was 43.7864 milliseconds in repetition 452
tcp_ping received 65536 bytes back
Round trip time was 19.6634 milliseconds in repetition 453
tcp_ping received 65536 bytes back
Round trip time was 21.0686 milliseconds in repetition 454
tcp_ping received 65536 bytes back
Round trip time was 19.1584 milliseconds in repetition 455
tcp_ping received 65536 bytes back
Round trip time was 21.3222 milliseconds in repetition 456
tcp_ping received 65536 bytes back
Round trip time was 37.0969 milliseconds in repetition 457
tcp_ping received 65536 bytes back
Round trip time was 20.7007 milliseconds in repetition 458
tcp_ping received 65536 bytes back
Round trip time was 20.1155 milliseconds in repetition 459
tcp_ping received 65536 bytes back
Round trip time was 23.5222 milliseconds in repetition 460
tcp_ping received 65536 bytes back
Round trip time was 20.9741 milliseconds in repetition 461
tcp_ping received 65536 bytes back
Round trip time was 34.5457 milliseconds in repetition 462
tcp_ping received 65536 bytes back
Round trip time was 20.1983 milliseconds in repetition 463
tcp_ping received 65536 bytes back
Round trip time was 22.4904 milliseconds in repetition 464
tcp_ping received 65536 bytes back
Round trip time was 21.5981 milliseconds in repetition 465
tcp_ping received 65536 bytes back
Round trip time was 21.1536 milliseconds in repetition 466
tcp_ping received 65536 bytes back
Round trip time was 36.3608 milliseconds in repetition 467
tcp_ping received 65536 bytes back
Round trip time was 20.3954 milliseconds in repetition 468
tcp_ping received 65536 bytes back
Round trip time was 21.5449 milliseconds in repetition 469
tcp_ping received 65536 bytes back
Round trip time was 21.0028 milliseconds in repetition 470
tcp_ping received 65536 bytes back
Round trip time was 52.1393 milliseconds in repetition 471
tcp_ping received 65536 bytes back
Round trip time was 20.4394 milliseconds in repetition 472
tcp_ping received 65536 bytes back
Round trip time was 20.809 milliseconds in repetition 473
tcp_ping received 65536 bytes back
Round trip time was 19.6099 milliseconds in repetition 474
tcp_ping received 65536 bytes back
Round trip time was 22.5646 milliseconds in repetition 475
tcp_ping received 65536 bytes back
Round trip time was 20.1692 milliseconds in repetition 476
tcp_ping received 65536 bytes back
Round trip time was 19.9284 milliseconds in repetition 477
tcp_ping received 65536 bytes back
Round trip time was 19.8012 milliseconds in repetition 478
tcp_ping received 65536 bytes back
Round trip time was 20.7523 milliseconds in repetition 479
tcp_ping received 65536 bytes back
Round trip time was 22.2531 milliseconds in repetition 480
tcp_ping received 65536 bytes back
Round trip time was 20.2407 milliseconds in repetition 481
tcp_ping received 65536 bytes back
Round trip time was 21.7136 milliseconds in repetition 482
tcp_ping received 65536 bytes back
Round trip time was 21.8805 milliseconds in repetition 483
tcp_ping received 65536 bytes back
Round trip time was 20.1442 milliseconds in repetition 484
tcp_ping received 65536 bytes back
Round trip time was 20.3923 milliseconds in repetition 485
tcp_ping received 65536 bytes back
Round trip time was 22.0547 milliseconds in repetition 486
tcp_ping received 65536 bytes back
Round trip time was 22.1218 milliseconds in repetition 487
tcp_ping received 65536 bytes back
Round trip time was 21.7174 milliseconds in repetition 488
tcp_ping received 65536 bytes back
Round trip time was 22.3331 milliseconds in repetition 489
tcp_ping received 65536 bytes back
Round trip time was 21.2989 milliseconds in repetition 490
tcp_ping received 65536 bytes back
Round trip time was 20.488 milliseconds in repetition 491
tcp_ping received 65536 bytes back
Round trip time was 36.4263 milliseconds in repetition 492
tcp_ping received 65536 bytes back
Round trip time was 20.7586 milliseconds in repetition 493
tcp_ping received 65536 bytes back
Round trip time was 21.9531 milliseconds in repetition 494
tcp_ping received 65536 bytes back
Round trip time was 20.5539 milliseconds in repetition 495
tcp_ping received 65536 bytes back
Round trip time was 21.7039 milliseconds in repetition 496
tcp_ping received 65536 bytes back
Round trip time was 20.5549 milliseconds in repetition 497
tcp_ping received 65536 bytes back
Round trip time was 21.7255 milliseconds in repetition 498
tcp_ping received 65536 bytes back
Round trip time was 20.1952 milliseconds in repetition 499
tcp_ping received 65536 bytes back
Round trip time was 20.3165 milliseconds in repetition 500
tcp_ping received 65536 bytes back
Round trip time was 21.2251 milliseconds in repetition 501

 ... clock resolution was 1e-06
TCP Ping:  Statistics over 501 repetitions of 65536 byte messages

RTT : percentile 10: 19.8001, median: 20.7523, percentile 90: 22.965, average: 21.6561, variance: 28.4533

RTT histogram:
18.893 357
23.904 126
28.915 3
33.926 9
38.937 3
43.948 1
48.959 0
53.97 1
58.981 0
63.992 0
69.003 0
74.014 0
79.025 0
84.036 0
89.047 0
94.058 0
99.069 0
104.08 0
109.091 0
114.102 0
119.113 1

   median Throughput : 6316.03 KB/s   overall Throughput : 6052.43 KB/s

