TCP Ping trying to connect to server seti.dibris.unige.it (130.251.61.30) on port 1491
 ... connected to Pong server: asking for 101 repetitions of 32768 bytes TCP messages
Received answer: 'OK
'
 ... Pong server agreed :-)
tcp_ping received 32768 bytes back
Round trip time was 362.249 milliseconds in repetition 1
tcp_ping received 32768 bytes back
Round trip time was 125.432 milliseconds in repetition 2
tcp_ping received 32768 bytes back
Round trip time was 137.248 milliseconds in repetition 3
tcp_ping received 32768 bytes back
Round trip time was 384.367 milliseconds in repetition 4
tcp_ping received 32768 bytes back
Round trip time was 119.3 milliseconds in repetition 5
tcp_ping received 32768 bytes back
Round trip time was 114.779 milliseconds in repetition 6
tcp_ping received 32768 bytes back
Round trip time was 140.91 milliseconds in repetition 7
tcp_ping received 32768 bytes back
Round trip time was 111.358 milliseconds in repetition 8
tcp_ping received 32768 bytes back
Round trip time was 105.018 milliseconds in repetition 9
tcp_ping received 32768 bytes back
Round trip time was 104.366 milliseconds in repetition 10
tcp_ping received 32768 bytes back
Round trip time was 112.927 milliseconds in repetition 11
tcp_ping received 32768 bytes back
Round trip time was 190.454 milliseconds in repetition 12
tcp_ping received 32768 bytes back
Round trip time was 110.249 milliseconds in repetition 13
tcp_ping received 32768 bytes back
Round trip time was 101.46 milliseconds in repetition 14
tcp_ping received 32768 bytes back
Round trip time was 119.047 milliseconds in repetition 15
tcp_ping received 32768 bytes back
Round trip time was 131.454 milliseconds in repetition 16
tcp_ping received 32768 bytes back
Round trip time was 177.248 milliseconds in repetition 17
tcp_ping received 32768 bytes back
Round trip time was 631.944 milliseconds in repetition 18
tcp_ping received 32768 bytes back
Round trip time was 142.286 milliseconds in repetition 19
tcp_ping received 32768 bytes back
Round trip time was 131.982 milliseconds in repetition 20
tcp_ping received 32768 bytes back
Round trip time was 154.098 milliseconds in repetition 21
tcp_ping received 32768 bytes back
Round trip time was 150.132 milliseconds in repetition 22
tcp_ping received 32768 bytes back
Round trip time was 236.209 milliseconds in repetition 23
tcp_ping received 32768 bytes back
Round trip time was 164.323 milliseconds in repetition 24
tcp_ping received 32768 bytes back
Round trip time was 240.589 milliseconds in repetition 25
tcp_ping received 32768 bytes back
Round trip time was 109.954 milliseconds in repetition 26
tcp_ping received 32768 bytes back
Round trip time was 135.284 milliseconds in repetition 27
tcp_ping received 32768 bytes back
Round trip time was 226.022 milliseconds in repetition 28
tcp_ping received 32768 bytes back
Round trip time was 136.498 milliseconds in repetition 29
tcp_ping received 32768 bytes back
Round trip time was 119.018 milliseconds in repetition 30
tcp_ping received 32768 bytes back
Round trip time was 113.283 milliseconds in repetition 31
tcp_ping received 32768 bytes back
Round trip time was 215.356 milliseconds in repetition 32
tcp_ping received 32768 bytes back
Round trip time was 158.651 milliseconds in repetition 33
tcp_ping received 32768 bytes back
Round trip time was 129.693 milliseconds in repetition 34
tcp_ping received 32768 bytes back
Round trip time was 139.963 milliseconds in repetition 35
tcp_ping received 32768 bytes back
Round trip time was 111.294 milliseconds in repetition 36
tcp_ping received 32768 bytes back
Round trip time was 116.063 milliseconds in repetition 37
tcp_ping received 32768 bytes back
Round trip time was 210.08 milliseconds in repetition 38
tcp_ping received 32768 bytes back
Round trip time was 185.119 milliseconds in repetition 39
tcp_ping received 32768 bytes back
Round trip time was 254.303 milliseconds in repetition 40
tcp_ping received 32768 bytes back
Round trip time was 131.809 milliseconds in repetition 41
tcp_ping received 32768 bytes back
Round trip time was 130.934 milliseconds in repetition 42
tcp_ping received 32768 bytes back
Round trip time was 266.318 milliseconds in repetition 43
tcp_ping received 32768 bytes back
Round trip time was 118.761 milliseconds in repetition 44
tcp_ping received 32768 bytes back
Round trip time was 148.771 milliseconds in repetition 45
tcp_ping received 32768 bytes back
Round trip time was 119.669 milliseconds in repetition 46
tcp_ping received 32768 bytes back
Round trip time was 137.602 milliseconds in repetition 47
tcp_ping received 32768 bytes back
Round trip time was 129.202 milliseconds in repetition 48
tcp_ping received 32768 bytes back
Round trip time was 119.81 milliseconds in repetition 49
tcp_ping received 32768 bytes back
Round trip time was 137.109 milliseconds in repetition 50
tcp_ping received 32768 bytes back
Round trip time was 164.292 milliseconds in repetition 51
tcp_ping received 32768 bytes back
Round trip time was 290.129 milliseconds in repetition 52
tcp_ping received 32768 bytes back
Round trip time was 129.609 milliseconds in repetition 53
tcp_ping received 32768 bytes back
Round trip time was 102.013 milliseconds in repetition 54
tcp_ping received 32768 bytes back
Round trip time was 123.653 milliseconds in repetition 55
tcp_ping received 32768 bytes back
Round trip time was 114.728 milliseconds in repetition 56
tcp_ping received 32768 bytes back
Round trip time was 122.118 milliseconds in repetition 57
tcp_ping received 32768 bytes back
Round trip time was 105.147 milliseconds in repetition 58
tcp_ping received 32768 bytes back
Round trip time was 97.4586 milliseconds in repetition 59
tcp_ping received 32768 bytes back
Round trip time was 177.273 milliseconds in repetition 60
tcp_ping received 32768 bytes back
Round trip time was 122.597 milliseconds in repetition 61
tcp_ping received 32768 bytes back
Round trip time was 125.012 milliseconds in repetition 62
tcp_ping received 32768 bytes back
Round trip time was 126.852 milliseconds in repetition 63
tcp_ping received 32768 bytes back
Round trip time was 146.785 milliseconds in repetition 64
tcp_ping received 32768 bytes back
Round trip time was 133.327 milliseconds in repetition 65
tcp_ping received 32768 bytes back
Round trip time was 115.373 milliseconds in repetition 66
tcp_ping received 32768 bytes back
Round trip time was 136.498 milliseconds in repetition 67
tcp_ping received 32768 bytes back
Round trip time was 136.399 milliseconds in repetition 68
tcp_ping received 32768 bytes back
Round trip time was 103.236 milliseconds in repetition 69
tcp_ping received 32768 bytes back
Round trip time was 134.31 milliseconds in repetition 70
tcp_ping received 32768 bytes back
Round trip time was 153.878 milliseconds in repetition 71
tcp_ping received 32768 bytes back
Round trip time was 110.132 milliseconds in repetition 72
tcp_ping received 32768 bytes back
Round trip time was 128.689 milliseconds in repetition 73
tcp_ping received 32768 bytes back
Round trip time was 106.767 milliseconds in repetition 74
tcp_ping received 32768 bytes back
Round trip time was 253.14 milliseconds in repetition 75
tcp_ping received 32768 bytes back
Round trip time was 130.61 milliseconds in repetition 76
tcp_ping received 32768 bytes back
Round trip time was 300.015 milliseconds in repetition 77
tcp_ping received 32768 bytes back
Round trip time was 175.684 milliseconds in repetition 78
tcp_ping received 32768 bytes back
Round trip time was 209.092 milliseconds in repetition 79
tcp_ping received 32768 bytes back
Round trip time was 140.435 milliseconds in repetition 80
tcp_ping received 32768 bytes back
Round trip time was 135.712 milliseconds in repetition 81
tcp_ping received 32768 bytes back
Round trip time was 102.677 milliseconds in repetition 82
tcp_ping received 32768 bytes back
Round trip time was 154.722 milliseconds in repetition 83
tcp_ping received 32768 bytes back
Round trip time was 132.821 milliseconds in repetition 84
tcp_ping received 32768 bytes back
Round trip time was 109.875 milliseconds in repetition 85
tcp_ping received 32768 bytes back
Round trip time was 121.232 milliseconds in repetition 86
tcp_ping received 32768 bytes back
Round trip time was 97.9111 milliseconds in repetition 87
tcp_ping received 32768 bytes back
Round trip time was 110.751 milliseconds in repetition 88
tcp_ping received 32768 bytes back
Round trip time was 181.115 milliseconds in repetition 89
tcp_ping received 32768 bytes back
Round trip time was 135.401 milliseconds in repetition 90
tcp_ping received 32768 bytes back
Round trip time was 133.141 milliseconds in repetition 91
tcp_ping received 32768 bytes back
Round trip time was 114.569 milliseconds in repetition 92
tcp_ping received 32768 bytes back
Round trip time was 114.824 milliseconds in repetition 93
tcp_ping received 32768 bytes back
Round trip time was 119.342 milliseconds in repetition 94
tcp_ping received 32768 bytes back
Round trip time was 124.18 milliseconds in repetition 95
tcp_ping received 32768 bytes back
Round trip time was 114.209 milliseconds in repetition 96
tcp_ping received 32768 bytes back
Round trip time was 132.562 milliseconds in repetition 97
tcp_ping received 32768 bytes back
Round trip time was 135.271 milliseconds in repetition 98
tcp_ping received 32768 bytes back
Round trip time was 124.089 milliseconds in repetition 99
tcp_ping received 32768 bytes back
Round trip time was 114.187 milliseconds in repetition 100
tcp_ping received 32768 bytes back
Round trip time was 250.399 milliseconds in repetition 101

 ... clock resolution was 1e-06
TCP Ping:  Statistics over 101 repetitions of 32768 byte messages

RTT : percentile 10: 109.875, median: 131.809, percentile 90: 236.209, average: 153.21, variance: 5237.13

RTT histogram:
97.4586 15
124.183 51
150.907 12
177.631 8
204.356 3
231.08 3
257.804 4
284.529 1
311.253 1
337.977 0
364.701 1
391.426 1
418.15 0
444.874 0
471.599 0
498.323 0
525.047 0
551.771 0
578.496 0
605.22 0
631.944 1

   median Throughput : 497.203 KB/s   overall Throughput : 427.752 KB/s

