TCP Ping trying to connect to server seti.dibris.unige.it (130.251.61.30) on port 1491
 ... connected to Pong server: asking for 101 repetitions of 256 bytes TCP messages
Received answer: 'OK
'
 ... Pong server agreed :-)
tcp_ping received 256 bytes back
Round trip time was 92.567 milliseconds in repetition 1
tcp_ping received 256 bytes back
Round trip time was 98.0666 milliseconds in repetition 2
tcp_ping received 256 bytes back
Round trip time was 54.9782 milliseconds in repetition 3
tcp_ping received 256 bytes back
Round trip time was 74.4395 milliseconds in repetition 4
tcp_ping received 256 bytes back
Round trip time was 68.9206 milliseconds in repetition 5
tcp_ping received 256 bytes back
Round trip time was 53.9115 milliseconds in repetition 6
tcp_ping received 256 bytes back
Round trip time was 400.374 milliseconds in repetition 7
tcp_ping received 256 bytes back
Round trip time was 233.821 milliseconds in repetition 8
tcp_ping received 256 bytes back
Round trip time was 160.849 milliseconds in repetition 9
tcp_ping received 256 bytes back
Round trip time was 169.763 milliseconds in repetition 10
tcp_ping received 256 bytes back
Round trip time was 75.2658 milliseconds in repetition 11
tcp_ping received 256 bytes back
Round trip time was 273.493 milliseconds in repetition 12
tcp_ping received 256 bytes back
Round trip time was 59.7118 milliseconds in repetition 13
tcp_ping received 256 bytes back
Round trip time was 85.0526 milliseconds in repetition 14
tcp_ping received 256 bytes back
Round trip time was 72.8513 milliseconds in repetition 15
tcp_ping received 256 bytes back
Round trip time was 59.7701 milliseconds in repetition 16
tcp_ping received 256 bytes back
Round trip time was 75.7544 milliseconds in repetition 17
tcp_ping received 256 bytes back
Round trip time was 133.241 milliseconds in repetition 18
tcp_ping received 256 bytes back
Round trip time was 88.8746 milliseconds in repetition 19
tcp_ping received 256 bytes back
Round trip time was 103.242 milliseconds in repetition 20
tcp_ping received 256 bytes back
Round trip time was 124.282 milliseconds in repetition 21
tcp_ping received 256 bytes back
Round trip time was 76.2022 milliseconds in repetition 22
tcp_ping received 256 bytes back
Round trip time was 91.2149 milliseconds in repetition 23
tcp_ping received 256 bytes back
Round trip time was 57.9138 milliseconds in repetition 24
tcp_ping received 256 bytes back
Round trip time was 92.733 milliseconds in repetition 25
tcp_ping received 256 bytes back
Round trip time was 89.53 milliseconds in repetition 26
tcp_ping received 256 bytes back
Round trip time was 121.974 milliseconds in repetition 27
tcp_ping received 256 bytes back
Round trip time was 124.097 milliseconds in repetition 28
tcp_ping received 256 bytes back
Round trip time was 71.8505 milliseconds in repetition 29
tcp_ping received 256 bytes back
Round trip time was 64.9531 milliseconds in repetition 30
tcp_ping received 256 bytes back
Round trip time was 76.7657 milliseconds in repetition 31
tcp_ping received 256 bytes back
Round trip time was 61.9904 milliseconds in repetition 32
tcp_ping received 256 bytes back
Round trip time was 66.453 milliseconds in repetition 33
tcp_ping received 256 bytes back
Round trip time was 59.3533 milliseconds in repetition 34
tcp_ping received 256 bytes back
Round trip time was 99.9515 milliseconds in repetition 35
tcp_ping received 256 bytes back
Round trip time was 64.3058 milliseconds in repetition 36
tcp_ping received 256 bytes back
Round trip time was 72.2097 milliseconds in repetition 37
tcp_ping received 256 bytes back
Round trip time was 62.1991 milliseconds in repetition 38
tcp_ping received 256 bytes back
Round trip time was 64.8585 milliseconds in repetition 39
tcp_ping received 256 bytes back
Round trip time was 75.7619 milliseconds in repetition 40
tcp_ping received 256 bytes back
Round trip time was 50.3198 milliseconds in repetition 41
tcp_ping received 256 bytes back
Round trip time was 65.3076 milliseconds in repetition 42
tcp_ping received 256 bytes back
Round trip time was 90.4031 milliseconds in repetition 43
tcp_ping received 256 bytes back
Round trip time was 78.3791 milliseconds in repetition 44
tcp_ping received 256 bytes back
Round trip time was 90.8758 milliseconds in repetition 45
tcp_ping received 256 bytes back
Round trip time was 56.7567 milliseconds in repetition 46
tcp_ping received 256 bytes back
Round trip time was 56.2407 milliseconds in repetition 47
tcp_ping received 256 bytes back
Round trip time was 84.2146 milliseconds in repetition 48
tcp_ping received 256 bytes back
Round trip time was 70.1411 milliseconds in repetition 49
tcp_ping received 256 bytes back
Round trip time was 78.2822 milliseconds in repetition 50
tcp_ping received 256 bytes back
Round trip time was 63.9579 milliseconds in repetition 51
tcp_ping received 256 bytes back
Round trip time was 78.65 milliseconds in repetition 52
tcp_ping received 256 bytes back
Round trip time was 66.9665 milliseconds in repetition 53
tcp_ping received 256 bytes back
Round trip time was 64.4441 milliseconds in repetition 54
tcp_ping received 256 bytes back
Round trip time was 80.7946 milliseconds in repetition 55
tcp_ping received 256 bytes back
Round trip time was 66.3864 milliseconds in repetition 56
tcp_ping received 256 bytes back
Round trip time was 74.0507 milliseconds in repetition 57
tcp_ping received 256 bytes back
Round trip time was 78.1152 milliseconds in repetition 58
tcp_ping received 256 bytes back
Round trip time was 75.6394 milliseconds in repetition 59
tcp_ping received 256 bytes back
Round trip time was 70.1648 milliseconds in repetition 60
tcp_ping received 256 bytes back
Round trip time was 94.1181 milliseconds in repetition 61
tcp_ping received 256 bytes back
Round trip time was 95.5486 milliseconds in repetition 62
tcp_ping received 256 bytes back
Round trip time was 77.685 milliseconds in repetition 63
tcp_ping received 256 bytes back
Round trip time was 66.3903 milliseconds in repetition 64
tcp_ping received 256 bytes back
Round trip time was 217.452 milliseconds in repetition 65
tcp_ping received 256 bytes back
Round trip time was 159.905 milliseconds in repetition 66
tcp_ping received 256 bytes back
Round trip time was 100.804 milliseconds in repetition 67
tcp_ping received 256 bytes back
Round trip time was 192.965 milliseconds in repetition 68
tcp_ping received 256 bytes back
Round trip time was 69.8434 milliseconds in repetition 69
tcp_ping received 256 bytes back
Round trip time was 55.1027 milliseconds in repetition 70
tcp_ping received 256 bytes back
Round trip time was 177.629 milliseconds in repetition 71
tcp_ping received 256 bytes back
Round trip time was 84.0572 milliseconds in repetition 72
tcp_ping received 256 bytes back
Round trip time was 67.7314 milliseconds in repetition 73
tcp_ping received 256 bytes back
Round trip time was 73.9854 milliseconds in repetition 74
tcp_ping received 256 bytes back
Round trip time was 107.533 milliseconds in repetition 75
tcp_ping received 256 bytes back
Round trip time was 176.605 milliseconds in repetition 76
tcp_ping received 256 bytes back
Round trip time was 171.876 milliseconds in repetition 77
tcp_ping received 256 bytes back
Round trip time was 64.6107 milliseconds in repetition 78
tcp_ping received 256 bytes back
Round trip time was 90.6894 milliseconds in repetition 79
tcp_ping received 256 bytes back
Round trip time was 56.0496 milliseconds in repetition 80
tcp_ping received 256 bytes back
Round trip time was 66.4229 milliseconds in repetition 81
tcp_ping received 256 bytes back
Round trip time was 53.807 milliseconds in repetition 82
tcp_ping received 256 bytes back
Round trip time was 53.2352 milliseconds in repetition 83
tcp_ping received 256 bytes back
Round trip time was 49.0246 milliseconds in repetition 84
tcp_ping received 256 bytes back
Round trip time was 51.4946 milliseconds in repetition 85
tcp_ping received 256 bytes back
Round trip time was 103.124 milliseconds in repetition 86
tcp_ping received 256 bytes back
Round trip time was 77.6587 milliseconds in repetition 87
tcp_ping received 256 bytes back
Round trip time was 100.033 milliseconds in repetition 88
tcp_ping received 256 bytes back
Round trip time was 262.661 milliseconds in repetition 89
tcp_ping received 256 bytes back
Round trip time was 137.346 milliseconds in repetition 90
tcp_ping received 256 bytes back
Round trip time was 107.596 milliseconds in repetition 91
tcp_ping received 256 bytes back
Round trip time was 207.524 milliseconds in repetition 92
tcp_ping received 256 bytes back
Round trip time was 57.6002 milliseconds in repetition 93
tcp_ping received 256 bytes back
Round trip time was 62.3959 milliseconds in repetition 94
tcp_ping received 256 bytes back
Round trip time was 61.6002 milliseconds in repetition 95
tcp_ping received 256 bytes back
Round trip time was 59.6971 milliseconds in repetition 96
tcp_ping received 256 bytes back
Round trip time was 119.331 milliseconds in repetition 97
tcp_ping received 256 bytes back
Round trip time was 88.4497 milliseconds in repetition 98
tcp_ping received 256 bytes back
Round trip time was 88.243 milliseconds in repetition 99
tcp_ping received 256 bytes back
Round trip time was 61.6662 milliseconds in repetition 100
tcp_ping received 256 bytes back
Round trip time was 130.644 milliseconds in repetition 101

 ... clock resolution was 1e-06
TCP Ping:  Statistics over 101 repetitions of 256 byte messages

RTT : percentile 10: 56.7567, median: 76.7657, percentile 90: 169.763, average: 95.978, variance: 3046.46

RTT histogram:
49.0246 12
66.5921 34
84.1596 25
101.727 10
119.295 4
136.862 3
154.429 2
171.997 4
189.564 1
207.132 1
224.699 1
242.267 1
259.834 1
277.402 1
294.969 0
312.537 0
330.104 0
347.672 0
365.239 0
382.807 0
400.374 1

   median Throughput : 6.66965 KB/s   overall Throughput : 5.33456 KB/s

