TCP Ping trying to connect to server seti.dibris.unige.it (130.251.61.30) on port 1491
 ... connected to Pong server: asking for 101 repetitions of 393216 bytes TCP messages
Received answer: 'OK
'
 ... Pong server agreed :-)
tcp_ping received 393216 bytes back
Round trip time was 2182.06 milliseconds in repetition 1
tcp_ping received 393216 bytes back
Round trip time was 2429.37 milliseconds in repetition 2
tcp_ping received 393216 bytes back
Round trip time was 2658.28 milliseconds in repetition 3
tcp_ping received 393216 bytes back
Round trip time was 1745.42 milliseconds in repetition 4
tcp_ping received 393216 bytes back
Round trip time was 1471.12 milliseconds in repetition 5
tcp_ping received 393216 bytes back
Round trip time was 1839.63 milliseconds in repetition 6
tcp_ping received 393216 bytes back
Round trip time was 2648.59 milliseconds in repetition 7
tcp_ping received 393216 bytes back
Round trip time was 2506.34 milliseconds in repetition 8
tcp_ping received 393216 bytes back
Round trip time was 2478.01 milliseconds in repetition 9
tcp_ping received 393216 bytes back
Round trip time was 3675.65 milliseconds in repetition 10
tcp_ping received 393216 bytes back
Round trip time was 2095.17 milliseconds in repetition 11
tcp_ping received 393216 bytes back
Round trip time was 1418.57 milliseconds in repetition 12
tcp_ping received 393216 bytes back
Round trip time was 1021.32 milliseconds in repetition 13
tcp_ping received 393216 bytes back
Round trip time was 3876.19 milliseconds in repetition 14
tcp_ping received 393216 bytes back
Round trip time was 2684.04 milliseconds in repetition 15
tcp_ping received 393216 bytes back
Round trip time was 2085.54 milliseconds in repetition 16
tcp_ping received 393216 bytes back
Round trip time was 2339.92 milliseconds in repetition 17
tcp_ping received 393216 bytes back
Round trip time was 1746.23 milliseconds in repetition 18
tcp_ping received 393216 bytes back
Round trip time was 2591.47 milliseconds in repetition 19
tcp_ping received 393216 bytes back
Round trip time was 2029.99 milliseconds in repetition 20
tcp_ping received 393216 bytes back
Round trip time was 5017.37 milliseconds in repetition 21
tcp_ping received 393216 bytes back
Round trip time was 1285.45 milliseconds in repetition 22
tcp_ping received 393216 bytes back
Round trip time was 1199.13 milliseconds in repetition 23
tcp_ping received 393216 bytes back
Round trip time was 1469.39 milliseconds in repetition 24
tcp_ping received 393216 bytes back
Round trip time was 1183.71 milliseconds in repetition 25
tcp_ping received 393216 bytes back
Round trip time was 1743.85 milliseconds in repetition 26
tcp_ping received 393216 bytes back
Round trip time was 1620.88 milliseconds in repetition 27
tcp_ping received 393216 bytes back
Round trip time was 1006.29 milliseconds in repetition 28
tcp_ping received 393216 bytes back
Round trip time was 815.211 milliseconds in repetition 29
tcp_ping received 393216 bytes back
Round trip time was 1737.11 milliseconds in repetition 30
tcp_ping received 393216 bytes back
Round trip time was 1098.44 milliseconds in repetition 31
tcp_ping received 393216 bytes back
Round trip time was 1500.91 milliseconds in repetition 32
tcp_ping received 393216 bytes back
Round trip time was 2139.08 milliseconds in repetition 33
tcp_ping received 393216 bytes back
Round trip time was 1031.75 milliseconds in repetition 34
tcp_ping received 393216 bytes back
Round trip time was 1481.69 milliseconds in repetition 35
tcp_ping received 393216 bytes back
Round trip time was 1485.89 milliseconds in repetition 36
tcp_ping received 393216 bytes back
Round trip time was 1447.15 milliseconds in repetition 37
tcp_ping received 393216 bytes back
Round trip time was 1769.64 milliseconds in repetition 38
tcp_ping received 393216 bytes back
Round trip time was 1784.92 milliseconds in repetition 39
tcp_ping received 393216 bytes back
Round trip time was 2052.15 milliseconds in repetition 40
tcp_ping received 393216 bytes back
Round trip time was 1508.63 milliseconds in repetition 41
tcp_ping received 393216 bytes back
Round trip time was 4579.12 milliseconds in repetition 42
tcp_ping received 393216 bytes back
Round trip time was 1133.96 milliseconds in repetition 43
tcp_ping received 393216 bytes back
Round trip time was 1081.19 milliseconds in repetition 44
tcp_ping received 393216 bytes back
Round trip time was 1141.27 milliseconds in repetition 45
tcp_ping received 393216 bytes back
Round trip time was 1136.87 milliseconds in repetition 46
tcp_ping received 393216 bytes back
Round trip time was 1229.87 milliseconds in repetition 47
tcp_ping received 393216 bytes back
Round trip time was 1164.1 milliseconds in repetition 48
tcp_ping received 393216 bytes back
Round trip time was 1472.12 milliseconds in repetition 49
tcp_ping received 393216 bytes back
Round trip time was 1528.18 milliseconds in repetition 50
tcp_ping received 393216 bytes back
Round trip time was 1300.44 milliseconds in repetition 51
tcp_ping received 393216 bytes back
Round trip time was 976.506 milliseconds in repetition 52
tcp_ping received 393216 bytes back
Round trip time was 1321.3 milliseconds in repetition 53
tcp_ping received 393216 bytes back
Round trip time was 944.989 milliseconds in repetition 54
tcp_ping received 393216 bytes back
Round trip time was 1183.63 milliseconds in repetition 55
tcp_ping received 393216 bytes back
Round trip time was 1333.56 milliseconds in repetition 56
tcp_ping received 393216 bytes back
Round trip time was 1462.23 milliseconds in repetition 57
tcp_ping received 393216 bytes back
Round trip time was 964.024 milliseconds in repetition 58
tcp_ping received 393216 bytes back
Round trip time was 932.88 milliseconds in repetition 59
tcp_ping received 393216 bytes back
Round trip time was 1198.01 milliseconds in repetition 60
tcp_ping received 393216 bytes back
Round trip time was 1214.29 milliseconds in repetition 61
tcp_ping received 393216 bytes back
Round trip time was 1110.09 milliseconds in repetition 62
tcp_ping received 393216 bytes back
Round trip time was 1165.55 milliseconds in repetition 63
tcp_ping received 393216 bytes back
Round trip time was 1221.88 milliseconds in repetition 64
tcp_ping received 393216 bytes back
Round trip time was 1112.21 milliseconds in repetition 65
tcp_ping received 393216 bytes back
Round trip time was 789.742 milliseconds in repetition 66
tcp_ping received 393216 bytes back
Round trip time was 886.672 milliseconds in repetition 67
tcp_ping received 393216 bytes back
Round trip time was 1216.79 milliseconds in repetition 68
tcp_ping received 393216 bytes back
Round trip time was 988.778 milliseconds in repetition 69
tcp_ping received 393216 bytes back
Round trip time was 1177.44 milliseconds in repetition 70
tcp_ping received 393216 bytes back
Round trip time was 924.105 milliseconds in repetition 71
tcp_ping received 393216 bytes back
Round trip time was 1177.06 milliseconds in repetition 72
tcp_ping received 393216 bytes back
Round trip time was 1184.84 milliseconds in repetition 73
tcp_ping received 393216 bytes back
Round trip time was 937.784 milliseconds in repetition 74
tcp_ping received 393216 bytes back
Round trip time was 865.305 milliseconds in repetition 75
tcp_ping received 393216 bytes back
Round trip time was 957.893 milliseconds in repetition 76
tcp_ping received 393216 bytes back
Round trip time was 855.813 milliseconds in repetition 77
tcp_ping received 393216 bytes back
Round trip time was 710.261 milliseconds in repetition 78
tcp_ping received 393216 bytes back
Round trip time was 736.723 milliseconds in repetition 79
tcp_ping received 393216 bytes back
Round trip time was 770.416 milliseconds in repetition 80
tcp_ping received 393216 bytes back
Round trip time was 771.201 milliseconds in repetition 81
tcp_ping received 393216 bytes back
Round trip time was 713.08 milliseconds in repetition 82
tcp_ping received 393216 bytes back
Round trip time was 762.28 milliseconds in repetition 83
tcp_ping received 393216 bytes back
Round trip time was 764.185 milliseconds in repetition 84
tcp_ping received 393216 bytes back
Round trip time was 774.335 milliseconds in repetition 85
tcp_ping received 393216 bytes back
Round trip time was 742.558 milliseconds in repetition 86
tcp_ping received 393216 bytes back
Round trip time was 781.005 milliseconds in repetition 87
tcp_ping received 393216 bytes back
Round trip time was 726.846 milliseconds in repetition 88
tcp_ping received 393216 bytes back
Round trip time was 694.373 milliseconds in repetition 89
tcp_ping received 393216 bytes back
Round trip time was 798.925 milliseconds in repetition 90
tcp_ping received 393216 bytes back
Round trip time was 751.1 milliseconds in repetition 91
tcp_ping received 393216 bytes back
Round trip time was 746.106 milliseconds in repetition 92
tcp_ping received 393216 bytes back
Round trip time was 782.07 milliseconds in repetition 93
tcp_ping received 393216 bytes back
Round trip time was 757.298 milliseconds in repetition 94
tcp_ping received 393216 bytes back
Round trip time was 816.587 milliseconds in repetition 95
tcp_ping received 393216 bytes back
Round trip time was 700.669 milliseconds in repetition 96
tcp_ping received 393216 bytes back
Round trip time was 823.065 milliseconds in repetition 97
tcp_ping received 393216 bytes back
Round trip time was 776.336 milliseconds in repetition 98
tcp_ping received 393216 bytes back
Round trip time was 907.197 milliseconds in repetition 99
tcp_ping received 393216 bytes back
Round trip time was 744.766 milliseconds in repetition 100
tcp_ping received 393216 bytes back
Round trip time was 776.553 milliseconds in repetition 101

 ... clock resolution was 1e-06
TCP Ping:  Statistics over 101 repetitions of 393216 byte messages

RTT : percentile 10: 757.298, median: 1177.44, percentile 90: 2429.37, average: 1406.93, variance: 635604

RTT histogram:
694.373 22
910.523 16
1126.67 22
1342.82 6
1558.97 10
1775.12 7
1991.27 4
2207.42 2
2423.57 4
2639.72 4
2855.87 0
3072.02 0
3288.17 0
3504.32 0
3720.47 1
3936.62 1
4152.77 0
4368.92 0
4585.07 1
4801.22 0
5017.37 1

   median Throughput : 667.918 KB/s   overall Throughput : 558.97 KB/s

