TCP Ping trying to connect to server seti.dibris.unige.it (130.251.61.30) on port 1491
 ... connected to Pong server: asking for 101 repetitions of 1024 bytes TCP messages
Received answer: 'OK
'
 ... Pong server agreed :-)
tcp_ping received 1024 bytes back
Round trip time was 91.3919 milliseconds in repetition 1
tcp_ping received 1024 bytes back
Round trip time was 80.7228 milliseconds in repetition 2
tcp_ping received 1024 bytes back
Round trip time was 71.5392 milliseconds in repetition 3
tcp_ping received 1024 bytes back
Round trip time was 82.6935 milliseconds in repetition 4
tcp_ping received 1024 bytes back
Round trip time was 77.1822 milliseconds in repetition 5
tcp_ping received 1024 bytes back
Round trip time was 55.474 milliseconds in repetition 6
tcp_ping received 1024 bytes back
Round trip time was 58.8538 milliseconds in repetition 7
tcp_ping received 1024 bytes back
Round trip time was 67.4037 milliseconds in repetition 8
tcp_ping received 1024 bytes back
Round trip time was 70.8753 milliseconds in repetition 9
tcp_ping received 1024 bytes back
Round trip time was 135.751 milliseconds in repetition 10
tcp_ping received 1024 bytes back
Round trip time was 74.5613 milliseconds in repetition 11
tcp_ping received 1024 bytes back
Round trip time was 69.8145 milliseconds in repetition 12
tcp_ping received 1024 bytes back
Round trip time was 66.7389 milliseconds in repetition 13
tcp_ping received 1024 bytes back
Round trip time was 85.3477 milliseconds in repetition 14
tcp_ping received 1024 bytes back
Round trip time was 76.0513 milliseconds in repetition 15
tcp_ping received 1024 bytes back
Round trip time was 87.3545 milliseconds in repetition 16
tcp_ping received 1024 bytes back
Round trip time was 58.7842 milliseconds in repetition 17
tcp_ping received 1024 bytes back
Round trip time was 85.9732 milliseconds in repetition 18
tcp_ping received 1024 bytes back
Round trip time was 84.1139 milliseconds in repetition 19
tcp_ping received 1024 bytes back
Round trip time was 95.897 milliseconds in repetition 20
tcp_ping received 1024 bytes back
Round trip time was 66.0573 milliseconds in repetition 21
tcp_ping received 1024 bytes back
Round trip time was 78.6738 milliseconds in repetition 22
tcp_ping received 1024 bytes back
Round trip time was 64.2808 milliseconds in repetition 23
tcp_ping received 1024 bytes back
Round trip time was 92.4513 milliseconds in repetition 24
tcp_ping received 1024 bytes back
Round trip time was 65.7248 milliseconds in repetition 25
tcp_ping received 1024 bytes back
Round trip time was 70.8236 milliseconds in repetition 26
tcp_ping received 1024 bytes back
Round trip time was 63.3179 milliseconds in repetition 27
tcp_ping received 1024 bytes back
Round trip time was 60.4282 milliseconds in repetition 28
tcp_ping received 1024 bytes back
Round trip time was 75.3942 milliseconds in repetition 29
tcp_ping received 1024 bytes back
Round trip time was 82.0797 milliseconds in repetition 30
tcp_ping received 1024 bytes back
Round trip time was 70.7916 milliseconds in repetition 31
tcp_ping received 1024 bytes back
Round trip time was 70.2692 milliseconds in repetition 32
tcp_ping received 1024 bytes back
Round trip time was 79.9059 milliseconds in repetition 33
tcp_ping received 1024 bytes back
Round trip time was 63.3981 milliseconds in repetition 34
tcp_ping received 1024 bytes back
Round trip time was 83.0431 milliseconds in repetition 35
tcp_ping received 1024 bytes back
Round trip time was 81.0271 milliseconds in repetition 36
tcp_ping received 1024 bytes back
Round trip time was 89.5319 milliseconds in repetition 37
tcp_ping received 1024 bytes back
Round trip time was 81.3379 milliseconds in repetition 38
tcp_ping received 1024 bytes back
Round trip time was 72.9914 milliseconds in repetition 39
tcp_ping received 1024 bytes back
Round trip time was 68.963 milliseconds in repetition 40
tcp_ping received 1024 bytes back
Round trip time was 90.2064 milliseconds in repetition 41
tcp_ping received 1024 bytes back
Round trip time was 71.0639 milliseconds in repetition 42
tcp_ping received 1024 bytes back
Round trip time was 65.7529 milliseconds in repetition 43
tcp_ping received 1024 bytes back
Round trip time was 72.9918 milliseconds in repetition 44
tcp_ping received 1024 bytes back
Round trip time was 78.3719 milliseconds in repetition 45
tcp_ping received 1024 bytes back
Round trip time was 92.9499 milliseconds in repetition 46
tcp_ping received 1024 bytes back
Round trip time was 64.1064 milliseconds in repetition 47
tcp_ping received 1024 bytes back
Round trip time was 75.4611 milliseconds in repetition 48
tcp_ping received 1024 bytes back
Round trip time was 80.0349 milliseconds in repetition 49
tcp_ping received 1024 bytes back
Round trip time was 86.2682 milliseconds in repetition 50
tcp_ping received 1024 bytes back
Round trip time was 80.9554 milliseconds in repetition 51
tcp_ping received 1024 bytes back
Round trip time was 66.7082 milliseconds in repetition 52
tcp_ping received 1024 bytes back
Round trip time was 87.9146 milliseconds in repetition 53
tcp_ping received 1024 bytes back
Round trip time was 71.9999 milliseconds in repetition 54
tcp_ping received 1024 bytes back
Round trip time was 58.5678 milliseconds in repetition 55
tcp_ping received 1024 bytes back
Round trip time was 67.0568 milliseconds in repetition 56
tcp_ping received 1024 bytes back
Round trip time was 70.6815 milliseconds in repetition 57
tcp_ping received 1024 bytes back
Round trip time was 72.1941 milliseconds in repetition 58
tcp_ping received 1024 bytes back
Round trip time was 99.0553 milliseconds in repetition 59
tcp_ping received 1024 bytes back
Round trip time was 108.913 milliseconds in repetition 60
tcp_ping received 1024 bytes back
Round trip time was 78.7629 milliseconds in repetition 61
tcp_ping received 1024 bytes back
Round trip time was 80.7538 milliseconds in repetition 62
tcp_ping received 1024 bytes back
Round trip time was 97.7642 milliseconds in repetition 63
tcp_ping received 1024 bytes back
Round trip time was 62.6654 milliseconds in repetition 64
tcp_ping received 1024 bytes back
Round trip time was 73.2954 milliseconds in repetition 65
tcp_ping received 1024 bytes back
Round trip time was 79.4643 milliseconds in repetition 66
tcp_ping received 1024 bytes back
Round trip time was 80.9826 milliseconds in repetition 67
tcp_ping received 1024 bytes back
Round trip time was 81.8631 milliseconds in repetition 68
tcp_ping received 1024 bytes back
Round trip time was 65.8183 milliseconds in repetition 69
tcp_ping received 1024 bytes back
Round trip time was 77.1881 milliseconds in repetition 70
tcp_ping received 1024 bytes back
Round trip time was 71.895 milliseconds in repetition 71
tcp_ping received 1024 bytes back
Round trip time was 69.4567 milliseconds in repetition 72
tcp_ping received 1024 bytes back
Round trip time was 69.582 milliseconds in repetition 73
tcp_ping received 1024 bytes back
Round trip time was 70.2582 milliseconds in repetition 74
tcp_ping received 1024 bytes back
Round trip time was 78.4331 milliseconds in repetition 75
tcp_ping received 1024 bytes back
Round trip time was 57.5183 milliseconds in repetition 76
tcp_ping received 1024 bytes back
Round trip time was 63.0685 milliseconds in repetition 77
tcp_ping received 1024 bytes back
Round trip time was 70.9191 milliseconds in repetition 78
tcp_ping received 1024 bytes back
Round trip time was 65.348 milliseconds in repetition 79
tcp_ping received 1024 bytes back
Round trip time was 80.1775 milliseconds in repetition 80
tcp_ping received 1024 bytes back
Round trip time was 73.5578 milliseconds in repetition 81
tcp_ping received 1024 bytes back
Round trip time was 90.7094 milliseconds in repetition 82
tcp_ping received 1024 bytes back
Round trip time was 74.6058 milliseconds in repetition 83
tcp_ping received 1024 bytes back
Round trip time was 82.979 milliseconds in repetition 84
tcp_ping received 1024 bytes back
Round trip time was 54.3232 milliseconds in repetition 85
tcp_ping received 1024 bytes back
Round trip time was 66.2487 milliseconds in repetition 86
tcp_ping received 1024 bytes back
Round trip time was 62.557 milliseconds in repetition 87
tcp_ping received 1024 bytes back
Round trip time was 76.4514 milliseconds in repetition 88
tcp_ping received 1024 bytes back
Round trip time was 72.1536 milliseconds in repetition 89
tcp_ping received 1024 bytes back
Round trip time was 85.3375 milliseconds in repetition 90
tcp_ping received 1024 bytes back
Round trip time was 67.6178 milliseconds in repetition 91
tcp_ping received 1024 bytes back
Round trip time was 65.4827 milliseconds in repetition 92
tcp_ping received 1024 bytes back
Round trip time was 94.7578 milliseconds in repetition 93
tcp_ping received 1024 bytes back
Round trip time was 73.5318 milliseconds in repetition 94
tcp_ping received 1024 bytes back
Round trip time was 62.357 milliseconds in repetition 95
tcp_ping received 1024 bytes back
Round trip time was 66.72 milliseconds in repetition 96
tcp_ping received 1024 bytes back
Round trip time was 68.3407 milliseconds in repetition 97
tcp_ping received 1024 bytes back
Round trip time was 80.7525 milliseconds in repetition 98
tcp_ping received 1024 bytes back
Round trip time was 67.4854 milliseconds in repetition 99
tcp_ping received 1024 bytes back
Round trip time was 68.7425 milliseconds in repetition 100
tcp_ping received 1024 bytes back
Round trip time was 61.2733 milliseconds in repetition 101

 ... clock resolution was 1e-06
TCP Ping:  Statistics over 101 repetitions of 1024 byte messages

RTT : percentile 10: 62.6654, median: 72.9918, percentile 90: 90.2064, average: 75.3413, variance: 147.659

RTT histogram:
54.3232 2
58.3945 5
62.4659 9
66.5373 15
70.6087 18
74.68 11
78.7514 13
82.8228 10
86.8941 6
90.9655 6
95.0369 2
99.1083 2
103.18 0
107.251 1
111.322 0
115.394 0
119.465 0
123.536 0
127.608 0
131.679 0
135.751 1

   median Throughput : 28.0579 KB/s   overall Throughput : 27.183 KB/s

