TCP Ping trying to connect to server seti.dibris.unige.it (130.251.61.30) on port 1491
 ... connected to Pong server: asking for 501 repetitions of 12288 bytes TCP messages
Received answer: 'OK
'
 ... Pong server agreed :-)
tcp_ping received 12288 bytes back
Round trip time was 49.258 milliseconds in repetition 1
tcp_ping received 12288 bytes back
Round trip time was 26.4212 milliseconds in repetition 2
tcp_ping received 12288 bytes back
Round trip time was 28.1435 milliseconds in repetition 3
tcp_ping received 12288 bytes back
Round trip time was 29.2116 milliseconds in repetition 4
tcp_ping received 12288 bytes back
Round trip time was 21.7129 milliseconds in repetition 5
tcp_ping received 12288 bytes back
Round trip time was 19.4529 milliseconds in repetition 6
tcp_ping received 12288 bytes back
Round trip time was 19.4776 milliseconds in repetition 7
tcp_ping received 12288 bytes back
Round trip time was 21.7978 milliseconds in repetition 8
tcp_ping received 12288 bytes back
Round trip time was 20.2738 milliseconds in repetition 9
tcp_ping received 12288 bytes back
Round trip time was 19.5752 milliseconds in repetition 10
tcp_ping received 12288 bytes back
Round trip time was 20.052 milliseconds in repetition 11
tcp_ping received 12288 bytes back
Round trip time was 19.8812 milliseconds in repetition 12
tcp_ping received 12288 bytes back
Round trip time was 19.676 milliseconds in repetition 13
tcp_ping received 12288 bytes back
Round trip time was 19.6519 milliseconds in repetition 14
tcp_ping received 12288 bytes back
Round trip time was 19.3957 milliseconds in repetition 15
tcp_ping received 12288 bytes back
Round trip time was 19.751 milliseconds in repetition 16
tcp_ping received 12288 bytes back
Round trip time was 20.0814 milliseconds in repetition 17
tcp_ping received 12288 bytes back
Round trip time was 19.2788 milliseconds in repetition 18
tcp_ping received 12288 bytes back
Round trip time was 20.9306 milliseconds in repetition 19
tcp_ping received 12288 bytes back
Round trip time was 19.1247 milliseconds in repetition 20
tcp_ping received 12288 bytes back
Round trip time was 18.5674 milliseconds in repetition 21
tcp_ping received 12288 bytes back
Round trip time was 25.316 milliseconds in repetition 22
tcp_ping received 12288 bytes back
Round trip time was 21.3103 milliseconds in repetition 23
tcp_ping received 12288 bytes back
Round trip time was 19.0884 milliseconds in repetition 24
tcp_ping received 12288 bytes back
Round trip time was 18.5039 milliseconds in repetition 25
tcp_ping received 12288 bytes back
Round trip time was 19.1375 milliseconds in repetition 26
tcp_ping received 12288 bytes back
Round trip time was 22.4048 milliseconds in repetition 27
tcp_ping received 12288 bytes back
Round trip time was 20.1132 milliseconds in repetition 28
tcp_ping received 12288 bytes back
Round trip time was 20.1017 milliseconds in repetition 29
tcp_ping received 12288 bytes back
Round trip time was 21.8017 milliseconds in repetition 30
tcp_ping received 12288 bytes back
Round trip time was 20.7603 milliseconds in repetition 31
tcp_ping received 12288 bytes back
Round trip time was 21.0524 milliseconds in repetition 32
tcp_ping received 12288 bytes back
Round trip time was 19.457 milliseconds in repetition 33
tcp_ping received 12288 bytes back
Round trip time was 20.3495 milliseconds in repetition 34
tcp_ping received 12288 bytes back
Round trip time was 19.692 milliseconds in repetition 35
tcp_ping received 12288 bytes back
Round trip time was 20.6177 milliseconds in repetition 36
tcp_ping received 12288 bytes back
Round trip time was 19.7521 milliseconds in repetition 37
tcp_ping received 12288 bytes back
Round trip time was 19.1649 milliseconds in repetition 38
tcp_ping received 12288 bytes back
Round trip time was 21.5394 milliseconds in repetition 39
tcp_ping received 12288 bytes back
Round trip time was 20.4833 milliseconds in repetition 40
tcp_ping received 12288 bytes back
Round trip time was 20.1017 milliseconds in repetition 41
tcp_ping received 12288 bytes back
Round trip time was 19.7439 milliseconds in repetition 42
tcp_ping received 12288 bytes back
Round trip time was 19.8975 milliseconds in repetition 43
tcp_ping received 12288 bytes back
Round trip time was 19.6143 milliseconds in repetition 44
tcp_ping received 12288 bytes back
Round trip time was 21.6799 milliseconds in repetition 45
tcp_ping received 12288 bytes back
Round trip time was 20.0429 milliseconds in repetition 46
tcp_ping received 12288 bytes back
Round trip time was 19.125 milliseconds in repetition 47
tcp_ping received 12288 bytes back
Round trip time was 18.7745 milliseconds in repetition 48
tcp_ping received 12288 bytes back
Round trip time was 18.6206 milliseconds in repetition 49
tcp_ping received 12288 bytes back
Round trip time was 19.7543 milliseconds in repetition 50
tcp_ping received 12288 bytes back
Round trip time was 20.3721 milliseconds in repetition 51
tcp_ping received 12288 bytes back
Round trip time was 18.8095 milliseconds in repetition 52
tcp_ping received 12288 bytes back
Round trip time was 21.1383 milliseconds in repetition 53
tcp_ping received 12288 bytes back
Round trip time was 19.4642 milliseconds in repetition 54
tcp_ping received 12288 bytes back
Round trip time was 18.8931 milliseconds in repetition 55
tcp_ping received 12288 bytes back
Round trip time was 20.5669 milliseconds in repetition 56
tcp_ping received 12288 bytes back
Round trip time was 24.1453 milliseconds in repetition 57
tcp_ping received 12288 bytes back
Round trip time was 18.5632 milliseconds in repetition 58
tcp_ping received 12288 bytes back
Round trip time was 18.5145 milliseconds in repetition 59
tcp_ping received 12288 bytes back
Round trip time was 20.2757 milliseconds in repetition 60
tcp_ping received 12288 bytes back
Round trip time was 18.7799 milliseconds in repetition 61
tcp_ping received 12288 bytes back
Round trip time was 19.5794 milliseconds in repetition 62
tcp_ping received 12288 bytes back
Round trip time was 20.5427 milliseconds in repetition 63
tcp_ping received 12288 bytes back
Round trip time was 20.8837 milliseconds in repetition 64
tcp_ping received 12288 bytes back
Round trip time was 22.1599 milliseconds in repetition 65
tcp_ping received 12288 bytes back
Round trip time was 19.8094 milliseconds in repetition 66
tcp_ping received 12288 bytes back
Round trip time was 20.767 milliseconds in repetition 67
tcp_ping received 12288 bytes back
Round trip time was 22.2881 milliseconds in repetition 68
tcp_ping received 12288 bytes back
Round trip time was 18.8739 milliseconds in repetition 69
tcp_ping received 12288 bytes back
Round trip time was 19.6587 milliseconds in repetition 70
tcp_ping received 12288 bytes back
Round trip time was 19.632 milliseconds in repetition 71
tcp_ping received 12288 bytes back
Round trip time was 19.1323 milliseconds in repetition 72
tcp_ping received 12288 bytes back
Round trip time was 19.505 milliseconds in repetition 73
tcp_ping received 12288 bytes back
Round trip time was 18.6825 milliseconds in repetition 74
tcp_ping received 12288 bytes back
Round trip time was 20.7699 milliseconds in repetition 75
tcp_ping received 12288 bytes back
Round trip time was 19.5185 milliseconds in repetition 76
tcp_ping received 12288 bytes back
Round trip time was 21.948 milliseconds in repetition 77
tcp_ping received 12288 bytes back
Round trip time was 19.1533 milliseconds in repetition 78
tcp_ping received 12288 bytes back
Round trip time was 17.5602 milliseconds in repetition 79
tcp_ping received 12288 bytes back
Round trip time was 18.4584 milliseconds in repetition 80
tcp_ping received 12288 bytes back
Round trip time was 19.0569 milliseconds in repetition 81
tcp_ping received 12288 bytes back
Round trip time was 19.4329 milliseconds in repetition 82
tcp_ping received 12288 bytes back
Round trip time was 19.2523 milliseconds in repetition 83
tcp_ping received 12288 bytes back
Round trip time was 22.6874 milliseconds in repetition 84
tcp_ping received 12288 bytes back
Round trip time was 18.2393 milliseconds in repetition 85
tcp_ping received 12288 bytes back
Round trip time was 18.6888 milliseconds in repetition 86
tcp_ping received 12288 bytes back
Round trip time was 20.176 milliseconds in repetition 87
tcp_ping received 12288 bytes back
Round trip time was 18.1012 milliseconds in repetition 88
tcp_ping received 12288 bytes back
Round trip time was 18.1715 milliseconds in repetition 89
tcp_ping received 12288 bytes back
Round trip time was 20.0558 milliseconds in repetition 90
tcp_ping received 12288 bytes back
Round trip time was 19.3631 milliseconds in repetition 91
tcp_ping received 12288 bytes back
Round trip time was 19.8343 milliseconds in repetition 92
tcp_ping received 12288 bytes back
Round trip time was 22.2767 milliseconds in repetition 93
tcp_ping received 12288 bytes back
Round trip time was 20.8255 milliseconds in repetition 94
tcp_ping received 12288 bytes back
Round trip time was 21.1511 milliseconds in repetition 95
tcp_ping received 12288 bytes back
Round trip time was 19.3695 milliseconds in repetition 96
tcp_ping received 12288 bytes back
Round trip time was 20.6265 milliseconds in repetition 97
tcp_ping received 12288 bytes back
Round trip time was 23.74 milliseconds in repetition 98
tcp_ping received 12288 bytes back
Round trip time was 20.8414 milliseconds in repetition 99
tcp_ping received 12288 bytes back
Round trip time was 19.1842 milliseconds in repetition 100
tcp_ping received 12288 bytes back
Round trip time was 19.576 milliseconds in repetition 101
tcp_ping received 12288 bytes back
Round trip time was 28.8063 milliseconds in repetition 102
tcp_ping received 12288 bytes back
Round trip time was 18.7334 milliseconds in repetition 103
tcp_ping received 12288 bytes back
Round trip time was 21.4877 milliseconds in repetition 104
tcp_ping received 12288 bytes back
Round trip time was 18.9022 milliseconds in repetition 105
tcp_ping received 12288 bytes back
Round trip time was 21.7754 milliseconds in repetition 106
tcp_ping received 12288 bytes back
Round trip time was 19.544 milliseconds in repetition 107
tcp_ping received 12288 bytes back
Round trip time was 19.742 milliseconds in repetition 108
tcp_ping received 12288 bytes back
Round trip time was 19.4636 milliseconds in repetition 109
tcp_ping received 12288 bytes back
Round trip time was 19.522 milliseconds in repetition 110
tcp_ping received 12288 bytes back
Round trip time was 18.3489 milliseconds in repetition 111
tcp_ping received 12288 bytes back
Round trip time was 19.2844 milliseconds in repetition 112
tcp_ping received 12288 bytes back
Round trip time was 47.2347 milliseconds in repetition 113
tcp_ping received 12288 bytes back
Round trip time was 19.5915 milliseconds in repetition 114
tcp_ping received 12288 bytes back
Round trip time was 19.8082 milliseconds in repetition 115
tcp_ping received 12288 bytes back
Round trip time was 19.6657 milliseconds in repetition 116
tcp_ping received 12288 bytes back
Round trip time was 18.6721 milliseconds in repetition 117
tcp_ping received 12288 bytes back
Round trip time was 41.6761 milliseconds in repetition 118
tcp_ping received 12288 bytes back
Round trip time was 19.1906 milliseconds in repetition 119
tcp_ping received 12288 bytes back
Round trip time was 19.3565 milliseconds in repetition 120
tcp_ping received 12288 bytes back
Round trip time was 19.2002 milliseconds in repetition 121
tcp_ping received 12288 bytes back
Round trip time was 19.4415 milliseconds in repetition 122
tcp_ping received 12288 bytes back
Round trip time was 42.508 milliseconds in repetition 123
tcp_ping received 12288 bytes back
Round trip time was 19.584 milliseconds in repetition 124
tcp_ping received 12288 bytes back
Round trip time was 19.4983 milliseconds in repetition 125
tcp_ping received 12288 bytes back
Round trip time was 20.3554 milliseconds in repetition 126
tcp_ping received 12288 bytes back
Round trip time was 18.9328 milliseconds in repetition 127
tcp_ping received 12288 bytes back
Round trip time was 39.4232 milliseconds in repetition 128
tcp_ping received 12288 bytes back
Round trip time was 19.6344 milliseconds in repetition 129
tcp_ping received 12288 bytes back
Round trip time was 19.1431 milliseconds in repetition 130
tcp_ping received 12288 bytes back
Round trip time was 18.5976 milliseconds in repetition 131
tcp_ping received 12288 bytes back
Round trip time was 20.3905 milliseconds in repetition 132
tcp_ping received 12288 bytes back
Round trip time was 42.3531 milliseconds in repetition 133
tcp_ping received 12288 bytes back
Round trip time was 19.0767 milliseconds in repetition 134
tcp_ping received 12288 bytes back
Round trip time was 19.714 milliseconds in repetition 135
tcp_ping received 12288 bytes back
Round trip time was 21.4899 milliseconds in repetition 136
tcp_ping received 12288 bytes back
Round trip time was 20.7746 milliseconds in repetition 137
tcp_ping received 12288 bytes back
Round trip time was 38.086 milliseconds in repetition 138
tcp_ping received 12288 bytes back
Round trip time was 19.2132 milliseconds in repetition 139
tcp_ping received 12288 bytes back
Round trip time was 18.7911 milliseconds in repetition 140
tcp_ping received 12288 bytes back
Round trip time was 19.1871 milliseconds in repetition 141
tcp_ping received 12288 bytes back
Round trip time was 18.9653 milliseconds in repetition 142
tcp_ping received 12288 bytes back
Round trip time was 20.1077 milliseconds in repetition 143
tcp_ping received 12288 bytes back
Round trip time was 19.3137 milliseconds in repetition 144
tcp_ping received 12288 bytes back
Round trip time was 18.4352 milliseconds in repetition 145
tcp_ping received 12288 bytes back
Round trip time was 18.8663 milliseconds in repetition 146
tcp_ping received 12288 bytes back
Round trip time was 20.0518 milliseconds in repetition 147
tcp_ping received 12288 bytes back
Round trip time was 19.4569 milliseconds in repetition 148
tcp_ping received 12288 bytes back
Round trip time was 18.8969 milliseconds in repetition 149
tcp_ping received 12288 bytes back
Round trip time was 24.703 milliseconds in repetition 150
tcp_ping received 12288 bytes back
Round trip time was 19.6088 milliseconds in repetition 151
tcp_ping received 12288 bytes back
Round trip time was 19.9275 milliseconds in repetition 152
tcp_ping received 12288 bytes back
Round trip time was 20.1337 milliseconds in repetition 153
tcp_ping received 12288 bytes back
Round trip time was 19.5962 milliseconds in repetition 154
tcp_ping received 12288 bytes back
Round trip time was 18.9099 milliseconds in repetition 155
tcp_ping received 12288 bytes back
Round trip time was 20.2597 milliseconds in repetition 156
tcp_ping received 12288 bytes back
Round trip time was 18.5909 milliseconds in repetition 157
tcp_ping received 12288 bytes back
Round trip time was 19.4206 milliseconds in repetition 158
tcp_ping received 12288 bytes back
Round trip time was 19.9756 milliseconds in repetition 159
tcp_ping received 12288 bytes back
Round trip time was 18.9009 milliseconds in repetition 160
tcp_ping received 12288 bytes back
Round trip time was 18.6739 milliseconds in repetition 161
tcp_ping received 12288 bytes back
Round trip time was 18.6193 milliseconds in repetition 162
tcp_ping received 12288 bytes back
Round trip time was 19.3839 milliseconds in repetition 163
tcp_ping received 12288 bytes back
Round trip time was 25.1765 milliseconds in repetition 164
tcp_ping received 12288 bytes back
Round trip time was 20.2412 milliseconds in repetition 165
tcp_ping received 12288 bytes back
Round trip time was 17.8015 milliseconds in repetition 166
tcp_ping received 12288 bytes back
Round trip time was 18.3785 milliseconds in repetition 167
tcp_ping received 12288 bytes back
Round trip time was 18.8486 milliseconds in repetition 168
tcp_ping received 12288 bytes back
Round trip time was 18.9607 milliseconds in repetition 169
tcp_ping received 12288 bytes back
Round trip time was 19.995 milliseconds in repetition 170
tcp_ping received 12288 bytes back
Round trip time was 19.463 milliseconds in repetition 171
tcp_ping received 12288 bytes back
Round trip time was 19.9577 milliseconds in repetition 172
tcp_ping received 12288 bytes back
Round trip time was 19.8812 milliseconds in repetition 173
tcp_ping received 12288 bytes back
Round trip time was 18.4492 milliseconds in repetition 174
tcp_ping received 12288 bytes back
Round trip time was 18.933 milliseconds in repetition 175
tcp_ping received 12288 bytes back
Round trip time was 21.692 milliseconds in repetition 176
tcp_ping received 12288 bytes back
Round trip time was 20.7579 milliseconds in repetition 177
tcp_ping received 12288 bytes back
Round trip time was 19.1893 milliseconds in repetition 178
tcp_ping received 12288 bytes back
Round trip time was 18.6529 milliseconds in repetition 179
tcp_ping received 12288 bytes back
Round trip time was 19.5626 milliseconds in repetition 180
tcp_ping received 12288 bytes back
Round trip time was 19.8071 milliseconds in repetition 181
tcp_ping received 12288 bytes back
Round trip time was 20.0267 milliseconds in repetition 182
tcp_ping received 12288 bytes back
Round trip time was 18.6866 milliseconds in repetition 183
tcp_ping received 12288 bytes back
Round trip time was 20.4579 milliseconds in repetition 184
tcp_ping received 12288 bytes back
Round trip time was 19.3298 milliseconds in repetition 185
tcp_ping received 12288 bytes back
Round trip time was 18.7115 milliseconds in repetition 186
tcp_ping received 12288 bytes back
Round trip time was 19.5406 milliseconds in repetition 187
tcp_ping received 12288 bytes back
Round trip time was 20.3574 milliseconds in repetition 188
tcp_ping received 12288 bytes back
Round trip time was 20.0697 milliseconds in repetition 189
tcp_ping received 12288 bytes back
Round trip time was 19.1409 milliseconds in repetition 190
tcp_ping received 12288 bytes back
Round trip time was 19.2159 milliseconds in repetition 191
tcp_ping received 12288 bytes back
Round trip time was 19.2382 milliseconds in repetition 192
tcp_ping received 12288 bytes back
Round trip time was 20.1296 milliseconds in repetition 193
tcp_ping received 12288 bytes back
Round trip time was 19.8065 milliseconds in repetition 194
tcp_ping received 12288 bytes back
Round trip time was 18.7837 milliseconds in repetition 195
tcp_ping received 12288 bytes back
Round trip time was 20.3161 milliseconds in repetition 196
tcp_ping received 12288 bytes back
Round trip time was 18.4884 milliseconds in repetition 197
tcp_ping received 12288 bytes back
Round trip time was 18.5222 milliseconds in repetition 198
tcp_ping received 12288 bytes back
Round trip time was 19.3523 milliseconds in repetition 199
tcp_ping received 12288 bytes back
Round trip time was 18.3431 milliseconds in repetition 200
tcp_ping received 12288 bytes back
Round trip time was 19.5297 milliseconds in repetition 201
tcp_ping received 12288 bytes back
Round trip time was 19.1027 milliseconds in repetition 202
tcp_ping received 12288 bytes back
Round trip time was 18.9115 milliseconds in repetition 203
tcp_ping received 12288 bytes back
Round trip time was 18.278 milliseconds in repetition 204
tcp_ping received 12288 bytes back
Round trip time was 19.8517 milliseconds in repetition 205
tcp_ping received 12288 bytes back
Round trip time was 19.5883 milliseconds in repetition 206
tcp_ping received 12288 bytes back
Round trip time was 18.8272 milliseconds in repetition 207
tcp_ping received 12288 bytes back
Round trip time was 26.6152 milliseconds in repetition 208
tcp_ping received 12288 bytes back
Round trip time was 21.4935 milliseconds in repetition 209
tcp_ping received 12288 bytes back
Round trip time was 19.4369 milliseconds in repetition 210
tcp_ping received 12288 bytes back
Round trip time was 19.1049 milliseconds in repetition 211
tcp_ping received 12288 bytes back
Round trip time was 19.8141 milliseconds in repetition 212
tcp_ping received 12288 bytes back
Round trip time was 18.4113 milliseconds in repetition 213
tcp_ping received 12288 bytes back
Round trip time was 19.2579 milliseconds in repetition 214
tcp_ping received 12288 bytes back
Round trip time was 20.0536 milliseconds in repetition 215
tcp_ping received 12288 bytes back
Round trip time was 19.6234 milliseconds in repetition 216
tcp_ping received 12288 bytes back
Round trip time was 19.7716 milliseconds in repetition 217
tcp_ping received 12288 bytes back
Round trip time was 19.2856 milliseconds in repetition 218
tcp_ping received 12288 bytes back
Round trip time was 24.4441 milliseconds in repetition 219
tcp_ping received 12288 bytes back
Round trip time was 21.1852 milliseconds in repetition 220
tcp_ping received 12288 bytes back
Round trip time was 19.1721 milliseconds in repetition 221
tcp_ping received 12288 bytes back
Round trip time was 19.9161 milliseconds in repetition 222
tcp_ping received 12288 bytes back
Round trip time was 19.204 milliseconds in repetition 223
tcp_ping received 12288 bytes back
Round trip time was 19.2451 milliseconds in repetition 224
tcp_ping received 12288 bytes back
Round trip time was 19.4766 milliseconds in repetition 225
tcp_ping received 12288 bytes back
Round trip time was 18.2584 milliseconds in repetition 226
tcp_ping received 12288 bytes back
Round trip time was 19.1013 milliseconds in repetition 227
tcp_ping received 12288 bytes back
Round trip time was 20.4419 milliseconds in repetition 228
tcp_ping received 12288 bytes back
Round trip time was 19.9491 milliseconds in repetition 229
tcp_ping received 12288 bytes back
Round trip time was 21.163 milliseconds in repetition 230
tcp_ping received 12288 bytes back
Round trip time was 19.0384 milliseconds in repetition 231
tcp_ping received 12288 bytes back
Round trip time was 23.5997 milliseconds in repetition 232
tcp_ping received 12288 bytes back
Round trip time was 18.7421 milliseconds in repetition 233
tcp_ping received 12288 bytes back
Round trip time was 26.7059 milliseconds in repetition 234
tcp_ping received 12288 bytes back
Round trip time was 23.8501 milliseconds in repetition 235
tcp_ping received 12288 bytes back
Round trip time was 18.5093 milliseconds in repetition 236
tcp_ping received 12288 bytes back
Round trip time was 19.2873 milliseconds in repetition 237
tcp_ping received 12288 bytes back
Round trip time was 19.5316 milliseconds in repetition 238
tcp_ping received 12288 bytes back
Round trip time was 19.8639 milliseconds in repetition 239
tcp_ping received 12288 bytes back
Round trip time was 23.6422 milliseconds in repetition 240
tcp_ping received 12288 bytes back
Round trip time was 19.2237 milliseconds in repetition 241
tcp_ping received 12288 bytes back
Round trip time was 18.5531 milliseconds in repetition 242
tcp_ping received 12288 bytes back
Round trip time was 18.57 milliseconds in repetition 243
tcp_ping received 12288 bytes back
Round trip time was 21.1705 milliseconds in repetition 244
tcp_ping received 12288 bytes back
Round trip time was 19.8912 milliseconds in repetition 245
tcp_ping received 12288 bytes back
Round trip time was 20.7821 milliseconds in repetition 246
tcp_ping received 12288 bytes back
Round trip time was 19.4334 milliseconds in repetition 247
tcp_ping received 12288 bytes back
Round trip time was 20.4685 milliseconds in repetition 248
tcp_ping received 12288 bytes back
Round trip time was 18.4212 milliseconds in repetition 249
tcp_ping received 12288 bytes back
Round trip time was 18.9166 milliseconds in repetition 250
tcp_ping received 12288 bytes back
Round trip time was 19.1654 milliseconds in repetition 251
tcp_ping received 12288 bytes back
Round trip time was 20.1661 milliseconds in repetition 252
tcp_ping received 12288 bytes back
Round trip time was 21.6072 milliseconds in repetition 253
tcp_ping received 12288 bytes back
Round trip time was 18.7988 milliseconds in repetition 254
tcp_ping received 12288 bytes back
Round trip time was 18.728 milliseconds in repetition 255
tcp_ping received 12288 bytes back
Round trip time was 21.06 milliseconds in repetition 256
tcp_ping received 12288 bytes back
Round trip time was 22.2706 milliseconds in repetition 257
tcp_ping received 12288 bytes back
Round trip time was 18.9082 milliseconds in repetition 258
tcp_ping received 12288 bytes back
Round trip time was 21.6555 milliseconds in repetition 259
tcp_ping received 12288 bytes back
Round trip time was 19.5927 milliseconds in repetition 260
tcp_ping received 12288 bytes back
Round trip time was 19.7657 milliseconds in repetition 261
tcp_ping received 12288 bytes back
Round trip time was 19.0935 milliseconds in repetition 262
tcp_ping received 12288 bytes back
Round trip time was 21.8092 milliseconds in repetition 263
tcp_ping received 12288 bytes back
Round trip time was 20.8032 milliseconds in repetition 264
tcp_ping received 12288 bytes back
Round trip time was 18.9846 milliseconds in repetition 265
tcp_ping received 12288 bytes back
Round trip time was 20.8549 milliseconds in repetition 266
tcp_ping received 12288 bytes back
Round trip time was 18.2634 milliseconds in repetition 267
tcp_ping received 12288 bytes back
Round trip time was 20.9115 milliseconds in repetition 268
tcp_ping received 12288 bytes back
Round trip time was 18.524 milliseconds in repetition 269
tcp_ping received 12288 bytes back
Round trip time was 18.6269 milliseconds in repetition 270
tcp_ping received 12288 bytes back
Round trip time was 20.212 milliseconds in repetition 271
tcp_ping received 12288 bytes back
Round trip time was 21.4558 milliseconds in repetition 272
tcp_ping received 12288 bytes back
Round trip time was 26.2207 milliseconds in repetition 273
tcp_ping received 12288 bytes back
Round trip time was 20.8045 milliseconds in repetition 274
tcp_ping received 12288 bytes back
Round trip time was 19.705 milliseconds in repetition 275
tcp_ping received 12288 bytes back
Round trip time was 21.1584 milliseconds in repetition 276
tcp_ping received 12288 bytes back
Round trip time was 20.5846 milliseconds in repetition 277
tcp_ping received 12288 bytes back
Round trip time was 19.3828 milliseconds in repetition 278
tcp_ping received 12288 bytes back
Round trip time was 19.5864 milliseconds in repetition 279
tcp_ping received 12288 bytes back
Round trip time was 20.0011 milliseconds in repetition 280
tcp_ping received 12288 bytes back
Round trip time was 20.153 milliseconds in repetition 281
tcp_ping received 12288 bytes back
Round trip time was 18.4005 milliseconds in repetition 282
tcp_ping received 12288 bytes back
Round trip time was 18.9267 milliseconds in repetition 283
tcp_ping received 12288 bytes back
Round trip time was 18.1525 milliseconds in repetition 284
tcp_ping received 12288 bytes back
Round trip time was 18.7175 milliseconds in repetition 285
tcp_ping received 12288 bytes back
Round trip time was 21.4892 milliseconds in repetition 286
tcp_ping received 12288 bytes back
Round trip time was 18.6362 milliseconds in repetition 287
tcp_ping received 12288 bytes back
Round trip time was 18.863 milliseconds in repetition 288
tcp_ping received 12288 bytes back
Round trip time was 19.4913 milliseconds in repetition 289
tcp_ping received 12288 bytes back
Round trip time was 19.232 milliseconds in repetition 290
tcp_ping received 12288 bytes back
Round trip time was 18.7103 milliseconds in repetition 291
tcp_ping received 12288 bytes back
Round trip time was 20.5157 milliseconds in repetition 292
tcp_ping received 12288 bytes back
Round trip time was 19.0878 milliseconds in repetition 293
tcp_ping received 12288 bytes back
Round trip time was 18.5192 milliseconds in repetition 294
tcp_ping received 12288 bytes back
Round trip time was 18.7709 milliseconds in repetition 295
tcp_ping received 12288 bytes back
Round trip time was 20.3269 milliseconds in repetition 296
tcp_ping received 12288 bytes back
Round trip time was 19.2954 milliseconds in repetition 297
tcp_ping received 12288 bytes back
Round trip time was 21.0817 milliseconds in repetition 298
tcp_ping received 12288 bytes back
Round trip time was 21.7025 milliseconds in repetition 299
tcp_ping received 12288 bytes back
Round trip time was 20.5577 milliseconds in repetition 300
tcp_ping received 12288 bytes back
Round trip time was 20.2235 milliseconds in repetition 301
tcp_ping received 12288 bytes back
Round trip time was 19.1937 milliseconds in repetition 302
tcp_ping received 12288 bytes back
Round trip time was 19.3438 milliseconds in repetition 303
tcp_ping received 12288 bytes back
Round trip time was 26.6728 milliseconds in repetition 304
tcp_ping received 12288 bytes back
Round trip time was 19.042 milliseconds in repetition 305
tcp_ping received 12288 bytes back
Round trip time was 19.8545 milliseconds in repetition 306
tcp_ping received 12288 bytes back
Round trip time was 19.1118 milliseconds in repetition 307
tcp_ping received 12288 bytes back
Round trip time was 23.3787 milliseconds in repetition 308
tcp_ping received 12288 bytes back
Round trip time was 25.3681 milliseconds in repetition 309
tcp_ping received 12288 bytes back
Round trip time was 19.0764 milliseconds in repetition 310
tcp_ping received 12288 bytes back
Round trip time was 19.2613 milliseconds in repetition 311
tcp_ping received 12288 bytes back
Round trip time was 19.0987 milliseconds in repetition 312
tcp_ping received 12288 bytes back
Round trip time was 18.9995 milliseconds in repetition 313
tcp_ping received 12288 bytes back
Round trip time was 18.5823 milliseconds in repetition 314
tcp_ping received 12288 bytes back
Round trip time was 19.7084 milliseconds in repetition 315
tcp_ping received 12288 bytes back
Round trip time was 19.8157 milliseconds in repetition 316
tcp_ping received 12288 bytes back
Round trip time was 21.9718 milliseconds in repetition 317
tcp_ping received 12288 bytes back
Round trip time was 18.6665 milliseconds in repetition 318
tcp_ping received 12288 bytes back
Round trip time was 19.9991 milliseconds in repetition 319
tcp_ping received 12288 bytes back
Round trip time was 19.1653 milliseconds in repetition 320
tcp_ping received 12288 bytes back
Round trip time was 19.0604 milliseconds in repetition 321
tcp_ping received 12288 bytes back
Round trip time was 23.9089 milliseconds in repetition 322
tcp_ping received 12288 bytes back
Round trip time was 19.9814 milliseconds in repetition 323
tcp_ping received 12288 bytes back
Round trip time was 19.2646 milliseconds in repetition 324
tcp_ping received 12288 bytes back
Round trip time was 19.1653 milliseconds in repetition 325
tcp_ping received 12288 bytes back
Round trip time was 19.2809 milliseconds in repetition 326
tcp_ping received 12288 bytes back
Round trip time was 23.4425 milliseconds in repetition 327
tcp_ping received 12288 bytes back
Round trip time was 26.23 milliseconds in repetition 328
tcp_ping received 12288 bytes back
Round trip time was 20.2308 milliseconds in repetition 329
tcp_ping received 12288 bytes back
Round trip time was 19.3099 milliseconds in repetition 330
tcp_ping received 12288 bytes back
Round trip time was 18.9636 milliseconds in repetition 331
tcp_ping received 12288 bytes back
Round trip time was 18.9485 milliseconds in repetition 332
tcp_ping received 12288 bytes back
Round trip time was 21.3307 milliseconds in repetition 333
tcp_ping received 12288 bytes back
Round trip time was 20.239 milliseconds in repetition 334
tcp_ping received 12288 bytes back
Round trip time was 18.5191 milliseconds in repetition 335
tcp_ping received 12288 bytes back
Round trip time was 18.5027 milliseconds in repetition 336
tcp_ping received 12288 bytes back
Round trip time was 19.7153 milliseconds in repetition 337
tcp_ping received 12288 bytes back
Round trip time was 19.4217 milliseconds in repetition 338
tcp_ping received 12288 bytes back
Round trip time was 18.6734 milliseconds in repetition 339
tcp_ping received 12288 bytes back
Round trip time was 23.1852 milliseconds in repetition 340
tcp_ping received 12288 bytes back
Round trip time was 18.8049 milliseconds in repetition 341
tcp_ping received 12288 bytes back
Round trip time was 19.4323 milliseconds in repetition 342
tcp_ping received 12288 bytes back
Round trip time was 18.3684 milliseconds in repetition 343
tcp_ping received 12288 bytes back
Round trip time was 20.4711 milliseconds in repetition 344
tcp_ping received 12288 bytes back
Round trip time was 19.8116 milliseconds in repetition 345
tcp_ping received 12288 bytes back
Round trip time was 26.3543 milliseconds in repetition 346
tcp_ping received 12288 bytes back
Round trip time was 18.9307 milliseconds in repetition 347
tcp_ping received 12288 bytes back
Round trip time was 18.6269 milliseconds in repetition 348
tcp_ping received 12288 bytes back
Round trip time was 18.7742 milliseconds in repetition 349
tcp_ping received 12288 bytes back
Round trip time was 20.2719 milliseconds in repetition 350
tcp_ping received 12288 bytes back
Round trip time was 19.6624 milliseconds in repetition 351
tcp_ping received 12288 bytes back
Round trip time was 20.1048 milliseconds in repetition 352
tcp_ping received 12288 bytes back
Round trip time was 18.1947 milliseconds in repetition 353
tcp_ping received 12288 bytes back
Round trip time was 19.667 milliseconds in repetition 354
tcp_ping received 12288 bytes back
Round trip time was 20.2133 milliseconds in repetition 355
tcp_ping received 12288 bytes back
Round trip time was 19.6779 milliseconds in repetition 356
tcp_ping received 12288 bytes back
Round trip time was 19.2414 milliseconds in repetition 357
tcp_ping received 12288 bytes back
Round trip time was 21.6164 milliseconds in repetition 358
tcp_ping received 12288 bytes back
Round trip time was 19.771 milliseconds in repetition 359
tcp_ping received 12288 bytes back
Round trip time was 20.6079 milliseconds in repetition 360
tcp_ping received 12288 bytes back
Round trip time was 19.848 milliseconds in repetition 361
tcp_ping received 12288 bytes back
Round trip time was 19.1759 milliseconds in repetition 362
tcp_ping received 12288 bytes back
Round trip time was 19.6851 milliseconds in repetition 363
tcp_ping received 12288 bytes back
Round trip time was 18.9195 milliseconds in repetition 364
tcp_ping received 12288 bytes back
Round trip time was 18.7099 milliseconds in repetition 365
tcp_ping received 12288 bytes back
Round trip time was 19.3914 milliseconds in repetition 366
tcp_ping received 12288 bytes back
Round trip time was 18.3856 milliseconds in repetition 367
tcp_ping received 12288 bytes back
Round trip time was 19.1126 milliseconds in repetition 368
tcp_ping received 12288 bytes back
Round trip time was 19.753 milliseconds in repetition 369
tcp_ping received 12288 bytes back
Round trip time was 19.8254 milliseconds in repetition 370
tcp_ping received 12288 bytes back
Round trip time was 21.1408 milliseconds in repetition 371
tcp_ping received 12288 bytes back
Round trip time was 18.5638 milliseconds in repetition 372
tcp_ping received 12288 bytes back
Round trip time was 20.8939 milliseconds in repetition 373
tcp_ping received 12288 bytes back
Round trip time was 18.9739 milliseconds in repetition 374
tcp_ping received 12288 bytes back
Round trip time was 19.2723 milliseconds in repetition 375
tcp_ping received 12288 bytes back
Round trip time was 18.6351 milliseconds in repetition 376
tcp_ping received 12288 bytes back
Round trip time was 34.5576 milliseconds in repetition 377
tcp_ping received 12288 bytes back
Round trip time was 20.7701 milliseconds in repetition 378
tcp_ping received 12288 bytes back
Round trip time was 20.2535 milliseconds in repetition 379
tcp_ping received 12288 bytes back
Round trip time was 20.0021 milliseconds in repetition 380
tcp_ping received 12288 bytes back
Round trip time was 21.0593 milliseconds in repetition 381
tcp_ping received 12288 bytes back
Round trip time was 37.5325 milliseconds in repetition 382
tcp_ping received 12288 bytes back
Round trip time was 19.9884 milliseconds in repetition 383
tcp_ping received 12288 bytes back
Round trip time was 19.3465 milliseconds in repetition 384
tcp_ping received 12288 bytes back
Round trip time was 19.0589 milliseconds in repetition 385
tcp_ping received 12288 bytes back
Round trip time was 19.3845 milliseconds in repetition 386
tcp_ping received 12288 bytes back
Round trip time was 42.1967 milliseconds in repetition 387
tcp_ping received 12288 bytes back
Round trip time was 19.5733 milliseconds in repetition 388
tcp_ping received 12288 bytes back
Round trip time was 19.2806 milliseconds in repetition 389
tcp_ping received 12288 bytes back
Round trip time was 21.6262 milliseconds in repetition 390
tcp_ping received 12288 bytes back
Round trip time was 19.5798 milliseconds in repetition 391
tcp_ping received 12288 bytes back
Round trip time was 18.4375 milliseconds in repetition 392
tcp_ping received 12288 bytes back
Round trip time was 19.2426 milliseconds in repetition 393
tcp_ping received 12288 bytes back
Round trip time was 19.3003 milliseconds in repetition 394
tcp_ping received 12288 bytes back
Round trip time was 19.0938 milliseconds in repetition 395
tcp_ping received 12288 bytes back
Round trip time was 19.218 milliseconds in repetition 396
tcp_ping received 12288 bytes back
Round trip time was 19.6353 milliseconds in repetition 397
tcp_ping received 12288 bytes back
Round trip time was 20.6004 milliseconds in repetition 398
tcp_ping received 12288 bytes back
Round trip time was 18.2376 milliseconds in repetition 399
tcp_ping received 12288 bytes back
Round trip time was 18.6933 milliseconds in repetition 400
tcp_ping received 12288 bytes back
Round trip time was 18.458 milliseconds in repetition 401
tcp_ping received 12288 bytes back
Round trip time was 18.3816 milliseconds in repetition 402
tcp_ping received 12288 bytes back
Round trip time was 19.0292 milliseconds in repetition 403
tcp_ping received 12288 bytes back
Round trip time was 18.2444 milliseconds in repetition 404
tcp_ping received 12288 bytes back
Round trip time was 21.0153 milliseconds in repetition 405
tcp_ping received 12288 bytes back
Round trip time was 18.4956 milliseconds in repetition 406
tcp_ping received 12288 bytes back
Round trip time was 18.9547 milliseconds in repetition 407
tcp_ping received 12288 bytes back
Round trip time was 18.8455 milliseconds in repetition 408
tcp_ping received 12288 bytes back
Round trip time was 18.9964 milliseconds in repetition 409
tcp_ping received 12288 bytes back
Round trip time was 18.8945 milliseconds in repetition 410
tcp_ping received 12288 bytes back
Round trip time was 18.5053 milliseconds in repetition 411
tcp_ping received 12288 bytes back
Round trip time was 18.7557 milliseconds in repetition 412
tcp_ping received 12288 bytes back
Round trip time was 18.8935 milliseconds in repetition 413
tcp_ping received 12288 bytes back
Round trip time was 19.7611 milliseconds in repetition 414
tcp_ping received 12288 bytes back
Round trip time was 19.4822 milliseconds in repetition 415
tcp_ping received 12288 bytes back
Round trip time was 19.4923 milliseconds in repetition 416
tcp_ping received 12288 bytes back
Round trip time was 18.3848 milliseconds in repetition 417
tcp_ping received 12288 bytes back
Round trip time was 20.099 milliseconds in repetition 418
tcp_ping received 12288 bytes back
Round trip time was 18.8254 milliseconds in repetition 419
tcp_ping received 12288 bytes back
Round trip time was 19.5057 milliseconds in repetition 420
tcp_ping received 12288 bytes back
Round trip time was 18.1586 milliseconds in repetition 421
tcp_ping received 12288 bytes back
Round trip time was 19.6608 milliseconds in repetition 422
tcp_ping received 12288 bytes back
Round trip time was 20.9078 milliseconds in repetition 423
tcp_ping received 12288 bytes back
Round trip time was 19.5571 milliseconds in repetition 424
tcp_ping received 12288 bytes back
Round trip time was 19.3247 milliseconds in repetition 425
tcp_ping received 12288 bytes back
Round trip time was 18.6213 milliseconds in repetition 426
tcp_ping received 12288 bytes back
Round trip time was 18.8321 milliseconds in repetition 427
tcp_ping received 12288 bytes back
Round trip time was 21.3906 milliseconds in repetition 428
tcp_ping received 12288 bytes back
Round trip time was 18.563 milliseconds in repetition 429
tcp_ping received 12288 bytes back
Round trip time was 18.6253 milliseconds in repetition 430
tcp_ping received 12288 bytes back
Round trip time was 19.1445 milliseconds in repetition 431
tcp_ping received 12288 bytes back
Round trip time was 20.472 milliseconds in repetition 432
tcp_ping received 12288 bytes back
Round trip time was 18.8614 milliseconds in repetition 433
tcp_ping received 12288 bytes back
Round trip time was 29.3541 milliseconds in repetition 434
tcp_ping received 12288 bytes back
Round trip time was 18.772 milliseconds in repetition 435
tcp_ping received 12288 bytes back
Round trip time was 19.5197 milliseconds in repetition 436
tcp_ping received 12288 bytes back
Round trip time was 18.9202 milliseconds in repetition 437
tcp_ping received 12288 bytes back
Round trip time was 18.5175 milliseconds in repetition 438
tcp_ping received 12288 bytes back
Round trip time was 18.9169 milliseconds in repetition 439
tcp_ping received 12288 bytes back
Round trip time was 19.1727 milliseconds in repetition 440
tcp_ping received 12288 bytes back
Round trip time was 18.4693 milliseconds in repetition 441
tcp_ping received 12288 bytes back
Round trip time was 20.1411 milliseconds in repetition 442
tcp_ping received 12288 bytes back
Round trip time was 22.6278 milliseconds in repetition 443
tcp_ping received 12288 bytes back
Round trip time was 18.5832 milliseconds in repetition 444
tcp_ping received 12288 bytes back
Round trip time was 19.243 milliseconds in repetition 445
tcp_ping received 12288 bytes back
Round trip time was 18.5702 milliseconds in repetition 446
tcp_ping received 12288 bytes back
Round trip time was 19.3476 milliseconds in repetition 447
tcp_ping received 12288 bytes back
Round trip time was 19.6893 milliseconds in repetition 448
tcp_ping received 12288 bytes back
Round trip time was 18.5606 milliseconds in repetition 449
tcp_ping received 12288 bytes back
Round trip time was 19.7337 milliseconds in repetition 450
tcp_ping received 12288 bytes back
Round trip time was 19.7106 milliseconds in repetition 451
tcp_ping received 12288 bytes back
Round trip time was 18.7107 milliseconds in repetition 452
tcp_ping received 12288 bytes back
Round trip time was 18.5874 milliseconds in repetition 453
tcp_ping received 12288 bytes back
Round trip time was 18.4375 milliseconds in repetition 454
tcp_ping received 12288 bytes back
Round trip time was 19.5778 milliseconds in repetition 455
tcp_ping received 12288 bytes back
Round trip time was 19.2497 milliseconds in repetition 456
tcp_ping received 12288 bytes back
Round trip time was 18.6087 milliseconds in repetition 457
tcp_ping received 12288 bytes back
Round trip time was 20.9845 milliseconds in repetition 458
tcp_ping received 12288 bytes back
Round trip time was 19.7747 milliseconds in repetition 459
tcp_ping received 12288 bytes back
Round trip time was 28.1266 milliseconds in repetition 460
tcp_ping received 12288 bytes back
Round trip time was 20.7862 milliseconds in repetition 461
tcp_ping received 12288 bytes back
Round trip time was 32.0671 milliseconds in repetition 462
tcp_ping received 12288 bytes back
Round trip time was 24.2121 milliseconds in repetition 463
tcp_ping received 12288 bytes back
Round trip time was 20.0677 milliseconds in repetition 464
tcp_ping received 12288 bytes back
Round trip time was 21.9773 milliseconds in repetition 465
tcp_ping received 12288 bytes back
Round trip time was 20.3066 milliseconds in repetition 466
tcp_ping received 12288 bytes back
Round trip time was 19.4988 milliseconds in repetition 467
tcp_ping received 12288 bytes back
Round trip time was 19.3901 milliseconds in repetition 468
tcp_ping received 12288 bytes back
Round trip time was 19.4669 milliseconds in repetition 469
tcp_ping received 12288 bytes back
Round trip time was 18.5493 milliseconds in repetition 470
tcp_ping received 12288 bytes back
Round trip time was 19.7484 milliseconds in repetition 471
tcp_ping received 12288 bytes back
Round trip time was 19.9112 milliseconds in repetition 472
tcp_ping received 12288 bytes back
Round trip time was 18.9213 milliseconds in repetition 473
tcp_ping received 12288 bytes back
Round trip time was 17.7268 milliseconds in repetition 474
tcp_ping received 12288 bytes back
Round trip time was 20.2613 milliseconds in repetition 475
tcp_ping received 12288 bytes back
Round trip time was 18.6007 milliseconds in repetition 476
tcp_ping received 12288 bytes back
Round trip time was 18.947 milliseconds in repetition 477
tcp_ping received 12288 bytes back
Round trip time was 19.4097 milliseconds in repetition 478
tcp_ping received 12288 bytes back
Round trip time was 20.7141 milliseconds in repetition 479
tcp_ping received 12288 bytes back
Round trip time was 20.6309 milliseconds in repetition 480
tcp_ping received 12288 bytes back
Round trip time was 18.9896 milliseconds in repetition 481
tcp_ping received 12288 bytes back
Round trip time was 18.7579 milliseconds in repetition 482
tcp_ping received 12288 bytes back
Round trip time was 19.4689 milliseconds in repetition 483
tcp_ping received 12288 bytes back
Round trip time was 22.3835 milliseconds in repetition 484
tcp_ping received 12288 bytes back
Round trip time was 19.6952 milliseconds in repetition 485
tcp_ping received 12288 bytes back
Round trip time was 18.8392 milliseconds in repetition 486
tcp_ping received 12288 bytes back
Round trip time was 19.4637 milliseconds in repetition 487
tcp_ping received 12288 bytes back
Round trip time was 18.4262 milliseconds in repetition 488
tcp_ping received 12288 bytes back
Round trip time was 19.0128 milliseconds in repetition 489
tcp_ping received 12288 bytes back
Round trip time was 18.5078 milliseconds in repetition 490
tcp_ping received 12288 bytes back
Round trip time was 20.0971 milliseconds in repetition 491
tcp_ping received 12288 bytes back
Round trip time was 19.3272 milliseconds in repetition 492
tcp_ping received 12288 bytes back
Round trip time was 20.3436 milliseconds in repetition 493
tcp_ping received 12288 bytes back
Round trip time was 18.5064 milliseconds in repetition 494
tcp_ping received 12288 bytes back
Round trip time was 22.5604 milliseconds in repetition 495
tcp_ping received 12288 bytes back
Round trip time was 19.2078 milliseconds in repetition 496
tcp_ping received 12288 bytes back
Round trip time was 19.3506 milliseconds in repetition 497
tcp_ping received 12288 bytes back
Round trip time was 18.5489 milliseconds in repetition 498
tcp_ping received 12288 bytes back
Round trip time was 18.554 milliseconds in repetition 499
tcp_ping received 12288 bytes back
Round trip time was 20.373 milliseconds in repetition 500
tcp_ping received 12288 bytes back
Round trip time was 22.5447 milliseconds in repetition 501

 ... clock resolution was 1e-06
TCP Ping:  Statistics over 501 repetitions of 12288 byte messages

RTT : percentile 10: 18.5606, median: 19.5057, percentile 90: 21.948, average: 20.3848, variance: 12.6036

RTT histogram:
17.5602 16
19.145 312
20.7299 109
22.3148 26
23.8997 11
25.4846 6
27.0695 5
28.6544 5
30.2393 0
31.8242 1
33.4091 0
34.994 1
36.5789 0
38.1638 2
39.7486 1
41.3335 1
42.9184 3
44.5033 0
46.0882 0
47.6731 1
49.258 1

   median Throughput : 1259.94 KB/s   overall Throughput : 1205.6 KB/s

