TCP Ping trying to connect to server seti.dibris.unige.it (130.251.61.30) on port 1491
 ... connected to Pong server: asking for 101 repetitions of 64 bytes TCP messages
Received answer: 'OK
'
 ... Pong server agreed :-)
tcp_ping received 64 bytes back
Round trip time was 69.1416 milliseconds in repetition 1
tcp_ping received 64 bytes back
Round trip time was 59.6659 milliseconds in repetition 2
tcp_ping received 64 bytes back
Round trip time was 75.882 milliseconds in repetition 3
tcp_ping received 64 bytes back
Round trip time was 81.7805 milliseconds in repetition 4
tcp_ping received 64 bytes back
Round trip time was 75.1589 milliseconds in repetition 5
tcp_ping received 64 bytes back
Round trip time was 103.569 milliseconds in repetition 6
tcp_ping received 64 bytes back
Round trip time was 157.166 milliseconds in repetition 7
tcp_ping received 64 bytes back
Round trip time was 127.85 milliseconds in repetition 8
tcp_ping received 64 bytes back
Round trip time was 113.577 milliseconds in repetition 9
tcp_ping received 64 bytes back
Round trip time was 90.2213 milliseconds in repetition 10
tcp_ping received 64 bytes back
Round trip time was 86.2907 milliseconds in repetition 11
tcp_ping received 64 bytes back
Round trip time was 63.3523 milliseconds in repetition 12
tcp_ping received 64 bytes back
Round trip time was 67.3237 milliseconds in repetition 13
tcp_ping received 64 bytes back
Round trip time was 67.0314 milliseconds in repetition 14
tcp_ping received 64 bytes back
Round trip time was 66.4175 milliseconds in repetition 15
tcp_ping received 64 bytes back
Round trip time was 58.656 milliseconds in repetition 16
tcp_ping received 64 bytes back
Round trip time was 76.2518 milliseconds in repetition 17
tcp_ping received 64 bytes back
Round trip time was 75.0719 milliseconds in repetition 18
tcp_ping received 64 bytes back
Round trip time was 69.31 milliseconds in repetition 19
tcp_ping received 64 bytes back
Round trip time was 53.7638 milliseconds in repetition 20
tcp_ping received 64 bytes back
Round trip time was 63.2146 milliseconds in repetition 21
tcp_ping received 64 bytes back
Round trip time was 57.2625 milliseconds in repetition 22
tcp_ping received 64 bytes back
Round trip time was 61.8446 milliseconds in repetition 23
tcp_ping received 64 bytes back
Round trip time was 64.7946 milliseconds in repetition 24
tcp_ping received 64 bytes back
Round trip time was 59.606 milliseconds in repetition 25
tcp_ping received 64 bytes back
Round trip time was 69.2512 milliseconds in repetition 26
tcp_ping received 64 bytes back
Round trip time was 61.6907 milliseconds in repetition 27
tcp_ping received 64 bytes back
Round trip time was 63.8314 milliseconds in repetition 28
tcp_ping received 64 bytes back
Round trip time was 143.702 milliseconds in repetition 29
tcp_ping received 64 bytes back
Round trip time was 104.656 milliseconds in repetition 30
tcp_ping received 64 bytes back
Round trip time was 94.8527 milliseconds in repetition 31
tcp_ping received 64 bytes back
Round trip time was 108.34 milliseconds in repetition 32
tcp_ping received 64 bytes back
Round trip time was 93.0458 milliseconds in repetition 33
tcp_ping received 64 bytes back
Round trip time was 62.4338 milliseconds in repetition 34
tcp_ping received 64 bytes back
Round trip time was 64.9032 milliseconds in repetition 35
tcp_ping received 64 bytes back
Round trip time was 67.6674 milliseconds in repetition 36
tcp_ping received 64 bytes back
Round trip time was 73.6081 milliseconds in repetition 37
tcp_ping received 64 bytes back
Round trip time was 87.8047 milliseconds in repetition 38
tcp_ping received 64 bytes back
Round trip time was 87.4728 milliseconds in repetition 39
tcp_ping received 64 bytes back
Round trip time was 52.5431 milliseconds in repetition 40
tcp_ping received 64 bytes back
Round trip time was 71.4226 milliseconds in repetition 41
tcp_ping received 64 bytes back
Round trip time was 83.3701 milliseconds in repetition 42
tcp_ping received 64 bytes back
Round trip time was 99.8631 milliseconds in repetition 43
tcp_ping received 64 bytes back
Round trip time was 83.2264 milliseconds in repetition 44
tcp_ping received 64 bytes back
Round trip time was 66.7708 milliseconds in repetition 45
tcp_ping received 64 bytes back
Round trip time was 73.4485 milliseconds in repetition 46
tcp_ping received 64 bytes back
Round trip time was 109.085 milliseconds in repetition 47
tcp_ping received 64 bytes back
Round trip time was 49.8185 milliseconds in repetition 48
tcp_ping received 64 bytes back
Round trip time was 66.8089 milliseconds in repetition 49
tcp_ping received 64 bytes back
Round trip time was 80.1429 milliseconds in repetition 50
tcp_ping received 64 bytes back
Round trip time was 82.9676 milliseconds in repetition 51
tcp_ping received 64 bytes back
Round trip time was 99.5808 milliseconds in repetition 52
tcp_ping received 64 bytes back
Round trip time was 118.834 milliseconds in repetition 53
tcp_ping received 64 bytes back
Round trip time was 111.309 milliseconds in repetition 54
tcp_ping received 64 bytes back
Round trip time was 90.0652 milliseconds in repetition 55
tcp_ping received 64 bytes back
Round trip time was 100.109 milliseconds in repetition 56
tcp_ping received 64 bytes back
Round trip time was 85.8656 milliseconds in repetition 57
tcp_ping received 64 bytes back
Round trip time was 77.4111 milliseconds in repetition 58
tcp_ping received 64 bytes back
Round trip time was 54.4273 milliseconds in repetition 59
tcp_ping received 64 bytes back
Round trip time was 80.6909 milliseconds in repetition 60
tcp_ping received 64 bytes back
Round trip time was 57.1133 milliseconds in repetition 61
tcp_ping received 64 bytes back
Round trip time was 70.2348 milliseconds in repetition 62
tcp_ping received 64 bytes back
Round trip time was 61.36 milliseconds in repetition 63
tcp_ping received 64 bytes back
Round trip time was 73.1122 milliseconds in repetition 64
tcp_ping received 64 bytes back
Round trip time was 65.7063 milliseconds in repetition 65
tcp_ping received 64 bytes back
Round trip time was 54.739 milliseconds in repetition 66
tcp_ping received 64 bytes back
Round trip time was 80.4921 milliseconds in repetition 67
tcp_ping received 64 bytes back
Round trip time was 58.2379 milliseconds in repetition 68
tcp_ping received 64 bytes back
Round trip time was 71.6853 milliseconds in repetition 69
tcp_ping received 64 bytes back
Round trip time was 64.5814 milliseconds in repetition 70
tcp_ping received 64 bytes back
Round trip time was 74.6596 milliseconds in repetition 71
tcp_ping received 64 bytes back
Round trip time was 53.7611 milliseconds in repetition 72
tcp_ping received 64 bytes back
Round trip time was 59.7003 milliseconds in repetition 73
tcp_ping received 64 bytes back
Round trip time was 70.3248 milliseconds in repetition 74
tcp_ping received 64 bytes back
Round trip time was 71.8431 milliseconds in repetition 75
tcp_ping received 64 bytes back
Round trip time was 71.6026 milliseconds in repetition 76
tcp_ping received 64 bytes back
Round trip time was 77.0009 milliseconds in repetition 77
tcp_ping received 64 bytes back
Round trip time was 103.18 milliseconds in repetition 78
tcp_ping received 64 bytes back
Round trip time was 98.5085 milliseconds in repetition 79
tcp_ping received 64 bytes back
Round trip time was 118.165 milliseconds in repetition 80
tcp_ping received 64 bytes back
Round trip time was 115.875 milliseconds in repetition 81
tcp_ping received 64 bytes back
Round trip time was 69.5797 milliseconds in repetition 82
tcp_ping received 64 bytes back
Round trip time was 72.9012 milliseconds in repetition 83
tcp_ping received 64 bytes back
Round trip time was 54.8098 milliseconds in repetition 84
tcp_ping received 64 bytes back
Round trip time was 67.3601 milliseconds in repetition 85
tcp_ping received 64 bytes back
Round trip time was 62.9458 milliseconds in repetition 86
tcp_ping received 64 bytes back
Round trip time was 70.7846 milliseconds in repetition 87
tcp_ping received 64 bytes back
Round trip time was 84.6507 milliseconds in repetition 88
tcp_ping received 64 bytes back
Round trip time was 74.3019 milliseconds in repetition 89
tcp_ping received 64 bytes back
Round trip time was 75.5086 milliseconds in repetition 90
tcp_ping received 64 bytes back
Round trip time was 62.084 milliseconds in repetition 91
tcp_ping received 64 bytes back
Round trip time was 50.8246 milliseconds in repetition 92
tcp_ping received 64 bytes back
Round trip time was 81.3534 milliseconds in repetition 93
tcp_ping received 64 bytes back
Round trip time was 87.8619 milliseconds in repetition 94
tcp_ping received 64 bytes back
Round trip time was 62.7754 milliseconds in repetition 95
tcp_ping received 64 bytes back
Round trip time was 48.2995 milliseconds in repetition 96
tcp_ping received 64 bytes back
Round trip time was 53.2152 milliseconds in repetition 97
tcp_ping received 64 bytes back
Round trip time was 57.9862 milliseconds in repetition 98
tcp_ping received 64 bytes back
Round trip time was 91.1822 milliseconds in repetition 99
tcp_ping received 64 bytes back
Round trip time was 68.6428 milliseconds in repetition 100
tcp_ping received 64 bytes back
Round trip time was 57.2761 milliseconds in repetition 101

 ... clock resolution was 1e-06
TCP Ping:  Statistics over 101 repetitions of 64 byte messages

RTT : percentile 10: 57.1133, median: 71.6853, percentile 90: 104.656, average: 77.1431, variance: 421.192

RTT histogram:
48.2995 3
53.7428 7
59.1861 12
64.6294 16
70.0727 14
75.516 13
80.9593 8
86.4027 6
91.846 4
97.2893 4
102.733 4
108.176 2
113.619 3
119.062 2
124.506 0
129.949 1
135.392 0
140.836 0
146.279 1
151.722 0
157.166 1

   median Throughput : 1.78558 KB/s   overall Throughput : 1.65925 KB/s

