TCP Ping trying to connect to server seti.dibris.unige.it (130.251.61.30) on port 1491
 ... connected to Pong server: asking for 501 repetitions of 96 bytes TCP messages
Received answer: 'OK
'
 ... Pong server agreed :-)
tcp_ping received 96 bytes back
Round trip time was 26.4188 milliseconds in repetition 1
tcp_ping received 96 bytes back
Round trip time was 22.5381 milliseconds in repetition 2
tcp_ping received 96 bytes back
Round trip time was 23.0441 milliseconds in repetition 3
tcp_ping received 96 bytes back
Round trip time was 23.0486 milliseconds in repetition 4
tcp_ping received 96 bytes back
Round trip time was 22.3909 milliseconds in repetition 5
tcp_ping received 96 bytes back
Round trip time was 34.6522 milliseconds in repetition 6
tcp_ping received 96 bytes back
Round trip time was 26.6832 milliseconds in repetition 7
tcp_ping received 96 bytes back
Round trip time was 22.6633 milliseconds in repetition 8
tcp_ping received 96 bytes back
Round trip time was 22.2862 milliseconds in repetition 9
tcp_ping received 96 bytes back
Round trip time was 21.7554 milliseconds in repetition 10
tcp_ping received 96 bytes back
Round trip time was 22.5595 milliseconds in repetition 11
tcp_ping received 96 bytes back
Round trip time was 23.3335 milliseconds in repetition 12
tcp_ping received 96 bytes back
Round trip time was 22.4393 milliseconds in repetition 13
tcp_ping received 96 bytes back
Round trip time was 23.0771 milliseconds in repetition 14
tcp_ping received 96 bytes back
Round trip time was 22.4409 milliseconds in repetition 15
tcp_ping received 96 bytes back
Round trip time was 21.9849 milliseconds in repetition 16
tcp_ping received 96 bytes back
Round trip time was 22.2332 milliseconds in repetition 17
tcp_ping received 96 bytes back
Round trip time was 22.4029 milliseconds in repetition 18
tcp_ping received 96 bytes back
Round trip time was 21.8348 milliseconds in repetition 19
tcp_ping received 96 bytes back
Round trip time was 21.9127 milliseconds in repetition 20
tcp_ping received 96 bytes back
Round trip time was 21.939 milliseconds in repetition 21
tcp_ping received 96 bytes back
Round trip time was 23.8068 milliseconds in repetition 22
tcp_ping received 96 bytes back
Round trip time was 30.8036 milliseconds in repetition 23
tcp_ping received 96 bytes back
Round trip time was 23.0319 milliseconds in repetition 24
tcp_ping received 96 bytes back
Round trip time was 22.3158 milliseconds in repetition 25
tcp_ping received 96 bytes back
Round trip time was 25.2937 milliseconds in repetition 26
tcp_ping received 96 bytes back
Round trip time was 22.1394 milliseconds in repetition 27
tcp_ping received 96 bytes back
Round trip time was 22.6346 milliseconds in repetition 28
tcp_ping received 96 bytes back
Round trip time was 22.6393 milliseconds in repetition 29
tcp_ping received 96 bytes back
Round trip time was 27.4274 milliseconds in repetition 30
tcp_ping received 96 bytes back
Round trip time was 23.1329 milliseconds in repetition 31
tcp_ping received 96 bytes back
Round trip time was 23.0524 milliseconds in repetition 32
tcp_ping received 96 bytes back
Round trip time was 23.0473 milliseconds in repetition 33
tcp_ping received 96 bytes back
Round trip time was 21.9135 milliseconds in repetition 34
tcp_ping received 96 bytes back
Round trip time was 21.6908 milliseconds in repetition 35
tcp_ping received 96 bytes back
Round trip time was 21.5262 milliseconds in repetition 36
tcp_ping received 96 bytes back
Round trip time was 21.0425 milliseconds in repetition 37
tcp_ping received 96 bytes back
Round trip time was 21.5907 milliseconds in repetition 38
tcp_ping received 96 bytes back
Round trip time was 21.8181 milliseconds in repetition 39
tcp_ping received 96 bytes back
Round trip time was 21.1606 milliseconds in repetition 40
tcp_ping received 96 bytes back
Round trip time was 21.417 milliseconds in repetition 41
tcp_ping received 96 bytes back
Round trip time was 20.7112 milliseconds in repetition 42
tcp_ping received 96 bytes back
Round trip time was 21.4999 milliseconds in repetition 43
tcp_ping received 96 bytes back
Round trip time was 21.212 milliseconds in repetition 44
tcp_ping received 96 bytes back
Round trip time was 20.7064 milliseconds in repetition 45
tcp_ping received 96 bytes back
Round trip time was 21.555 milliseconds in repetition 46
tcp_ping received 96 bytes back
Round trip time was 21.431 milliseconds in repetition 47
tcp_ping received 96 bytes back
Round trip time was 29.2921 milliseconds in repetition 48
tcp_ping received 96 bytes back
Round trip time was 21.7435 milliseconds in repetition 49
tcp_ping received 96 bytes back
Round trip time was 21.5431 milliseconds in repetition 50
tcp_ping received 96 bytes back
Round trip time was 21.6852 milliseconds in repetition 51
tcp_ping received 96 bytes back
Round trip time was 21.9138 milliseconds in repetition 52
tcp_ping received 96 bytes back
Round trip time was 22.1637 milliseconds in repetition 53
tcp_ping received 96 bytes back
Round trip time was 21.3746 milliseconds in repetition 54
tcp_ping received 96 bytes back
Round trip time was 20.9345 milliseconds in repetition 55
tcp_ping received 96 bytes back
Round trip time was 21.3289 milliseconds in repetition 56
tcp_ping received 96 bytes back
Round trip time was 22.786 milliseconds in repetition 57
tcp_ping received 96 bytes back
Round trip time was 22.624 milliseconds in repetition 58
tcp_ping received 96 bytes back
Round trip time was 26.7351 milliseconds in repetition 59
tcp_ping received 96 bytes back
Round trip time was 21.9847 milliseconds in repetition 60
tcp_ping received 96 bytes back
Round trip time was 24.4609 milliseconds in repetition 61
tcp_ping received 96 bytes back
Round trip time was 21.8869 milliseconds in repetition 62
tcp_ping received 96 bytes back
Round trip time was 21.2089 milliseconds in repetition 63
tcp_ping received 96 bytes back
Round trip time was 23.3248 milliseconds in repetition 64
tcp_ping received 96 bytes back
Round trip time was 22.7579 milliseconds in repetition 65
tcp_ping received 96 bytes back
Round trip time was 31.3507 milliseconds in repetition 66
tcp_ping received 96 bytes back
Round trip time was 21.2072 milliseconds in repetition 67
tcp_ping received 96 bytes back
Round trip time was 22.2299 milliseconds in repetition 68
tcp_ping received 96 bytes back
Round trip time was 25.4175 milliseconds in repetition 69
tcp_ping received 96 bytes back
Round trip time was 20.882 milliseconds in repetition 70
tcp_ping received 96 bytes back
Round trip time was 21.4562 milliseconds in repetition 71
tcp_ping received 96 bytes back
Round trip time was 21.4326 milliseconds in repetition 72
tcp_ping received 96 bytes back
Round trip time was 22.2106 milliseconds in repetition 73
tcp_ping received 96 bytes back
Round trip time was 30.5915 milliseconds in repetition 74
tcp_ping received 96 bytes back
Round trip time was 23.7443 milliseconds in repetition 75
tcp_ping received 96 bytes back
Round trip time was 21.9781 milliseconds in repetition 76
tcp_ping received 96 bytes back
Round trip time was 21.7916 milliseconds in repetition 77
tcp_ping received 96 bytes back
Round trip time was 21.0419 milliseconds in repetition 78
tcp_ping received 96 bytes back
Round trip time was 21.9139 milliseconds in repetition 79
tcp_ping received 96 bytes back
Round trip time was 21.4261 milliseconds in repetition 80
tcp_ping received 96 bytes back
Round trip time was 21.5494 milliseconds in repetition 81
tcp_ping received 96 bytes back
Round trip time was 22.1317 milliseconds in repetition 82
tcp_ping received 96 bytes back
Round trip time was 20.6294 milliseconds in repetition 83
tcp_ping received 96 bytes back
Round trip time was 21.9387 milliseconds in repetition 84
tcp_ping received 96 bytes back
Round trip time was 22.9421 milliseconds in repetition 85
tcp_ping received 96 bytes back
Round trip time was 21.4145 milliseconds in repetition 86
tcp_ping received 96 bytes back
Round trip time was 21.4118 milliseconds in repetition 87
tcp_ping received 96 bytes back
Round trip time was 21.3766 milliseconds in repetition 88
tcp_ping received 96 bytes back
Round trip time was 21.8356 milliseconds in repetition 89
tcp_ping received 96 bytes back
Round trip time was 21.5213 milliseconds in repetition 90
tcp_ping received 96 bytes back
Round trip time was 22.4823 milliseconds in repetition 91
tcp_ping received 96 bytes back
Round trip time was 21.6807 milliseconds in repetition 92
tcp_ping received 96 bytes back
Round trip time was 21.9716 milliseconds in repetition 93
tcp_ping received 96 bytes back
Round trip time was 22.815 milliseconds in repetition 94
tcp_ping received 96 bytes back
Round trip time was 21.3783 milliseconds in repetition 95
tcp_ping received 96 bytes back
Round trip time was 20.8812 milliseconds in repetition 96
tcp_ping received 96 bytes back
Round trip time was 22.6563 milliseconds in repetition 97
tcp_ping received 96 bytes back
Round trip time was 21.3492 milliseconds in repetition 98
tcp_ping received 96 bytes back
Round trip time was 21.4104 milliseconds in repetition 99
tcp_ping received 96 bytes back
Round trip time was 24.5492 milliseconds in repetition 100
tcp_ping received 96 bytes back
Round trip time was 23.3475 milliseconds in repetition 101
tcp_ping received 96 bytes back
Round trip time was 21.2244 milliseconds in repetition 102
tcp_ping received 96 bytes back
Round trip time was 20.4692 milliseconds in repetition 103
tcp_ping received 96 bytes back
Round trip time was 21.6702 milliseconds in repetition 104
tcp_ping received 96 bytes back
Round trip time was 20.7141 milliseconds in repetition 105
tcp_ping received 96 bytes back
Round trip time was 21.6518 milliseconds in repetition 106
tcp_ping received 96 bytes back
Round trip time was 22.0074 milliseconds in repetition 107
tcp_ping received 96 bytes back
Round trip time was 23.1742 milliseconds in repetition 108
tcp_ping received 96 bytes back
Round trip time was 30.361 milliseconds in repetition 109
tcp_ping received 96 bytes back
Round trip time was 22.1903 milliseconds in repetition 110
tcp_ping received 96 bytes back
Round trip time was 25.0913 milliseconds in repetition 111
tcp_ping received 96 bytes back
Round trip time was 21.2316 milliseconds in repetition 112
tcp_ping received 96 bytes back
Round trip time was 20.9877 milliseconds in repetition 113
tcp_ping received 96 bytes back
Round trip time was 21.0145 milliseconds in repetition 114
tcp_ping received 96 bytes back
Round trip time was 21.6635 milliseconds in repetition 115
tcp_ping received 96 bytes back
Round trip time was 22.0958 milliseconds in repetition 116
tcp_ping received 96 bytes back
Round trip time was 25.2266 milliseconds in repetition 117
tcp_ping received 96 bytes back
Round trip time was 21.4024 milliseconds in repetition 118
tcp_ping received 96 bytes back
Round trip time was 20.6101 milliseconds in repetition 119
tcp_ping received 96 bytes back
Round trip time was 22.3013 milliseconds in repetition 120
tcp_ping received 96 bytes back
Round trip time was 20.7563 milliseconds in repetition 121
tcp_ping received 96 bytes back
Round trip time was 22.5229 milliseconds in repetition 122
tcp_ping received 96 bytes back
Round trip time was 22.0268 milliseconds in repetition 123
tcp_ping received 96 bytes back
Round trip time was 21.3129 milliseconds in repetition 124
tcp_ping received 96 bytes back
Round trip time was 21.4419 milliseconds in repetition 125
tcp_ping received 96 bytes back
Round trip time was 21.5626 milliseconds in repetition 126
tcp_ping received 96 bytes back
Round trip time was 21.3563 milliseconds in repetition 127
tcp_ping received 96 bytes back
Round trip time was 20.7352 milliseconds in repetition 128
tcp_ping received 96 bytes back
Round trip time was 28.8518 milliseconds in repetition 129
tcp_ping received 96 bytes back
Round trip time was 21.4309 milliseconds in repetition 130
tcp_ping received 96 bytes back
Round trip time was 25.194 milliseconds in repetition 131
tcp_ping received 96 bytes back
Round trip time was 21.7137 milliseconds in repetition 132
tcp_ping received 96 bytes back
Round trip time was 21.606 milliseconds in repetition 133
tcp_ping received 96 bytes back
Round trip time was 20.7457 milliseconds in repetition 134
tcp_ping received 96 bytes back
Round trip time was 20.5389 milliseconds in repetition 135
tcp_ping received 96 bytes back
Round trip time was 21.1373 milliseconds in repetition 136
tcp_ping received 96 bytes back
Round trip time was 22.8404 milliseconds in repetition 137
tcp_ping received 96 bytes back
Round trip time was 21.5116 milliseconds in repetition 138
tcp_ping received 96 bytes back
Round trip time was 21.656 milliseconds in repetition 139
tcp_ping received 96 bytes back
Round trip time was 22.1645 milliseconds in repetition 140
tcp_ping received 96 bytes back
Round trip time was 20.3775 milliseconds in repetition 141
tcp_ping received 96 bytes back
Round trip time was 21.6892 milliseconds in repetition 142
tcp_ping received 96 bytes back
Round trip time was 23.0042 milliseconds in repetition 143
tcp_ping received 96 bytes back
Round trip time was 21.0327 milliseconds in repetition 144
tcp_ping received 96 bytes back
Round trip time was 21.6128 milliseconds in repetition 145
tcp_ping received 96 bytes back
Round trip time was 21.8099 milliseconds in repetition 146
tcp_ping received 96 bytes back
Round trip time was 23.852 milliseconds in repetition 147
tcp_ping received 96 bytes back
Round trip time was 20.753 milliseconds in repetition 148
tcp_ping received 96 bytes back
Round trip time was 23.1975 milliseconds in repetition 149
tcp_ping received 96 bytes back
Round trip time was 40.5455 milliseconds in repetition 150
tcp_ping received 96 bytes back
Round trip time was 22.5814 milliseconds in repetition 151
tcp_ping received 96 bytes back
Round trip time was 21.5521 milliseconds in repetition 152
tcp_ping received 96 bytes back
Round trip time was 21.5258 milliseconds in repetition 153
tcp_ping received 96 bytes back
Round trip time was 21.4064 milliseconds in repetition 154
tcp_ping received 96 bytes back
Round trip time was 32.9895 milliseconds in repetition 155
tcp_ping received 96 bytes back
Round trip time was 21.4988 milliseconds in repetition 156
tcp_ping received 96 bytes back
Round trip time was 20.9305 milliseconds in repetition 157
tcp_ping received 96 bytes back
Round trip time was 21.579 milliseconds in repetition 158
tcp_ping received 96 bytes back
Round trip time was 20.9154 milliseconds in repetition 159
tcp_ping received 96 bytes back
Round trip time was 33.2552 milliseconds in repetition 160
tcp_ping received 96 bytes back
Round trip time was 22.3716 milliseconds in repetition 161
tcp_ping received 96 bytes back
Round trip time was 21.5113 milliseconds in repetition 162
tcp_ping received 96 bytes back
Round trip time was 24.7861 milliseconds in repetition 163
tcp_ping received 96 bytes back
Round trip time was 21.358 milliseconds in repetition 164
tcp_ping received 96 bytes back
Round trip time was 22.1166 milliseconds in repetition 165
tcp_ping received 96 bytes back
Round trip time was 20.3897 milliseconds in repetition 166
tcp_ping received 96 bytes back
Round trip time was 20.8468 milliseconds in repetition 167
tcp_ping received 96 bytes back
Round trip time was 21.1776 milliseconds in repetition 168
tcp_ping received 96 bytes back
Round trip time was 21.1256 milliseconds in repetition 169
tcp_ping received 96 bytes back
Round trip time was 41.1336 milliseconds in repetition 170
tcp_ping received 96 bytes back
Round trip time was 21.4284 milliseconds in repetition 171
tcp_ping received 96 bytes back
Round trip time was 21.4358 milliseconds in repetition 172
tcp_ping received 96 bytes back
Round trip time was 21.4584 milliseconds in repetition 173
tcp_ping received 96 bytes back
Round trip time was 21.0365 milliseconds in repetition 174
tcp_ping received 96 bytes back
Round trip time was 42.2102 milliseconds in repetition 175
tcp_ping received 96 bytes back
Round trip time was 21.6006 milliseconds in repetition 176
tcp_ping received 96 bytes back
Round trip time was 21.6 milliseconds in repetition 177
tcp_ping received 96 bytes back
Round trip time was 21.2694 milliseconds in repetition 178
tcp_ping received 96 bytes back
Round trip time was 21.0853 milliseconds in repetition 179
tcp_ping received 96 bytes back
Round trip time was 21.4161 milliseconds in repetition 180
tcp_ping received 96 bytes back
Round trip time was 21.3849 milliseconds in repetition 181
tcp_ping received 96 bytes back
Round trip time was 21.2474 milliseconds in repetition 182
tcp_ping received 96 bytes back
Round trip time was 22.2042 milliseconds in repetition 183
tcp_ping received 96 bytes back
Round trip time was 23.1368 milliseconds in repetition 184
tcp_ping received 96 bytes back
Round trip time was 21.8718 milliseconds in repetition 185
tcp_ping received 96 bytes back
Round trip time was 21.6222 milliseconds in repetition 186
tcp_ping received 96 bytes back
Round trip time was 21.533 milliseconds in repetition 187
tcp_ping received 96 bytes back
Round trip time was 21.6132 milliseconds in repetition 188
tcp_ping received 96 bytes back
Round trip time was 21.8576 milliseconds in repetition 189
tcp_ping received 96 bytes back
Round trip time was 21.8113 milliseconds in repetition 190
tcp_ping received 96 bytes back
Round trip time was 23.5861 milliseconds in repetition 191
tcp_ping received 96 bytes back
Round trip time was 22.1151 milliseconds in repetition 192
tcp_ping received 96 bytes back
Round trip time was 22.8237 milliseconds in repetition 193
tcp_ping received 96 bytes back
Round trip time was 21.1684 milliseconds in repetition 194
tcp_ping received 96 bytes back
Round trip time was 22.7152 milliseconds in repetition 195
tcp_ping received 96 bytes back
Round trip time was 21.1469 milliseconds in repetition 196
tcp_ping received 96 bytes back
Round trip time was 21.1567 milliseconds in repetition 197
tcp_ping received 96 bytes back
Round trip time was 21.8479 milliseconds in repetition 198
tcp_ping received 96 bytes back
Round trip time was 20.9194 milliseconds in repetition 199
tcp_ping received 96 bytes back
Round trip time was 21.4947 milliseconds in repetition 200
tcp_ping received 96 bytes back
Round trip time was 21.6073 milliseconds in repetition 201
tcp_ping received 96 bytes back
Round trip time was 21.3799 milliseconds in repetition 202
tcp_ping received 96 bytes back
Round trip time was 22.4864 milliseconds in repetition 203
tcp_ping received 96 bytes back
Round trip time was 21.2857 milliseconds in repetition 204
tcp_ping received 96 bytes back
Round trip time was 24.7265 milliseconds in repetition 205
tcp_ping received 96 bytes back
Round trip time was 20.959 milliseconds in repetition 206
tcp_ping received 96 bytes back
Round trip time was 21.7651 milliseconds in repetition 207
tcp_ping received 96 bytes back
Round trip time was 21.4243 milliseconds in repetition 208
tcp_ping received 96 bytes back
Round trip time was 21.1925 milliseconds in repetition 209
tcp_ping received 96 bytes back
Round trip time was 21.3336 milliseconds in repetition 210
tcp_ping received 96 bytes back
Round trip time was 22.2407 milliseconds in repetition 211
tcp_ping received 96 bytes back
Round trip time was 20.9752 milliseconds in repetition 212
tcp_ping received 96 bytes back
Round trip time was 27.0602 milliseconds in repetition 213
tcp_ping received 96 bytes back
Round trip time was 21.5367 milliseconds in repetition 214
tcp_ping received 96 bytes back
Round trip time was 20.6055 milliseconds in repetition 215
tcp_ping received 96 bytes back
Round trip time was 20.7462 milliseconds in repetition 216
tcp_ping received 96 bytes back
Round trip time was 21.5219 milliseconds in repetition 217
tcp_ping received 96 bytes back
Round trip time was 21.2069 milliseconds in repetition 218
tcp_ping received 96 bytes back
Round trip time was 22.6278 milliseconds in repetition 219
tcp_ping received 96 bytes back
Round trip time was 21.8414 milliseconds in repetition 220
tcp_ping received 96 bytes back
Round trip time was 21.0195 milliseconds in repetition 221
tcp_ping received 96 bytes back
Round trip time was 21.0305 milliseconds in repetition 222
tcp_ping received 96 bytes back
Round trip time was 20.48 milliseconds in repetition 223
tcp_ping received 96 bytes back
Round trip time was 21.8313 milliseconds in repetition 224
tcp_ping received 96 bytes back
Round trip time was 20.7424 milliseconds in repetition 225
tcp_ping received 96 bytes back
Round trip time was 21.3061 milliseconds in repetition 226
tcp_ping received 96 bytes back
Round trip time was 20.5604 milliseconds in repetition 227
tcp_ping received 96 bytes back
Round trip time was 21.8329 milliseconds in repetition 228
tcp_ping received 96 bytes back
Round trip time was 23.2236 milliseconds in repetition 229
tcp_ping received 96 bytes back
Round trip time was 21.485 milliseconds in repetition 230
tcp_ping received 96 bytes back
Round trip time was 23.2857 milliseconds in repetition 231
tcp_ping received 96 bytes back
Round trip time was 23.5488 milliseconds in repetition 232
tcp_ping received 96 bytes back
Round trip time was 21.5844 milliseconds in repetition 233
tcp_ping received 96 bytes back
Round trip time was 21.1773 milliseconds in repetition 234
tcp_ping received 96 bytes back
Round trip time was 21.6157 milliseconds in repetition 235
tcp_ping received 96 bytes back
Round trip time was 20.3899 milliseconds in repetition 236
tcp_ping received 96 bytes back
Round trip time was 20.7416 milliseconds in repetition 237
tcp_ping received 96 bytes back
Round trip time was 21.5711 milliseconds in repetition 238
tcp_ping received 96 bytes back
Round trip time was 22.0928 milliseconds in repetition 239
tcp_ping received 96 bytes back
Round trip time was 21.3865 milliseconds in repetition 240
tcp_ping received 96 bytes back
Round trip time was 21.341 milliseconds in repetition 241
tcp_ping received 96 bytes back
Round trip time was 21.409 milliseconds in repetition 242
tcp_ping received 96 bytes back
Round trip time was 20.4769 milliseconds in repetition 243
tcp_ping received 96 bytes back
Round trip time was 25.9559 milliseconds in repetition 244
tcp_ping received 96 bytes back
Round trip time was 30.3597 milliseconds in repetition 245
tcp_ping received 96 bytes back
Round trip time was 21.9557 milliseconds in repetition 246
tcp_ping received 96 bytes back
Round trip time was 28.6229 milliseconds in repetition 247
tcp_ping received 96 bytes back
Round trip time was 22.1348 milliseconds in repetition 248
tcp_ping received 96 bytes back
Round trip time was 22.7286 milliseconds in repetition 249
tcp_ping received 96 bytes back
Round trip time was 21.9484 milliseconds in repetition 250
tcp_ping received 96 bytes back
Round trip time was 21.8116 milliseconds in repetition 251
tcp_ping received 96 bytes back
Round trip time was 22.3902 milliseconds in repetition 252
tcp_ping received 96 bytes back
Round trip time was 21.1106 milliseconds in repetition 253
tcp_ping received 96 bytes back
Round trip time was 22.3039 milliseconds in repetition 254
tcp_ping received 96 bytes back
Round trip time was 27.9739 milliseconds in repetition 255
tcp_ping received 96 bytes back
Round trip time was 21.8242 milliseconds in repetition 256
tcp_ping received 96 bytes back
Round trip time was 20.7321 milliseconds in repetition 257
tcp_ping received 96 bytes back
Round trip time was 20.8701 milliseconds in repetition 258
tcp_ping received 96 bytes back
Round trip time was 21.4537 milliseconds in repetition 259
tcp_ping received 96 bytes back
Round trip time was 21.1927 milliseconds in repetition 260
tcp_ping received 96 bytes back
Round trip time was 21.0235 milliseconds in repetition 261
tcp_ping received 96 bytes back
Round trip time was 21.6417 milliseconds in repetition 262
tcp_ping received 96 bytes back
Round trip time was 22.5883 milliseconds in repetition 263
tcp_ping received 96 bytes back
Round trip time was 21.9742 milliseconds in repetition 264
tcp_ping received 96 bytes back
Round trip time was 21.6864 milliseconds in repetition 265
tcp_ping received 96 bytes back
Round trip time was 26.7663 milliseconds in repetition 266
tcp_ping received 96 bytes back
Round trip time was 22.1454 milliseconds in repetition 267
tcp_ping received 96 bytes back
Round trip time was 21.0942 milliseconds in repetition 268
tcp_ping received 96 bytes back
Round trip time was 22.2391 milliseconds in repetition 269
tcp_ping received 96 bytes back
Round trip time was 23.1131 milliseconds in repetition 270
tcp_ping received 96 bytes back
Round trip time was 23.0892 milliseconds in repetition 271
tcp_ping received 96 bytes back
Round trip time was 21.4312 milliseconds in repetition 272
tcp_ping received 96 bytes back
Round trip time was 21.0661 milliseconds in repetition 273
tcp_ping received 96 bytes back
Round trip time was 20.9627 milliseconds in repetition 274
tcp_ping received 96 bytes back
Round trip time was 22.71 milliseconds in repetition 275
tcp_ping received 96 bytes back
Round trip time was 20.9888 milliseconds in repetition 276
tcp_ping received 96 bytes back
Round trip time was 21.6066 milliseconds in repetition 277
tcp_ping received 96 bytes back
Round trip time was 21.2534 milliseconds in repetition 278
tcp_ping received 96 bytes back
Round trip time was 21.5615 milliseconds in repetition 279
tcp_ping received 96 bytes back
Round trip time was 20.937 milliseconds in repetition 280
tcp_ping received 96 bytes back
Round trip time was 20.7173 milliseconds in repetition 281
tcp_ping received 96 bytes back
Round trip time was 23.7705 milliseconds in repetition 282
tcp_ping received 96 bytes back
Round trip time was 20.8687 milliseconds in repetition 283
tcp_ping received 96 bytes back
Round trip time was 20.8413 milliseconds in repetition 284
tcp_ping received 96 bytes back
Round trip time was 22.6085 milliseconds in repetition 285
tcp_ping received 96 bytes back
Round trip time was 20.7345 milliseconds in repetition 286
tcp_ping received 96 bytes back
Round trip time was 20.7038 milliseconds in repetition 287
tcp_ping received 96 bytes back
Round trip time was 21.1942 milliseconds in repetition 288
tcp_ping received 96 bytes back
Round trip time was 20.5723 milliseconds in repetition 289
tcp_ping received 96 bytes back
Round trip time was 22.83 milliseconds in repetition 290
tcp_ping received 96 bytes back
Round trip time was 24.4599 milliseconds in repetition 291
tcp_ping received 96 bytes back
Round trip time was 20.9283 milliseconds in repetition 292
tcp_ping received 96 bytes back
Round trip time was 21.1833 milliseconds in repetition 293
tcp_ping received 96 bytes back
Round trip time was 21.518 milliseconds in repetition 294
tcp_ping received 96 bytes back
Round trip time was 22.1401 milliseconds in repetition 295
tcp_ping received 96 bytes back
Round trip time was 21.203 milliseconds in repetition 296
tcp_ping received 96 bytes back
Round trip time was 21.7178 milliseconds in repetition 297
tcp_ping received 96 bytes back
Round trip time was 21.2196 milliseconds in repetition 298
tcp_ping received 96 bytes back
Round trip time was 22.3803 milliseconds in repetition 299
tcp_ping received 96 bytes back
Round trip time was 21.0236 milliseconds in repetition 300
tcp_ping received 96 bytes back
Round trip time was 21.3177 milliseconds in repetition 301
tcp_ping received 96 bytes back
Round trip time was 21.1318 milliseconds in repetition 302
tcp_ping received 96 bytes back
Round trip time was 21.948 milliseconds in repetition 303
tcp_ping received 96 bytes back
Round trip time was 21.9531 milliseconds in repetition 304
tcp_ping received 96 bytes back
Round trip time was 20.8445 milliseconds in repetition 305
tcp_ping received 96 bytes back
Round trip time was 21.0368 milliseconds in repetition 306
tcp_ping received 96 bytes back
Round trip time was 21.5502 milliseconds in repetition 307
tcp_ping received 96 bytes back
Round trip time was 21.771 milliseconds in repetition 308
tcp_ping received 96 bytes back
Round trip time was 21.8831 milliseconds in repetition 309
tcp_ping received 96 bytes back
Round trip time was 21.5357 milliseconds in repetition 310
tcp_ping received 96 bytes back
Round trip time was 21.6944 milliseconds in repetition 311
tcp_ping received 96 bytes back
Round trip time was 22.6047 milliseconds in repetition 312
tcp_ping received 96 bytes back
Round trip time was 22.1032 milliseconds in repetition 313
tcp_ping received 96 bytes back
Round trip time was 22.4218 milliseconds in repetition 314
tcp_ping received 96 bytes back
Round trip time was 22.9849 milliseconds in repetition 315
tcp_ping received 96 bytes back
Round trip time was 22.8873 milliseconds in repetition 316
tcp_ping received 96 bytes back
Round trip time was 21.8265 milliseconds in repetition 317
tcp_ping received 96 bytes back
Round trip time was 23.5147 milliseconds in repetition 318
tcp_ping received 96 bytes back
Round trip time was 21.9238 milliseconds in repetition 319
tcp_ping received 96 bytes back
Round trip time was 21.3429 milliseconds in repetition 320
tcp_ping received 96 bytes back
Round trip time was 21.651 milliseconds in repetition 321
tcp_ping received 96 bytes back
Round trip time was 21.3423 milliseconds in repetition 322
tcp_ping received 96 bytes back
Round trip time was 31.5648 milliseconds in repetition 323
tcp_ping received 96 bytes back
Round trip time was 21.1802 milliseconds in repetition 324
tcp_ping received 96 bytes back
Round trip time was 21.2493 milliseconds in repetition 325
tcp_ping received 96 bytes back
Round trip time was 20.8046 milliseconds in repetition 326
tcp_ping received 96 bytes back
Round trip time was 21.0348 milliseconds in repetition 327
tcp_ping received 96 bytes back
Round trip time was 25.9769 milliseconds in repetition 328
tcp_ping received 96 bytes back
Round trip time was 20.785 milliseconds in repetition 329
tcp_ping received 96 bytes back
Round trip time was 22.4662 milliseconds in repetition 330
tcp_ping received 96 bytes back
Round trip time was 21.6953 milliseconds in repetition 331
tcp_ping received 96 bytes back
Round trip time was 20.4841 milliseconds in repetition 332
tcp_ping received 96 bytes back
Round trip time was 20.7302 milliseconds in repetition 333
tcp_ping received 96 bytes back
Round trip time was 21.8786 milliseconds in repetition 334
tcp_ping received 96 bytes back
Round trip time was 21.6024 milliseconds in repetition 335
tcp_ping received 96 bytes back
Round trip time was 22.3205 milliseconds in repetition 336
tcp_ping received 96 bytes back
Round trip time was 21.1205 milliseconds in repetition 337
tcp_ping received 96 bytes back
Round trip time was 21.3628 milliseconds in repetition 338
tcp_ping received 96 bytes back
Round trip time was 20.5758 milliseconds in repetition 339
tcp_ping received 96 bytes back
Round trip time was 21.5343 milliseconds in repetition 340
tcp_ping received 96 bytes back
Round trip time was 21.0681 milliseconds in repetition 341
tcp_ping received 96 bytes back
Round trip time was 21.0261 milliseconds in repetition 342
tcp_ping received 96 bytes back
Round trip time was 26.4246 milliseconds in repetition 343
tcp_ping received 96 bytes back
Round trip time was 21.4947 milliseconds in repetition 344
tcp_ping received 96 bytes back
Round trip time was 21.8225 milliseconds in repetition 345
tcp_ping received 96 bytes back
Round trip time was 21.4011 milliseconds in repetition 346
tcp_ping received 96 bytes back
Round trip time was 21.2372 milliseconds in repetition 347
tcp_ping received 96 bytes back
Round trip time was 21.0244 milliseconds in repetition 348
tcp_ping received 96 bytes back
Round trip time was 21.1386 milliseconds in repetition 349
tcp_ping received 96 bytes back
Round trip time was 20.8004 milliseconds in repetition 350
tcp_ping received 96 bytes back
Round trip time was 21.9515 milliseconds in repetition 351
tcp_ping received 96 bytes back
Round trip time was 20.7053 milliseconds in repetition 352
tcp_ping received 96 bytes back
Round trip time was 21.2374 milliseconds in repetition 353
tcp_ping received 96 bytes back
Round trip time was 21.8645 milliseconds in repetition 354
tcp_ping received 96 bytes back
Round trip time was 21.4385 milliseconds in repetition 355
tcp_ping received 96 bytes back
Round trip time was 20.9371 milliseconds in repetition 356
tcp_ping received 96 bytes back
Round trip time was 21.5442 milliseconds in repetition 357
tcp_ping received 96 bytes back
Round trip time was 21.07 milliseconds in repetition 358
tcp_ping received 96 bytes back
Round trip time was 21.4027 milliseconds in repetition 359
tcp_ping received 96 bytes back
Round trip time was 21.5734 milliseconds in repetition 360
tcp_ping received 96 bytes back
Round trip time was 20.9502 milliseconds in repetition 361
tcp_ping received 96 bytes back
Round trip time was 20.8985 milliseconds in repetition 362
tcp_ping received 96 bytes back
Round trip time was 24.2279 milliseconds in repetition 363
tcp_ping received 96 bytes back
Round trip time was 21.4162 milliseconds in repetition 364
tcp_ping received 96 bytes back
Round trip time was 22.1142 milliseconds in repetition 365
tcp_ping received 96 bytes back
Round trip time was 21.508 milliseconds in repetition 366
tcp_ping received 96 bytes back
Round trip time was 21.1653 milliseconds in repetition 367
tcp_ping received 96 bytes back
Round trip time was 20.3674 milliseconds in repetition 368
tcp_ping received 96 bytes back
Round trip time was 21.0064 milliseconds in repetition 369
tcp_ping received 96 bytes back
Round trip time was 21.5369 milliseconds in repetition 370
tcp_ping received 96 bytes back
Round trip time was 21.4063 milliseconds in repetition 371
tcp_ping received 96 bytes back
Round trip time was 20.7078 milliseconds in repetition 372
tcp_ping received 96 bytes back
Round trip time was 22.8155 milliseconds in repetition 373
tcp_ping received 96 bytes back
Round trip time was 21.6855 milliseconds in repetition 374
tcp_ping received 96 bytes back
Round trip time was 21.7046 milliseconds in repetition 375
tcp_ping received 96 bytes back
Round trip time was 34.0282 milliseconds in repetition 376
tcp_ping received 96 bytes back
Round trip time was 21.616 milliseconds in repetition 377
tcp_ping received 96 bytes back
Round trip time was 22.4041 milliseconds in repetition 378
tcp_ping received 96 bytes back
Round trip time was 20.9087 milliseconds in repetition 379
tcp_ping received 96 bytes back
Round trip time was 23.1031 milliseconds in repetition 380
tcp_ping received 96 bytes back
Round trip time was 31.491 milliseconds in repetition 381
tcp_ping received 96 bytes back
Round trip time was 20.7855 milliseconds in repetition 382
tcp_ping received 96 bytes back
Round trip time was 20.7783 milliseconds in repetition 383
tcp_ping received 96 bytes back
Round trip time was 21.1618 milliseconds in repetition 384
tcp_ping received 96 bytes back
Round trip time was 23.1347 milliseconds in repetition 385
tcp_ping received 96 bytes back
Round trip time was 32.7552 milliseconds in repetition 386
tcp_ping received 96 bytes back
Round trip time was 21.9756 milliseconds in repetition 387
tcp_ping received 96 bytes back
Round trip time was 24.3027 milliseconds in repetition 388
tcp_ping received 96 bytes back
Round trip time was 21.0619 milliseconds in repetition 389
tcp_ping received 96 bytes back
Round trip time was 50.6861 milliseconds in repetition 390
tcp_ping received 96 bytes back
Round trip time was 20.6514 milliseconds in repetition 391
tcp_ping received 96 bytes back
Round trip time was 23.8358 milliseconds in repetition 392
tcp_ping received 96 bytes back
Round trip time was 23.9658 milliseconds in repetition 393
tcp_ping received 96 bytes back
Round trip time was 51.1142 milliseconds in repetition 394
tcp_ping received 96 bytes back
Round trip time was 21.8054 milliseconds in repetition 395
tcp_ping received 96 bytes back
Round trip time was 20.7621 milliseconds in repetition 396
tcp_ping received 96 bytes back
Round trip time was 21.1184 milliseconds in repetition 397
tcp_ping received 96 bytes back
Round trip time was 21.2134 milliseconds in repetition 398
tcp_ping received 96 bytes back
Round trip time was 36.3863 milliseconds in repetition 399
tcp_ping received 96 bytes back
Round trip time was 21.7354 milliseconds in repetition 400
tcp_ping received 96 bytes back
Round trip time was 21.0982 milliseconds in repetition 401
tcp_ping received 96 bytes back
Round trip time was 21.2691 milliseconds in repetition 402
tcp_ping received 96 bytes back
Round trip time was 26.1338 milliseconds in repetition 403
tcp_ping received 96 bytes back
Round trip time was 26.3537 milliseconds in repetition 404
tcp_ping received 96 bytes back
Round trip time was 24.2717 milliseconds in repetition 405
tcp_ping received 96 bytes back
Round trip time was 34.2562 milliseconds in repetition 406
tcp_ping received 96 bytes back
Round trip time was 21.5889 milliseconds in repetition 407
tcp_ping received 96 bytes back
Round trip time was 20.9482 milliseconds in repetition 408
tcp_ping received 96 bytes back
Round trip time was 21.0204 milliseconds in repetition 409
tcp_ping received 96 bytes back
Round trip time was 20.8702 milliseconds in repetition 410
tcp_ping received 96 bytes back
Round trip time was 21.2674 milliseconds in repetition 411
tcp_ping received 96 bytes back
Round trip time was 21.891 milliseconds in repetition 412
tcp_ping received 96 bytes back
Round trip time was 21.3418 milliseconds in repetition 413
tcp_ping received 96 bytes back
Round trip time was 21.0833 milliseconds in repetition 414
tcp_ping received 96 bytes back
Round trip time was 21.7758 milliseconds in repetition 415
tcp_ping received 96 bytes back
Round trip time was 23.1321 milliseconds in repetition 416
tcp_ping received 96 bytes back
Round trip time was 20.9682 milliseconds in repetition 417
tcp_ping received 96 bytes back
Round trip time was 21.6488 milliseconds in repetition 418
tcp_ping received 96 bytes back
Round trip time was 21.1433 milliseconds in repetition 419
tcp_ping received 96 bytes back
Round trip time was 22.2876 milliseconds in repetition 420
tcp_ping received 96 bytes back
Round trip time was 21.0843 milliseconds in repetition 421
tcp_ping received 96 bytes back
Round trip time was 21.945 milliseconds in repetition 422
tcp_ping received 96 bytes back
Round trip time was 22.2365 milliseconds in repetition 423
tcp_ping received 96 bytes back
Round trip time was 21.5828 milliseconds in repetition 424
tcp_ping received 96 bytes back
Round trip time was 21.5749 milliseconds in repetition 425
tcp_ping received 96 bytes back
Round trip time was 21.7858 milliseconds in repetition 426
tcp_ping received 96 bytes back
Round trip time was 22.2954 milliseconds in repetition 427
tcp_ping received 96 bytes back
Round trip time was 21.3713 milliseconds in repetition 428
tcp_ping received 96 bytes back
Round trip time was 22.0174 milliseconds in repetition 429
tcp_ping received 96 bytes back
Round trip time was 21.8254 milliseconds in repetition 430
tcp_ping received 96 bytes back
Round trip time was 21.0656 milliseconds in repetition 431
tcp_ping received 96 bytes back
Round trip time was 21.237 milliseconds in repetition 432
tcp_ping received 96 bytes back
Round trip time was 22.0654 milliseconds in repetition 433
tcp_ping received 96 bytes back
Round trip time was 20.8321 milliseconds in repetition 434
tcp_ping received 96 bytes back
Round trip time was 22.8834 milliseconds in repetition 435
tcp_ping received 96 bytes back
Round trip time was 23.1323 milliseconds in repetition 436
tcp_ping received 96 bytes back
Round trip time was 21.6728 milliseconds in repetition 437
tcp_ping received 96 bytes back
Round trip time was 21.2837 milliseconds in repetition 438
tcp_ping received 96 bytes back
Round trip time was 21.1958 milliseconds in repetition 439
tcp_ping received 96 bytes back
Round trip time was 21.481 milliseconds in repetition 440
tcp_ping received 96 bytes back
Round trip time was 21.1259 milliseconds in repetition 441
tcp_ping received 96 bytes back
Round trip time was 21.0389 milliseconds in repetition 442
tcp_ping received 96 bytes back
Round trip time was 21.6551 milliseconds in repetition 443
tcp_ping received 96 bytes back
Round trip time was 22.6223 milliseconds in repetition 444
tcp_ping received 96 bytes back
Round trip time was 20.7787 milliseconds in repetition 445
tcp_ping received 96 bytes back
Round trip time was 21.2245 milliseconds in repetition 446
tcp_ping received 96 bytes back
Round trip time was 21.3493 milliseconds in repetition 447
tcp_ping received 96 bytes back
Round trip time was 20.5904 milliseconds in repetition 448
tcp_ping received 96 bytes back
Round trip time was 21.6946 milliseconds in repetition 449
tcp_ping received 96 bytes back
Round trip time was 21.7919 milliseconds in repetition 450
tcp_ping received 96 bytes back
Round trip time was 20.3876 milliseconds in repetition 451
tcp_ping received 96 bytes back
Round trip time was 20.8019 milliseconds in repetition 452
tcp_ping received 96 bytes back
Round trip time was 21.0087 milliseconds in repetition 453
tcp_ping received 96 bytes back
Round trip time was 22.852 milliseconds in repetition 454
tcp_ping received 96 bytes back
Round trip time was 21.0064 milliseconds in repetition 455
tcp_ping received 96 bytes back
Round trip time was 20.55 milliseconds in repetition 456
tcp_ping received 96 bytes back
Round trip time was 21.5881 milliseconds in repetition 457
tcp_ping received 96 bytes back
Round trip time was 22.4567 milliseconds in repetition 458
tcp_ping received 96 bytes back
Round trip time was 22.0367 milliseconds in repetition 459
tcp_ping received 96 bytes back
Round trip time was 22.0315 milliseconds in repetition 460
tcp_ping received 96 bytes back
Round trip time was 22.4357 milliseconds in repetition 461
tcp_ping received 96 bytes back
Round trip time was 21.6022 milliseconds in repetition 462
tcp_ping received 96 bytes back
Round trip time was 20.8975 milliseconds in repetition 463
tcp_ping received 96 bytes back
Round trip time was 21.5755 milliseconds in repetition 464
tcp_ping received 96 bytes back
Round trip time was 21.3519 milliseconds in repetition 465
tcp_ping received 96 bytes back
Round trip time was 22.6162 milliseconds in repetition 466
tcp_ping received 96 bytes back
Round trip time was 20.847 milliseconds in repetition 467
tcp_ping received 96 bytes back
Round trip time was 20.9672 milliseconds in repetition 468
tcp_ping received 96 bytes back
Round trip time was 21.8968 milliseconds in repetition 469
tcp_ping received 96 bytes back
Round trip time was 21.9842 milliseconds in repetition 470
tcp_ping received 96 bytes back
Round trip time was 23.0287 milliseconds in repetition 471
tcp_ping received 96 bytes back
Round trip time was 21.8881 milliseconds in repetition 472
tcp_ping received 96 bytes back
Round trip time was 28.5597 milliseconds in repetition 473
tcp_ping received 96 bytes back
Round trip time was 20.8414 milliseconds in repetition 474
tcp_ping received 96 bytes back
Round trip time was 20.6252 milliseconds in repetition 475
tcp_ping received 96 bytes back
Round trip time was 21.9801 milliseconds in repetition 476
tcp_ping received 96 bytes back
Round trip time was 21.7488 milliseconds in repetition 477
tcp_ping received 96 bytes back
Round trip time was 26.8582 milliseconds in repetition 478
tcp_ping received 96 bytes back
Round trip time was 22.6662 milliseconds in repetition 479
tcp_ping received 96 bytes back
Round trip time was 20.8369 milliseconds in repetition 480
tcp_ping received 96 bytes back
Round trip time was 21.3005 milliseconds in repetition 481
tcp_ping received 96 bytes back
Round trip time was 22.9895 milliseconds in repetition 482
tcp_ping received 96 bytes back
Round trip time was 23.1887 milliseconds in repetition 483
tcp_ping received 96 bytes back
Round trip time was 21.4502 milliseconds in repetition 484
tcp_ping received 96 bytes back
Round trip time was 22.2894 milliseconds in repetition 485
tcp_ping received 96 bytes back
Round trip time was 26.9765 milliseconds in repetition 486
tcp_ping received 96 bytes back
Round trip time was 27.8762 milliseconds in repetition 487
tcp_ping received 96 bytes back
Round trip time was 21.048 milliseconds in repetition 488
tcp_ping received 96 bytes back
Round trip time was 21.1248 milliseconds in repetition 489
tcp_ping received 96 bytes back
Round trip time was 24.4387 milliseconds in repetition 490
tcp_ping received 96 bytes back
Round trip time was 21.8736 milliseconds in repetition 491
tcp_ping received 96 bytes back
Round trip time was 28.708 milliseconds in repetition 492
tcp_ping received 96 bytes back
Round trip time was 21.8957 milliseconds in repetition 493
tcp_ping received 96 bytes back
Round trip time was 22.9474 milliseconds in repetition 494
tcp_ping received 96 bytes back
Round trip time was 22.5585 milliseconds in repetition 495
tcp_ping received 96 bytes back
Round trip time was 22.9172 milliseconds in repetition 496
tcp_ping received 96 bytes back
Round trip time was 22.7892 milliseconds in repetition 497
tcp_ping received 96 bytes back
Round trip time was 22.335 milliseconds in repetition 498
tcp_ping received 96 bytes back
Round trip time was 22.3654 milliseconds in repetition 499
tcp_ping received 96 bytes back
Round trip time was 22.2037 milliseconds in repetition 500
tcp_ping received 96 bytes back
Round trip time was 21.834 milliseconds in repetition 501

 ... clock resolution was 1e-06
TCP Ping:  Statistics over 501 repetitions of 96 byte messages

RTT : percentile 10: 20.8468, median: 21.651, percentile 90: 24.3027, average: 22.5275, variance: 10.4252

RTT histogram:
20.3674 112
21.9047 284
23.442 52
24.9794 14
26.5167 12
28.0541 6
29.5914 3
31.1288 6
32.6661 3
34.2034 3
35.7408 1
37.2781 0
38.8155 0
40.3528 1
41.8901 2
43.4275 0
44.9648 0
46.5022 0
48.0395 0
49.5769 0
51.1142 2

   median Throughput : 8.86794 KB/s   overall Throughput : 8.52291 KB/s

