TCP Ping trying to connect to server seti.dibris.unige.it (130.251.61.30) on port 1491
 ... connected to Pong server: asking for 101 repetitions of 16384 bytes TCP messages
Received answer: 'OK
'
 ... Pong server agreed :-)
tcp_ping received 16384 bytes back
Round trip time was 267.281 milliseconds in repetition 1
tcp_ping received 16384 bytes back
Round trip time was 109.097 milliseconds in repetition 2
tcp_ping received 16384 bytes back
Round trip time was 79.9476 milliseconds in repetition 3
tcp_ping received 16384 bytes back
Round trip time was 92.7301 milliseconds in repetition 4
tcp_ping received 16384 bytes back
Round trip time was 93.7618 milliseconds in repetition 5
tcp_ping received 16384 bytes back
Round trip time was 193.97 milliseconds in repetition 6
tcp_ping received 16384 bytes back
Round trip time was 193.036 milliseconds in repetition 7
tcp_ping received 16384 bytes back
Round trip time was 228.037 milliseconds in repetition 8
tcp_ping received 16384 bytes back
Round trip time was 205.486 milliseconds in repetition 9
tcp_ping received 16384 bytes back
Round trip time was 227.254 milliseconds in repetition 10
tcp_ping received 16384 bytes back
Round trip time was 273.213 milliseconds in repetition 11
tcp_ping received 16384 bytes back
Round trip time was 165.031 milliseconds in repetition 12
tcp_ping received 16384 bytes back
Round trip time was 158.36 milliseconds in repetition 13
tcp_ping received 16384 bytes back
Round trip time was 362.349 milliseconds in repetition 14
tcp_ping received 16384 bytes back
Round trip time was 88.621 milliseconds in repetition 15
tcp_ping received 16384 bytes back
Round trip time was 104.873 milliseconds in repetition 16
tcp_ping received 16384 bytes back
Round trip time was 88.002 milliseconds in repetition 17
tcp_ping received 16384 bytes back
Round trip time was 95.1534 milliseconds in repetition 18
tcp_ping received 16384 bytes back
Round trip time was 76.1625 milliseconds in repetition 19
tcp_ping received 16384 bytes back
Round trip time was 99.954 milliseconds in repetition 20
tcp_ping received 16384 bytes back
Round trip time was 106.019 milliseconds in repetition 21
tcp_ping received 16384 bytes back
Round trip time was 92.6909 milliseconds in repetition 22
tcp_ping received 16384 bytes back
Round trip time was 84.1674 milliseconds in repetition 23
tcp_ping received 16384 bytes back
Round trip time was 85.7449 milliseconds in repetition 24
tcp_ping received 16384 bytes back
Round trip time was 106.84 milliseconds in repetition 25
tcp_ping received 16384 bytes back
Round trip time was 204.627 milliseconds in repetition 26
tcp_ping received 16384 bytes back
Round trip time was 92.2645 milliseconds in repetition 27
tcp_ping received 16384 bytes back
Round trip time was 91.1357 milliseconds in repetition 28
tcp_ping received 16384 bytes back
Round trip time was 90.7774 milliseconds in repetition 29
tcp_ping received 16384 bytes back
Round trip time was 111.907 milliseconds in repetition 30
tcp_ping received 16384 bytes back
Round trip time was 100.234 milliseconds in repetition 31
tcp_ping received 16384 bytes back
Round trip time was 233.223 milliseconds in repetition 32
tcp_ping received 16384 bytes back
Round trip time was 96.7197 milliseconds in repetition 33
tcp_ping received 16384 bytes back
Round trip time was 106.537 milliseconds in repetition 34
tcp_ping received 16384 bytes back
Round trip time was 77.6849 milliseconds in repetition 35
tcp_ping received 16384 bytes back
Round trip time was 95.2911 milliseconds in repetition 36
tcp_ping received 16384 bytes back
Round trip time was 116.316 milliseconds in repetition 37
tcp_ping received 16384 bytes back
Round trip time was 140.173 milliseconds in repetition 38
tcp_ping received 16384 bytes back
Round trip time was 111.583 milliseconds in repetition 39
tcp_ping received 16384 bytes back
Round trip time was 167.261 milliseconds in repetition 40
tcp_ping received 16384 bytes back
Round trip time was 125.018 milliseconds in repetition 41
tcp_ping received 16384 bytes back
Round trip time was 95.9184 milliseconds in repetition 42
tcp_ping received 16384 bytes back
Round trip time was 91.1016 milliseconds in repetition 43
tcp_ping received 16384 bytes back
Round trip time was 240.774 milliseconds in repetition 44
tcp_ping received 16384 bytes back
Round trip time was 93.3654 milliseconds in repetition 45
tcp_ping received 16384 bytes back
Round trip time was 112.525 milliseconds in repetition 46
tcp_ping received 16384 bytes back
Round trip time was 224.512 milliseconds in repetition 47
tcp_ping received 16384 bytes back
Round trip time was 193.19 milliseconds in repetition 48
tcp_ping received 16384 bytes back
Round trip time was 85.2044 milliseconds in repetition 49
tcp_ping received 16384 bytes back
Round trip time was 107.783 milliseconds in repetition 50
tcp_ping received 16384 bytes back
Round trip time was 172.532 milliseconds in repetition 51
tcp_ping received 16384 bytes back
Round trip time was 105.64 milliseconds in repetition 52
tcp_ping received 16384 bytes back
Round trip time was 81.4075 milliseconds in repetition 53
tcp_ping received 16384 bytes back
Round trip time was 85.922 milliseconds in repetition 54
tcp_ping received 16384 bytes back
Round trip time was 100.323 milliseconds in repetition 55
tcp_ping received 16384 bytes back
Round trip time was 100.3 milliseconds in repetition 56
tcp_ping received 16384 bytes back
Round trip time was 94.4344 milliseconds in repetition 57
tcp_ping received 16384 bytes back
Round trip time was 98.1602 milliseconds in repetition 58
tcp_ping received 16384 bytes back
Round trip time was 83.1817 milliseconds in repetition 59
tcp_ping received 16384 bytes back
Round trip time was 231.33 milliseconds in repetition 60
tcp_ping received 16384 bytes back
Round trip time was 122.972 milliseconds in repetition 61
tcp_ping received 16384 bytes back
Round trip time was 133.543 milliseconds in repetition 62
tcp_ping received 16384 bytes back
Round trip time was 196.679 milliseconds in repetition 63
tcp_ping received 16384 bytes back
Round trip time was 98.631 milliseconds in repetition 64
tcp_ping received 16384 bytes back
Round trip time was 108.907 milliseconds in repetition 65
tcp_ping received 16384 bytes back
Round trip time was 83.415 milliseconds in repetition 66
tcp_ping received 16384 bytes back
Round trip time was 207.802 milliseconds in repetition 67
tcp_ping received 16384 bytes back
Round trip time was 93.3304 milliseconds in repetition 68
tcp_ping received 16384 bytes back
Round trip time was 89.8339 milliseconds in repetition 69
tcp_ping received 16384 bytes back
Round trip time was 96.521 milliseconds in repetition 70
tcp_ping received 16384 bytes back
Round trip time was 68.2151 milliseconds in repetition 71
tcp_ping received 16384 bytes back
Round trip time was 96.9361 milliseconds in repetition 72
tcp_ping received 16384 bytes back
Round trip time was 112.379 milliseconds in repetition 73
tcp_ping received 16384 bytes back
Round trip time was 100.779 milliseconds in repetition 74
tcp_ping received 16384 bytes back
Round trip time was 99.6607 milliseconds in repetition 75
tcp_ping received 16384 bytes back
Round trip time was 95.2806 milliseconds in repetition 76
tcp_ping received 16384 bytes back
Round trip time was 89.2226 milliseconds in repetition 77
tcp_ping received 16384 bytes back
Round trip time was 100.907 milliseconds in repetition 78
tcp_ping received 16384 bytes back
Round trip time was 96.1732 milliseconds in repetition 79
tcp_ping received 16384 bytes back
Round trip time was 87.9434 milliseconds in repetition 80
tcp_ping received 16384 bytes back
Round trip time was 100.455 milliseconds in repetition 81
tcp_ping received 16384 bytes back
Round trip time was 99.6087 milliseconds in repetition 82
tcp_ping received 16384 bytes back
Round trip time was 151.276 milliseconds in repetition 83
tcp_ping received 16384 bytes back
Round trip time was 253.224 milliseconds in repetition 84
tcp_ping received 16384 bytes back
Round trip time was 102.195 milliseconds in repetition 85
tcp_ping received 16384 bytes back
Round trip time was 94.7849 milliseconds in repetition 86
tcp_ping received 16384 bytes back
Round trip time was 94.5979 milliseconds in repetition 87
tcp_ping received 16384 bytes back
Round trip time was 96.8709 milliseconds in repetition 88
tcp_ping received 16384 bytes back
Round trip time was 85.1664 milliseconds in repetition 89
tcp_ping received 16384 bytes back
Round trip time was 119.498 milliseconds in repetition 90
tcp_ping received 16384 bytes back
Round trip time was 149.076 milliseconds in repetition 91
tcp_ping received 16384 bytes back
Round trip time was 99.8049 milliseconds in repetition 92
tcp_ping received 16384 bytes back
Round trip time was 89.6832 milliseconds in repetition 93
tcp_ping received 16384 bytes back
Round trip time was 120.639 milliseconds in repetition 94
tcp_ping received 16384 bytes back
Round trip time was 86.3611 milliseconds in repetition 95
tcp_ping received 16384 bytes back
Round trip time was 104.701 milliseconds in repetition 96
tcp_ping received 16384 bytes back
Round trip time was 96.1911 milliseconds in repetition 97
tcp_ping received 16384 bytes back
Round trip time was 172.88 milliseconds in repetition 98
tcp_ping received 16384 bytes back
Round trip time was 307.797 milliseconds in repetition 99
tcp_ping received 16384 bytes back
Round trip time was 475.186 milliseconds in repetition 100
tcp_ping received 16384 bytes back
Round trip time was 416.753 milliseconds in repetition 101

 ... clock resolution was 1e-06
TCP Ping:  Statistics over 101 repetitions of 16384 byte messages

RTT : percentile 10: 85.7449, median: 100.455, percentile 90: 228.037, average: 133.98, variance: 5300.03

RTT histogram:
68.2151 3
88.5636 40
108.912 25
129.261 5
149.609 4
169.958 4
190.306 4
210.655 3
231.003 6
251.352 1
271.7 2
292.049 0
312.397 1
332.746 0
353.094 1
373.443 0
393.791 0
414.14 1
434.488 0
454.837 0
475.186 1

   median Throughput : 326.196 KB/s   overall Throughput : 244.573 KB/s

