TCP Ping trying to connect to server seti.dibris.unige.it (130.251.61.30) on port 1491
 ... connected to Pong server: asking for 501 repetitions of 24576 bytes TCP messages
Received answer: 'OK
'
 ... Pong server agreed :-)
tcp_ping received 24576 bytes back
Round trip time was 112.096 milliseconds in repetition 1
tcp_ping received 24576 bytes back
Round trip time was 30.9138 milliseconds in repetition 2
tcp_ping received 24576 bytes back
Round trip time was 28.2281 milliseconds in repetition 3
tcp_ping received 24576 bytes back
Round trip time was 28.4706 milliseconds in repetition 4
tcp_ping received 24576 bytes back
Round trip time was 27.2719 milliseconds in repetition 5
tcp_ping received 24576 bytes back
Round trip time was 27.1906 milliseconds in repetition 6
tcp_ping received 24576 bytes back
Round trip time was 27.3787 milliseconds in repetition 7
tcp_ping received 24576 bytes back
Round trip time was 26.8339 milliseconds in repetition 8
tcp_ping received 24576 bytes back
Round trip time was 27.8215 milliseconds in repetition 9
tcp_ping received 24576 bytes back
Round trip time was 27.3412 milliseconds in repetition 10
tcp_ping received 24576 bytes back
Round trip time was 29.4788 milliseconds in repetition 11
tcp_ping received 24576 bytes back
Round trip time was 26.474 milliseconds in repetition 12
tcp_ping received 24576 bytes back
Round trip time was 26.6555 milliseconds in repetition 13
tcp_ping received 24576 bytes back
Round trip time was 27.5994 milliseconds in repetition 14
tcp_ping received 24576 bytes back
Round trip time was 26.337 milliseconds in repetition 15
tcp_ping received 24576 bytes back
Round trip time was 29.5654 milliseconds in repetition 16
tcp_ping received 24576 bytes back
Round trip time was 27.3135 milliseconds in repetition 17
tcp_ping received 24576 bytes back
Round trip time was 26.985 milliseconds in repetition 18
tcp_ping received 24576 bytes back
Round trip time was 32.3278 milliseconds in repetition 19
tcp_ping received 24576 bytes back
Round trip time was 28.6918 milliseconds in repetition 20
tcp_ping received 24576 bytes back
Round trip time was 27.4251 milliseconds in repetition 21
tcp_ping received 24576 bytes back
Round trip time was 27.2523 milliseconds in repetition 22
tcp_ping received 24576 bytes back
Round trip time was 26.9858 milliseconds in repetition 23
tcp_ping received 24576 bytes back
Round trip time was 26.7851 milliseconds in repetition 24
tcp_ping received 24576 bytes back
Round trip time was 26.6168 milliseconds in repetition 25
tcp_ping received 24576 bytes back
Round trip time was 26.0312 milliseconds in repetition 26
tcp_ping received 24576 bytes back
Round trip time was 25.159 milliseconds in repetition 27
tcp_ping received 24576 bytes back
Round trip time was 27.7389 milliseconds in repetition 28
tcp_ping received 24576 bytes back
Round trip time was 27.0954 milliseconds in repetition 29
tcp_ping received 24576 bytes back
Round trip time was 27.5381 milliseconds in repetition 30
tcp_ping received 24576 bytes back
Round trip time was 26.3178 milliseconds in repetition 31
tcp_ping received 24576 bytes back
Round trip time was 27.223 milliseconds in repetition 32
tcp_ping received 24576 bytes back
Round trip time was 26.3425 milliseconds in repetition 33
tcp_ping received 24576 bytes back
Round trip time was 26.6741 milliseconds in repetition 34
tcp_ping received 24576 bytes back
Round trip time was 25.9215 milliseconds in repetition 35
tcp_ping received 24576 bytes back
Round trip time was 30.2287 milliseconds in repetition 36
tcp_ping received 24576 bytes back
Round trip time was 26.0862 milliseconds in repetition 37
tcp_ping received 24576 bytes back
Round trip time was 26.8259 milliseconds in repetition 38
tcp_ping received 24576 bytes back
Round trip time was 27.7175 milliseconds in repetition 39
tcp_ping received 24576 bytes back
Round trip time was 47.0353 milliseconds in repetition 40
tcp_ping received 24576 bytes back
Round trip time was 28.191 milliseconds in repetition 41
tcp_ping received 24576 bytes back
Round trip time was 27.5752 milliseconds in repetition 42
tcp_ping received 24576 bytes back
Round trip time was 26.5898 milliseconds in repetition 43
tcp_ping received 24576 bytes back
Round trip time was 36.6884 milliseconds in repetition 44
tcp_ping received 24576 bytes back
Round trip time was 25.6033 milliseconds in repetition 45
tcp_ping received 24576 bytes back
Round trip time was 27.6866 milliseconds in repetition 46
tcp_ping received 24576 bytes back
Round trip time was 27.8591 milliseconds in repetition 47
tcp_ping received 24576 bytes back
Round trip time was 41.0098 milliseconds in repetition 48
tcp_ping received 24576 bytes back
Round trip time was 27.6087 milliseconds in repetition 49
tcp_ping received 24576 bytes back
Round trip time was 34.1613 milliseconds in repetition 50
tcp_ping received 24576 bytes back
Round trip time was 55.5015 milliseconds in repetition 51
tcp_ping received 24576 bytes back
Round trip time was 37.0227 milliseconds in repetition 52
tcp_ping received 24576 bytes back
Round trip time was 29.7557 milliseconds in repetition 53
tcp_ping received 24576 bytes back
Round trip time was 51.4351 milliseconds in repetition 54
tcp_ping received 24576 bytes back
Round trip time was 32.6274 milliseconds in repetition 55
tcp_ping received 24576 bytes back
Round trip time was 33.3969 milliseconds in repetition 56
tcp_ping received 24576 bytes back
Round trip time was 54.3297 milliseconds in repetition 57
tcp_ping received 24576 bytes back
Round trip time was 29.6153 milliseconds in repetition 58
tcp_ping received 24576 bytes back
Round trip time was 30.9162 milliseconds in repetition 59
tcp_ping received 24576 bytes back
Round trip time was 27.5078 milliseconds in repetition 60
tcp_ping received 24576 bytes back
Round trip time was 29.396 milliseconds in repetition 61
tcp_ping received 24576 bytes back
Round trip time was 25.9718 milliseconds in repetition 62
tcp_ping received 24576 bytes back
Round trip time was 28.1819 milliseconds in repetition 63
tcp_ping received 24576 bytes back
Round trip time was 27.1466 milliseconds in repetition 64
tcp_ping received 24576 bytes back
Round trip time was 30.6397 milliseconds in repetition 65
tcp_ping received 24576 bytes back
Round trip time was 27.7893 milliseconds in repetition 66
tcp_ping received 24576 bytes back
Round trip time was 26.163 milliseconds in repetition 67
tcp_ping received 24576 bytes back
Round trip time was 30.3397 milliseconds in repetition 68
tcp_ping received 24576 bytes back
Round trip time was 29.5503 milliseconds in repetition 69
tcp_ping received 24576 bytes back
Round trip time was 29.8801 milliseconds in repetition 70
tcp_ping received 24576 bytes back
Round trip time was 26.9431 milliseconds in repetition 71
tcp_ping received 24576 bytes back
Round trip time was 34.0963 milliseconds in repetition 72
tcp_ping received 24576 bytes back
Round trip time was 29.1831 milliseconds in repetition 73
tcp_ping received 24576 bytes back
Round trip time was 26.7459 milliseconds in repetition 74
tcp_ping received 24576 bytes back
Round trip time was 26.6761 milliseconds in repetition 75
tcp_ping received 24576 bytes back
Round trip time was 26.5133 milliseconds in repetition 76
tcp_ping received 24576 bytes back
Round trip time was 26.3406 milliseconds in repetition 77
tcp_ping received 24576 bytes back
Round trip time was 28.9144 milliseconds in repetition 78
tcp_ping received 24576 bytes back
Round trip time was 26.6405 milliseconds in repetition 79
tcp_ping received 24576 bytes back
Round trip time was 28.7408 milliseconds in repetition 80
tcp_ping received 24576 bytes back
Round trip time was 29.4446 milliseconds in repetition 81
tcp_ping received 24576 bytes back
Round trip time was 26.5927 milliseconds in repetition 82
tcp_ping received 24576 bytes back
Round trip time was 30.2517 milliseconds in repetition 83
tcp_ping received 24576 bytes back
Round trip time was 26.5117 milliseconds in repetition 84
tcp_ping received 24576 bytes back
Round trip time was 27.4573 milliseconds in repetition 85
tcp_ping received 24576 bytes back
Round trip time was 36.3118 milliseconds in repetition 86
tcp_ping received 24576 bytes back
Round trip time was 26.9047 milliseconds in repetition 87
tcp_ping received 24576 bytes back
Round trip time was 27.4779 milliseconds in repetition 88
tcp_ping received 24576 bytes back
Round trip time was 27.0006 milliseconds in repetition 89
tcp_ping received 24576 bytes back
Round trip time was 26.5644 milliseconds in repetition 90
tcp_ping received 24576 bytes back
Round trip time was 26.1861 milliseconds in repetition 91
tcp_ping received 24576 bytes back
Round trip time was 26.1058 milliseconds in repetition 92
tcp_ping received 24576 bytes back
Round trip time was 27.42 milliseconds in repetition 93
tcp_ping received 24576 bytes back
Round trip time was 29.0196 milliseconds in repetition 94
tcp_ping received 24576 bytes back
Round trip time was 26.6658 milliseconds in repetition 95
tcp_ping received 24576 bytes back
Round trip time was 28.0639 milliseconds in repetition 96
tcp_ping received 24576 bytes back
Round trip time was 29.1932 milliseconds in repetition 97
tcp_ping received 24576 bytes back
Round trip time was 26.3507 milliseconds in repetition 98
tcp_ping received 24576 bytes back
Round trip time was 26.9814 milliseconds in repetition 99
tcp_ping received 24576 bytes back
Round trip time was 27.3368 milliseconds in repetition 100
tcp_ping received 24576 bytes back
Round trip time was 26.5292 milliseconds in repetition 101
tcp_ping received 24576 bytes back
Round trip time was 26.5449 milliseconds in repetition 102
tcp_ping received 24576 bytes back
Round trip time was 27.0593 milliseconds in repetition 103
tcp_ping received 24576 bytes back
Round trip time was 27.9886 milliseconds in repetition 104
tcp_ping received 24576 bytes back
Round trip time was 27.6294 milliseconds in repetition 105
tcp_ping received 24576 bytes back
Round trip time was 26.2962 milliseconds in repetition 106
tcp_ping received 24576 bytes back
Round trip time was 26.1922 milliseconds in repetition 107
tcp_ping received 24576 bytes back
Round trip time was 26.232 milliseconds in repetition 108
tcp_ping received 24576 bytes back
Round trip time was 25.4738 milliseconds in repetition 109
tcp_ping received 24576 bytes back
Round trip time was 26.0755 milliseconds in repetition 110
tcp_ping received 24576 bytes back
Round trip time was 27.4415 milliseconds in repetition 111
tcp_ping received 24576 bytes back
Round trip time was 25.8163 milliseconds in repetition 112
tcp_ping received 24576 bytes back
Round trip time was 25.8768 milliseconds in repetition 113
tcp_ping received 24576 bytes back
Round trip time was 28.0299 milliseconds in repetition 114
tcp_ping received 24576 bytes back
Round trip time was 27.5595 milliseconds in repetition 115
tcp_ping received 24576 bytes back
Round trip time was 26.1071 milliseconds in repetition 116
tcp_ping received 24576 bytes back
Round trip time was 26.7169 milliseconds in repetition 117
tcp_ping received 24576 bytes back
Round trip time was 28.1744 milliseconds in repetition 118
tcp_ping received 24576 bytes back
Round trip time was 26.7708 milliseconds in repetition 119
tcp_ping received 24576 bytes back
Round trip time was 27.3598 milliseconds in repetition 120
tcp_ping received 24576 bytes back
Round trip time was 26.6346 milliseconds in repetition 121
tcp_ping received 24576 bytes back
Round trip time was 27.7367 milliseconds in repetition 122
tcp_ping received 24576 bytes back
Round trip time was 26.4648 milliseconds in repetition 123
tcp_ping received 24576 bytes back
Round trip time was 26.6183 milliseconds in repetition 124
tcp_ping received 24576 bytes back
Round trip time was 26.6196 milliseconds in repetition 125
tcp_ping received 24576 bytes back
Round trip time was 27.0635 milliseconds in repetition 126
tcp_ping received 24576 bytes back
Round trip time was 26.687 milliseconds in repetition 127
tcp_ping received 24576 bytes back
Round trip time was 26.6922 milliseconds in repetition 128
tcp_ping received 24576 bytes back
Round trip time was 26.78 milliseconds in repetition 129
tcp_ping received 24576 bytes back
Round trip time was 28.2152 milliseconds in repetition 130
tcp_ping received 24576 bytes back
Round trip time was 26.003 milliseconds in repetition 131
tcp_ping received 24576 bytes back
Round trip time was 26.638 milliseconds in repetition 132
tcp_ping received 24576 bytes back
Round trip time was 26.515 milliseconds in repetition 133
tcp_ping received 24576 bytes back
Round trip time was 27.5649 milliseconds in repetition 134
tcp_ping received 24576 bytes back
Round trip time was 26.5754 milliseconds in repetition 135
tcp_ping received 24576 bytes back
Round trip time was 29.5856 milliseconds in repetition 136
tcp_ping received 24576 bytes back
Round trip time was 26.4443 milliseconds in repetition 137
tcp_ping received 24576 bytes back
Round trip time was 26.3117 milliseconds in repetition 138
tcp_ping received 24576 bytes back
Round trip time was 26.277 milliseconds in repetition 139
tcp_ping received 24576 bytes back
Round trip time was 26.7417 milliseconds in repetition 140
tcp_ping received 24576 bytes back
Round trip time was 27.1119 milliseconds in repetition 141
tcp_ping received 24576 bytes back
Round trip time was 26.7475 milliseconds in repetition 142
tcp_ping received 24576 bytes back
Round trip time was 26.8154 milliseconds in repetition 143
tcp_ping received 24576 bytes back
Round trip time was 27.5407 milliseconds in repetition 144
tcp_ping received 24576 bytes back
Round trip time was 27.7958 milliseconds in repetition 145
tcp_ping received 24576 bytes back
Round trip time was 27.555 milliseconds in repetition 146
tcp_ping received 24576 bytes back
Round trip time was 27.1752 milliseconds in repetition 147
tcp_ping received 24576 bytes back
Round trip time was 27.9432 milliseconds in repetition 148
tcp_ping received 24576 bytes back
Round trip time was 26.7303 milliseconds in repetition 149
tcp_ping received 24576 bytes back
Round trip time was 26.8273 milliseconds in repetition 150
tcp_ping received 24576 bytes back
Round trip time was 26.2763 milliseconds in repetition 151
tcp_ping received 24576 bytes back
Round trip time was 27.461 milliseconds in repetition 152
tcp_ping received 24576 bytes back
Round trip time was 33.2402 milliseconds in repetition 153
tcp_ping received 24576 bytes back
Round trip time was 27.5309 milliseconds in repetition 154
tcp_ping received 24576 bytes back
Round trip time was 26.2902 milliseconds in repetition 155
tcp_ping received 24576 bytes back
Round trip time was 26.8117 milliseconds in repetition 156
tcp_ping received 24576 bytes back
Round trip time was 26.1637 milliseconds in repetition 157
tcp_ping received 24576 bytes back
Round trip time was 28.6985 milliseconds in repetition 158
tcp_ping received 24576 bytes back
Round trip time was 28.2729 milliseconds in repetition 159
tcp_ping received 24576 bytes back
Round trip time was 27.9744 milliseconds in repetition 160
tcp_ping received 24576 bytes back
Round trip time was 27.2398 milliseconds in repetition 161
tcp_ping received 24576 bytes back
Round trip time was 28.5141 milliseconds in repetition 162
tcp_ping received 24576 bytes back
Round trip time was 27.1915 milliseconds in repetition 163
tcp_ping received 24576 bytes back
Round trip time was 26.0571 milliseconds in repetition 164
tcp_ping received 24576 bytes back
Round trip time was 26.6517 milliseconds in repetition 165
tcp_ping received 24576 bytes back
Round trip time was 28.464 milliseconds in repetition 166
tcp_ping received 24576 bytes back
Round trip time was 30.6071 milliseconds in repetition 167
tcp_ping received 24576 bytes back
Round trip time was 26.9506 milliseconds in repetition 168
tcp_ping received 24576 bytes back
Round trip time was 27.6834 milliseconds in repetition 169
tcp_ping received 24576 bytes back
Round trip time was 27.5849 milliseconds in repetition 170
tcp_ping received 24576 bytes back
Round trip time was 28.5432 milliseconds in repetition 171
tcp_ping received 24576 bytes back
Round trip time was 27.6887 milliseconds in repetition 172
tcp_ping received 24576 bytes back
Round trip time was 28.8115 milliseconds in repetition 173
tcp_ping received 24576 bytes back
Round trip time was 26.5621 milliseconds in repetition 174
tcp_ping received 24576 bytes back
Round trip time was 26.7373 milliseconds in repetition 175
tcp_ping received 24576 bytes back
Round trip time was 26.1975 milliseconds in repetition 176
tcp_ping received 24576 bytes back
Round trip time was 29.6884 milliseconds in repetition 177
tcp_ping received 24576 bytes back
Round trip time was 26.4176 milliseconds in repetition 178
tcp_ping received 24576 bytes back
Round trip time was 28.4824 milliseconds in repetition 179
tcp_ping received 24576 bytes back
Round trip time was 28.5304 milliseconds in repetition 180
tcp_ping received 24576 bytes back
Round trip time was 26.7311 milliseconds in repetition 181
tcp_ping received 24576 bytes back
Round trip time was 26.6758 milliseconds in repetition 182
tcp_ping received 24576 bytes back
Round trip time was 26.933 milliseconds in repetition 183
tcp_ping received 24576 bytes back
Round trip time was 27.9789 milliseconds in repetition 184
tcp_ping received 24576 bytes back
Round trip time was 26.5854 milliseconds in repetition 185
tcp_ping received 24576 bytes back
Round trip time was 26.0166 milliseconds in repetition 186
tcp_ping received 24576 bytes back
Round trip time was 26.1652 milliseconds in repetition 187
tcp_ping received 24576 bytes back
Round trip time was 25.9594 milliseconds in repetition 188
tcp_ping received 24576 bytes back
Round trip time was 26.5298 milliseconds in repetition 189
tcp_ping received 24576 bytes back
Round trip time was 25.9357 milliseconds in repetition 190
tcp_ping received 24576 bytes back
Round trip time was 27.7251 milliseconds in repetition 191
tcp_ping received 24576 bytes back
Round trip time was 27.5072 milliseconds in repetition 192
tcp_ping received 24576 bytes back
Round trip time was 27.5394 milliseconds in repetition 193
tcp_ping received 24576 bytes back
Round trip time was 27.6047 milliseconds in repetition 194
tcp_ping received 24576 bytes back
Round trip time was 27.1123 milliseconds in repetition 195
tcp_ping received 24576 bytes back
Round trip time was 27.2854 milliseconds in repetition 196
tcp_ping received 24576 bytes back
Round trip time was 25.6809 milliseconds in repetition 197
tcp_ping received 24576 bytes back
Round trip time was 26.144 milliseconds in repetition 198
tcp_ping received 24576 bytes back
Round trip time was 26.5156 milliseconds in repetition 199
tcp_ping received 24576 bytes back
Round trip time was 27.5831 milliseconds in repetition 200
tcp_ping received 24576 bytes back
Round trip time was 26.6108 milliseconds in repetition 201
tcp_ping received 24576 bytes back
Round trip time was 26.7729 milliseconds in repetition 202
tcp_ping received 24576 bytes back
Round trip time was 26.994 milliseconds in repetition 203
tcp_ping received 24576 bytes back
Round trip time was 31.7778 milliseconds in repetition 204
tcp_ping received 24576 bytes back
Round trip time was 28.0524 milliseconds in repetition 205
tcp_ping received 24576 bytes back
Round trip time was 27.1774 milliseconds in repetition 206
tcp_ping received 24576 bytes back
Round trip time was 26.894 milliseconds in repetition 207
tcp_ping received 24576 bytes back
Round trip time was 26.4465 milliseconds in repetition 208
tcp_ping received 24576 bytes back
Round trip time was 27.6285 milliseconds in repetition 209
tcp_ping received 24576 bytes back
Round trip time was 26.6604 milliseconds in repetition 210
tcp_ping received 24576 bytes back
Round trip time was 27.1736 milliseconds in repetition 211
tcp_ping received 24576 bytes back
Round trip time was 26.8088 milliseconds in repetition 212
tcp_ping received 24576 bytes back
Round trip time was 28.1426 milliseconds in repetition 213
tcp_ping received 24576 bytes back
Round trip time was 27.4977 milliseconds in repetition 214
tcp_ping received 24576 bytes back
Round trip time was 28.4107 milliseconds in repetition 215
tcp_ping received 24576 bytes back
Round trip time was 26.9369 milliseconds in repetition 216
tcp_ping received 24576 bytes back
Round trip time was 52.1237 milliseconds in repetition 217
tcp_ping received 24576 bytes back
Round trip time was 29.2233 milliseconds in repetition 218
tcp_ping received 24576 bytes back
Round trip time was 25.8433 milliseconds in repetition 219
tcp_ping received 24576 bytes back
Round trip time was 26.6329 milliseconds in repetition 220
tcp_ping received 24576 bytes back
Round trip time was 28.2638 milliseconds in repetition 221
tcp_ping received 24576 bytes back
Round trip time was 27.2335 milliseconds in repetition 222
tcp_ping received 24576 bytes back
Round trip time was 31.1486 milliseconds in repetition 223
tcp_ping received 24576 bytes back
Round trip time was 29.3225 milliseconds in repetition 224
tcp_ping received 24576 bytes back
Round trip time was 25.7907 milliseconds in repetition 225
tcp_ping received 24576 bytes back
Round trip time was 27.4287 milliseconds in repetition 226
tcp_ping received 24576 bytes back
Round trip time was 27.2911 milliseconds in repetition 227
tcp_ping received 24576 bytes back
Round trip time was 27.2646 milliseconds in repetition 228
tcp_ping received 24576 bytes back
Round trip time was 27.1702 milliseconds in repetition 229
tcp_ping received 24576 bytes back
Round trip time was 28.2125 milliseconds in repetition 230
tcp_ping received 24576 bytes back
Round trip time was 26.9478 milliseconds in repetition 231
tcp_ping received 24576 bytes back
Round trip time was 26.9397 milliseconds in repetition 232
tcp_ping received 24576 bytes back
Round trip time was 26.9543 milliseconds in repetition 233
tcp_ping received 24576 bytes back
Round trip time was 33.6875 milliseconds in repetition 234
tcp_ping received 24576 bytes back
Round trip time was 27.2358 milliseconds in repetition 235
tcp_ping received 24576 bytes back
Round trip time was 26.8007 milliseconds in repetition 236
tcp_ping received 24576 bytes back
Round trip time was 27.1586 milliseconds in repetition 237
tcp_ping received 24576 bytes back
Round trip time was 37.3697 milliseconds in repetition 238
tcp_ping received 24576 bytes back
Round trip time was 26.7011 milliseconds in repetition 239
tcp_ping received 24576 bytes back
Round trip time was 26.6702 milliseconds in repetition 240
tcp_ping received 24576 bytes back
Round trip time was 26.2794 milliseconds in repetition 241
tcp_ping received 24576 bytes back
Round trip time was 26.8984 milliseconds in repetition 242
tcp_ping received 24576 bytes back
Round trip time was 26.6857 milliseconds in repetition 243
tcp_ping received 24576 bytes back
Round trip time was 26.934 milliseconds in repetition 244
tcp_ping received 24576 bytes back
Round trip time was 25.8772 milliseconds in repetition 245
tcp_ping received 24576 bytes back
Round trip time was 26.5463 milliseconds in repetition 246
tcp_ping received 24576 bytes back
Round trip time was 26.23 milliseconds in repetition 247
tcp_ping received 24576 bytes back
Round trip time was 30.9264 milliseconds in repetition 248
tcp_ping received 24576 bytes back
Round trip time was 25.7171 milliseconds in repetition 249
tcp_ping received 24576 bytes back
Round trip time was 26.9168 milliseconds in repetition 250
tcp_ping received 24576 bytes back
Round trip time was 27.3577 milliseconds in repetition 251
tcp_ping received 24576 bytes back
Round trip time was 32.5518 milliseconds in repetition 252
tcp_ping received 24576 bytes back
Round trip time was 26.5254 milliseconds in repetition 253
tcp_ping received 24576 bytes back
Round trip time was 28.0562 milliseconds in repetition 254
tcp_ping received 24576 bytes back
Round trip time was 31.2819 milliseconds in repetition 255
tcp_ping received 24576 bytes back
Round trip time was 26.5585 milliseconds in repetition 256
tcp_ping received 24576 bytes back
Round trip time was 25.8138 milliseconds in repetition 257
tcp_ping received 24576 bytes back
Round trip time was 26.8743 milliseconds in repetition 258
tcp_ping received 24576 bytes back
Round trip time was 27.8699 milliseconds in repetition 259
tcp_ping received 24576 bytes back
Round trip time was 26.5281 milliseconds in repetition 260
tcp_ping received 24576 bytes back
Round trip time was 28.317 milliseconds in repetition 261
tcp_ping received 24576 bytes back
Round trip time was 26.6539 milliseconds in repetition 262
tcp_ping received 24576 bytes back
Round trip time was 27.2938 milliseconds in repetition 263
tcp_ping received 24576 bytes back
Round trip time was 26.586 milliseconds in repetition 264
tcp_ping received 24576 bytes back
Round trip time was 28.3949 milliseconds in repetition 265
tcp_ping received 24576 bytes back
Round trip time was 27.2221 milliseconds in repetition 266
tcp_ping received 24576 bytes back
Round trip time was 26.8132 milliseconds in repetition 267
tcp_ping received 24576 bytes back
Round trip time was 26.2649 milliseconds in repetition 268
tcp_ping received 24576 bytes back
Round trip time was 26.8221 milliseconds in repetition 269
tcp_ping received 24576 bytes back
Round trip time was 26.184 milliseconds in repetition 270
tcp_ping received 24576 bytes back
Round trip time was 27.3727 milliseconds in repetition 271
tcp_ping received 24576 bytes back
Round trip time was 26.0008 milliseconds in repetition 272
tcp_ping received 24576 bytes back
Round trip time was 26.2029 milliseconds in repetition 273
tcp_ping received 24576 bytes back
Round trip time was 26.4769 milliseconds in repetition 274
tcp_ping received 24576 bytes back
Round trip time was 26.9893 milliseconds in repetition 275
tcp_ping received 24576 bytes back
Round trip time was 26.9098 milliseconds in repetition 276
tcp_ping received 24576 bytes back
Round trip time was 26.9479 milliseconds in repetition 277
tcp_ping received 24576 bytes back
Round trip time was 26.4906 milliseconds in repetition 278
tcp_ping received 24576 bytes back
Round trip time was 25.8219 milliseconds in repetition 279
tcp_ping received 24576 bytes back
Round trip time was 26.1581 milliseconds in repetition 280
tcp_ping received 24576 bytes back
Round trip time was 26.4551 milliseconds in repetition 281
tcp_ping received 24576 bytes back
Round trip time was 26.2763 milliseconds in repetition 282
tcp_ping received 24576 bytes back
Round trip time was 26.7608 milliseconds in repetition 283
tcp_ping received 24576 bytes back
Round trip time was 27.3148 milliseconds in repetition 284
tcp_ping received 24576 bytes back
Round trip time was 27.562 milliseconds in repetition 285
tcp_ping received 24576 bytes back
Round trip time was 26.4678 milliseconds in repetition 286
tcp_ping received 24576 bytes back
Round trip time was 26.379 milliseconds in repetition 287
tcp_ping received 24576 bytes back
Round trip time was 25.9288 milliseconds in repetition 288
tcp_ping received 24576 bytes back
Round trip time was 25.7763 milliseconds in repetition 289
tcp_ping received 24576 bytes back
Round trip time was 26.0748 milliseconds in repetition 290
tcp_ping received 24576 bytes back
Round trip time was 27.0992 milliseconds in repetition 291
tcp_ping received 24576 bytes back
Round trip time was 26.0957 milliseconds in repetition 292
tcp_ping received 24576 bytes back
Round trip time was 26.838 milliseconds in repetition 293
tcp_ping received 24576 bytes back
Round trip time was 26.3586 milliseconds in repetition 294
tcp_ping received 24576 bytes back
Round trip time was 27.5189 milliseconds in repetition 295
tcp_ping received 24576 bytes back
Round trip time was 26.9537 milliseconds in repetition 296
tcp_ping received 24576 bytes back
Round trip time was 26.1204 milliseconds in repetition 297
tcp_ping received 24576 bytes back
Round trip time was 26.7463 milliseconds in repetition 298
tcp_ping received 24576 bytes back
Round trip time was 27.6723 milliseconds in repetition 299
tcp_ping received 24576 bytes back
Round trip time was 26.6915 milliseconds in repetition 300
tcp_ping received 24576 bytes back
Round trip time was 25.7785 milliseconds in repetition 301
tcp_ping received 24576 bytes back
Round trip time was 32.4728 milliseconds in repetition 302
tcp_ping received 24576 bytes back
Round trip time was 26.5409 milliseconds in repetition 303
tcp_ping received 24576 bytes back
Round trip time was 26.2915 milliseconds in repetition 304
tcp_ping received 24576 bytes back
Round trip time was 34.8233 milliseconds in repetition 305
tcp_ping received 24576 bytes back
Round trip time was 26.4759 milliseconds in repetition 306
tcp_ping received 24576 bytes back
Round trip time was 26.8112 milliseconds in repetition 307
tcp_ping received 24576 bytes back
Round trip time was 26.7123 milliseconds in repetition 308
tcp_ping received 24576 bytes back
Round trip time was 27.0391 milliseconds in repetition 309
tcp_ping received 24576 bytes back
Round trip time was 26.842 milliseconds in repetition 310
tcp_ping received 24576 bytes back
Round trip time was 26.6337 milliseconds in repetition 311
tcp_ping received 24576 bytes back
Round trip time was 27.4657 milliseconds in repetition 312
tcp_ping received 24576 bytes back
Round trip time was 26.9892 milliseconds in repetition 313
tcp_ping received 24576 bytes back
Round trip time was 26.6624 milliseconds in repetition 314
tcp_ping received 24576 bytes back
Round trip time was 28.1319 milliseconds in repetition 315
tcp_ping received 24576 bytes back
Round trip time was 26.5619 milliseconds in repetition 316
tcp_ping received 24576 bytes back
Round trip time was 26.415 milliseconds in repetition 317
tcp_ping received 24576 bytes back
Round trip time was 26.8915 milliseconds in repetition 318
tcp_ping received 24576 bytes back
Round trip time was 27.4698 milliseconds in repetition 319
tcp_ping received 24576 bytes back
Round trip time was 26.6602 milliseconds in repetition 320
tcp_ping received 24576 bytes back
Round trip time was 26.4667 milliseconds in repetition 321
tcp_ping received 24576 bytes back
Round trip time was 27.5501 milliseconds in repetition 322
tcp_ping received 24576 bytes back
Round trip time was 27.6846 milliseconds in repetition 323
tcp_ping received 24576 bytes back
Round trip time was 26.4616 milliseconds in repetition 324
tcp_ping received 24576 bytes back
Round trip time was 26.4584 milliseconds in repetition 325
tcp_ping received 24576 bytes back
Round trip time was 26.8737 milliseconds in repetition 326
tcp_ping received 24576 bytes back
Round trip time was 26.5585 milliseconds in repetition 327
tcp_ping received 24576 bytes back
Round trip time was 26.2641 milliseconds in repetition 328
tcp_ping received 24576 bytes back
Round trip time was 26.3339 milliseconds in repetition 329
tcp_ping received 24576 bytes back
Round trip time was 25.911 milliseconds in repetition 330
tcp_ping received 24576 bytes back
Round trip time was 26.6001 milliseconds in repetition 331
tcp_ping received 24576 bytes back
Round trip time was 26.3922 milliseconds in repetition 332
tcp_ping received 24576 bytes back
Round trip time was 26.7642 milliseconds in repetition 333
tcp_ping received 24576 bytes back
Round trip time was 27.4088 milliseconds in repetition 334
tcp_ping received 24576 bytes back
Round trip time was 27.7905 milliseconds in repetition 335
tcp_ping received 24576 bytes back
Round trip time was 26.5387 milliseconds in repetition 336
tcp_ping received 24576 bytes back
Round trip time was 25.8831 milliseconds in repetition 337
tcp_ping received 24576 bytes back
Round trip time was 25.9447 milliseconds in repetition 338
tcp_ping received 24576 bytes back
Round trip time was 29.1304 milliseconds in repetition 339
tcp_ping received 24576 bytes back
Round trip time was 27.1228 milliseconds in repetition 340
tcp_ping received 24576 bytes back
Round trip time was 26.2335 milliseconds in repetition 341
tcp_ping received 24576 bytes back
Round trip time was 27.8098 milliseconds in repetition 342
tcp_ping received 24576 bytes back
Round trip time was 26.5348 milliseconds in repetition 343
tcp_ping received 24576 bytes back
Round trip time was 25.9258 milliseconds in repetition 344
tcp_ping received 24576 bytes back
Round trip time was 26.3896 milliseconds in repetition 345
tcp_ping received 24576 bytes back
Round trip time was 26.8776 milliseconds in repetition 346
tcp_ping received 24576 bytes back
Round trip time was 27.4565 milliseconds in repetition 347
tcp_ping received 24576 bytes back
Round trip time was 26.9787 milliseconds in repetition 348
tcp_ping received 24576 bytes back
Round trip time was 26.2564 milliseconds in repetition 349
tcp_ping received 24576 bytes back
Round trip time was 25.9403 milliseconds in repetition 350
tcp_ping received 24576 bytes back
Round trip time was 26.498 milliseconds in repetition 351
tcp_ping received 24576 bytes back
Round trip time was 29.2991 milliseconds in repetition 352
tcp_ping received 24576 bytes back
Round trip time was 26.7321 milliseconds in repetition 353
tcp_ping received 24576 bytes back
Round trip time was 26.6317 milliseconds in repetition 354
tcp_ping received 24576 bytes back
Round trip time was 27.1862 milliseconds in repetition 355
tcp_ping received 24576 bytes back
Round trip time was 25.5415 milliseconds in repetition 356
tcp_ping received 24576 bytes back
Round trip time was 28.4876 milliseconds in repetition 357
tcp_ping received 24576 bytes back
Round trip time was 28.4769 milliseconds in repetition 358
tcp_ping received 24576 bytes back
Round trip time was 35.1775 milliseconds in repetition 359
tcp_ping received 24576 bytes back
Round trip time was 26.897 milliseconds in repetition 360
tcp_ping received 24576 bytes back
Round trip time was 33.0642 milliseconds in repetition 361
tcp_ping received 24576 bytes back
Round trip time was 26.0733 milliseconds in repetition 362
tcp_ping received 24576 bytes back
Round trip time was 27.9257 milliseconds in repetition 363
tcp_ping received 24576 bytes back
Round trip time was 27.0681 milliseconds in repetition 364
tcp_ping received 24576 bytes back
Round trip time was 29.7651 milliseconds in repetition 365
tcp_ping received 24576 bytes back
Round trip time was 27.0862 milliseconds in repetition 366
tcp_ping received 24576 bytes back
Round trip time was 28.0632 milliseconds in repetition 367
tcp_ping received 24576 bytes back
Round trip time was 29.648 milliseconds in repetition 368
tcp_ping received 24576 bytes back
Round trip time was 26.2768 milliseconds in repetition 369
tcp_ping received 24576 bytes back
Round trip time was 26.3365 milliseconds in repetition 370
tcp_ping received 24576 bytes back
Round trip time was 27.2684 milliseconds in repetition 371
tcp_ping received 24576 bytes back
Round trip time was 25.9707 milliseconds in repetition 372
tcp_ping received 24576 bytes back
Round trip time was 28.4097 milliseconds in repetition 373
tcp_ping received 24576 bytes back
Round trip time was 32.4318 milliseconds in repetition 374
tcp_ping received 24576 bytes back
Round trip time was 26.659 milliseconds in repetition 375
tcp_ping received 24576 bytes back
Round trip time was 26.4078 milliseconds in repetition 376
tcp_ping received 24576 bytes back
Round trip time was 25.703 milliseconds in repetition 377
tcp_ping received 24576 bytes back
Round trip time was 27.0443 milliseconds in repetition 378
tcp_ping received 24576 bytes back
Round trip time was 27.077 milliseconds in repetition 379
tcp_ping received 24576 bytes back
Round trip time was 27.7668 milliseconds in repetition 380
tcp_ping received 24576 bytes back
Round trip time was 27.2219 milliseconds in repetition 381
tcp_ping received 24576 bytes back
Round trip time was 25.5883 milliseconds in repetition 382
tcp_ping received 24576 bytes back
Round trip time was 26.7343 milliseconds in repetition 383
tcp_ping received 24576 bytes back
Round trip time was 26.8388 milliseconds in repetition 384
tcp_ping received 24576 bytes back
Round trip time was 27.1165 milliseconds in repetition 385
tcp_ping received 24576 bytes back
Round trip time was 26.3989 milliseconds in repetition 386
tcp_ping received 24576 bytes back
Round trip time was 26.8732 milliseconds in repetition 387
tcp_ping received 24576 bytes back
Round trip time was 27.8742 milliseconds in repetition 388
tcp_ping received 24576 bytes back
Round trip time was 26.5778 milliseconds in repetition 389
tcp_ping received 24576 bytes back
Round trip time was 27.2159 milliseconds in repetition 390
tcp_ping received 24576 bytes back
Round trip time was 26.5488 milliseconds in repetition 391
tcp_ping received 24576 bytes back
Round trip time was 26.5887 milliseconds in repetition 392
tcp_ping received 24576 bytes back
Round trip time was 27.2042 milliseconds in repetition 393
tcp_ping received 24576 bytes back
Round trip time was 27.7288 milliseconds in repetition 394
tcp_ping received 24576 bytes back
Round trip time was 26.5871 milliseconds in repetition 395
tcp_ping received 24576 bytes back
Round trip time was 26.4269 milliseconds in repetition 396
tcp_ping received 24576 bytes back
Round trip time was 27.0515 milliseconds in repetition 397
tcp_ping received 24576 bytes back
Round trip time was 27.7263 milliseconds in repetition 398
tcp_ping received 24576 bytes back
Round trip time was 27.5551 milliseconds in repetition 399
tcp_ping received 24576 bytes back
Round trip time was 43.322 milliseconds in repetition 400
tcp_ping received 24576 bytes back
Round trip time was 28.3681 milliseconds in repetition 401
tcp_ping received 24576 bytes back
Round trip time was 26.984 milliseconds in repetition 402
tcp_ping received 24576 bytes back
Round trip time was 26.9976 milliseconds in repetition 403
tcp_ping received 24576 bytes back
Round trip time was 44.981 milliseconds in repetition 404
tcp_ping received 24576 bytes back
Round trip time was 27.4323 milliseconds in repetition 405
tcp_ping received 24576 bytes back
Round trip time was 28.0719 milliseconds in repetition 406
tcp_ping received 24576 bytes back
Round trip time was 26.5761 milliseconds in repetition 407
tcp_ping received 24576 bytes back
Round trip time was 36.0567 milliseconds in repetition 408
tcp_ping received 24576 bytes back
Round trip time was 27.433 milliseconds in repetition 409
tcp_ping received 24576 bytes back
Round trip time was 26.2278 milliseconds in repetition 410
tcp_ping received 24576 bytes back
Round trip time was 27.0231 milliseconds in repetition 411
tcp_ping received 24576 bytes back
Round trip time was 37.9964 milliseconds in repetition 412
tcp_ping received 24576 bytes back
Round trip time was 27.194 milliseconds in repetition 413
tcp_ping received 24576 bytes back
Round trip time was 27.103 milliseconds in repetition 414
tcp_ping received 24576 bytes back
Round trip time was 26.8558 milliseconds in repetition 415
tcp_ping received 24576 bytes back
Round trip time was 38.5217 milliseconds in repetition 416
tcp_ping received 24576 bytes back
Round trip time was 27.0987 milliseconds in repetition 417
tcp_ping received 24576 bytes back
Round trip time was 26.0908 milliseconds in repetition 418
tcp_ping received 24576 bytes back
Round trip time was 27.0602 milliseconds in repetition 419
tcp_ping received 24576 bytes back
Round trip time was 40.83 milliseconds in repetition 420
tcp_ping received 24576 bytes back
Round trip time was 26.666 milliseconds in repetition 421
tcp_ping received 24576 bytes back
Round trip time was 26.7392 milliseconds in repetition 422
tcp_ping received 24576 bytes back
Round trip time was 26.8955 milliseconds in repetition 423
tcp_ping received 24576 bytes back
Round trip time was 27.2644 milliseconds in repetition 424
tcp_ping received 24576 bytes back
Round trip time was 27.0482 milliseconds in repetition 425
tcp_ping received 24576 bytes back
Round trip time was 26.743 milliseconds in repetition 426
tcp_ping received 24576 bytes back
Round trip time was 25.627 milliseconds in repetition 427
tcp_ping received 24576 bytes back
Round trip time was 26.2705 milliseconds in repetition 428
tcp_ping received 24576 bytes back
Round trip time was 28.5047 milliseconds in repetition 429
tcp_ping received 24576 bytes back
Round trip time was 30.8543 milliseconds in repetition 430
tcp_ping received 24576 bytes back
Round trip time was 26.7105 milliseconds in repetition 431
tcp_ping received 24576 bytes back
Round trip time was 27.5646 milliseconds in repetition 432
tcp_ping received 24576 bytes back
Round trip time was 27.9738 milliseconds in repetition 433
tcp_ping received 24576 bytes back
Round trip time was 27.4736 milliseconds in repetition 434
tcp_ping received 24576 bytes back
Round trip time was 29.3862 milliseconds in repetition 435
tcp_ping received 24576 bytes back
Round trip time was 26.5602 milliseconds in repetition 436
tcp_ping received 24576 bytes back
Round trip time was 33.8586 milliseconds in repetition 437
tcp_ping received 24576 bytes back
Round trip time was 25.3883 milliseconds in repetition 438
tcp_ping received 24576 bytes back
Round trip time was 32.5919 milliseconds in repetition 439
tcp_ping received 24576 bytes back
Round trip time was 26.3321 milliseconds in repetition 440
tcp_ping received 24576 bytes back
Round trip time was 26.4813 milliseconds in repetition 441
tcp_ping received 24576 bytes back
Round trip time was 25.9137 milliseconds in repetition 442
tcp_ping received 24576 bytes back
Round trip time was 27.0939 milliseconds in repetition 443
tcp_ping received 24576 bytes back
Round trip time was 26.6496 milliseconds in repetition 444
tcp_ping received 24576 bytes back
Round trip time was 30.8342 milliseconds in repetition 445
tcp_ping received 24576 bytes back
Round trip time was 27.4286 milliseconds in repetition 446
tcp_ping received 24576 bytes back
Round trip time was 26.7072 milliseconds in repetition 447
tcp_ping received 24576 bytes back
Round trip time was 27.9662 milliseconds in repetition 448
tcp_ping received 24576 bytes back
Round trip time was 26.6605 milliseconds in repetition 449
tcp_ping received 24576 bytes back
Round trip time was 25.8057 milliseconds in repetition 450
tcp_ping received 24576 bytes back
Round trip time was 26.7889 milliseconds in repetition 451
tcp_ping received 24576 bytes back
Round trip time was 26.3909 milliseconds in repetition 452
tcp_ping received 24576 bytes back
Round trip time was 25.9769 milliseconds in repetition 453
tcp_ping received 24576 bytes back
Round trip time was 27.4785 milliseconds in repetition 454
tcp_ping received 24576 bytes back
Round trip time was 26.7992 milliseconds in repetition 455
tcp_ping received 24576 bytes back
Round trip time was 27.6681 milliseconds in repetition 456
tcp_ping received 24576 bytes back
Round trip time was 25.6623 milliseconds in repetition 457
tcp_ping received 24576 bytes back
Round trip time was 26.4755 milliseconds in repetition 458
tcp_ping received 24576 bytes back
Round trip time was 26.753 milliseconds in repetition 459
tcp_ping received 24576 bytes back
Round trip time was 27.0971 milliseconds in repetition 460
tcp_ping received 24576 bytes back
Round trip time was 27.8322 milliseconds in repetition 461
tcp_ping received 24576 bytes back
Round trip time was 27.2544 milliseconds in repetition 462
tcp_ping received 24576 bytes back
Round trip time was 26.5875 milliseconds in repetition 463
tcp_ping received 24576 bytes back
Round trip time was 27.248 milliseconds in repetition 464
tcp_ping received 24576 bytes back
Round trip time was 26.2964 milliseconds in repetition 465
tcp_ping received 24576 bytes back
Round trip time was 28.0924 milliseconds in repetition 466
tcp_ping received 24576 bytes back
Round trip time was 25.2216 milliseconds in repetition 467
tcp_ping received 24576 bytes back
Round trip time was 25.7471 milliseconds in repetition 468
tcp_ping received 24576 bytes back
Round trip time was 26.663 milliseconds in repetition 469
tcp_ping received 24576 bytes back
Round trip time was 25.882 milliseconds in repetition 470
tcp_ping received 24576 bytes back
Round trip time was 27.3915 milliseconds in repetition 471
tcp_ping received 24576 bytes back
Round trip time was 25.7759 milliseconds in repetition 472
tcp_ping received 24576 bytes back
Round trip time was 27.5949 milliseconds in repetition 473
tcp_ping received 24576 bytes back
Round trip time was 27.2523 milliseconds in repetition 474
tcp_ping received 24576 bytes back
Round trip time was 26.6827 milliseconds in repetition 475
tcp_ping received 24576 bytes back
Round trip time was 26.6495 milliseconds in repetition 476
tcp_ping received 24576 bytes back
Round trip time was 27.6216 milliseconds in repetition 477
tcp_ping received 24576 bytes back
Round trip time was 27.0319 milliseconds in repetition 478
tcp_ping received 24576 bytes back
Round trip time was 26.3098 milliseconds in repetition 479
tcp_ping received 24576 bytes back
Round trip time was 26.2161 milliseconds in repetition 480
tcp_ping received 24576 bytes back
Round trip time was 29.0868 milliseconds in repetition 481
tcp_ping received 24576 bytes back
Round trip time was 25.4487 milliseconds in repetition 482
tcp_ping received 24576 bytes back
Round trip time was 26.9345 milliseconds in repetition 483
tcp_ping received 24576 bytes back
Round trip time was 26.5188 milliseconds in repetition 484
tcp_ping received 24576 bytes back
Round trip time was 25.7178 milliseconds in repetition 485
tcp_ping received 24576 bytes back
Round trip time was 26.2404 milliseconds in repetition 486
tcp_ping received 24576 bytes back
Round trip time was 25.5044 milliseconds in repetition 487
tcp_ping received 24576 bytes back
Round trip time was 27.293 milliseconds in repetition 488
tcp_ping received 24576 bytes back
Round trip time was 26.1007 milliseconds in repetition 489
tcp_ping received 24576 bytes back
Round trip time was 33.464 milliseconds in repetition 490
tcp_ping received 24576 bytes back
Round trip time was 26.4512 milliseconds in repetition 491
tcp_ping received 24576 bytes back
Round trip time was 25.9829 milliseconds in repetition 492
tcp_ping received 24576 bytes back
Round trip time was 27.2724 milliseconds in repetition 493
tcp_ping received 24576 bytes back
Round trip time was 29.7283 milliseconds in repetition 494
tcp_ping received 24576 bytes back
Round trip time was 25.3536 milliseconds in repetition 495
tcp_ping received 24576 bytes back
Round trip time was 27.0795 milliseconds in repetition 496
tcp_ping received 24576 bytes back
Round trip time was 26.6917 milliseconds in repetition 497
tcp_ping received 24576 bytes back
Round trip time was 26.9798 milliseconds in repetition 498
tcp_ping received 24576 bytes back
Round trip time was 28.4237 milliseconds in repetition 499
tcp_ping received 24576 bytes back
Round trip time was 27.3566 milliseconds in repetition 500
tcp_ping received 24576 bytes back
Round trip time was 26.4766 milliseconds in repetition 501

 ... clock resolution was 1e-06
TCP Ping:  Statistics over 501 repetitions of 24576 byte messages

RTT : percentile 10: 26.0755, median: 26.9543, percentile 90: 29.6884, average: 28.0144, variance: 25.6637

RTT histogram:
25.159 318
29.5058 149
33.8527 17
38.1995 7
42.5463 3
46.8932 2
51.24 2
55.5868 2
59.9337 0
64.2805 0
68.6274 0
72.9742 0
77.321 0
81.6679 0
86.0147 0
90.3615 0
94.7084 0
99.0552 0
103.402 0
107.749 0
112.096 1

   median Throughput : 1823.53 KB/s   overall Throughput : 1754.53 KB/s

