UDP Ping trying to connect to server seti.dibris.unige.it (130.251.61.30) on TCP port 1491
 ... connected to Pong server: asking for 101 repetitions of 192 _bytes UDP messages
 ... Pong server agreed to ping-pong using port 51139 :-)
Round trip time was 38.680 milliseconds in repetition 1
Round trip time was 29.546 milliseconds in repetition 2
Round trip time was 34.605 milliseconds in repetition 3
Round trip time was 36.174 milliseconds in repetition 4
Round trip time was 29.647 milliseconds in repetition 5
Round trip time was 34.358 milliseconds in repetition 6
Round trip time was 30.670 milliseconds in repetition 7
Round trip time was 36.423 milliseconds in repetition 8
Round trip time was 35.314 milliseconds in repetition 9
Round trip time was 43.198 milliseconds in repetition 10
Round trip time was 36.719 milliseconds in repetition 11
Round trip time was 33.374 milliseconds in repetition 12
Round trip time was 34.913 milliseconds in repetition 13
Round trip time was 48.890 milliseconds in repetition 14
Round trip time was 38.067 milliseconds in repetition 15
Round trip time was 31.968 milliseconds in repetition 16
Round trip time was 40.752 milliseconds in repetition 17
Round trip time was 44.166 milliseconds in repetition 18
Round trip time was 35.256 milliseconds in repetition 19
Round trip time was 51.849 milliseconds in repetition 20
Round trip time was 49.063 milliseconds in repetition 21
Round trip time was 43.512 milliseconds in repetition 22
Round trip time was 30.729 milliseconds in repetition 23
Round trip time was 32.132 milliseconds in repetition 24
Round trip time was 35.082 milliseconds in repetition 25
Round trip time was 45.908 milliseconds in repetition 26
Round trip time was 42.138 milliseconds in repetition 27
Round trip time was 41.495 milliseconds in repetition 28
Round trip time was 38.211 milliseconds in repetition 29
Round trip time was 39.836 milliseconds in repetition 30
Round trip time was 35.017 milliseconds in repetition 31
Round trip time was 39.339 milliseconds in repetition 32
Round trip time was 41.165 milliseconds in repetition 33
Round trip time was 36.174 milliseconds in repetition 34
Round trip time was 40.862 milliseconds in repetition 35
Round trip time was 31.642 milliseconds in repetition 36
Round trip time was 39.664 milliseconds in repetition 37
Round trip time was 30.711 milliseconds in repetition 38
Round trip time was 51.910 milliseconds in repetition 39
Round trip time was 28.198 milliseconds in repetition 40
Round trip time was 33.780 milliseconds in repetition 41
Round trip time was 31.042 milliseconds in repetition 42
Round trip time was 31.843 milliseconds in repetition 43
Round trip time was 36.524 milliseconds in repetition 44
Round trip time was 40.242 milliseconds in repetition 45
Round trip time was 41.805 milliseconds in repetition 46
Round trip time was 34.800 milliseconds in repetition 47
Round trip time was 48.501 milliseconds in repetition 48
Round trip time was 36.976 milliseconds in repetition 49
Round trip time was 33.932 milliseconds in repetition 50
Round trip time was 38.830 milliseconds in repetition 51
Round trip time was 38.848 milliseconds in repetition 52
Round trip time was 36.965 milliseconds in repetition 53
Round trip time was 39.205 milliseconds in repetition 54
Round trip time was 38.551 milliseconds in repetition 55
Round trip time was 32.454 milliseconds in repetition 56
Round trip time was 29.904 milliseconds in repetition 57
Round trip time was 33.695 milliseconds in repetition 58
Round trip time was 28.969 milliseconds in repetition 59
Round trip time was 31.056 milliseconds in repetition 60
Round trip time was 31.725 milliseconds in repetition 61
Round trip time was 29.857 milliseconds in repetition 62
Round trip time was 31.022 milliseconds in repetition 63
Round trip time was 31.569 milliseconds in repetition 64
Round trip time was 29.126 milliseconds in repetition 65
Round trip time was 29.859 milliseconds in repetition 66
Round trip time was 29.884 milliseconds in repetition 67
Round trip time was 30.432 milliseconds in repetition 68
Round trip time was 29.766 milliseconds in repetition 69
Round trip time was 31.284 milliseconds in repetition 70
Round trip time was 31.048 milliseconds in repetition 71
Round trip time was 32.860 milliseconds in repetition 72
Round trip time was 30.233 milliseconds in repetition 73
Round trip time was 32.275 milliseconds in repetition 74
Round trip time was 32.195 milliseconds in repetition 75
Round trip time was 32.369 milliseconds in repetition 76
Round trip time was 31.259 milliseconds in repetition 77
Round trip time was 34.275 milliseconds in repetition 78
Round trip time was 27.889 milliseconds in repetition 79
Round trip time was 34.672 milliseconds in repetition 80
Round trip time was 29.943 milliseconds in repetition 81
Round trip time was 35.451 milliseconds in repetition 82
Round trip time was 33.896 milliseconds in repetition 83
Round trip time was 37.069 milliseconds in repetition 84
Round trip time was 30.984 milliseconds in repetition 85
Round trip time was 31.769 milliseconds in repetition 86
Round trip time was 33.015 milliseconds in repetition 87
Round trip time was 35.220 milliseconds in repetition 88
Round trip time was 32.061 milliseconds in repetition 89
Round trip time was 32.424 milliseconds in repetition 90
Round trip time was 32.971 milliseconds in repetition 91
Round trip time was 32.121 milliseconds in repetition 92
Round trip time was 35.633 milliseconds in repetition 93
Round trip time was 29.034 milliseconds in repetition 94
Round trip time was 29.575 milliseconds in repetition 95
Round trip time was 31.281 milliseconds in repetition 96
Round trip time was 31.929 milliseconds in repetition 97
Round trip time was 41.771 milliseconds in repetition 98
Round trip time was 33.011 milliseconds in repetition 99
Round trip time was 37.560 milliseconds in repetition 100
Round trip time was 36.653 milliseconds in repetition 101

 ... clock resolution was 1e-06
UDP Ping:  Statistics over 101 repetitions of 192 byte messages

RTT : percentile 10: 29.8589, median: 33.9324, percentile 90: 41.8048, average: 35.2697, variance: 28.1339

RTT histogram:
27.8887 2
29.0898 6
30.2909 11
31.492 16
32.693 11
33.8941 7
35.0952 11
36.2963 6
37.4974 5
38.6984 6
39.8995 4
41.1006 4
42.3017 3
43.5027 2
44.7038 1
45.9049 1
47.106 0
48.3071 2
49.5081 1
50.7092 0
51.9103 2

   median Throughput : 11.3166 KB/s   overall Throughput : 10.8875 KB/s

