UDP Ping trying to connect to server seti.dibris.unige.it (130.251.61.30) on TCP port 1491
 ... connected to Pong server: asking for 501 repetitions of 512 _bytes UDP messages
 ... Pong server agreed to ping-pong using port 51280 :-)
Round trip time was 45.398 milliseconds in repetition 1
Round trip time was 33.634 milliseconds in repetition 2
Round trip time was 33.020 milliseconds in repetition 3
Round trip time was 33.355 milliseconds in repetition 4
Round trip time was 32.721 milliseconds in repetition 5
Round trip time was 30.554 milliseconds in repetition 6
Round trip time was 33.361 milliseconds in repetition 7
Round trip time was 32.161 milliseconds in repetition 8
Round trip time was 37.268 milliseconds in repetition 9
Round trip time was 36.222 milliseconds in repetition 10
Round trip time was 35.849 milliseconds in repetition 11
Round trip time was 30.845 milliseconds in repetition 12
Round trip time was 34.344 milliseconds in repetition 13
Round trip time was 34.543 milliseconds in repetition 14
Round trip time was 33.862 milliseconds in repetition 15
Round trip time was 34.501 milliseconds in repetition 16
Round trip time was 34.972 milliseconds in repetition 17
Round trip time was 33.835 milliseconds in repetition 18
Round trip time was 31.500 milliseconds in repetition 19
Round trip time was 31.771 milliseconds in repetition 20
Round trip time was 29.048 milliseconds in repetition 21
Round trip time was 28.379 milliseconds in repetition 22
Round trip time was 29.764 milliseconds in repetition 23
Round trip time was 26.863 milliseconds in repetition 24
Round trip time was 31.077 milliseconds in repetition 25
Round trip time was 29.828 milliseconds in repetition 26
Round trip time was 31.971 milliseconds in repetition 27
Round trip time was 31.849 milliseconds in repetition 28
Round trip time was 26.456 milliseconds in repetition 29
Round trip time was 32.696 milliseconds in repetition 30
Round trip time was 31.288 milliseconds in repetition 31
Round trip time was 31.641 milliseconds in repetition 32
Round trip time was 34.101 milliseconds in repetition 33
Round trip time was 31.578 milliseconds in repetition 34
Round trip time was 33.539 milliseconds in repetition 35
Round trip time was 51.708 milliseconds in repetition 36
Round trip time was 46.912 milliseconds in repetition 37
Round trip time was 38.108 milliseconds in repetition 38
Round trip time was 37.892 milliseconds in repetition 39
Round trip time was 40.765 milliseconds in repetition 40
Round trip time was 92.622 milliseconds in repetition 41
Round trip time was 32.845 milliseconds in repetition 42
Round trip time was 34.153 milliseconds in repetition 43
Round trip time was 44.025 milliseconds in repetition 44
Round trip time was 35.430 milliseconds in repetition 45
Round trip time was 57.338 milliseconds in repetition 46
Round trip time was 38.152 milliseconds in repetition 47
Round trip time was 50.614 milliseconds in repetition 48
Round trip time was 34.637 milliseconds in repetition 49
Round trip time was 31.967 milliseconds in repetition 50
Round trip time was 34.593 milliseconds in repetition 51
Round trip time was 27.838 milliseconds in repetition 52
Round trip time was 28.702 milliseconds in repetition 53
Round trip time was 28.569 milliseconds in repetition 54
Round trip time was 26.876 milliseconds in repetition 55
Round trip time was 45.206 milliseconds in repetition 56
Round trip time was 38.298 milliseconds in repetition 57
Round trip time was 37.538 milliseconds in repetition 58
Round trip time was 32.481 milliseconds in repetition 59
Round trip time was 34.897 milliseconds in repetition 60
Round trip time was 42.952 milliseconds in repetition 61
Round trip time was 39.909 milliseconds in repetition 62
Round trip time was 36.375 milliseconds in repetition 63
Round trip time was 31.900 milliseconds in repetition 64
Round trip time was 35.037 milliseconds in repetition 65
Round trip time was 38.842 milliseconds in repetition 66
Round trip time was 41.790 milliseconds in repetition 67
Round trip time was 35.015 milliseconds in repetition 68
Round trip time was 35.129 milliseconds in repetition 69
Round trip time was 41.533 milliseconds in repetition 70
Round trip time was 32.953 milliseconds in repetition 71
Round trip time was 32.794 milliseconds in repetition 72
Round trip time was 31.848 milliseconds in repetition 73
Round trip time was 29.784 milliseconds in repetition 74
Round trip time was 31.262 milliseconds in repetition 75
Round trip time was 34.373 milliseconds in repetition 76
Round trip time was 32.282 milliseconds in repetition 77
Round trip time was 36.652 milliseconds in repetition 78
Round trip time was 34.427 milliseconds in repetition 79
Round trip time was 34.398 milliseconds in repetition 80
Round trip time was 30.222 milliseconds in repetition 81
Round trip time was 33.898 milliseconds in repetition 82
Round trip time was 34.989 milliseconds in repetition 83
Round trip time was 41.078 milliseconds in repetition 84
Round trip time was 38.293 milliseconds in repetition 85
Round trip time was 34.978 milliseconds in repetition 86
Round trip time was 42.263 milliseconds in repetition 87
Round trip time was 45.510 milliseconds in repetition 88
Round trip time was 32.562 milliseconds in repetition 89
Round trip time was 28.367 milliseconds in repetition 90
Round trip time was 31.236 milliseconds in repetition 91
Round trip time was 29.848 milliseconds in repetition 92
Round trip time was 29.635 milliseconds in repetition 93
Round trip time was 35.521 milliseconds in repetition 94
Round trip time was 34.559 milliseconds in repetition 95
Round trip time was 30.682 milliseconds in repetition 96
Round trip time was 38.156 milliseconds in repetition 97
Round trip time was 31.777 milliseconds in repetition 98
Round trip time was 32.743 milliseconds in repetition 99
Round trip time was 34.194 milliseconds in repetition 100
Round trip time was 34.070 milliseconds in repetition 101
Round trip time was 29.747 milliseconds in repetition 102
Round trip time was 35.096 milliseconds in repetition 103
Round trip time was 35.468 milliseconds in repetition 104
Round trip time was 28.816 milliseconds in repetition 105
Round trip time was 26.898 milliseconds in repetition 106
Round trip time was 29.287 milliseconds in repetition 107
Round trip time was 31.629 milliseconds in repetition 108
Round trip time was 31.044 milliseconds in repetition 109
Round trip time was 30.544 milliseconds in repetition 110
Round trip time was 32.510 milliseconds in repetition 111
Round trip time was 32.202 milliseconds in repetition 112
Round trip time was 31.175 milliseconds in repetition 113
Round trip time was 31.935 milliseconds in repetition 114
Round trip time was 32.477 milliseconds in repetition 115
Round trip time was 29.668 milliseconds in repetition 116
Round trip time was 35.557 milliseconds in repetition 117
Round trip time was 31.344 milliseconds in repetition 118
Round trip time was 31.325 milliseconds in repetition 119
Round trip time was 34.440 milliseconds in repetition 120
Round trip time was 29.694 milliseconds in repetition 121
Round trip time was 34.089 milliseconds in repetition 122
Round trip time was 36.297 milliseconds in repetition 123
Round trip time was 35.512 milliseconds in repetition 124
Round trip time was 34.161 milliseconds in repetition 125
Round trip time was 33.564 milliseconds in repetition 126
Round trip time was 36.510 milliseconds in repetition 127
Round trip time was 32.652 milliseconds in repetition 128
Round trip time was 27.913 milliseconds in repetition 129
Round trip time was 34.123 milliseconds in repetition 130
Round trip time was 40.290 milliseconds in repetition 131
Round trip time was 32.252 milliseconds in repetition 132
Round trip time was 37.510 milliseconds in repetition 133
Round trip time was 54.944 milliseconds in repetition 134
Round trip time was 32.397 milliseconds in repetition 135
Round trip time was 71.814 milliseconds in repetition 136
Round trip time was 39.602 milliseconds in repetition 137
Round trip time was 33.384 milliseconds in repetition 138
Round trip time was 33.054 milliseconds in repetition 139
Round trip time was 32.501 milliseconds in repetition 140
Round trip time was 37.192 milliseconds in repetition 141
Round trip time was 32.849 milliseconds in repetition 142
Round trip time was 37.643 milliseconds in repetition 143
Round trip time was 35.669 milliseconds in repetition 144
Round trip time was 38.025 milliseconds in repetition 145
Round trip time was 34.658 milliseconds in repetition 146
Round trip time was 35.445 milliseconds in repetition 147
Round trip time was 35.726 milliseconds in repetition 148
Round trip time was 34.333 milliseconds in repetition 149
Round trip time was 35.370 milliseconds in repetition 150
Round trip time was 41.483 milliseconds in repetition 151
Round trip time was 34.048 milliseconds in repetition 152
Round trip time was 34.754 milliseconds in repetition 153
Round trip time was 44.876 milliseconds in repetition 154
Round trip time was 123.523 milliseconds in repetition 155
Round trip time was 40.934 milliseconds in repetition 156
Round trip time was 43.733 milliseconds in repetition 157
Round trip time was 41.261 milliseconds in repetition 158
Round trip time was 44.519 milliseconds in repetition 159
Round trip time was 38.781 milliseconds in repetition 160
Round trip time was 34.969 milliseconds in repetition 161
Round trip time was 37.908 milliseconds in repetition 162
Round trip time was 36.724 milliseconds in repetition 163
Round trip time was 36.798 milliseconds in repetition 164
Round trip time was 33.305 milliseconds in repetition 165
Round trip time was 29.761 milliseconds in repetition 166
Round trip time was 30.083 milliseconds in repetition 167
Round trip time was 33.328 milliseconds in repetition 168
Round trip time was 30.806 milliseconds in repetition 169
Round trip time was 33.663 milliseconds in repetition 170
Round trip time was 34.335 milliseconds in repetition 171
Round trip time was 32.364 milliseconds in repetition 172
Round trip time was 31.987 milliseconds in repetition 173
Round trip time was 35.463 milliseconds in repetition 174
Round trip time was 35.250 milliseconds in repetition 175
Round trip time was 30.076 milliseconds in repetition 176
Round trip time was 38.513 milliseconds in repetition 177
Round trip time was 38.148 milliseconds in repetition 178
Round trip time was 35.663 milliseconds in repetition 179
Round trip time was 47.591 milliseconds in repetition 180
Round trip time was 48.635 milliseconds in repetition 181
Round trip time was 36.590 milliseconds in repetition 182
Round trip time was 44.030 milliseconds in repetition 183
Round trip time was 38.062 milliseconds in repetition 184
Round trip time was 41.764 milliseconds in repetition 185
Round trip time was 38.116 milliseconds in repetition 186
Round trip time was 40.804 milliseconds in repetition 187
Round trip time was 39.167 milliseconds in repetition 188
Round trip time was 36.266 milliseconds in repetition 189
Round trip time was 37.035 milliseconds in repetition 190
Round trip time was 35.701 milliseconds in repetition 191
Round trip time was 38.133 milliseconds in repetition 192
Round trip time was 36.374 milliseconds in repetition 193
Round trip time was 41.192 milliseconds in repetition 194
Round trip time was 34.102 milliseconds in repetition 195
Round trip time was 40.272 milliseconds in repetition 196
Round trip time was 33.258 milliseconds in repetition 197
Round trip time was 32.178 milliseconds in repetition 198
Round trip time was 29.578 milliseconds in repetition 199
Round trip time was 32.753 milliseconds in repetition 200
Round trip time was 32.561 milliseconds in repetition 201
Round trip time was 31.467 milliseconds in repetition 202
Round trip time was 39.984 milliseconds in repetition 203
Round trip time was 39.586 milliseconds in repetition 204
Round trip time was 31.492 milliseconds in repetition 205
Round trip time was 29.340 milliseconds in repetition 206
Round trip time was 33.058 milliseconds in repetition 207
Round trip time was 32.020 milliseconds in repetition 208
Round trip time was 34.648 milliseconds in repetition 209
Round trip time was 33.343 milliseconds in repetition 210
Round trip time was 29.763 milliseconds in repetition 211
Round trip time was 29.814 milliseconds in repetition 212
Round trip time was 35.402 milliseconds in repetition 213
Round trip time was 32.375 milliseconds in repetition 214
Round trip time was 32.256 milliseconds in repetition 215
Round trip time was 29.575 milliseconds in repetition 216
Round trip time was 33.296 milliseconds in repetition 217
Round trip time was 33.023 milliseconds in repetition 218
Round trip time was 34.124 milliseconds in repetition 219
Round trip time was 34.729 milliseconds in repetition 220
Round trip time was 34.236 milliseconds in repetition 221
Round trip time was 35.311 milliseconds in repetition 222
Round trip time was 31.759 milliseconds in repetition 223
Round trip time was 34.115 milliseconds in repetition 224
Round trip time was 34.683 milliseconds in repetition 225
Round trip time was 33.685 milliseconds in repetition 226
Round trip time was 35.622 milliseconds in repetition 227
Round trip time was 31.877 milliseconds in repetition 228
Round trip time was 36.243 milliseconds in repetition 229
Round trip time was 29.998 milliseconds in repetition 230
Round trip time was 30.116 milliseconds in repetition 231
Round trip time was 31.885 milliseconds in repetition 232
Round trip time was 38.238 milliseconds in repetition 233
Round trip time was 34.875 milliseconds in repetition 234
Round trip time was 33.266 milliseconds in repetition 235
Round trip time was 34.997 milliseconds in repetition 236
Round trip time was 31.048 milliseconds in repetition 237
Round trip time was 29.856 milliseconds in repetition 238
Round trip time was 35.598 milliseconds in repetition 239
Round trip time was 29.451 milliseconds in repetition 240
Round trip time was 32.327 milliseconds in repetition 241
Round trip time was 34.175 milliseconds in repetition 242
Round trip time was 38.330 milliseconds in repetition 243
Round trip time was 30.186 milliseconds in repetition 244
Round trip time was 33.137 milliseconds in repetition 245
Round trip time was 33.899 milliseconds in repetition 246
Round trip time was 42.054 milliseconds in repetition 247
Round trip time was 40.435 milliseconds in repetition 248
Round trip time was 36.268 milliseconds in repetition 249
Round trip time was 36.880 milliseconds in repetition 250
Round trip time was 36.321 milliseconds in repetition 251
Round trip time was 31.508 milliseconds in repetition 252

 ... received 0 bytes instead of 512 (lost count = 1); re-trying ...
 ... re-trying ...
Round trip time was 68.179 milliseconds in repetition 253
Round trip time was 90.085 milliseconds in repetition 254
Round trip time was 40.443 milliseconds in repetition 255
Round trip time was 37.118 milliseconds in repetition 256
Round trip time was 32.914 milliseconds in repetition 257
Round trip time was 33.127 milliseconds in repetition 258
Round trip time was 35.306 milliseconds in repetition 259
Round trip time was 36.147 milliseconds in repetition 260
Round trip time was 33.023 milliseconds in repetition 261
Round trip time was 33.139 milliseconds in repetition 262
Round trip time was 33.498 milliseconds in repetition 263
Round trip time was 36.413 milliseconds in repetition 264
Round trip time was 30.258 milliseconds in repetition 265
Round trip time was 29.294 milliseconds in repetition 266
Round trip time was 37.196 milliseconds in repetition 267
Round trip time was 36.594 milliseconds in repetition 268

 ... received 0 bytes instead of 512 (lost count = 1); re-trying ...
 ... re-trying ...
Round trip time was 34.265 milliseconds in repetition 269
Round trip time was 40.548 milliseconds in repetition 270
Round trip time was 38.189 milliseconds in repetition 271
Round trip time was 35.697 milliseconds in repetition 272
Round trip time was 36.093 milliseconds in repetition 273
Round trip time was 36.827 milliseconds in repetition 274
Round trip time was 37.568 milliseconds in repetition 275
Round trip time was 118.743 milliseconds in repetition 276
Round trip time was 43.010 milliseconds in repetition 277
Round trip time was 35.080 milliseconds in repetition 278
Round trip time was 31.538 milliseconds in repetition 279
Round trip time was 32.063 milliseconds in repetition 280
Round trip time was 35.172 milliseconds in repetition 281
Round trip time was 35.657 milliseconds in repetition 282
Round trip time was 43.118 milliseconds in repetition 283
Round trip time was 39.064 milliseconds in repetition 284
Round trip time was 38.854 milliseconds in repetition 285
Round trip time was 39.898 milliseconds in repetition 286
Round trip time was 42.091 milliseconds in repetition 287
Round trip time was 41.060 milliseconds in repetition 288
Round trip time was 40.183 milliseconds in repetition 289
Round trip time was 38.231 milliseconds in repetition 290
Round trip time was 37.601 milliseconds in repetition 291
Round trip time was 38.454 milliseconds in repetition 292
Round trip time was 36.343 milliseconds in repetition 293
Round trip time was 40.249 milliseconds in repetition 294
Round trip time was 36.382 milliseconds in repetition 295
Round trip time was 33.924 milliseconds in repetition 296
Round trip time was 38.591 milliseconds in repetition 297
Round trip time was 39.157 milliseconds in repetition 298
Round trip time was 41.094 milliseconds in repetition 299
Round trip time was 37.207 milliseconds in repetition 300
Round trip time was 38.606 milliseconds in repetition 301
Round trip time was 34.130 milliseconds in repetition 302
Round trip time was 38.846 milliseconds in repetition 303
Round trip time was 43.708 milliseconds in repetition 304
Round trip time was 39.549 milliseconds in repetition 305
Round trip time was 37.574 milliseconds in repetition 306
Round trip time was 32.301 milliseconds in repetition 307
Round trip time was 37.670 milliseconds in repetition 308
Round trip time was 39.194 milliseconds in repetition 309
Round trip time was 32.610 milliseconds in repetition 310
Round trip time was 34.126 milliseconds in repetition 311
Round trip time was 29.961 milliseconds in repetition 312
Round trip time was 34.519 milliseconds in repetition 313
Round trip time was 30.643 milliseconds in repetition 314
Round trip time was 31.988 milliseconds in repetition 315
Round trip time was 35.469 milliseconds in repetition 316
Round trip time was 37.220 milliseconds in repetition 317
Round trip time was 33.805 milliseconds in repetition 318
Round trip time was 31.079 milliseconds in repetition 319
Round trip time was 32.181 milliseconds in repetition 320
Round trip time was 30.043 milliseconds in repetition 321
Round trip time was 29.859 milliseconds in repetition 322
Round trip time was 29.852 milliseconds in repetition 323
Round trip time was 32.993 milliseconds in repetition 324

 ... received 0 bytes instead of 512 (lost count = 1); re-trying ...
 ... re-trying ...
Round trip time was 41.045 milliseconds in repetition 325
Round trip time was 33.969 milliseconds in repetition 326
Round trip time was 39.276 milliseconds in repetition 327
Round trip time was 35.314 milliseconds in repetition 328
Round trip time was 34.527 milliseconds in repetition 329
Round trip time was 35.286 milliseconds in repetition 330
Round trip time was 40.281 milliseconds in repetition 331
Round trip time was 37.779 milliseconds in repetition 332
Round trip time was 41.250 milliseconds in repetition 333
Round trip time was 38.170 milliseconds in repetition 334
Round trip time was 35.752 milliseconds in repetition 335
Round trip time was 33.730 milliseconds in repetition 336
Round trip time was 36.217 milliseconds in repetition 337
Round trip time was 36.932 milliseconds in repetition 338
Round trip time was 36.818 milliseconds in repetition 339
Round trip time was 38.367 milliseconds in repetition 340
Round trip time was 30.042 milliseconds in repetition 341
Round trip time was 35.140 milliseconds in repetition 342
Round trip time was 41.665 milliseconds in repetition 343
Round trip time was 32.554 milliseconds in repetition 344
Round trip time was 38.130 milliseconds in repetition 345
Round trip time was 35.146 milliseconds in repetition 346
Round trip time was 35.048 milliseconds in repetition 347
Round trip time was 31.099 milliseconds in repetition 348
Round trip time was 32.036 milliseconds in repetition 349
Round trip time was 35.822 milliseconds in repetition 350
Round trip time was 34.578 milliseconds in repetition 351
Round trip time was 38.423 milliseconds in repetition 352
Round trip time was 32.593 milliseconds in repetition 353
Round trip time was 32.896 milliseconds in repetition 354
Round trip time was 33.061 milliseconds in repetition 355
Round trip time was 37.517 milliseconds in repetition 356
Round trip time was 36.109 milliseconds in repetition 357
Round trip time was 31.778 milliseconds in repetition 358
Round trip time was 35.768 milliseconds in repetition 359
Round trip time was 31.909 milliseconds in repetition 360
Round trip time was 33.399 milliseconds in repetition 361
Round trip time was 36.967 milliseconds in repetition 362
Round trip time was 36.405 milliseconds in repetition 363
Round trip time was 34.368 milliseconds in repetition 364
Round trip time was 39.638 milliseconds in repetition 365
Round trip time was 36.032 milliseconds in repetition 366
Round trip time was 36.591 milliseconds in repetition 367
Round trip time was 36.884 milliseconds in repetition 368
Round trip time was 37.401 milliseconds in repetition 369
Round trip time was 169.698 milliseconds in repetition 370
Round trip time was 44.686 milliseconds in repetition 371
Round trip time was 46.950 milliseconds in repetition 372
Round trip time was 43.813 milliseconds in repetition 373
Round trip time was 37.025 milliseconds in repetition 374
Round trip time was 37.337 milliseconds in repetition 375
Round trip time was 39.180 milliseconds in repetition 376
Round trip time was 41.461 milliseconds in repetition 377
Round trip time was 36.937 milliseconds in repetition 378
Round trip time was 38.137 milliseconds in repetition 379
Round trip time was 41.830 milliseconds in repetition 380
Round trip time was 40.987 milliseconds in repetition 381
Round trip time was 41.881 milliseconds in repetition 382
Round trip time was 38.385 milliseconds in repetition 383
Round trip time was 34.174 milliseconds in repetition 384
Round trip time was 26.648 milliseconds in repetition 385
Round trip time was 35.659 milliseconds in repetition 386
Round trip time was 33.719 milliseconds in repetition 387
Round trip time was 50.118 milliseconds in repetition 388
Round trip time was 35.355 milliseconds in repetition 389
Round trip time was 36.912 milliseconds in repetition 390
Round trip time was 38.819 milliseconds in repetition 391
Round trip time was 35.019 milliseconds in repetition 392
Round trip time was 37.252 milliseconds in repetition 393
Round trip time was 39.709 milliseconds in repetition 394
Round trip time was 31.520 milliseconds in repetition 395
Round trip time was 31.591 milliseconds in repetition 396
Round trip time was 29.919 milliseconds in repetition 397
Round trip time was 34.931 milliseconds in repetition 398
Round trip time was 31.654 milliseconds in repetition 399
Round trip time was 37.292 milliseconds in repetition 400
Round trip time was 31.597 milliseconds in repetition 401
Round trip time was 39.196 milliseconds in repetition 402
Round trip time was 29.865 milliseconds in repetition 403
Round trip time was 35.792 milliseconds in repetition 404
Round trip time was 37.007 milliseconds in repetition 405
Round trip time was 39.269 milliseconds in repetition 406
Round trip time was 31.258 milliseconds in repetition 407
Round trip time was 33.257 milliseconds in repetition 408
Round trip time was 32.758 milliseconds in repetition 409
Round trip time was 30.292 milliseconds in repetition 410
Round trip time was 42.310 milliseconds in repetition 411
Round trip time was 37.650 milliseconds in repetition 412
Round trip time was 33.277 milliseconds in repetition 413
Round trip time was 37.511 milliseconds in repetition 414
Round trip time was 34.915 milliseconds in repetition 415
Round trip time was 34.818 milliseconds in repetition 416
Round trip time was 27.421 milliseconds in repetition 417
Round trip time was 39.013 milliseconds in repetition 418
Round trip time was 35.824 milliseconds in repetition 419
Round trip time was 34.882 milliseconds in repetition 420
Round trip time was 47.385 milliseconds in repetition 421
Round trip time was 32.391 milliseconds in repetition 422
Round trip time was 35.560 milliseconds in repetition 423
Round trip time was 34.361 milliseconds in repetition 424
Round trip time was 32.942 milliseconds in repetition 425
Round trip time was 36.750 milliseconds in repetition 426
Round trip time was 46.016 milliseconds in repetition 427
Round trip time was 39.171 milliseconds in repetition 428
Round trip time was 42.668 milliseconds in repetition 429
Round trip time was 45.887 milliseconds in repetition 430
Round trip time was 41.849 milliseconds in repetition 431
Round trip time was 36.664 milliseconds in repetition 432
Round trip time was 38.770 milliseconds in repetition 433
Round trip time was 46.561 milliseconds in repetition 434
Round trip time was 44.886 milliseconds in repetition 435
Round trip time was 40.407 milliseconds in repetition 436
Round trip time was 45.905 milliseconds in repetition 437
Round trip time was 41.369 milliseconds in repetition 438
Round trip time was 36.626 milliseconds in repetition 439
Round trip time was 38.028 milliseconds in repetition 440
Round trip time was 37.961 milliseconds in repetition 441
Round trip time was 40.993 milliseconds in repetition 442
Round trip time was 39.849 milliseconds in repetition 443
Round trip time was 44.386 milliseconds in repetition 444
Round trip time was 33.887 milliseconds in repetition 445
Round trip time was 30.336 milliseconds in repetition 446
Round trip time was 39.265 milliseconds in repetition 447
Round trip time was 34.398 milliseconds in repetition 448
Round trip time was 35.481 milliseconds in repetition 449
Round trip time was 31.422 milliseconds in repetition 450
Round trip time was 36.890 milliseconds in repetition 451
Round trip time was 33.479 milliseconds in repetition 452
Round trip time was 34.720 milliseconds in repetition 453
Round trip time was 34.629 milliseconds in repetition 454
Round trip time was 29.327 milliseconds in repetition 455
Round trip time was 33.217 milliseconds in repetition 456
Round trip time was 35.235 milliseconds in repetition 457
Round trip time was 32.351 milliseconds in repetition 458
Round trip time was 34.021 milliseconds in repetition 459
Round trip time was 29.919 milliseconds in repetition 460
Round trip time was 35.489 milliseconds in repetition 461
Round trip time was 31.991 milliseconds in repetition 462
Round trip time was 37.181 milliseconds in repetition 463
Round trip time was 32.025 milliseconds in repetition 464
Round trip time was 33.225 milliseconds in repetition 465
Round trip time was 33.207 milliseconds in repetition 466
Round trip time was 36.714 milliseconds in repetition 467
Round trip time was 30.021 milliseconds in repetition 468
Round trip time was 30.266 milliseconds in repetition 469
Round trip time was 32.824 milliseconds in repetition 470
Round trip time was 36.093 milliseconds in repetition 471
Round trip time was 39.785 milliseconds in repetition 472
Round trip time was 37.388 milliseconds in repetition 473
Round trip time was 40.408 milliseconds in repetition 474
Round trip time was 41.636 milliseconds in repetition 475
Round trip time was 38.704 milliseconds in repetition 476
Round trip time was 40.601 milliseconds in repetition 477
Round trip time was 40.455 milliseconds in repetition 478
Round trip time was 62.993 milliseconds in repetition 479
Round trip time was 44.214 milliseconds in repetition 480
Round trip time was 40.153 milliseconds in repetition 481
Round trip time was 42.237 milliseconds in repetition 482
Round trip time was 39.655 milliseconds in repetition 483
Round trip time was 40.560 milliseconds in repetition 484
Round trip time was 44.600 milliseconds in repetition 485
Round trip time was 32.147 milliseconds in repetition 486
Round trip time was 40.397 milliseconds in repetition 487
Round trip time was 46.377 milliseconds in repetition 488
Round trip time was 38.543 milliseconds in repetition 489
Round trip time was 34.771 milliseconds in repetition 490
Round trip time was 40.525 milliseconds in repetition 491
Round trip time was 42.006 milliseconds in repetition 492
Round trip time was 37.441 milliseconds in repetition 493
Round trip time was 40.107 milliseconds in repetition 494
Round trip time was 39.343 milliseconds in repetition 495
Round trip time was 43.017 milliseconds in repetition 496
Round trip time was 37.409 milliseconds in repetition 497
Round trip time was 36.442 milliseconds in repetition 498
Round trip time was 39.694 milliseconds in repetition 499
Round trip time was 43.750 milliseconds in repetition 500
Round trip time was 39.720 milliseconds in repetition 501

 ... clock resolution was 1e-06
UDP Ping:  Statistics over 501 repetitions of 512 byte messages

RTT : percentile 10: 30.292, median: 35.2859, percentile 90: 41.8811, average: 36.8182, variance: 102.757

RTT histogram:
26.4561 41
33.6182 288
40.7803 140
47.9424 21
55.1045 3
62.2666 1
69.4287 2
76.5908 0
83.7529 0
90.915 2
98.0771 0
105.239 0
112.401 0
119.563 1
126.726 1
133.888 0
141.05 0
148.212 0
155.374 0
162.536 0
169.698 1

   median Throughput : 29.0201 KB/s   overall Throughput : 27.8123 KB/s

