UDP Ping trying to connect to server seti.dibris.unige.it (130.251.61.30) on TCP port 1491
 ... connected to Pong server: asking for 101 repetitions of 256 _bytes UDP messages
 ... Pong server agreed to ping-pong using port 51139 :-)
Round trip time was 58.566 milliseconds in repetition 1
Round trip time was 38.231 milliseconds in repetition 2
Round trip time was 46.721 milliseconds in repetition 3
Round trip time was 43.378 milliseconds in repetition 4
Round trip time was 39.495 milliseconds in repetition 5
Round trip time was 64.572 milliseconds in repetition 6
Round trip time was 47.116 milliseconds in repetition 7
Round trip time was 33.937 milliseconds in repetition 8
Round trip time was 32.030 milliseconds in repetition 9
Round trip time was 32.601 milliseconds in repetition 10
Round trip time was 34.348 milliseconds in repetition 11
Round trip time was 34.481 milliseconds in repetition 12
Round trip time was 36.734 milliseconds in repetition 13
Round trip time was 31.807 milliseconds in repetition 14
Round trip time was 33.235 milliseconds in repetition 15
Round trip time was 37.587 milliseconds in repetition 16
Round trip time was 37.378 milliseconds in repetition 17
Round trip time was 37.615 milliseconds in repetition 18
Round trip time was 34.265 milliseconds in repetition 19
Round trip time was 30.635 milliseconds in repetition 20
Round trip time was 37.697 milliseconds in repetition 21
Round trip time was 29.592 milliseconds in repetition 22
Round trip time was 33.816 milliseconds in repetition 23
Round trip time was 28.607 milliseconds in repetition 24
Round trip time was 29.635 milliseconds in repetition 25
Round trip time was 32.723 milliseconds in repetition 26
Round trip time was 26.817 milliseconds in repetition 27
Round trip time was 33.056 milliseconds in repetition 28
Round trip time was 32.012 milliseconds in repetition 29
Round trip time was 34.213 milliseconds in repetition 30
Round trip time was 34.890 milliseconds in repetition 31
Round trip time was 28.512 milliseconds in repetition 32
Round trip time was 30.162 milliseconds in repetition 33
Round trip time was 30.008 milliseconds in repetition 34
Round trip time was 32.573 milliseconds in repetition 35
Round trip time was 30.391 milliseconds in repetition 36
Round trip time was 27.463 milliseconds in repetition 37
Round trip time was 31.059 milliseconds in repetition 38
Round trip time was 28.603 milliseconds in repetition 39
Round trip time was 31.965 milliseconds in repetition 40
Round trip time was 28.168 milliseconds in repetition 41
Round trip time was 35.530 milliseconds in repetition 42
Round trip time was 30.389 milliseconds in repetition 43
Round trip time was 39.583 milliseconds in repetition 44
Round trip time was 32.443 milliseconds in repetition 45
Round trip time was 39.307 milliseconds in repetition 46

 ... received 0 bytes instead of 256 (lost count = 1); re-trying ...
 ... re-trying ...
Round trip time was 1220.843 milliseconds in repetition 47
Round trip time was 157.386 milliseconds in repetition 48
Round trip time was 75.672 milliseconds in repetition 49
Round trip time was 40.900 milliseconds in repetition 50
Round trip time was 30.173 milliseconds in repetition 51
Round trip time was 28.931 milliseconds in repetition 52
Round trip time was 35.751 milliseconds in repetition 53
Round trip time was 32.879 milliseconds in repetition 54
Round trip time was 34.852 milliseconds in repetition 55
Round trip time was 26.920 milliseconds in repetition 56
Round trip time was 31.360 milliseconds in repetition 57
Round trip time was 30.692 milliseconds in repetition 58
Round trip time was 30.955 milliseconds in repetition 59
Round trip time was 27.061 milliseconds in repetition 60
Round trip time was 27.621 milliseconds in repetition 61
Round trip time was 29.754 milliseconds in repetition 62
Round trip time was 38.568 milliseconds in repetition 63
Round trip time was 29.938 milliseconds in repetition 64
Round trip time was 29.661 milliseconds in repetition 65
Round trip time was 30.077 milliseconds in repetition 66
Round trip time was 32.404 milliseconds in repetition 67
Round trip time was 29.151 milliseconds in repetition 68
Round trip time was 31.177 milliseconds in repetition 69
Round trip time was 31.277 milliseconds in repetition 70
Round trip time was 35.165 milliseconds in repetition 71
Round trip time was 39.355 milliseconds in repetition 72
Round trip time was 40.707 milliseconds in repetition 73
Round trip time was 30.108 milliseconds in repetition 74
Round trip time was 30.103 milliseconds in repetition 75
Round trip time was 31.040 milliseconds in repetition 76
Round trip time was 42.231 milliseconds in repetition 77
Round trip time was 32.368 milliseconds in repetition 78
Round trip time was 37.555 milliseconds in repetition 79
Round trip time was 30.488 milliseconds in repetition 80
Round trip time was 33.968 milliseconds in repetition 81
Round trip time was 28.868 milliseconds in repetition 82
Round trip time was 29.984 milliseconds in repetition 83
Round trip time was 30.192 milliseconds in repetition 84
Round trip time was 28.293 milliseconds in repetition 85
Round trip time was 31.531 milliseconds in repetition 86
Round trip time was 29.718 milliseconds in repetition 87
Round trip time was 33.359 milliseconds in repetition 88
Round trip time was 30.450 milliseconds in repetition 89
Round trip time was 28.575 milliseconds in repetition 90
Round trip time was 32.067 milliseconds in repetition 91
Round trip time was 28.617 milliseconds in repetition 92
Round trip time was 32.271 milliseconds in repetition 93
Round trip time was 29.940 milliseconds in repetition 94
Round trip time was 33.166 milliseconds in repetition 95
Round trip time was 32.007 milliseconds in repetition 96
Round trip time was 29.706 milliseconds in repetition 97
Round trip time was 32.121 milliseconds in repetition 98
Round trip time was 30.313 milliseconds in repetition 99
Round trip time was 27.692 milliseconds in repetition 100
Round trip time was 30.761 milliseconds in repetition 101

 ... clock resolution was 1e-06
UDP Ping:  Statistics over 101 repetitions of 256 byte messages

RTT : percentile 10: 28.6029, median: 32.0121, percentile 90: 40.7067, average: 46.7392, variance: 14125.5

RTT histogram:
26.8167 96
86.518 3
146.219 1
205.921 0
265.622 0
325.323 0
385.024 0
444.726 0
504.427 0
564.128 0
623.83 0
683.531 0
743.232 0
802.934 0
862.635 0
922.336 0
982.037 0
1041.74 0
1101.44 0
1161.14 0
1220.84 1

   median Throughput : 15.994 KB/s   overall Throughput : 10.9544 KB/s

