UDP Ping trying to connect to server seti.dibris.unige.it (130.251.61.30) on TCP port 1491
 ... connected to Pong server: asking for 101 repetitions of 768 _bytes UDP messages
 ... Pong server agreed to ping-pong using port 51139 :-)
Round trip time was 55.024 milliseconds in repetition 1
Round trip time was 40.060 milliseconds in repetition 2
Round trip time was 43.068 milliseconds in repetition 3
Round trip time was 153.561 milliseconds in repetition 4
Round trip time was 47.665 milliseconds in repetition 5
Round trip time was 54.049 milliseconds in repetition 6
Round trip time was 52.051 milliseconds in repetition 7
Round trip time was 49.582 milliseconds in repetition 8
Round trip time was 40.982 milliseconds in repetition 9
Round trip time was 38.730 milliseconds in repetition 10
Round trip time was 48.034 milliseconds in repetition 11
Round trip time was 47.026 milliseconds in repetition 12
Round trip time was 49.106 milliseconds in repetition 13
Round trip time was 38.699 milliseconds in repetition 14
Round trip time was 39.434 milliseconds in repetition 15
Round trip time was 39.957 milliseconds in repetition 16
Round trip time was 42.261 milliseconds in repetition 17
Round trip time was 48.904 milliseconds in repetition 18
Round trip time was 41.808 milliseconds in repetition 19
Round trip time was 41.815 milliseconds in repetition 20
Round trip time was 37.608 milliseconds in repetition 21
Round trip time was 40.347 milliseconds in repetition 22
Round trip time was 40.396 milliseconds in repetition 23
Round trip time was 40.047 milliseconds in repetition 24
Round trip time was 37.009 milliseconds in repetition 25
Round trip time was 40.041 milliseconds in repetition 26
Round trip time was 32.092 milliseconds in repetition 27
Round trip time was 40.169 milliseconds in repetition 28
Round trip time was 42.159 milliseconds in repetition 29
Round trip time was 47.317 milliseconds in repetition 30

 ... received 0 bytes instead of 768 (lost count = 1); re-trying ...
 ... re-trying ...
Round trip time was 35.379 milliseconds in repetition 31
Round trip time was 35.050 milliseconds in repetition 32
Round trip time was 37.734 milliseconds in repetition 33
Round trip time was 35.707 milliseconds in repetition 34
Round trip time was 35.645 milliseconds in repetition 35
Round trip time was 33.081 milliseconds in repetition 36
Round trip time was 39.604 milliseconds in repetition 37
Round trip time was 38.452 milliseconds in repetition 38
Round trip time was 35.842 milliseconds in repetition 39
Round trip time was 33.091 milliseconds in repetition 40
Round trip time was 30.352 milliseconds in repetition 41
Round trip time was 35.235 milliseconds in repetition 42
Round trip time was 42.701 milliseconds in repetition 43
Round trip time was 28.952 milliseconds in repetition 44
Round trip time was 30.429 milliseconds in repetition 45
Round trip time was 37.088 milliseconds in repetition 46
Round trip time was 39.778 milliseconds in repetition 47
Round trip time was 37.164 milliseconds in repetition 48
Round trip time was 43.083 milliseconds in repetition 49
Round trip time was 35.107 milliseconds in repetition 50
Round trip time was 32.532 milliseconds in repetition 51
Round trip time was 41.118 milliseconds in repetition 52
Round trip time was 31.805 milliseconds in repetition 53
Round trip time was 37.105 milliseconds in repetition 54
Round trip time was 37.605 milliseconds in repetition 55
Round trip time was 38.527 milliseconds in repetition 56
Round trip time was 28.763 milliseconds in repetition 57
Round trip time was 32.935 milliseconds in repetition 58
Round trip time was 34.056 milliseconds in repetition 59
Round trip time was 37.668 milliseconds in repetition 60
Round trip time was 33.786 milliseconds in repetition 61
Round trip time was 49.022 milliseconds in repetition 62
Round trip time was 31.867 milliseconds in repetition 63
Round trip time was 43.643 milliseconds in repetition 64
Round trip time was 32.633 milliseconds in repetition 65
Round trip time was 34.146 milliseconds in repetition 66
Round trip time was 34.892 milliseconds in repetition 67
Round trip time was 29.937 milliseconds in repetition 68
Round trip time was 37.877 milliseconds in repetition 69
Round trip time was 34.769 milliseconds in repetition 70
Round trip time was 33.425 milliseconds in repetition 71
Round trip time was 33.815 milliseconds in repetition 72
Round trip time was 39.134 milliseconds in repetition 73
Round trip time was 36.403 milliseconds in repetition 74
Round trip time was 37.254 milliseconds in repetition 75
Round trip time was 31.943 milliseconds in repetition 76
Round trip time was 37.917 milliseconds in repetition 77
Round trip time was 32.787 milliseconds in repetition 78
Round trip time was 34.385 milliseconds in repetition 79
Round trip time was 32.780 milliseconds in repetition 80
Round trip time was 29.885 milliseconds in repetition 81
Round trip time was 31.086 milliseconds in repetition 82
Round trip time was 35.224 milliseconds in repetition 83
Round trip time was 33.325 milliseconds in repetition 84
Round trip time was 35.226 milliseconds in repetition 85
Round trip time was 34.823 milliseconds in repetition 86
Round trip time was 47.551 milliseconds in repetition 87
Round trip time was 35.243 milliseconds in repetition 88
Round trip time was 35.346 milliseconds in repetition 89
Round trip time was 36.163 milliseconds in repetition 90
Round trip time was 43.699 milliseconds in repetition 91
Round trip time was 34.457 milliseconds in repetition 92
Round trip time was 30.008 milliseconds in repetition 93
Round trip time was 35.133 milliseconds in repetition 94
Round trip time was 44.443 milliseconds in repetition 95
Round trip time was 35.921 milliseconds in repetition 96
Round trip time was 44.298 milliseconds in repetition 97
Round trip time was 35.160 milliseconds in repetition 98
Round trip time was 45.579 milliseconds in repetition 99
Round trip time was 47.690 milliseconds in repetition 100
Round trip time was 36.427 milliseconds in repetition 101

 ... clock resolution was 1e-06
UDP Ping:  Statistics over 101 repetitions of 768 byte messages

RTT : percentile 10: 31.9431, median: 37.1644, percentile 90: 47.6646, average: 39.4029, variance: 164.833

RTT histogram:
28.7632 10
35.003 48
41.2429 27
47.4828 12
53.7227 3
59.9626 0
66.2024 0
72.4423 0
78.6822 0
84.9221 0
91.1619 0
97.4018 0
103.642 0
109.882 0
116.121 0
122.361 0
128.601 0
134.841 0
141.081 0
147.321 0
153.561 1

   median Throughput : 41.3299 KB/s   overall Throughput : 38.9819 KB/s

