UDP Ping trying to connect to server seti.dibris.unige.it (130.251.61.30) on TCP port 1491
 ... connected to Pong server: asking for 501 repetitions of 128 _bytes UDP messages
 ... Pong server agreed to ping-pong using port 51280 :-)
Round trip time was 35.314 milliseconds in repetition 1
Round trip time was 29.837 milliseconds in repetition 2
Round trip time was 30.312 milliseconds in repetition 3
Round trip time was 31.914 milliseconds in repetition 4
Round trip time was 43.508 milliseconds in repetition 5
Round trip time was 37.877 milliseconds in repetition 6
Round trip time was 33.892 milliseconds in repetition 7
Round trip time was 30.665 milliseconds in repetition 8
Round trip time was 38.897 milliseconds in repetition 9
Round trip time was 30.805 milliseconds in repetition 10
Round trip time was 31.954 milliseconds in repetition 11
Round trip time was 36.170 milliseconds in repetition 12
Round trip time was 28.860 milliseconds in repetition 13
Round trip time was 34.906 milliseconds in repetition 14
Round trip time was 34.402 milliseconds in repetition 15
Round trip time was 32.214 milliseconds in repetition 16
Round trip time was 30.418 milliseconds in repetition 17
Round trip time was 36.219 milliseconds in repetition 18
Round trip time was 55.442 milliseconds in repetition 19
Round trip time was 53.755 milliseconds in repetition 20
Round trip time was 38.680 milliseconds in repetition 21
Round trip time was 34.658 milliseconds in repetition 22
Round trip time was 30.862 milliseconds in repetition 23
Round trip time was 33.055 milliseconds in repetition 24
Round trip time was 32.853 milliseconds in repetition 25
Round trip time was 42.563 milliseconds in repetition 26
Round trip time was 34.295 milliseconds in repetition 27
Round trip time was 31.607 milliseconds in repetition 28
Round trip time was 28.502 milliseconds in repetition 29
Round trip time was 30.907 milliseconds in repetition 30
Round trip time was 26.184 milliseconds in repetition 31
Round trip time was 32.708 milliseconds in repetition 32
Round trip time was 30.312 milliseconds in repetition 33
Round trip time was 27.572 milliseconds in repetition 34
Round trip time was 28.103 milliseconds in repetition 35
Round trip time was 29.738 milliseconds in repetition 36
Round trip time was 27.497 milliseconds in repetition 37
Round trip time was 29.784 milliseconds in repetition 38
Round trip time was 33.934 milliseconds in repetition 39
Round trip time was 31.649 milliseconds in repetition 40
Round trip time was 37.873 milliseconds in repetition 41
Round trip time was 28.224 milliseconds in repetition 42
Round trip time was 33.082 milliseconds in repetition 43
Round trip time was 32.407 milliseconds in repetition 44
Round trip time was 37.630 milliseconds in repetition 45
Round trip time was 31.895 milliseconds in repetition 46
Round trip time was 52.414 milliseconds in repetition 47
Round trip time was 120.361 milliseconds in repetition 48
Round trip time was 34.945 milliseconds in repetition 49
Round trip time was 38.202 milliseconds in repetition 50
Round trip time was 41.231 milliseconds in repetition 51
Round trip time was 28.174 milliseconds in repetition 52
Round trip time was 36.800 milliseconds in repetition 53
Round trip time was 35.851 milliseconds in repetition 54

 ... received 0 bytes instead of 128 (lost count = 1); re-trying ...
 ... re-trying ...
Round trip time was 27.616 milliseconds in repetition 55
Round trip time was 29.377 milliseconds in repetition 56
Round trip time was 34.120 milliseconds in repetition 57
Round trip time was 31.356 milliseconds in repetition 58
Round trip time was 29.464 milliseconds in repetition 59
Round trip time was 37.515 milliseconds in repetition 60
Round trip time was 29.215 milliseconds in repetition 61
Round trip time was 33.272 milliseconds in repetition 62
Round trip time was 30.147 milliseconds in repetition 63
Round trip time was 29.912 milliseconds in repetition 64
Round trip time was 30.140 milliseconds in repetition 65
Round trip time was 29.746 milliseconds in repetition 66
Round trip time was 25.977 milliseconds in repetition 67
Round trip time was 35.870 milliseconds in repetition 68
Round trip time was 29.940 milliseconds in repetition 69
Round trip time was 35.217 milliseconds in repetition 70
Round trip time was 34.456 milliseconds in repetition 71
Round trip time was 35.483 milliseconds in repetition 72
Round trip time was 29.608 milliseconds in repetition 73
Round trip time was 30.416 milliseconds in repetition 74
Round trip time was 35.016 milliseconds in repetition 75
Round trip time was 30.290 milliseconds in repetition 76
Round trip time was 36.367 milliseconds in repetition 77
Round trip time was 38.266 milliseconds in repetition 78
Round trip time was 35.582 milliseconds in repetition 79
Round trip time was 26.944 milliseconds in repetition 80
Round trip time was 33.346 milliseconds in repetition 81
Round trip time was 29.139 milliseconds in repetition 82
Round trip time was 26.843 milliseconds in repetition 83
Round trip time was 29.615 milliseconds in repetition 84
Round trip time was 29.089 milliseconds in repetition 85
Round trip time was 32.810 milliseconds in repetition 86
Round trip time was 35.127 milliseconds in repetition 87
Round trip time was 30.988 milliseconds in repetition 88
Round trip time was 30.037 milliseconds in repetition 89
Round trip time was 30.477 milliseconds in repetition 90
Round trip time was 41.774 milliseconds in repetition 91
Round trip time was 31.477 milliseconds in repetition 92
Round trip time was 29.121 milliseconds in repetition 93
Round trip time was 29.494 milliseconds in repetition 94
Round trip time was 32.509 milliseconds in repetition 95
Round trip time was 30.728 milliseconds in repetition 96
Round trip time was 34.980 milliseconds in repetition 97
Round trip time was 26.563 milliseconds in repetition 98
Round trip time was 27.403 milliseconds in repetition 99
Round trip time was 24.635 milliseconds in repetition 100
Round trip time was 27.939 milliseconds in repetition 101
Round trip time was 29.960 milliseconds in repetition 102
Round trip time was 29.835 milliseconds in repetition 103
Round trip time was 28.076 milliseconds in repetition 104
Round trip time was 34.306 milliseconds in repetition 105
Round trip time was 30.969 milliseconds in repetition 106
Round trip time was 27.578 milliseconds in repetition 107
Round trip time was 40.279 milliseconds in repetition 108
Round trip time was 31.424 milliseconds in repetition 109
Round trip time was 35.604 milliseconds in repetition 110
Round trip time was 29.899 milliseconds in repetition 111
Round trip time was 35.358 milliseconds in repetition 112
Round trip time was 31.590 milliseconds in repetition 113
Round trip time was 39.230 milliseconds in repetition 114
Round trip time was 27.880 milliseconds in repetition 115
Round trip time was 31.350 milliseconds in repetition 116
Round trip time was 39.682 milliseconds in repetition 117
Round trip time was 32.186 milliseconds in repetition 118
Round trip time was 29.881 milliseconds in repetition 119
Round trip time was 35.583 milliseconds in repetition 120
Round trip time was 39.357 milliseconds in repetition 121

 ... received 0 bytes instead of 128 (lost count = 1); re-trying ...
 ... re-trying ...
Round trip time was 57.324 milliseconds in repetition 122
Round trip time was 36.954 milliseconds in repetition 123
Round trip time was 34.504 milliseconds in repetition 124
Round trip time was 27.587 milliseconds in repetition 125
Round trip time was 29.929 milliseconds in repetition 126
Round trip time was 32.864 milliseconds in repetition 127
Round trip time was 29.979 milliseconds in repetition 128
Round trip time was 27.909 milliseconds in repetition 129
Round trip time was 29.447 milliseconds in repetition 130
Round trip time was 29.745 milliseconds in repetition 131
Round trip time was 33.618 milliseconds in repetition 132
Round trip time was 33.994 milliseconds in repetition 133
Round trip time was 30.292 milliseconds in repetition 134
Round trip time was 27.724 milliseconds in repetition 135
Round trip time was 44.392 milliseconds in repetition 136
Round trip time was 29.117 milliseconds in repetition 137
Round trip time was 34.563 milliseconds in repetition 138
Round trip time was 33.843 milliseconds in repetition 139
Round trip time was 31.953 milliseconds in repetition 140
Round trip time was 30.297 milliseconds in repetition 141
Round trip time was 28.021 milliseconds in repetition 142
Round trip time was 30.052 milliseconds in repetition 143
Round trip time was 32.004 milliseconds in repetition 144
Round trip time was 31.991 milliseconds in repetition 145
Round trip time was 33.435 milliseconds in repetition 146
Round trip time was 40.076 milliseconds in repetition 147
Round trip time was 31.718 milliseconds in repetition 148
Round trip time was 36.250 milliseconds in repetition 149
Round trip time was 30.645 milliseconds in repetition 150
Round trip time was 46.256 milliseconds in repetition 151
Round trip time was 40.556 milliseconds in repetition 152
Round trip time was 49.249 milliseconds in repetition 153

 ... received 0 bytes instead of 128 (lost count = 1); re-trying ...
 ... re-trying ...
Round trip time was 31.860 milliseconds in repetition 154
Round trip time was 27.516 milliseconds in repetition 155
Round trip time was 29.460 milliseconds in repetition 156
Round trip time was 24.868 milliseconds in repetition 157
Round trip time was 28.035 milliseconds in repetition 158
Round trip time was 29.651 milliseconds in repetition 159
Round trip time was 32.008 milliseconds in repetition 160
Round trip time was 27.495 milliseconds in repetition 161
Round trip time was 32.661 milliseconds in repetition 162
Round trip time was 29.467 milliseconds in repetition 163
Round trip time was 30.652 milliseconds in repetition 164
Round trip time was 33.220 milliseconds in repetition 165
Round trip time was 30.138 milliseconds in repetition 166
Round trip time was 32.026 milliseconds in repetition 167
Round trip time was 31.116 milliseconds in repetition 168
Round trip time was 31.087 milliseconds in repetition 169
Round trip time was 28.430 milliseconds in repetition 170
Round trip time was 33.168 milliseconds in repetition 171
Round trip time was 32.614 milliseconds in repetition 172
Round trip time was 31.177 milliseconds in repetition 173
Round trip time was 32.394 milliseconds in repetition 174
Round trip time was 31.341 milliseconds in repetition 175
Round trip time was 32.158 milliseconds in repetition 176
Round trip time was 29.316 milliseconds in repetition 177
Round trip time was 50.716 milliseconds in repetition 178
Round trip time was 48.343 milliseconds in repetition 179
Round trip time was 30.943 milliseconds in repetition 180
Round trip time was 30.031 milliseconds in repetition 181
Round trip time was 30.980 milliseconds in repetition 182
Round trip time was 28.571 milliseconds in repetition 183
Round trip time was 29.492 milliseconds in repetition 184
Round trip time was 29.369 milliseconds in repetition 185
Round trip time was 42.147 milliseconds in repetition 186
Round trip time was 30.276 milliseconds in repetition 187
Round trip time was 28.099 milliseconds in repetition 188
Round trip time was 29.440 milliseconds in repetition 189
Round trip time was 27.944 milliseconds in repetition 190
Round trip time was 29.745 milliseconds in repetition 191
Round trip time was 27.211 milliseconds in repetition 192
Round trip time was 25.605 milliseconds in repetition 193
Round trip time was 31.515 milliseconds in repetition 194
Round trip time was 28.204 milliseconds in repetition 195
Round trip time was 28.101 milliseconds in repetition 196
Round trip time was 27.247 milliseconds in repetition 197
Round trip time was 29.922 milliseconds in repetition 198
Round trip time was 32.398 milliseconds in repetition 199
Round trip time was 48.338 milliseconds in repetition 200
Round trip time was 29.193 milliseconds in repetition 201
Round trip time was 30.266 milliseconds in repetition 202
Round trip time was 28.994 milliseconds in repetition 203
Round trip time was 28.864 milliseconds in repetition 204
Round trip time was 29.522 milliseconds in repetition 205
Round trip time was 29.408 milliseconds in repetition 206
Round trip time was 31.810 milliseconds in repetition 207
Round trip time was 32.713 milliseconds in repetition 208
Round trip time was 35.855 milliseconds in repetition 209
Round trip time was 29.431 milliseconds in repetition 210
Round trip time was 33.463 milliseconds in repetition 211
Round trip time was 33.410 milliseconds in repetition 212
Round trip time was 38.201 milliseconds in repetition 213
Round trip time was 30.298 milliseconds in repetition 214
Round trip time was 29.852 milliseconds in repetition 215
Round trip time was 30.316 milliseconds in repetition 216
Round trip time was 25.156 milliseconds in repetition 217
Round trip time was 30.594 milliseconds in repetition 218
Round trip time was 29.515 milliseconds in repetition 219
Round trip time was 31.273 milliseconds in repetition 220
Round trip time was 39.167 milliseconds in repetition 221
Round trip time was 38.897 milliseconds in repetition 222
Round trip time was 42.447 milliseconds in repetition 223
Round trip time was 39.140 milliseconds in repetition 224
Round trip time was 27.624 milliseconds in repetition 225
Round trip time was 28.536 milliseconds in repetition 226
Round trip time was 32.981 milliseconds in repetition 227
Round trip time was 26.606 milliseconds in repetition 228
Round trip time was 29.600 milliseconds in repetition 229
Round trip time was 34.074 milliseconds in repetition 230
Round trip time was 28.541 milliseconds in repetition 231
Round trip time was 27.189 milliseconds in repetition 232
Round trip time was 27.572 milliseconds in repetition 233
Round trip time was 27.664 milliseconds in repetition 234
Round trip time was 30.208 milliseconds in repetition 235
Round trip time was 28.884 milliseconds in repetition 236
Round trip time was 28.166 milliseconds in repetition 237
Round trip time was 30.115 milliseconds in repetition 238
Round trip time was 26.565 milliseconds in repetition 239
Round trip time was 28.125 milliseconds in repetition 240
Round trip time was 29.723 milliseconds in repetition 241
Round trip time was 27.671 milliseconds in repetition 242
Round trip time was 27.281 milliseconds in repetition 243
Round trip time was 25.232 milliseconds in repetition 244
Round trip time was 27.267 milliseconds in repetition 245
Round trip time was 27.863 milliseconds in repetition 246
Round trip time was 29.182 milliseconds in repetition 247
Round trip time was 28.452 milliseconds in repetition 248
Round trip time was 30.702 milliseconds in repetition 249
Round trip time was 30.220 milliseconds in repetition 250
Round trip time was 29.703 milliseconds in repetition 251
Round trip time was 29.316 milliseconds in repetition 252
Round trip time was 30.650 milliseconds in repetition 253
Round trip time was 30.536 milliseconds in repetition 254
Round trip time was 31.126 milliseconds in repetition 255
Round trip time was 29.955 milliseconds in repetition 256
Round trip time was 29.574 milliseconds in repetition 257
Round trip time was 28.963 milliseconds in repetition 258
Round trip time was 33.166 milliseconds in repetition 259
Round trip time was 28.065 milliseconds in repetition 260
Round trip time was 30.335 milliseconds in repetition 261
Round trip time was 24.524 milliseconds in repetition 262
Round trip time was 33.756 milliseconds in repetition 263
Round trip time was 30.210 milliseconds in repetition 264
Round trip time was 30.761 milliseconds in repetition 265
Round trip time was 27.132 milliseconds in repetition 266
Round trip time was 30.525 milliseconds in repetition 267
Round trip time was 31.171 milliseconds in repetition 268
Round trip time was 35.146 milliseconds in repetition 269
Round trip time was 30.728 milliseconds in repetition 270
Round trip time was 27.798 milliseconds in repetition 271
Round trip time was 29.634 milliseconds in repetition 272
Round trip time was 28.264 milliseconds in repetition 273
Round trip time was 32.697 milliseconds in repetition 274
Round trip time was 29.299 milliseconds in repetition 275
Round trip time was 30.070 milliseconds in repetition 276
Round trip time was 29.728 milliseconds in repetition 277
Round trip time was 39.939 milliseconds in repetition 278
Round trip time was 29.603 milliseconds in repetition 279
Round trip time was 40.821 milliseconds in repetition 280
Round trip time was 35.724 milliseconds in repetition 281
Round trip time was 28.654 milliseconds in repetition 282
Round trip time was 30.137 milliseconds in repetition 283
Round trip time was 37.653 milliseconds in repetition 284
Round trip time was 34.514 milliseconds in repetition 285
Round trip time was 47.826 milliseconds in repetition 286
Round trip time was 37.272 milliseconds in repetition 287
Round trip time was 27.636 milliseconds in repetition 288
Round trip time was 41.340 milliseconds in repetition 289
Round trip time was 31.831 milliseconds in repetition 290
Round trip time was 43.817 milliseconds in repetition 291
Round trip time was 33.180 milliseconds in repetition 292
Round trip time was 31.935 milliseconds in repetition 293
Round trip time was 31.474 milliseconds in repetition 294
Round trip time was 31.000 milliseconds in repetition 295
Round trip time was 34.829 milliseconds in repetition 296
Round trip time was 27.707 milliseconds in repetition 297
Round trip time was 29.740 milliseconds in repetition 298
Round trip time was 28.710 milliseconds in repetition 299
Round trip time was 34.196 milliseconds in repetition 300
Round trip time was 32.509 milliseconds in repetition 301
Round trip time was 29.621 milliseconds in repetition 302
Round trip time was 24.552 milliseconds in repetition 303
Round trip time was 29.853 milliseconds in repetition 304
Round trip time was 34.084 milliseconds in repetition 305
Round trip time was 28.985 milliseconds in repetition 306
Round trip time was 32.466 milliseconds in repetition 307
Round trip time was 27.039 milliseconds in repetition 308
Round trip time was 35.897 milliseconds in repetition 309
Round trip time was 35.084 milliseconds in repetition 310
Round trip time was 32.431 milliseconds in repetition 311
Round trip time was 24.144 milliseconds in repetition 312
Round trip time was 33.311 milliseconds in repetition 313
Round trip time was 29.255 milliseconds in repetition 314
Round trip time was 37.918 milliseconds in repetition 315
Round trip time was 30.189 milliseconds in repetition 316
Round trip time was 30.903 milliseconds in repetition 317
Round trip time was 30.943 milliseconds in repetition 318
Round trip time was 29.962 milliseconds in repetition 319
Round trip time was 27.443 milliseconds in repetition 320
Round trip time was 32.249 milliseconds in repetition 321
Round trip time was 35.079 milliseconds in repetition 322
Round trip time was 28.024 milliseconds in repetition 323
Round trip time was 32.270 milliseconds in repetition 324
Round trip time was 30.419 milliseconds in repetition 325
Round trip time was 29.563 milliseconds in repetition 326
Round trip time was 35.966 milliseconds in repetition 327
Round trip time was 28.945 milliseconds in repetition 328
Round trip time was 29.994 milliseconds in repetition 329
Round trip time was 34.596 milliseconds in repetition 330
Round trip time was 30.714 milliseconds in repetition 331
Round trip time was 34.920 milliseconds in repetition 332
Round trip time was 26.671 milliseconds in repetition 333
Round trip time was 34.803 milliseconds in repetition 334
Round trip time was 35.250 milliseconds in repetition 335
Round trip time was 35.239 milliseconds in repetition 336
Round trip time was 27.124 milliseconds in repetition 337
Round trip time was 32.051 milliseconds in repetition 338
Round trip time was 36.017 milliseconds in repetition 339
Round trip time was 35.015 milliseconds in repetition 340
Round trip time was 41.168 milliseconds in repetition 341
Round trip time was 39.245 milliseconds in repetition 342
Round trip time was 36.132 milliseconds in repetition 343
Round trip time was 29.262 milliseconds in repetition 344
Round trip time was 43.033 milliseconds in repetition 345
Round trip time was 32.667 milliseconds in repetition 346
Round trip time was 30.880 milliseconds in repetition 347
Round trip time was 31.744 milliseconds in repetition 348
Round trip time was 31.320 milliseconds in repetition 349
Round trip time was 36.411 milliseconds in repetition 350
Round trip time was 35.264 milliseconds in repetition 351
Round trip time was 37.127 milliseconds in repetition 352
Round trip time was 36.583 milliseconds in repetition 353
Round trip time was 29.832 milliseconds in repetition 354
Round trip time was 33.722 milliseconds in repetition 355
Round trip time was 29.417 milliseconds in repetition 356
Round trip time was 31.418 milliseconds in repetition 357
Round trip time was 28.470 milliseconds in repetition 358
Round trip time was 30.574 milliseconds in repetition 359
Round trip time was 30.996 milliseconds in repetition 360
Round trip time was 28.174 milliseconds in repetition 361
Round trip time was 30.038 milliseconds in repetition 362
Round trip time was 25.880 milliseconds in repetition 363
Round trip time was 34.346 milliseconds in repetition 364
Round trip time was 28.942 milliseconds in repetition 365
Round trip time was 32.006 milliseconds in repetition 366
Round trip time was 29.581 milliseconds in repetition 367
Round trip time was 34.410 milliseconds in repetition 368
Round trip time was 30.510 milliseconds in repetition 369
Round trip time was 27.490 milliseconds in repetition 370
Round trip time was 27.413 milliseconds in repetition 371
Round trip time was 33.528 milliseconds in repetition 372
Round trip time was 31.341 milliseconds in repetition 373
Round trip time was 27.235 milliseconds in repetition 374
Round trip time was 39.527 milliseconds in repetition 375
Round trip time was 30.015 milliseconds in repetition 376
Round trip time was 30.633 milliseconds in repetition 377
Round trip time was 29.981 milliseconds in repetition 378
Round trip time was 32.316 milliseconds in repetition 379
Round trip time was 30.879 milliseconds in repetition 380
Round trip time was 29.990 milliseconds in repetition 381
Round trip time was 27.333 milliseconds in repetition 382
Round trip time was 28.869 milliseconds in repetition 383
Round trip time was 27.390 milliseconds in repetition 384
Round trip time was 28.586 milliseconds in repetition 385
Round trip time was 32.189 milliseconds in repetition 386
Round trip time was 29.966 milliseconds in repetition 387
Round trip time was 27.001 milliseconds in repetition 388
Round trip time was 30.006 milliseconds in repetition 389
Round trip time was 30.204 milliseconds in repetition 390
Round trip time was 30.599 milliseconds in repetition 391
Round trip time was 31.111 milliseconds in repetition 392
Round trip time was 36.902 milliseconds in repetition 393
Round trip time was 31.344 milliseconds in repetition 394
Round trip time was 27.598 milliseconds in repetition 395
Round trip time was 36.421 milliseconds in repetition 396
Round trip time was 36.399 milliseconds in repetition 397
Round trip time was 30.519 milliseconds in repetition 398
Round trip time was 31.484 milliseconds in repetition 399
Round trip time was 29.841 milliseconds in repetition 400
Round trip time was 28.495 milliseconds in repetition 401
Round trip time was 31.265 milliseconds in repetition 402
Round trip time was 24.590 milliseconds in repetition 403
Round trip time was 33.281 milliseconds in repetition 404
Round trip time was 26.958 milliseconds in repetition 405
Round trip time was 30.314 milliseconds in repetition 406
Round trip time was 29.622 milliseconds in repetition 407
Round trip time was 65.402 milliseconds in repetition 408
Round trip time was 25.274 milliseconds in repetition 409
Round trip time was 27.764 milliseconds in repetition 410
Round trip time was 31.818 milliseconds in repetition 411
Round trip time was 30.266 milliseconds in repetition 412
Round trip time was 34.311 milliseconds in repetition 413
Round trip time was 30.241 milliseconds in repetition 414
Round trip time was 29.210 milliseconds in repetition 415
Round trip time was 28.083 milliseconds in repetition 416
Round trip time was 31.369 milliseconds in repetition 417
Round trip time was 29.040 milliseconds in repetition 418
Round trip time was 31.504 milliseconds in repetition 419
Round trip time was 34.199 milliseconds in repetition 420
Round trip time was 28.807 milliseconds in repetition 421
Round trip time was 36.034 milliseconds in repetition 422
Round trip time was 28.417 milliseconds in repetition 423
Round trip time was 28.195 milliseconds in repetition 424
Round trip time was 32.603 milliseconds in repetition 425
Round trip time was 32.934 milliseconds in repetition 426
Round trip time was 29.121 milliseconds in repetition 427
Round trip time was 29.805 milliseconds in repetition 428
Round trip time was 37.469 milliseconds in repetition 429
Round trip time was 55.541 milliseconds in repetition 430
Round trip time was 31.855 milliseconds in repetition 431
Round trip time was 30.120 milliseconds in repetition 432
Round trip time was 27.549 milliseconds in repetition 433
Round trip time was 32.160 milliseconds in repetition 434
Round trip time was 27.453 milliseconds in repetition 435
Round trip time was 30.831 milliseconds in repetition 436
Round trip time was 39.168 milliseconds in repetition 437
Round trip time was 39.216 milliseconds in repetition 438
Round trip time was 34.187 milliseconds in repetition 439
Round trip time was 29.428 milliseconds in repetition 440
Round trip time was 27.584 milliseconds in repetition 441
Round trip time was 27.829 milliseconds in repetition 442
Round trip time was 29.897 milliseconds in repetition 443
Round trip time was 29.818 milliseconds in repetition 444
Round trip time was 26.509 milliseconds in repetition 445
Round trip time was 33.116 milliseconds in repetition 446
Round trip time was 31.106 milliseconds in repetition 447
Round trip time was 36.221 milliseconds in repetition 448
Round trip time was 27.582 milliseconds in repetition 449
Round trip time was 39.113 milliseconds in repetition 450
Round trip time was 33.538 milliseconds in repetition 451
Round trip time was 29.584 milliseconds in repetition 452
Round trip time was 29.959 milliseconds in repetition 453
Round trip time was 33.138 milliseconds in repetition 454
Round trip time was 27.513 milliseconds in repetition 455
Round trip time was 31.082 milliseconds in repetition 456
Round trip time was 31.417 milliseconds in repetition 457
Round trip time was 28.125 milliseconds in repetition 458
Round trip time was 32.196 milliseconds in repetition 459
Round trip time was 31.337 milliseconds in repetition 460
Round trip time was 30.593 milliseconds in repetition 461
Round trip time was 28.393 milliseconds in repetition 462
Round trip time was 29.050 milliseconds in repetition 463
Round trip time was 31.207 milliseconds in repetition 464
Round trip time was 27.329 milliseconds in repetition 465
Round trip time was 28.489 milliseconds in repetition 466
Round trip time was 27.323 milliseconds in repetition 467
Round trip time was 29.518 milliseconds in repetition 468
Round trip time was 29.154 milliseconds in repetition 469
Round trip time was 30.948 milliseconds in repetition 470
Round trip time was 30.860 milliseconds in repetition 471
Round trip time was 27.434 milliseconds in repetition 472
Round trip time was 30.099 milliseconds in repetition 473
Round trip time was 26.550 milliseconds in repetition 474
Round trip time was 30.646 milliseconds in repetition 475
Round trip time was 29.011 milliseconds in repetition 476
Round trip time was 33.974 milliseconds in repetition 477
Round trip time was 26.727 milliseconds in repetition 478
Round trip time was 29.804 milliseconds in repetition 479
Round trip time was 27.617 milliseconds in repetition 480
Round trip time was 36.105 milliseconds in repetition 481
Round trip time was 29.141 milliseconds in repetition 482
Round trip time was 30.262 milliseconds in repetition 483
Round trip time was 29.475 milliseconds in repetition 484
Round trip time was 34.229 milliseconds in repetition 485
Round trip time was 30.629 milliseconds in repetition 486
Round trip time was 33.015 milliseconds in repetition 487
Round trip time was 36.279 milliseconds in repetition 488
Round trip time was 33.245 milliseconds in repetition 489
Round trip time was 30.392 milliseconds in repetition 490
Round trip time was 31.377 milliseconds in repetition 491
Round trip time was 33.344 milliseconds in repetition 492
Round trip time was 29.492 milliseconds in repetition 493
Round trip time was 35.312 milliseconds in repetition 494
Round trip time was 27.786 milliseconds in repetition 495
Round trip time was 31.978 milliseconds in repetition 496
Round trip time was 30.310 milliseconds in repetition 497
Round trip time was 26.599 milliseconds in repetition 498
Round trip time was 28.021 milliseconds in repetition 499
Round trip time was 32.807 milliseconds in repetition 500
Round trip time was 32.603 milliseconds in repetition 501

 ... clock resolution was 1e-06
UDP Ping:  Statistics over 501 repetitions of 128 byte messages

RTT : percentile 10: 27.5724, median: 30.6497, percentile 90: 37.5146, average: 32.1333, variance: 39.6112

RTT histogram:
24.1437 14
28.9546 278
33.7655 143
38.5764 42
43.3873 11
48.1982 5
53.009 3
57.8199 3
62.6308 0
67.4417 1
72.2526 0
77.0635 0
81.8743 0
86.6852 0
91.4961 0
96.307 0
101.118 0
105.929 0
110.74 0
115.551 0
120.361 1

   median Throughput : 8.35244 KB/s   overall Throughput : 7.96682 KB/s

