UDP Ping trying to connect to server seti.dibris.unige.it (130.251.61.30) on TCP port 1491
 ... connected to Pong server: asking for 501 repetitions of 48 _bytes UDP messages
 ... Pong server agreed to ping-pong using port 51280 :-)
Round trip time was 31.931 milliseconds in repetition 1
Round trip time was 26.360 milliseconds in repetition 2
Round trip time was 33.480 milliseconds in repetition 3
Round trip time was 28.109 milliseconds in repetition 4
Round trip time was 35.390 milliseconds in repetition 5
Round trip time was 33.784 milliseconds in repetition 6
Round trip time was 38.608 milliseconds in repetition 7
Round trip time was 31.228 milliseconds in repetition 8
Round trip time was 28.283 milliseconds in repetition 9
Round trip time was 31.213 milliseconds in repetition 10
Round trip time was 31.284 milliseconds in repetition 11
Round trip time was 28.369 milliseconds in repetition 12
Round trip time was 32.190 milliseconds in repetition 13
Round trip time was 28.413 milliseconds in repetition 14
Round trip time was 27.880 milliseconds in repetition 15
Round trip time was 28.432 milliseconds in repetition 16
Round trip time was 36.255 milliseconds in repetition 17
Round trip time was 28.697 milliseconds in repetition 18
Round trip time was 39.888 milliseconds in repetition 19
Round trip time was 30.519 milliseconds in repetition 20
Round trip time was 29.391 milliseconds in repetition 21
Round trip time was 26.200 milliseconds in repetition 22
Round trip time was 30.235 milliseconds in repetition 23
Round trip time was 31.696 milliseconds in repetition 24
Round trip time was 29.295 milliseconds in repetition 25
Round trip time was 30.538 milliseconds in repetition 26
Round trip time was 36.529 milliseconds in repetition 27
Round trip time was 27.734 milliseconds in repetition 28
Round trip time was 25.310 milliseconds in repetition 29
Round trip time was 25.014 milliseconds in repetition 30
Round trip time was 33.237 milliseconds in repetition 31
Round trip time was 28.787 milliseconds in repetition 32
Round trip time was 33.613 milliseconds in repetition 33
Round trip time was 31.612 milliseconds in repetition 34
Round trip time was 38.725 milliseconds in repetition 35
Round trip time was 40.793 milliseconds in repetition 36
Round trip time was 35.646 milliseconds in repetition 37
Round trip time was 35.146 milliseconds in repetition 38
Round trip time was 30.985 milliseconds in repetition 39
Round trip time was 30.337 milliseconds in repetition 40
Round trip time was 29.067 milliseconds in repetition 41
Round trip time was 26.263 milliseconds in repetition 42
Round trip time was 28.348 milliseconds in repetition 43
Round trip time was 32.004 milliseconds in repetition 44
Round trip time was 27.345 milliseconds in repetition 45
Round trip time was 30.285 milliseconds in repetition 46
Round trip time was 29.201 milliseconds in repetition 47
Round trip time was 30.098 milliseconds in repetition 48
Round trip time was 36.231 milliseconds in repetition 49
Round trip time was 27.300 milliseconds in repetition 50
Round trip time was 26.388 milliseconds in repetition 51
Round trip time was 32.272 milliseconds in repetition 52
Round trip time was 41.384 milliseconds in repetition 53
Round trip time was 33.287 milliseconds in repetition 54
Round trip time was 28.059 milliseconds in repetition 55
Round trip time was 40.348 milliseconds in repetition 56
Round trip time was 39.438 milliseconds in repetition 57
Round trip time was 30.742 milliseconds in repetition 58
Round trip time was 32.218 milliseconds in repetition 59
Round trip time was 31.971 milliseconds in repetition 60
Round trip time was 30.516 milliseconds in repetition 61
Round trip time was 37.598 milliseconds in repetition 62
Round trip time was 41.249 milliseconds in repetition 63
Round trip time was 33.901 milliseconds in repetition 64
Round trip time was 26.399 milliseconds in repetition 65
Round trip time was 27.448 milliseconds in repetition 66
Round trip time was 37.016 milliseconds in repetition 67
Round trip time was 50.876 milliseconds in repetition 68
Round trip time was 29.201 milliseconds in repetition 69
Round trip time was 33.827 milliseconds in repetition 70
Round trip time was 44.651 milliseconds in repetition 71
Round trip time was 34.134 milliseconds in repetition 72
Round trip time was 30.719 milliseconds in repetition 73
Round trip time was 33.945 milliseconds in repetition 74
Round trip time was 35.232 milliseconds in repetition 75
Round trip time was 33.028 milliseconds in repetition 76
Round trip time was 36.871 milliseconds in repetition 77
Round trip time was 35.457 milliseconds in repetition 78
Round trip time was 30.044 milliseconds in repetition 79
Round trip time was 25.283 milliseconds in repetition 80
Round trip time was 30.799 milliseconds in repetition 81
Round trip time was 28.210 milliseconds in repetition 82
Round trip time was 27.527 milliseconds in repetition 83
Round trip time was 27.639 milliseconds in repetition 84
Round trip time was 35.633 milliseconds in repetition 85
Round trip time was 33.928 milliseconds in repetition 86
Round trip time was 31.375 milliseconds in repetition 87
Round trip time was 34.546 milliseconds in repetition 88
Round trip time was 24.198 milliseconds in repetition 89
Round trip time was 28.307 milliseconds in repetition 90
Round trip time was 29.674 milliseconds in repetition 91
Round trip time was 29.344 milliseconds in repetition 92
Round trip time was 29.735 milliseconds in repetition 93
Round trip time was 29.084 milliseconds in repetition 94
Round trip time was 26.896 milliseconds in repetition 95
Round trip time was 27.342 milliseconds in repetition 96
Round trip time was 27.156 milliseconds in repetition 97
Round trip time was 24.339 milliseconds in repetition 98
Round trip time was 33.384 milliseconds in repetition 99
Round trip time was 31.943 milliseconds in repetition 100
Round trip time was 29.705 milliseconds in repetition 101
Round trip time was 30.969 milliseconds in repetition 102
Round trip time was 32.986 milliseconds in repetition 103
Round trip time was 39.843 milliseconds in repetition 104
Round trip time was 38.788 milliseconds in repetition 105
Round trip time was 42.149 milliseconds in repetition 106
Round trip time was 35.906 milliseconds in repetition 107
Round trip time was 37.733 milliseconds in repetition 108
Round trip time was 32.140 milliseconds in repetition 109
Round trip time was 29.556 milliseconds in repetition 110
Round trip time was 34.613 milliseconds in repetition 111
Round trip time was 31.251 milliseconds in repetition 112
Round trip time was 30.521 milliseconds in repetition 113
Round trip time was 32.694 milliseconds in repetition 114
Round trip time was 31.222 milliseconds in repetition 115
Round trip time was 29.407 milliseconds in repetition 116
Round trip time was 27.740 milliseconds in repetition 117
Round trip time was 28.025 milliseconds in repetition 118
Round trip time was 31.783 milliseconds in repetition 119
Round trip time was 29.054 milliseconds in repetition 120
Round trip time was 30.367 milliseconds in repetition 121
Round trip time was 30.837 milliseconds in repetition 122
Round trip time was 27.023 milliseconds in repetition 123
Round trip time was 31.010 milliseconds in repetition 124
Round trip time was 29.888 milliseconds in repetition 125
Round trip time was 26.284 milliseconds in repetition 126
Round trip time was 33.059 milliseconds in repetition 127
Round trip time was 29.701 milliseconds in repetition 128
Round trip time was 28.304 milliseconds in repetition 129
Round trip time was 27.308 milliseconds in repetition 130
Round trip time was 26.328 milliseconds in repetition 131
Round trip time was 31.145 milliseconds in repetition 132
Round trip time was 29.570 milliseconds in repetition 133
Round trip time was 26.978 milliseconds in repetition 134
Round trip time was 32.679 milliseconds in repetition 135
Round trip time was 29.772 milliseconds in repetition 136

 ... received 0 bytes instead of 48 (lost count = 1); re-trying ...
 ... re-trying ...
Round trip time was 28.301 milliseconds in repetition 137
Round trip time was 34.405 milliseconds in repetition 138
Round trip time was 30.247 milliseconds in repetition 139
Round trip time was 27.628 milliseconds in repetition 140
Round trip time was 37.386 milliseconds in repetition 141
Round trip time was 32.116 milliseconds in repetition 142
Round trip time was 29.693 milliseconds in repetition 143
Round trip time was 25.260 milliseconds in repetition 144
Round trip time was 29.987 milliseconds in repetition 145
Round trip time was 32.074 milliseconds in repetition 146
Round trip time was 33.997 milliseconds in repetition 147
Round trip time was 29.847 milliseconds in repetition 148
Round trip time was 32.007 milliseconds in repetition 149
Round trip time was 40.296 milliseconds in repetition 150
Round trip time was 29.217 milliseconds in repetition 151
Round trip time was 27.305 milliseconds in repetition 152
Round trip time was 32.985 milliseconds in repetition 153
Round trip time was 29.702 milliseconds in repetition 154
Round trip time was 30.352 milliseconds in repetition 155
Round trip time was 31.489 milliseconds in repetition 156
Round trip time was 32.442 milliseconds in repetition 157
Round trip time was 25.794 milliseconds in repetition 158
Round trip time was 25.615 milliseconds in repetition 159

 ... received 0 bytes instead of 48 (lost count = 1); re-trying ...
 ... re-trying ...
Round trip time was 26.673 milliseconds in repetition 160
Round trip time was 32.211 milliseconds in repetition 161
Round trip time was 30.140 milliseconds in repetition 162
Round trip time was 36.777 milliseconds in repetition 163
Round trip time was 32.030 milliseconds in repetition 164
Round trip time was 33.475 milliseconds in repetition 165
Round trip time was 27.375 milliseconds in repetition 166
Round trip time was 31.894 milliseconds in repetition 167
Round trip time was 30.554 milliseconds in repetition 168
Round trip time was 25.219 milliseconds in repetition 169
Round trip time was 28.234 milliseconds in repetition 170
Round trip time was 30.644 milliseconds in repetition 171
Round trip time was 28.589 milliseconds in repetition 172
Round trip time was 35.692 milliseconds in repetition 173
Round trip time was 42.342 milliseconds in repetition 174
Round trip time was 34.716 milliseconds in repetition 175
Round trip time was 29.393 milliseconds in repetition 176
Round trip time was 38.046 milliseconds in repetition 177
Round trip time was 32.342 milliseconds in repetition 178
Round trip time was 39.505 milliseconds in repetition 179
Round trip time was 31.756 milliseconds in repetition 180
Round trip time was 33.883 milliseconds in repetition 181
Round trip time was 25.105 milliseconds in repetition 182
Round trip time was 31.824 milliseconds in repetition 183
Round trip time was 28.351 milliseconds in repetition 184
Round trip time was 35.801 milliseconds in repetition 185
Round trip time was 31.399 milliseconds in repetition 186
Round trip time was 30.573 milliseconds in repetition 187
Round trip time was 31.217 milliseconds in repetition 188
Round trip time was 25.126 milliseconds in repetition 189
Round trip time was 27.833 milliseconds in repetition 190
Round trip time was 29.075 milliseconds in repetition 191

 ... received 0 bytes instead of 48 (lost count = 1); re-trying ...
 ... re-trying ...
Round trip time was 33.883 milliseconds in repetition 192
Round trip time was 31.062 milliseconds in repetition 193
Round trip time was 30.805 milliseconds in repetition 194
Round trip time was 27.180 milliseconds in repetition 195
Round trip time was 31.888 milliseconds in repetition 196
Round trip time was 30.561 milliseconds in repetition 197

 ... received 0 bytes instead of 48 (lost count = 1); re-trying ...
 ... re-trying ...
Round trip time was 32.574 milliseconds in repetition 198
Round trip time was 26.980 milliseconds in repetition 199
Round trip time was 31.489 milliseconds in repetition 200
Round trip time was 29.435 milliseconds in repetition 201
Round trip time was 24.651 milliseconds in repetition 202
Round trip time was 35.765 milliseconds in repetition 203
Round trip time was 29.832 milliseconds in repetition 204
Round trip time was 30.925 milliseconds in repetition 205
Round trip time was 24.450 milliseconds in repetition 206
Round trip time was 37.607 milliseconds in repetition 207
Round trip time was 31.107 milliseconds in repetition 208
Round trip time was 34.178 milliseconds in repetition 209
Round trip time was 32.369 milliseconds in repetition 210
Round trip time was 33.161 milliseconds in repetition 211
Round trip time was 31.797 milliseconds in repetition 212
Round trip time was 31.651 milliseconds in repetition 213
Round trip time was 33.609 milliseconds in repetition 214
Round trip time was 27.149 milliseconds in repetition 215
Round trip time was 25.660 milliseconds in repetition 216
Round trip time was 34.699 milliseconds in repetition 217
Round trip time was 27.047 milliseconds in repetition 218
Round trip time was 37.696 milliseconds in repetition 219
Round trip time was 34.861 milliseconds in repetition 220
Round trip time was 27.532 milliseconds in repetition 221
Round trip time was 27.447 milliseconds in repetition 222
Round trip time was 31.097 milliseconds in repetition 223
Round trip time was 38.392 milliseconds in repetition 224
Round trip time was 28.767 milliseconds in repetition 225
Round trip time was 33.665 milliseconds in repetition 226
Round trip time was 27.989 milliseconds in repetition 227
Round trip time was 30.145 milliseconds in repetition 228
Round trip time was 32.868 milliseconds in repetition 229
Round trip time was 26.449 milliseconds in repetition 230
Round trip time was 26.049 milliseconds in repetition 231
Round trip time was 34.333 milliseconds in repetition 232
Round trip time was 32.948 milliseconds in repetition 233
Round trip time was 27.663 milliseconds in repetition 234
Round trip time was 27.667 milliseconds in repetition 235
Round trip time was 29.391 milliseconds in repetition 236
Round trip time was 30.258 milliseconds in repetition 237
Round trip time was 27.285 milliseconds in repetition 238
Round trip time was 32.032 milliseconds in repetition 239
Round trip time was 31.985 milliseconds in repetition 240
Round trip time was 31.442 milliseconds in repetition 241
Round trip time was 26.232 milliseconds in repetition 242
Round trip time was 30.862 milliseconds in repetition 243
Round trip time was 30.169 milliseconds in repetition 244
Round trip time was 29.471 milliseconds in repetition 245
Round trip time was 29.565 milliseconds in repetition 246

 ... received 0 bytes instead of 48 (lost count = 1); re-trying ...
 ... re-trying ...
Round trip time was 28.453 milliseconds in repetition 247
Round trip time was 31.585 milliseconds in repetition 248
Round trip time was 31.301 milliseconds in repetition 249
Round trip time was 31.451 milliseconds in repetition 250
Round trip time was 28.409 milliseconds in repetition 251
Round trip time was 29.097 milliseconds in repetition 252
Round trip time was 30.342 milliseconds in repetition 253
Round trip time was 26.635 milliseconds in repetition 254
Round trip time was 30.310 milliseconds in repetition 255
Round trip time was 25.217 milliseconds in repetition 256
Round trip time was 33.459 milliseconds in repetition 257
Round trip time was 29.928 milliseconds in repetition 258
Round trip time was 31.713 milliseconds in repetition 259
Round trip time was 30.136 milliseconds in repetition 260
Round trip time was 29.988 milliseconds in repetition 261
Round trip time was 27.461 milliseconds in repetition 262
Round trip time was 32.066 milliseconds in repetition 263
Round trip time was 27.982 milliseconds in repetition 264
Round trip time was 32.707 milliseconds in repetition 265
Round trip time was 30.457 milliseconds in repetition 266
Round trip time was 25.984 milliseconds in repetition 267
Round trip time was 34.356 milliseconds in repetition 268
Round trip time was 31.442 milliseconds in repetition 269
Round trip time was 32.666 milliseconds in repetition 270
Round trip time was 30.046 milliseconds in repetition 271
Round trip time was 24.732 milliseconds in repetition 272
Round trip time was 30.087 milliseconds in repetition 273
Round trip time was 29.772 milliseconds in repetition 274
Round trip time was 32.550 milliseconds in repetition 275
Round trip time was 29.567 milliseconds in repetition 276
Round trip time was 29.724 milliseconds in repetition 277
Round trip time was 27.544 milliseconds in repetition 278
Round trip time was 28.372 milliseconds in repetition 279
Round trip time was 28.875 milliseconds in repetition 280
Round trip time was 28.509 milliseconds in repetition 281
Round trip time was 28.781 milliseconds in repetition 282
Round trip time was 30.302 milliseconds in repetition 283
Round trip time was 25.041 milliseconds in repetition 284
Round trip time was 40.456 milliseconds in repetition 285
Round trip time was 24.198 milliseconds in repetition 286
Round trip time was 27.651 milliseconds in repetition 287
Round trip time was 29.251 milliseconds in repetition 288
Round trip time was 38.442 milliseconds in repetition 289
Round trip time was 31.995 milliseconds in repetition 290
Round trip time was 27.540 milliseconds in repetition 291
Round trip time was 31.924 milliseconds in repetition 292
Round trip time was 25.712 milliseconds in repetition 293
Round trip time was 29.612 milliseconds in repetition 294
Round trip time was 30.514 milliseconds in repetition 295

 ... received 0 bytes instead of 48 (lost count = 1); re-trying ...
 ... re-trying ...
Round trip time was 26.944 milliseconds in repetition 296
Round trip time was 29.066 milliseconds in repetition 297
Round trip time was 31.303 milliseconds in repetition 298
Round trip time was 36.733 milliseconds in repetition 299
Round trip time was 44.553 milliseconds in repetition 300
Round trip time was 40.527 milliseconds in repetition 301
Round trip time was 49.061 milliseconds in repetition 302
Round trip time was 28.630 milliseconds in repetition 303
Round trip time was 29.808 milliseconds in repetition 304
Round trip time was 28.876 milliseconds in repetition 305
Round trip time was 31.754 milliseconds in repetition 306
Round trip time was 24.347 milliseconds in repetition 307
Round trip time was 29.091 milliseconds in repetition 308
Round trip time was 29.617 milliseconds in repetition 309
Round trip time was 28.695 milliseconds in repetition 310
Round trip time was 33.172 milliseconds in repetition 311
Round trip time was 53.249 milliseconds in repetition 312
Round trip time was 36.711 milliseconds in repetition 313
Round trip time was 30.929 milliseconds in repetition 314
Round trip time was 29.020 milliseconds in repetition 315
Round trip time was 35.788 milliseconds in repetition 316
Round trip time was 30.722 milliseconds in repetition 317
Round trip time was 36.320 milliseconds in repetition 318
Round trip time was 35.449 milliseconds in repetition 319
Round trip time was 36.045 milliseconds in repetition 320
Round trip time was 37.591 milliseconds in repetition 321
Round trip time was 27.235 milliseconds in repetition 322
Round trip time was 32.126 milliseconds in repetition 323

 ... received 0 bytes instead of 48 (lost count = 1); re-trying ...
 ... re-trying ...
Round trip time was 33.557 milliseconds in repetition 324
Round trip time was 23.881 milliseconds in repetition 325
Round trip time was 28.589 milliseconds in repetition 326
Round trip time was 28.476 milliseconds in repetition 327
Round trip time was 25.821 milliseconds in repetition 328

 ... received 0 bytes instead of 48 (lost count = 1); re-trying ...
 ... re-trying ...
Round trip time was 29.092 milliseconds in repetition 329
Round trip time was 30.839 milliseconds in repetition 330
Round trip time was 29.560 milliseconds in repetition 331
Round trip time was 28.258 milliseconds in repetition 332
Round trip time was 24.290 milliseconds in repetition 333
Round trip time was 25.754 milliseconds in repetition 334
Round trip time was 27.535 milliseconds in repetition 335
Round trip time was 30.529 milliseconds in repetition 336
Round trip time was 31.378 milliseconds in repetition 337
Round trip time was 27.796 milliseconds in repetition 338
Round trip time was 32.029 milliseconds in repetition 339
Round trip time was 30.277 milliseconds in repetition 340
Round trip time was 31.368 milliseconds in repetition 341
Round trip time was 30.915 milliseconds in repetition 342
Round trip time was 29.828 milliseconds in repetition 343
Round trip time was 32.788 milliseconds in repetition 344
Round trip time was 28.018 milliseconds in repetition 345
Round trip time was 29.531 milliseconds in repetition 346
Round trip time was 29.890 milliseconds in repetition 347
Round trip time was 28.954 milliseconds in repetition 348
Round trip time was 30.756 milliseconds in repetition 349
Round trip time was 29.922 milliseconds in repetition 350
Round trip time was 27.307 milliseconds in repetition 351
Round trip time was 32.002 milliseconds in repetition 352
Round trip time was 28.676 milliseconds in repetition 353
Round trip time was 29.213 milliseconds in repetition 354
Round trip time was 25.835 milliseconds in repetition 355
Round trip time was 26.891 milliseconds in repetition 356
Round trip time was 30.289 milliseconds in repetition 357
Round trip time was 26.827 milliseconds in repetition 358
Round trip time was 28.337 milliseconds in repetition 359
Round trip time was 26.593 milliseconds in repetition 360
Round trip time was 28.456 milliseconds in repetition 361
Round trip time was 30.277 milliseconds in repetition 362
Round trip time was 24.007 milliseconds in repetition 363
Round trip time was 25.733 milliseconds in repetition 364
Round trip time was 30.661 milliseconds in repetition 365
Round trip time was 26.161 milliseconds in repetition 366
Round trip time was 24.580 milliseconds in repetition 367
Round trip time was 28.206 milliseconds in repetition 368
Round trip time was 30.007 milliseconds in repetition 369
Round trip time was 29.504 milliseconds in repetition 370
Round trip time was 27.249 milliseconds in repetition 371
Round trip time was 28.127 milliseconds in repetition 372
Round trip time was 27.607 milliseconds in repetition 373
Round trip time was 27.025 milliseconds in repetition 374
Round trip time was 30.784 milliseconds in repetition 375
Round trip time was 32.745 milliseconds in repetition 376
Round trip time was 32.192 milliseconds in repetition 377
Round trip time was 33.016 milliseconds in repetition 378
Round trip time was 30.680 milliseconds in repetition 379
Round trip time was 28.496 milliseconds in repetition 380
Round trip time was 30.046 milliseconds in repetition 381
Round trip time was 24.706 milliseconds in repetition 382
Round trip time was 27.293 milliseconds in repetition 383
Round trip time was 27.360 milliseconds in repetition 384
Round trip time was 27.661 milliseconds in repetition 385
Round trip time was 29.845 milliseconds in repetition 386
Round trip time was 27.626 milliseconds in repetition 387
Round trip time was 32.747 milliseconds in repetition 388
Round trip time was 27.166 milliseconds in repetition 389
Round trip time was 34.278 milliseconds in repetition 390
Round trip time was 29.171 milliseconds in repetition 391
Round trip time was 29.474 milliseconds in repetition 392
Round trip time was 27.778 milliseconds in repetition 393
Round trip time was 32.857 milliseconds in repetition 394
Round trip time was 29.067 milliseconds in repetition 395
Round trip time was 29.763 milliseconds in repetition 396
Round trip time was 27.423 milliseconds in repetition 397
Round trip time was 25.300 milliseconds in repetition 398
Round trip time was 24.340 milliseconds in repetition 399
Round trip time was 27.827 milliseconds in repetition 400
Round trip time was 30.192 milliseconds in repetition 401
Round trip time was 27.865 milliseconds in repetition 402
Round trip time was 29.761 milliseconds in repetition 403
Round trip time was 30.264 milliseconds in repetition 404
Round trip time was 32.451 milliseconds in repetition 405
Round trip time was 32.477 milliseconds in repetition 406
Round trip time was 30.217 milliseconds in repetition 407
Round trip time was 23.679 milliseconds in repetition 408
Round trip time was 27.893 milliseconds in repetition 409
Round trip time was 35.423 milliseconds in repetition 410
Round trip time was 34.353 milliseconds in repetition 411
Round trip time was 27.803 milliseconds in repetition 412
Round trip time was 28.923 milliseconds in repetition 413
Round trip time was 28.229 milliseconds in repetition 414
Round trip time was 27.396 milliseconds in repetition 415
Round trip time was 27.957 milliseconds in repetition 416
Round trip time was 29.991 milliseconds in repetition 417
Round trip time was 31.679 milliseconds in repetition 418
Round trip time was 28.843 milliseconds in repetition 419
Round trip time was 36.601 milliseconds in repetition 420
Round trip time was 178.283 milliseconds in repetition 421
Round trip time was 32.541 milliseconds in repetition 422
Round trip time was 31.763 milliseconds in repetition 423
Round trip time was 33.110 milliseconds in repetition 424
Round trip time was 33.358 milliseconds in repetition 425
Round trip time was 37.601 milliseconds in repetition 426
Round trip time was 31.414 milliseconds in repetition 427
Round trip time was 35.206 milliseconds in repetition 428
Round trip time was 31.952 milliseconds in repetition 429
Round trip time was 35.746 milliseconds in repetition 430
Round trip time was 31.259 milliseconds in repetition 431
Round trip time was 29.487 milliseconds in repetition 432
Round trip time was 27.769 milliseconds in repetition 433
Round trip time was 27.930 milliseconds in repetition 434
Round trip time was 32.954 milliseconds in repetition 435
Round trip time was 29.222 milliseconds in repetition 436
Round trip time was 24.569 milliseconds in repetition 437
Round trip time was 30.807 milliseconds in repetition 438
Round trip time was 29.149 milliseconds in repetition 439
Round trip time was 31.064 milliseconds in repetition 440
Round trip time was 30.208 milliseconds in repetition 441
Round trip time was 29.509 milliseconds in repetition 442
Round trip time was 27.163 milliseconds in repetition 443
Round trip time was 30.355 milliseconds in repetition 444
Round trip time was 27.386 milliseconds in repetition 445
Round trip time was 29.248 milliseconds in repetition 446
Round trip time was 29.956 milliseconds in repetition 447
Round trip time was 28.682 milliseconds in repetition 448
Round trip time was 25.408 milliseconds in repetition 449
Round trip time was 27.029 milliseconds in repetition 450
Round trip time was 32.500 milliseconds in repetition 451
Round trip time was 29.215 milliseconds in repetition 452
Round trip time was 27.552 milliseconds in repetition 453
Round trip time was 29.643 milliseconds in repetition 454
Round trip time was 27.787 milliseconds in repetition 455
Round trip time was 41.585 milliseconds in repetition 456
Round trip time was 29.786 milliseconds in repetition 457
Round trip time was 25.973 milliseconds in repetition 458
Round trip time was 27.707 milliseconds in repetition 459
Round trip time was 27.738 milliseconds in repetition 460
Round trip time was 29.308 milliseconds in repetition 461
Round trip time was 24.726 milliseconds in repetition 462
Round trip time was 30.792 milliseconds in repetition 463
Round trip time was 27.427 milliseconds in repetition 464
Round trip time was 27.079 milliseconds in repetition 465
Round trip time was 29.673 milliseconds in repetition 466
Round trip time was 25.533 milliseconds in repetition 467
Round trip time was 30.776 milliseconds in repetition 468
Round trip time was 31.466 milliseconds in repetition 469
Round trip time was 30.316 milliseconds in repetition 470
Round trip time was 34.103 milliseconds in repetition 471
Round trip time was 27.758 milliseconds in repetition 472
Round trip time was 28.482 milliseconds in repetition 473
Round trip time was 26.420 milliseconds in repetition 474
Round trip time was 31.561 milliseconds in repetition 475
Round trip time was 32.101 milliseconds in repetition 476
Round trip time was 29.338 milliseconds in repetition 477
Round trip time was 28.961 milliseconds in repetition 478
Round trip time was 25.236 milliseconds in repetition 479
Round trip time was 27.604 milliseconds in repetition 480
Round trip time was 28.294 milliseconds in repetition 481
Round trip time was 32.084 milliseconds in repetition 482
Round trip time was 25.014 milliseconds in repetition 483
Round trip time was 27.144 milliseconds in repetition 484
Round trip time was 32.030 milliseconds in repetition 485
Round trip time was 27.949 milliseconds in repetition 486
Round trip time was 28.317 milliseconds in repetition 487
Round trip time was 31.658 milliseconds in repetition 488
Round trip time was 27.108 milliseconds in repetition 489
Round trip time was 28.310 milliseconds in repetition 490
Round trip time was 27.227 milliseconds in repetition 491
Round trip time was 29.478 milliseconds in repetition 492
Round trip time was 28.240 milliseconds in repetition 493
Round trip time was 26.632 milliseconds in repetition 494
Round trip time was 30.175 milliseconds in repetition 495
Round trip time was 27.753 milliseconds in repetition 496
Round trip time was 32.349 milliseconds in repetition 497
Round trip time was 27.655 milliseconds in repetition 498
Round trip time was 27.211 milliseconds in repetition 499
Round trip time was 27.075 milliseconds in repetition 500
Round trip time was 27.721 milliseconds in repetition 501

 ... clock resolution was 1e-06
UDP Ping:  Statistics over 501 repetitions of 48 byte messages

RTT : percentile 10: 26.42, median: 29.988, percentile 90: 35.6456, average: 30.8705, variance: 59.1694

RTT histogram:
23.6794 101
31.4096 344
39.1398 50
46.87 3
54.6001 2
62.3303 0
70.0605 0
77.7906 0
85.5208 0
93.251 0
100.981 0
108.711 0
116.442 0
124.172 0
131.902 0
139.632 0
147.362 0
155.092 0
162.823 0
170.553 0
178.283 1

   median Throughput : 3.20129 KB/s   overall Throughput : 3.10976 KB/s

