UDP Ping trying to connect to server seti.dibris.unige.it (130.251.61.30) on TCP port 1491
 ... connected to Pong server: asking for 501 repetitions of 1024 _bytes UDP messages
 ... Pong server agreed to ping-pong using port 51280 :-)
Round trip time was 44.527 milliseconds in repetition 1
Round trip time was 30.363 milliseconds in repetition 2
Round trip time was 33.017 milliseconds in repetition 3
Round trip time was 29.214 milliseconds in repetition 4
Round trip time was 31.906 milliseconds in repetition 5
Round trip time was 21.175 milliseconds in repetition 6
Round trip time was 26.187 milliseconds in repetition 7
Round trip time was 29.525 milliseconds in repetition 8
Round trip time was 24.554 milliseconds in repetition 9
Round trip time was 27.473 milliseconds in repetition 10
Round trip time was 30.871 milliseconds in repetition 11
Round trip time was 33.635 milliseconds in repetition 12
Round trip time was 27.300 milliseconds in repetition 13
Round trip time was 31.995 milliseconds in repetition 14
Round trip time was 28.963 milliseconds in repetition 15
Round trip time was 40.053 milliseconds in repetition 16
Round trip time was 34.518 milliseconds in repetition 17
Round trip time was 34.040 milliseconds in repetition 18
Round trip time was 28.608 milliseconds in repetition 19
Round trip time was 25.468 milliseconds in repetition 20
Round trip time was 27.542 milliseconds in repetition 21
Round trip time was 36.055 milliseconds in repetition 22
Round trip time was 28.962 milliseconds in repetition 23
Round trip time was 26.844 milliseconds in repetition 24
Round trip time was 28.102 milliseconds in repetition 25
Round trip time was 33.601 milliseconds in repetition 26
Round trip time was 32.818 milliseconds in repetition 27
Round trip time was 29.737 milliseconds in repetition 28
Round trip time was 25.194 milliseconds in repetition 29
Round trip time was 25.299 milliseconds in repetition 30
Round trip time was 31.304 milliseconds in repetition 31
Round trip time was 24.279 milliseconds in repetition 32
Round trip time was 22.367 milliseconds in repetition 33
Round trip time was 28.713 milliseconds in repetition 34
Round trip time was 30.965 milliseconds in repetition 35
Round trip time was 27.893 milliseconds in repetition 36
Round trip time was 38.965 milliseconds in repetition 37
Round trip time was 27.919 milliseconds in repetition 38
Round trip time was 30.174 milliseconds in repetition 39
Round trip time was 29.130 milliseconds in repetition 40
Round trip time was 24.555 milliseconds in repetition 41
Round trip time was 33.301 milliseconds in repetition 42
Round trip time was 27.433 milliseconds in repetition 43
Round trip time was 44.205 milliseconds in repetition 44
Round trip time was 38.023 milliseconds in repetition 45
Round trip time was 25.929 milliseconds in repetition 46
Round trip time was 34.060 milliseconds in repetition 47
Round trip time was 44.484 milliseconds in repetition 48
Round trip time was 28.777 milliseconds in repetition 49
Round trip time was 27.033 milliseconds in repetition 50
Round trip time was 32.347 milliseconds in repetition 51
Round trip time was 32.126 milliseconds in repetition 52
Round trip time was 31.554 milliseconds in repetition 53
Round trip time was 30.091 milliseconds in repetition 54
Round trip time was 47.163 milliseconds in repetition 55
Round trip time was 27.650 milliseconds in repetition 56
Round trip time was 25.731 milliseconds in repetition 57
Round trip time was 36.734 milliseconds in repetition 58
Round trip time was 39.643 milliseconds in repetition 59
Round trip time was 26.661 milliseconds in repetition 60
Round trip time was 25.874 milliseconds in repetition 61
Round trip time was 23.520 milliseconds in repetition 62
Round trip time was 22.433 milliseconds in repetition 63
Round trip time was 25.174 milliseconds in repetition 64
Round trip time was 24.412 milliseconds in repetition 65
Round trip time was 25.763 milliseconds in repetition 66
Round trip time was 26.099 milliseconds in repetition 67
Round trip time was 23.142 milliseconds in repetition 68
Round trip time was 30.140 milliseconds in repetition 69
Round trip time was 31.854 milliseconds in repetition 70
Round trip time was 26.122 milliseconds in repetition 71
Round trip time was 27.284 milliseconds in repetition 72
Round trip time was 29.417 milliseconds in repetition 73
Round trip time was 26.650 milliseconds in repetition 74
Round trip time was 26.284 milliseconds in repetition 75
Round trip time was 24.389 milliseconds in repetition 76
Round trip time was 30.161 milliseconds in repetition 77
Round trip time was 24.993 milliseconds in repetition 78
Round trip time was 25.816 milliseconds in repetition 79
Round trip time was 27.826 milliseconds in repetition 80
Round trip time was 27.913 milliseconds in repetition 81
Round trip time was 30.836 milliseconds in repetition 82
Round trip time was 26.300 milliseconds in repetition 83
Round trip time was 26.453 milliseconds in repetition 84
Round trip time was 25.655 milliseconds in repetition 85
Round trip time was 28.674 milliseconds in repetition 86
Round trip time was 25.885 milliseconds in repetition 87
Round trip time was 27.994 milliseconds in repetition 88
Round trip time was 26.913 milliseconds in repetition 89
Round trip time was 21.540 milliseconds in repetition 90
Round trip time was 23.380 milliseconds in repetition 91
Round trip time was 27.479 milliseconds in repetition 92
Round trip time was 27.128 milliseconds in repetition 93
Round trip time was 27.921 milliseconds in repetition 94
Round trip time was 182.436 milliseconds in repetition 95
Round trip time was 26.658 milliseconds in repetition 96
Round trip time was 23.448 milliseconds in repetition 97
Round trip time was 31.415 milliseconds in repetition 98
Round trip time was 25.431 milliseconds in repetition 99
Round trip time was 27.754 milliseconds in repetition 100
Round trip time was 24.561 milliseconds in repetition 101
Round trip time was 23.746 milliseconds in repetition 102
Round trip time was 26.959 milliseconds in repetition 103
Round trip time was 25.953 milliseconds in repetition 104
Round trip time was 24.513 milliseconds in repetition 105
Round trip time was 60.891 milliseconds in repetition 106
Round trip time was 23.353 milliseconds in repetition 107
Round trip time was 27.390 milliseconds in repetition 108
Round trip time was 22.704 milliseconds in repetition 109
Round trip time was 25.727 milliseconds in repetition 110
Round trip time was 25.412 milliseconds in repetition 111
Round trip time was 27.309 milliseconds in repetition 112
Round trip time was 25.899 milliseconds in repetition 113
Round trip time was 29.458 milliseconds in repetition 114
Round trip time was 25.627 milliseconds in repetition 115
Round trip time was 24.496 milliseconds in repetition 116
Round trip time was 25.745 milliseconds in repetition 117
Round trip time was 22.361 milliseconds in repetition 118
Round trip time was 29.079 milliseconds in repetition 119
Round trip time was 24.709 milliseconds in repetition 120
Round trip time was 27.319 milliseconds in repetition 121
Round trip time was 27.191 milliseconds in repetition 122
Round trip time was 23.781 milliseconds in repetition 123
Round trip time was 25.767 milliseconds in repetition 124
Round trip time was 28.003 milliseconds in repetition 125
Round trip time was 23.712 milliseconds in repetition 126
Round trip time was 43.916 milliseconds in repetition 127
Round trip time was 34.871 milliseconds in repetition 128
Round trip time was 31.130 milliseconds in repetition 129
Round trip time was 35.807 milliseconds in repetition 130
Round trip time was 36.612 milliseconds in repetition 131
Round trip time was 33.239 milliseconds in repetition 132
Round trip time was 26.181 milliseconds in repetition 133
Round trip time was 28.077 milliseconds in repetition 134
Round trip time was 31.314 milliseconds in repetition 135
Round trip time was 27.991 milliseconds in repetition 136
Round trip time was 30.672 milliseconds in repetition 137
Round trip time was 30.175 milliseconds in repetition 138
Round trip time was 32.300 milliseconds in repetition 139
Round trip time was 35.515 milliseconds in repetition 140
Round trip time was 26.060 milliseconds in repetition 141
Round trip time was 27.286 milliseconds in repetition 142
Round trip time was 22.956 milliseconds in repetition 143
Round trip time was 25.910 milliseconds in repetition 144
Round trip time was 24.464 milliseconds in repetition 145
Round trip time was 24.359 milliseconds in repetition 146
Round trip time was 23.407 milliseconds in repetition 147
Round trip time was 28.414 milliseconds in repetition 148
Round trip time was 26.620 milliseconds in repetition 149
Round trip time was 25.176 milliseconds in repetition 150
Round trip time was 26.187 milliseconds in repetition 151
Round trip time was 33.301 milliseconds in repetition 152
Round trip time was 175.667 milliseconds in repetition 153
Round trip time was 39.259 milliseconds in repetition 154
Round trip time was 27.486 milliseconds in repetition 155
Round trip time was 29.124 milliseconds in repetition 156
Round trip time was 23.695 milliseconds in repetition 157
Round trip time was 24.531 milliseconds in repetition 158
Round trip time was 22.917 milliseconds in repetition 159
Round trip time was 22.241 milliseconds in repetition 160
Round trip time was 25.558 milliseconds in repetition 161
Round trip time was 27.273 milliseconds in repetition 162
Round trip time was 22.474 milliseconds in repetition 163
Round trip time was 30.012 milliseconds in repetition 164
Round trip time was 25.716 milliseconds in repetition 165
Round trip time was 24.018 milliseconds in repetition 166
Round trip time was 22.383 milliseconds in repetition 167
Round trip time was 26.562 milliseconds in repetition 168
Round trip time was 23.428 milliseconds in repetition 169
Round trip time was 22.821 milliseconds in repetition 170
Round trip time was 24.459 milliseconds in repetition 171
Round trip time was 22.372 milliseconds in repetition 172
Round trip time was 22.648 milliseconds in repetition 173
Round trip time was 26.721 milliseconds in repetition 174
Round trip time was 27.635 milliseconds in repetition 175
Round trip time was 29.792 milliseconds in repetition 176
Round trip time was 25.478 milliseconds in repetition 177
Round trip time was 25.007 milliseconds in repetition 178
Round trip time was 34.169 milliseconds in repetition 179
Round trip time was 27.526 milliseconds in repetition 180
Round trip time was 27.815 milliseconds in repetition 181
Round trip time was 28.400 milliseconds in repetition 182
Round trip time was 28.720 milliseconds in repetition 183
Round trip time was 35.250 milliseconds in repetition 184
Round trip time was 23.225 milliseconds in repetition 185
Round trip time was 27.528 milliseconds in repetition 186
Round trip time was 27.384 milliseconds in repetition 187
Round trip time was 27.737 milliseconds in repetition 188
Round trip time was 27.274 milliseconds in repetition 189
Round trip time was 30.001 milliseconds in repetition 190
Round trip time was 28.117 milliseconds in repetition 191
Round trip time was 34.447 milliseconds in repetition 192
Round trip time was 27.471 milliseconds in repetition 193
Round trip time was 27.996 milliseconds in repetition 194
Round trip time was 24.629 milliseconds in repetition 195
Round trip time was 27.467 milliseconds in repetition 196
Round trip time was 24.824 milliseconds in repetition 197
Round trip time was 29.772 milliseconds in repetition 198
Round trip time was 22.436 milliseconds in repetition 199
Round trip time was 22.252 milliseconds in repetition 200
Round trip time was 25.670 milliseconds in repetition 201
Round trip time was 24.851 milliseconds in repetition 202
Round trip time was 22.909 milliseconds in repetition 203
Round trip time was 27.034 milliseconds in repetition 204
Round trip time was 24.408 milliseconds in repetition 205
Round trip time was 26.427 milliseconds in repetition 206
Round trip time was 29.079 milliseconds in repetition 207
Round trip time was 26.975 milliseconds in repetition 208
Round trip time was 30.177 milliseconds in repetition 209
Round trip time was 24.836 milliseconds in repetition 210
Round trip time was 27.495 milliseconds in repetition 211
Round trip time was 33.111 milliseconds in repetition 212
Round trip time was 27.536 milliseconds in repetition 213
Round trip time was 24.854 milliseconds in repetition 214
Round trip time was 24.830 milliseconds in repetition 215
Round trip time was 24.985 milliseconds in repetition 216
Round trip time was 24.765 milliseconds in repetition 217
Round trip time was 30.265 milliseconds in repetition 218
Round trip time was 24.561 milliseconds in repetition 219
Round trip time was 25.730 milliseconds in repetition 220
Round trip time was 26.851 milliseconds in repetition 221
Round trip time was 24.831 milliseconds in repetition 222
Round trip time was 22.208 milliseconds in repetition 223
Round trip time was 28.160 milliseconds in repetition 224
Round trip time was 23.046 milliseconds in repetition 225
Round trip time was 24.003 milliseconds in repetition 226
Round trip time was 28.354 milliseconds in repetition 227
Round trip time was 30.469 milliseconds in repetition 228
Round trip time was 30.111 milliseconds in repetition 229
Round trip time was 25.647 milliseconds in repetition 230
Round trip time was 26.835 milliseconds in repetition 231
Round trip time was 26.760 milliseconds in repetition 232
Round trip time was 30.442 milliseconds in repetition 233
Round trip time was 26.580 milliseconds in repetition 234
Round trip time was 22.376 milliseconds in repetition 235
Round trip time was 24.800 milliseconds in repetition 236
Round trip time was 27.562 milliseconds in repetition 237
Round trip time was 20.332 milliseconds in repetition 238
Round trip time was 22.308 milliseconds in repetition 239
Round trip time was 22.663 milliseconds in repetition 240
Round trip time was 22.803 milliseconds in repetition 241
Round trip time was 25.695 milliseconds in repetition 242
Round trip time was 26.094 milliseconds in repetition 243
Round trip time was 24.918 milliseconds in repetition 244
Round trip time was 25.954 milliseconds in repetition 245
Round trip time was 25.999 milliseconds in repetition 246
Round trip time was 25.510 milliseconds in repetition 247
Round trip time was 25.903 milliseconds in repetition 248
Round trip time was 24.654 milliseconds in repetition 249
Round trip time was 28.122 milliseconds in repetition 250
Round trip time was 27.823 milliseconds in repetition 251
Round trip time was 23.462 milliseconds in repetition 252
Round trip time was 26.200 milliseconds in repetition 253
Round trip time was 23.706 milliseconds in repetition 254
Round trip time was 23.982 milliseconds in repetition 255
Round trip time was 24.452 milliseconds in repetition 256
Round trip time was 30.193 milliseconds in repetition 257
Round trip time was 24.283 milliseconds in repetition 258
Round trip time was 26.722 milliseconds in repetition 259
Round trip time was 22.644 milliseconds in repetition 260
Round trip time was 26.228 milliseconds in repetition 261
Round trip time was 23.490 milliseconds in repetition 262
Round trip time was 28.410 milliseconds in repetition 263
Round trip time was 21.466 milliseconds in repetition 264
Round trip time was 23.719 milliseconds in repetition 265
Round trip time was 24.709 milliseconds in repetition 266
Round trip time was 26.591 milliseconds in repetition 267
Round trip time was 26.935 milliseconds in repetition 268
Round trip time was 27.635 milliseconds in repetition 269
Round trip time was 27.509 milliseconds in repetition 270
Round trip time was 25.546 milliseconds in repetition 271
Round trip time was 23.802 milliseconds in repetition 272
Round trip time was 28.450 milliseconds in repetition 273
Round trip time was 27.424 milliseconds in repetition 274
Round trip time was 23.135 milliseconds in repetition 275
Round trip time was 29.761 milliseconds in repetition 276
Round trip time was 30.183 milliseconds in repetition 277
Round trip time was 23.669 milliseconds in repetition 278
Round trip time was 23.331 milliseconds in repetition 279
Round trip time was 22.867 milliseconds in repetition 280
Round trip time was 23.254 milliseconds in repetition 281
Round trip time was 24.520 milliseconds in repetition 282
Round trip time was 24.243 milliseconds in repetition 283
Round trip time was 29.189 milliseconds in repetition 284
Round trip time was 28.580 milliseconds in repetition 285
Round trip time was 28.153 milliseconds in repetition 286
Round trip time was 27.024 milliseconds in repetition 287
Round trip time was 26.073 milliseconds in repetition 288
Round trip time was 176.017 milliseconds in repetition 289
Round trip time was 27.513 milliseconds in repetition 290
Round trip time was 31.558 milliseconds in repetition 291
Round trip time was 25.222 milliseconds in repetition 292
Round trip time was 24.562 milliseconds in repetition 293
Round trip time was 23.919 milliseconds in repetition 294
Round trip time was 25.018 milliseconds in repetition 295
Round trip time was 24.818 milliseconds in repetition 296
Round trip time was 22.227 milliseconds in repetition 297
Round trip time was 22.741 milliseconds in repetition 298
Round trip time was 25.045 milliseconds in repetition 299
Round trip time was 32.239 milliseconds in repetition 300
Round trip time was 25.466 milliseconds in repetition 301
Round trip time was 24.384 milliseconds in repetition 302
Round trip time was 22.518 milliseconds in repetition 303
Round trip time was 25.908 milliseconds in repetition 304
Round trip time was 21.354 milliseconds in repetition 305
Round trip time was 24.194 milliseconds in repetition 306
Round trip time was 24.033 milliseconds in repetition 307
Round trip time was 21.269 milliseconds in repetition 308
Round trip time was 24.830 milliseconds in repetition 309
Round trip time was 24.836 milliseconds in repetition 310
Round trip time was 25.142 milliseconds in repetition 311
Round trip time was 27.770 milliseconds in repetition 312
Round trip time was 28.161 milliseconds in repetition 313
Round trip time was 25.735 milliseconds in repetition 314
Round trip time was 25.412 milliseconds in repetition 315
Round trip time was 24.693 milliseconds in repetition 316
Round trip time was 28.031 milliseconds in repetition 317
Round trip time was 24.118 milliseconds in repetition 318
Round trip time was 24.285 milliseconds in repetition 319
Round trip time was 26.045 milliseconds in repetition 320
Round trip time was 24.128 milliseconds in repetition 321
Round trip time was 27.750 milliseconds in repetition 322
Round trip time was 25.242 milliseconds in repetition 323
Round trip time was 26.760 milliseconds in repetition 324
Round trip time was 23.655 milliseconds in repetition 325
Round trip time was 24.491 milliseconds in repetition 326
Round trip time was 24.351 milliseconds in repetition 327
Round trip time was 22.852 milliseconds in repetition 328
Round trip time was 28.029 milliseconds in repetition 329
Round trip time was 25.643 milliseconds in repetition 330
Round trip time was 25.963 milliseconds in repetition 331
Round trip time was 26.476 milliseconds in repetition 332
Round trip time was 23.409 milliseconds in repetition 333
Round trip time was 22.727 milliseconds in repetition 334
Round trip time was 21.837 milliseconds in repetition 335
Round trip time was 30.006 milliseconds in repetition 336
Round trip time was 29.257 milliseconds in repetition 337
Round trip time was 30.084 milliseconds in repetition 338
Round trip time was 32.461 milliseconds in repetition 339
Round trip time was 30.586 milliseconds in repetition 340
Round trip time was 28.205 milliseconds in repetition 341
Round trip time was 27.428 milliseconds in repetition 342
Round trip time was 34.319 milliseconds in repetition 343
Round trip time was 29.815 milliseconds in repetition 344
Round trip time was 28.506 milliseconds in repetition 345
Round trip time was 24.148 milliseconds in repetition 346
Round trip time was 26.850 milliseconds in repetition 347
Round trip time was 27.169 milliseconds in repetition 348
Round trip time was 24.320 milliseconds in repetition 349
Round trip time was 22.737 milliseconds in repetition 350
Round trip time was 24.172 milliseconds in repetition 351
Round trip time was 25.196 milliseconds in repetition 352
Round trip time was 34.126 milliseconds in repetition 353
Round trip time was 23.482 milliseconds in repetition 354
Round trip time was 25.419 milliseconds in repetition 355
Round trip time was 27.041 milliseconds in repetition 356
Round trip time was 26.196 milliseconds in repetition 357
Round trip time was 33.249 milliseconds in repetition 358
Round trip time was 33.077 milliseconds in repetition 359
Round trip time was 33.246 milliseconds in repetition 360
Round trip time was 34.776 milliseconds in repetition 361
Round trip time was 33.432 milliseconds in repetition 362
Round trip time was 37.303 milliseconds in repetition 363
Round trip time was 37.240 milliseconds in repetition 364
Round trip time was 42.440 milliseconds in repetition 365
Round trip time was 32.801 milliseconds in repetition 366
Round trip time was 32.762 milliseconds in repetition 367
Round trip time was 37.076 milliseconds in repetition 368
Round trip time was 36.021 milliseconds in repetition 369
Round trip time was 27.022 milliseconds in repetition 370
Round trip time was 22.645 milliseconds in repetition 371
Round trip time was 22.438 milliseconds in repetition 372
Round trip time was 22.785 milliseconds in repetition 373
Round trip time was 25.389 milliseconds in repetition 374
Round trip time was 24.381 milliseconds in repetition 375
Round trip time was 23.485 milliseconds in repetition 376
Round trip time was 26.892 milliseconds in repetition 377
Round trip time was 24.847 milliseconds in repetition 378
Round trip time was 22.443 milliseconds in repetition 379
Round trip time was 25.010 milliseconds in repetition 380
Round trip time was 24.411 milliseconds in repetition 381
Round trip time was 22.708 milliseconds in repetition 382
Round trip time was 22.381 milliseconds in repetition 383
Round trip time was 22.385 milliseconds in repetition 384
Round trip time was 23.187 milliseconds in repetition 385
Round trip time was 24.532 milliseconds in repetition 386
Round trip time was 23.484 milliseconds in repetition 387
Round trip time was 28.990 milliseconds in repetition 388
Round trip time was 22.150 milliseconds in repetition 389
Round trip time was 30.159 milliseconds in repetition 390
Round trip time was 30.107 milliseconds in repetition 391
Round trip time was 26.946 milliseconds in repetition 392
Round trip time was 27.982 milliseconds in repetition 393
Round trip time was 22.687 milliseconds in repetition 394
Round trip time was 24.895 milliseconds in repetition 395
Round trip time was 25.194 milliseconds in repetition 396
Round trip time was 24.480 milliseconds in repetition 397
Round trip time was 22.842 milliseconds in repetition 398
Round trip time was 23.409 milliseconds in repetition 399
Round trip time was 26.519 milliseconds in repetition 400
Round trip time was 25.243 milliseconds in repetition 401
Round trip time was 24.792 milliseconds in repetition 402
Round trip time was 22.382 milliseconds in repetition 403
Round trip time was 27.711 milliseconds in repetition 404
Round trip time was 24.626 milliseconds in repetition 405
Round trip time was 28.321 milliseconds in repetition 406
Round trip time was 27.289 milliseconds in repetition 407
Round trip time was 24.959 milliseconds in repetition 408
Round trip time was 26.450 milliseconds in repetition 409
Round trip time was 25.532 milliseconds in repetition 410
Round trip time was 29.576 milliseconds in repetition 411
Round trip time was 27.432 milliseconds in repetition 412
Round trip time was 28.577 milliseconds in repetition 413
Round trip time was 30.267 milliseconds in repetition 414
Round trip time was 35.605 milliseconds in repetition 415
Round trip time was 26.150 milliseconds in repetition 416
Round trip time was 27.975 milliseconds in repetition 417
Round trip time was 26.777 milliseconds in repetition 418
Round trip time was 29.920 milliseconds in repetition 419
Round trip time was 33.536 milliseconds in repetition 420
Round trip time was 31.221 milliseconds in repetition 421
Round trip time was 24.782 milliseconds in repetition 422
Round trip time was 30.188 milliseconds in repetition 423
Round trip time was 27.657 milliseconds in repetition 424
Round trip time was 29.258 milliseconds in repetition 425
Round trip time was 32.530 milliseconds in repetition 426
Round trip time was 28.492 milliseconds in repetition 427
Round trip time was 29.061 milliseconds in repetition 428
Round trip time was 33.089 milliseconds in repetition 429
Round trip time was 27.350 milliseconds in repetition 430
Round trip time was 29.842 milliseconds in repetition 431
Round trip time was 28.959 milliseconds in repetition 432
Round trip time was 31.043 milliseconds in repetition 433
Round trip time was 31.248 milliseconds in repetition 434
Round trip time was 28.383 milliseconds in repetition 435
Round trip time was 22.292 milliseconds in repetition 436
Round trip time was 25.573 milliseconds in repetition 437
Round trip time was 22.751 milliseconds in repetition 438
Round trip time was 24.876 milliseconds in repetition 439
Round trip time was 21.781 milliseconds in repetition 440
Round trip time was 22.998 milliseconds in repetition 441
Round trip time was 24.835 milliseconds in repetition 442
Round trip time was 22.285 milliseconds in repetition 443
Round trip time was 22.512 milliseconds in repetition 444
Round trip time was 26.094 milliseconds in repetition 445
Round trip time was 27.005 milliseconds in repetition 446
Round trip time was 24.626 milliseconds in repetition 447
Round trip time was 31.169 milliseconds in repetition 448
Round trip time was 35.777 milliseconds in repetition 449
Round trip time was 28.768 milliseconds in repetition 450
Round trip time was 33.460 milliseconds in repetition 451
Round trip time was 25.383 milliseconds in repetition 452
Round trip time was 22.904 milliseconds in repetition 453
Round trip time was 21.769 milliseconds in repetition 454
Round trip time was 22.546 milliseconds in repetition 455
Round trip time was 22.602 milliseconds in repetition 456
Round trip time was 23.392 milliseconds in repetition 457
Round trip time was 25.647 milliseconds in repetition 458
Round trip time was 24.823 milliseconds in repetition 459
Round trip time was 29.536 milliseconds in repetition 460
Round trip time was 24.306 milliseconds in repetition 461
Round trip time was 23.733 milliseconds in repetition 462
Round trip time was 24.210 milliseconds in repetition 463
Round trip time was 34.387 milliseconds in repetition 464
Round trip time was 24.907 milliseconds in repetition 465
Round trip time was 29.659 milliseconds in repetition 466
Round trip time was 26.108 milliseconds in repetition 467
Round trip time was 26.978 milliseconds in repetition 468
Round trip time was 25.418 milliseconds in repetition 469
Round trip time was 29.207 milliseconds in repetition 470
Round trip time was 22.702 milliseconds in repetition 471
Round trip time was 28.289 milliseconds in repetition 472
Round trip time was 26.096 milliseconds in repetition 473
Round trip time was 25.313 milliseconds in repetition 474
Round trip time was 27.029 milliseconds in repetition 475
Round trip time was 25.384 milliseconds in repetition 476
Round trip time was 25.691 milliseconds in repetition 477
Round trip time was 28.922 milliseconds in repetition 478
Round trip time was 28.527 milliseconds in repetition 479
Round trip time was 27.093 milliseconds in repetition 480
Round trip time was 25.388 milliseconds in repetition 481
Round trip time was 36.390 milliseconds in repetition 482
Round trip time was 28.306 milliseconds in repetition 483
Round trip time was 28.042 milliseconds in repetition 484
Round trip time was 26.614 milliseconds in repetition 485
Round trip time was 25.690 milliseconds in repetition 486
Round trip time was 25.998 milliseconds in repetition 487
Round trip time was 23.454 milliseconds in repetition 488
Round trip time was 29.459 milliseconds in repetition 489
Round trip time was 27.844 milliseconds in repetition 490
Round trip time was 31.004 milliseconds in repetition 491
Round trip time was 28.159 milliseconds in repetition 492
Round trip time was 31.017 milliseconds in repetition 493
Round trip time was 31.872 milliseconds in repetition 494
Round trip time was 31.656 milliseconds in repetition 495
Round trip time was 30.887 milliseconds in repetition 496
Round trip time was 24.070 milliseconds in repetition 497
Round trip time was 26.560 milliseconds in repetition 498
Round trip time was 25.752 milliseconds in repetition 499
Round trip time was 28.056 milliseconds in repetition 500
Round trip time was 25.176 milliseconds in repetition 501

 ... clock resolution was 1e-06
UDP Ping:  Statistics over 501 repetitions of 1024 byte messages

RTT : percentile 10: 22.852, median: 26.5907, percentile 90: 33.0765, average: 28.2507, variance: 154.036

RTT histogram:
20.3324 111
28.4376 334
36.5427 46
44.6479 6
52.7531 0
60.8583 1
68.9634 0
77.0686 0
85.1738 0
93.2789 0
101.384 0
109.489 0
117.594 0
125.7 0
133.805 0
141.91 0
150.015 0
158.12 0
166.225 0
174.331 2
182.436 1

   median Throughput : 77.0195 KB/s   overall Throughput : 72.4939 KB/s

