TCP Ping trying to connect to server seti.dibris.unige.it (130.251.61.30) on port 1491
 ... connected to Pong server: asking for 501 repetitions of 128 bytes TCP messages
Received answer: 'OK
'
 ... Pong server agreed :-)
tcp_ping received 128 bytes back
Round trip time was 31.7783 milliseconds in repetition 1
tcp_ping received 128 bytes back
Round trip time was 25.3744 milliseconds in repetition 2
tcp_ping received 128 bytes back
Round trip time was 27.8171 milliseconds in repetition 3
tcp_ping received 128 bytes back
Round trip time was 25.0854 milliseconds in repetition 4
tcp_ping received 128 bytes back
Round trip time was 26.0194 milliseconds in repetition 5
tcp_ping received 128 bytes back
Round trip time was 23.9165 milliseconds in repetition 6
tcp_ping received 128 bytes back
Round trip time was 25.848 milliseconds in repetition 7
tcp_ping received 128 bytes back
Round trip time was 24.8316 milliseconds in repetition 8
tcp_ping received 128 bytes back
Round trip time was 25.8328 milliseconds in repetition 9
tcp_ping received 128 bytes back
Round trip time was 27.3776 milliseconds in repetition 10
tcp_ping received 128 bytes back
Round trip time was 25.1014 milliseconds in repetition 11
tcp_ping received 128 bytes back
Round trip time was 29.6762 milliseconds in repetition 12
tcp_ping received 128 bytes back
Round trip time was 25.1437 milliseconds in repetition 13
tcp_ping received 128 bytes back
Round trip time was 25.2885 milliseconds in repetition 14
tcp_ping received 128 bytes back
Round trip time was 28.6013 milliseconds in repetition 15
tcp_ping received 128 bytes back
Round trip time was 26.1102 milliseconds in repetition 16
tcp_ping received 128 bytes back
Round trip time was 24.7722 milliseconds in repetition 17
tcp_ping received 128 bytes back
Round trip time was 27.9851 milliseconds in repetition 18
tcp_ping received 128 bytes back
Round trip time was 26.2145 milliseconds in repetition 19
tcp_ping received 128 bytes back
Round trip time was 28.3818 milliseconds in repetition 20
tcp_ping received 128 bytes back
Round trip time was 24.583 milliseconds in repetition 21
tcp_ping received 128 bytes back
Round trip time was 27.7622 milliseconds in repetition 22
tcp_ping received 128 bytes back
Round trip time was 25.5897 milliseconds in repetition 23
tcp_ping received 128 bytes back
Round trip time was 27.4838 milliseconds in repetition 24
tcp_ping received 128 bytes back
Round trip time was 29.7501 milliseconds in repetition 25
tcp_ping received 128 bytes back
Round trip time was 32.1282 milliseconds in repetition 26
tcp_ping received 128 bytes back
Round trip time was 24.9303 milliseconds in repetition 27
tcp_ping received 128 bytes back
Round trip time was 27.8463 milliseconds in repetition 28
tcp_ping received 128 bytes back
Round trip time was 25.0514 milliseconds in repetition 29
tcp_ping received 128 bytes back
Round trip time was 25.1668 milliseconds in repetition 30
tcp_ping received 128 bytes back
Round trip time was 30.9818 milliseconds in repetition 31
tcp_ping received 128 bytes back
Round trip time was 25.9392 milliseconds in repetition 32
tcp_ping received 128 bytes back
Round trip time was 24.7839 milliseconds in repetition 33
tcp_ping received 128 bytes back
Round trip time was 34.7352 milliseconds in repetition 34
tcp_ping received 128 bytes back
Round trip time was 24.0898 milliseconds in repetition 35
tcp_ping received 128 bytes back
Round trip time was 30.8248 milliseconds in repetition 36
tcp_ping received 128 bytes back
Round trip time was 27.3388 milliseconds in repetition 37
tcp_ping received 128 bytes back
Round trip time was 33.7579 milliseconds in repetition 38
tcp_ping received 128 bytes back
Round trip time was 22.9016 milliseconds in repetition 39
tcp_ping received 128 bytes back
Round trip time was 22.5741 milliseconds in repetition 40
tcp_ping received 128 bytes back
Round trip time was 23.4152 milliseconds in repetition 41
tcp_ping received 128 bytes back
Round trip time was 26.4274 milliseconds in repetition 42
tcp_ping received 128 bytes back
Round trip time was 24.1818 milliseconds in repetition 43
tcp_ping received 128 bytes back
Round trip time was 26.0492 milliseconds in repetition 44
tcp_ping received 128 bytes back
Round trip time was 24.0112 milliseconds in repetition 45
tcp_ping received 128 bytes back
Round trip time was 26.1977 milliseconds in repetition 46
tcp_ping received 128 bytes back
Round trip time was 23.4534 milliseconds in repetition 47
tcp_ping received 128 bytes back
Round trip time was 25.8108 milliseconds in repetition 48
tcp_ping received 128 bytes back
Round trip time was 29.0809 milliseconds in repetition 49
tcp_ping received 128 bytes back
Round trip time was 33.3604 milliseconds in repetition 50
tcp_ping received 128 bytes back
Round trip time was 24.6211 milliseconds in repetition 51
tcp_ping received 128 bytes back
Round trip time was 23.8512 milliseconds in repetition 52
tcp_ping received 128 bytes back
Round trip time was 25.1785 milliseconds in repetition 53
tcp_ping received 128 bytes back
Round trip time was 24.0524 milliseconds in repetition 54
tcp_ping received 128 bytes back
Round trip time was 26.1928 milliseconds in repetition 55
tcp_ping received 128 bytes back
Round trip time was 24.8268 milliseconds in repetition 56
tcp_ping received 128 bytes back
Round trip time was 28.3931 milliseconds in repetition 57
tcp_ping received 128 bytes back
Round trip time was 27.0634 milliseconds in repetition 58
tcp_ping received 128 bytes back
Round trip time was 23.6289 milliseconds in repetition 59
tcp_ping received 128 bytes back
Round trip time was 28.6573 milliseconds in repetition 60
tcp_ping received 128 bytes back
Round trip time was 23.7772 milliseconds in repetition 61
tcp_ping received 128 bytes back
Round trip time was 23.3536 milliseconds in repetition 62
tcp_ping received 128 bytes back
Round trip time was 26.4326 milliseconds in repetition 63
tcp_ping received 128 bytes back
Round trip time was 25.8529 milliseconds in repetition 64
tcp_ping received 128 bytes back
Round trip time was 23.7206 milliseconds in repetition 65
tcp_ping received 128 bytes back
Round trip time was 25.9085 milliseconds in repetition 66
tcp_ping received 128 bytes back
Round trip time was 25.8726 milliseconds in repetition 67
tcp_ping received 128 bytes back
Round trip time was 26.8928 milliseconds in repetition 68
tcp_ping received 128 bytes back
Round trip time was 36.8066 milliseconds in repetition 69
tcp_ping received 128 bytes back
Round trip time was 41.5444 milliseconds in repetition 70
tcp_ping received 128 bytes back
Round trip time was 24.7714 milliseconds in repetition 71
tcp_ping received 128 bytes back
Round trip time was 25.2821 milliseconds in repetition 72
tcp_ping received 128 bytes back
Round trip time was 23.5119 milliseconds in repetition 73
tcp_ping received 128 bytes back
Round trip time was 28.038 milliseconds in repetition 74
tcp_ping received 128 bytes back
Round trip time was 30.0753 milliseconds in repetition 75
tcp_ping received 128 bytes back
Round trip time was 57.7518 milliseconds in repetition 76
tcp_ping received 128 bytes back
Round trip time was 27.5534 milliseconds in repetition 77
tcp_ping received 128 bytes back
Round trip time was 44.5794 milliseconds in repetition 78
tcp_ping received 128 bytes back
Round trip time was 25.2496 milliseconds in repetition 79
tcp_ping received 128 bytes back
Round trip time was 25.2127 milliseconds in repetition 80
tcp_ping received 128 bytes back
Round trip time was 27.6869 milliseconds in repetition 81
tcp_ping received 128 bytes back
Round trip time was 25.6123 milliseconds in repetition 82
tcp_ping received 128 bytes back
Round trip time was 29.6067 milliseconds in repetition 83
tcp_ping received 128 bytes back
Round trip time was 24.7145 milliseconds in repetition 84
tcp_ping received 128 bytes back
Round trip time was 41.164 milliseconds in repetition 85
tcp_ping received 128 bytes back
Round trip time was 27.9568 milliseconds in repetition 86
tcp_ping received 128 bytes back
Round trip time was 27.2493 milliseconds in repetition 87
tcp_ping received 128 bytes back
Round trip time was 64.4866 milliseconds in repetition 88
tcp_ping received 128 bytes back
Round trip time was 41.2762 milliseconds in repetition 89
tcp_ping received 128 bytes back
Round trip time was 50.8607 milliseconds in repetition 90
tcp_ping received 128 bytes back
Round trip time was 39.7492 milliseconds in repetition 91
tcp_ping received 128 bytes back
Round trip time was 30.0547 milliseconds in repetition 92
tcp_ping received 128 bytes back
Round trip time was 30.0877 milliseconds in repetition 93
tcp_ping received 128 bytes back
Round trip time was 42.8486 milliseconds in repetition 94
tcp_ping received 128 bytes back
Round trip time was 30.4291 milliseconds in repetition 95
tcp_ping received 128 bytes back
Round trip time was 24.0849 milliseconds in repetition 96
tcp_ping received 128 bytes back
Round trip time was 30.7023 milliseconds in repetition 97
tcp_ping received 128 bytes back
Round trip time was 25.5416 milliseconds in repetition 98
tcp_ping received 128 bytes back
Round trip time was 38.6837 milliseconds in repetition 99
tcp_ping received 128 bytes back
Round trip time was 44.9056 milliseconds in repetition 100
tcp_ping received 128 bytes back
Round trip time was 33.6839 milliseconds in repetition 101
tcp_ping received 128 bytes back
Round trip time was 25.947 milliseconds in repetition 102
tcp_ping received 128 bytes back
Round trip time was 23.829 milliseconds in repetition 103
tcp_ping received 128 bytes back
Round trip time was 28.3498 milliseconds in repetition 104
tcp_ping received 128 bytes back
Round trip time was 30.8772 milliseconds in repetition 105
tcp_ping received 128 bytes back
Round trip time was 25.679 milliseconds in repetition 106
tcp_ping received 128 bytes back
Round trip time was 26.6007 milliseconds in repetition 107
tcp_ping received 128 bytes back
Round trip time was 30.6304 milliseconds in repetition 108
tcp_ping received 128 bytes back
Round trip time was 28.5796 milliseconds in repetition 109
tcp_ping received 128 bytes back
Round trip time was 24.7844 milliseconds in repetition 110
tcp_ping received 128 bytes back
Round trip time was 25.6933 milliseconds in repetition 111
tcp_ping received 128 bytes back
Round trip time was 34.5374 milliseconds in repetition 112
tcp_ping received 128 bytes back
Round trip time was 32.0568 milliseconds in repetition 113
tcp_ping received 128 bytes back
Round trip time was 23.3979 milliseconds in repetition 114
tcp_ping received 128 bytes back
Round trip time was 30.2966 milliseconds in repetition 115
tcp_ping received 128 bytes back
Round trip time was 30.4712 milliseconds in repetition 116
tcp_ping received 128 bytes back
Round trip time was 33.2622 milliseconds in repetition 117
tcp_ping received 128 bytes back
Round trip time was 23.8077 milliseconds in repetition 118
tcp_ping received 128 bytes back
Round trip time was 32.0802 milliseconds in repetition 119
tcp_ping received 128 bytes back
Round trip time was 37.8614 milliseconds in repetition 120
tcp_ping received 128 bytes back
Round trip time was 31.2261 milliseconds in repetition 121
tcp_ping received 128 bytes back
Round trip time was 30.2265 milliseconds in repetition 122
tcp_ping received 128 bytes back
Round trip time was 28.7051 milliseconds in repetition 123
tcp_ping received 128 bytes back
Round trip time was 26.7823 milliseconds in repetition 124
tcp_ping received 128 bytes back
Round trip time was 32.1023 milliseconds in repetition 125
tcp_ping received 128 bytes back
Round trip time was 32.0511 milliseconds in repetition 126
tcp_ping received 128 bytes back
Round trip time was 30.6264 milliseconds in repetition 127
tcp_ping received 128 bytes back
Round trip time was 31.0044 milliseconds in repetition 128
tcp_ping received 128 bytes back
Round trip time was 30.5507 milliseconds in repetition 129
tcp_ping received 128 bytes back
Round trip time was 24.7051 milliseconds in repetition 130
tcp_ping received 128 bytes back
Round trip time was 27.5398 milliseconds in repetition 131
tcp_ping received 128 bytes back
Round trip time was 30.891 milliseconds in repetition 132
tcp_ping received 128 bytes back
Round trip time was 24.5045 milliseconds in repetition 133
tcp_ping received 128 bytes back
Round trip time was 30.2499 milliseconds in repetition 134
tcp_ping received 128 bytes back
Round trip time was 29.2866 milliseconds in repetition 135
tcp_ping received 128 bytes back
Round trip time was 32.1609 milliseconds in repetition 136
tcp_ping received 128 bytes back
Round trip time was 28.6364 milliseconds in repetition 137
tcp_ping received 128 bytes back
Round trip time was 48.438 milliseconds in repetition 138
tcp_ping received 128 bytes back
Round trip time was 25.2047 milliseconds in repetition 139
tcp_ping received 128 bytes back
Round trip time was 25.1521 milliseconds in repetition 140
tcp_ping received 128 bytes back
Round trip time was 35.9491 milliseconds in repetition 141
tcp_ping received 128 bytes back
Round trip time was 26.4718 milliseconds in repetition 142
tcp_ping received 128 bytes back
Round trip time was 24.9051 milliseconds in repetition 143
tcp_ping received 128 bytes back
Round trip time was 23.7042 milliseconds in repetition 144
tcp_ping received 128 bytes back
Round trip time was 26.0426 milliseconds in repetition 145
tcp_ping received 128 bytes back
Round trip time was 36.7933 milliseconds in repetition 146
tcp_ping received 128 bytes back
Round trip time was 41.5206 milliseconds in repetition 147
tcp_ping received 128 bytes back
Round trip time was 26.8863 milliseconds in repetition 148
tcp_ping received 128 bytes back
Round trip time was 26.4959 milliseconds in repetition 149
tcp_ping received 128 bytes back
Round trip time was 36.612 milliseconds in repetition 150
tcp_ping received 128 bytes back
Round trip time was 29.1712 milliseconds in repetition 151
tcp_ping received 128 bytes back
Round trip time was 40.3287 milliseconds in repetition 152
tcp_ping received 128 bytes back
Round trip time was 30.2338 milliseconds in repetition 153
tcp_ping received 128 bytes back
Round trip time was 31.0647 milliseconds in repetition 154
tcp_ping received 128 bytes back
Round trip time was 32.3988 milliseconds in repetition 155
tcp_ping received 128 bytes back
Round trip time was 45.5423 milliseconds in repetition 156
tcp_ping received 128 bytes back
Round trip time was 33.5232 milliseconds in repetition 157
tcp_ping received 128 bytes back
Round trip time was 28.427 milliseconds in repetition 158
tcp_ping received 128 bytes back
Round trip time was 31.9718 milliseconds in repetition 159
tcp_ping received 128 bytes back
Round trip time was 54.9479 milliseconds in repetition 160
tcp_ping received 128 bytes back
Round trip time was 27.6031 milliseconds in repetition 161
tcp_ping received 128 bytes back
Round trip time was 26.0368 milliseconds in repetition 162
tcp_ping received 128 bytes back
Round trip time was 24.1324 milliseconds in repetition 163
tcp_ping received 128 bytes back
Round trip time was 24.1581 milliseconds in repetition 164
tcp_ping received 128 bytes back
Round trip time was 26.086 milliseconds in repetition 165
tcp_ping received 128 bytes back
Round trip time was 34.4323 milliseconds in repetition 166
tcp_ping received 128 bytes back
Round trip time was 50.8177 milliseconds in repetition 167
tcp_ping received 128 bytes back
Round trip time was 36.546 milliseconds in repetition 168
tcp_ping received 128 bytes back
Round trip time was 25.5075 milliseconds in repetition 169
tcp_ping received 128 bytes back
Round trip time was 44.6558 milliseconds in repetition 170
tcp_ping received 128 bytes back
Round trip time was 44.7496 milliseconds in repetition 171
tcp_ping received 128 bytes back
Round trip time was 24.4017 milliseconds in repetition 172
tcp_ping received 128 bytes back
Round trip time was 26.317 milliseconds in repetition 173
tcp_ping received 128 bytes back
Round trip time was 26.3323 milliseconds in repetition 174
tcp_ping received 128 bytes back
Round trip time was 24.149 milliseconds in repetition 175
tcp_ping received 128 bytes back
Round trip time was 25.364 milliseconds in repetition 176
tcp_ping received 128 bytes back
Round trip time was 27.0665 milliseconds in repetition 177
tcp_ping received 128 bytes back
Round trip time was 24.2055 milliseconds in repetition 178
tcp_ping received 128 bytes back
Round trip time was 24.5197 milliseconds in repetition 179
tcp_ping received 128 bytes back
Round trip time was 23.9231 milliseconds in repetition 180
tcp_ping received 128 bytes back
Round trip time was 23.6955 milliseconds in repetition 181
tcp_ping received 128 bytes back
Round trip time was 26.0194 milliseconds in repetition 182
tcp_ping received 128 bytes back
Round trip time was 23.8472 milliseconds in repetition 183
tcp_ping received 128 bytes back
Round trip time was 26.4233 milliseconds in repetition 184
tcp_ping received 128 bytes back
Round trip time was 34.1062 milliseconds in repetition 185
tcp_ping received 128 bytes back
Round trip time was 29.1756 milliseconds in repetition 186
tcp_ping received 128 bytes back
Round trip time was 23.582 milliseconds in repetition 187
tcp_ping received 128 bytes back
Round trip time was 31.9058 milliseconds in repetition 188
tcp_ping received 128 bytes back
Round trip time was 23.8109 milliseconds in repetition 189
tcp_ping received 128 bytes back
Round trip time was 47.5209 milliseconds in repetition 190
tcp_ping received 128 bytes back
Round trip time was 27.1318 milliseconds in repetition 191
tcp_ping received 128 bytes back
Round trip time was 24.9954 milliseconds in repetition 192
tcp_ping received 128 bytes back
Round trip time was 28.6399 milliseconds in repetition 193
tcp_ping received 128 bytes back
Round trip time was 43.0007 milliseconds in repetition 194
tcp_ping received 128 bytes back
Round trip time was 23.5147 milliseconds in repetition 195
tcp_ping received 128 bytes back
Round trip time was 36.4304 milliseconds in repetition 196
tcp_ping received 128 bytes back
Round trip time was 32.0031 milliseconds in repetition 197
tcp_ping received 128 bytes back
Round trip time was 35.5068 milliseconds in repetition 198
tcp_ping received 128 bytes back
Round trip time was 32.2692 milliseconds in repetition 199
tcp_ping received 128 bytes back
Round trip time was 26.4376 milliseconds in repetition 200
tcp_ping received 128 bytes back
Round trip time was 35.1498 milliseconds in repetition 201
tcp_ping received 128 bytes back
Round trip time was 31.7697 milliseconds in repetition 202
tcp_ping received 128 bytes back
Round trip time was 25.4411 milliseconds in repetition 203
tcp_ping received 128 bytes back
Round trip time was 30.1256 milliseconds in repetition 204
tcp_ping received 128 bytes back
Round trip time was 26.1383 milliseconds in repetition 205
tcp_ping received 128 bytes back
Round trip time was 34.9137 milliseconds in repetition 206
tcp_ping received 128 bytes back
Round trip time was 25.5845 milliseconds in repetition 207
tcp_ping received 128 bytes back
Round trip time was 35.822 milliseconds in repetition 208
tcp_ping received 128 bytes back
Round trip time was 27.5662 milliseconds in repetition 209
tcp_ping received 128 bytes back
Round trip time was 26.0784 milliseconds in repetition 210
tcp_ping received 128 bytes back
Round trip time was 34.4478 milliseconds in repetition 211
tcp_ping received 128 bytes back
Round trip time was 23.7652 milliseconds in repetition 212
tcp_ping received 128 bytes back
Round trip time was 27.8653 milliseconds in repetition 213
tcp_ping received 128 bytes back
Round trip time was 30.372 milliseconds in repetition 214
tcp_ping received 128 bytes back
Round trip time was 29.4221 milliseconds in repetition 215
tcp_ping received 128 bytes back
Round trip time was 31.0813 milliseconds in repetition 216
tcp_ping received 128 bytes back
Round trip time was 25.2846 milliseconds in repetition 217
tcp_ping received 128 bytes back
Round trip time was 26.7815 milliseconds in repetition 218
tcp_ping received 128 bytes back
Round trip time was 32.1263 milliseconds in repetition 219
tcp_ping received 128 bytes back
Round trip time was 24.8078 milliseconds in repetition 220
tcp_ping received 128 bytes back
Round trip time was 26.0272 milliseconds in repetition 221
tcp_ping received 128 bytes back
Round trip time was 24.4522 milliseconds in repetition 222
tcp_ping received 128 bytes back
Round trip time was 24.8148 milliseconds in repetition 223
tcp_ping received 128 bytes back
Round trip time was 24.4503 milliseconds in repetition 224
tcp_ping received 128 bytes back
Round trip time was 24.7191 milliseconds in repetition 225
tcp_ping received 128 bytes back
Round trip time was 25.6696 milliseconds in repetition 226
tcp_ping received 128 bytes back
Round trip time was 24.4375 milliseconds in repetition 227
tcp_ping received 128 bytes back
Round trip time was 24.5886 milliseconds in repetition 228
tcp_ping received 128 bytes back
Round trip time was 25.0835 milliseconds in repetition 229
tcp_ping received 128 bytes back
Round trip time was 24.838 milliseconds in repetition 230
tcp_ping received 128 bytes back
Round trip time was 26.7575 milliseconds in repetition 231
tcp_ping received 128 bytes back
Round trip time was 25.4244 milliseconds in repetition 232
tcp_ping received 128 bytes back
Round trip time was 29.1268 milliseconds in repetition 233
tcp_ping received 128 bytes back
Round trip time was 24.6906 milliseconds in repetition 234
tcp_ping received 128 bytes back
Round trip time was 26.2973 milliseconds in repetition 235
tcp_ping received 128 bytes back
Round trip time was 25.9271 milliseconds in repetition 236
tcp_ping received 128 bytes back
Round trip time was 24.2764 milliseconds in repetition 237
tcp_ping received 128 bytes back
Round trip time was 24.2974 milliseconds in repetition 238
tcp_ping received 128 bytes back
Round trip time was 27.3211 milliseconds in repetition 239
tcp_ping received 128 bytes back
Round trip time was 24.6986 milliseconds in repetition 240
tcp_ping received 128 bytes back
Round trip time was 23.7354 milliseconds in repetition 241
tcp_ping received 128 bytes back
Round trip time was 25.645 milliseconds in repetition 242
tcp_ping received 128 bytes back
Round trip time was 26.2378 milliseconds in repetition 243
tcp_ping received 128 bytes back
Round trip time was 24.9772 milliseconds in repetition 244
tcp_ping received 128 bytes back
Round trip time was 24.7165 milliseconds in repetition 245
tcp_ping received 128 bytes back
Round trip time was 31.6177 milliseconds in repetition 246
tcp_ping received 128 bytes back
Round trip time was 24.3367 milliseconds in repetition 247
tcp_ping received 128 bytes back
Round trip time was 24.9426 milliseconds in repetition 248
tcp_ping received 128 bytes back
Round trip time was 24.481 milliseconds in repetition 249
tcp_ping received 128 bytes back
Round trip time was 26.2194 milliseconds in repetition 250
tcp_ping received 128 bytes back
Round trip time was 24.8809 milliseconds in repetition 251
tcp_ping received 128 bytes back
Round trip time was 26.8628 milliseconds in repetition 252
tcp_ping received 128 bytes back
Round trip time was 23.5819 milliseconds in repetition 253
tcp_ping received 128 bytes back
Round trip time was 26.8944 milliseconds in repetition 254
tcp_ping received 128 bytes back
Round trip time was 26.1182 milliseconds in repetition 255
tcp_ping received 128 bytes back
Round trip time was 27.3663 milliseconds in repetition 256
tcp_ping received 128 bytes back
Round trip time was 24.3271 milliseconds in repetition 257
tcp_ping received 128 bytes back
Round trip time was 24.9036 milliseconds in repetition 258
tcp_ping received 128 bytes back
Round trip time was 26.1911 milliseconds in repetition 259
tcp_ping received 128 bytes back
Round trip time was 23.8628 milliseconds in repetition 260
tcp_ping received 128 bytes back
Round trip time was 26.6779 milliseconds in repetition 261
tcp_ping received 128 bytes back
Round trip time was 24.4693 milliseconds in repetition 262
tcp_ping received 128 bytes back
Round trip time was 25.7409 milliseconds in repetition 263
tcp_ping received 128 bytes back
Round trip time was 24.8808 milliseconds in repetition 264
tcp_ping received 128 bytes back
Round trip time was 23.9547 milliseconds in repetition 265
tcp_ping received 128 bytes back
Round trip time was 24.0425 milliseconds in repetition 266
tcp_ping received 128 bytes back
Round trip time was 29.3423 milliseconds in repetition 267
tcp_ping received 128 bytes back
Round trip time was 25.2101 milliseconds in repetition 268
tcp_ping received 128 bytes back
Round trip time was 31.17 milliseconds in repetition 269
tcp_ping received 128 bytes back
Round trip time was 23.4456 milliseconds in repetition 270
tcp_ping received 128 bytes back
Round trip time was 23.9778 milliseconds in repetition 271
tcp_ping received 128 bytes back
Round trip time was 25.7049 milliseconds in repetition 272
tcp_ping received 128 bytes back
Round trip time was 23.3429 milliseconds in repetition 273
tcp_ping received 128 bytes back
Round trip time was 26.2327 milliseconds in repetition 274
tcp_ping received 128 bytes back
Round trip time was 23.6524 milliseconds in repetition 275
tcp_ping received 128 bytes back
Round trip time was 24.9028 milliseconds in repetition 276
tcp_ping received 128 bytes back
Round trip time was 25.0078 milliseconds in repetition 277
tcp_ping received 128 bytes back
Round trip time was 25.9268 milliseconds in repetition 278
tcp_ping received 128 bytes back
Round trip time was 26.6405 milliseconds in repetition 279
tcp_ping received 128 bytes back
Round trip time was 24.5691 milliseconds in repetition 280
tcp_ping received 128 bytes back
Round trip time was 23.443 milliseconds in repetition 281
tcp_ping received 128 bytes back
Round trip time was 27.3839 milliseconds in repetition 282
tcp_ping received 128 bytes back
Round trip time was 25.4129 milliseconds in repetition 283
tcp_ping received 128 bytes back
Round trip time was 23.482 milliseconds in repetition 284
tcp_ping received 128 bytes back
Round trip time was 26.4571 milliseconds in repetition 285
tcp_ping received 128 bytes back
Round trip time was 26.9486 milliseconds in repetition 286
tcp_ping received 128 bytes back
Round trip time was 25.9515 milliseconds in repetition 287
tcp_ping received 128 bytes back
Round trip time was 24.4533 milliseconds in repetition 288
tcp_ping received 128 bytes back
Round trip time was 25.0075 milliseconds in repetition 289
tcp_ping received 128 bytes back
Round trip time was 23.7405 milliseconds in repetition 290
tcp_ping received 128 bytes back
Round trip time was 24.8978 milliseconds in repetition 291
tcp_ping received 128 bytes back
Round trip time was 26.1526 milliseconds in repetition 292
tcp_ping received 128 bytes back
Round trip time was 24.0192 milliseconds in repetition 293
tcp_ping received 128 bytes back
Round trip time was 24.5881 milliseconds in repetition 294
tcp_ping received 128 bytes back
Round trip time was 29.2722 milliseconds in repetition 295
tcp_ping received 128 bytes back
Round trip time was 25.301 milliseconds in repetition 296
tcp_ping received 128 bytes back
Round trip time was 28.797 milliseconds in repetition 297
tcp_ping received 128 bytes back
Round trip time was 27.9645 milliseconds in repetition 298
tcp_ping received 128 bytes back
Round trip time was 25.3108 milliseconds in repetition 299
tcp_ping received 128 bytes back
Round trip time was 27.9264 milliseconds in repetition 300
tcp_ping received 128 bytes back
Round trip time was 24.7521 milliseconds in repetition 301
tcp_ping received 128 bytes back
Round trip time was 24.274 milliseconds in repetition 302
tcp_ping received 128 bytes back
Round trip time was 24.7 milliseconds in repetition 303
tcp_ping received 128 bytes back
Round trip time was 26.5504 milliseconds in repetition 304
tcp_ping received 128 bytes back
Round trip time was 23.3174 milliseconds in repetition 305
tcp_ping received 128 bytes back
Round trip time was 25.4522 milliseconds in repetition 306
tcp_ping received 128 bytes back
Round trip time was 24.8451 milliseconds in repetition 307
tcp_ping received 128 bytes back
Round trip time was 28.2572 milliseconds in repetition 308
tcp_ping received 128 bytes back
Round trip time was 24.3026 milliseconds in repetition 309
tcp_ping received 128 bytes back
Round trip time was 25.4344 milliseconds in repetition 310
tcp_ping received 128 bytes back
Round trip time was 24.2543 milliseconds in repetition 311
tcp_ping received 128 bytes back
Round trip time was 23.9515 milliseconds in repetition 312
tcp_ping received 128 bytes back
Round trip time was 24.9779 milliseconds in repetition 313
tcp_ping received 128 bytes back
Round trip time was 26.5448 milliseconds in repetition 314
tcp_ping received 128 bytes back
Round trip time was 30.311 milliseconds in repetition 315
tcp_ping received 128 bytes back
Round trip time was 27.8001 milliseconds in repetition 316
tcp_ping received 128 bytes back
Round trip time was 26.1534 milliseconds in repetition 317
tcp_ping received 128 bytes back
Round trip time was 24.5413 milliseconds in repetition 318
tcp_ping received 128 bytes back
Round trip time was 25.7498 milliseconds in repetition 319
tcp_ping received 128 bytes back
Round trip time was 24.6092 milliseconds in repetition 320
tcp_ping received 128 bytes back
Round trip time was 23.9274 milliseconds in repetition 321
tcp_ping received 128 bytes back
Round trip time was 25.4294 milliseconds in repetition 322
tcp_ping received 128 bytes back
Round trip time was 24.3721 milliseconds in repetition 323
tcp_ping received 128 bytes back
Round trip time was 26.0582 milliseconds in repetition 324
tcp_ping received 128 bytes back
Round trip time was 24.5939 milliseconds in repetition 325
tcp_ping received 128 bytes back
Round trip time was 23.722 milliseconds in repetition 326
tcp_ping received 128 bytes back
Round trip time was 25.2962 milliseconds in repetition 327
tcp_ping received 128 bytes back
Round trip time was 23.8666 milliseconds in repetition 328
tcp_ping received 128 bytes back
Round trip time was 23.9713 milliseconds in repetition 329
tcp_ping received 128 bytes back
Round trip time was 26.4644 milliseconds in repetition 330
tcp_ping received 128 bytes back
Round trip time was 25.9833 milliseconds in repetition 331
tcp_ping received 128 bytes back
Round trip time was 24.4194 milliseconds in repetition 332
tcp_ping received 128 bytes back
Round trip time was 23.4444 milliseconds in repetition 333
tcp_ping received 128 bytes back
Round trip time was 29.8155 milliseconds in repetition 334
tcp_ping received 128 bytes back
Round trip time was 27.6728 milliseconds in repetition 335
tcp_ping received 128 bytes back
Round trip time was 24.1063 milliseconds in repetition 336
tcp_ping received 128 bytes back
Round trip time was 24.3209 milliseconds in repetition 337
tcp_ping received 128 bytes back
Round trip time was 26.1286 milliseconds in repetition 338
tcp_ping received 128 bytes back
Round trip time was 29.1131 milliseconds in repetition 339
tcp_ping received 128 bytes back
Round trip time was 24.7205 milliseconds in repetition 340
tcp_ping received 128 bytes back
Round trip time was 24.4831 milliseconds in repetition 341
tcp_ping received 128 bytes back
Round trip time was 25.5049 milliseconds in repetition 342
tcp_ping received 128 bytes back
Round trip time was 30.558 milliseconds in repetition 343
tcp_ping received 128 bytes back
Round trip time was 38.0919 milliseconds in repetition 344
tcp_ping received 128 bytes back
Round trip time was 27.4799 milliseconds in repetition 345
tcp_ping received 128 bytes back
Round trip time was 23.1211 milliseconds in repetition 346
tcp_ping received 128 bytes back
Round trip time was 26.4874 milliseconds in repetition 347
tcp_ping received 128 bytes back
Round trip time was 24.3387 milliseconds in repetition 348
tcp_ping received 128 bytes back
Round trip time was 25.0924 milliseconds in repetition 349
tcp_ping received 128 bytes back
Round trip time was 25.4496 milliseconds in repetition 350
tcp_ping received 128 bytes back
Round trip time was 26.4391 milliseconds in repetition 351
tcp_ping received 128 bytes back
Round trip time was 23.8491 milliseconds in repetition 352
tcp_ping received 128 bytes back
Round trip time was 26.7165 milliseconds in repetition 353
tcp_ping received 128 bytes back
Round trip time was 24.4327 milliseconds in repetition 354
tcp_ping received 128 bytes back
Round trip time was 24.6183 milliseconds in repetition 355
tcp_ping received 128 bytes back
Round trip time was 23.8841 milliseconds in repetition 356
tcp_ping received 128 bytes back
Round trip time was 29.7512 milliseconds in repetition 357
tcp_ping received 128 bytes back
Round trip time was 23.8262 milliseconds in repetition 358
tcp_ping received 128 bytes back
Round trip time was 25.2119 milliseconds in repetition 359
tcp_ping received 128 bytes back
Round trip time was 23.7017 milliseconds in repetition 360
tcp_ping received 128 bytes back
Round trip time was 25.2268 milliseconds in repetition 361
tcp_ping received 128 bytes back
Round trip time was 24.3412 milliseconds in repetition 362
tcp_ping received 128 bytes back
Round trip time was 23.7154 milliseconds in repetition 363
tcp_ping received 128 bytes back
Round trip time was 23.73 milliseconds in repetition 364
tcp_ping received 128 bytes back
Round trip time was 25.3139 milliseconds in repetition 365
tcp_ping received 128 bytes back
Round trip time was 23.8758 milliseconds in repetition 366
tcp_ping received 128 bytes back
Round trip time was 26.586 milliseconds in repetition 367
tcp_ping received 128 bytes back
Round trip time was 23.8513 milliseconds in repetition 368
tcp_ping received 128 bytes back
Round trip time was 27.5514 milliseconds in repetition 369
tcp_ping received 128 bytes back
Round trip time was 24.5189 milliseconds in repetition 370
tcp_ping received 128 bytes back
Round trip time was 25.149 milliseconds in repetition 371
tcp_ping received 128 bytes back
Round trip time was 24.0528 milliseconds in repetition 372
tcp_ping received 128 bytes back
Round trip time was 25.8084 milliseconds in repetition 373
tcp_ping received 128 bytes back
Round trip time was 23.8935 milliseconds in repetition 374
tcp_ping received 128 bytes back
Round trip time was 25.4106 milliseconds in repetition 375
tcp_ping received 128 bytes back
Round trip time was 23.2347 milliseconds in repetition 376
tcp_ping received 128 bytes back
Round trip time was 25.6221 milliseconds in repetition 377
tcp_ping received 128 bytes back
Round trip time was 24.8051 milliseconds in repetition 378
tcp_ping received 128 bytes back
Round trip time was 27.5832 milliseconds in repetition 379
tcp_ping received 128 bytes back
Round trip time was 24.9312 milliseconds in repetition 380
tcp_ping received 128 bytes back
Round trip time was 24.0329 milliseconds in repetition 381
tcp_ping received 128 bytes back
Round trip time was 23.4991 milliseconds in repetition 382
tcp_ping received 128 bytes back
Round trip time was 24.2093 milliseconds in repetition 383
tcp_ping received 128 bytes back
Round trip time was 23.5269 milliseconds in repetition 384
tcp_ping received 128 bytes back
Round trip time was 28.1135 milliseconds in repetition 385
tcp_ping received 128 bytes back
Round trip time was 23.5878 milliseconds in repetition 386
tcp_ping received 128 bytes back
Round trip time was 26.0898 milliseconds in repetition 387
tcp_ping received 128 bytes back
Round trip time was 33.6919 milliseconds in repetition 388
tcp_ping received 128 bytes back
Round trip time was 24.2111 milliseconds in repetition 389
tcp_ping received 128 bytes back
Round trip time was 26.2826 milliseconds in repetition 390
tcp_ping received 128 bytes back
Round trip time was 25.5017 milliseconds in repetition 391
tcp_ping received 128 bytes back
Round trip time was 24.6414 milliseconds in repetition 392
tcp_ping received 128 bytes back
Round trip time was 23.7568 milliseconds in repetition 393
tcp_ping received 128 bytes back
Round trip time was 24.6521 milliseconds in repetition 394
tcp_ping received 128 bytes back
Round trip time was 24.0907 milliseconds in repetition 395
tcp_ping received 128 bytes back
Round trip time was 26.808 milliseconds in repetition 396
tcp_ping received 128 bytes back
Round trip time was 23.9797 milliseconds in repetition 397
tcp_ping received 128 bytes back
Round trip time was 34.4773 milliseconds in repetition 398
tcp_ping received 128 bytes back
Round trip time was 24.5302 milliseconds in repetition 399
tcp_ping received 128 bytes back
Round trip time was 43.7531 milliseconds in repetition 400
tcp_ping received 128 bytes back
Round trip time was 23.6244 milliseconds in repetition 401
tcp_ping received 128 bytes back
Round trip time was 24.4059 milliseconds in repetition 402
tcp_ping received 128 bytes back
Round trip time was 26.9229 milliseconds in repetition 403
tcp_ping received 128 bytes back
Round trip time was 25.6475 milliseconds in repetition 404
tcp_ping received 128 bytes back
Round trip time was 24.2558 milliseconds in repetition 405
tcp_ping received 128 bytes back
Round trip time was 23.78 milliseconds in repetition 406
tcp_ping received 128 bytes back
Round trip time was 26.133 milliseconds in repetition 407
tcp_ping received 128 bytes back
Round trip time was 26.6056 milliseconds in repetition 408
tcp_ping received 128 bytes back
Round trip time was 24.2335 milliseconds in repetition 409
tcp_ping received 128 bytes back
Round trip time was 24.6704 milliseconds in repetition 410
tcp_ping received 128 bytes back
Round trip time was 24.3395 milliseconds in repetition 411
tcp_ping received 128 bytes back
Round trip time was 23.9056 milliseconds in repetition 412
tcp_ping received 128 bytes back
Round trip time was 24.2686 milliseconds in repetition 413
tcp_ping received 128 bytes back
Round trip time was 23.9829 milliseconds in repetition 414
tcp_ping received 128 bytes back
Round trip time was 24.4189 milliseconds in repetition 415
tcp_ping received 128 bytes back
Round trip time was 24.1269 milliseconds in repetition 416
tcp_ping received 128 bytes back
Round trip time was 26.7775 milliseconds in repetition 417
tcp_ping received 128 bytes back
Round trip time was 23.4238 milliseconds in repetition 418
tcp_ping received 128 bytes back
Round trip time was 25.7062 milliseconds in repetition 419
tcp_ping received 128 bytes back
Round trip time was 23.7585 milliseconds in repetition 420
tcp_ping received 128 bytes back
Round trip time was 25.9717 milliseconds in repetition 421
tcp_ping received 128 bytes back
Round trip time was 25.6168 milliseconds in repetition 422
tcp_ping received 128 bytes back
Round trip time was 32.894 milliseconds in repetition 423
tcp_ping received 128 bytes back
Round trip time was 24.312 milliseconds in repetition 424
tcp_ping received 128 bytes back
Round trip time was 24.1675 milliseconds in repetition 425
tcp_ping received 128 bytes back
Round trip time was 30.5549 milliseconds in repetition 426
tcp_ping received 128 bytes back
Round trip time was 23.943 milliseconds in repetition 427
tcp_ping received 128 bytes back
Round trip time was 23.9202 milliseconds in repetition 428
tcp_ping received 128 bytes back
Round trip time was 24.6819 milliseconds in repetition 429
tcp_ping received 128 bytes back
Round trip time was 23.4334 milliseconds in repetition 430
tcp_ping received 128 bytes back
Round trip time was 23.581 milliseconds in repetition 431
tcp_ping received 128 bytes back
Round trip time was 25.8622 milliseconds in repetition 432
tcp_ping received 128 bytes back
Round trip time was 23.4685 milliseconds in repetition 433
tcp_ping received 128 bytes back
Round trip time was 23.2244 milliseconds in repetition 434
tcp_ping received 128 bytes back
Round trip time was 25.0867 milliseconds in repetition 435
tcp_ping received 128 bytes back
Round trip time was 29.5883 milliseconds in repetition 436
tcp_ping received 128 bytes back
Round trip time was 41.3612 milliseconds in repetition 437
tcp_ping received 128 bytes back
Round trip time was 28.8592 milliseconds in repetition 438
tcp_ping received 128 bytes back
Round trip time was 30.4406 milliseconds in repetition 439
tcp_ping received 128 bytes back
Round trip time was 27.116 milliseconds in repetition 440
tcp_ping received 128 bytes back
Round trip time was 31.7251 milliseconds in repetition 441
tcp_ping received 128 bytes back
Round trip time was 25.4521 milliseconds in repetition 442
tcp_ping received 128 bytes back
Round trip time was 33.4196 milliseconds in repetition 443
tcp_ping received 128 bytes back
Round trip time was 30.5242 milliseconds in repetition 444
tcp_ping received 128 bytes back
Round trip time was 29.6063 milliseconds in repetition 445
tcp_ping received 128 bytes back
Round trip time was 35.8967 milliseconds in repetition 446
tcp_ping received 128 bytes back
Round trip time was 25.4874 milliseconds in repetition 447
tcp_ping received 128 bytes back
Round trip time was 26.6224 milliseconds in repetition 448
tcp_ping received 128 bytes back
Round trip time was 25.404 milliseconds in repetition 449
tcp_ping received 128 bytes back
Round trip time was 25.0629 milliseconds in repetition 450
tcp_ping received 128 bytes back
Round trip time was 26.6323 milliseconds in repetition 451
tcp_ping received 128 bytes back
Round trip time was 30.4978 milliseconds in repetition 452
tcp_ping received 128 bytes back
Round trip time was 27.6156 milliseconds in repetition 453
tcp_ping received 128 bytes back
Round trip time was 25.4804 milliseconds in repetition 454
tcp_ping received 128 bytes back
Round trip time was 24.3999 milliseconds in repetition 455
tcp_ping received 128 bytes back
Round trip time was 25.2272 milliseconds in repetition 456
tcp_ping received 128 bytes back
Round trip time was 25.9908 milliseconds in repetition 457
tcp_ping received 128 bytes back
Round trip time was 25.5778 milliseconds in repetition 458
tcp_ping received 128 bytes back
Round trip time was 24.2651 milliseconds in repetition 459
tcp_ping received 128 bytes back
Round trip time was 24.5107 milliseconds in repetition 460
tcp_ping received 128 bytes back
Round trip time was 25.3325 milliseconds in repetition 461
tcp_ping received 128 bytes back
Round trip time was 27.719 milliseconds in repetition 462
tcp_ping received 128 bytes back
Round trip time was 23.569 milliseconds in repetition 463
tcp_ping received 128 bytes back
Round trip time was 25.8161 milliseconds in repetition 464
tcp_ping received 128 bytes back
Round trip time was 23.828 milliseconds in repetition 465
tcp_ping received 128 bytes back
Round trip time was 29.6557 milliseconds in repetition 466
tcp_ping received 128 bytes back
Round trip time was 34.0025 milliseconds in repetition 467
tcp_ping received 128 bytes back
Round trip time was 24.9953 milliseconds in repetition 468
tcp_ping received 128 bytes back
Round trip time was 24.0643 milliseconds in repetition 469
tcp_ping received 128 bytes back
Round trip time was 24.3581 milliseconds in repetition 470
tcp_ping received 128 bytes back
Round trip time was 24.4389 milliseconds in repetition 471
tcp_ping received 128 bytes back
Round trip time was 24.2537 milliseconds in repetition 472
tcp_ping received 128 bytes back
Round trip time was 24.7048 milliseconds in repetition 473
tcp_ping received 128 bytes back
Round trip time was 25.1624 milliseconds in repetition 474
tcp_ping received 128 bytes back
Round trip time was 24.0594 milliseconds in repetition 475
tcp_ping received 128 bytes back
Round trip time was 27.6097 milliseconds in repetition 476
tcp_ping received 128 bytes back
Round trip time was 24.1374 milliseconds in repetition 477
tcp_ping received 128 bytes back
Round trip time was 23.7597 milliseconds in repetition 478
tcp_ping received 128 bytes back
Round trip time was 23.8794 milliseconds in repetition 479
tcp_ping received 128 bytes back
Round trip time was 30.0571 milliseconds in repetition 480
tcp_ping received 128 bytes back
Round trip time was 24.6308 milliseconds in repetition 481
tcp_ping received 128 bytes back
Round trip time was 24.741 milliseconds in repetition 482
tcp_ping received 128 bytes back
Round trip time was 25.2017 milliseconds in repetition 483
tcp_ping received 128 bytes back
Round trip time was 32.4284 milliseconds in repetition 484
tcp_ping received 128 bytes back
Round trip time was 24.8383 milliseconds in repetition 485
tcp_ping received 128 bytes back
Round trip time was 57.6392 milliseconds in repetition 486
tcp_ping received 128 bytes back
Round trip time was 25.7002 milliseconds in repetition 487
tcp_ping received 128 bytes back
Round trip time was 27.8734 milliseconds in repetition 488
tcp_ping received 128 bytes back
Round trip time was 31.5562 milliseconds in repetition 489
tcp_ping received 128 bytes back
Round trip time was 32.9233 milliseconds in repetition 490
tcp_ping received 128 bytes back
Round trip time was 34.327 milliseconds in repetition 491
tcp_ping received 128 bytes back
Round trip time was 27.7707 milliseconds in repetition 492
tcp_ping received 128 bytes back
Round trip time was 24.2199 milliseconds in repetition 493
tcp_ping received 128 bytes back
Round trip time was 27.5422 milliseconds in repetition 494
tcp_ping received 128 bytes back
Round trip time was 34.5284 milliseconds in repetition 495
tcp_ping received 128 bytes back
Round trip time was 28.7301 milliseconds in repetition 496
tcp_ping received 128 bytes back
Round trip time was 25.1511 milliseconds in repetition 497
tcp_ping received 128 bytes back
Round trip time was 27.8063 milliseconds in repetition 498
tcp_ping received 128 bytes back
Round trip time was 25.1552 milliseconds in repetition 499
tcp_ping received 128 bytes back
Round trip time was 23.8534 milliseconds in repetition 500
tcp_ping received 128 bytes back
Round trip time was 28.4651 milliseconds in repetition 501

 ... clock resolution was 1e-06
TCP Ping:  Statistics over 501 repetitions of 128 byte messages

RTT : percentile 10: 23.8472, median: 25.7498, percentile 90: 33.4196, average: 27.6263, variance: 29.0958

RTT histogram:
22.5741 27
24.6697 222
26.7654 106
28.861 42
30.9566 39
33.0522 20
35.1479 14
37.2435 7
39.3391 3
41.4347 5
43.5304 3
45.626 5
47.7216 2
49.8172 2
51.9129 0
54.0085 1
56.1041 0
58.1997 2
60.2954 0
62.391 0
64.4866 1

   median Throughput : 9.94181 KB/s   overall Throughput : 9.26654 KB/s

