TCP Ping trying to connect to server seti.dibris.unige.it (130.251.61.30) on port 1491
 ... connected to Pong server: asking for 501 repetitions of 49152 bytes TCP messages
Received answer: 'OK
'
 ... Pong server agreed :-)
tcp_ping received 49152 bytes back
Round trip time was 113.769 milliseconds in repetition 1
tcp_ping received 49152 bytes back
Round trip time was 25.6093 milliseconds in repetition 2
tcp_ping received 49152 bytes back
Round trip time was 23.2752 milliseconds in repetition 3
tcp_ping received 49152 bytes back
Round trip time was 22.8483 milliseconds in repetition 4
tcp_ping received 49152 bytes back
Round trip time was 26.3189 milliseconds in repetition 5
tcp_ping received 49152 bytes back
Round trip time was 23.2821 milliseconds in repetition 6
tcp_ping received 49152 bytes back
Round trip time was 27.1564 milliseconds in repetition 7
tcp_ping received 49152 bytes back
Round trip time was 24.3492 milliseconds in repetition 8
tcp_ping received 49152 bytes back
Round trip time was 23.57 milliseconds in repetition 9
tcp_ping received 49152 bytes back
Round trip time was 23.1707 milliseconds in repetition 10
tcp_ping received 49152 bytes back
Round trip time was 25.7714 milliseconds in repetition 11
tcp_ping received 49152 bytes back
Round trip time was 24.3963 milliseconds in repetition 12
tcp_ping received 49152 bytes back
Round trip time was 22.8975 milliseconds in repetition 13
tcp_ping received 49152 bytes back
Round trip time was 24.6932 milliseconds in repetition 14
tcp_ping received 49152 bytes back
Round trip time was 24.0859 milliseconds in repetition 15
tcp_ping received 49152 bytes back
Round trip time was 28.2633 milliseconds in repetition 16
tcp_ping received 49152 bytes back
Round trip time was 28.1917 milliseconds in repetition 17
tcp_ping received 49152 bytes back
Round trip time was 25.3259 milliseconds in repetition 18
tcp_ping received 49152 bytes back
Round trip time was 35.8635 milliseconds in repetition 19
tcp_ping received 49152 bytes back
Round trip time was 27.1995 milliseconds in repetition 20
tcp_ping received 49152 bytes back
Round trip time was 23.3151 milliseconds in repetition 21
tcp_ping received 49152 bytes back
Round trip time was 24.8636 milliseconds in repetition 22
tcp_ping received 49152 bytes back
Round trip time was 24.1934 milliseconds in repetition 23
tcp_ping received 49152 bytes back
Round trip time was 26.0005 milliseconds in repetition 24
tcp_ping received 49152 bytes back
Round trip time was 28.8695 milliseconds in repetition 25
tcp_ping received 49152 bytes back
Round trip time was 24.3278 milliseconds in repetition 26
tcp_ping received 49152 bytes back
Round trip time was 25.4748 milliseconds in repetition 27
tcp_ping received 49152 bytes back
Round trip time was 25.5074 milliseconds in repetition 28
tcp_ping received 49152 bytes back
Round trip time was 25.5103 milliseconds in repetition 29
tcp_ping received 49152 bytes back
Round trip time was 25.4078 milliseconds in repetition 30
tcp_ping received 49152 bytes back
Round trip time was 23.8046 milliseconds in repetition 31
tcp_ping received 49152 bytes back
Round trip time was 24.9958 milliseconds in repetition 32
tcp_ping received 49152 bytes back
Round trip time was 26.2832 milliseconds in repetition 33
tcp_ping received 49152 bytes back
Round trip time was 26.0104 milliseconds in repetition 34
tcp_ping received 49152 bytes back
Round trip time was 28.4493 milliseconds in repetition 35
tcp_ping received 49152 bytes back
Round trip time was 26.7451 milliseconds in repetition 36
tcp_ping received 49152 bytes back
Round trip time was 26.8229 milliseconds in repetition 37
tcp_ping received 49152 bytes back
Round trip time was 27.0361 milliseconds in repetition 38
tcp_ping received 49152 bytes back
Round trip time was 31.0409 milliseconds in repetition 39
tcp_ping received 49152 bytes back
Round trip time was 23.1014 milliseconds in repetition 40
tcp_ping received 49152 bytes back
Round trip time was 26.218 milliseconds in repetition 41
tcp_ping received 49152 bytes back
Round trip time was 43.7954 milliseconds in repetition 42
tcp_ping received 49152 bytes back
Round trip time was 28.5462 milliseconds in repetition 43
tcp_ping received 49152 bytes back
Round trip time was 47.2147 milliseconds in repetition 44
tcp_ping received 49152 bytes back
Round trip time was 36.7428 milliseconds in repetition 45
tcp_ping received 49152 bytes back
Round trip time was 31.3664 milliseconds in repetition 46
tcp_ping received 49152 bytes back
Round trip time was 34.2232 milliseconds in repetition 47
tcp_ping received 49152 bytes back
Round trip time was 33.5648 milliseconds in repetition 48
tcp_ping received 49152 bytes back
Round trip time was 33.2876 milliseconds in repetition 49
tcp_ping received 49152 bytes back
Round trip time was 31.9306 milliseconds in repetition 50
tcp_ping received 49152 bytes back
Round trip time was 31.8217 milliseconds in repetition 51
tcp_ping received 49152 bytes back
Round trip time was 32.9829 milliseconds in repetition 52
tcp_ping received 49152 bytes back
Round trip time was 56.8453 milliseconds in repetition 53
tcp_ping received 49152 bytes back
Round trip time was 32.069 milliseconds in repetition 54
tcp_ping received 49152 bytes back
Round trip time was 34.798 milliseconds in repetition 55
tcp_ping received 49152 bytes back
Round trip time was 30.3721 milliseconds in repetition 56
tcp_ping received 49152 bytes back
Round trip time was 40.5867 milliseconds in repetition 57
tcp_ping received 49152 bytes back
Round trip time was 39.6777 milliseconds in repetition 58
tcp_ping received 49152 bytes back
Round trip time was 31.8338 milliseconds in repetition 59
tcp_ping received 49152 bytes back
Round trip time was 31.0661 milliseconds in repetition 60
tcp_ping received 49152 bytes back
Round trip time was 35.6732 milliseconds in repetition 61
tcp_ping received 49152 bytes back
Round trip time was 32.9578 milliseconds in repetition 62
tcp_ping received 49152 bytes back
Round trip time was 36.0173 milliseconds in repetition 63
tcp_ping received 49152 bytes back
Round trip time was 34.1212 milliseconds in repetition 64
tcp_ping received 49152 bytes back
Round trip time was 37.3637 milliseconds in repetition 65
tcp_ping received 49152 bytes back
Round trip time was 34.5847 milliseconds in repetition 66
tcp_ping received 49152 bytes back
Round trip time was 39.2898 milliseconds in repetition 67
tcp_ping received 49152 bytes back
Round trip time was 31.7008 milliseconds in repetition 68
tcp_ping received 49152 bytes back
Round trip time was 30.7805 milliseconds in repetition 69
tcp_ping received 49152 bytes back
Round trip time was 35.3986 milliseconds in repetition 70
tcp_ping received 49152 bytes back
Round trip time was 35.6991 milliseconds in repetition 71
tcp_ping received 49152 bytes back
Round trip time was 49.9438 milliseconds in repetition 72
tcp_ping received 49152 bytes back
Round trip time was 34.5974 milliseconds in repetition 73
tcp_ping received 49152 bytes back
Round trip time was 32.8834 milliseconds in repetition 74
tcp_ping received 49152 bytes back
Round trip time was 32.9141 milliseconds in repetition 75
tcp_ping received 49152 bytes back
Round trip time was 41.2177 milliseconds in repetition 76
tcp_ping received 49152 bytes back
Round trip time was 36.0419 milliseconds in repetition 77
tcp_ping received 49152 bytes back
Round trip time was 42.6866 milliseconds in repetition 78
tcp_ping received 49152 bytes back
Round trip time was 34.5489 milliseconds in repetition 79
tcp_ping received 49152 bytes back
Round trip time was 31.1844 milliseconds in repetition 80
tcp_ping received 49152 bytes back
Round trip time was 40.7808 milliseconds in repetition 81
tcp_ping received 49152 bytes back
Round trip time was 35.9472 milliseconds in repetition 82
tcp_ping received 49152 bytes back
Round trip time was 39.8238 milliseconds in repetition 83
tcp_ping received 49152 bytes back
Round trip time was 33.9486 milliseconds in repetition 84
tcp_ping received 49152 bytes back
Round trip time was 34.6714 milliseconds in repetition 85
tcp_ping received 49152 bytes back
Round trip time was 29.3254 milliseconds in repetition 86
tcp_ping received 49152 bytes back
Round trip time was 58.8363 milliseconds in repetition 87
tcp_ping received 49152 bytes back
Round trip time was 30.6486 milliseconds in repetition 88
tcp_ping received 49152 bytes back
Round trip time was 31.5247 milliseconds in repetition 89
tcp_ping received 49152 bytes back
Round trip time was 34.2059 milliseconds in repetition 90
tcp_ping received 49152 bytes back
Round trip time was 34.5939 milliseconds in repetition 91
tcp_ping received 49152 bytes back
Round trip time was 30.2964 milliseconds in repetition 92
tcp_ping received 49152 bytes back
Round trip time was 32.5595 milliseconds in repetition 93
tcp_ping received 49152 bytes back
Round trip time was 30.4198 milliseconds in repetition 94
tcp_ping received 49152 bytes back
Round trip time was 39.1804 milliseconds in repetition 95
tcp_ping received 49152 bytes back
Round trip time was 31.5997 milliseconds in repetition 96
tcp_ping received 49152 bytes back
Round trip time was 30.2741 milliseconds in repetition 97
tcp_ping received 49152 bytes back
Round trip time was 29.4528 milliseconds in repetition 98
tcp_ping received 49152 bytes back
Round trip time was 31.9484 milliseconds in repetition 99
tcp_ping received 49152 bytes back
Round trip time was 29.0125 milliseconds in repetition 100
tcp_ping received 49152 bytes back
Round trip time was 53.2902 milliseconds in repetition 101
tcp_ping received 49152 bytes back
Round trip time was 27.0189 milliseconds in repetition 102
tcp_ping received 49152 bytes back
Round trip time was 27.9605 milliseconds in repetition 103
tcp_ping received 49152 bytes back
Round trip time was 36.8015 milliseconds in repetition 104
tcp_ping received 49152 bytes back
Round trip time was 33.466 milliseconds in repetition 105
tcp_ping received 49152 bytes back
Round trip time was 32.4846 milliseconds in repetition 106
tcp_ping received 49152 bytes back
Round trip time was 43.9609 milliseconds in repetition 107
tcp_ping received 49152 bytes back
Round trip time was 26.1954 milliseconds in repetition 108
tcp_ping received 49152 bytes back
Round trip time was 42.0919 milliseconds in repetition 109
tcp_ping received 49152 bytes back
Round trip time was 39.2992 milliseconds in repetition 110
tcp_ping received 49152 bytes back
Round trip time was 29.0345 milliseconds in repetition 111
tcp_ping received 49152 bytes back
Round trip time was 26.6792 milliseconds in repetition 112
tcp_ping received 49152 bytes back
Round trip time was 50.1762 milliseconds in repetition 113
tcp_ping received 49152 bytes back
Round trip time was 32.8422 milliseconds in repetition 114
tcp_ping received 49152 bytes back
Round trip time was 32.12 milliseconds in repetition 115
tcp_ping received 49152 bytes back
Round trip time was 29.8321 milliseconds in repetition 116
tcp_ping received 49152 bytes back
Round trip time was 30.7402 milliseconds in repetition 117
tcp_ping received 49152 bytes back
Round trip time was 32.0685 milliseconds in repetition 118
tcp_ping received 49152 bytes back
Round trip time was 33.5484 milliseconds in repetition 119
tcp_ping received 49152 bytes back
Round trip time was 28.3263 milliseconds in repetition 120
tcp_ping received 49152 bytes back
Round trip time was 32.0901 milliseconds in repetition 121
tcp_ping received 49152 bytes back
Round trip time was 38.0282 milliseconds in repetition 122
tcp_ping received 49152 bytes back
Round trip time was 33.6415 milliseconds in repetition 123
tcp_ping received 49152 bytes back
Round trip time was 33.3091 milliseconds in repetition 124
tcp_ping received 49152 bytes back
Round trip time was 29.1757 milliseconds in repetition 125
tcp_ping received 49152 bytes back
Round trip time was 29.0191 milliseconds in repetition 126
tcp_ping received 49152 bytes back
Round trip time was 32.8995 milliseconds in repetition 127
tcp_ping received 49152 bytes back
Round trip time was 52.7834 milliseconds in repetition 128
tcp_ping received 49152 bytes back
Round trip time was 34.9623 milliseconds in repetition 129
tcp_ping received 49152 bytes back
Round trip time was 28.961 milliseconds in repetition 130
tcp_ping received 49152 bytes back
Round trip time was 28.452 milliseconds in repetition 131
tcp_ping received 49152 bytes back
Round trip time was 26.1219 milliseconds in repetition 132
tcp_ping received 49152 bytes back
Round trip time was 32.66 milliseconds in repetition 133
tcp_ping received 49152 bytes back
Round trip time was 28.3785 milliseconds in repetition 134
tcp_ping received 49152 bytes back
Round trip time was 34.5534 milliseconds in repetition 135
tcp_ping received 49152 bytes back
Round trip time was 34.5498 milliseconds in repetition 136
tcp_ping received 49152 bytes back
Round trip time was 31.3235 milliseconds in repetition 137
tcp_ping received 49152 bytes back
Round trip time was 27.9912 milliseconds in repetition 138
tcp_ping received 49152 bytes back
Round trip time was 27.7336 milliseconds in repetition 139
tcp_ping received 49152 bytes back
Round trip time was 24.6167 milliseconds in repetition 140
tcp_ping received 49152 bytes back
Round trip time was 25.949 milliseconds in repetition 141
tcp_ping received 49152 bytes back
Round trip time was 25.414 milliseconds in repetition 142
tcp_ping received 49152 bytes back
Round trip time was 25.5826 milliseconds in repetition 143
tcp_ping received 49152 bytes back
Round trip time was 24.8951 milliseconds in repetition 144
tcp_ping received 49152 bytes back
Round trip time was 22.9961 milliseconds in repetition 145
tcp_ping received 49152 bytes back
Round trip time was 23.8698 milliseconds in repetition 146
tcp_ping received 49152 bytes back
Round trip time was 25.8546 milliseconds in repetition 147
tcp_ping received 49152 bytes back
Round trip time was 23.9757 milliseconds in repetition 148
tcp_ping received 49152 bytes back
Round trip time was 26.389 milliseconds in repetition 149
tcp_ping received 49152 bytes back
Round trip time was 23.5088 milliseconds in repetition 150
tcp_ping received 49152 bytes back
Round trip time was 25.7771 milliseconds in repetition 151
tcp_ping received 49152 bytes back
Round trip time was 25.275 milliseconds in repetition 152
tcp_ping received 49152 bytes back
Round trip time was 28.1203 milliseconds in repetition 153
tcp_ping received 49152 bytes back
Round trip time was 22.955 milliseconds in repetition 154
tcp_ping received 49152 bytes back
Round trip time was 24.9169 milliseconds in repetition 155
tcp_ping received 49152 bytes back
Round trip time was 25.6033 milliseconds in repetition 156
tcp_ping received 49152 bytes back
Round trip time was 23.8495 milliseconds in repetition 157
tcp_ping received 49152 bytes back
Round trip time was 22.7926 milliseconds in repetition 158
tcp_ping received 49152 bytes back
Round trip time was 31.8592 milliseconds in repetition 159
tcp_ping received 49152 bytes back
Round trip time was 29.0806 milliseconds in repetition 160
tcp_ping received 49152 bytes back
Round trip time was 25.8882 milliseconds in repetition 161
tcp_ping received 49152 bytes back
Round trip time was 24.901 milliseconds in repetition 162
tcp_ping received 49152 bytes back
Round trip time was 26.3076 milliseconds in repetition 163
tcp_ping received 49152 bytes back
Round trip time was 25.1468 milliseconds in repetition 164
tcp_ping received 49152 bytes back
Round trip time was 23.5133 milliseconds in repetition 165
tcp_ping received 49152 bytes back
Round trip time was 22.1554 milliseconds in repetition 166
tcp_ping received 49152 bytes back
Round trip time was 27.1446 milliseconds in repetition 167
tcp_ping received 49152 bytes back
Round trip time was 25.2731 milliseconds in repetition 168
tcp_ping received 49152 bytes back
Round trip time was 25.4141 milliseconds in repetition 169
tcp_ping received 49152 bytes back
Round trip time was 25.2754 milliseconds in repetition 170
tcp_ping received 49152 bytes back
Round trip time was 31.1445 milliseconds in repetition 171
tcp_ping received 49152 bytes back
Round trip time was 24.0598 milliseconds in repetition 172
tcp_ping received 49152 bytes back
Round trip time was 25.7775 milliseconds in repetition 173
tcp_ping received 49152 bytes back
Round trip time was 23.6036 milliseconds in repetition 174
tcp_ping received 49152 bytes back
Round trip time was 26.0952 milliseconds in repetition 175
tcp_ping received 49152 bytes back
Round trip time was 23.6215 milliseconds in repetition 176
tcp_ping received 49152 bytes back
Round trip time was 23.3629 milliseconds in repetition 177
tcp_ping received 49152 bytes back
Round trip time was 24.6748 milliseconds in repetition 178
tcp_ping received 49152 bytes back
Round trip time was 22.478 milliseconds in repetition 179
tcp_ping received 49152 bytes back
Round trip time was 28.3654 milliseconds in repetition 180
tcp_ping received 49152 bytes back
Round trip time was 25.6059 milliseconds in repetition 181
tcp_ping received 49152 bytes back
Round trip time was 24.9768 milliseconds in repetition 182
tcp_ping received 49152 bytes back
Round trip time was 27.7805 milliseconds in repetition 183
tcp_ping received 49152 bytes back
Round trip time was 27.7604 milliseconds in repetition 184
tcp_ping received 49152 bytes back
Round trip time was 25.1927 milliseconds in repetition 185
tcp_ping received 49152 bytes back
Round trip time was 36.4709 milliseconds in repetition 186
tcp_ping received 49152 bytes back
Round trip time was 27.1714 milliseconds in repetition 187
tcp_ping received 49152 bytes back
Round trip time was 27.2637 milliseconds in repetition 188
tcp_ping received 49152 bytes back
Round trip time was 27.7997 milliseconds in repetition 189
tcp_ping received 49152 bytes back
Round trip time was 28.6654 milliseconds in repetition 190
tcp_ping received 49152 bytes back
Round trip time was 23.3604 milliseconds in repetition 191
tcp_ping received 49152 bytes back
Round trip time was 28.4911 milliseconds in repetition 192
tcp_ping received 49152 bytes back
Round trip time was 23.2061 milliseconds in repetition 193
tcp_ping received 49152 bytes back
Round trip time was 25.9275 milliseconds in repetition 194
tcp_ping received 49152 bytes back
Round trip time was 22.4647 milliseconds in repetition 195
tcp_ping received 49152 bytes back
Round trip time was 26.8324 milliseconds in repetition 196
tcp_ping received 49152 bytes back
Round trip time was 26.9347 milliseconds in repetition 197
tcp_ping received 49152 bytes back
Round trip time was 26.8729 milliseconds in repetition 198
tcp_ping received 49152 bytes back
Round trip time was 23.0091 milliseconds in repetition 199
tcp_ping received 49152 bytes back
Round trip time was 28.7007 milliseconds in repetition 200
tcp_ping received 49152 bytes back
Round trip time was 23.9367 milliseconds in repetition 201
tcp_ping received 49152 bytes back
Round trip time was 28.1567 milliseconds in repetition 202
tcp_ping received 49152 bytes back
Round trip time was 31.5929 milliseconds in repetition 203
tcp_ping received 49152 bytes back
Round trip time was 28.0044 milliseconds in repetition 204
tcp_ping received 49152 bytes back
Round trip time was 25.6798 milliseconds in repetition 205
tcp_ping received 49152 bytes back
Round trip time was 25.3432 milliseconds in repetition 206
tcp_ping received 49152 bytes back
Round trip time was 27.4886 milliseconds in repetition 207
tcp_ping received 49152 bytes back
Round trip time was 24.2606 milliseconds in repetition 208
tcp_ping received 49152 bytes back
Round trip time was 29.2788 milliseconds in repetition 209
tcp_ping received 49152 bytes back
Round trip time was 26.6022 milliseconds in repetition 210
tcp_ping received 49152 bytes back
Round trip time was 25.5912 milliseconds in repetition 211
tcp_ping received 49152 bytes back
Round trip time was 46.434 milliseconds in repetition 212
tcp_ping received 49152 bytes back
Round trip time was 24.602 milliseconds in repetition 213
tcp_ping received 49152 bytes back
Round trip time was 23.1372 milliseconds in repetition 214
tcp_ping received 49152 bytes back
Round trip time was 23.2155 milliseconds in repetition 215
tcp_ping received 49152 bytes back
Round trip time was 27.5699 milliseconds in repetition 216
tcp_ping received 49152 bytes back
Round trip time was 25.2278 milliseconds in repetition 217
tcp_ping received 49152 bytes back
Round trip time was 25.5122 milliseconds in repetition 218
tcp_ping received 49152 bytes back
Round trip time was 24.3299 milliseconds in repetition 219
tcp_ping received 49152 bytes back
Round trip time was 25.5562 milliseconds in repetition 220
tcp_ping received 49152 bytes back
Round trip time was 29.0978 milliseconds in repetition 221
tcp_ping received 49152 bytes back
Round trip time was 24.8504 milliseconds in repetition 222
tcp_ping received 49152 bytes back
Round trip time was 24.3799 milliseconds in repetition 223
tcp_ping received 49152 bytes back
Round trip time was 23.5534 milliseconds in repetition 224
tcp_ping received 49152 bytes back
Round trip time was 25.6096 milliseconds in repetition 225
tcp_ping received 49152 bytes back
Round trip time was 26.1433 milliseconds in repetition 226
tcp_ping received 49152 bytes back
Round trip time was 25.2396 milliseconds in repetition 227
tcp_ping received 49152 bytes back
Round trip time was 24.992 milliseconds in repetition 228
tcp_ping received 49152 bytes back
Round trip time was 39.5872 milliseconds in repetition 229
tcp_ping received 49152 bytes back
Round trip time was 40.9674 milliseconds in repetition 230
tcp_ping received 49152 bytes back
Round trip time was 26.1602 milliseconds in repetition 231
tcp_ping received 49152 bytes back
Round trip time was 28.3943 milliseconds in repetition 232
tcp_ping received 49152 bytes back
Round trip time was 26.6916 milliseconds in repetition 233
tcp_ping received 49152 bytes back
Round trip time was 25.2753 milliseconds in repetition 234
tcp_ping received 49152 bytes back
Round trip time was 27.3345 milliseconds in repetition 235
tcp_ping received 49152 bytes back
Round trip time was 23.8672 milliseconds in repetition 236
tcp_ping received 49152 bytes back
Round trip time was 24.1757 milliseconds in repetition 237
tcp_ping received 49152 bytes back
Round trip time was 24.5304 milliseconds in repetition 238
tcp_ping received 49152 bytes back
Round trip time was 24.9822 milliseconds in repetition 239
tcp_ping received 49152 bytes back
Round trip time was 26.4597 milliseconds in repetition 240
tcp_ping received 49152 bytes back
Round trip time was 25.8313 milliseconds in repetition 241
tcp_ping received 49152 bytes back
Round trip time was 24.7278 milliseconds in repetition 242
tcp_ping received 49152 bytes back
Round trip time was 24.3924 milliseconds in repetition 243
tcp_ping received 49152 bytes back
Round trip time was 23.838 milliseconds in repetition 244
tcp_ping received 49152 bytes back
Round trip time was 25.2735 milliseconds in repetition 245
tcp_ping received 49152 bytes back
Round trip time was 22.9127 milliseconds in repetition 246
tcp_ping received 49152 bytes back
Round trip time was 22.4984 milliseconds in repetition 247
tcp_ping received 49152 bytes back
Round trip time was 25.9239 milliseconds in repetition 248
tcp_ping received 49152 bytes back
Round trip time was 29.2998 milliseconds in repetition 249
tcp_ping received 49152 bytes back
Round trip time was 23.8101 milliseconds in repetition 250
tcp_ping received 49152 bytes back
Round trip time was 32.2215 milliseconds in repetition 251
tcp_ping received 49152 bytes back
Round trip time was 25.9946 milliseconds in repetition 252
tcp_ping received 49152 bytes back
Round trip time was 23.7911 milliseconds in repetition 253
tcp_ping received 49152 bytes back
Round trip time was 22.6296 milliseconds in repetition 254
tcp_ping received 49152 bytes back
Round trip time was 25.3488 milliseconds in repetition 255
tcp_ping received 49152 bytes back
Round trip time was 23.6256 milliseconds in repetition 256
tcp_ping received 49152 bytes back
Round trip time was 29.2217 milliseconds in repetition 257
tcp_ping received 49152 bytes back
Round trip time was 25.9855 milliseconds in repetition 258
tcp_ping received 49152 bytes back
Round trip time was 26.4294 milliseconds in repetition 259
tcp_ping received 49152 bytes back
Round trip time was 25.2639 milliseconds in repetition 260
tcp_ping received 49152 bytes back
Round trip time was 23.953 milliseconds in repetition 261
tcp_ping received 49152 bytes back
Round trip time was 23.5866 milliseconds in repetition 262
tcp_ping received 49152 bytes back
Round trip time was 24.5757 milliseconds in repetition 263
tcp_ping received 49152 bytes back
Round trip time was 24.6351 milliseconds in repetition 264
tcp_ping received 49152 bytes back
Round trip time was 29.9 milliseconds in repetition 265
tcp_ping received 49152 bytes back
Round trip time was 24.0431 milliseconds in repetition 266
tcp_ping received 49152 bytes back
Round trip time was 24.785 milliseconds in repetition 267
tcp_ping received 49152 bytes back
Round trip time was 23.1994 milliseconds in repetition 268
tcp_ping received 49152 bytes back
Round trip time was 24.9045 milliseconds in repetition 269
tcp_ping received 49152 bytes back
Round trip time was 25.1972 milliseconds in repetition 270
tcp_ping received 49152 bytes back
Round trip time was 24.124 milliseconds in repetition 271
tcp_ping received 49152 bytes back
Round trip time was 26.4746 milliseconds in repetition 272
tcp_ping received 49152 bytes back
Round trip time was 26.2469 milliseconds in repetition 273
tcp_ping received 49152 bytes back
Round trip time was 25.7208 milliseconds in repetition 274
tcp_ping received 49152 bytes back
Round trip time was 23.2964 milliseconds in repetition 275
tcp_ping received 49152 bytes back
Round trip time was 27.2046 milliseconds in repetition 276
tcp_ping received 49152 bytes back
Round trip time was 22.7496 milliseconds in repetition 277
tcp_ping received 49152 bytes back
Round trip time was 24.0139 milliseconds in repetition 278
tcp_ping received 49152 bytes back
Round trip time was 26.4141 milliseconds in repetition 279
tcp_ping received 49152 bytes back
Round trip time was 28.0353 milliseconds in repetition 280
tcp_ping received 49152 bytes back
Round trip time was 23.9924 milliseconds in repetition 281
tcp_ping received 49152 bytes back
Round trip time was 23.826 milliseconds in repetition 282
tcp_ping received 49152 bytes back
Round trip time was 23.742 milliseconds in repetition 283
tcp_ping received 49152 bytes back
Round trip time was 23.9654 milliseconds in repetition 284
tcp_ping received 49152 bytes back
Round trip time was 23.4548 milliseconds in repetition 285
tcp_ping received 49152 bytes back
Round trip time was 26.7244 milliseconds in repetition 286
tcp_ping received 49152 bytes back
Round trip time was 25.9754 milliseconds in repetition 287
tcp_ping received 49152 bytes back
Round trip time was 23.6639 milliseconds in repetition 288
tcp_ping received 49152 bytes back
Round trip time was 23.1828 milliseconds in repetition 289
tcp_ping received 49152 bytes back
Round trip time was 23.8481 milliseconds in repetition 290
tcp_ping received 49152 bytes back
Round trip time was 24.0405 milliseconds in repetition 291
tcp_ping received 49152 bytes back
Round trip time was 26.5165 milliseconds in repetition 292
tcp_ping received 49152 bytes back
Round trip time was 22.0004 milliseconds in repetition 293
tcp_ping received 49152 bytes back
Round trip time was 25.3861 milliseconds in repetition 294
tcp_ping received 49152 bytes back
Round trip time was 24.871 milliseconds in repetition 295
tcp_ping received 49152 bytes back
Round trip time was 23.6358 milliseconds in repetition 296
tcp_ping received 49152 bytes back
Round trip time was 24.0949 milliseconds in repetition 297
tcp_ping received 49152 bytes back
Round trip time was 27.7792 milliseconds in repetition 298
tcp_ping received 49152 bytes back
Round trip time was 23.8947 milliseconds in repetition 299
tcp_ping received 49152 bytes back
Round trip time was 22.1992 milliseconds in repetition 300
tcp_ping received 49152 bytes back
Round trip time was 25.3164 milliseconds in repetition 301
tcp_ping received 49152 bytes back
Round trip time was 29.5784 milliseconds in repetition 302
tcp_ping received 49152 bytes back
Round trip time was 23.8341 milliseconds in repetition 303
tcp_ping received 49152 bytes back
Round trip time was 31.3947 milliseconds in repetition 304
tcp_ping received 49152 bytes back
Round trip time was 26.3211 milliseconds in repetition 305
tcp_ping received 49152 bytes back
Round trip time was 23.6162 milliseconds in repetition 306
tcp_ping received 49152 bytes back
Round trip time was 24.9867 milliseconds in repetition 307
tcp_ping received 49152 bytes back
Round trip time was 27.018 milliseconds in repetition 308
tcp_ping received 49152 bytes back
Round trip time was 29.7532 milliseconds in repetition 309
tcp_ping received 49152 bytes back
Round trip time was 23.194 milliseconds in repetition 310
tcp_ping received 49152 bytes back
Round trip time was 24.8828 milliseconds in repetition 311
tcp_ping received 49152 bytes back
Round trip time was 26.2162 milliseconds in repetition 312
tcp_ping received 49152 bytes back
Round trip time was 27.9003 milliseconds in repetition 313
tcp_ping received 49152 bytes back
Round trip time was 22.6368 milliseconds in repetition 314
tcp_ping received 49152 bytes back
Round trip time was 25.0668 milliseconds in repetition 315
tcp_ping received 49152 bytes back
Round trip time was 25.4341 milliseconds in repetition 316
tcp_ping received 49152 bytes back
Round trip time was 23.0311 milliseconds in repetition 317
tcp_ping received 49152 bytes back
Round trip time was 27.6263 milliseconds in repetition 318
tcp_ping received 49152 bytes back
Round trip time was 26.2059 milliseconds in repetition 319
tcp_ping received 49152 bytes back
Round trip time was 23.6473 milliseconds in repetition 320
tcp_ping received 49152 bytes back
Round trip time was 24.0522 milliseconds in repetition 321
tcp_ping received 49152 bytes back
Round trip time was 30.424 milliseconds in repetition 322
tcp_ping received 49152 bytes back
Round trip time was 23.151 milliseconds in repetition 323
tcp_ping received 49152 bytes back
Round trip time was 26.2121 milliseconds in repetition 324
tcp_ping received 49152 bytes back
Round trip time was 25.3457 milliseconds in repetition 325
tcp_ping received 49152 bytes back
Round trip time was 23.2696 milliseconds in repetition 326
tcp_ping received 49152 bytes back
Round trip time was 24.2544 milliseconds in repetition 327
tcp_ping received 49152 bytes back
Round trip time was 28.0783 milliseconds in repetition 328
tcp_ping received 49152 bytes back
Round trip time was 24.0932 milliseconds in repetition 329
tcp_ping received 49152 bytes back
Round trip time was 27.3166 milliseconds in repetition 330
tcp_ping received 49152 bytes back
Round trip time was 24.3571 milliseconds in repetition 331
tcp_ping received 49152 bytes back
Round trip time was 25.4646 milliseconds in repetition 332
tcp_ping received 49152 bytes back
Round trip time was 23.2922 milliseconds in repetition 333
tcp_ping received 49152 bytes back
Round trip time was 28.5141 milliseconds in repetition 334
tcp_ping received 49152 bytes back
Round trip time was 26.8436 milliseconds in repetition 335
tcp_ping received 49152 bytes back
Round trip time was 24.7313 milliseconds in repetition 336
tcp_ping received 49152 bytes back
Round trip time was 24.44 milliseconds in repetition 337
tcp_ping received 49152 bytes back
Round trip time was 24.2182 milliseconds in repetition 338
tcp_ping received 49152 bytes back
Round trip time was 22.3725 milliseconds in repetition 339
tcp_ping received 49152 bytes back
Round trip time was 25.6184 milliseconds in repetition 340
tcp_ping received 49152 bytes back
Round trip time was 24.1525 milliseconds in repetition 341
tcp_ping received 49152 bytes back
Round trip time was 26.8798 milliseconds in repetition 342
tcp_ping received 49152 bytes back
Round trip time was 24.0521 milliseconds in repetition 343
tcp_ping received 49152 bytes back
Round trip time was 24.6038 milliseconds in repetition 344
tcp_ping received 49152 bytes back
Round trip time was 26.1283 milliseconds in repetition 345
tcp_ping received 49152 bytes back
Round trip time was 23.7845 milliseconds in repetition 346
tcp_ping received 49152 bytes back
Round trip time was 22.4908 milliseconds in repetition 347
tcp_ping received 49152 bytes back
Round trip time was 25.0593 milliseconds in repetition 348
tcp_ping received 49152 bytes back
Round trip time was 24.7267 milliseconds in repetition 349
tcp_ping received 49152 bytes back
Round trip time was 24.9045 milliseconds in repetition 350
tcp_ping received 49152 bytes back
Round trip time was 23.5561 milliseconds in repetition 351
tcp_ping received 49152 bytes back
Round trip time was 24.4917 milliseconds in repetition 352
tcp_ping received 49152 bytes back
Round trip time was 26.7183 milliseconds in repetition 353
tcp_ping received 49152 bytes back
Round trip time was 24.9851 milliseconds in repetition 354
tcp_ping received 49152 bytes back
Round trip time was 23.024 milliseconds in repetition 355
tcp_ping received 49152 bytes back
Round trip time was 23.934 milliseconds in repetition 356
tcp_ping received 49152 bytes back
Round trip time was 24.1986 milliseconds in repetition 357
tcp_ping received 49152 bytes back
Round trip time was 28.4718 milliseconds in repetition 358
tcp_ping received 49152 bytes back
Round trip time was 22.3452 milliseconds in repetition 359
tcp_ping received 49152 bytes back
Round trip time was 24.033 milliseconds in repetition 360
tcp_ping received 49152 bytes back
Round trip time was 26.0683 milliseconds in repetition 361
tcp_ping received 49152 bytes back
Round trip time was 22.8824 milliseconds in repetition 362
tcp_ping received 49152 bytes back
Round trip time was 24.9346 milliseconds in repetition 363
tcp_ping received 49152 bytes back
Round trip time was 23.5697 milliseconds in repetition 364
tcp_ping received 49152 bytes back
Round trip time was 25.0922 milliseconds in repetition 365
tcp_ping received 49152 bytes back
Round trip time was 21.7137 milliseconds in repetition 366
tcp_ping received 49152 bytes back
Round trip time was 23.2345 milliseconds in repetition 367
tcp_ping received 49152 bytes back
Round trip time was 25.9231 milliseconds in repetition 368
tcp_ping received 49152 bytes back
Round trip time was 27.8076 milliseconds in repetition 369
tcp_ping received 49152 bytes back
Round trip time was 26.3047 milliseconds in repetition 370
tcp_ping received 49152 bytes back
Round trip time was 26.3146 milliseconds in repetition 371
tcp_ping received 49152 bytes back
Round trip time was 25.65 milliseconds in repetition 372
tcp_ping received 49152 bytes back
Round trip time was 22.5406 milliseconds in repetition 373
tcp_ping received 49152 bytes back
Round trip time was 27.2474 milliseconds in repetition 374
tcp_ping received 49152 bytes back
Round trip time was 22.6582 milliseconds in repetition 375
tcp_ping received 49152 bytes back
Round trip time was 24.5937 milliseconds in repetition 376
tcp_ping received 49152 bytes back
Round trip time was 27.4228 milliseconds in repetition 377
tcp_ping received 49152 bytes back
Round trip time was 26.2523 milliseconds in repetition 378
tcp_ping received 49152 bytes back
Round trip time was 28.151 milliseconds in repetition 379
tcp_ping received 49152 bytes back
Round trip time was 24.5526 milliseconds in repetition 380
tcp_ping received 49152 bytes back
Round trip time was 24.7078 milliseconds in repetition 381
tcp_ping received 49152 bytes back
Round trip time was 26.646 milliseconds in repetition 382
tcp_ping received 49152 bytes back
Round trip time was 25.829 milliseconds in repetition 383
tcp_ping received 49152 bytes back
Round trip time was 24.3829 milliseconds in repetition 384
tcp_ping received 49152 bytes back
Round trip time was 22.8409 milliseconds in repetition 385
tcp_ping received 49152 bytes back
Round trip time was 22.5308 milliseconds in repetition 386
tcp_ping received 49152 bytes back
Round trip time was 23.4205 milliseconds in repetition 387
tcp_ping received 49152 bytes back
Round trip time was 23.6336 milliseconds in repetition 388
tcp_ping received 49152 bytes back
Round trip time was 24.9415 milliseconds in repetition 389
tcp_ping received 49152 bytes back
Round trip time was 24.933 milliseconds in repetition 390
tcp_ping received 49152 bytes back
Round trip time was 29.606 milliseconds in repetition 391
tcp_ping received 49152 bytes back
Round trip time was 22.1439 milliseconds in repetition 392
tcp_ping received 49152 bytes back
Round trip time was 23.1756 milliseconds in repetition 393
tcp_ping received 49152 bytes back
Round trip time was 23.0942 milliseconds in repetition 394
tcp_ping received 49152 bytes back
Round trip time was 23.9263 milliseconds in repetition 395
tcp_ping received 49152 bytes back
Round trip time was 25.9275 milliseconds in repetition 396
tcp_ping received 49152 bytes back
Round trip time was 23.6441 milliseconds in repetition 397
tcp_ping received 49152 bytes back
Round trip time was 21.9895 milliseconds in repetition 398
tcp_ping received 49152 bytes back
Round trip time was 25.9126 milliseconds in repetition 399
tcp_ping received 49152 bytes back
Round trip time was 29.3964 milliseconds in repetition 400
tcp_ping received 49152 bytes back
Round trip time was 25.2383 milliseconds in repetition 401
tcp_ping received 49152 bytes back
Round trip time was 36.0711 milliseconds in repetition 402
tcp_ping received 49152 bytes back
Round trip time was 58.0279 milliseconds in repetition 403
tcp_ping received 49152 bytes back
Round trip time was 28.0486 milliseconds in repetition 404
tcp_ping received 49152 bytes back
Round trip time was 33.3917 milliseconds in repetition 405
tcp_ping received 49152 bytes back
Round trip time was 32.7739 milliseconds in repetition 406
tcp_ping received 49152 bytes back
Round trip time was 39.0268 milliseconds in repetition 407
tcp_ping received 49152 bytes back
Round trip time was 28.9838 milliseconds in repetition 408
tcp_ping received 49152 bytes back
Round trip time was 46.4057 milliseconds in repetition 409
tcp_ping received 49152 bytes back
Round trip time was 27.7985 milliseconds in repetition 410
tcp_ping received 49152 bytes back
Round trip time was 25.8218 milliseconds in repetition 411
tcp_ping received 49152 bytes back
Round trip time was 38.4113 milliseconds in repetition 412
tcp_ping received 49152 bytes back
Round trip time was 31.7236 milliseconds in repetition 413
tcp_ping received 49152 bytes back
Round trip time was 26.4441 milliseconds in repetition 414
tcp_ping received 49152 bytes back
Round trip time was 31.3548 milliseconds in repetition 415
tcp_ping received 49152 bytes back
Round trip time was 24.7072 milliseconds in repetition 416
tcp_ping received 49152 bytes back
Round trip time was 27.5777 milliseconds in repetition 417
tcp_ping received 49152 bytes back
Round trip time was 31.6509 milliseconds in repetition 418
tcp_ping received 49152 bytes back
Round trip time was 30.4449 milliseconds in repetition 419
tcp_ping received 49152 bytes back
Round trip time was 32.1426 milliseconds in repetition 420
tcp_ping received 49152 bytes back
Round trip time was 24.7235 milliseconds in repetition 421
tcp_ping received 49152 bytes back
Round trip time was 36.2117 milliseconds in repetition 422
tcp_ping received 49152 bytes back
Round trip time was 29.7255 milliseconds in repetition 423
tcp_ping received 49152 bytes back
Round trip time was 27.8287 milliseconds in repetition 424
tcp_ping received 49152 bytes back
Round trip time was 27.0288 milliseconds in repetition 425
tcp_ping received 49152 bytes back
Round trip time was 25.8563 milliseconds in repetition 426
tcp_ping received 49152 bytes back
Round trip time was 29.1255 milliseconds in repetition 427
tcp_ping received 49152 bytes back
Round trip time was 25.7359 milliseconds in repetition 428
tcp_ping received 49152 bytes back
Round trip time was 25.4597 milliseconds in repetition 429
tcp_ping received 49152 bytes back
Round trip time was 25.2955 milliseconds in repetition 430
tcp_ping received 49152 bytes back
Round trip time was 27.706 milliseconds in repetition 431
tcp_ping received 49152 bytes back
Round trip time was 28.6361 milliseconds in repetition 432
tcp_ping received 49152 bytes back
Round trip time was 29.6018 milliseconds in repetition 433
tcp_ping received 49152 bytes back
Round trip time was 23.9473 milliseconds in repetition 434
tcp_ping received 49152 bytes back
Round trip time was 24.9451 milliseconds in repetition 435
tcp_ping received 49152 bytes back
Round trip time was 24.6902 milliseconds in repetition 436
tcp_ping received 49152 bytes back
Round trip time was 29.2404 milliseconds in repetition 437
tcp_ping received 49152 bytes back
Round trip time was 28.8417 milliseconds in repetition 438
tcp_ping received 49152 bytes back
Round trip time was 29.3122 milliseconds in repetition 439
tcp_ping received 49152 bytes back
Round trip time was 27.9339 milliseconds in repetition 440
tcp_ping received 49152 bytes back
Round trip time was 26.1175 milliseconds in repetition 441
tcp_ping received 49152 bytes back
Round trip time was 31.5846 milliseconds in repetition 442
tcp_ping received 49152 bytes back
Round trip time was 27.426 milliseconds in repetition 443
tcp_ping received 49152 bytes back
Round trip time was 38.2609 milliseconds in repetition 444
tcp_ping received 49152 bytes back
Round trip time was 28.6416 milliseconds in repetition 445
tcp_ping received 49152 bytes back
Round trip time was 29.0886 milliseconds in repetition 446
tcp_ping received 49152 bytes back
Round trip time was 25.582 milliseconds in repetition 447
tcp_ping received 49152 bytes back
Round trip time was 40.2844 milliseconds in repetition 448
tcp_ping received 49152 bytes back
Round trip time was 39.3455 milliseconds in repetition 449
tcp_ping received 49152 bytes back
Round trip time was 24.4871 milliseconds in repetition 450
tcp_ping received 49152 bytes back
Round trip time was 28.7773 milliseconds in repetition 451
tcp_ping received 49152 bytes back
Round trip time was 32.5727 milliseconds in repetition 452
tcp_ping received 49152 bytes back
Round trip time was 32.7915 milliseconds in repetition 453
tcp_ping received 49152 bytes back
Round trip time was 33.0886 milliseconds in repetition 454
tcp_ping received 49152 bytes back
Round trip time was 37.765 milliseconds in repetition 455
tcp_ping received 49152 bytes back
Round trip time was 26.105 milliseconds in repetition 456
tcp_ping received 49152 bytes back
Round trip time was 33.5371 milliseconds in repetition 457
tcp_ping received 49152 bytes back
Round trip time was 29.6569 milliseconds in repetition 458
tcp_ping received 49152 bytes back
Round trip time was 31.62 milliseconds in repetition 459
tcp_ping received 49152 bytes back
Round trip time was 32.63 milliseconds in repetition 460
tcp_ping received 49152 bytes back
Round trip time was 27.3647 milliseconds in repetition 461
tcp_ping received 49152 bytes back
Round trip time was 24.7895 milliseconds in repetition 462
tcp_ping received 49152 bytes back
Round trip time was 29.9748 milliseconds in repetition 463
tcp_ping received 49152 bytes back
Round trip time was 28.5145 milliseconds in repetition 464
tcp_ping received 49152 bytes back
Round trip time was 29.5361 milliseconds in repetition 465
tcp_ping received 49152 bytes back
Round trip time was 27.8744 milliseconds in repetition 466
tcp_ping received 49152 bytes back
Round trip time was 39.8279 milliseconds in repetition 467
tcp_ping received 49152 bytes back
Round trip time was 27.6127 milliseconds in repetition 468
tcp_ping received 49152 bytes back
Round trip time was 31.9836 milliseconds in repetition 469
tcp_ping received 49152 bytes back
Round trip time was 26.1262 milliseconds in repetition 470
tcp_ping received 49152 bytes back
Round trip time was 27.4693 milliseconds in repetition 471
tcp_ping received 49152 bytes back
Round trip time was 25.4373 milliseconds in repetition 472
tcp_ping received 49152 bytes back
Round trip time was 26.5062 milliseconds in repetition 473
tcp_ping received 49152 bytes back
Round trip time was 27.4654 milliseconds in repetition 474
tcp_ping received 49152 bytes back
Round trip time was 35.7009 milliseconds in repetition 475
tcp_ping received 49152 bytes back
Round trip time was 26.7905 milliseconds in repetition 476
tcp_ping received 49152 bytes back
Round trip time was 24.203 milliseconds in repetition 477
tcp_ping received 49152 bytes back
Round trip time was 30.52 milliseconds in repetition 478
tcp_ping received 49152 bytes back
Round trip time was 29.0587 milliseconds in repetition 479
tcp_ping received 49152 bytes back
Round trip time was 28.2931 milliseconds in repetition 480
tcp_ping received 49152 bytes back
Round trip time was 26.4554 milliseconds in repetition 481
tcp_ping received 49152 bytes back
Round trip time was 27.9314 milliseconds in repetition 482
tcp_ping received 49152 bytes back
Round trip time was 38.2342 milliseconds in repetition 483
tcp_ping received 49152 bytes back
Round trip time was 25.6858 milliseconds in repetition 484
tcp_ping received 49152 bytes back
Round trip time was 27.1213 milliseconds in repetition 485
tcp_ping received 49152 bytes back
Round trip time was 28.3188 milliseconds in repetition 486
tcp_ping received 49152 bytes back
Round trip time was 27.6511 milliseconds in repetition 487
tcp_ping received 49152 bytes back
Round trip time was 27.8463 milliseconds in repetition 488
tcp_ping received 49152 bytes back
Round trip time was 25.1963 milliseconds in repetition 489
tcp_ping received 49152 bytes back
Round trip time was 25.7867 milliseconds in repetition 490
tcp_ping received 49152 bytes back
Round trip time was 32.231 milliseconds in repetition 491
tcp_ping received 49152 bytes back
Round trip time was 25.7725 milliseconds in repetition 492
tcp_ping received 49152 bytes back
Round trip time was 39.0195 milliseconds in repetition 493
tcp_ping received 49152 bytes back
Round trip time was 32.6435 milliseconds in repetition 494
tcp_ping received 49152 bytes back
Round trip time was 30.314 milliseconds in repetition 495
tcp_ping received 49152 bytes back
Round trip time was 30.1872 milliseconds in repetition 496
tcp_ping received 49152 bytes back
Round trip time was 27.8915 milliseconds in repetition 497
tcp_ping received 49152 bytes back
Round trip time was 26.789 milliseconds in repetition 498
tcp_ping received 49152 bytes back
Round trip time was 27.1118 milliseconds in repetition 499
tcp_ping received 49152 bytes back
Round trip time was 36.5655 milliseconds in repetition 500
tcp_ping received 49152 bytes back
Round trip time was 26.9146 milliseconds in repetition 501

 ... clock resolution was 1e-06
TCP Ping:  Statistics over 501 repetitions of 49152 byte messages

RTT : percentile 10: 23.4548, median: 26.4294, percentile 90: 34.9623, average: 28.412, variance: 45.6911

RTT histogram:
21.7137 89
26.3165 249
30.9192 92
35.522 37
40.1247 20
44.7275 5
49.3302 3
53.933 2
58.5357 3
63.1385 0
67.7412 0
72.344 0
76.9467 0
81.5495 0
86.1522 0
90.755 0
95.3577 0
99.9605 0
104.563 0
109.166 0
113.769 1

   median Throughput : 3719.49 KB/s   overall Throughput : 3459.94 KB/s

