TCP Ping trying to connect to server seti.dibris.unige.it (130.251.61.30) on port 1491
 ... connected to Pong server: asking for 501 repetitions of 32 bytes TCP messages
Received answer: 'OK
'
 ... Pong server agreed :-)
tcp_ping received 32 bytes back
Round trip time was 22.6212 milliseconds in repetition 1
tcp_ping received 32 bytes back
Round trip time was 21.9708 milliseconds in repetition 2
tcp_ping received 32 bytes back
Round trip time was 22.566 milliseconds in repetition 3
tcp_ping received 32 bytes back
Round trip time was 21.3443 milliseconds in repetition 4
tcp_ping received 32 bytes back
Round trip time was 22.7968 milliseconds in repetition 5
tcp_ping received 32 bytes back
Round trip time was 24.604 milliseconds in repetition 6
tcp_ping received 32 bytes back
Round trip time was 21.6838 milliseconds in repetition 7
tcp_ping received 32 bytes back
Round trip time was 21.6331 milliseconds in repetition 8
tcp_ping received 32 bytes back
Round trip time was 23.9232 milliseconds in repetition 9
tcp_ping received 32 bytes back
Round trip time was 23.0323 milliseconds in repetition 10
tcp_ping received 32 bytes back
Round trip time was 23.2808 milliseconds in repetition 11
tcp_ping received 32 bytes back
Round trip time was 25.9087 milliseconds in repetition 12
tcp_ping received 32 bytes back
Round trip time was 21.4519 milliseconds in repetition 13
tcp_ping received 32 bytes back
Round trip time was 22.2492 milliseconds in repetition 14
tcp_ping received 32 bytes back
Round trip time was 21.0554 milliseconds in repetition 15
tcp_ping received 32 bytes back
Round trip time was 22.4979 milliseconds in repetition 16
tcp_ping received 32 bytes back
Round trip time was 22.1397 milliseconds in repetition 17
tcp_ping received 32 bytes back
Round trip time was 21.3993 milliseconds in repetition 18
tcp_ping received 32 bytes back
Round trip time was 21.3294 milliseconds in repetition 19
tcp_ping received 32 bytes back
Round trip time was 20.7329 milliseconds in repetition 20
tcp_ping received 32 bytes back
Round trip time was 22.8025 milliseconds in repetition 21
tcp_ping received 32 bytes back
Round trip time was 21.062 milliseconds in repetition 22
tcp_ping received 32 bytes back
Round trip time was 23.5786 milliseconds in repetition 23
tcp_ping received 32 bytes back
Round trip time was 23.0765 milliseconds in repetition 24
tcp_ping received 32 bytes back
Round trip time was 27.2593 milliseconds in repetition 25
tcp_ping received 32 bytes back
Round trip time was 21.9038 milliseconds in repetition 26
tcp_ping received 32 bytes back
Round trip time was 22.5846 milliseconds in repetition 27
tcp_ping received 32 bytes back
Round trip time was 19.9036 milliseconds in repetition 28
tcp_ping received 32 bytes back
Round trip time was 23.5653 milliseconds in repetition 29
tcp_ping received 32 bytes back
Round trip time was 21.6882 milliseconds in repetition 30
tcp_ping received 32 bytes back
Round trip time was 23.1666 milliseconds in repetition 31
tcp_ping received 32 bytes back
Round trip time was 22.0872 milliseconds in repetition 32
tcp_ping received 32 bytes back
Round trip time was 55.755 milliseconds in repetition 33
tcp_ping received 32 bytes back
Round trip time was 21.562 milliseconds in repetition 34
tcp_ping received 32 bytes back
Round trip time was 23.2375 milliseconds in repetition 35
tcp_ping received 32 bytes back
Round trip time was 34.6169 milliseconds in repetition 36
tcp_ping received 32 bytes back
Round trip time was 26.4412 milliseconds in repetition 37
tcp_ping received 32 bytes back
Round trip time was 21.6786 milliseconds in repetition 38
tcp_ping received 32 bytes back
Round trip time was 21.7778 milliseconds in repetition 39
tcp_ping received 32 bytes back
Round trip time was 24.2245 milliseconds in repetition 40
tcp_ping received 32 bytes back
Round trip time was 21.6542 milliseconds in repetition 41
tcp_ping received 32 bytes back
Round trip time was 22.2581 milliseconds in repetition 42
tcp_ping received 32 bytes back
Round trip time was 23.2455 milliseconds in repetition 43
tcp_ping received 32 bytes back
Round trip time was 29.5576 milliseconds in repetition 44
tcp_ping received 32 bytes back
Round trip time was 24.0434 milliseconds in repetition 45
tcp_ping received 32 bytes back
Round trip time was 20.4785 milliseconds in repetition 46
tcp_ping received 32 bytes back
Round trip time was 22.308 milliseconds in repetition 47
tcp_ping received 32 bytes back
Round trip time was 44.2797 milliseconds in repetition 48
tcp_ping received 32 bytes back
Round trip time was 22.2186 milliseconds in repetition 49
tcp_ping received 32 bytes back
Round trip time was 22.1814 milliseconds in repetition 50
tcp_ping received 32 bytes back
Round trip time was 20.7962 milliseconds in repetition 51
tcp_ping received 32 bytes back
Round trip time was 38.162 milliseconds in repetition 52
tcp_ping received 32 bytes back
Round trip time was 22.8394 milliseconds in repetition 53
tcp_ping received 32 bytes back
Round trip time was 23.2644 milliseconds in repetition 54
tcp_ping received 32 bytes back
Round trip time was 22.8829 milliseconds in repetition 55
tcp_ping received 32 bytes back
Round trip time was 23.5655 milliseconds in repetition 56
tcp_ping received 32 bytes back
Round trip time was 19.8771 milliseconds in repetition 57
tcp_ping received 32 bytes back
Round trip time was 20.2775 milliseconds in repetition 58
tcp_ping received 32 bytes back
Round trip time was 23.9456 milliseconds in repetition 59
tcp_ping received 32 bytes back
Round trip time was 20.1323 milliseconds in repetition 60
tcp_ping received 32 bytes back
Round trip time was 21.6042 milliseconds in repetition 61
tcp_ping received 32 bytes back
Round trip time was 19.8638 milliseconds in repetition 62
tcp_ping received 32 bytes back
Round trip time was 20.7492 milliseconds in repetition 63
tcp_ping received 32 bytes back
Round trip time was 20.1735 milliseconds in repetition 64
tcp_ping received 32 bytes back
Round trip time was 25.3756 milliseconds in repetition 65
tcp_ping received 32 bytes back
Round trip time was 20.4644 milliseconds in repetition 66
tcp_ping received 32 bytes back
Round trip time was 19.9105 milliseconds in repetition 67
tcp_ping received 32 bytes back
Round trip time was 20.4797 milliseconds in repetition 68
tcp_ping received 32 bytes back
Round trip time was 21.5439 milliseconds in repetition 69
tcp_ping received 32 bytes back
Round trip time was 20.1324 milliseconds in repetition 70
tcp_ping received 32 bytes back
Round trip time was 20.7016 milliseconds in repetition 71
tcp_ping received 32 bytes back
Round trip time was 20.3229 milliseconds in repetition 72
tcp_ping received 32 bytes back
Round trip time was 20.6612 milliseconds in repetition 73
tcp_ping received 32 bytes back
Round trip time was 24.5691 milliseconds in repetition 74
tcp_ping received 32 bytes back
Round trip time was 20.8395 milliseconds in repetition 75
tcp_ping received 32 bytes back
Round trip time was 20.2561 milliseconds in repetition 76
tcp_ping received 32 bytes back
Round trip time was 19.3473 milliseconds in repetition 77
tcp_ping received 32 bytes back
Round trip time was 21.9173 milliseconds in repetition 78
tcp_ping received 32 bytes back
Round trip time was 20.6933 milliseconds in repetition 79
tcp_ping received 32 bytes back
Round trip time was 20.4495 milliseconds in repetition 80
tcp_ping received 32 bytes back
Round trip time was 20.2733 milliseconds in repetition 81
tcp_ping received 32 bytes back
Round trip time was 20.0836 milliseconds in repetition 82
tcp_ping received 32 bytes back
Round trip time was 20.7855 milliseconds in repetition 83
tcp_ping received 32 bytes back
Round trip time was 20.0461 milliseconds in repetition 84
tcp_ping received 32 bytes back
Round trip time was 21.6994 milliseconds in repetition 85
tcp_ping received 32 bytes back
Round trip time was 26.6181 milliseconds in repetition 86
tcp_ping received 32 bytes back
Round trip time was 22.1041 milliseconds in repetition 87
tcp_ping received 32 bytes back
Round trip time was 23.617 milliseconds in repetition 88
tcp_ping received 32 bytes back
Round trip time was 19.571 milliseconds in repetition 89
tcp_ping received 32 bytes back
Round trip time was 20.38 milliseconds in repetition 90
tcp_ping received 32 bytes back
Round trip time was 20.7692 milliseconds in repetition 91
tcp_ping received 32 bytes back
Round trip time was 21.021 milliseconds in repetition 92
tcp_ping received 32 bytes back
Round trip time was 20.5074 milliseconds in repetition 93
tcp_ping received 32 bytes back
Round trip time was 20.7146 milliseconds in repetition 94
tcp_ping received 32 bytes back
Round trip time was 21.1732 milliseconds in repetition 95
tcp_ping received 32 bytes back
Round trip time was 20.6118 milliseconds in repetition 96
tcp_ping received 32 bytes back
Round trip time was 20.8547 milliseconds in repetition 97
tcp_ping received 32 bytes back
Round trip time was 20.3164 milliseconds in repetition 98
tcp_ping received 32 bytes back
Round trip time was 20.0529 milliseconds in repetition 99
tcp_ping received 32 bytes back
Round trip time was 19.988 milliseconds in repetition 100
tcp_ping received 32 bytes back
Round trip time was 25.5548 milliseconds in repetition 101
tcp_ping received 32 bytes back
Round trip time was 19.9358 milliseconds in repetition 102
tcp_ping received 32 bytes back
Round trip time was 20.8172 milliseconds in repetition 103
tcp_ping received 32 bytes back
Round trip time was 21.2821 milliseconds in repetition 104
tcp_ping received 32 bytes back
Round trip time was 22.8298 milliseconds in repetition 105
tcp_ping received 32 bytes back
Round trip time was 22.5749 milliseconds in repetition 106
tcp_ping received 32 bytes back
Round trip time was 21.559 milliseconds in repetition 107
tcp_ping received 32 bytes back
Round trip time was 20.6306 milliseconds in repetition 108
tcp_ping received 32 bytes back
Round trip time was 21.3495 milliseconds in repetition 109
tcp_ping received 32 bytes back
Round trip time was 22.9334 milliseconds in repetition 110
tcp_ping received 32 bytes back
Round trip time was 19.897 milliseconds in repetition 111
tcp_ping received 32 bytes back
Round trip time was 20.1083 milliseconds in repetition 112
tcp_ping received 32 bytes back
Round trip time was 21.0353 milliseconds in repetition 113
tcp_ping received 32 bytes back
Round trip time was 20.2213 milliseconds in repetition 114
tcp_ping received 32 bytes back
Round trip time was 21.0857 milliseconds in repetition 115
tcp_ping received 32 bytes back
Round trip time was 20.8683 milliseconds in repetition 116
tcp_ping received 32 bytes back
Round trip time was 20.5653 milliseconds in repetition 117
tcp_ping received 32 bytes back
Round trip time was 20.2953 milliseconds in repetition 118
tcp_ping received 32 bytes back
Round trip time was 20.1622 milliseconds in repetition 119
tcp_ping received 32 bytes back
Round trip time was 21.5524 milliseconds in repetition 120
tcp_ping received 32 bytes back
Round trip time was 19.9537 milliseconds in repetition 121
tcp_ping received 32 bytes back
Round trip time was 19.3908 milliseconds in repetition 122
tcp_ping received 32 bytes back
Round trip time was 20.4608 milliseconds in repetition 123
tcp_ping received 32 bytes back
Round trip time was 20.0677 milliseconds in repetition 124
tcp_ping received 32 bytes back
Round trip time was 21.2056 milliseconds in repetition 125
tcp_ping received 32 bytes back
Round trip time was 19.3399 milliseconds in repetition 126
tcp_ping received 32 bytes back
Round trip time was 20.1343 milliseconds in repetition 127
tcp_ping received 32 bytes back
Round trip time was 19.7473 milliseconds in repetition 128
tcp_ping received 32 bytes back
Round trip time was 20.4371 milliseconds in repetition 129
tcp_ping received 32 bytes back
Round trip time was 21.8491 milliseconds in repetition 130
tcp_ping received 32 bytes back
Round trip time was 19.8241 milliseconds in repetition 131
tcp_ping received 32 bytes back
Round trip time was 20.7196 milliseconds in repetition 132
tcp_ping received 32 bytes back
Round trip time was 19.4581 milliseconds in repetition 133
tcp_ping received 32 bytes back
Round trip time was 20.2413 milliseconds in repetition 134
tcp_ping received 32 bytes back
Round trip time was 20.1679 milliseconds in repetition 135
tcp_ping received 32 bytes back
Round trip time was 19.105 milliseconds in repetition 136
tcp_ping received 32 bytes back
Round trip time was 20.7602 milliseconds in repetition 137
tcp_ping received 32 bytes back
Round trip time was 21.3675 milliseconds in repetition 138
tcp_ping received 32 bytes back
Round trip time was 20.474 milliseconds in repetition 139
tcp_ping received 32 bytes back
Round trip time was 21.2813 milliseconds in repetition 140
tcp_ping received 32 bytes back
Round trip time was 20.3967 milliseconds in repetition 141
tcp_ping received 32 bytes back
Round trip time was 19.7852 milliseconds in repetition 142
tcp_ping received 32 bytes back
Round trip time was 20.9341 milliseconds in repetition 143
tcp_ping received 32 bytes back
Round trip time was 20.1638 milliseconds in repetition 144
tcp_ping received 32 bytes back
Round trip time was 20.4261 milliseconds in repetition 145
tcp_ping received 32 bytes back
Round trip time was 20.454 milliseconds in repetition 146
tcp_ping received 32 bytes back
Round trip time was 20.513 milliseconds in repetition 147
tcp_ping received 32 bytes back
Round trip time was 20.9086 milliseconds in repetition 148
tcp_ping received 32 bytes back
Round trip time was 59.34 milliseconds in repetition 149
tcp_ping received 32 bytes back
Round trip time was 20.0909 milliseconds in repetition 150
tcp_ping received 32 bytes back
Round trip time was 20.5115 milliseconds in repetition 151
tcp_ping received 32 bytes back
Round trip time was 68.5351 milliseconds in repetition 152
tcp_ping received 32 bytes back
Round trip time was 20.2319 milliseconds in repetition 153
tcp_ping received 32 bytes back
Round trip time was 22.6409 milliseconds in repetition 154
tcp_ping received 32 bytes back
Round trip time was 25.9247 milliseconds in repetition 155
tcp_ping received 32 bytes back
Round trip time was 20.9857 milliseconds in repetition 156
tcp_ping received 32 bytes back
Round trip time was 21.8177 milliseconds in repetition 157
tcp_ping received 32 bytes back
Round trip time was 22.5966 milliseconds in repetition 158
tcp_ping received 32 bytes back
Round trip time was 25.8908 milliseconds in repetition 159
tcp_ping received 32 bytes back
Round trip time was 19.3435 milliseconds in repetition 160
tcp_ping received 32 bytes back
Round trip time was 20.0742 milliseconds in repetition 161
tcp_ping received 32 bytes back
Round trip time was 22.3942 milliseconds in repetition 162
tcp_ping received 32 bytes back
Round trip time was 20.306 milliseconds in repetition 163
tcp_ping received 32 bytes back
Round trip time was 19.3804 milliseconds in repetition 164
tcp_ping received 32 bytes back
Round trip time was 19.8059 milliseconds in repetition 165
tcp_ping received 32 bytes back
Round trip time was 19.5922 milliseconds in repetition 166
tcp_ping received 32 bytes back
Round trip time was 21.9941 milliseconds in repetition 167
tcp_ping received 32 bytes back
Round trip time was 21.9631 milliseconds in repetition 168
tcp_ping received 32 bytes back
Round trip time was 20.635 milliseconds in repetition 169
tcp_ping received 32 bytes back
Round trip time was 27.4006 milliseconds in repetition 170
tcp_ping received 32 bytes back
Round trip time was 20.7224 milliseconds in repetition 171
tcp_ping received 32 bytes back
Round trip time was 20.8069 milliseconds in repetition 172
tcp_ping received 32 bytes back
Round trip time was 20.2471 milliseconds in repetition 173
tcp_ping received 32 bytes back
Round trip time was 20.8898 milliseconds in repetition 174
tcp_ping received 32 bytes back
Round trip time was 20.8456 milliseconds in repetition 175
tcp_ping received 32 bytes back
Round trip time was 20.2434 milliseconds in repetition 176
tcp_ping received 32 bytes back
Round trip time was 21.9083 milliseconds in repetition 177
tcp_ping received 32 bytes back
Round trip time was 20.8959 milliseconds in repetition 178
tcp_ping received 32 bytes back
Round trip time was 21.0626 milliseconds in repetition 179
tcp_ping received 32 bytes back
Round trip time was 20.4526 milliseconds in repetition 180
tcp_ping received 32 bytes back
Round trip time was 20.9491 milliseconds in repetition 181
tcp_ping received 32 bytes back
Round trip time was 20.3123 milliseconds in repetition 182
tcp_ping received 32 bytes back
Round trip time was 20.5501 milliseconds in repetition 183
tcp_ping received 32 bytes back
Round trip time was 19.8571 milliseconds in repetition 184
tcp_ping received 32 bytes back
Round trip time was 21.206 milliseconds in repetition 185
tcp_ping received 32 bytes back
Round trip time was 21.7082 milliseconds in repetition 186
tcp_ping received 32 bytes back
Round trip time was 20.7046 milliseconds in repetition 187
tcp_ping received 32 bytes back
Round trip time was 21.352 milliseconds in repetition 188
tcp_ping received 32 bytes back
Round trip time was 21.0177 milliseconds in repetition 189
tcp_ping received 32 bytes back
Round trip time was 21.0017 milliseconds in repetition 190
tcp_ping received 32 bytes back
Round trip time was 21.7533 milliseconds in repetition 191
tcp_ping received 32 bytes back
Round trip time was 26.7376 milliseconds in repetition 192
tcp_ping received 32 bytes back
Round trip time was 21.1288 milliseconds in repetition 193
tcp_ping received 32 bytes back
Round trip time was 64.1607 milliseconds in repetition 194
tcp_ping received 32 bytes back
Round trip time was 20.6207 milliseconds in repetition 195
tcp_ping received 32 bytes back
Round trip time was 25.9103 milliseconds in repetition 196
tcp_ping received 32 bytes back
Round trip time was 21.0293 milliseconds in repetition 197
tcp_ping received 32 bytes back
Round trip time was 21.1397 milliseconds in repetition 198
tcp_ping received 32 bytes back
Round trip time was 20.4609 milliseconds in repetition 199
tcp_ping received 32 bytes back
Round trip time was 22.3605 milliseconds in repetition 200
tcp_ping received 32 bytes back
Round trip time was 24.4336 milliseconds in repetition 201
tcp_ping received 32 bytes back
Round trip time was 21.6377 milliseconds in repetition 202
tcp_ping received 32 bytes back
Round trip time was 21.885 milliseconds in repetition 203
tcp_ping received 32 bytes back
Round trip time was 20.3278 milliseconds in repetition 204
tcp_ping received 32 bytes back
Round trip time was 24.2726 milliseconds in repetition 205
tcp_ping received 32 bytes back
Round trip time was 19.8101 milliseconds in repetition 206
tcp_ping received 32 bytes back
Round trip time was 21.9968 milliseconds in repetition 207
tcp_ping received 32 bytes back
Round trip time was 20.6865 milliseconds in repetition 208
tcp_ping received 32 bytes back
Round trip time was 20.1037 milliseconds in repetition 209
tcp_ping received 32 bytes back
Round trip time was 24.8297 milliseconds in repetition 210
tcp_ping received 32 bytes back
Round trip time was 19.9078 milliseconds in repetition 211
tcp_ping received 32 bytes back
Round trip time was 21.3361 milliseconds in repetition 212
tcp_ping received 32 bytes back
Round trip time was 20.7749 milliseconds in repetition 213
tcp_ping received 32 bytes back
Round trip time was 19.6827 milliseconds in repetition 214
tcp_ping received 32 bytes back
Round trip time was 19.9036 milliseconds in repetition 215
tcp_ping received 32 bytes back
Round trip time was 20.142 milliseconds in repetition 216
tcp_ping received 32 bytes back
Round trip time was 21.8333 milliseconds in repetition 217
tcp_ping received 32 bytes back
Round trip time was 19.8807 milliseconds in repetition 218
tcp_ping received 32 bytes back
Round trip time was 20.3942 milliseconds in repetition 219
tcp_ping received 32 bytes back
Round trip time was 20.528 milliseconds in repetition 220
tcp_ping received 32 bytes back
Round trip time was 20.0236 milliseconds in repetition 221
tcp_ping received 32 bytes back
Round trip time was 19.3418 milliseconds in repetition 222
tcp_ping received 32 bytes back
Round trip time was 20.5783 milliseconds in repetition 223
tcp_ping received 32 bytes back
Round trip time was 52.0341 milliseconds in repetition 224
tcp_ping received 32 bytes back
Round trip time was 19.6168 milliseconds in repetition 225
tcp_ping received 32 bytes back
Round trip time was 20.5888 milliseconds in repetition 226
tcp_ping received 32 bytes back
Round trip time was 20.5081 milliseconds in repetition 227
tcp_ping received 32 bytes back
Round trip time was 31.2233 milliseconds in repetition 228
tcp_ping received 32 bytes back
Round trip time was 22.2194 milliseconds in repetition 229
tcp_ping received 32 bytes back
Round trip time was 22.4364 milliseconds in repetition 230
tcp_ping received 32 bytes back
Round trip time was 28.3461 milliseconds in repetition 231
tcp_ping received 32 bytes back
Round trip time was 19.4434 milliseconds in repetition 232
tcp_ping received 32 bytes back
Round trip time was 19.03 milliseconds in repetition 233
tcp_ping received 32 bytes back
Round trip time was 36.1928 milliseconds in repetition 234
tcp_ping received 32 bytes back
Round trip time was 20.3009 milliseconds in repetition 235
tcp_ping received 32 bytes back
Round trip time was 19.1584 milliseconds in repetition 236
tcp_ping received 32 bytes back
Round trip time was 20.6869 milliseconds in repetition 237
tcp_ping received 32 bytes back
Round trip time was 20.2562 milliseconds in repetition 238
tcp_ping received 32 bytes back
Round trip time was 20.6813 milliseconds in repetition 239
tcp_ping received 32 bytes back
Round trip time was 19.8181 milliseconds in repetition 240
tcp_ping received 32 bytes back
Round trip time was 19.6751 milliseconds in repetition 241
tcp_ping received 32 bytes back
Round trip time was 19.1602 milliseconds in repetition 242
tcp_ping received 32 bytes back
Round trip time was 19.6269 milliseconds in repetition 243
tcp_ping received 32 bytes back
Round trip time was 21.3037 milliseconds in repetition 244
tcp_ping received 32 bytes back
Round trip time was 20.2203 milliseconds in repetition 245
tcp_ping received 32 bytes back
Round trip time was 19.4364 milliseconds in repetition 246
tcp_ping received 32 bytes back
Round trip time was 20.7004 milliseconds in repetition 247
tcp_ping received 32 bytes back
Round trip time was 19.2313 milliseconds in repetition 248
tcp_ping received 32 bytes back
Round trip time was 20.17 milliseconds in repetition 249
tcp_ping received 32 bytes back
Round trip time was 19.0936 milliseconds in repetition 250
tcp_ping received 32 bytes back
Round trip time was 19.5711 milliseconds in repetition 251
tcp_ping received 32 bytes back
Round trip time was 20.4819 milliseconds in repetition 252
tcp_ping received 32 bytes back
Round trip time was 20.2343 milliseconds in repetition 253
tcp_ping received 32 bytes back
Round trip time was 25.7213 milliseconds in repetition 254
tcp_ping received 32 bytes back
Round trip time was 20.1859 milliseconds in repetition 255
tcp_ping received 32 bytes back
Round trip time was 19.2554 milliseconds in repetition 256
tcp_ping received 32 bytes back
Round trip time was 21.5565 milliseconds in repetition 257
tcp_ping received 32 bytes back
Round trip time was 20.251 milliseconds in repetition 258
tcp_ping received 32 bytes back
Round trip time was 25.0561 milliseconds in repetition 259
tcp_ping received 32 bytes back
Round trip time was 24.473 milliseconds in repetition 260
tcp_ping received 32 bytes back
Round trip time was 22.0748 milliseconds in repetition 261
tcp_ping received 32 bytes back
Round trip time was 30.6295 milliseconds in repetition 262
tcp_ping received 32 bytes back
Round trip time was 22.5844 milliseconds in repetition 263
tcp_ping received 32 bytes back
Round trip time was 22.4301 milliseconds in repetition 264
tcp_ping received 32 bytes back
Round trip time was 25.0928 milliseconds in repetition 265
tcp_ping received 32 bytes back
Round trip time was 38.8431 milliseconds in repetition 266
tcp_ping received 32 bytes back
Round trip time was 20.3355 milliseconds in repetition 267
tcp_ping received 32 bytes back
Round trip time was 21.7168 milliseconds in repetition 268
tcp_ping received 32 bytes back
Round trip time was 26.9779 milliseconds in repetition 269
tcp_ping received 32 bytes back
Round trip time was 23.9243 milliseconds in repetition 270
tcp_ping received 32 bytes back
Round trip time was 21.6491 milliseconds in repetition 271
tcp_ping received 32 bytes back
Round trip time was 25.336 milliseconds in repetition 272
tcp_ping received 32 bytes back
Round trip time was 20.4458 milliseconds in repetition 273
tcp_ping received 32 bytes back
Round trip time was 24.8142 milliseconds in repetition 274
tcp_ping received 32 bytes back
Round trip time was 22.4723 milliseconds in repetition 275
tcp_ping received 32 bytes back
Round trip time was 23.8872 milliseconds in repetition 276
tcp_ping received 32 bytes back
Round trip time was 23.6336 milliseconds in repetition 277
tcp_ping received 32 bytes back
Round trip time was 29.0393 milliseconds in repetition 278
tcp_ping received 32 bytes back
Round trip time was 26.3683 milliseconds in repetition 279
tcp_ping received 32 bytes back
Round trip time was 25.5711 milliseconds in repetition 280
tcp_ping received 32 bytes back
Round trip time was 29.3223 milliseconds in repetition 281
tcp_ping received 32 bytes back
Round trip time was 27.7103 milliseconds in repetition 282
tcp_ping received 32 bytes back
Round trip time was 25.5601 milliseconds in repetition 283
tcp_ping received 32 bytes back
Round trip time was 22.0891 milliseconds in repetition 284
tcp_ping received 32 bytes back
Round trip time was 29.8574 milliseconds in repetition 285
tcp_ping received 32 bytes back
Round trip time was 29.1035 milliseconds in repetition 286
tcp_ping received 32 bytes back
Round trip time was 27.9811 milliseconds in repetition 287
tcp_ping received 32 bytes back
Round trip time was 27.4237 milliseconds in repetition 288
tcp_ping received 32 bytes back
Round trip time was 20.5357 milliseconds in repetition 289
tcp_ping received 32 bytes back
Round trip time was 22.4603 milliseconds in repetition 290
tcp_ping received 32 bytes back
Round trip time was 27.9471 milliseconds in repetition 291
tcp_ping received 32 bytes back
Round trip time was 21.1018 milliseconds in repetition 292
tcp_ping received 32 bytes back
Round trip time was 24.4246 milliseconds in repetition 293
tcp_ping received 32 bytes back
Round trip time was 28.802 milliseconds in repetition 294
tcp_ping received 32 bytes back
Round trip time was 28.2963 milliseconds in repetition 295
tcp_ping received 32 bytes back
Round trip time was 21.9886 milliseconds in repetition 296
tcp_ping received 32 bytes back
Round trip time was 26.9073 milliseconds in repetition 297
tcp_ping received 32 bytes back
Round trip time was 25.8035 milliseconds in repetition 298
tcp_ping received 32 bytes back
Round trip time was 36.8269 milliseconds in repetition 299
tcp_ping received 32 bytes back
Round trip time was 30.3419 milliseconds in repetition 300
tcp_ping received 32 bytes back
Round trip time was 25.5792 milliseconds in repetition 301
tcp_ping received 32 bytes back
Round trip time was 25.1618 milliseconds in repetition 302
tcp_ping received 32 bytes back
Round trip time was 21.2568 milliseconds in repetition 303
tcp_ping received 32 bytes back
Round trip time was 20.5397 milliseconds in repetition 304
tcp_ping received 32 bytes back
Round trip time was 24.1288 milliseconds in repetition 305
tcp_ping received 32 bytes back
Round trip time was 25.6442 milliseconds in repetition 306
tcp_ping received 32 bytes back
Round trip time was 27.1756 milliseconds in repetition 307
tcp_ping received 32 bytes back
Round trip time was 27.3771 milliseconds in repetition 308
tcp_ping received 32 bytes back
Round trip time was 24.7321 milliseconds in repetition 309
tcp_ping received 32 bytes back
Round trip time was 25.8098 milliseconds in repetition 310
tcp_ping received 32 bytes back
Round trip time was 21.5383 milliseconds in repetition 311
tcp_ping received 32 bytes back
Round trip time was 30.4694 milliseconds in repetition 312
tcp_ping received 32 bytes back
Round trip time was 19.971 milliseconds in repetition 313
tcp_ping received 32 bytes back
Round trip time was 21.4133 milliseconds in repetition 314
tcp_ping received 32 bytes back
Round trip time was 28.1054 milliseconds in repetition 315
tcp_ping received 32 bytes back
Round trip time was 22.6722 milliseconds in repetition 316
tcp_ping received 32 bytes back
Round trip time was 21.1297 milliseconds in repetition 317
tcp_ping received 32 bytes back
Round trip time was 34.0216 milliseconds in repetition 318
tcp_ping received 32 bytes back
Round trip time was 21.3751 milliseconds in repetition 319
tcp_ping received 32 bytes back
Round trip time was 21.9374 milliseconds in repetition 320
tcp_ping received 32 bytes back
Round trip time was 19.5045 milliseconds in repetition 321
tcp_ping received 32 bytes back
Round trip time was 20.7055 milliseconds in repetition 322
tcp_ping received 32 bytes back
Round trip time was 19.9968 milliseconds in repetition 323
tcp_ping received 32 bytes back
Round trip time was 22.5371 milliseconds in repetition 324
tcp_ping received 32 bytes back
Round trip time was 20.2956 milliseconds in repetition 325
tcp_ping received 32 bytes back
Round trip time was 22.5712 milliseconds in repetition 326
tcp_ping received 32 bytes back
Round trip time was 22.3597 milliseconds in repetition 327
tcp_ping received 32 bytes back
Round trip time was 28.9163 milliseconds in repetition 328
tcp_ping received 32 bytes back
Round trip time was 20.8908 milliseconds in repetition 329
tcp_ping received 32 bytes back
Round trip time was 22.0661 milliseconds in repetition 330
tcp_ping received 32 bytes back
Round trip time was 24.124 milliseconds in repetition 331
tcp_ping received 32 bytes back
Round trip time was 20.526 milliseconds in repetition 332
tcp_ping received 32 bytes back
Round trip time was 22.7131 milliseconds in repetition 333
tcp_ping received 32 bytes back
Round trip time was 20.5399 milliseconds in repetition 334
tcp_ping received 32 bytes back
Round trip time was 21.5284 milliseconds in repetition 335
tcp_ping received 32 bytes back
Round trip time was 21.8657 milliseconds in repetition 336
tcp_ping received 32 bytes back
Round trip time was 19.0384 milliseconds in repetition 337
tcp_ping received 32 bytes back
Round trip time was 25.0202 milliseconds in repetition 338
tcp_ping received 32 bytes back
Round trip time was 22.2887 milliseconds in repetition 339
tcp_ping received 32 bytes back
Round trip time was 22.4393 milliseconds in repetition 340
tcp_ping received 32 bytes back
Round trip time was 21.5884 milliseconds in repetition 341
tcp_ping received 32 bytes back
Round trip time was 19.84 milliseconds in repetition 342
tcp_ping received 32 bytes back
Round trip time was 20.174 milliseconds in repetition 343
tcp_ping received 32 bytes back
Round trip time was 20.4973 milliseconds in repetition 344
tcp_ping received 32 bytes back
Round trip time was 23.598 milliseconds in repetition 345
tcp_ping received 32 bytes back
Round trip time was 27.5258 milliseconds in repetition 346
tcp_ping received 32 bytes back
Round trip time was 23.6904 milliseconds in repetition 347
tcp_ping received 32 bytes back
Round trip time was 21.6859 milliseconds in repetition 348
tcp_ping received 32 bytes back
Round trip time was 26.6968 milliseconds in repetition 349
tcp_ping received 32 bytes back
Round trip time was 38.1137 milliseconds in repetition 350
tcp_ping received 32 bytes back
Round trip time was 33.3329 milliseconds in repetition 351
tcp_ping received 32 bytes back
Round trip time was 26.0841 milliseconds in repetition 352
tcp_ping received 32 bytes back
Round trip time was 28.2905 milliseconds in repetition 353
tcp_ping received 32 bytes back
Round trip time was 20.4822 milliseconds in repetition 354
tcp_ping received 32 bytes back
Round trip time was 22.3653 milliseconds in repetition 355
tcp_ping received 32 bytes back
Round trip time was 21.2281 milliseconds in repetition 356
tcp_ping received 32 bytes back
Round trip time was 29.8836 milliseconds in repetition 357
tcp_ping received 32 bytes back
Round trip time was 23.3001 milliseconds in repetition 358
tcp_ping received 32 bytes back
Round trip time was 20.2803 milliseconds in repetition 359
tcp_ping received 32 bytes back
Round trip time was 20.1785 milliseconds in repetition 360
tcp_ping received 32 bytes back
Round trip time was 21.4245 milliseconds in repetition 361
tcp_ping received 32 bytes back
Round trip time was 25.7966 milliseconds in repetition 362
tcp_ping received 32 bytes back
Round trip time was 23.146 milliseconds in repetition 363
tcp_ping received 32 bytes back
Round trip time was 19.815 milliseconds in repetition 364
tcp_ping received 32 bytes back
Round trip time was 20.1874 milliseconds in repetition 365
tcp_ping received 32 bytes back
Round trip time was 21.5154 milliseconds in repetition 366
tcp_ping received 32 bytes back
Round trip time was 23.0453 milliseconds in repetition 367
tcp_ping received 32 bytes back
Round trip time was 22.3127 milliseconds in repetition 368
tcp_ping received 32 bytes back
Round trip time was 20.0971 milliseconds in repetition 369
tcp_ping received 32 bytes back
Round trip time was 20.3574 milliseconds in repetition 370
tcp_ping received 32 bytes back
Round trip time was 24.0572 milliseconds in repetition 371
tcp_ping received 32 bytes back
Round trip time was 23.8979 milliseconds in repetition 372
tcp_ping received 32 bytes back
Round trip time was 22.6962 milliseconds in repetition 373
tcp_ping received 32 bytes back
Round trip time was 23.3531 milliseconds in repetition 374
tcp_ping received 32 bytes back
Round trip time was 22.1247 milliseconds in repetition 375
tcp_ping received 32 bytes back
Round trip time was 25.7949 milliseconds in repetition 376
tcp_ping received 32 bytes back
Round trip time was 40.8528 milliseconds in repetition 377
tcp_ping received 32 bytes back
Round trip time was 30.9304 milliseconds in repetition 378
tcp_ping received 32 bytes back
Round trip time was 23.0028 milliseconds in repetition 379
tcp_ping received 32 bytes back
Round trip time was 30.3159 milliseconds in repetition 380
tcp_ping received 32 bytes back
Round trip time was 22.6636 milliseconds in repetition 381
tcp_ping received 32 bytes back
Round trip time was 26.5431 milliseconds in repetition 382
tcp_ping received 32 bytes back
Round trip time was 28.7605 milliseconds in repetition 383
tcp_ping received 32 bytes back
Round trip time was 29.8091 milliseconds in repetition 384
tcp_ping received 32 bytes back
Round trip time was 20.152 milliseconds in repetition 385
tcp_ping received 32 bytes back
Round trip time was 29.2535 milliseconds in repetition 386
tcp_ping received 32 bytes back
Round trip time was 20.0709 milliseconds in repetition 387
tcp_ping received 32 bytes back
Round trip time was 22.2958 milliseconds in repetition 388
tcp_ping received 32 bytes back
Round trip time was 19.479 milliseconds in repetition 389
tcp_ping received 32 bytes back
Round trip time was 21.6202 milliseconds in repetition 390
tcp_ping received 32 bytes back
Round trip time was 19.7096 milliseconds in repetition 391
tcp_ping received 32 bytes back
Round trip time was 21.6492 milliseconds in repetition 392
tcp_ping received 32 bytes back
Round trip time was 21.4249 milliseconds in repetition 393
tcp_ping received 32 bytes back
Round trip time was 22.5119 milliseconds in repetition 394
tcp_ping received 32 bytes back
Round trip time was 20.4525 milliseconds in repetition 395
tcp_ping received 32 bytes back
Round trip time was 19.951 milliseconds in repetition 396
tcp_ping received 32 bytes back
Round trip time was 19.8499 milliseconds in repetition 397
tcp_ping received 32 bytes back
Round trip time was 27.0251 milliseconds in repetition 398
tcp_ping received 32 bytes back
Round trip time was 24.7126 milliseconds in repetition 399
tcp_ping received 32 bytes back
Round trip time was 24.2569 milliseconds in repetition 400
tcp_ping received 32 bytes back
Round trip time was 31.6228 milliseconds in repetition 401
tcp_ping received 32 bytes back
Round trip time was 23.7265 milliseconds in repetition 402
tcp_ping received 32 bytes back
Round trip time was 26.2843 milliseconds in repetition 403
tcp_ping received 32 bytes back
Round trip time was 23.3199 milliseconds in repetition 404
tcp_ping received 32 bytes back
Round trip time was 29.73 milliseconds in repetition 405
tcp_ping received 32 bytes back
Round trip time was 25.2858 milliseconds in repetition 406
tcp_ping received 32 bytes back
Round trip time was 25.4777 milliseconds in repetition 407
tcp_ping received 32 bytes back
Round trip time was 28.2883 milliseconds in repetition 408
tcp_ping received 32 bytes back
Round trip time was 24.8888 milliseconds in repetition 409
tcp_ping received 32 bytes back
Round trip time was 32.5925 milliseconds in repetition 410
tcp_ping received 32 bytes back
Round trip time was 25.3483 milliseconds in repetition 411
tcp_ping received 32 bytes back
Round trip time was 23.3129 milliseconds in repetition 412
tcp_ping received 32 bytes back
Round trip time was 29.921 milliseconds in repetition 413
tcp_ping received 32 bytes back
Round trip time was 27.0172 milliseconds in repetition 414
tcp_ping received 32 bytes back
Round trip time was 33.9641 milliseconds in repetition 415
tcp_ping received 32 bytes back
Round trip time was 27.3467 milliseconds in repetition 416
tcp_ping received 32 bytes back
Round trip time was 25.2764 milliseconds in repetition 417
tcp_ping received 32 bytes back
Round trip time was 25.5588 milliseconds in repetition 418
tcp_ping received 32 bytes back
Round trip time was 23.7266 milliseconds in repetition 419
tcp_ping received 32 bytes back
Round trip time was 21.1777 milliseconds in repetition 420
tcp_ping received 32 bytes back
Round trip time was 20.7272 milliseconds in repetition 421
tcp_ping received 32 bytes back
Round trip time was 24.8745 milliseconds in repetition 422
tcp_ping received 32 bytes back
Round trip time was 24.4489 milliseconds in repetition 423
tcp_ping received 32 bytes back
Round trip time was 23.5337 milliseconds in repetition 424
tcp_ping received 32 bytes back
Round trip time was 19.9406 milliseconds in repetition 425
tcp_ping received 32 bytes back
Round trip time was 26.3238 milliseconds in repetition 426
tcp_ping received 32 bytes back
Round trip time was 19.9806 milliseconds in repetition 427
tcp_ping received 32 bytes back
Round trip time was 25.816 milliseconds in repetition 428
tcp_ping received 32 bytes back
Round trip time was 24.1063 milliseconds in repetition 429
tcp_ping received 32 bytes back
Round trip time was 19.9659 milliseconds in repetition 430
tcp_ping received 32 bytes back
Round trip time was 19.5307 milliseconds in repetition 431
tcp_ping received 32 bytes back
Round trip time was 20.3856 milliseconds in repetition 432
tcp_ping received 32 bytes back
Round trip time was 19.6566 milliseconds in repetition 433
tcp_ping received 32 bytes back
Round trip time was 21.1877 milliseconds in repetition 434
tcp_ping received 32 bytes back
Round trip time was 22.6638 milliseconds in repetition 435
tcp_ping received 32 bytes back
Round trip time was 20.4487 milliseconds in repetition 436
tcp_ping received 32 bytes back
Round trip time was 19.5556 milliseconds in repetition 437
tcp_ping received 32 bytes back
Round trip time was 22.8531 milliseconds in repetition 438
tcp_ping received 32 bytes back
Round trip time was 20.1645 milliseconds in repetition 439
tcp_ping received 32 bytes back
Round trip time was 20.29 milliseconds in repetition 440
tcp_ping received 32 bytes back
Round trip time was 25.7277 milliseconds in repetition 441
tcp_ping received 32 bytes back
Round trip time was 30.9359 milliseconds in repetition 442
tcp_ping received 32 bytes back
Round trip time was 27.9352 milliseconds in repetition 443
tcp_ping received 32 bytes back
Round trip time was 25.5558 milliseconds in repetition 444
tcp_ping received 32 bytes back
Round trip time was 25.8409 milliseconds in repetition 445
tcp_ping received 32 bytes back
Round trip time was 21.3531 milliseconds in repetition 446
tcp_ping received 32 bytes back
Round trip time was 21.0215 milliseconds in repetition 447
tcp_ping received 32 bytes back
Round trip time was 20.3023 milliseconds in repetition 448
tcp_ping received 32 bytes back
Round trip time was 20.1643 milliseconds in repetition 449
tcp_ping received 32 bytes back
Round trip time was 29.145 milliseconds in repetition 450
tcp_ping received 32 bytes back
Round trip time was 24.2587 milliseconds in repetition 451
tcp_ping received 32 bytes back
Round trip time was 20.2372 milliseconds in repetition 452
tcp_ping received 32 bytes back
Round trip time was 20.7078 milliseconds in repetition 453
tcp_ping received 32 bytes back
Round trip time was 26.4571 milliseconds in repetition 454
tcp_ping received 32 bytes back
Round trip time was 21.1626 milliseconds in repetition 455
tcp_ping received 32 bytes back
Round trip time was 21.8427 milliseconds in repetition 456
tcp_ping received 32 bytes back
Round trip time was 23.0295 milliseconds in repetition 457
tcp_ping received 32 bytes back
Round trip time was 20.6384 milliseconds in repetition 458
tcp_ping received 32 bytes back
Round trip time was 21.719 milliseconds in repetition 459
tcp_ping received 32 bytes back
Round trip time was 19.3589 milliseconds in repetition 460
tcp_ping received 32 bytes back
Round trip time was 23.6231 milliseconds in repetition 461
tcp_ping received 32 bytes back
Round trip time was 20.1359 milliseconds in repetition 462
tcp_ping received 32 bytes back
Round trip time was 20.3158 milliseconds in repetition 463
tcp_ping received 32 bytes back
Round trip time was 24.2944 milliseconds in repetition 464
tcp_ping received 32 bytes back
Round trip time was 20.297 milliseconds in repetition 465
tcp_ping received 32 bytes back
Round trip time was 19.3122 milliseconds in repetition 466
tcp_ping received 32 bytes back
Round trip time was 25.7725 milliseconds in repetition 467
tcp_ping received 32 bytes back
Round trip time was 21.6171 milliseconds in repetition 468
tcp_ping received 32 bytes back
Round trip time was 22.946 milliseconds in repetition 469
tcp_ping received 32 bytes back
Round trip time was 22.5149 milliseconds in repetition 470
tcp_ping received 32 bytes back
Round trip time was 21.4837 milliseconds in repetition 471
tcp_ping received 32 bytes back
Round trip time was 20.818 milliseconds in repetition 472
tcp_ping received 32 bytes back
Round trip time was 20.1324 milliseconds in repetition 473
tcp_ping received 32 bytes back
Round trip time was 20.8519 milliseconds in repetition 474
tcp_ping received 32 bytes back
Round trip time was 19.851 milliseconds in repetition 475
tcp_ping received 32 bytes back
Round trip time was 20.9656 milliseconds in repetition 476
tcp_ping received 32 bytes back
Round trip time was 21.7641 milliseconds in repetition 477
tcp_ping received 32 bytes back
Round trip time was 21.3814 milliseconds in repetition 478
tcp_ping received 32 bytes back
Round trip time was 20.1164 milliseconds in repetition 479
tcp_ping received 32 bytes back
Round trip time was 22.3891 milliseconds in repetition 480
tcp_ping received 32 bytes back
Round trip time was 27.8042 milliseconds in repetition 481
tcp_ping received 32 bytes back
Round trip time was 21.4356 milliseconds in repetition 482
tcp_ping received 32 bytes back
Round trip time was 21.155 milliseconds in repetition 483
tcp_ping received 32 bytes back
Round trip time was 34.1526 milliseconds in repetition 484
tcp_ping received 32 bytes back
Round trip time was 23.3183 milliseconds in repetition 485
tcp_ping received 32 bytes back
Round trip time was 24.5516 milliseconds in repetition 486
tcp_ping received 32 bytes back
Round trip time was 23.4753 milliseconds in repetition 487
tcp_ping received 32 bytes back
Round trip time was 20.2256 milliseconds in repetition 488
tcp_ping received 32 bytes back
Round trip time was 21.2812 milliseconds in repetition 489
tcp_ping received 32 bytes back
Round trip time was 25.6527 milliseconds in repetition 490
tcp_ping received 32 bytes back
Round trip time was 20.1757 milliseconds in repetition 491
tcp_ping received 32 bytes back
Round trip time was 19.1516 milliseconds in repetition 492
tcp_ping received 32 bytes back
Round trip time was 19.4965 milliseconds in repetition 493
tcp_ping received 32 bytes back
Round trip time was 19.8075 milliseconds in repetition 494
tcp_ping received 32 bytes back
Round trip time was 20.2587 milliseconds in repetition 495
tcp_ping received 32 bytes back
Round trip time was 20.0092 milliseconds in repetition 496
tcp_ping received 32 bytes back
Round trip time was 20.3082 milliseconds in repetition 497
tcp_ping received 32 bytes back
Round trip time was 21.58 milliseconds in repetition 498
tcp_ping received 32 bytes back
Round trip time was 20.0153 milliseconds in repetition 499
tcp_ping received 32 bytes back
Round trip time was 27.8799 milliseconds in repetition 500
tcp_ping received 32 bytes back
Round trip time was 22.6695 milliseconds in repetition 501

 ... clock resolution was 1e-06
TCP Ping:  Statistics over 501 repetitions of 32 byte messages

RTT : percentile 10: 19.9036, median: 21.5524, percentile 90: 27.7103, average: 23.0952, variance: 26.6874

RTT histogram:
19.03 109
21.5053 225
23.9805 68
26.4558 48
28.931 25
31.4063 9
33.8815 5
36.3568 2
38.8321 3
41.3073 1
43.7826 1
46.2578 0
48.7331 0
51.2083 1
53.6836 0
56.1588 1
58.6341 1
61.1093 0
63.5846 1
66.0598 0
68.5351 1

   median Throughput : 2.9695 KB/s   overall Throughput : 2.77114 KB/s

