TCP Ping trying to connect to server seti.dibris.unige.it (130.251.61.30) on port 1491
 ... connected to Pong server: asking for 501 repetitions of 98304 bytes TCP messages
Received answer: 'OK
'
 ... Pong server agreed :-)
tcp_ping received 98304 bytes back
Round trip time was 178.426 milliseconds in repetition 1
tcp_ping received 98304 bytes back
Round trip time was 59.3219 milliseconds in repetition 2
tcp_ping received 98304 bytes back
Round trip time was 40.0162 milliseconds in repetition 3
tcp_ping received 98304 bytes back
Round trip time was 37.8424 milliseconds in repetition 4
tcp_ping received 98304 bytes back
Round trip time was 39.299 milliseconds in repetition 5
tcp_ping received 98304 bytes back
Round trip time was 40.3011 milliseconds in repetition 6
tcp_ping received 98304 bytes back
Round trip time was 39.1457 milliseconds in repetition 7
tcp_ping received 98304 bytes back
Round trip time was 48.8814 milliseconds in repetition 8
tcp_ping received 98304 bytes back
Round trip time was 45.2549 milliseconds in repetition 9
tcp_ping received 98304 bytes back
Round trip time was 41.7576 milliseconds in repetition 10
tcp_ping received 98304 bytes back
Round trip time was 45.3732 milliseconds in repetition 11
tcp_ping received 98304 bytes back
Round trip time was 47.1893 milliseconds in repetition 12
tcp_ping received 98304 bytes back
Round trip time was 43.2078 milliseconds in repetition 13
tcp_ping received 98304 bytes back
Round trip time was 40.4601 milliseconds in repetition 14
tcp_ping received 98304 bytes back
Round trip time was 51.2506 milliseconds in repetition 15
tcp_ping received 98304 bytes back
Round trip time was 43.1217 milliseconds in repetition 16
tcp_ping received 98304 bytes back
Round trip time was 39.7831 milliseconds in repetition 17
tcp_ping received 98304 bytes back
Round trip time was 38.2364 milliseconds in repetition 18
tcp_ping received 98304 bytes back
Round trip time was 37.1008 milliseconds in repetition 19
tcp_ping received 98304 bytes back
Round trip time was 45.1009 milliseconds in repetition 20
tcp_ping received 98304 bytes back
Round trip time was 45.598 milliseconds in repetition 21
tcp_ping received 98304 bytes back
Round trip time was 47.4849 milliseconds in repetition 22
tcp_ping received 98304 bytes back
Round trip time was 37.8975 milliseconds in repetition 23
tcp_ping received 98304 bytes back
Round trip time was 38.1727 milliseconds in repetition 24
tcp_ping received 98304 bytes back
Round trip time was 41.0394 milliseconds in repetition 25
tcp_ping received 98304 bytes back
Round trip time was 50.3564 milliseconds in repetition 26
tcp_ping received 98304 bytes back
Round trip time was 43.477 milliseconds in repetition 27
tcp_ping received 98304 bytes back
Round trip time was 42.3425 milliseconds in repetition 28
tcp_ping received 98304 bytes back
Round trip time was 39.6589 milliseconds in repetition 29
tcp_ping received 98304 bytes back
Round trip time was 41.0092 milliseconds in repetition 30
tcp_ping received 98304 bytes back
Round trip time was 42.6532 milliseconds in repetition 31
tcp_ping received 98304 bytes back
Round trip time was 44.8204 milliseconds in repetition 32
tcp_ping received 98304 bytes back
Round trip time was 46.0438 milliseconds in repetition 33
tcp_ping received 98304 bytes back
Round trip time was 42.1105 milliseconds in repetition 34
tcp_ping received 98304 bytes back
Round trip time was 41.2054 milliseconds in repetition 35
tcp_ping received 98304 bytes back
Round trip time was 39.5729 milliseconds in repetition 36
tcp_ping received 98304 bytes back
Round trip time was 39.3752 milliseconds in repetition 37
tcp_ping received 98304 bytes back
Round trip time was 40.8436 milliseconds in repetition 38
tcp_ping received 98304 bytes back
Round trip time was 42.8104 milliseconds in repetition 39
tcp_ping received 98304 bytes back
Round trip time was 41.1226 milliseconds in repetition 40
tcp_ping received 98304 bytes back
Round trip time was 40.5623 milliseconds in repetition 41
tcp_ping received 98304 bytes back
Round trip time was 41.2548 milliseconds in repetition 42
tcp_ping received 98304 bytes back
Round trip time was 44.5298 milliseconds in repetition 43
tcp_ping received 98304 bytes back
Round trip time was 45.6943 milliseconds in repetition 44
tcp_ping received 98304 bytes back
Round trip time was 40.5216 milliseconds in repetition 45
tcp_ping received 98304 bytes back
Round trip time was 40.9626 milliseconds in repetition 46
tcp_ping received 98304 bytes back
Round trip time was 41.8246 milliseconds in repetition 47
tcp_ping received 98304 bytes back
Round trip time was 40.588 milliseconds in repetition 48
tcp_ping received 98304 bytes back
Round trip time was 46.2276 milliseconds in repetition 49
tcp_ping received 98304 bytes back
Round trip time was 41.9835 milliseconds in repetition 50
tcp_ping received 98304 bytes back
Round trip time was 45.2555 milliseconds in repetition 51
tcp_ping received 98304 bytes back
Round trip time was 47.8494 milliseconds in repetition 52
tcp_ping received 98304 bytes back
Round trip time was 43.7788 milliseconds in repetition 53
tcp_ping received 98304 bytes back
Round trip time was 43.2726 milliseconds in repetition 54
tcp_ping received 98304 bytes back
Round trip time was 42.1161 milliseconds in repetition 55
tcp_ping received 98304 bytes back
Round trip time was 45.096 milliseconds in repetition 56
tcp_ping received 98304 bytes back
Round trip time was 43.0191 milliseconds in repetition 57
tcp_ping received 98304 bytes back
Round trip time was 43.3335 milliseconds in repetition 58
tcp_ping received 98304 bytes back
Round trip time was 41.1439 milliseconds in repetition 59
tcp_ping received 98304 bytes back
Round trip time was 41.1027 milliseconds in repetition 60
tcp_ping received 98304 bytes back
Round trip time was 39.8306 milliseconds in repetition 61
tcp_ping received 98304 bytes back
Round trip time was 44.0243 milliseconds in repetition 62
tcp_ping received 98304 bytes back
Round trip time was 43.9339 milliseconds in repetition 63
tcp_ping received 98304 bytes back
Round trip time was 41.2852 milliseconds in repetition 64
tcp_ping received 98304 bytes back
Round trip time was 39.1968 milliseconds in repetition 65
tcp_ping received 98304 bytes back
Round trip time was 43.6868 milliseconds in repetition 66
tcp_ping received 98304 bytes back
Round trip time was 45.1745 milliseconds in repetition 67
tcp_ping received 98304 bytes back
Round trip time was 45.2894 milliseconds in repetition 68
tcp_ping received 98304 bytes back
Round trip time was 46.0368 milliseconds in repetition 69
tcp_ping received 98304 bytes back
Round trip time was 56.0637 milliseconds in repetition 70
tcp_ping received 98304 bytes back
Round trip time was 45.9045 milliseconds in repetition 71
tcp_ping received 98304 bytes back
Round trip time was 44.7962 milliseconds in repetition 72
tcp_ping received 98304 bytes back
Round trip time was 47.6686 milliseconds in repetition 73
tcp_ping received 98304 bytes back
Round trip time was 41.2978 milliseconds in repetition 74
tcp_ping received 98304 bytes back
Round trip time was 44.4422 milliseconds in repetition 75
tcp_ping received 98304 bytes back
Round trip time was 42.4126 milliseconds in repetition 76
tcp_ping received 98304 bytes back
Round trip time was 40.7179 milliseconds in repetition 77
tcp_ping received 98304 bytes back
Round trip time was 43.5023 milliseconds in repetition 78
tcp_ping received 98304 bytes back
Round trip time was 41.7498 milliseconds in repetition 79
tcp_ping received 98304 bytes back
Round trip time was 45.3833 milliseconds in repetition 80
tcp_ping received 98304 bytes back
Round trip time was 42.7223 milliseconds in repetition 81
tcp_ping received 98304 bytes back
Round trip time was 41.8184 milliseconds in repetition 82
tcp_ping received 98304 bytes back
Round trip time was 42.3574 milliseconds in repetition 83
tcp_ping received 98304 bytes back
Round trip time was 39.899 milliseconds in repetition 84
tcp_ping received 98304 bytes back
Round trip time was 40.6393 milliseconds in repetition 85
tcp_ping received 98304 bytes back
Round trip time was 46.1956 milliseconds in repetition 86
tcp_ping received 98304 bytes back
Round trip time was 42.1058 milliseconds in repetition 87
tcp_ping received 98304 bytes back
Round trip time was 45.0279 milliseconds in repetition 88
tcp_ping received 98304 bytes back
Round trip time was 38.7157 milliseconds in repetition 89
tcp_ping received 98304 bytes back
Round trip time was 43.5051 milliseconds in repetition 90
tcp_ping received 98304 bytes back
Round trip time was 37.8486 milliseconds in repetition 91
tcp_ping received 98304 bytes back
Round trip time was 43.0057 milliseconds in repetition 92
tcp_ping received 98304 bytes back
Round trip time was 41.1722 milliseconds in repetition 93
tcp_ping received 98304 bytes back
Round trip time was 41.4842 milliseconds in repetition 94
tcp_ping received 98304 bytes back
Round trip time was 42.7988 milliseconds in repetition 95
tcp_ping received 98304 bytes back
Round trip time was 39.6275 milliseconds in repetition 96
tcp_ping received 98304 bytes back
Round trip time was 37.2766 milliseconds in repetition 97
tcp_ping received 98304 bytes back
Round trip time was 44.07 milliseconds in repetition 98
tcp_ping received 98304 bytes back
Round trip time was 49.1494 milliseconds in repetition 99
tcp_ping received 98304 bytes back
Round trip time was 41.067 milliseconds in repetition 100
tcp_ping received 98304 bytes back
Round trip time was 47.5536 milliseconds in repetition 101
tcp_ping received 98304 bytes back
Round trip time was 39.1335 milliseconds in repetition 102
tcp_ping received 98304 bytes back
Round trip time was 48.0342 milliseconds in repetition 103
tcp_ping received 98304 bytes back
Round trip time was 41.2107 milliseconds in repetition 104
tcp_ping received 98304 bytes back
Round trip time was 40.0973 milliseconds in repetition 105
tcp_ping received 98304 bytes back
Round trip time was 50.1452 milliseconds in repetition 106
tcp_ping received 98304 bytes back
Round trip time was 78.218 milliseconds in repetition 107
tcp_ping received 98304 bytes back
Round trip time was 64.0259 milliseconds in repetition 108
tcp_ping received 98304 bytes back
Round trip time was 82.0785 milliseconds in repetition 109
tcp_ping received 98304 bytes back
Round trip time was 60.0541 milliseconds in repetition 110
tcp_ping received 98304 bytes back
Round trip time was 41.2092 milliseconds in repetition 111
tcp_ping received 98304 bytes back
Round trip time was 55.7151 milliseconds in repetition 112
tcp_ping received 98304 bytes back
Round trip time was 40.5365 milliseconds in repetition 113
tcp_ping received 98304 bytes back
Round trip time was 47.9192 milliseconds in repetition 114
tcp_ping received 98304 bytes back
Round trip time was 46.709 milliseconds in repetition 115
tcp_ping received 98304 bytes back
Round trip time was 59.9325 milliseconds in repetition 116
tcp_ping received 98304 bytes back
Round trip time was 57.4205 milliseconds in repetition 117
tcp_ping received 98304 bytes back
Round trip time was 46.0515 milliseconds in repetition 118
tcp_ping received 98304 bytes back
Round trip time was 50.1368 milliseconds in repetition 119
tcp_ping received 98304 bytes back
Round trip time was 56.9611 milliseconds in repetition 120
tcp_ping received 98304 bytes back
Round trip time was 43.4497 milliseconds in repetition 121
tcp_ping received 98304 bytes back
Round trip time was 48.3042 milliseconds in repetition 122
tcp_ping received 98304 bytes back
Round trip time was 47.2933 milliseconds in repetition 123
tcp_ping received 98304 bytes back
Round trip time was 63.9972 milliseconds in repetition 124
tcp_ping received 98304 bytes back
Round trip time was 42.1538 milliseconds in repetition 125
tcp_ping received 98304 bytes back
Round trip time was 53.219 milliseconds in repetition 126
tcp_ping received 98304 bytes back
Round trip time was 46.0244 milliseconds in repetition 127
tcp_ping received 98304 bytes back
Round trip time was 44.4564 milliseconds in repetition 128
tcp_ping received 98304 bytes back
Round trip time was 44.3951 milliseconds in repetition 129
tcp_ping received 98304 bytes back
Round trip time was 46.8115 milliseconds in repetition 130
tcp_ping received 98304 bytes back
Round trip time was 42.9843 milliseconds in repetition 131
tcp_ping received 98304 bytes back
Round trip time was 43.2671 milliseconds in repetition 132
tcp_ping received 98304 bytes back
Round trip time was 39.6336 milliseconds in repetition 133
tcp_ping received 98304 bytes back
Round trip time was 63.3799 milliseconds in repetition 134
tcp_ping received 98304 bytes back
Round trip time was 44.328 milliseconds in repetition 135
tcp_ping received 98304 bytes back
Round trip time was 43.3274 milliseconds in repetition 136
tcp_ping received 98304 bytes back
Round trip time was 47.4948 milliseconds in repetition 137
tcp_ping received 98304 bytes back
Round trip time was 50.7328 milliseconds in repetition 138
tcp_ping received 98304 bytes back
Round trip time was 54.7103 milliseconds in repetition 139
tcp_ping received 98304 bytes back
Round trip time was 48.3794 milliseconds in repetition 140
tcp_ping received 98304 bytes back
Round trip time was 56.9692 milliseconds in repetition 141
tcp_ping received 98304 bytes back
Round trip time was 48.7663 milliseconds in repetition 142
tcp_ping received 98304 bytes back
Round trip time was 49.1588 milliseconds in repetition 143
tcp_ping received 98304 bytes back
Round trip time was 57.5119 milliseconds in repetition 144
tcp_ping received 98304 bytes back
Round trip time was 46.1997 milliseconds in repetition 145
tcp_ping received 98304 bytes back
Round trip time was 44.5411 milliseconds in repetition 146
tcp_ping received 98304 bytes back
Round trip time was 46.7384 milliseconds in repetition 147
tcp_ping received 98304 bytes back
Round trip time was 48.4488 milliseconds in repetition 148
tcp_ping received 98304 bytes back
Round trip time was 62.8351 milliseconds in repetition 149
tcp_ping received 98304 bytes back
Round trip time was 49.5223 milliseconds in repetition 150
tcp_ping received 98304 bytes back
Round trip time was 46.03 milliseconds in repetition 151
tcp_ping received 98304 bytes back
Round trip time was 56.1681 milliseconds in repetition 152
tcp_ping received 98304 bytes back
Round trip time was 48.2696 milliseconds in repetition 153
tcp_ping received 98304 bytes back
Round trip time was 43.5136 milliseconds in repetition 154
tcp_ping received 98304 bytes back
Round trip time was 44.6492 milliseconds in repetition 155
tcp_ping received 98304 bytes back
Round trip time was 42.3912 milliseconds in repetition 156
tcp_ping received 98304 bytes back
Round trip time was 48.484 milliseconds in repetition 157
tcp_ping received 98304 bytes back
Round trip time was 59.3117 milliseconds in repetition 158
tcp_ping received 98304 bytes back
Round trip time was 45.7036 milliseconds in repetition 159
tcp_ping received 98304 bytes back
Round trip time was 49.36 milliseconds in repetition 160
tcp_ping received 98304 bytes back
Round trip time was 42.1707 milliseconds in repetition 161
tcp_ping received 98304 bytes back
Round trip time was 42.2732 milliseconds in repetition 162
tcp_ping received 98304 bytes back
Round trip time was 62.808 milliseconds in repetition 163
tcp_ping received 98304 bytes back
Round trip time was 48.0524 milliseconds in repetition 164
tcp_ping received 98304 bytes back
Round trip time was 50.9502 milliseconds in repetition 165
tcp_ping received 98304 bytes back
Round trip time was 56.0076 milliseconds in repetition 166
tcp_ping received 98304 bytes back
Round trip time was 55.2164 milliseconds in repetition 167
tcp_ping received 98304 bytes back
Round trip time was 45.0839 milliseconds in repetition 168
tcp_ping received 98304 bytes back
Round trip time was 45.9546 milliseconds in repetition 169
tcp_ping received 98304 bytes back
Round trip time was 42.2952 milliseconds in repetition 170
tcp_ping received 98304 bytes back
Round trip time was 53.4067 milliseconds in repetition 171
tcp_ping received 98304 bytes back
Round trip time was 49.2343 milliseconds in repetition 172
tcp_ping received 98304 bytes back
Round trip time was 50.5827 milliseconds in repetition 173
tcp_ping received 98304 bytes back
Round trip time was 48.9898 milliseconds in repetition 174
tcp_ping received 98304 bytes back
Round trip time was 51.0813 milliseconds in repetition 175
tcp_ping received 98304 bytes back
Round trip time was 54.9782 milliseconds in repetition 176
tcp_ping received 98304 bytes back
Round trip time was 67.4187 milliseconds in repetition 177
tcp_ping received 98304 bytes back
Round trip time was 80.8324 milliseconds in repetition 178
tcp_ping received 98304 bytes back
Round trip time was 64.6229 milliseconds in repetition 179
tcp_ping received 98304 bytes back
Round trip time was 60.9935 milliseconds in repetition 180
tcp_ping received 98304 bytes back
Round trip time was 49.5092 milliseconds in repetition 181
tcp_ping received 98304 bytes back
Round trip time was 51.2064 milliseconds in repetition 182
tcp_ping received 98304 bytes back
Round trip time was 47.3013 milliseconds in repetition 183
tcp_ping received 98304 bytes back
Round trip time was 42.7705 milliseconds in repetition 184
tcp_ping received 98304 bytes back
Round trip time was 46.8152 milliseconds in repetition 185
tcp_ping received 98304 bytes back
Round trip time was 54.6959 milliseconds in repetition 186
tcp_ping received 98304 bytes back
Round trip time was 65.702 milliseconds in repetition 187
tcp_ping received 98304 bytes back
Round trip time was 46.7893 milliseconds in repetition 188
tcp_ping received 98304 bytes back
Round trip time was 45.6149 milliseconds in repetition 189
tcp_ping received 98304 bytes back
Round trip time was 51.3929 milliseconds in repetition 190
tcp_ping received 98304 bytes back
Round trip time was 59.1797 milliseconds in repetition 191
tcp_ping received 98304 bytes back
Round trip time was 43.1433 milliseconds in repetition 192
tcp_ping received 98304 bytes back
Round trip time was 41.968 milliseconds in repetition 193
tcp_ping received 98304 bytes back
Round trip time was 52.0262 milliseconds in repetition 194
tcp_ping received 98304 bytes back
Round trip time was 60.0114 milliseconds in repetition 195
tcp_ping received 98304 bytes back
Round trip time was 45.4613 milliseconds in repetition 196
tcp_ping received 98304 bytes back
Round trip time was 44.639 milliseconds in repetition 197
tcp_ping received 98304 bytes back
Round trip time was 46.8276 milliseconds in repetition 198
tcp_ping received 98304 bytes back
Round trip time was 47.0596 milliseconds in repetition 199
tcp_ping received 98304 bytes back
Round trip time was 56.918 milliseconds in repetition 200
tcp_ping received 98304 bytes back
Round trip time was 45.3438 milliseconds in repetition 201
tcp_ping received 98304 bytes back
Round trip time was 46.1237 milliseconds in repetition 202
tcp_ping received 98304 bytes back
Round trip time was 43.3472 milliseconds in repetition 203
tcp_ping received 98304 bytes back
Round trip time was 48.3514 milliseconds in repetition 204
tcp_ping received 98304 bytes back
Round trip time was 44.9474 milliseconds in repetition 205
tcp_ping received 98304 bytes back
Round trip time was 44.0072 milliseconds in repetition 206
tcp_ping received 98304 bytes back
Round trip time was 40.8879 milliseconds in repetition 207
tcp_ping received 98304 bytes back
Round trip time was 42.9537 milliseconds in repetition 208
tcp_ping received 98304 bytes back
Round trip time was 39.875 milliseconds in repetition 209
tcp_ping received 98304 bytes back
Round trip time was 43.7734 milliseconds in repetition 210
tcp_ping received 98304 bytes back
Round trip time was 45.9878 milliseconds in repetition 211
tcp_ping received 98304 bytes back
Round trip time was 44.8133 milliseconds in repetition 212
tcp_ping received 98304 bytes back
Round trip time was 37.9914 milliseconds in repetition 213
tcp_ping received 98304 bytes back
Round trip time was 43.3004 milliseconds in repetition 214
tcp_ping received 98304 bytes back
Round trip time was 39.0091 milliseconds in repetition 215
tcp_ping received 98304 bytes back
Round trip time was 44.1958 milliseconds in repetition 216
tcp_ping received 98304 bytes back
Round trip time was 61.5415 milliseconds in repetition 217
tcp_ping received 98304 bytes back
Round trip time was 40.7574 milliseconds in repetition 218
tcp_ping received 98304 bytes back
Round trip time was 41.8677 milliseconds in repetition 219
tcp_ping received 98304 bytes back
Round trip time was 46.0584 milliseconds in repetition 220
tcp_ping received 98304 bytes back
Round trip time was 42.0611 milliseconds in repetition 221
tcp_ping received 98304 bytes back
Round trip time was 44.2658 milliseconds in repetition 222
tcp_ping received 98304 bytes back
Round trip time was 43.9015 milliseconds in repetition 223
tcp_ping received 98304 bytes back
Round trip time was 48.2644 milliseconds in repetition 224
tcp_ping received 98304 bytes back
Round trip time was 88.2912 milliseconds in repetition 225
tcp_ping received 98304 bytes back
Round trip time was 46.9327 milliseconds in repetition 226
tcp_ping received 98304 bytes back
Round trip time was 44.8845 milliseconds in repetition 227
tcp_ping received 98304 bytes back
Round trip time was 157.73 milliseconds in repetition 228
tcp_ping received 98304 bytes back
Round trip time was 46.7013 milliseconds in repetition 229
tcp_ping received 98304 bytes back
Round trip time was 152.446 milliseconds in repetition 230
tcp_ping received 98304 bytes back
Round trip time was 84.607 milliseconds in repetition 231
tcp_ping received 98304 bytes back
Round trip time was 164.31 milliseconds in repetition 232
tcp_ping received 98304 bytes back
Round trip time was 131.769 milliseconds in repetition 233
tcp_ping received 98304 bytes back
Round trip time was 79.8711 milliseconds in repetition 234
tcp_ping received 98304 bytes back
Round trip time was 66.3832 milliseconds in repetition 235
tcp_ping received 98304 bytes back
Round trip time was 74.4176 milliseconds in repetition 236
tcp_ping received 98304 bytes back
Round trip time was 40.9774 milliseconds in repetition 237
tcp_ping received 98304 bytes back
Round trip time was 49.609 milliseconds in repetition 238
tcp_ping received 98304 bytes back
Round trip time was 94.1865 milliseconds in repetition 239
tcp_ping received 98304 bytes back
Round trip time was 47.3888 milliseconds in repetition 240
tcp_ping received 98304 bytes back
Round trip time was 44.464 milliseconds in repetition 241
tcp_ping received 98304 bytes back
Round trip time was 56.6764 milliseconds in repetition 242
tcp_ping received 98304 bytes back
Round trip time was 55.5977 milliseconds in repetition 243
tcp_ping received 98304 bytes back
Round trip time was 1064.74 milliseconds in repetition 244
tcp_ping received 98304 bytes back
Round trip time was 53.6693 milliseconds in repetition 245
tcp_ping received 98304 bytes back
Round trip time was 52.7158 milliseconds in repetition 246
tcp_ping received 98304 bytes back
Round trip time was 67.3546 milliseconds in repetition 247
tcp_ping received 98304 bytes back
Round trip time was 41.4154 milliseconds in repetition 248
tcp_ping received 98304 bytes back
Round trip time was 38.6408 milliseconds in repetition 249
tcp_ping received 98304 bytes back
Round trip time was 37.4935 milliseconds in repetition 250
tcp_ping received 98304 bytes back
Round trip time was 33.2276 milliseconds in repetition 251
tcp_ping received 98304 bytes back
Round trip time was 31.1635 milliseconds in repetition 252
tcp_ping received 98304 bytes back
Round trip time was 33.9937 milliseconds in repetition 253
tcp_ping received 98304 bytes back
Round trip time was 32.4253 milliseconds in repetition 254
tcp_ping received 98304 bytes back
Round trip time was 33.7631 milliseconds in repetition 255
tcp_ping received 98304 bytes back
Round trip time was 43.1692 milliseconds in repetition 256
tcp_ping received 98304 bytes back
Round trip time was 31.9979 milliseconds in repetition 257
tcp_ping received 98304 bytes back
Round trip time was 34.0827 milliseconds in repetition 258
tcp_ping received 98304 bytes back
Round trip time was 31.7823 milliseconds in repetition 259
tcp_ping received 98304 bytes back
Round trip time was 31.0174 milliseconds in repetition 260
tcp_ping received 98304 bytes back
Round trip time was 36.0634 milliseconds in repetition 261
tcp_ping received 98304 bytes back
Round trip time was 41.0022 milliseconds in repetition 262
tcp_ping received 98304 bytes back
Round trip time was 32.1861 milliseconds in repetition 263
tcp_ping received 98304 bytes back
Round trip time was 29.8959 milliseconds in repetition 264
tcp_ping received 98304 bytes back
Round trip time was 43.0034 milliseconds in repetition 265
tcp_ping received 98304 bytes back
Round trip time was 35.6219 milliseconds in repetition 266
tcp_ping received 98304 bytes back
Round trip time was 39.1407 milliseconds in repetition 267
tcp_ping received 98304 bytes back
Round trip time was 30.5417 milliseconds in repetition 268
tcp_ping received 98304 bytes back
Round trip time was 32.2753 milliseconds in repetition 269
tcp_ping received 98304 bytes back
Round trip time was 31.3622 milliseconds in repetition 270
tcp_ping received 98304 bytes back
Round trip time was 29.5662 milliseconds in repetition 271
tcp_ping received 98304 bytes back
Round trip time was 30.5924 milliseconds in repetition 272
tcp_ping received 98304 bytes back
Round trip time was 32.8993 milliseconds in repetition 273
tcp_ping received 98304 bytes back
Round trip time was 41.0352 milliseconds in repetition 274
tcp_ping received 98304 bytes back
Round trip time was 33.0309 milliseconds in repetition 275
tcp_ping received 98304 bytes back
Round trip time was 32.409 milliseconds in repetition 276
tcp_ping received 98304 bytes back
Round trip time was 41.6903 milliseconds in repetition 277
tcp_ping received 98304 bytes back
Round trip time was 31.6625 milliseconds in repetition 278
tcp_ping received 98304 bytes back
Round trip time was 33.8353 milliseconds in repetition 279
tcp_ping received 98304 bytes back
Round trip time was 35.8075 milliseconds in repetition 280
tcp_ping received 98304 bytes back
Round trip time was 33.0683 milliseconds in repetition 281
tcp_ping received 98304 bytes back
Round trip time was 39.3237 milliseconds in repetition 282
tcp_ping received 98304 bytes back
Round trip time was 34.2772 milliseconds in repetition 283
tcp_ping received 98304 bytes back
Round trip time was 31.8436 milliseconds in repetition 284
tcp_ping received 98304 bytes back
Round trip time was 32.7992 milliseconds in repetition 285
tcp_ping received 98304 bytes back
Round trip time was 30.5705 milliseconds in repetition 286
tcp_ping received 98304 bytes back
Round trip time was 31.1833 milliseconds in repetition 287
tcp_ping received 98304 bytes back
Round trip time was 32.0492 milliseconds in repetition 288
tcp_ping received 98304 bytes back
Round trip time was 32.5179 milliseconds in repetition 289
tcp_ping received 98304 bytes back
Round trip time was 31.6212 milliseconds in repetition 290
tcp_ping received 98304 bytes back
Round trip time was 32.1355 milliseconds in repetition 291
tcp_ping received 98304 bytes back
Round trip time was 35.6385 milliseconds in repetition 292
tcp_ping received 98304 bytes back
Round trip time was 36.5767 milliseconds in repetition 293
tcp_ping received 98304 bytes back
Round trip time was 30.6063 milliseconds in repetition 294
tcp_ping received 98304 bytes back
Round trip time was 29.919 milliseconds in repetition 295
tcp_ping received 98304 bytes back
Round trip time was 35.9046 milliseconds in repetition 296
tcp_ping received 98304 bytes back
Round trip time was 32.9471 milliseconds in repetition 297
tcp_ping received 98304 bytes back
Round trip time was 31.6695 milliseconds in repetition 298
tcp_ping received 98304 bytes back
Round trip time was 32.3572 milliseconds in repetition 299
tcp_ping received 98304 bytes back
Round trip time was 31.6144 milliseconds in repetition 300
tcp_ping received 98304 bytes back
Round trip time was 30.6815 milliseconds in repetition 301
tcp_ping received 98304 bytes back
Round trip time was 31.6863 milliseconds in repetition 302
tcp_ping received 98304 bytes back
Round trip time was 31.7439 milliseconds in repetition 303
tcp_ping received 98304 bytes back
Round trip time was 31.9271 milliseconds in repetition 304
tcp_ping received 98304 bytes back
Round trip time was 30.9235 milliseconds in repetition 305
tcp_ping received 98304 bytes back
Round trip time was 31.2686 milliseconds in repetition 306
tcp_ping received 98304 bytes back
Round trip time was 42.4162 milliseconds in repetition 307
tcp_ping received 98304 bytes back
Round trip time was 31.8744 milliseconds in repetition 308
tcp_ping received 98304 bytes back
Round trip time was 32.5269 milliseconds in repetition 309
tcp_ping received 98304 bytes back
Round trip time was 32.3348 milliseconds in repetition 310
tcp_ping received 98304 bytes back
Round trip time was 30.9734 milliseconds in repetition 311
tcp_ping received 98304 bytes back
Round trip time was 31.0277 milliseconds in repetition 312
tcp_ping received 98304 bytes back
Round trip time was 32.8174 milliseconds in repetition 313
tcp_ping received 98304 bytes back
Round trip time was 33.9799 milliseconds in repetition 314
tcp_ping received 98304 bytes back
Round trip time was 33.8491 milliseconds in repetition 315
tcp_ping received 98304 bytes back
Round trip time was 33.4572 milliseconds in repetition 316
tcp_ping received 98304 bytes back
Round trip time was 32.2946 milliseconds in repetition 317
tcp_ping received 98304 bytes back
Round trip time was 32.5669 milliseconds in repetition 318
tcp_ping received 98304 bytes back
Round trip time was 33.1686 milliseconds in repetition 319
tcp_ping received 98304 bytes back
Round trip time was 33.5051 milliseconds in repetition 320
tcp_ping received 98304 bytes back
Round trip time was 32.475 milliseconds in repetition 321
tcp_ping received 98304 bytes back
Round trip time was 33.5711 milliseconds in repetition 322
tcp_ping received 98304 bytes back
Round trip time was 33.5142 milliseconds in repetition 323
tcp_ping received 98304 bytes back
Round trip time was 33.8823 milliseconds in repetition 324
tcp_ping received 98304 bytes back
Round trip time was 32.8718 milliseconds in repetition 325
tcp_ping received 98304 bytes back
Round trip time was 41.725 milliseconds in repetition 326
tcp_ping received 98304 bytes back
Round trip time was 31.8171 milliseconds in repetition 327
tcp_ping received 98304 bytes back
Round trip time was 32.3538 milliseconds in repetition 328
tcp_ping received 98304 bytes back
Round trip time was 31.9746 milliseconds in repetition 329
tcp_ping received 98304 bytes back
Round trip time was 32.88 milliseconds in repetition 330
tcp_ping received 98304 bytes back
Round trip time was 30.8408 milliseconds in repetition 331
tcp_ping received 98304 bytes back
Round trip time was 34.0939 milliseconds in repetition 332
tcp_ping received 98304 bytes back
Round trip time was 33.7929 milliseconds in repetition 333
tcp_ping received 98304 bytes back
Round trip time was 32.1383 milliseconds in repetition 334
tcp_ping received 98304 bytes back
Round trip time was 31.4735 milliseconds in repetition 335
tcp_ping received 98304 bytes back
Round trip time was 29.8167 milliseconds in repetition 336
tcp_ping received 98304 bytes back
Round trip time was 30.6132 milliseconds in repetition 337
tcp_ping received 98304 bytes back
Round trip time was 31.8076 milliseconds in repetition 338
tcp_ping received 98304 bytes back
Round trip time was 38.0763 milliseconds in repetition 339
tcp_ping received 98304 bytes back
Round trip time was 31.6792 milliseconds in repetition 340
tcp_ping received 98304 bytes back
Round trip time was 33.8547 milliseconds in repetition 341
tcp_ping received 98304 bytes back
Round trip time was 43.5514 milliseconds in repetition 342
tcp_ping received 98304 bytes back
Round trip time was 31.7263 milliseconds in repetition 343
tcp_ping received 98304 bytes back
Round trip time was 38.0157 milliseconds in repetition 344
tcp_ping received 98304 bytes back
Round trip time was 36.1151 milliseconds in repetition 345
tcp_ping received 98304 bytes back
Round trip time was 31.6748 milliseconds in repetition 346
tcp_ping received 98304 bytes back
Round trip time was 40.2439 milliseconds in repetition 347
tcp_ping received 98304 bytes back
Round trip time was 35.5833 milliseconds in repetition 348
tcp_ping received 98304 bytes back
Round trip time was 33.3551 milliseconds in repetition 349
tcp_ping received 98304 bytes back
Round trip time was 32.2245 milliseconds in repetition 350
tcp_ping received 98304 bytes back
Round trip time was 30.4213 milliseconds in repetition 351
tcp_ping received 98304 bytes back
Round trip time was 30.308 milliseconds in repetition 352
tcp_ping received 98304 bytes back
Round trip time was 31.2424 milliseconds in repetition 353
tcp_ping received 98304 bytes back
Round trip time was 31.0658 milliseconds in repetition 354
tcp_ping received 98304 bytes back
Round trip time was 31.4362 milliseconds in repetition 355
tcp_ping received 98304 bytes back
Round trip time was 33.8019 milliseconds in repetition 356
tcp_ping received 98304 bytes back
Round trip time was 31.716 milliseconds in repetition 357
tcp_ping received 98304 bytes back
Round trip time was 33.1905 milliseconds in repetition 358
tcp_ping received 98304 bytes back
Round trip time was 31.2829 milliseconds in repetition 359
tcp_ping received 98304 bytes back
Round trip time was 32.6165 milliseconds in repetition 360
tcp_ping received 98304 bytes back
Round trip time was 31.6534 milliseconds in repetition 361
tcp_ping received 98304 bytes back
Round trip time was 32.3957 milliseconds in repetition 362
tcp_ping received 98304 bytes back
Round trip time was 32.8961 milliseconds in repetition 363
tcp_ping received 98304 bytes back
Round trip time was 38.7545 milliseconds in repetition 364
tcp_ping received 98304 bytes back
Round trip time was 31.7899 milliseconds in repetition 365
tcp_ping received 98304 bytes back
Round trip time was 34.4144 milliseconds in repetition 366
tcp_ping received 98304 bytes back
Round trip time was 29.9167 milliseconds in repetition 367
tcp_ping received 98304 bytes back
Round trip time was 32.7687 milliseconds in repetition 368
tcp_ping received 98304 bytes back
Round trip time was 31.5804 milliseconds in repetition 369
tcp_ping received 98304 bytes back
Round trip time was 33.9617 milliseconds in repetition 370
tcp_ping received 98304 bytes back
Round trip time was 33.6516 milliseconds in repetition 371
tcp_ping received 98304 bytes back
Round trip time was 31.3628 milliseconds in repetition 372
tcp_ping received 98304 bytes back
Round trip time was 33.1267 milliseconds in repetition 373
tcp_ping received 98304 bytes back
Round trip time was 47.8748 milliseconds in repetition 374
tcp_ping received 98304 bytes back
Round trip time was 37.0129 milliseconds in repetition 375
tcp_ping received 98304 bytes back
Round trip time was 33.0022 milliseconds in repetition 376
tcp_ping received 98304 bytes back
Round trip time was 32.2631 milliseconds in repetition 377
tcp_ping received 98304 bytes back
Round trip time was 31.4797 milliseconds in repetition 378
tcp_ping received 98304 bytes back
Round trip time was 31.2067 milliseconds in repetition 379
tcp_ping received 98304 bytes back
Round trip time was 34.3057 milliseconds in repetition 380
tcp_ping received 98304 bytes back
Round trip time was 54.4592 milliseconds in repetition 381
tcp_ping received 98304 bytes back
Round trip time was 37.3978 milliseconds in repetition 382
tcp_ping received 98304 bytes back
Round trip time was 32.9146 milliseconds in repetition 383
tcp_ping received 98304 bytes back
Round trip time was 34.2365 milliseconds in repetition 384
tcp_ping received 98304 bytes back
Round trip time was 31.3006 milliseconds in repetition 385
tcp_ping received 98304 bytes back
Round trip time was 31.4666 milliseconds in repetition 386
tcp_ping received 98304 bytes back
Round trip time was 31.7639 milliseconds in repetition 387
tcp_ping received 98304 bytes back
Round trip time was 33.5871 milliseconds in repetition 388
tcp_ping received 98304 bytes back
Round trip time was 33.3802 milliseconds in repetition 389
tcp_ping received 98304 bytes back
Round trip time was 32.7994 milliseconds in repetition 390
tcp_ping received 98304 bytes back
Round trip time was 32.9384 milliseconds in repetition 391
tcp_ping received 98304 bytes back
Round trip time was 43.5804 milliseconds in repetition 392
tcp_ping received 98304 bytes back
Round trip time was 31.433 milliseconds in repetition 393
tcp_ping received 98304 bytes back
Round trip time was 32.761 milliseconds in repetition 394
tcp_ping received 98304 bytes back
Round trip time was 36.2228 milliseconds in repetition 395
tcp_ping received 98304 bytes back
Round trip time was 32.178 milliseconds in repetition 396
tcp_ping received 98304 bytes back
Round trip time was 31.9698 milliseconds in repetition 397
tcp_ping received 98304 bytes back
Round trip time was 32.604 milliseconds in repetition 398
tcp_ping received 98304 bytes back
Round trip time was 29.988 milliseconds in repetition 399
tcp_ping received 98304 bytes back
Round trip time was 31.844 milliseconds in repetition 400
tcp_ping received 98304 bytes back
Round trip time was 32.0334 milliseconds in repetition 401
tcp_ping received 98304 bytes back
Round trip time was 33.0582 milliseconds in repetition 402
tcp_ping received 98304 bytes back
Round trip time was 31.9794 milliseconds in repetition 403
tcp_ping received 98304 bytes back
Round trip time was 32.5549 milliseconds in repetition 404
tcp_ping received 98304 bytes back
Round trip time was 37.6238 milliseconds in repetition 405
tcp_ping received 98304 bytes back
Round trip time was 34.4926 milliseconds in repetition 406
tcp_ping received 98304 bytes back
Round trip time was 34.2515 milliseconds in repetition 407
tcp_ping received 98304 bytes back
Round trip time was 31.3489 milliseconds in repetition 408
tcp_ping received 98304 bytes back
Round trip time was 33.6283 milliseconds in repetition 409
tcp_ping received 98304 bytes back
Round trip time was 31.5635 milliseconds in repetition 410
tcp_ping received 98304 bytes back
Round trip time was 32.306 milliseconds in repetition 411
tcp_ping received 98304 bytes back
Round trip time was 31.443 milliseconds in repetition 412
tcp_ping received 98304 bytes back
Round trip time was 31.6225 milliseconds in repetition 413
tcp_ping received 98304 bytes back
Round trip time was 31.0273 milliseconds in repetition 414
tcp_ping received 98304 bytes back
Round trip time was 34.3449 milliseconds in repetition 415
tcp_ping received 98304 bytes back
Round trip time was 31.9178 milliseconds in repetition 416
tcp_ping received 98304 bytes back
Round trip time was 31.8647 milliseconds in repetition 417
tcp_ping received 98304 bytes back
Round trip time was 32.9845 milliseconds in repetition 418
tcp_ping received 98304 bytes back
Round trip time was 33.2636 milliseconds in repetition 419
tcp_ping received 98304 bytes back
Round trip time was 33.4822 milliseconds in repetition 420
tcp_ping received 98304 bytes back
Round trip time was 35.4344 milliseconds in repetition 421
tcp_ping received 98304 bytes back
Round trip time was 36.2981 milliseconds in repetition 422
tcp_ping received 98304 bytes back
Round trip time was 34.6339 milliseconds in repetition 423
tcp_ping received 98304 bytes back
Round trip time was 30.9621 milliseconds in repetition 424
tcp_ping received 98304 bytes back
Round trip time was 31.4511 milliseconds in repetition 425
tcp_ping received 98304 bytes back
Round trip time was 30.5939 milliseconds in repetition 426
tcp_ping received 98304 bytes back
Round trip time was 32.2892 milliseconds in repetition 427
tcp_ping received 98304 bytes back
Round trip time was 34.2599 milliseconds in repetition 428
tcp_ping received 98304 bytes back
Round trip time was 32.3376 milliseconds in repetition 429
tcp_ping received 98304 bytes back
Round trip time was 32.9339 milliseconds in repetition 430
tcp_ping received 98304 bytes back
Round trip time was 31.2376 milliseconds in repetition 431
tcp_ping received 98304 bytes back
Round trip time was 31.8716 milliseconds in repetition 432
tcp_ping received 98304 bytes back
Round trip time was 30.8351 milliseconds in repetition 433
tcp_ping received 98304 bytes back
Round trip time was 34.3442 milliseconds in repetition 434
tcp_ping received 98304 bytes back
Round trip time was 46.4679 milliseconds in repetition 435
tcp_ping received 98304 bytes back
Round trip time was 31.6829 milliseconds in repetition 436
tcp_ping received 98304 bytes back
Round trip time was 37.8975 milliseconds in repetition 437
tcp_ping received 98304 bytes back
Round trip time was 32.7327 milliseconds in repetition 438
tcp_ping received 98304 bytes back
Round trip time was 35.7119 milliseconds in repetition 439
tcp_ping received 98304 bytes back
Round trip time was 31.4719 milliseconds in repetition 440
tcp_ping received 98304 bytes back
Round trip time was 30.5675 milliseconds in repetition 441
tcp_ping received 98304 bytes back
Round trip time was 31.9263 milliseconds in repetition 442
tcp_ping received 98304 bytes back
Round trip time was 31.8063 milliseconds in repetition 443
tcp_ping received 98304 bytes back
Round trip time was 38.755 milliseconds in repetition 444
tcp_ping received 98304 bytes back
Round trip time was 34.9056 milliseconds in repetition 445
tcp_ping received 98304 bytes back
Round trip time was 32.1321 milliseconds in repetition 446
tcp_ping received 98304 bytes back
Round trip time was 31.6164 milliseconds in repetition 447
tcp_ping received 98304 bytes back
Round trip time was 30.3498 milliseconds in repetition 448
tcp_ping received 98304 bytes back
Round trip time was 31.7513 milliseconds in repetition 449
tcp_ping received 98304 bytes back
Round trip time was 34.0768 milliseconds in repetition 450
tcp_ping received 98304 bytes back
Round trip time was 31.523 milliseconds in repetition 451
tcp_ping received 98304 bytes back
Round trip time was 32.5397 milliseconds in repetition 452
tcp_ping received 98304 bytes back
Round trip time was 33.5625 milliseconds in repetition 453
tcp_ping received 98304 bytes back
Round trip time was 40.049 milliseconds in repetition 454
tcp_ping received 98304 bytes back
Round trip time was 34.4953 milliseconds in repetition 455
tcp_ping received 98304 bytes back
Round trip time was 32.7768 milliseconds in repetition 456
tcp_ping received 98304 bytes back
Round trip time was 33.1307 milliseconds in repetition 457
tcp_ping received 98304 bytes back
Round trip time was 31.6258 milliseconds in repetition 458
tcp_ping received 98304 bytes back
Round trip time was 30.9854 milliseconds in repetition 459
tcp_ping received 98304 bytes back
Round trip time was 31.3927 milliseconds in repetition 460
tcp_ping received 98304 bytes back
Round trip time was 31.3501 milliseconds in repetition 461
tcp_ping received 98304 bytes back
Round trip time was 30.3044 milliseconds in repetition 462
tcp_ping received 98304 bytes back
Round trip time was 31.1643 milliseconds in repetition 463
tcp_ping received 98304 bytes back
Round trip time was 33.3456 milliseconds in repetition 464
tcp_ping received 98304 bytes back
Round trip time was 32.2195 milliseconds in repetition 465
tcp_ping received 98304 bytes back
Round trip time was 31.4456 milliseconds in repetition 466
tcp_ping received 98304 bytes back
Round trip time was 34.2728 milliseconds in repetition 467
tcp_ping received 98304 bytes back
Round trip time was 31.0621 milliseconds in repetition 468
tcp_ping received 98304 bytes back
Round trip time was 31.4632 milliseconds in repetition 469
tcp_ping received 98304 bytes back
Round trip time was 31.7994 milliseconds in repetition 470
tcp_ping received 98304 bytes back
Round trip time was 30.7635 milliseconds in repetition 471
tcp_ping received 98304 bytes back
Round trip time was 30.8248 milliseconds in repetition 472
tcp_ping received 98304 bytes back
Round trip time was 32.7388 milliseconds in repetition 473
tcp_ping received 98304 bytes back
Round trip time was 31.2604 milliseconds in repetition 474
tcp_ping received 98304 bytes back
Round trip time was 30.2402 milliseconds in repetition 475
tcp_ping received 98304 bytes back
Round trip time was 30.8792 milliseconds in repetition 476
tcp_ping received 98304 bytes back
Round trip time was 33.1598 milliseconds in repetition 477
tcp_ping received 98304 bytes back
Round trip time was 32.457 milliseconds in repetition 478
tcp_ping received 98304 bytes back
Round trip time was 32.3721 milliseconds in repetition 479
tcp_ping received 98304 bytes back
Round trip time was 32.9696 milliseconds in repetition 480
tcp_ping received 98304 bytes back
Round trip time was 30.1011 milliseconds in repetition 481
tcp_ping received 98304 bytes back
Round trip time was 36.3235 milliseconds in repetition 482
tcp_ping received 98304 bytes back
Round trip time was 33.2994 milliseconds in repetition 483
tcp_ping received 98304 bytes back
Round trip time was 34.3884 milliseconds in repetition 484
tcp_ping received 98304 bytes back
Round trip time was 33.4208 milliseconds in repetition 485
tcp_ping received 98304 bytes back
Round trip time was 33.4007 milliseconds in repetition 486
tcp_ping received 98304 bytes back
Round trip time was 31.8314 milliseconds in repetition 487
tcp_ping received 98304 bytes back
Round trip time was 33.0838 milliseconds in repetition 488
tcp_ping received 98304 bytes back
Round trip time was 32.5345 milliseconds in repetition 489
tcp_ping received 98304 bytes back
Round trip time was 35.3348 milliseconds in repetition 490
tcp_ping received 98304 bytes back
Round trip time was 33.0109 milliseconds in repetition 491
tcp_ping received 98304 bytes back
Round trip time was 33.6116 milliseconds in repetition 492
tcp_ping received 98304 bytes back
Round trip time was 31.2804 milliseconds in repetition 493
tcp_ping received 98304 bytes back
Round trip time was 31.3807 milliseconds in repetition 494
tcp_ping received 98304 bytes back
Round trip time was 30.7638 milliseconds in repetition 495
tcp_ping received 98304 bytes back
Round trip time was 30.9218 milliseconds in repetition 496
tcp_ping received 98304 bytes back
Round trip time was 30.8177 milliseconds in repetition 497
tcp_ping received 98304 bytes back
Round trip time was 31.542 milliseconds in repetition 498
tcp_ping received 98304 bytes back
Round trip time was 31.417 milliseconds in repetition 499
tcp_ping received 98304 bytes back
Round trip time was 32.3441 milliseconds in repetition 500
tcp_ping received 98304 bytes back
Round trip time was 33.349 milliseconds in repetition 501

 ... clock resolution was 1e-06
TCP Ping:  Statistics over 501 repetitions of 98304 byte messages

RTT : percentile 10: 31.3622, median: 39.1968, percentile 90: 53.219, average: 43.537, variance: 2323.49

RTT histogram:
29.5662 458
81.325 37
133.084 3
184.843 2
236.601 0
288.36 0
340.119 0
391.878 0
443.637 0
495.396 0
547.154 0
598.913 0
650.672 0
702.431 0
754.19 0
805.948 0
857.707 0
909.466 0
961.225 0
1012.98 0
1064.74 1

   median Throughput : 5015.93 KB/s   overall Throughput : 4515.89 KB/s

