TCP Ping trying to connect to server seti.dibris.unige.it (130.251.61.30) on port 1491
 ... connected to Pong server: asking for 501 repetitions of 48 bytes TCP messages
Received answer: 'OK
'
 ... Pong server agreed :-)
tcp_ping received 48 bytes back
Round trip time was 29.2031 milliseconds in repetition 1
tcp_ping received 48 bytes back
Round trip time was 29.0001 milliseconds in repetition 2
tcp_ping received 48 bytes back
Round trip time was 32.4719 milliseconds in repetition 3
tcp_ping received 48 bytes back
Round trip time was 32.9346 milliseconds in repetition 4
tcp_ping received 48 bytes back
Round trip time was 24.1556 milliseconds in repetition 5
tcp_ping received 48 bytes back
Round trip time was 32.0814 milliseconds in repetition 6
tcp_ping received 48 bytes back
Round trip time was 25.9534 milliseconds in repetition 7
tcp_ping received 48 bytes back
Round trip time was 25.4356 milliseconds in repetition 8
tcp_ping received 48 bytes back
Round trip time was 29.8165 milliseconds in repetition 9
tcp_ping received 48 bytes back
Round trip time was 28.7488 milliseconds in repetition 10
tcp_ping received 48 bytes back
Round trip time was 31.2746 milliseconds in repetition 11
tcp_ping received 48 bytes back
Round trip time was 24.7687 milliseconds in repetition 12
tcp_ping received 48 bytes back
Round trip time was 26.4127 milliseconds in repetition 13
tcp_ping received 48 bytes back
Round trip time was 25.6915 milliseconds in repetition 14
tcp_ping received 48 bytes back
Round trip time was 27.727 milliseconds in repetition 15
tcp_ping received 48 bytes back
Round trip time was 32.7088 milliseconds in repetition 16
tcp_ping received 48 bytes back
Round trip time was 27.8521 milliseconds in repetition 17
tcp_ping received 48 bytes back
Round trip time was 29.4436 milliseconds in repetition 18
tcp_ping received 48 bytes back
Round trip time was 28.0417 milliseconds in repetition 19
tcp_ping received 48 bytes back
Round trip time was 34.0198 milliseconds in repetition 20
tcp_ping received 48 bytes back
Round trip time was 28.9619 milliseconds in repetition 21
tcp_ping received 48 bytes back
Round trip time was 32.3284 milliseconds in repetition 22
tcp_ping received 48 bytes back
Round trip time was 24.8258 milliseconds in repetition 23
tcp_ping received 48 bytes back
Round trip time was 24.5595 milliseconds in repetition 24
tcp_ping received 48 bytes back
Round trip time was 30.2289 milliseconds in repetition 25
tcp_ping received 48 bytes back
Round trip time was 32.5929 milliseconds in repetition 26
tcp_ping received 48 bytes back
Round trip time was 25.3732 milliseconds in repetition 27
tcp_ping received 48 bytes back
Round trip time was 29.3484 milliseconds in repetition 28
tcp_ping received 48 bytes back
Round trip time was 31.1488 milliseconds in repetition 29
tcp_ping received 48 bytes back
Round trip time was 25.3993 milliseconds in repetition 30
tcp_ping received 48 bytes back
Round trip time was 33.5386 milliseconds in repetition 31
tcp_ping received 48 bytes back
Round trip time was 25.2988 milliseconds in repetition 32
tcp_ping received 48 bytes back
Round trip time was 24.7569 milliseconds in repetition 33
tcp_ping received 48 bytes back
Round trip time was 25.236 milliseconds in repetition 34
tcp_ping received 48 bytes back
Round trip time was 24.9506 milliseconds in repetition 35
tcp_ping received 48 bytes back
Round trip time was 26.9018 milliseconds in repetition 36
tcp_ping received 48 bytes back
Round trip time was 26.7295 milliseconds in repetition 37
tcp_ping received 48 bytes back
Round trip time was 27.7368 milliseconds in repetition 38
tcp_ping received 48 bytes back
Round trip time was 43.9855 milliseconds in repetition 39
tcp_ping received 48 bytes back
Round trip time was 25.6846 milliseconds in repetition 40
tcp_ping received 48 bytes back
Round trip time was 28.4767 milliseconds in repetition 41
tcp_ping received 48 bytes back
Round trip time was 28.4467 milliseconds in repetition 42
tcp_ping received 48 bytes back
Round trip time was 24.4494 milliseconds in repetition 43
tcp_ping received 48 bytes back
Round trip time was 25.8276 milliseconds in repetition 44
tcp_ping received 48 bytes back
Round trip time was 24.9127 milliseconds in repetition 45
tcp_ping received 48 bytes back
Round trip time was 24.9515 milliseconds in repetition 46
tcp_ping received 48 bytes back
Round trip time was 25.1352 milliseconds in repetition 47
tcp_ping received 48 bytes back
Round trip time was 24.4524 milliseconds in repetition 48
tcp_ping received 48 bytes back
Round trip time was 25.795 milliseconds in repetition 49
tcp_ping received 48 bytes back
Round trip time was 26.0934 milliseconds in repetition 50
tcp_ping received 48 bytes back
Round trip time was 24.9084 milliseconds in repetition 51
tcp_ping received 48 bytes back
Round trip time was 29.6747 milliseconds in repetition 52
tcp_ping received 48 bytes back
Round trip time was 32.8611 milliseconds in repetition 53
tcp_ping received 48 bytes back
Round trip time was 29.4804 milliseconds in repetition 54
tcp_ping received 48 bytes back
Round trip time was 26.1142 milliseconds in repetition 55
tcp_ping received 48 bytes back
Round trip time was 24.2127 milliseconds in repetition 56
tcp_ping received 48 bytes back
Round trip time was 24.7744 milliseconds in repetition 57
tcp_ping received 48 bytes back
Round trip time was 25.161 milliseconds in repetition 58
tcp_ping received 48 bytes back
Round trip time was 29.327 milliseconds in repetition 59
tcp_ping received 48 bytes back
Round trip time was 25.3645 milliseconds in repetition 60
tcp_ping received 48 bytes back
Round trip time was 24.8803 milliseconds in repetition 61
tcp_ping received 48 bytes back
Round trip time was 25.4582 milliseconds in repetition 62
tcp_ping received 48 bytes back
Round trip time was 24.3849 milliseconds in repetition 63
tcp_ping received 48 bytes back
Round trip time was 23.5205 milliseconds in repetition 64
tcp_ping received 48 bytes back
Round trip time was 26.7182 milliseconds in repetition 65
tcp_ping received 48 bytes back
Round trip time was 24.9716 milliseconds in repetition 66
tcp_ping received 48 bytes back
Round trip time was 27.7751 milliseconds in repetition 67
tcp_ping received 48 bytes back
Round trip time was 25.0691 milliseconds in repetition 68
tcp_ping received 48 bytes back
Round trip time was 25.9838 milliseconds in repetition 69
tcp_ping received 48 bytes back
Round trip time was 24.6123 milliseconds in repetition 70
tcp_ping received 48 bytes back
Round trip time was 31.0473 milliseconds in repetition 71
tcp_ping received 48 bytes back
Round trip time was 27.6602 milliseconds in repetition 72
tcp_ping received 48 bytes back
Round trip time was 25.1806 milliseconds in repetition 73
tcp_ping received 48 bytes back
Round trip time was 27.4978 milliseconds in repetition 74
tcp_ping received 48 bytes back
Round trip time was 26.342 milliseconds in repetition 75
tcp_ping received 48 bytes back
Round trip time was 26.333 milliseconds in repetition 76
tcp_ping received 48 bytes back
Round trip time was 26.4862 milliseconds in repetition 77
tcp_ping received 48 bytes back
Round trip time was 23.7717 milliseconds in repetition 78
tcp_ping received 48 bytes back
Round trip time was 28.2342 milliseconds in repetition 79
tcp_ping received 48 bytes back
Round trip time was 30.8244 milliseconds in repetition 80
tcp_ping received 48 bytes back
Round trip time was 24.5893 milliseconds in repetition 81
tcp_ping received 48 bytes back
Round trip time was 28.8626 milliseconds in repetition 82
tcp_ping received 48 bytes back
Round trip time was 24.3314 milliseconds in repetition 83
tcp_ping received 48 bytes back
Round trip time was 24.6173 milliseconds in repetition 84
tcp_ping received 48 bytes back
Round trip time was 30.8365 milliseconds in repetition 85
tcp_ping received 48 bytes back
Round trip time was 23.5306 milliseconds in repetition 86
tcp_ping received 48 bytes back
Round trip time was 23.3306 milliseconds in repetition 87
tcp_ping received 48 bytes back
Round trip time was 23.8257 milliseconds in repetition 88
tcp_ping received 48 bytes back
Round trip time was 27.0786 milliseconds in repetition 89
tcp_ping received 48 bytes back
Round trip time was 24.6233 milliseconds in repetition 90
tcp_ping received 48 bytes back
Round trip time was 24.0837 milliseconds in repetition 91
tcp_ping received 48 bytes back
Round trip time was 25.1552 milliseconds in repetition 92
tcp_ping received 48 bytes back
Round trip time was 26.5451 milliseconds in repetition 93
tcp_ping received 48 bytes back
Round trip time was 23.6211 milliseconds in repetition 94
tcp_ping received 48 bytes back
Round trip time was 26.5735 milliseconds in repetition 95
tcp_ping received 48 bytes back
Round trip time was 25.0877 milliseconds in repetition 96
tcp_ping received 48 bytes back
Round trip time was 27.0248 milliseconds in repetition 97
tcp_ping received 48 bytes back
Round trip time was 24.1343 milliseconds in repetition 98
tcp_ping received 48 bytes back
Round trip time was 26.8051 milliseconds in repetition 99
tcp_ping received 48 bytes back
Round trip time was 25.4936 milliseconds in repetition 100
tcp_ping received 48 bytes back
Round trip time was 24.6321 milliseconds in repetition 101
tcp_ping received 48 bytes back
Round trip time was 23.6628 milliseconds in repetition 102
tcp_ping received 48 bytes back
Round trip time was 22.9317 milliseconds in repetition 103
tcp_ping received 48 bytes back
Round trip time was 25.1483 milliseconds in repetition 104
tcp_ping received 48 bytes back
Round trip time was 24.2914 milliseconds in repetition 105
tcp_ping received 48 bytes back
Round trip time was 24.4585 milliseconds in repetition 106
tcp_ping received 48 bytes back
Round trip time was 25.8188 milliseconds in repetition 107
tcp_ping received 48 bytes back
Round trip time was 42.6296 milliseconds in repetition 108
tcp_ping received 48 bytes back
Round trip time was 24.704 milliseconds in repetition 109
tcp_ping received 48 bytes back
Round trip time was 24.6041 milliseconds in repetition 110
tcp_ping received 48 bytes back
Round trip time was 25.0684 milliseconds in repetition 111
tcp_ping received 48 bytes back
Round trip time was 31.3992 milliseconds in repetition 112
tcp_ping received 48 bytes back
Round trip time was 25.225 milliseconds in repetition 113
tcp_ping received 48 bytes back
Round trip time was 29.2665 milliseconds in repetition 114
tcp_ping received 48 bytes back
Round trip time was 33.9253 milliseconds in repetition 115
tcp_ping received 48 bytes back
Round trip time was 26.3119 milliseconds in repetition 116
tcp_ping received 48 bytes back
Round trip time was 26.9302 milliseconds in repetition 117
tcp_ping received 48 bytes back
Round trip time was 27.3846 milliseconds in repetition 118
tcp_ping received 48 bytes back
Round trip time was 25.6211 milliseconds in repetition 119
tcp_ping received 48 bytes back
Round trip time was 25.0174 milliseconds in repetition 120
tcp_ping received 48 bytes back
Round trip time was 26.8898 milliseconds in repetition 121
tcp_ping received 48 bytes back
Round trip time was 24.635 milliseconds in repetition 122
tcp_ping received 48 bytes back
Round trip time was 23.5459 milliseconds in repetition 123
tcp_ping received 48 bytes back
Round trip time was 23.488 milliseconds in repetition 124
tcp_ping received 48 bytes back
Round trip time was 24.1694 milliseconds in repetition 125
tcp_ping received 48 bytes back
Round trip time was 23.5595 milliseconds in repetition 126
tcp_ping received 48 bytes back
Round trip time was 25.2503 milliseconds in repetition 127
tcp_ping received 48 bytes back
Round trip time was 24.0639 milliseconds in repetition 128
tcp_ping received 48 bytes back
Round trip time was 23.4091 milliseconds in repetition 129
tcp_ping received 48 bytes back
Round trip time was 27.8095 milliseconds in repetition 130
tcp_ping received 48 bytes back
Round trip time was 26.1186 milliseconds in repetition 131
tcp_ping received 48 bytes back
Round trip time was 25.3502 milliseconds in repetition 132
tcp_ping received 48 bytes back
Round trip time was 25.4295 milliseconds in repetition 133
tcp_ping received 48 bytes back
Round trip time was 25.1214 milliseconds in repetition 134
tcp_ping received 48 bytes back
Round trip time was 28.8138 milliseconds in repetition 135
tcp_ping received 48 bytes back
Round trip time was 24.6587 milliseconds in repetition 136
tcp_ping received 48 bytes back
Round trip time was 34.2806 milliseconds in repetition 137
tcp_ping received 48 bytes back
Round trip time was 26.0389 milliseconds in repetition 138
tcp_ping received 48 bytes back
Round trip time was 27.0127 milliseconds in repetition 139
tcp_ping received 48 bytes back
Round trip time was 23.337 milliseconds in repetition 140
tcp_ping received 48 bytes back
Round trip time was 24.6 milliseconds in repetition 141
tcp_ping received 48 bytes back
Round trip time was 25.333 milliseconds in repetition 142
tcp_ping received 48 bytes back
Round trip time was 23.6602 milliseconds in repetition 143
tcp_ping received 48 bytes back
Round trip time was 26.9045 milliseconds in repetition 144
tcp_ping received 48 bytes back
Round trip time was 23.688 milliseconds in repetition 145
tcp_ping received 48 bytes back
Round trip time was 25.2744 milliseconds in repetition 146
tcp_ping received 48 bytes back
Round trip time was 24.1639 milliseconds in repetition 147
tcp_ping received 48 bytes back
Round trip time was 28.4087 milliseconds in repetition 148
tcp_ping received 48 bytes back
Round trip time was 26.6272 milliseconds in repetition 149
tcp_ping received 48 bytes back
Round trip time was 24.2616 milliseconds in repetition 150
tcp_ping received 48 bytes back
Round trip time was 23.9075 milliseconds in repetition 151
tcp_ping received 48 bytes back
Round trip time was 26.0945 milliseconds in repetition 152
tcp_ping received 48 bytes back
Round trip time was 24.5409 milliseconds in repetition 153
tcp_ping received 48 bytes back
Round trip time was 24.2983 milliseconds in repetition 154
tcp_ping received 48 bytes back
Round trip time was 23.8772 milliseconds in repetition 155
tcp_ping received 48 bytes back
Round trip time was 24.4668 milliseconds in repetition 156
tcp_ping received 48 bytes back
Round trip time was 25.6654 milliseconds in repetition 157
tcp_ping received 48 bytes back
Round trip time was 24.4454 milliseconds in repetition 158
tcp_ping received 48 bytes back
Round trip time was 24.5661 milliseconds in repetition 159
tcp_ping received 48 bytes back
Round trip time was 24.0812 milliseconds in repetition 160
tcp_ping received 48 bytes back
Round trip time was 24.0248 milliseconds in repetition 161
tcp_ping received 48 bytes back
Round trip time was 26.3216 milliseconds in repetition 162
tcp_ping received 48 bytes back
Round trip time was 24.7526 milliseconds in repetition 163
tcp_ping received 48 bytes back
Round trip time was 26.8353 milliseconds in repetition 164
tcp_ping received 48 bytes back
Round trip time was 25.6161 milliseconds in repetition 165
tcp_ping received 48 bytes back
Round trip time was 26.39 milliseconds in repetition 166
tcp_ping received 48 bytes back
Round trip time was 24.9372 milliseconds in repetition 167
tcp_ping received 48 bytes back
Round trip time was 26.1631 milliseconds in repetition 168
tcp_ping received 48 bytes back
Round trip time was 23.9277 milliseconds in repetition 169
tcp_ping received 48 bytes back
Round trip time was 24.8353 milliseconds in repetition 170
tcp_ping received 48 bytes back
Round trip time was 25.9813 milliseconds in repetition 171
tcp_ping received 48 bytes back
Round trip time was 25.6234 milliseconds in repetition 172
tcp_ping received 48 bytes back
Round trip time was 23.8077 milliseconds in repetition 173
tcp_ping received 48 bytes back
Round trip time was 25.7127 milliseconds in repetition 174
tcp_ping received 48 bytes back
Round trip time was 24.9342 milliseconds in repetition 175
tcp_ping received 48 bytes back
Round trip time was 27.8517 milliseconds in repetition 176
tcp_ping received 48 bytes back
Round trip time was 24.4136 milliseconds in repetition 177
tcp_ping received 48 bytes back
Round trip time was 24.0816 milliseconds in repetition 178
tcp_ping received 48 bytes back
Round trip time was 24.1611 milliseconds in repetition 179
tcp_ping received 48 bytes back
Round trip time was 24.0894 milliseconds in repetition 180
tcp_ping received 48 bytes back
Round trip time was 24.7417 milliseconds in repetition 181
tcp_ping received 48 bytes back
Round trip time was 26.1087 milliseconds in repetition 182
tcp_ping received 48 bytes back
Round trip time was 29.0873 milliseconds in repetition 183
tcp_ping received 48 bytes back
Round trip time was 26.2788 milliseconds in repetition 184
tcp_ping received 48 bytes back
Round trip time was 24.366 milliseconds in repetition 185
tcp_ping received 48 bytes back
Round trip time was 24.6257 milliseconds in repetition 186
tcp_ping received 48 bytes back
Round trip time was 24.2738 milliseconds in repetition 187
tcp_ping received 48 bytes back
Round trip time was 23.3599 milliseconds in repetition 188
tcp_ping received 48 bytes back
Round trip time was 29.991 milliseconds in repetition 189
tcp_ping received 48 bytes back
Round trip time was 34.3565 milliseconds in repetition 190
tcp_ping received 48 bytes back
Round trip time was 23.4997 milliseconds in repetition 191
tcp_ping received 48 bytes back
Round trip time was 24.4076 milliseconds in repetition 192
tcp_ping received 48 bytes back
Round trip time was 31.0972 milliseconds in repetition 193
tcp_ping received 48 bytes back
Round trip time was 35.9926 milliseconds in repetition 194
tcp_ping received 48 bytes back
Round trip time was 30.0995 milliseconds in repetition 195
tcp_ping received 48 bytes back
Round trip time was 32.8325 milliseconds in repetition 196
tcp_ping received 48 bytes back
Round trip time was 35.2606 milliseconds in repetition 197
tcp_ping received 48 bytes back
Round trip time was 29.827 milliseconds in repetition 198
tcp_ping received 48 bytes back
Round trip time was 30.2873 milliseconds in repetition 199
tcp_ping received 48 bytes back
Round trip time was 30.8856 milliseconds in repetition 200
tcp_ping received 48 bytes back
Round trip time was 32.885 milliseconds in repetition 201
tcp_ping received 48 bytes back
Round trip time was 24.0459 milliseconds in repetition 202
tcp_ping received 48 bytes back
Round trip time was 31.3687 milliseconds in repetition 203
tcp_ping received 48 bytes back
Round trip time was 33.4015 milliseconds in repetition 204
tcp_ping received 48 bytes back
Round trip time was 25.734 milliseconds in repetition 205
tcp_ping received 48 bytes back
Round trip time was 25.7512 milliseconds in repetition 206
tcp_ping received 48 bytes back
Round trip time was 27.4546 milliseconds in repetition 207
tcp_ping received 48 bytes back
Round trip time was 33.3711 milliseconds in repetition 208
tcp_ping received 48 bytes back
Round trip time was 27.1021 milliseconds in repetition 209
tcp_ping received 48 bytes back
Round trip time was 28.1743 milliseconds in repetition 210
tcp_ping received 48 bytes back
Round trip time was 28.0677 milliseconds in repetition 211
tcp_ping received 48 bytes back
Round trip time was 28.8472 milliseconds in repetition 212
tcp_ping received 48 bytes back
Round trip time was 24.4161 milliseconds in repetition 213
tcp_ping received 48 bytes back
Round trip time was 38.8496 milliseconds in repetition 214
tcp_ping received 48 bytes back
Round trip time was 29.7094 milliseconds in repetition 215
tcp_ping received 48 bytes back
Round trip time was 27.7466 milliseconds in repetition 216
tcp_ping received 48 bytes back
Round trip time was 36.4725 milliseconds in repetition 217
tcp_ping received 48 bytes back
Round trip time was 32.8581 milliseconds in repetition 218
tcp_ping received 48 bytes back
Round trip time was 25.8108 milliseconds in repetition 219
tcp_ping received 48 bytes back
Round trip time was 42.4089 milliseconds in repetition 220
tcp_ping received 48 bytes back
Round trip time was 28.0368 milliseconds in repetition 221
tcp_ping received 48 bytes back
Round trip time was 27.799 milliseconds in repetition 222
tcp_ping received 48 bytes back
Round trip time was 27.6316 milliseconds in repetition 223
tcp_ping received 48 bytes back
Round trip time was 31.6116 milliseconds in repetition 224
tcp_ping received 48 bytes back
Round trip time was 28.6092 milliseconds in repetition 225
tcp_ping received 48 bytes back
Round trip time was 26.4189 milliseconds in repetition 226
tcp_ping received 48 bytes back
Round trip time was 28.8415 milliseconds in repetition 227
tcp_ping received 48 bytes back
Round trip time was 34.1501 milliseconds in repetition 228
tcp_ping received 48 bytes back
Round trip time was 23.9405 milliseconds in repetition 229
tcp_ping received 48 bytes back
Round trip time was 24.083 milliseconds in repetition 230
tcp_ping received 48 bytes back
Round trip time was 27.8649 milliseconds in repetition 231
tcp_ping received 48 bytes back
Round trip time was 24.2111 milliseconds in repetition 232
tcp_ping received 48 bytes back
Round trip time was 23.7092 milliseconds in repetition 233
tcp_ping received 48 bytes back
Round trip time was 25.5775 milliseconds in repetition 234
tcp_ping received 48 bytes back
Round trip time was 27.8658 milliseconds in repetition 235
tcp_ping received 48 bytes back
Round trip time was 24.4803 milliseconds in repetition 236
tcp_ping received 48 bytes back
Round trip time was 27.8754 milliseconds in repetition 237
tcp_ping received 48 bytes back
Round trip time was 25.5547 milliseconds in repetition 238
tcp_ping received 48 bytes back
Round trip time was 27.6777 milliseconds in repetition 239
tcp_ping received 48 bytes back
Round trip time was 35.1315 milliseconds in repetition 240
tcp_ping received 48 bytes back
Round trip time was 28.2851 milliseconds in repetition 241
tcp_ping received 48 bytes back
Round trip time was 31.3217 milliseconds in repetition 242
tcp_ping received 48 bytes back
Round trip time was 36.5958 milliseconds in repetition 243
tcp_ping received 48 bytes back
Round trip time was 31.1088 milliseconds in repetition 244
tcp_ping received 48 bytes back
Round trip time was 47.9945 milliseconds in repetition 245
tcp_ping received 48 bytes back
Round trip time was 30.8013 milliseconds in repetition 246
tcp_ping received 48 bytes back
Round trip time was 24.2019 milliseconds in repetition 247
tcp_ping received 48 bytes back
Round trip time was 23.7649 milliseconds in repetition 248
tcp_ping received 48 bytes back
Round trip time was 30.3511 milliseconds in repetition 249
tcp_ping received 48 bytes back
Round trip time was 29.6211 milliseconds in repetition 250
tcp_ping received 48 bytes back
Round trip time was 29.7577 milliseconds in repetition 251
tcp_ping received 48 bytes back
Round trip time was 25.3761 milliseconds in repetition 252
tcp_ping received 48 bytes back
Round trip time was 26.5408 milliseconds in repetition 253
tcp_ping received 48 bytes back
Round trip time was 28.7281 milliseconds in repetition 254
tcp_ping received 48 bytes back
Round trip time was 31.7788 milliseconds in repetition 255
tcp_ping received 48 bytes back
Round trip time was 30.8 milliseconds in repetition 256
tcp_ping received 48 bytes back
Round trip time was 37.4042 milliseconds in repetition 257
tcp_ping received 48 bytes back
Round trip time was 33.3844 milliseconds in repetition 258
tcp_ping received 48 bytes back
Round trip time was 30.539 milliseconds in repetition 259
tcp_ping received 48 bytes back
Round trip time was 28.9701 milliseconds in repetition 260
tcp_ping received 48 bytes back
Round trip time was 29.8079 milliseconds in repetition 261
tcp_ping received 48 bytes back
Round trip time was 30.3344 milliseconds in repetition 262
tcp_ping received 48 bytes back
Round trip time was 51.8716 milliseconds in repetition 263
tcp_ping received 48 bytes back
Round trip time was 29.7202 milliseconds in repetition 264
tcp_ping received 48 bytes back
Round trip time was 25.3397 milliseconds in repetition 265
tcp_ping received 48 bytes back
Round trip time was 24.4558 milliseconds in repetition 266
tcp_ping received 48 bytes back
Round trip time was 25.2205 milliseconds in repetition 267
tcp_ping received 48 bytes back
Round trip time was 24.2306 milliseconds in repetition 268
tcp_ping received 48 bytes back
Round trip time was 24.8453 milliseconds in repetition 269
tcp_ping received 48 bytes back
Round trip time was 24.4985 milliseconds in repetition 270
tcp_ping received 48 bytes back
Round trip time was 25.4392 milliseconds in repetition 271
tcp_ping received 48 bytes back
Round trip time was 27.2146 milliseconds in repetition 272
tcp_ping received 48 bytes back
Round trip time was 24.6263 milliseconds in repetition 273
tcp_ping received 48 bytes back
Round trip time was 28.9556 milliseconds in repetition 274
tcp_ping received 48 bytes back
Round trip time was 28.0169 milliseconds in repetition 275
tcp_ping received 48 bytes back
Round trip time was 28.8441 milliseconds in repetition 276
tcp_ping received 48 bytes back
Round trip time was 25.9239 milliseconds in repetition 277
tcp_ping received 48 bytes back
Round trip time was 27.9665 milliseconds in repetition 278
tcp_ping received 48 bytes back
Round trip time was 25.1276 milliseconds in repetition 279
tcp_ping received 48 bytes back
Round trip time was 24.101 milliseconds in repetition 280
tcp_ping received 48 bytes back
Round trip time was 25.3545 milliseconds in repetition 281
tcp_ping received 48 bytes back
Round trip time was 25.0101 milliseconds in repetition 282
tcp_ping received 48 bytes back
Round trip time was 25.0235 milliseconds in repetition 283
tcp_ping received 48 bytes back
Round trip time was 26.0404 milliseconds in repetition 284
tcp_ping received 48 bytes back
Round trip time was 25.1041 milliseconds in repetition 285
tcp_ping received 48 bytes back
Round trip time was 24.2138 milliseconds in repetition 286
tcp_ping received 48 bytes back
Round trip time was 25.6759 milliseconds in repetition 287
tcp_ping received 48 bytes back
Round trip time was 22.192 milliseconds in repetition 288
tcp_ping received 48 bytes back
Round trip time was 23.2507 milliseconds in repetition 289
tcp_ping received 48 bytes back
Round trip time was 23.434 milliseconds in repetition 290
tcp_ping received 48 bytes back
Round trip time was 23.556 milliseconds in repetition 291
tcp_ping received 48 bytes back
Round trip time was 23.7707 milliseconds in repetition 292
tcp_ping received 48 bytes back
Round trip time was 24.1603 milliseconds in repetition 293
tcp_ping received 48 bytes back
Round trip time was 24.5335 milliseconds in repetition 294
tcp_ping received 48 bytes back
Round trip time was 25.0415 milliseconds in repetition 295
tcp_ping received 48 bytes back
Round trip time was 23.3776 milliseconds in repetition 296
tcp_ping received 48 bytes back
Round trip time was 23.6731 milliseconds in repetition 297
tcp_ping received 48 bytes back
Round trip time was 25.0631 milliseconds in repetition 298
tcp_ping received 48 bytes back
Round trip time was 24.9456 milliseconds in repetition 299
tcp_ping received 48 bytes back
Round trip time was 26.1054 milliseconds in repetition 300
tcp_ping received 48 bytes back
Round trip time was 23.7324 milliseconds in repetition 301
tcp_ping received 48 bytes back
Round trip time was 26.1923 milliseconds in repetition 302
tcp_ping received 48 bytes back
Round trip time was 24.9194 milliseconds in repetition 303
tcp_ping received 48 bytes back
Round trip time was 25.4687 milliseconds in repetition 304
tcp_ping received 48 bytes back
Round trip time was 24.7444 milliseconds in repetition 305
tcp_ping received 48 bytes back
Round trip time was 25.8648 milliseconds in repetition 306
tcp_ping received 48 bytes back
Round trip time was 27.876 milliseconds in repetition 307
tcp_ping received 48 bytes back
Round trip time was 24.4635 milliseconds in repetition 308
tcp_ping received 48 bytes back
Round trip time was 30.5693 milliseconds in repetition 309
tcp_ping received 48 bytes back
Round trip time was 23.5178 milliseconds in repetition 310
tcp_ping received 48 bytes back
Round trip time was 25.2267 milliseconds in repetition 311
tcp_ping received 48 bytes back
Round trip time was 24.5328 milliseconds in repetition 312
tcp_ping received 48 bytes back
Round trip time was 24.4313 milliseconds in repetition 313
tcp_ping received 48 bytes back
Round trip time was 29.1104 milliseconds in repetition 314
tcp_ping received 48 bytes back
Round trip time was 25.4085 milliseconds in repetition 315
tcp_ping received 48 bytes back
Round trip time was 24.9917 milliseconds in repetition 316
tcp_ping received 48 bytes back
Round trip time was 24.347 milliseconds in repetition 317
tcp_ping received 48 bytes back
Round trip time was 23.8 milliseconds in repetition 318
tcp_ping received 48 bytes back
Round trip time was 24.1906 milliseconds in repetition 319
tcp_ping received 48 bytes back
Round trip time was 26.484 milliseconds in repetition 320
tcp_ping received 48 bytes back
Round trip time was 24.4671 milliseconds in repetition 321
tcp_ping received 48 bytes back
Round trip time was 25.8013 milliseconds in repetition 322
tcp_ping received 48 bytes back
Round trip time was 26.0186 milliseconds in repetition 323
tcp_ping received 48 bytes back
Round trip time was 28.7207 milliseconds in repetition 324
tcp_ping received 48 bytes back
Round trip time was 23.7307 milliseconds in repetition 325
tcp_ping received 48 bytes back
Round trip time was 23.3607 milliseconds in repetition 326
tcp_ping received 48 bytes back
Round trip time was 23.5597 milliseconds in repetition 327
tcp_ping received 48 bytes back
Round trip time was 23.7366 milliseconds in repetition 328
tcp_ping received 48 bytes back
Round trip time was 24.4898 milliseconds in repetition 329
tcp_ping received 48 bytes back
Round trip time was 24.8865 milliseconds in repetition 330
tcp_ping received 48 bytes back
Round trip time was 24.8072 milliseconds in repetition 331
tcp_ping received 48 bytes back
Round trip time was 23.7934 milliseconds in repetition 332
tcp_ping received 48 bytes back
Round trip time was 24.4822 milliseconds in repetition 333
tcp_ping received 48 bytes back
Round trip time was 23.6605 milliseconds in repetition 334
tcp_ping received 48 bytes back
Round trip time was 25.7711 milliseconds in repetition 335
tcp_ping received 48 bytes back
Round trip time was 23.9435 milliseconds in repetition 336
tcp_ping received 48 bytes back
Round trip time was 24.2309 milliseconds in repetition 337
tcp_ping received 48 bytes back
Round trip time was 26.1714 milliseconds in repetition 338
tcp_ping received 48 bytes back
Round trip time was 26.6806 milliseconds in repetition 339
tcp_ping received 48 bytes back
Round trip time was 24.4546 milliseconds in repetition 340
tcp_ping received 48 bytes back
Round trip time was 25.7231 milliseconds in repetition 341
tcp_ping received 48 bytes back
Round trip time was 25.762 milliseconds in repetition 342
tcp_ping received 48 bytes back
Round trip time was 24.5212 milliseconds in repetition 343
tcp_ping received 48 bytes back
Round trip time was 24.5102 milliseconds in repetition 344
tcp_ping received 48 bytes back
Round trip time was 26.499 milliseconds in repetition 345
tcp_ping received 48 bytes back
Round trip time was 31.5219 milliseconds in repetition 346
tcp_ping received 48 bytes back
Round trip time was 23.1394 milliseconds in repetition 347
tcp_ping received 48 bytes back
Round trip time was 24.9477 milliseconds in repetition 348
tcp_ping received 48 bytes back
Round trip time was 22.4043 milliseconds in repetition 349
tcp_ping received 48 bytes back
Round trip time was 24.1764 milliseconds in repetition 350
tcp_ping received 48 bytes back
Round trip time was 23.3637 milliseconds in repetition 351
tcp_ping received 48 bytes back
Round trip time was 24.3676 milliseconds in repetition 352
tcp_ping received 48 bytes back
Round trip time was 25.0233 milliseconds in repetition 353
tcp_ping received 48 bytes back
Round trip time was 23.6835 milliseconds in repetition 354
tcp_ping received 48 bytes back
Round trip time was 26.5612 milliseconds in repetition 355
tcp_ping received 48 bytes back
Round trip time was 23.5912 milliseconds in repetition 356
tcp_ping received 48 bytes back
Round trip time was 24.6704 milliseconds in repetition 357
tcp_ping received 48 bytes back
Round trip time was 25.9758 milliseconds in repetition 358
tcp_ping received 48 bytes back
Round trip time was 23.6749 milliseconds in repetition 359
tcp_ping received 48 bytes back
Round trip time was 24.4607 milliseconds in repetition 360
tcp_ping received 48 bytes back
Round trip time was 26.9615 milliseconds in repetition 361
tcp_ping received 48 bytes back
Round trip time was 25.2305 milliseconds in repetition 362
tcp_ping received 48 bytes back
Round trip time was 24.0112 milliseconds in repetition 363
tcp_ping received 48 bytes back
Round trip time was 24.8807 milliseconds in repetition 364
tcp_ping received 48 bytes back
Round trip time was 28.0523 milliseconds in repetition 365
tcp_ping received 48 bytes back
Round trip time was 23.2424 milliseconds in repetition 366
tcp_ping received 48 bytes back
Round trip time was 23.9297 milliseconds in repetition 367
tcp_ping received 48 bytes back
Round trip time was 23.7835 milliseconds in repetition 368
tcp_ping received 48 bytes back
Round trip time was 25.4736 milliseconds in repetition 369
tcp_ping received 48 bytes back
Round trip time was 25.8618 milliseconds in repetition 370
tcp_ping received 48 bytes back
Round trip time was 24.2316 milliseconds in repetition 371
tcp_ping received 48 bytes back
Round trip time was 23.58 milliseconds in repetition 372
tcp_ping received 48 bytes back
Round trip time was 25.9725 milliseconds in repetition 373
tcp_ping received 48 bytes back
Round trip time was 36.1573 milliseconds in repetition 374
tcp_ping received 48 bytes back
Round trip time was 39.9555 milliseconds in repetition 375
tcp_ping received 48 bytes back
Round trip time was 28.5209 milliseconds in repetition 376
tcp_ping received 48 bytes back
Round trip time was 24.1133 milliseconds in repetition 377
tcp_ping received 48 bytes back
Round trip time was 22.8609 milliseconds in repetition 378
tcp_ping received 48 bytes back
Round trip time was 23.7592 milliseconds in repetition 379
tcp_ping received 48 bytes back
Round trip time was 23.4697 milliseconds in repetition 380
tcp_ping received 48 bytes back
Round trip time was 24.2548 milliseconds in repetition 381
tcp_ping received 48 bytes back
Round trip time was 23.2306 milliseconds in repetition 382
tcp_ping received 48 bytes back
Round trip time was 24.5305 milliseconds in repetition 383
tcp_ping received 48 bytes back
Round trip time was 23.5127 milliseconds in repetition 384
tcp_ping received 48 bytes back
Round trip time was 23.818 milliseconds in repetition 385
tcp_ping received 48 bytes back
Round trip time was 23.6339 milliseconds in repetition 386
tcp_ping received 48 bytes back
Round trip time was 38.8098 milliseconds in repetition 387
tcp_ping received 48 bytes back
Round trip time was 23.0761 milliseconds in repetition 388
tcp_ping received 48 bytes back
Round trip time was 24.5944 milliseconds in repetition 389
tcp_ping received 48 bytes back
Round trip time was 25.548 milliseconds in repetition 390
tcp_ping received 48 bytes back
Round trip time was 24.3063 milliseconds in repetition 391
tcp_ping received 48 bytes back
Round trip time was 23.6343 milliseconds in repetition 392
tcp_ping received 48 bytes back
Round trip time was 23.6036 milliseconds in repetition 393
tcp_ping received 48 bytes back
Round trip time was 23.8227 milliseconds in repetition 394
tcp_ping received 48 bytes back
Round trip time was 24.4969 milliseconds in repetition 395
tcp_ping received 48 bytes back
Round trip time was 25.9972 milliseconds in repetition 396
tcp_ping received 48 bytes back
Round trip time was 23.755 milliseconds in repetition 397
tcp_ping received 48 bytes back
Round trip time was 25.8736 milliseconds in repetition 398
tcp_ping received 48 bytes back
Round trip time was 25.246 milliseconds in repetition 399
tcp_ping received 48 bytes back
Round trip time was 24.6169 milliseconds in repetition 400
tcp_ping received 48 bytes back
Round trip time was 23.4829 milliseconds in repetition 401
tcp_ping received 48 bytes back
Round trip time was 24.4491 milliseconds in repetition 402
tcp_ping received 48 bytes back
Round trip time was 24.1165 milliseconds in repetition 403
tcp_ping received 48 bytes back
Round trip time was 24.5645 milliseconds in repetition 404
tcp_ping received 48 bytes back
Round trip time was 24.5302 milliseconds in repetition 405
tcp_ping received 48 bytes back
Round trip time was 24.0013 milliseconds in repetition 406
tcp_ping received 48 bytes back
Round trip time was 23.5752 milliseconds in repetition 407
tcp_ping received 48 bytes back
Round trip time was 23.3905 milliseconds in repetition 408
tcp_ping received 48 bytes back
Round trip time was 24.8576 milliseconds in repetition 409
tcp_ping received 48 bytes back
Round trip time was 24.6112 milliseconds in repetition 410
tcp_ping received 48 bytes back
Round trip time was 24.9466 milliseconds in repetition 411
tcp_ping received 48 bytes back
Round trip time was 25.4862 milliseconds in repetition 412
tcp_ping received 48 bytes back
Round trip time was 24.4131 milliseconds in repetition 413
tcp_ping received 48 bytes back
Round trip time was 24.6618 milliseconds in repetition 414
tcp_ping received 48 bytes back
Round trip time was 23.7261 milliseconds in repetition 415
tcp_ping received 48 bytes back
Round trip time was 24.4021 milliseconds in repetition 416
tcp_ping received 48 bytes back
Round trip time was 26.3598 milliseconds in repetition 417
tcp_ping received 48 bytes back
Round trip time was 24.0169 milliseconds in repetition 418
tcp_ping received 48 bytes back
Round trip time was 28.5313 milliseconds in repetition 419
tcp_ping received 48 bytes back
Round trip time was 23.6639 milliseconds in repetition 420
tcp_ping received 48 bytes back
Round trip time was 26.5525 milliseconds in repetition 421
tcp_ping received 48 bytes back
Round trip time was 23.5392 milliseconds in repetition 422
tcp_ping received 48 bytes back
Round trip time was 27.5763 milliseconds in repetition 423
tcp_ping received 48 bytes back
Round trip time was 26.7418 milliseconds in repetition 424
tcp_ping received 48 bytes back
Round trip time was 24.6421 milliseconds in repetition 425
tcp_ping received 48 bytes back
Round trip time was 23.5933 milliseconds in repetition 426
tcp_ping received 48 bytes back
Round trip time was 23.4479 milliseconds in repetition 427
tcp_ping received 48 bytes back
Round trip time was 23.9244 milliseconds in repetition 428
tcp_ping received 48 bytes back
Round trip time was 23.8352 milliseconds in repetition 429
tcp_ping received 48 bytes back
Round trip time was 24.7676 milliseconds in repetition 430
tcp_ping received 48 bytes back
Round trip time was 27.0266 milliseconds in repetition 431
tcp_ping received 48 bytes back
Round trip time was 28.2049 milliseconds in repetition 432
tcp_ping received 48 bytes back
Round trip time was 24.637 milliseconds in repetition 433
tcp_ping received 48 bytes back
Round trip time was 23.671 milliseconds in repetition 434
tcp_ping received 48 bytes back
Round trip time was 23.4353 milliseconds in repetition 435
tcp_ping received 48 bytes back
Round trip time was 24.0274 milliseconds in repetition 436
tcp_ping received 48 bytes back
Round trip time was 23.7592 milliseconds in repetition 437
tcp_ping received 48 bytes back
Round trip time was 23.6084 milliseconds in repetition 438
tcp_ping received 48 bytes back
Round trip time was 23.4743 milliseconds in repetition 439
tcp_ping received 48 bytes back
Round trip time was 24.1112 milliseconds in repetition 440
tcp_ping received 48 bytes back
Round trip time was 24.5352 milliseconds in repetition 441
tcp_ping received 48 bytes back
Round trip time was 24.377 milliseconds in repetition 442
tcp_ping received 48 bytes back
Round trip time was 24.5779 milliseconds in repetition 443
tcp_ping received 48 bytes back
Round trip time was 23.8827 milliseconds in repetition 444
tcp_ping received 48 bytes back
Round trip time was 23.6065 milliseconds in repetition 445
tcp_ping received 48 bytes back
Round trip time was 25.7352 milliseconds in repetition 446
tcp_ping received 48 bytes back
Round trip time was 28.638 milliseconds in repetition 447
tcp_ping received 48 bytes back
Round trip time was 23.5767 milliseconds in repetition 448
tcp_ping received 48 bytes back
Round trip time was 24.2701 milliseconds in repetition 449
tcp_ping received 48 bytes back
Round trip time was 23.557 milliseconds in repetition 450
tcp_ping received 48 bytes back
Round trip time was 24.5969 milliseconds in repetition 451
tcp_ping received 48 bytes back
Round trip time was 25.3996 milliseconds in repetition 452
tcp_ping received 48 bytes back
Round trip time was 25.3787 milliseconds in repetition 453
tcp_ping received 48 bytes back
Round trip time was 24.5099 milliseconds in repetition 454
tcp_ping received 48 bytes back
Round trip time was 24.748 milliseconds in repetition 455
tcp_ping received 48 bytes back
Round trip time was 24.553 milliseconds in repetition 456
tcp_ping received 48 bytes back
Round trip time was 24.6312 milliseconds in repetition 457
tcp_ping received 48 bytes back
Round trip time was 24.5826 milliseconds in repetition 458
tcp_ping received 48 bytes back
Round trip time was 25.6578 milliseconds in repetition 459
tcp_ping received 48 bytes back
Round trip time was 26.7382 milliseconds in repetition 460
tcp_ping received 48 bytes back
Round trip time was 25.336 milliseconds in repetition 461
tcp_ping received 48 bytes back
Round trip time was 24.5571 milliseconds in repetition 462
tcp_ping received 48 bytes back
Round trip time was 24.8499 milliseconds in repetition 463
tcp_ping received 48 bytes back
Round trip time was 23.8939 milliseconds in repetition 464
tcp_ping received 48 bytes back
Round trip time was 23.7982 milliseconds in repetition 465
tcp_ping received 48 bytes back
Round trip time was 25.5096 milliseconds in repetition 466
tcp_ping received 48 bytes back
Round trip time was 27.3795 milliseconds in repetition 467
tcp_ping received 48 bytes back
Round trip time was 23.2867 milliseconds in repetition 468
tcp_ping received 48 bytes back
Round trip time was 24.0773 milliseconds in repetition 469
tcp_ping received 48 bytes back
Round trip time was 26.7218 milliseconds in repetition 470
tcp_ping received 48 bytes back
Round trip time was 24.0683 milliseconds in repetition 471
tcp_ping received 48 bytes back
Round trip time was 26.9708 milliseconds in repetition 472
tcp_ping received 48 bytes back
Round trip time was 24.3493 milliseconds in repetition 473
tcp_ping received 48 bytes back
Round trip time was 25.3963 milliseconds in repetition 474
tcp_ping received 48 bytes back
Round trip time was 30.6571 milliseconds in repetition 475
tcp_ping received 48 bytes back
Round trip time was 23.9687 milliseconds in repetition 476
tcp_ping received 48 bytes back
Round trip time was 25.9412 milliseconds in repetition 477
tcp_ping received 48 bytes back
Round trip time was 24.7067 milliseconds in repetition 478
tcp_ping received 48 bytes back
Round trip time was 27.9276 milliseconds in repetition 479
tcp_ping received 48 bytes back
Round trip time was 22.6168 milliseconds in repetition 480
tcp_ping received 48 bytes back
Round trip time was 24.9665 milliseconds in repetition 481
tcp_ping received 48 bytes back
Round trip time was 25.7573 milliseconds in repetition 482
tcp_ping received 48 bytes back
Round trip time was 24.6351 milliseconds in repetition 483
tcp_ping received 48 bytes back
Round trip time was 25.0091 milliseconds in repetition 484
tcp_ping received 48 bytes back
Round trip time was 26.5345 milliseconds in repetition 485
tcp_ping received 48 bytes back
Round trip time was 25.8274 milliseconds in repetition 486
tcp_ping received 48 bytes back
Round trip time was 25.148 milliseconds in repetition 487
tcp_ping received 48 bytes back
Round trip time was 23.4466 milliseconds in repetition 488
tcp_ping received 48 bytes back
Round trip time was 25.0741 milliseconds in repetition 489
tcp_ping received 48 bytes back
Round trip time was 24.4457 milliseconds in repetition 490
tcp_ping received 48 bytes back
Round trip time was 27.6675 milliseconds in repetition 491
tcp_ping received 48 bytes back
Round trip time was 23.7624 milliseconds in repetition 492
tcp_ping received 48 bytes back
Round trip time was 23.4498 milliseconds in repetition 493
tcp_ping received 48 bytes back
Round trip time was 24.8595 milliseconds in repetition 494
tcp_ping received 48 bytes back
Round trip time was 25.3604 milliseconds in repetition 495
tcp_ping received 48 bytes back
Round trip time was 31.1908 milliseconds in repetition 496
tcp_ping received 48 bytes back
Round trip time was 40.2005 milliseconds in repetition 497
tcp_ping received 48 bytes back
Round trip time was 25.0363 milliseconds in repetition 498
tcp_ping received 48 bytes back
Round trip time was 23.7306 milliseconds in repetition 499
tcp_ping received 48 bytes back
Round trip time was 24.2656 milliseconds in repetition 500
tcp_ping received 48 bytes back
Round trip time was 25.5438 milliseconds in repetition 501

 ... clock resolution was 1e-06
TCP Ping:  Statistics over 501 repetitions of 48 byte messages

RTT : percentile 10: 23.6602, median: 25.1552, percentile 90: 30.8013, average: 26.3987, variance: 12.8032

RTT histogram:
22.192 5
23.6759 139
25.1599 170
26.6439 61
28.1279 45
29.6119 26
31.0959 20
32.5798 10
34.0638 9
35.5478 4
37.0318 3
38.5158 2
39.9997 2
41.4837 0
42.9677 2
44.4517 1
45.9357 0
47.4196 1
48.9036 0
50.3876 0
51.8716 1

   median Throughput : 3.81631 KB/s   overall Throughput : 3.63654 KB/s

