TCP Ping trying to connect to server seti.dibris.unige.it (130.251.61.30) on port 1491
 ... connected to Pong server: asking for 501 repetitions of 512 bytes TCP messages
Received answer: 'OK
'
 ... Pong server agreed :-)
tcp_ping received 512 bytes back
Round trip time was 23.6703 milliseconds in repetition 1
tcp_ping received 512 bytes back
Round trip time was 15.0645 milliseconds in repetition 2
tcp_ping received 512 bytes back
Round trip time was 14.7375 milliseconds in repetition 3
tcp_ping received 512 bytes back
Round trip time was 16.5266 milliseconds in repetition 4
tcp_ping received 512 bytes back
Round trip time was 17.8301 milliseconds in repetition 5
tcp_ping received 512 bytes back
Round trip time was 21.2386 milliseconds in repetition 6
tcp_ping received 512 bytes back
Round trip time was 14.5138 milliseconds in repetition 7
tcp_ping received 512 bytes back
Round trip time was 15.0495 milliseconds in repetition 8
tcp_ping received 512 bytes back
Round trip time was 16.5356 milliseconds in repetition 9
tcp_ping received 512 bytes back
Round trip time was 14.8864 milliseconds in repetition 10
tcp_ping received 512 bytes back
Round trip time was 15.0297 milliseconds in repetition 11
tcp_ping received 512 bytes back
Round trip time was 14.8153 milliseconds in repetition 12
tcp_ping received 512 bytes back
Round trip time was 14.6218 milliseconds in repetition 13
tcp_ping received 512 bytes back
Round trip time was 18.9945 milliseconds in repetition 14
tcp_ping received 512 bytes back
Round trip time was 16.9619 milliseconds in repetition 15
tcp_ping received 512 bytes back
Round trip time was 14.9899 milliseconds in repetition 16
tcp_ping received 512 bytes back
Round trip time was 15.6009 milliseconds in repetition 17
tcp_ping received 512 bytes back
Round trip time was 13.8171 milliseconds in repetition 18
tcp_ping received 512 bytes back
Round trip time was 14.1233 milliseconds in repetition 19
tcp_ping received 512 bytes back
Round trip time was 14.1527 milliseconds in repetition 20
tcp_ping received 512 bytes back
Round trip time was 15.1106 milliseconds in repetition 21
tcp_ping received 512 bytes back
Round trip time was 14.4856 milliseconds in repetition 22
tcp_ping received 512 bytes back
Round trip time was 17.4735 milliseconds in repetition 23
tcp_ping received 512 bytes back
Round trip time was 14.8173 milliseconds in repetition 24
tcp_ping received 512 bytes back
Round trip time was 16.2792 milliseconds in repetition 25
tcp_ping received 512 bytes back
Round trip time was 15.0694 milliseconds in repetition 26
tcp_ping received 512 bytes back
Round trip time was 17.1951 milliseconds in repetition 27
tcp_ping received 512 bytes back
Round trip time was 17.7939 milliseconds in repetition 28
tcp_ping received 512 bytes back
Round trip time was 15.6761 milliseconds in repetition 29
tcp_ping received 512 bytes back
Round trip time was 15.4833 milliseconds in repetition 30
tcp_ping received 512 bytes back
Round trip time was 17.9346 milliseconds in repetition 31
tcp_ping received 512 bytes back
Round trip time was 22.0708 milliseconds in repetition 32
tcp_ping received 512 bytes back
Round trip time was 15.9089 milliseconds in repetition 33
tcp_ping received 512 bytes back
Round trip time was 15.7917 milliseconds in repetition 34
tcp_ping received 512 bytes back
Round trip time was 14.8553 milliseconds in repetition 35
tcp_ping received 512 bytes back
Round trip time was 18.3452 milliseconds in repetition 36
tcp_ping received 512 bytes back
Round trip time was 21.3382 milliseconds in repetition 37
tcp_ping received 512 bytes back
Round trip time was 17.4636 milliseconds in repetition 38
tcp_ping received 512 bytes back
Round trip time was 16.5058 milliseconds in repetition 39
tcp_ping received 512 bytes back
Round trip time was 20.0031 milliseconds in repetition 40
tcp_ping received 512 bytes back
Round trip time was 15.6766 milliseconds in repetition 41
tcp_ping received 512 bytes back
Round trip time was 22.1216 milliseconds in repetition 42
tcp_ping received 512 bytes back
Round trip time was 16.1461 milliseconds in repetition 43
tcp_ping received 512 bytes back
Round trip time was 18.0943 milliseconds in repetition 44
tcp_ping received 512 bytes back
Round trip time was 17.8839 milliseconds in repetition 45
tcp_ping received 512 bytes back
Round trip time was 13.6544 milliseconds in repetition 46
tcp_ping received 512 bytes back
Round trip time was 15.2475 milliseconds in repetition 47
tcp_ping received 512 bytes back
Round trip time was 19.1795 milliseconds in repetition 48
tcp_ping received 512 bytes back
Round trip time was 14.3046 milliseconds in repetition 49
tcp_ping received 512 bytes back
Round trip time was 16.6181 milliseconds in repetition 50
tcp_ping received 512 bytes back
Round trip time was 15.6139 milliseconds in repetition 51
tcp_ping received 512 bytes back
Round trip time was 13.7065 milliseconds in repetition 52
tcp_ping received 512 bytes back
Round trip time was 13.8259 milliseconds in repetition 53
tcp_ping received 512 bytes back
Round trip time was 14.9043 milliseconds in repetition 54
tcp_ping received 512 bytes back
Round trip time was 14.1575 milliseconds in repetition 55
tcp_ping received 512 bytes back
Round trip time was 13.9183 milliseconds in repetition 56
tcp_ping received 512 bytes back
Round trip time was 15.5367 milliseconds in repetition 57
tcp_ping received 512 bytes back
Round trip time was 21.2216 milliseconds in repetition 58
tcp_ping received 512 bytes back
Round trip time was 14.1174 milliseconds in repetition 59
tcp_ping received 512 bytes back
Round trip time was 18.9907 milliseconds in repetition 60
tcp_ping received 512 bytes back
Round trip time was 14.9507 milliseconds in repetition 61
tcp_ping received 512 bytes back
Round trip time was 15.0476 milliseconds in repetition 62
tcp_ping received 512 bytes back
Round trip time was 14.0338 milliseconds in repetition 63
tcp_ping received 512 bytes back
Round trip time was 18.3954 milliseconds in repetition 64
tcp_ping received 512 bytes back
Round trip time was 15.2202 milliseconds in repetition 65
tcp_ping received 512 bytes back
Round trip time was 15.0828 milliseconds in repetition 66
tcp_ping received 512 bytes back
Round trip time was 17.198 milliseconds in repetition 67
tcp_ping received 512 bytes back
Round trip time was 16.6626 milliseconds in repetition 68
tcp_ping received 512 bytes back
Round trip time was 15.0279 milliseconds in repetition 69
tcp_ping received 512 bytes back
Round trip time was 14.1261 milliseconds in repetition 70
tcp_ping received 512 bytes back
Round trip time was 14.2062 milliseconds in repetition 71
tcp_ping received 512 bytes back
Round trip time was 38.7057 milliseconds in repetition 72
tcp_ping received 512 bytes back
Round trip time was 13.6808 milliseconds in repetition 73
tcp_ping received 512 bytes back
Round trip time was 13.1741 milliseconds in repetition 74
tcp_ping received 512 bytes back
Round trip time was 14.1685 milliseconds in repetition 75
tcp_ping received 512 bytes back
Round trip time was 13.693 milliseconds in repetition 76
tcp_ping received 512 bytes back
Round trip time was 17.6544 milliseconds in repetition 77
tcp_ping received 512 bytes back
Round trip time was 28.0256 milliseconds in repetition 78
tcp_ping received 512 bytes back
Round trip time was 26.1639 milliseconds in repetition 79
tcp_ping received 512 bytes back
Round trip time was 15.7846 milliseconds in repetition 80
tcp_ping received 512 bytes back
Round trip time was 13.9133 milliseconds in repetition 81
tcp_ping received 512 bytes back
Round trip time was 16.5086 milliseconds in repetition 82
tcp_ping received 512 bytes back
Round trip time was 13.5191 milliseconds in repetition 83
tcp_ping received 512 bytes back
Round trip time was 13.7584 milliseconds in repetition 84
tcp_ping received 512 bytes back
Round trip time was 13.6666 milliseconds in repetition 85
tcp_ping received 512 bytes back
Round trip time was 13.9908 milliseconds in repetition 86
tcp_ping received 512 bytes back
Round trip time was 14.9881 milliseconds in repetition 87
tcp_ping received 512 bytes back
Round trip time was 16.6437 milliseconds in repetition 88
tcp_ping received 512 bytes back
Round trip time was 14.0745 milliseconds in repetition 89
tcp_ping received 512 bytes back
Round trip time was 14.0344 milliseconds in repetition 90
tcp_ping received 512 bytes back
Round trip time was 14.2914 milliseconds in repetition 91
tcp_ping received 512 bytes back
Round trip time was 24.6375 milliseconds in repetition 92
tcp_ping received 512 bytes back
Round trip time was 14.7135 milliseconds in repetition 93
tcp_ping received 512 bytes back
Round trip time was 14.9122 milliseconds in repetition 94
tcp_ping received 512 bytes back
Round trip time was 13.4854 milliseconds in repetition 95
tcp_ping received 512 bytes back
Round trip time was 13.5906 milliseconds in repetition 96
tcp_ping received 512 bytes back
Round trip time was 12.9309 milliseconds in repetition 97
tcp_ping received 512 bytes back
Round trip time was 12.9492 milliseconds in repetition 98
tcp_ping received 512 bytes back
Round trip time was 12.9834 milliseconds in repetition 99
tcp_ping received 512 bytes back
Round trip time was 15.9871 milliseconds in repetition 100
tcp_ping received 512 bytes back
Round trip time was 13.7572 milliseconds in repetition 101
tcp_ping received 512 bytes back
Round trip time was 13.8579 milliseconds in repetition 102
tcp_ping received 512 bytes back
Round trip time was 16.2304 milliseconds in repetition 103
tcp_ping received 512 bytes back
Round trip time was 13.7127 milliseconds in repetition 104
tcp_ping received 512 bytes back
Round trip time was 14.7228 milliseconds in repetition 105
tcp_ping received 512 bytes back
Round trip time was 14.4461 milliseconds in repetition 106
tcp_ping received 512 bytes back
Round trip time was 12.8343 milliseconds in repetition 107
tcp_ping received 512 bytes back
Round trip time was 14.0798 milliseconds in repetition 108
tcp_ping received 512 bytes back
Round trip time was 14.3693 milliseconds in repetition 109
tcp_ping received 512 bytes back
Round trip time was 13.5866 milliseconds in repetition 110
tcp_ping received 512 bytes back
Round trip time was 14.2405 milliseconds in repetition 111
tcp_ping received 512 bytes back
Round trip time was 13.5915 milliseconds in repetition 112
tcp_ping received 512 bytes back
Round trip time was 13.946 milliseconds in repetition 113
tcp_ping received 512 bytes back
Round trip time was 13.9474 milliseconds in repetition 114
tcp_ping received 512 bytes back
Round trip time was 13.1172 milliseconds in repetition 115
tcp_ping received 512 bytes back
Round trip time was 13.953 milliseconds in repetition 116
tcp_ping received 512 bytes back
Round trip time was 13.7352 milliseconds in repetition 117
tcp_ping received 512 bytes back
Round trip time was 13.1672 milliseconds in repetition 118
tcp_ping received 512 bytes back
Round trip time was 14.7226 milliseconds in repetition 119
tcp_ping received 512 bytes back
Round trip time was 13.3504 milliseconds in repetition 120
tcp_ping received 512 bytes back
Round trip time was 15.2812 milliseconds in repetition 121
tcp_ping received 512 bytes back
Round trip time was 14.3489 milliseconds in repetition 122
tcp_ping received 512 bytes back
Round trip time was 13.5536 milliseconds in repetition 123
tcp_ping received 512 bytes back
Round trip time was 13.9943 milliseconds in repetition 124
tcp_ping received 512 bytes back
Round trip time was 13.6904 milliseconds in repetition 125
tcp_ping received 512 bytes back
Round trip time was 13.9606 milliseconds in repetition 126
tcp_ping received 512 bytes back
Round trip time was 14.8087 milliseconds in repetition 127
tcp_ping received 512 bytes back
Round trip time was 14.5781 milliseconds in repetition 128
tcp_ping received 512 bytes back
Round trip time was 13.3305 milliseconds in repetition 129
tcp_ping received 512 bytes back
Round trip time was 13.796 milliseconds in repetition 130
tcp_ping received 512 bytes back
Round trip time was 15.8541 milliseconds in repetition 131
tcp_ping received 512 bytes back
Round trip time was 15.5102 milliseconds in repetition 132
tcp_ping received 512 bytes back
Round trip time was 14.0496 milliseconds in repetition 133
tcp_ping received 512 bytes back
Round trip time was 13.5815 milliseconds in repetition 134
tcp_ping received 512 bytes back
Round trip time was 13.8697 milliseconds in repetition 135
tcp_ping received 512 bytes back
Round trip time was 13.8947 milliseconds in repetition 136
tcp_ping received 512 bytes back
Round trip time was 14.4682 milliseconds in repetition 137
tcp_ping received 512 bytes back
Round trip time was 16.6261 milliseconds in repetition 138
tcp_ping received 512 bytes back
Round trip time was 18.6128 milliseconds in repetition 139
tcp_ping received 512 bytes back
Round trip time was 15.0704 milliseconds in repetition 140
tcp_ping received 512 bytes back
Round trip time was 14.4229 milliseconds in repetition 141
tcp_ping received 512 bytes back
Round trip time was 17.1677 milliseconds in repetition 142
tcp_ping received 512 bytes back
Round trip time was 19.0053 milliseconds in repetition 143
tcp_ping received 512 bytes back
Round trip time was 13.7055 milliseconds in repetition 144
tcp_ping received 512 bytes back
Round trip time was 13.6944 milliseconds in repetition 145
tcp_ping received 512 bytes back
Round trip time was 13.8293 milliseconds in repetition 146
tcp_ping received 512 bytes back
Round trip time was 13.5903 milliseconds in repetition 147
tcp_ping received 512 bytes back
Round trip time was 15.3274 milliseconds in repetition 148
tcp_ping received 512 bytes back
Round trip time was 14.1088 milliseconds in repetition 149
tcp_ping received 512 bytes back
Round trip time was 13.9686 milliseconds in repetition 150
tcp_ping received 512 bytes back
Round trip time was 13.5741 milliseconds in repetition 151
tcp_ping received 512 bytes back
Round trip time was 14.2693 milliseconds in repetition 152
tcp_ping received 512 bytes back
Round trip time was 13.8177 milliseconds in repetition 153
tcp_ping received 512 bytes back
Round trip time was 15.4043 milliseconds in repetition 154
tcp_ping received 512 bytes back
Round trip time was 14.4473 milliseconds in repetition 155
tcp_ping received 512 bytes back
Round trip time was 13.7167 milliseconds in repetition 156
tcp_ping received 512 bytes back
Round trip time was 14.0745 milliseconds in repetition 157
tcp_ping received 512 bytes back
Round trip time was 13.6727 milliseconds in repetition 158
tcp_ping received 512 bytes back
Round trip time was 16.1507 milliseconds in repetition 159
tcp_ping received 512 bytes back
Round trip time was 13.6961 milliseconds in repetition 160
tcp_ping received 512 bytes back
Round trip time was 14.4193 milliseconds in repetition 161
tcp_ping received 512 bytes back
Round trip time was 14.7831 milliseconds in repetition 162
tcp_ping received 512 bytes back
Round trip time was 14.1444 milliseconds in repetition 163
tcp_ping received 512 bytes back
Round trip time was 13.7134 milliseconds in repetition 164
tcp_ping received 512 bytes back
Round trip time was 15.6799 milliseconds in repetition 165
tcp_ping received 512 bytes back
Round trip time was 14.1506 milliseconds in repetition 166
tcp_ping received 512 bytes back
Round trip time was 13.879 milliseconds in repetition 167
tcp_ping received 512 bytes back
Round trip time was 13.8831 milliseconds in repetition 168
tcp_ping received 512 bytes back
Round trip time was 15.055 milliseconds in repetition 169
tcp_ping received 512 bytes back
Round trip time was 13.7675 milliseconds in repetition 170
tcp_ping received 512 bytes back
Round trip time was 13.8913 milliseconds in repetition 171
tcp_ping received 512 bytes back
Round trip time was 16.7016 milliseconds in repetition 172
tcp_ping received 512 bytes back
Round trip time was 13.3488 milliseconds in repetition 173
tcp_ping received 512 bytes back
Round trip time was 14.682 milliseconds in repetition 174
tcp_ping received 512 bytes back
Round trip time was 13.7601 milliseconds in repetition 175
tcp_ping received 512 bytes back
Round trip time was 13.9479 milliseconds in repetition 176
tcp_ping received 512 bytes back
Round trip time was 15.9812 milliseconds in repetition 177
tcp_ping received 512 bytes back
Round trip time was 16.0972 milliseconds in repetition 178
tcp_ping received 512 bytes back
Round trip time was 13.8589 milliseconds in repetition 179
tcp_ping received 512 bytes back
Round trip time was 14.357 milliseconds in repetition 180
tcp_ping received 512 bytes back
Round trip time was 14.5429 milliseconds in repetition 181
tcp_ping received 512 bytes back
Round trip time was 13.9711 milliseconds in repetition 182
tcp_ping received 512 bytes back
Round trip time was 16.1979 milliseconds in repetition 183
tcp_ping received 512 bytes back
Round trip time was 13.463 milliseconds in repetition 184
tcp_ping received 512 bytes back
Round trip time was 15.28 milliseconds in repetition 185
tcp_ping received 512 bytes back
Round trip time was 19.3108 milliseconds in repetition 186
tcp_ping received 512 bytes back
Round trip time was 15.1321 milliseconds in repetition 187
tcp_ping received 512 bytes back
Round trip time was 23.3034 milliseconds in repetition 188
tcp_ping received 512 bytes back
Round trip time was 14.6175 milliseconds in repetition 189
tcp_ping received 512 bytes back
Round trip time was 19.6391 milliseconds in repetition 190
tcp_ping received 512 bytes back
Round trip time was 19.2186 milliseconds in repetition 191
tcp_ping received 512 bytes back
Round trip time was 13.8882 milliseconds in repetition 192
tcp_ping received 512 bytes back
Round trip time was 14.8079 milliseconds in repetition 193
tcp_ping received 512 bytes back
Round trip time was 14.3426 milliseconds in repetition 194
tcp_ping received 512 bytes back
Round trip time was 13.8776 milliseconds in repetition 195
tcp_ping received 512 bytes back
Round trip time was 13.8513 milliseconds in repetition 196
tcp_ping received 512 bytes back
Round trip time was 13.2605 milliseconds in repetition 197
tcp_ping received 512 bytes back
Round trip time was 14.344 milliseconds in repetition 198
tcp_ping received 512 bytes back
Round trip time was 14.708 milliseconds in repetition 199
tcp_ping received 512 bytes back
Round trip time was 14.6035 milliseconds in repetition 200
tcp_ping received 512 bytes back
Round trip time was 14.2458 milliseconds in repetition 201
tcp_ping received 512 bytes back
Round trip time was 12.9472 milliseconds in repetition 202
tcp_ping received 512 bytes back
Round trip time was 14.0421 milliseconds in repetition 203
tcp_ping received 512 bytes back
Round trip time was 13.0783 milliseconds in repetition 204
tcp_ping received 512 bytes back
Round trip time was 15.8783 milliseconds in repetition 205
tcp_ping received 512 bytes back
Round trip time was 14.9463 milliseconds in repetition 206
tcp_ping received 512 bytes back
Round trip time was 14.2918 milliseconds in repetition 207
tcp_ping received 512 bytes back
Round trip time was 14.6329 milliseconds in repetition 208
tcp_ping received 512 bytes back
Round trip time was 13.766 milliseconds in repetition 209
tcp_ping received 512 bytes back
Round trip time was 15.1238 milliseconds in repetition 210
tcp_ping received 512 bytes back
Round trip time was 15.2292 milliseconds in repetition 211
tcp_ping received 512 bytes back
Round trip time was 13.752 milliseconds in repetition 212
tcp_ping received 512 bytes back
Round trip time was 13.818 milliseconds in repetition 213
tcp_ping received 512 bytes back
Round trip time was 15.2414 milliseconds in repetition 214
tcp_ping received 512 bytes back
Round trip time was 13.2013 milliseconds in repetition 215
tcp_ping received 512 bytes back
Round trip time was 16.6104 milliseconds in repetition 216
tcp_ping received 512 bytes back
Round trip time was 14.1127 milliseconds in repetition 217
tcp_ping received 512 bytes back
Round trip time was 13.7713 milliseconds in repetition 218
tcp_ping received 512 bytes back
Round trip time was 13.9968 milliseconds in repetition 219
tcp_ping received 512 bytes back
Round trip time was 14.3569 milliseconds in repetition 220
tcp_ping received 512 bytes back
Round trip time was 13.4493 milliseconds in repetition 221
tcp_ping received 512 bytes back
Round trip time was 14.2297 milliseconds in repetition 222
tcp_ping received 512 bytes back
Round trip time was 13.3117 milliseconds in repetition 223
tcp_ping received 512 bytes back
Round trip time was 14.5599 milliseconds in repetition 224
tcp_ping received 512 bytes back
Round trip time was 15.796 milliseconds in repetition 225
tcp_ping received 512 bytes back
Round trip time was 13.7547 milliseconds in repetition 226
tcp_ping received 512 bytes back
Round trip time was 13.8974 milliseconds in repetition 227
tcp_ping received 512 bytes back
Round trip time was 16.2632 milliseconds in repetition 228
tcp_ping received 512 bytes back
Round trip time was 14.6506 milliseconds in repetition 229
tcp_ping received 512 bytes back
Round trip time was 16.5089 milliseconds in repetition 230
tcp_ping received 512 bytes back
Round trip time was 13.6171 milliseconds in repetition 231
tcp_ping received 512 bytes back
Round trip time was 14.0848 milliseconds in repetition 232
tcp_ping received 512 bytes back
Round trip time was 14.8694 milliseconds in repetition 233
tcp_ping received 512 bytes back
Round trip time was 16.0725 milliseconds in repetition 234
tcp_ping received 512 bytes back
Round trip time was 15.6066 milliseconds in repetition 235
tcp_ping received 512 bytes back
Round trip time was 13.9761 milliseconds in repetition 236
tcp_ping received 512 bytes back
Round trip time was 13.8887 milliseconds in repetition 237
tcp_ping received 512 bytes back
Round trip time was 14.2653 milliseconds in repetition 238
tcp_ping received 512 bytes back
Round trip time was 13.9503 milliseconds in repetition 239
tcp_ping received 512 bytes back
Round trip time was 15.5253 milliseconds in repetition 240
tcp_ping received 512 bytes back
Round trip time was 19.6201 milliseconds in repetition 241
tcp_ping received 512 bytes back
Round trip time was 16.9909 milliseconds in repetition 242
tcp_ping received 512 bytes back
Round trip time was 15.5249 milliseconds in repetition 243
tcp_ping received 512 bytes back
Round trip time was 22.002 milliseconds in repetition 244
tcp_ping received 512 bytes back
Round trip time was 16.3904 milliseconds in repetition 245
tcp_ping received 512 bytes back
Round trip time was 14.7306 milliseconds in repetition 246
tcp_ping received 512 bytes back
Round trip time was 14.7622 milliseconds in repetition 247
tcp_ping received 512 bytes back
Round trip time was 14.5529 milliseconds in repetition 248
tcp_ping received 512 bytes back
Round trip time was 14.4491 milliseconds in repetition 249
tcp_ping received 512 bytes back
Round trip time was 15.4621 milliseconds in repetition 250
tcp_ping received 512 bytes back
Round trip time was 15.3739 milliseconds in repetition 251
tcp_ping received 512 bytes back
Round trip time was 16.8592 milliseconds in repetition 252
tcp_ping received 512 bytes back
Round trip time was 16.1919 milliseconds in repetition 253
tcp_ping received 512 bytes back
Round trip time was 17.6525 milliseconds in repetition 254
tcp_ping received 512 bytes back
Round trip time was 17.0178 milliseconds in repetition 255
tcp_ping received 512 bytes back
Round trip time was 13.6923 milliseconds in repetition 256
tcp_ping received 512 bytes back
Round trip time was 14.0805 milliseconds in repetition 257
tcp_ping received 512 bytes back
Round trip time was 15.1228 milliseconds in repetition 258
tcp_ping received 512 bytes back
Round trip time was 14.0724 milliseconds in repetition 259
tcp_ping received 512 bytes back
Round trip time was 13.6827 milliseconds in repetition 260
tcp_ping received 512 bytes back
Round trip time was 13.7139 milliseconds in repetition 261
tcp_ping received 512 bytes back
Round trip time was 13.8616 milliseconds in repetition 262
tcp_ping received 512 bytes back
Round trip time was 17.0687 milliseconds in repetition 263
tcp_ping received 512 bytes back
Round trip time was 15.1209 milliseconds in repetition 264
tcp_ping received 512 bytes back
Round trip time was 12.8085 milliseconds in repetition 265
tcp_ping received 512 bytes back
Round trip time was 14.5036 milliseconds in repetition 266
tcp_ping received 512 bytes back
Round trip time was 14.3728 milliseconds in repetition 267
tcp_ping received 512 bytes back
Round trip time was 13.9268 milliseconds in repetition 268
tcp_ping received 512 bytes back
Round trip time was 14.457 milliseconds in repetition 269
tcp_ping received 512 bytes back
Round trip time was 14.0094 milliseconds in repetition 270
tcp_ping received 512 bytes back
Round trip time was 16.2807 milliseconds in repetition 271
tcp_ping received 512 bytes back
Round trip time was 12.7141 milliseconds in repetition 272
tcp_ping received 512 bytes back
Round trip time was 13.9122 milliseconds in repetition 273
tcp_ping received 512 bytes back
Round trip time was 14.1743 milliseconds in repetition 274
tcp_ping received 512 bytes back
Round trip time was 15.9109 milliseconds in repetition 275
tcp_ping received 512 bytes back
Round trip time was 24.9565 milliseconds in repetition 276
tcp_ping received 512 bytes back
Round trip time was 14.5401 milliseconds in repetition 277
tcp_ping received 512 bytes back
Round trip time was 15.0462 milliseconds in repetition 278
tcp_ping received 512 bytes back
Round trip time was 14.9161 milliseconds in repetition 279
tcp_ping received 512 bytes back
Round trip time was 18.445 milliseconds in repetition 280
tcp_ping received 512 bytes back
Round trip time was 19.1408 milliseconds in repetition 281
tcp_ping received 512 bytes back
Round trip time was 15.2219 milliseconds in repetition 282
tcp_ping received 512 bytes back
Round trip time was 14.4208 milliseconds in repetition 283
tcp_ping received 512 bytes back
Round trip time was 14.2631 milliseconds in repetition 284
tcp_ping received 512 bytes back
Round trip time was 21.497 milliseconds in repetition 285
tcp_ping received 512 bytes back
Round trip time was 17.7237 milliseconds in repetition 286
tcp_ping received 512 bytes back
Round trip time was 15.5273 milliseconds in repetition 287
tcp_ping received 512 bytes back
Round trip time was 17.3885 milliseconds in repetition 288
tcp_ping received 512 bytes back
Round trip time was 13.8255 milliseconds in repetition 289
tcp_ping received 512 bytes back
Round trip time was 14.9203 milliseconds in repetition 290
tcp_ping received 512 bytes back
Round trip time was 14.0593 milliseconds in repetition 291
tcp_ping received 512 bytes back
Round trip time was 14.0833 milliseconds in repetition 292
tcp_ping received 512 bytes back
Round trip time was 13.8185 milliseconds in repetition 293
tcp_ping received 512 bytes back
Round trip time was 15.4473 milliseconds in repetition 294
tcp_ping received 512 bytes back
Round trip time was 30.7987 milliseconds in repetition 295
tcp_ping received 512 bytes back
Round trip time was 14.1196 milliseconds in repetition 296
tcp_ping received 512 bytes back
Round trip time was 13.9656 milliseconds in repetition 297
tcp_ping received 512 bytes back
Round trip time was 13.9433 milliseconds in repetition 298
tcp_ping received 512 bytes back
Round trip time was 14.0064 milliseconds in repetition 299
tcp_ping received 512 bytes back
Round trip time was 13.6543 milliseconds in repetition 300
tcp_ping received 512 bytes back
Round trip time was 18.2533 milliseconds in repetition 301
tcp_ping received 512 bytes back
Round trip time was 14.4129 milliseconds in repetition 302
tcp_ping received 512 bytes back
Round trip time was 14.033 milliseconds in repetition 303
tcp_ping received 512 bytes back
Round trip time was 13.8492 milliseconds in repetition 304
tcp_ping received 512 bytes back
Round trip time was 15.1069 milliseconds in repetition 305
tcp_ping received 512 bytes back
Round trip time was 14.0558 milliseconds in repetition 306
tcp_ping received 512 bytes back
Round trip time was 19.9054 milliseconds in repetition 307
tcp_ping received 512 bytes back
Round trip time was 16.8704 milliseconds in repetition 308
tcp_ping received 512 bytes back
Round trip time was 14.2142 milliseconds in repetition 309
tcp_ping received 512 bytes back
Round trip time was 18.9502 milliseconds in repetition 310
tcp_ping received 512 bytes back
Round trip time was 13.8173 milliseconds in repetition 311
tcp_ping received 512 bytes back
Round trip time was 14.8223 milliseconds in repetition 312
tcp_ping received 512 bytes back
Round trip time was 13.8379 milliseconds in repetition 313
tcp_ping received 512 bytes back
Round trip time was 13.7883 milliseconds in repetition 314
tcp_ping received 512 bytes back
Round trip time was 16.9669 milliseconds in repetition 315
tcp_ping received 512 bytes back
Round trip time was 17.5744 milliseconds in repetition 316
tcp_ping received 512 bytes back
Round trip time was 17.6636 milliseconds in repetition 317
tcp_ping received 512 bytes back
Round trip time was 15.6677 milliseconds in repetition 318
tcp_ping received 512 bytes back
Round trip time was 14.7004 milliseconds in repetition 319
tcp_ping received 512 bytes back
Round trip time was 18.3501 milliseconds in repetition 320
tcp_ping received 512 bytes back
Round trip time was 14.6287 milliseconds in repetition 321
tcp_ping received 512 bytes back
Round trip time was 13.3585 milliseconds in repetition 322
tcp_ping received 512 bytes back
Round trip time was 13.6583 milliseconds in repetition 323
tcp_ping received 512 bytes back
Round trip time was 12.9241 milliseconds in repetition 324
tcp_ping received 512 bytes back
Round trip time was 13.9265 milliseconds in repetition 325
tcp_ping received 512 bytes back
Round trip time was 13.2886 milliseconds in repetition 326
tcp_ping received 512 bytes back
Round trip time was 17.9891 milliseconds in repetition 327
tcp_ping received 512 bytes back
Round trip time was 13.5331 milliseconds in repetition 328
tcp_ping received 512 bytes back
Round trip time was 13.5314 milliseconds in repetition 329
tcp_ping received 512 bytes back
Round trip time was 15.2671 milliseconds in repetition 330
tcp_ping received 512 bytes back
Round trip time was 12.9413 milliseconds in repetition 331
tcp_ping received 512 bytes back
Round trip time was 13.8273 milliseconds in repetition 332
tcp_ping received 512 bytes back
Round trip time was 13.8746 milliseconds in repetition 333
tcp_ping received 512 bytes back
Round trip time was 14.9512 milliseconds in repetition 334
tcp_ping received 512 bytes back
Round trip time was 14.1854 milliseconds in repetition 335
tcp_ping received 512 bytes back
Round trip time was 13.0895 milliseconds in repetition 336
tcp_ping received 512 bytes back
Round trip time was 13.9295 milliseconds in repetition 337
tcp_ping received 512 bytes back
Round trip time was 13.8798 milliseconds in repetition 338
tcp_ping received 512 bytes back
Round trip time was 14.8536 milliseconds in repetition 339
tcp_ping received 512 bytes back
Round trip time was 14.2634 milliseconds in repetition 340
tcp_ping received 512 bytes back
Round trip time was 15.9914 milliseconds in repetition 341
tcp_ping received 512 bytes back
Round trip time was 13.6698 milliseconds in repetition 342
tcp_ping received 512 bytes back
Round trip time was 15.0412 milliseconds in repetition 343
tcp_ping received 512 bytes back
Round trip time was 15.8777 milliseconds in repetition 344
tcp_ping received 512 bytes back
Round trip time was 19.1656 milliseconds in repetition 345
tcp_ping received 512 bytes back
Round trip time was 14.8811 milliseconds in repetition 346
tcp_ping received 512 bytes back
Round trip time was 14.1388 milliseconds in repetition 347
tcp_ping received 512 bytes back
Round trip time was 13.999 milliseconds in repetition 348
tcp_ping received 512 bytes back
Round trip time was 13.6966 milliseconds in repetition 349
tcp_ping received 512 bytes back
Round trip time was 13.8565 milliseconds in repetition 350
tcp_ping received 512 bytes back
Round trip time was 16.0426 milliseconds in repetition 351
tcp_ping received 512 bytes back
Round trip time was 14.6784 milliseconds in repetition 352
tcp_ping received 512 bytes back
Round trip time was 15.1202 milliseconds in repetition 353
tcp_ping received 512 bytes back
Round trip time was 14.5112 milliseconds in repetition 354
tcp_ping received 512 bytes back
Round trip time was 14.7963 milliseconds in repetition 355
tcp_ping received 512 bytes back
Round trip time was 14.11 milliseconds in repetition 356
tcp_ping received 512 bytes back
Round trip time was 14.6535 milliseconds in repetition 357
tcp_ping received 512 bytes back
Round trip time was 14.4422 milliseconds in repetition 358
tcp_ping received 512 bytes back
Round trip time was 14.5265 milliseconds in repetition 359
tcp_ping received 512 bytes back
Round trip time was 14.6964 milliseconds in repetition 360
tcp_ping received 512 bytes back
Round trip time was 18.4549 milliseconds in repetition 361
tcp_ping received 512 bytes back
Round trip time was 17.6385 milliseconds in repetition 362
tcp_ping received 512 bytes back
Round trip time was 14.9182 milliseconds in repetition 363
tcp_ping received 512 bytes back
Round trip time was 15.8494 milliseconds in repetition 364
tcp_ping received 512 bytes back
Round trip time was 14.9317 milliseconds in repetition 365
tcp_ping received 512 bytes back
Round trip time was 14.63 milliseconds in repetition 366
tcp_ping received 512 bytes back
Round trip time was 14.4414 milliseconds in repetition 367
tcp_ping received 512 bytes back
Round trip time was 14.5663 milliseconds in repetition 368
tcp_ping received 512 bytes back
Round trip time was 14.7204 milliseconds in repetition 369
tcp_ping received 512 bytes back
Round trip time was 14.3484 milliseconds in repetition 370
tcp_ping received 512 bytes back
Round trip time was 14.5518 milliseconds in repetition 371
tcp_ping received 512 bytes back
Round trip time was 15.3522 milliseconds in repetition 372
tcp_ping received 512 bytes back
Round trip time was 15.7324 milliseconds in repetition 373
tcp_ping received 512 bytes back
Round trip time was 14.4894 milliseconds in repetition 374
tcp_ping received 512 bytes back
Round trip time was 14.5404 milliseconds in repetition 375
tcp_ping received 512 bytes back
Round trip time was 16.6733 milliseconds in repetition 376
tcp_ping received 512 bytes back
Round trip time was 13.8634 milliseconds in repetition 377
tcp_ping received 512 bytes back
Round trip time was 14.0809 milliseconds in repetition 378
tcp_ping received 512 bytes back
Round trip time was 14.1852 milliseconds in repetition 379
tcp_ping received 512 bytes back
Round trip time was 13.23 milliseconds in repetition 380
tcp_ping received 512 bytes back
Round trip time was 16.6311 milliseconds in repetition 381
tcp_ping received 512 bytes back
Round trip time was 17.25 milliseconds in repetition 382
tcp_ping received 512 bytes back
Round trip time was 15.4786 milliseconds in repetition 383
tcp_ping received 512 bytes back
Round trip time was 14.0936 milliseconds in repetition 384
tcp_ping received 512 bytes back
Round trip time was 15.1454 milliseconds in repetition 385
tcp_ping received 512 bytes back
Round trip time was 14.6216 milliseconds in repetition 386
tcp_ping received 512 bytes back
Round trip time was 14.7733 milliseconds in repetition 387
tcp_ping received 512 bytes back
Round trip time was 14.4462 milliseconds in repetition 388
tcp_ping received 512 bytes back
Round trip time was 14.801 milliseconds in repetition 389
tcp_ping received 512 bytes back
Round trip time was 14.2501 milliseconds in repetition 390
tcp_ping received 512 bytes back
Round trip time was 14.5987 milliseconds in repetition 391
tcp_ping received 512 bytes back
Round trip time was 16.8369 milliseconds in repetition 392
tcp_ping received 512 bytes back
Round trip time was 17.6011 milliseconds in repetition 393
tcp_ping received 512 bytes back
Round trip time was 13.8785 milliseconds in repetition 394
tcp_ping received 512 bytes back
Round trip time was 14.6344 milliseconds in repetition 395
tcp_ping received 512 bytes back
Round trip time was 13.6624 milliseconds in repetition 396
tcp_ping received 512 bytes back
Round trip time was 13.3734 milliseconds in repetition 397
tcp_ping received 512 bytes back
Round trip time was 12.9748 milliseconds in repetition 398
tcp_ping received 512 bytes back
Round trip time was 12.8089 milliseconds in repetition 399
tcp_ping received 512 bytes back
Round trip time was 16.0879 milliseconds in repetition 400
tcp_ping received 512 bytes back
Round trip time was 13.6901 milliseconds in repetition 401
tcp_ping received 512 bytes back
Round trip time was 13.4563 milliseconds in repetition 402
tcp_ping received 512 bytes back
Round trip time was 13.2347 milliseconds in repetition 403
tcp_ping received 512 bytes back
Round trip time was 15.0462 milliseconds in repetition 404
tcp_ping received 512 bytes back
Round trip time was 14.6376 milliseconds in repetition 405
tcp_ping received 512 bytes back
Round trip time was 14.9968 milliseconds in repetition 406
tcp_ping received 512 bytes back
Round trip time was 16.3068 milliseconds in repetition 407
tcp_ping received 512 bytes back
Round trip time was 14.7387 milliseconds in repetition 408
tcp_ping received 512 bytes back
Round trip time was 17.5524 milliseconds in repetition 409
tcp_ping received 512 bytes back
Round trip time was 17.4519 milliseconds in repetition 410
tcp_ping received 512 bytes back
Round trip time was 16.1072 milliseconds in repetition 411
tcp_ping received 512 bytes back
Round trip time was 18.057 milliseconds in repetition 412
tcp_ping received 512 bytes back
Round trip time was 14.0398 milliseconds in repetition 413
tcp_ping received 512 bytes back
Round trip time was 19.1555 milliseconds in repetition 414
tcp_ping received 512 bytes back
Round trip time was 18.412 milliseconds in repetition 415
tcp_ping received 512 bytes back
Round trip time was 14.0557 milliseconds in repetition 416
tcp_ping received 512 bytes back
Round trip time was 14.6312 milliseconds in repetition 417
tcp_ping received 512 bytes back
Round trip time was 13.6264 milliseconds in repetition 418
tcp_ping received 512 bytes back
Round trip time was 13.9122 milliseconds in repetition 419
tcp_ping received 512 bytes back
Round trip time was 13.9271 milliseconds in repetition 420
tcp_ping received 512 bytes back
Round trip time was 13.8499 milliseconds in repetition 421
tcp_ping received 512 bytes back
Round trip time was 14.4114 milliseconds in repetition 422
tcp_ping received 512 bytes back
Round trip time was 14.2924 milliseconds in repetition 423
tcp_ping received 512 bytes back
Round trip time was 14.0865 milliseconds in repetition 424
tcp_ping received 512 bytes back
Round trip time was 12.8239 milliseconds in repetition 425
tcp_ping received 512 bytes back
Round trip time was 14.0577 milliseconds in repetition 426
tcp_ping received 512 bytes back
Round trip time was 16.0139 milliseconds in repetition 427
tcp_ping received 512 bytes back
Round trip time was 14.9397 milliseconds in repetition 428
tcp_ping received 512 bytes back
Round trip time was 13.29 milliseconds in repetition 429
tcp_ping received 512 bytes back
Round trip time was 14.8303 milliseconds in repetition 430
tcp_ping received 512 bytes back
Round trip time was 19.1699 milliseconds in repetition 431
tcp_ping received 512 bytes back
Round trip time was 13.2731 milliseconds in repetition 432
tcp_ping received 512 bytes back
Round trip time was 12.8531 milliseconds in repetition 433
tcp_ping received 512 bytes back
Round trip time was 13.8366 milliseconds in repetition 434
tcp_ping received 512 bytes back
Round trip time was 13.9261 milliseconds in repetition 435
tcp_ping received 512 bytes back
Round trip time was 13.2799 milliseconds in repetition 436
tcp_ping received 512 bytes back
Round trip time was 13.8404 milliseconds in repetition 437
tcp_ping received 512 bytes back
Round trip time was 16.0349 milliseconds in repetition 438
tcp_ping received 512 bytes back
Round trip time was 14.1432 milliseconds in repetition 439
tcp_ping received 512 bytes back
Round trip time was 13.4771 milliseconds in repetition 440
tcp_ping received 512 bytes back
Round trip time was 12.8547 milliseconds in repetition 441
tcp_ping received 512 bytes back
Round trip time was 13.8884 milliseconds in repetition 442
tcp_ping received 512 bytes back
Round trip time was 13.4968 milliseconds in repetition 443
tcp_ping received 512 bytes back
Round trip time was 14.918 milliseconds in repetition 444
tcp_ping received 512 bytes back
Round trip time was 14.0054 milliseconds in repetition 445
tcp_ping received 512 bytes back
Round trip time was 13.9395 milliseconds in repetition 446
tcp_ping received 512 bytes back
Round trip time was 13.6781 milliseconds in repetition 447
tcp_ping received 512 bytes back
Round trip time was 12.9158 milliseconds in repetition 448
tcp_ping received 512 bytes back
Round trip time was 13.9475 milliseconds in repetition 449
tcp_ping received 512 bytes back
Round trip time was 14.1058 milliseconds in repetition 450
tcp_ping received 512 bytes back
Round trip time was 13.9666 milliseconds in repetition 451
tcp_ping received 512 bytes back
Round trip time was 17.8516 milliseconds in repetition 452
tcp_ping received 512 bytes back
Round trip time was 13.787 milliseconds in repetition 453
tcp_ping received 512 bytes back
Round trip time was 13.8326 milliseconds in repetition 454
tcp_ping received 512 bytes back
Round trip time was 13.9899 milliseconds in repetition 455
tcp_ping received 512 bytes back
Round trip time was 14.0711 milliseconds in repetition 456
tcp_ping received 512 bytes back
Round trip time was 13.4014 milliseconds in repetition 457
tcp_ping received 512 bytes back
Round trip time was 13.9097 milliseconds in repetition 458
tcp_ping received 512 bytes back
Round trip time was 13.5943 milliseconds in repetition 459
tcp_ping received 512 bytes back
Round trip time was 14.1512 milliseconds in repetition 460
tcp_ping received 512 bytes back
Round trip time was 13.7394 milliseconds in repetition 461
tcp_ping received 512 bytes back
Round trip time was 13.8318 milliseconds in repetition 462
tcp_ping received 512 bytes back
Round trip time was 13.7949 milliseconds in repetition 463
tcp_ping received 512 bytes back
Round trip time was 13.9338 milliseconds in repetition 464
tcp_ping received 512 bytes back
Round trip time was 13.606 milliseconds in repetition 465
tcp_ping received 512 bytes back
Round trip time was 17.3407 milliseconds in repetition 466
tcp_ping received 512 bytes back
Round trip time was 14.4697 milliseconds in repetition 467
tcp_ping received 512 bytes back
Round trip time was 13.5675 milliseconds in repetition 468
tcp_ping received 512 bytes back
Round trip time was 13.8597 milliseconds in repetition 469
tcp_ping received 512 bytes back
Round trip time was 14.0103 milliseconds in repetition 470
tcp_ping received 512 bytes back
Round trip time was 16.0122 milliseconds in repetition 471
tcp_ping received 512 bytes back
Round trip time was 14.0578 milliseconds in repetition 472
tcp_ping received 512 bytes back
Round trip time was 14.7444 milliseconds in repetition 473
tcp_ping received 512 bytes back
Round trip time was 19.8429 milliseconds in repetition 474
tcp_ping received 512 bytes back
Round trip time was 18.5403 milliseconds in repetition 475
tcp_ping received 512 bytes back
Round trip time was 13.9211 milliseconds in repetition 476
tcp_ping received 512 bytes back
Round trip time was 13.7485 milliseconds in repetition 477
tcp_ping received 512 bytes back
Round trip time was 13.9333 milliseconds in repetition 478
tcp_ping received 512 bytes back
Round trip time was 13.7992 milliseconds in repetition 479
tcp_ping received 512 bytes back
Round trip time was 13.7926 milliseconds in repetition 480
tcp_ping received 512 bytes back
Round trip time was 13.9082 milliseconds in repetition 481
tcp_ping received 512 bytes back
Round trip time was 14.1288 milliseconds in repetition 482
tcp_ping received 512 bytes back
Round trip time was 13.5261 milliseconds in repetition 483
tcp_ping received 512 bytes back
Round trip time was 13.6818 milliseconds in repetition 484
tcp_ping received 512 bytes back
Round trip time was 14.0597 milliseconds in repetition 485
tcp_ping received 512 bytes back
Round trip time was 17.4799 milliseconds in repetition 486
tcp_ping received 512 bytes back
Round trip time was 14.931 milliseconds in repetition 487
tcp_ping received 512 bytes back
Round trip time was 13.9571 milliseconds in repetition 488
tcp_ping received 512 bytes back
Round trip time was 13.9942 milliseconds in repetition 489
tcp_ping received 512 bytes back
Round trip time was 20.1492 milliseconds in repetition 490
tcp_ping received 512 bytes back
Round trip time was 14.8913 milliseconds in repetition 491
tcp_ping received 512 bytes back
Round trip time was 14.6438 milliseconds in repetition 492
tcp_ping received 512 bytes back
Round trip time was 13.2777 milliseconds in repetition 493
tcp_ping received 512 bytes back
Round trip time was 14.0228 milliseconds in repetition 494
tcp_ping received 512 bytes back
Round trip time was 14.2495 milliseconds in repetition 495
tcp_ping received 512 bytes back
Round trip time was 13.3957 milliseconds in repetition 496
tcp_ping received 512 bytes back
Round trip time was 16.2558 milliseconds in repetition 497
tcp_ping received 512 bytes back
Round trip time was 19.7889 milliseconds in repetition 498
tcp_ping received 512 bytes back
Round trip time was 16.1385 milliseconds in repetition 499
tcp_ping received 512 bytes back
Round trip time was 16.5574 milliseconds in repetition 500
tcp_ping received 512 bytes back
Round trip time was 14.1316 milliseconds in repetition 501

 ... clock resolution was 1e-06
TCP Ping:  Statistics over 501 repetitions of 512 byte messages

RTT : percentile 10: 13.5815, median: 14.4461, percentile 90: 17.7237, average: 15.1816, variance: 5.75516

RTT histogram:
12.7141 34
14.0137 251
15.3132 103
16.6128 49
17.9124 30
19.212 16
20.5116 3
21.8111 7
23.1107 2
24.4103 2
25.7099 1
27.0095 0
28.309 1
29.6086 0
30.9082 1
32.2078 0
33.5074 0
34.8069 0
36.1065 0
37.4061 0
38.7057 1

   median Throughput : 70.8842 KB/s   overall Throughput : 67.4499 KB/s

