TCP Ping trying to connect to server seti.dibris.unige.it (130.251.61.30) on port 1491
 ... connected to Pong server: asking for 501 repetitions of 96 bytes TCP messages
Received answer: 'OK
'
 ... Pong server agreed :-)
tcp_ping received 96 bytes back
Round trip time was 30.9544 milliseconds in repetition 1
tcp_ping received 96 bytes back
Round trip time was 24.7106 milliseconds in repetition 2
tcp_ping received 96 bytes back
Round trip time was 25.5136 milliseconds in repetition 3
tcp_ping received 96 bytes back
Round trip time was 26.1019 milliseconds in repetition 4
tcp_ping received 96 bytes back
Round trip time was 25.2329 milliseconds in repetition 5
tcp_ping received 96 bytes back
Round trip time was 25.8522 milliseconds in repetition 6
tcp_ping received 96 bytes back
Round trip time was 25.4697 milliseconds in repetition 7
tcp_ping received 96 bytes back
Round trip time was 26.0073 milliseconds in repetition 8
tcp_ping received 96 bytes back
Round trip time was 25.5581 milliseconds in repetition 9
tcp_ping received 96 bytes back
Round trip time was 27.5453 milliseconds in repetition 10
tcp_ping received 96 bytes back
Round trip time was 25.1449 milliseconds in repetition 11
tcp_ping received 96 bytes back
Round trip time was 25.6884 milliseconds in repetition 12
tcp_ping received 96 bytes back
Round trip time was 25.9693 milliseconds in repetition 13
tcp_ping received 96 bytes back
Round trip time was 25.6728 milliseconds in repetition 14
tcp_ping received 96 bytes back
Round trip time was 25.8564 milliseconds in repetition 15
tcp_ping received 96 bytes back
Round trip time was 26.5114 milliseconds in repetition 16
tcp_ping received 96 bytes back
Round trip time was 25.3329 milliseconds in repetition 17
tcp_ping received 96 bytes back
Round trip time was 27.3072 milliseconds in repetition 18
tcp_ping received 96 bytes back
Round trip time was 25.3165 milliseconds in repetition 19
tcp_ping received 96 bytes back
Round trip time was 26.1756 milliseconds in repetition 20
tcp_ping received 96 bytes back
Round trip time was 29.8581 milliseconds in repetition 21
tcp_ping received 96 bytes back
Round trip time was 28.1603 milliseconds in repetition 22
tcp_ping received 96 bytes back
Round trip time was 26.1831 milliseconds in repetition 23
tcp_ping received 96 bytes back
Round trip time was 25.6064 milliseconds in repetition 24
tcp_ping received 96 bytes back
Round trip time was 25.6071 milliseconds in repetition 25
tcp_ping received 96 bytes back
Round trip time was 26.1837 milliseconds in repetition 26
tcp_ping received 96 bytes back
Round trip time was 25.7295 milliseconds in repetition 27
tcp_ping received 96 bytes back
Round trip time was 26.7255 milliseconds in repetition 28
tcp_ping received 96 bytes back
Round trip time was 27.4433 milliseconds in repetition 29
tcp_ping received 96 bytes back
Round trip time was 26.2537 milliseconds in repetition 30
tcp_ping received 96 bytes back
Round trip time was 26.6886 milliseconds in repetition 31
tcp_ping received 96 bytes back
Round trip time was 25.1682 milliseconds in repetition 32
tcp_ping received 96 bytes back
Round trip time was 26.6964 milliseconds in repetition 33
tcp_ping received 96 bytes back
Round trip time was 25.1815 milliseconds in repetition 34
tcp_ping received 96 bytes back
Round trip time was 25.0743 milliseconds in repetition 35
tcp_ping received 96 bytes back
Round trip time was 27.5474 milliseconds in repetition 36
tcp_ping received 96 bytes back
Round trip time was 24.425 milliseconds in repetition 37
tcp_ping received 96 bytes back
Round trip time was 25.6296 milliseconds in repetition 38
tcp_ping received 96 bytes back
Round trip time was 25.0007 milliseconds in repetition 39
tcp_ping received 96 bytes back
Round trip time was 26.2364 milliseconds in repetition 40
tcp_ping received 96 bytes back
Round trip time was 32.9669 milliseconds in repetition 41
tcp_ping received 96 bytes back
Round trip time was 24.7787 milliseconds in repetition 42
tcp_ping received 96 bytes back
Round trip time was 26.2082 milliseconds in repetition 43
tcp_ping received 96 bytes back
Round trip time was 25.3708 milliseconds in repetition 44
tcp_ping received 96 bytes back
Round trip time was 24.3254 milliseconds in repetition 45
tcp_ping received 96 bytes back
Round trip time was 24.7931 milliseconds in repetition 46
tcp_ping received 96 bytes back
Round trip time was 25.5292 milliseconds in repetition 47
tcp_ping received 96 bytes back
Round trip time was 24.6146 milliseconds in repetition 48
tcp_ping received 96 bytes back
Round trip time was 25.0452 milliseconds in repetition 49
tcp_ping received 96 bytes back
Round trip time was 24.8402 milliseconds in repetition 50
tcp_ping received 96 bytes back
Round trip time was 25.1889 milliseconds in repetition 51
tcp_ping received 96 bytes back
Round trip time was 25.9794 milliseconds in repetition 52
tcp_ping received 96 bytes back
Round trip time was 25.0135 milliseconds in repetition 53
tcp_ping received 96 bytes back
Round trip time was 25.3253 milliseconds in repetition 54
tcp_ping received 96 bytes back
Round trip time was 24.6729 milliseconds in repetition 55
tcp_ping received 96 bytes back
Round trip time was 29.2059 milliseconds in repetition 56
tcp_ping received 96 bytes back
Round trip time was 25.0032 milliseconds in repetition 57
tcp_ping received 96 bytes back
Round trip time was 24.5653 milliseconds in repetition 58
tcp_ping received 96 bytes back
Round trip time was 25.9176 milliseconds in repetition 59
tcp_ping received 96 bytes back
Round trip time was 24.2516 milliseconds in repetition 60
tcp_ping received 96 bytes back
Round trip time was 32.4445 milliseconds in repetition 61
tcp_ping received 96 bytes back
Round trip time was 24.1357 milliseconds in repetition 62
tcp_ping received 96 bytes back
Round trip time was 23.5588 milliseconds in repetition 63
tcp_ping received 96 bytes back
Round trip time was 24.9437 milliseconds in repetition 64
tcp_ping received 96 bytes back
Round trip time was 25.1937 milliseconds in repetition 65
tcp_ping received 96 bytes back
Round trip time was 24.222 milliseconds in repetition 66
tcp_ping received 96 bytes back
Round trip time was 24.6538 milliseconds in repetition 67
tcp_ping received 96 bytes back
Round trip time was 26.0188 milliseconds in repetition 68
tcp_ping received 96 bytes back
Round trip time was 24.4893 milliseconds in repetition 69
tcp_ping received 96 bytes back
Round trip time was 24.8205 milliseconds in repetition 70
tcp_ping received 96 bytes back
Round trip time was 25.283 milliseconds in repetition 71
tcp_ping received 96 bytes back
Round trip time was 27.3579 milliseconds in repetition 72
tcp_ping received 96 bytes back
Round trip time was 26.922 milliseconds in repetition 73
tcp_ping received 96 bytes back
Round trip time was 25.8329 milliseconds in repetition 74
tcp_ping received 96 bytes back
Round trip time was 28.561 milliseconds in repetition 75
tcp_ping received 96 bytes back
Round trip time was 26.1458 milliseconds in repetition 76
tcp_ping received 96 bytes back
Round trip time was 27.77 milliseconds in repetition 77
tcp_ping received 96 bytes back
Round trip time was 26.4254 milliseconds in repetition 78
tcp_ping received 96 bytes back
Round trip time was 25.9069 milliseconds in repetition 79
tcp_ping received 96 bytes back
Round trip time was 25.4184 milliseconds in repetition 80
tcp_ping received 96 bytes back
Round trip time was 25.2025 milliseconds in repetition 81
tcp_ping received 96 bytes back
Round trip time was 26.8021 milliseconds in repetition 82
tcp_ping received 96 bytes back
Round trip time was 34.8117 milliseconds in repetition 83
tcp_ping received 96 bytes back
Round trip time was 29.1408 milliseconds in repetition 84
tcp_ping received 96 bytes back
Round trip time was 24.7483 milliseconds in repetition 85
tcp_ping received 96 bytes back
Round trip time was 24.6469 milliseconds in repetition 86
tcp_ping received 96 bytes back
Round trip time was 27.0177 milliseconds in repetition 87
tcp_ping received 96 bytes back
Round trip time was 25.9919 milliseconds in repetition 88
tcp_ping received 96 bytes back
Round trip time was 27.955 milliseconds in repetition 89
tcp_ping received 96 bytes back
Round trip time was 24.6392 milliseconds in repetition 90
tcp_ping received 96 bytes back
Round trip time was 27.0343 milliseconds in repetition 91
tcp_ping received 96 bytes back
Round trip time was 33.2916 milliseconds in repetition 92
tcp_ping received 96 bytes back
Round trip time was 24.7443 milliseconds in repetition 93
tcp_ping received 96 bytes back
Round trip time was 24.1992 milliseconds in repetition 94
tcp_ping received 96 bytes back
Round trip time was 23.9425 milliseconds in repetition 95
tcp_ping received 96 bytes back
Round trip time was 30.3155 milliseconds in repetition 96
tcp_ping received 96 bytes back
Round trip time was 24.3864 milliseconds in repetition 97
tcp_ping received 96 bytes back
Round trip time was 28.0025 milliseconds in repetition 98
tcp_ping received 96 bytes back
Round trip time was 27.186 milliseconds in repetition 99
tcp_ping received 96 bytes back
Round trip time was 24.5827 milliseconds in repetition 100
tcp_ping received 96 bytes back
Round trip time was 24.487 milliseconds in repetition 101
tcp_ping received 96 bytes back
Round trip time was 25.0797 milliseconds in repetition 102
tcp_ping received 96 bytes back
Round trip time was 31.1446 milliseconds in repetition 103
tcp_ping received 96 bytes back
Round trip time was 26.5392 milliseconds in repetition 104
tcp_ping received 96 bytes back
Round trip time was 27.8605 milliseconds in repetition 105
tcp_ping received 96 bytes back
Round trip time was 24.6727 milliseconds in repetition 106
tcp_ping received 96 bytes back
Round trip time was 24.5246 milliseconds in repetition 107
tcp_ping received 96 bytes back
Round trip time was 24.4045 milliseconds in repetition 108
tcp_ping received 96 bytes back
Round trip time was 25.0247 milliseconds in repetition 109
tcp_ping received 96 bytes back
Round trip time was 25.5597 milliseconds in repetition 110
tcp_ping received 96 bytes back
Round trip time was 25.3865 milliseconds in repetition 111
tcp_ping received 96 bytes back
Round trip time was 24.9348 milliseconds in repetition 112
tcp_ping received 96 bytes back
Round trip time was 25.4468 milliseconds in repetition 113
tcp_ping received 96 bytes back
Round trip time was 31.3906 milliseconds in repetition 114
tcp_ping received 96 bytes back
Round trip time was 24.7872 milliseconds in repetition 115
tcp_ping received 96 bytes back
Round trip time was 24.4522 milliseconds in repetition 116
tcp_ping received 96 bytes back
Round trip time was 25.3433 milliseconds in repetition 117
tcp_ping received 96 bytes back
Round trip time was 24.203 milliseconds in repetition 118
tcp_ping received 96 bytes back
Round trip time was 25.7228 milliseconds in repetition 119
tcp_ping received 96 bytes back
Round trip time was 25.0326 milliseconds in repetition 120
tcp_ping received 96 bytes back
Round trip time was 28.7509 milliseconds in repetition 121
tcp_ping received 96 bytes back
Round trip time was 26.6632 milliseconds in repetition 122
tcp_ping received 96 bytes back
Round trip time was 34.9428 milliseconds in repetition 123
tcp_ping received 96 bytes back
Round trip time was 28.3356 milliseconds in repetition 124
tcp_ping received 96 bytes back
Round trip time was 24.0352 milliseconds in repetition 125
tcp_ping received 96 bytes back
Round trip time was 24.3437 milliseconds in repetition 126
tcp_ping received 96 bytes back
Round trip time was 24.942 milliseconds in repetition 127
tcp_ping received 96 bytes back
Round trip time was 24.6776 milliseconds in repetition 128
tcp_ping received 96 bytes back
Round trip time was 24.7781 milliseconds in repetition 129
tcp_ping received 96 bytes back
Round trip time was 24.9114 milliseconds in repetition 130
tcp_ping received 96 bytes back
Round trip time was 25.0469 milliseconds in repetition 131
tcp_ping received 96 bytes back
Round trip time was 25.4243 milliseconds in repetition 132
tcp_ping received 96 bytes back
Round trip time was 28.5113 milliseconds in repetition 133
tcp_ping received 96 bytes back
Round trip time was 26.6006 milliseconds in repetition 134
tcp_ping received 96 bytes back
Round trip time was 28.9678 milliseconds in repetition 135
tcp_ping received 96 bytes back
Round trip time was 24.724 milliseconds in repetition 136
tcp_ping received 96 bytes back
Round trip time was 25.1814 milliseconds in repetition 137
tcp_ping received 96 bytes back
Round trip time was 26.2116 milliseconds in repetition 138
tcp_ping received 96 bytes back
Round trip time was 30.9381 milliseconds in repetition 139
tcp_ping received 96 bytes back
Round trip time was 24.728 milliseconds in repetition 140
tcp_ping received 96 bytes back
Round trip time was 24.6075 milliseconds in repetition 141
tcp_ping received 96 bytes back
Round trip time was 25.0515 milliseconds in repetition 142
tcp_ping received 96 bytes back
Round trip time was 26.1196 milliseconds in repetition 143
tcp_ping received 96 bytes back
Round trip time was 24.6022 milliseconds in repetition 144
tcp_ping received 96 bytes back
Round trip time was 25.6115 milliseconds in repetition 145
tcp_ping received 96 bytes back
Round trip time was 24.4512 milliseconds in repetition 146
tcp_ping received 96 bytes back
Round trip time was 24.6757 milliseconds in repetition 147
tcp_ping received 96 bytes back
Round trip time was 27.3074 milliseconds in repetition 148
tcp_ping received 96 bytes back
Round trip time was 24.6818 milliseconds in repetition 149
tcp_ping received 96 bytes back
Round trip time was 24.8699 milliseconds in repetition 150
tcp_ping received 96 bytes back
Round trip time was 24.3233 milliseconds in repetition 151
tcp_ping received 96 bytes back
Round trip time was 25.3172 milliseconds in repetition 152
tcp_ping received 96 bytes back
Round trip time was 24.1795 milliseconds in repetition 153
tcp_ping received 96 bytes back
Round trip time was 25.3687 milliseconds in repetition 154
tcp_ping received 96 bytes back
Round trip time was 26.0873 milliseconds in repetition 155
tcp_ping received 96 bytes back
Round trip time was 26.1093 milliseconds in repetition 156
tcp_ping received 96 bytes back
Round trip time was 32.8068 milliseconds in repetition 157
tcp_ping received 96 bytes back
Round trip time was 26.8244 milliseconds in repetition 158
tcp_ping received 96 bytes back
Round trip time was 25.9758 milliseconds in repetition 159
tcp_ping received 96 bytes back
Round trip time was 23.9455 milliseconds in repetition 160
tcp_ping received 96 bytes back
Round trip time was 28.7726 milliseconds in repetition 161
tcp_ping received 96 bytes back
Round trip time was 24.3704 milliseconds in repetition 162
tcp_ping received 96 bytes back
Round trip time was 25.2746 milliseconds in repetition 163
tcp_ping received 96 bytes back
Round trip time was 24.6331 milliseconds in repetition 164
tcp_ping received 96 bytes back
Round trip time was 26.1977 milliseconds in repetition 165
tcp_ping received 96 bytes back
Round trip time was 25.2397 milliseconds in repetition 166
tcp_ping received 96 bytes back
Round trip time was 27.0455 milliseconds in repetition 167
tcp_ping received 96 bytes back
Round trip time was 29.5646 milliseconds in repetition 168
tcp_ping received 96 bytes back
Round trip time was 24.9414 milliseconds in repetition 169
tcp_ping received 96 bytes back
Round trip time was 24.3138 milliseconds in repetition 170
tcp_ping received 96 bytes back
Round trip time was 28.0195 milliseconds in repetition 171
tcp_ping received 96 bytes back
Round trip time was 24.9129 milliseconds in repetition 172
tcp_ping received 96 bytes back
Round trip time was 24.5184 milliseconds in repetition 173
tcp_ping received 96 bytes back
Round trip time was 24.7029 milliseconds in repetition 174
tcp_ping received 96 bytes back
Round trip time was 25.4532 milliseconds in repetition 175
tcp_ping received 96 bytes back
Round trip time was 30.0193 milliseconds in repetition 176
tcp_ping received 96 bytes back
Round trip time was 28.6618 milliseconds in repetition 177
tcp_ping received 96 bytes back
Round trip time was 40.1614 milliseconds in repetition 178
tcp_ping received 96 bytes back
Round trip time was 29.8051 milliseconds in repetition 179
tcp_ping received 96 bytes back
Round trip time was 26.2614 milliseconds in repetition 180
tcp_ping received 96 bytes back
Round trip time was 25.0325 milliseconds in repetition 181
tcp_ping received 96 bytes back
Round trip time was 25.6508 milliseconds in repetition 182
tcp_ping received 96 bytes back
Round trip time was 25.7474 milliseconds in repetition 183
tcp_ping received 96 bytes back
Round trip time was 24.6889 milliseconds in repetition 184
tcp_ping received 96 bytes back
Round trip time was 27.1702 milliseconds in repetition 185
tcp_ping received 96 bytes back
Round trip time was 28.2412 milliseconds in repetition 186
tcp_ping received 96 bytes back
Round trip time was 39.5484 milliseconds in repetition 187
tcp_ping received 96 bytes back
Round trip time was 46.8146 milliseconds in repetition 188
tcp_ping received 96 bytes back
Round trip time was 57.92 milliseconds in repetition 189
tcp_ping received 96 bytes back
Round trip time was 24.8439 milliseconds in repetition 190
tcp_ping received 96 bytes back
Round trip time was 41.6955 milliseconds in repetition 191
tcp_ping received 96 bytes back
Round trip time was 37.1889 milliseconds in repetition 192
tcp_ping received 96 bytes back
Round trip time was 26.6242 milliseconds in repetition 193
tcp_ping received 96 bytes back
Round trip time was 34.4932 milliseconds in repetition 194
tcp_ping received 96 bytes back
Round trip time was 49.4389 milliseconds in repetition 195
tcp_ping received 96 bytes back
Round trip time was 33.0194 milliseconds in repetition 196
tcp_ping received 96 bytes back
Round trip time was 36.1353 milliseconds in repetition 197
tcp_ping received 96 bytes back
Round trip time was 41.1492 milliseconds in repetition 198
tcp_ping received 96 bytes back
Round trip time was 25.5632 milliseconds in repetition 199
tcp_ping received 96 bytes back
Round trip time was 33.0673 milliseconds in repetition 200
tcp_ping received 96 bytes back
Round trip time was 29.5664 milliseconds in repetition 201
tcp_ping received 96 bytes back
Round trip time was 28.1111 milliseconds in repetition 202
tcp_ping received 96 bytes back
Round trip time was 48.2673 milliseconds in repetition 203
tcp_ping received 96 bytes back
Round trip time was 24.7958 milliseconds in repetition 204
tcp_ping received 96 bytes back
Round trip time was 37.8449 milliseconds in repetition 205
tcp_ping received 96 bytes back
Round trip time was 28.3285 milliseconds in repetition 206
tcp_ping received 96 bytes back
Round trip time was 31.7547 milliseconds in repetition 207
tcp_ping received 96 bytes back
Round trip time was 29.8742 milliseconds in repetition 208
tcp_ping received 96 bytes back
Round trip time was 25.5016 milliseconds in repetition 209
tcp_ping received 96 bytes back
Round trip time was 25.0982 milliseconds in repetition 210
tcp_ping received 96 bytes back
Round trip time was 24.673 milliseconds in repetition 211
tcp_ping received 96 bytes back
Round trip time was 24.8324 milliseconds in repetition 212
tcp_ping received 96 bytes back
Round trip time was 24.6366 milliseconds in repetition 213
tcp_ping received 96 bytes back
Round trip time was 25.4604 milliseconds in repetition 214
tcp_ping received 96 bytes back
Round trip time was 24.494 milliseconds in repetition 215
tcp_ping received 96 bytes back
Round trip time was 23.911 milliseconds in repetition 216
tcp_ping received 96 bytes back
Round trip time was 27.9923 milliseconds in repetition 217
tcp_ping received 96 bytes back
Round trip time was 33.1339 milliseconds in repetition 218
tcp_ping received 96 bytes back
Round trip time was 25.2676 milliseconds in repetition 219
tcp_ping received 96 bytes back
Round trip time was 33.1982 milliseconds in repetition 220
tcp_ping received 96 bytes back
Round trip time was 36.3502 milliseconds in repetition 221
tcp_ping received 96 bytes back
Round trip time was 35.3205 milliseconds in repetition 222
tcp_ping received 96 bytes back
Round trip time was 39.3677 milliseconds in repetition 223
tcp_ping received 96 bytes back
Round trip time was 32.4666 milliseconds in repetition 224
tcp_ping received 96 bytes back
Round trip time was 30.9291 milliseconds in repetition 225
tcp_ping received 96 bytes back
Round trip time was 30.5653 milliseconds in repetition 226
tcp_ping received 96 bytes back
Round trip time was 26.6069 milliseconds in repetition 227
tcp_ping received 96 bytes back
Round trip time was 29.2263 milliseconds in repetition 228
tcp_ping received 96 bytes back
Round trip time was 29.199 milliseconds in repetition 229
tcp_ping received 96 bytes back
Round trip time was 25.3169 milliseconds in repetition 230
tcp_ping received 96 bytes back
Round trip time was 28.8674 milliseconds in repetition 231
tcp_ping received 96 bytes back
Round trip time was 33.4848 milliseconds in repetition 232
tcp_ping received 96 bytes back
Round trip time was 26.655 milliseconds in repetition 233
tcp_ping received 96 bytes back
Round trip time was 23.5304 milliseconds in repetition 234
tcp_ping received 96 bytes back
Round trip time was 43.7528 milliseconds in repetition 235
tcp_ping received 96 bytes back
Round trip time was 34.2848 milliseconds in repetition 236
tcp_ping received 96 bytes back
Round trip time was 38.4222 milliseconds in repetition 237
tcp_ping received 96 bytes back
Round trip time was 54.5925 milliseconds in repetition 238
tcp_ping received 96 bytes back
Round trip time was 35.9293 milliseconds in repetition 239
tcp_ping received 96 bytes back
Round trip time was 25.2346 milliseconds in repetition 240
tcp_ping received 96 bytes back
Round trip time was 26.1783 milliseconds in repetition 241
tcp_ping received 96 bytes back
Round trip time was 27.6591 milliseconds in repetition 242
tcp_ping received 96 bytes back
Round trip time was 24.5822 milliseconds in repetition 243
tcp_ping received 96 bytes back
Round trip time was 24.6362 milliseconds in repetition 244
tcp_ping received 96 bytes back
Round trip time was 25.8521 milliseconds in repetition 245
tcp_ping received 96 bytes back
Round trip time was 31.9994 milliseconds in repetition 246
tcp_ping received 96 bytes back
Round trip time was 24.4812 milliseconds in repetition 247
tcp_ping received 96 bytes back
Round trip time was 24.555 milliseconds in repetition 248
tcp_ping received 96 bytes back
Round trip time was 28.9809 milliseconds in repetition 249
tcp_ping received 96 bytes back
Round trip time was 29.3402 milliseconds in repetition 250
tcp_ping received 96 bytes back
Round trip time was 28.7535 milliseconds in repetition 251
tcp_ping received 96 bytes back
Round trip time was 30.0012 milliseconds in repetition 252
tcp_ping received 96 bytes back
Round trip time was 29.6253 milliseconds in repetition 253
tcp_ping received 96 bytes back
Round trip time was 31.0099 milliseconds in repetition 254
tcp_ping received 96 bytes back
Round trip time was 24.6182 milliseconds in repetition 255
tcp_ping received 96 bytes back
Round trip time was 38.5086 milliseconds in repetition 256
tcp_ping received 96 bytes back
Round trip time was 24.7918 milliseconds in repetition 257
tcp_ping received 96 bytes back
Round trip time was 26.3579 milliseconds in repetition 258
tcp_ping received 96 bytes back
Round trip time was 30.8084 milliseconds in repetition 259
tcp_ping received 96 bytes back
Round trip time was 29.9833 milliseconds in repetition 260
tcp_ping received 96 bytes back
Round trip time was 32.2677 milliseconds in repetition 261
tcp_ping received 96 bytes back
Round trip time was 24.6772 milliseconds in repetition 262
tcp_ping received 96 bytes back
Round trip time was 27.9399 milliseconds in repetition 263
tcp_ping received 96 bytes back
Round trip time was 28.894 milliseconds in repetition 264
tcp_ping received 96 bytes back
Round trip time was 24.7604 milliseconds in repetition 265
tcp_ping received 96 bytes back
Round trip time was 26.0126 milliseconds in repetition 266
tcp_ping received 96 bytes back
Round trip time was 35.1417 milliseconds in repetition 267
tcp_ping received 96 bytes back
Round trip time was 37.5146 milliseconds in repetition 268
tcp_ping received 96 bytes back
Round trip time was 34.399 milliseconds in repetition 269
tcp_ping received 96 bytes back
Round trip time was 30.0768 milliseconds in repetition 270
tcp_ping received 96 bytes back
Round trip time was 31.2189 milliseconds in repetition 271
tcp_ping received 96 bytes back
Round trip time was 29.8185 milliseconds in repetition 272
tcp_ping received 96 bytes back
Round trip time was 30.2157 milliseconds in repetition 273
tcp_ping received 96 bytes back
Round trip time was 40.4036 milliseconds in repetition 274
tcp_ping received 96 bytes back
Round trip time was 24.4667 milliseconds in repetition 275
tcp_ping received 96 bytes back
Round trip time was 33.1551 milliseconds in repetition 276
tcp_ping received 96 bytes back
Round trip time was 27.3621 milliseconds in repetition 277
tcp_ping received 96 bytes back
Round trip time was 24.5288 milliseconds in repetition 278
tcp_ping received 96 bytes back
Round trip time was 24.6771 milliseconds in repetition 279
tcp_ping received 96 bytes back
Round trip time was 24.4572 milliseconds in repetition 280
tcp_ping received 96 bytes back
Round trip time was 25.6629 milliseconds in repetition 281
tcp_ping received 96 bytes back
Round trip time was 25.5393 milliseconds in repetition 282
tcp_ping received 96 bytes back
Round trip time was 24.6641 milliseconds in repetition 283
tcp_ping received 96 bytes back
Round trip time was 24.5204 milliseconds in repetition 284
tcp_ping received 96 bytes back
Round trip time was 25.6856 milliseconds in repetition 285
tcp_ping received 96 bytes back
Round trip time was 24.2346 milliseconds in repetition 286
tcp_ping received 96 bytes back
Round trip time was 24.1711 milliseconds in repetition 287
tcp_ping received 96 bytes back
Round trip time was 24.2904 milliseconds in repetition 288
tcp_ping received 96 bytes back
Round trip time was 28.731 milliseconds in repetition 289
tcp_ping received 96 bytes back
Round trip time was 28.5491 milliseconds in repetition 290
tcp_ping received 96 bytes back
Round trip time was 24.8455 milliseconds in repetition 291
tcp_ping received 96 bytes back
Round trip time was 24.6061 milliseconds in repetition 292
tcp_ping received 96 bytes back
Round trip time was 24.3938 milliseconds in repetition 293
tcp_ping received 96 bytes back
Round trip time was 24.9398 milliseconds in repetition 294
tcp_ping received 96 bytes back
Round trip time was 24.3155 milliseconds in repetition 295
tcp_ping received 96 bytes back
Round trip time was 24.7406 milliseconds in repetition 296
tcp_ping received 96 bytes back
Round trip time was 25.4316 milliseconds in repetition 297
tcp_ping received 96 bytes back
Round trip time was 24.4336 milliseconds in repetition 298
tcp_ping received 96 bytes back
Round trip time was 23.9444 milliseconds in repetition 299
tcp_ping received 96 bytes back
Round trip time was 24.6358 milliseconds in repetition 300
tcp_ping received 96 bytes back
Round trip time was 24.617 milliseconds in repetition 301
tcp_ping received 96 bytes back
Round trip time was 25.7494 milliseconds in repetition 302
tcp_ping received 96 bytes back
Round trip time was 24.559 milliseconds in repetition 303
tcp_ping received 96 bytes back
Round trip time was 28.2468 milliseconds in repetition 304
tcp_ping received 96 bytes back
Round trip time was 24.1219 milliseconds in repetition 305
tcp_ping received 96 bytes back
Round trip time was 24.4663 milliseconds in repetition 306
tcp_ping received 96 bytes back
Round trip time was 24.3464 milliseconds in repetition 307
tcp_ping received 96 bytes back
Round trip time was 24.5068 milliseconds in repetition 308
tcp_ping received 96 bytes back
Round trip time was 24.4876 milliseconds in repetition 309
tcp_ping received 96 bytes back
Round trip time was 27.8697 milliseconds in repetition 310
tcp_ping received 96 bytes back
Round trip time was 26.8615 milliseconds in repetition 311
tcp_ping received 96 bytes back
Round trip time was 25.0091 milliseconds in repetition 312
tcp_ping received 96 bytes back
Round trip time was 28.2448 milliseconds in repetition 313
tcp_ping received 96 bytes back
Round trip time was 24.8249 milliseconds in repetition 314
tcp_ping received 96 bytes back
Round trip time was 24.9429 milliseconds in repetition 315
tcp_ping received 96 bytes back
Round trip time was 25.0911 milliseconds in repetition 316
tcp_ping received 96 bytes back
Round trip time was 25.2556 milliseconds in repetition 317
tcp_ping received 96 bytes back
Round trip time was 23.8437 milliseconds in repetition 318
tcp_ping received 96 bytes back
Round trip time was 26.4751 milliseconds in repetition 319
tcp_ping received 96 bytes back
Round trip time was 24.5383 milliseconds in repetition 320
tcp_ping received 96 bytes back
Round trip time was 26.7787 milliseconds in repetition 321
tcp_ping received 96 bytes back
Round trip time was 24.829 milliseconds in repetition 322
tcp_ping received 96 bytes back
Round trip time was 24.6312 milliseconds in repetition 323
tcp_ping received 96 bytes back
Round trip time was 24.6314 milliseconds in repetition 324
tcp_ping received 96 bytes back
Round trip time was 24.1819 milliseconds in repetition 325
tcp_ping received 96 bytes back
Round trip time was 25.8908 milliseconds in repetition 326
tcp_ping received 96 bytes back
Round trip time was 26.4351 milliseconds in repetition 327
tcp_ping received 96 bytes back
Round trip time was 25.087 milliseconds in repetition 328
tcp_ping received 96 bytes back
Round trip time was 26.1025 milliseconds in repetition 329
tcp_ping received 96 bytes back
Round trip time was 24.9818 milliseconds in repetition 330
tcp_ping received 96 bytes back
Round trip time was 24.5317 milliseconds in repetition 331
tcp_ping received 96 bytes back
Round trip time was 24.9203 milliseconds in repetition 332
tcp_ping received 96 bytes back
Round trip time was 26.5053 milliseconds in repetition 333
tcp_ping received 96 bytes back
Round trip time was 24.6296 milliseconds in repetition 334
tcp_ping received 96 bytes back
Round trip time was 25.223 milliseconds in repetition 335
tcp_ping received 96 bytes back
Round trip time was 24.7813 milliseconds in repetition 336
tcp_ping received 96 bytes back
Round trip time was 24.6531 milliseconds in repetition 337
tcp_ping received 96 bytes back
Round trip time was 25.5536 milliseconds in repetition 338
tcp_ping received 96 bytes back
Round trip time was 24.687 milliseconds in repetition 339
tcp_ping received 96 bytes back
Round trip time was 25.0018 milliseconds in repetition 340
tcp_ping received 96 bytes back
Round trip time was 25.0473 milliseconds in repetition 341
tcp_ping received 96 bytes back
Round trip time was 25.3742 milliseconds in repetition 342
tcp_ping received 96 bytes back
Round trip time was 24.8542 milliseconds in repetition 343
tcp_ping received 96 bytes back
Round trip time was 25.5719 milliseconds in repetition 344
tcp_ping received 96 bytes back
Round trip time was 25.0468 milliseconds in repetition 345
tcp_ping received 96 bytes back
Round trip time was 25.2681 milliseconds in repetition 346
tcp_ping received 96 bytes back
Round trip time was 26.4026 milliseconds in repetition 347
tcp_ping received 96 bytes back
Round trip time was 25.1245 milliseconds in repetition 348
tcp_ping received 96 bytes back
Round trip time was 27.0124 milliseconds in repetition 349
tcp_ping received 96 bytes back
Round trip time was 27.3988 milliseconds in repetition 350
tcp_ping received 96 bytes back
Round trip time was 24.6983 milliseconds in repetition 351
tcp_ping received 96 bytes back
Round trip time was 24.3496 milliseconds in repetition 352
tcp_ping received 96 bytes back
Round trip time was 24.9458 milliseconds in repetition 353
tcp_ping received 96 bytes back
Round trip time was 26.1333 milliseconds in repetition 354
tcp_ping received 96 bytes back
Round trip time was 24.5766 milliseconds in repetition 355
tcp_ping received 96 bytes back
Round trip time was 25.1946 milliseconds in repetition 356
tcp_ping received 96 bytes back
Round trip time was 30.2491 milliseconds in repetition 357
tcp_ping received 96 bytes back
Round trip time was 25.306 milliseconds in repetition 358
tcp_ping received 96 bytes back
Round trip time was 25.5665 milliseconds in repetition 359
tcp_ping received 96 bytes back
Round trip time was 25.0309 milliseconds in repetition 360
tcp_ping received 96 bytes back
Round trip time was 26.089 milliseconds in repetition 361
tcp_ping received 96 bytes back
Round trip time was 25.4667 milliseconds in repetition 362
tcp_ping received 96 bytes back
Round trip time was 23.8462 milliseconds in repetition 363
tcp_ping received 96 bytes back
Round trip time was 24.7236 milliseconds in repetition 364
tcp_ping received 96 bytes back
Round trip time was 24.3846 milliseconds in repetition 365
tcp_ping received 96 bytes back
Round trip time was 24.4344 milliseconds in repetition 366
tcp_ping received 96 bytes back
Round trip time was 26.1174 milliseconds in repetition 367
tcp_ping received 96 bytes back
Round trip time was 24.438 milliseconds in repetition 368
tcp_ping received 96 bytes back
Round trip time was 27.0123 milliseconds in repetition 369
tcp_ping received 96 bytes back
Round trip time was 24.6915 milliseconds in repetition 370
tcp_ping received 96 bytes back
Round trip time was 24.7451 milliseconds in repetition 371
tcp_ping received 96 bytes back
Round trip time was 23.8371 milliseconds in repetition 372
tcp_ping received 96 bytes back
Round trip time was 26.2094 milliseconds in repetition 373
tcp_ping received 96 bytes back
Round trip time was 23.7871 milliseconds in repetition 374
tcp_ping received 96 bytes back
Round trip time was 24.7641 milliseconds in repetition 375
tcp_ping received 96 bytes back
Round trip time was 25.6899 milliseconds in repetition 376
tcp_ping received 96 bytes back
Round trip time was 29.0848 milliseconds in repetition 377
tcp_ping received 96 bytes back
Round trip time was 28.8517 milliseconds in repetition 378
tcp_ping received 96 bytes back
Round trip time was 25.089 milliseconds in repetition 379
tcp_ping received 96 bytes back
Round trip time was 24.1281 milliseconds in repetition 380
tcp_ping received 96 bytes back
Round trip time was 24.2786 milliseconds in repetition 381
tcp_ping received 96 bytes back
Round trip time was 24.5478 milliseconds in repetition 382
tcp_ping received 96 bytes back
Round trip time was 24.5259 milliseconds in repetition 383
tcp_ping received 96 bytes back
Round trip time was 25.7576 milliseconds in repetition 384
tcp_ping received 96 bytes back
Round trip time was 26.3264 milliseconds in repetition 385
tcp_ping received 96 bytes back
Round trip time was 24.5553 milliseconds in repetition 386
tcp_ping received 96 bytes back
Round trip time was 24.6357 milliseconds in repetition 387
tcp_ping received 96 bytes back
Round trip time was 28.4767 milliseconds in repetition 388
tcp_ping received 96 bytes back
Round trip time was 24.3951 milliseconds in repetition 389
tcp_ping received 96 bytes back
Round trip time was 24.8452 milliseconds in repetition 390
tcp_ping received 96 bytes back
Round trip time was 24.1053 milliseconds in repetition 391
tcp_ping received 96 bytes back
Round trip time was 27.2148 milliseconds in repetition 392
tcp_ping received 96 bytes back
Round trip time was 28.1938 milliseconds in repetition 393
tcp_ping received 96 bytes back
Round trip time was 26.8942 milliseconds in repetition 394
tcp_ping received 96 bytes back
Round trip time was 25.6522 milliseconds in repetition 395
tcp_ping received 96 bytes back
Round trip time was 24.9616 milliseconds in repetition 396
tcp_ping received 96 bytes back
Round trip time was 25.1389 milliseconds in repetition 397
tcp_ping received 96 bytes back
Round trip time was 24.5667 milliseconds in repetition 398
tcp_ping received 96 bytes back
Round trip time was 24.483 milliseconds in repetition 399
tcp_ping received 96 bytes back
Round trip time was 33.2817 milliseconds in repetition 400
tcp_ping received 96 bytes back
Round trip time was 23.9239 milliseconds in repetition 401
tcp_ping received 96 bytes back
Round trip time was 24.6864 milliseconds in repetition 402
tcp_ping received 96 bytes back
Round trip time was 23.9357 milliseconds in repetition 403
tcp_ping received 96 bytes back
Round trip time was 29.1547 milliseconds in repetition 404
tcp_ping received 96 bytes back
Round trip time was 25.2808 milliseconds in repetition 405
tcp_ping received 96 bytes back
Round trip time was 24.3361 milliseconds in repetition 406
tcp_ping received 96 bytes back
Round trip time was 23.876 milliseconds in repetition 407
tcp_ping received 96 bytes back
Round trip time was 24.6846 milliseconds in repetition 408
tcp_ping received 96 bytes back
Round trip time was 24.3325 milliseconds in repetition 409
tcp_ping received 96 bytes back
Round trip time was 26.7277 milliseconds in repetition 410
tcp_ping received 96 bytes back
Round trip time was 23.6181 milliseconds in repetition 411
tcp_ping received 96 bytes back
Round trip time was 30.149 milliseconds in repetition 412
tcp_ping received 96 bytes back
Round trip time was 26.5905 milliseconds in repetition 413
tcp_ping received 96 bytes back
Round trip time was 25.6705 milliseconds in repetition 414
tcp_ping received 96 bytes back
Round trip time was 24.3551 milliseconds in repetition 415
tcp_ping received 96 bytes back
Round trip time was 25.9553 milliseconds in repetition 416
tcp_ping received 96 bytes back
Round trip time was 24.4506 milliseconds in repetition 417
tcp_ping received 96 bytes back
Round trip time was 25.7983 milliseconds in repetition 418
tcp_ping received 96 bytes back
Round trip time was 25.3455 milliseconds in repetition 419
tcp_ping received 96 bytes back
Round trip time was 24.6962 milliseconds in repetition 420
tcp_ping received 96 bytes back
Round trip time was 24.6367 milliseconds in repetition 421
tcp_ping received 96 bytes back
Round trip time was 25.0647 milliseconds in repetition 422
tcp_ping received 96 bytes back
Round trip time was 25.5171 milliseconds in repetition 423
tcp_ping received 96 bytes back
Round trip time was 25.919 milliseconds in repetition 424
tcp_ping received 96 bytes back
Round trip time was 27.2924 milliseconds in repetition 425
tcp_ping received 96 bytes back
Round trip time was 25.4062 milliseconds in repetition 426
tcp_ping received 96 bytes back
Round trip time was 24.8937 milliseconds in repetition 427
tcp_ping received 96 bytes back
Round trip time was 25.2221 milliseconds in repetition 428
tcp_ping received 96 bytes back
Round trip time was 26.1518 milliseconds in repetition 429
tcp_ping received 96 bytes back
Round trip time was 24.372 milliseconds in repetition 430
tcp_ping received 96 bytes back
Round trip time was 24.8043 milliseconds in repetition 431
tcp_ping received 96 bytes back
Round trip time was 28.4789 milliseconds in repetition 432
tcp_ping received 96 bytes back
Round trip time was 27.4651 milliseconds in repetition 433
tcp_ping received 96 bytes back
Round trip time was 39.3141 milliseconds in repetition 434
tcp_ping received 96 bytes back
Round trip time was 25.1392 milliseconds in repetition 435
tcp_ping received 96 bytes back
Round trip time was 25.0619 milliseconds in repetition 436
tcp_ping received 96 bytes back
Round trip time was 25.6543 milliseconds in repetition 437
tcp_ping received 96 bytes back
Round trip time was 25.0018 milliseconds in repetition 438
tcp_ping received 96 bytes back
Round trip time was 25.8836 milliseconds in repetition 439
tcp_ping received 96 bytes back
Round trip time was 26.1856 milliseconds in repetition 440
tcp_ping received 96 bytes back
Round trip time was 26.6584 milliseconds in repetition 441
tcp_ping received 96 bytes back
Round trip time was 26.4064 milliseconds in repetition 442
tcp_ping received 96 bytes back
Round trip time was 28.8989 milliseconds in repetition 443
tcp_ping received 96 bytes back
Round trip time was 26.5417 milliseconds in repetition 444
tcp_ping received 96 bytes back
Round trip time was 27.9086 milliseconds in repetition 445
tcp_ping received 96 bytes back
Round trip time was 27.3666 milliseconds in repetition 446
tcp_ping received 96 bytes back
Round trip time was 25.4041 milliseconds in repetition 447
tcp_ping received 96 bytes back
Round trip time was 25.9326 milliseconds in repetition 448
tcp_ping received 96 bytes back
Round trip time was 25.9511 milliseconds in repetition 449
tcp_ping received 96 bytes back
Round trip time was 24.5786 milliseconds in repetition 450
tcp_ping received 96 bytes back
Round trip time was 27.2538 milliseconds in repetition 451
tcp_ping received 96 bytes back
Round trip time was 25.021 milliseconds in repetition 452
tcp_ping received 96 bytes back
Round trip time was 24.6625 milliseconds in repetition 453
tcp_ping received 96 bytes back
Round trip time was 25.9362 milliseconds in repetition 454
tcp_ping received 96 bytes back
Round trip time was 25.6538 milliseconds in repetition 455
tcp_ping received 96 bytes back
Round trip time was 25.0485 milliseconds in repetition 456
tcp_ping received 96 bytes back
Round trip time was 29.5467 milliseconds in repetition 457
tcp_ping received 96 bytes back
Round trip time was 24.4592 milliseconds in repetition 458
tcp_ping received 96 bytes back
Round trip time was 24.6313 milliseconds in repetition 459
tcp_ping received 96 bytes back
Round trip time was 24.5142 milliseconds in repetition 460
tcp_ping received 96 bytes back
Round trip time was 24.5112 milliseconds in repetition 461
tcp_ping received 96 bytes back
Round trip time was 23.9144 milliseconds in repetition 462
tcp_ping received 96 bytes back
Round trip time was 26.7526 milliseconds in repetition 463
tcp_ping received 96 bytes back
Round trip time was 25.1049 milliseconds in repetition 464
tcp_ping received 96 bytes back
Round trip time was 24.7938 milliseconds in repetition 465
tcp_ping received 96 bytes back
Round trip time was 24.5612 milliseconds in repetition 466
tcp_ping received 96 bytes back
Round trip time was 24.2776 milliseconds in repetition 467
tcp_ping received 96 bytes back
Round trip time was 25.9003 milliseconds in repetition 468
tcp_ping received 96 bytes back
Round trip time was 26.0253 milliseconds in repetition 469
tcp_ping received 96 bytes back
Round trip time was 24.9069 milliseconds in repetition 470
tcp_ping received 96 bytes back
Round trip time was 32.5262 milliseconds in repetition 471
tcp_ping received 96 bytes back
Round trip time was 25.4447 milliseconds in repetition 472
tcp_ping received 96 bytes back
Round trip time was 24.4465 milliseconds in repetition 473
tcp_ping received 96 bytes back
Round trip time was 24.3928 milliseconds in repetition 474
tcp_ping received 96 bytes back
Round trip time was 24.6916 milliseconds in repetition 475
tcp_ping received 96 bytes back
Round trip time was 35.1036 milliseconds in repetition 476
tcp_ping received 96 bytes back
Round trip time was 25.2296 milliseconds in repetition 477
tcp_ping received 96 bytes back
Round trip time was 25.8802 milliseconds in repetition 478
tcp_ping received 96 bytes back
Round trip time was 24.4039 milliseconds in repetition 479
tcp_ping received 96 bytes back
Round trip time was 24.2909 milliseconds in repetition 480
tcp_ping received 96 bytes back
Round trip time was 25.1974 milliseconds in repetition 481
tcp_ping received 96 bytes back
Round trip time was 24.1907 milliseconds in repetition 482
tcp_ping received 96 bytes back
Round trip time was 24.6511 milliseconds in repetition 483
tcp_ping received 96 bytes back
Round trip time was 24.6023 milliseconds in repetition 484
tcp_ping received 96 bytes back
Round trip time was 25.6773 milliseconds in repetition 485
tcp_ping received 96 bytes back
Round trip time was 26.5604 milliseconds in repetition 486
tcp_ping received 96 bytes back
Round trip time was 25.8064 milliseconds in repetition 487
tcp_ping received 96 bytes back
Round trip time was 25.0419 milliseconds in repetition 488
tcp_ping received 96 bytes back
Round trip time was 26.1298 milliseconds in repetition 489
tcp_ping received 96 bytes back
Round trip time was 28.2177 milliseconds in repetition 490
tcp_ping received 96 bytes back
Round trip time was 25.1898 milliseconds in repetition 491
tcp_ping received 96 bytes back
Round trip time was 24.6744 milliseconds in repetition 492
tcp_ping received 96 bytes back
Round trip time was 24.4063 milliseconds in repetition 493
tcp_ping received 96 bytes back
Round trip time was 25.2132 milliseconds in repetition 494
tcp_ping received 96 bytes back
Round trip time was 24.4223 milliseconds in repetition 495
tcp_ping received 96 bytes back
Round trip time was 24.5614 milliseconds in repetition 496
tcp_ping received 96 bytes back
Round trip time was 25.0684 milliseconds in repetition 497
tcp_ping received 96 bytes back
Round trip time was 24.0339 milliseconds in repetition 498
tcp_ping received 96 bytes back
Round trip time was 23.5352 milliseconds in repetition 499
tcp_ping received 96 bytes back
Round trip time was 24.5871 milliseconds in repetition 500
tcp_ping received 96 bytes back
Round trip time was 25.0758 milliseconds in repetition 501

 ... clock resolution was 1e-06
TCP Ping:  Statistics over 501 repetitions of 96 byte messages

RTT : percentile 10: 24.3938, median: 25.4062, percentile 90: 30.9381, average: 26.8522, variance: 16.681

RTT histogram:
23.5304 49
25.2499 272
26.9694 70
28.6889 41
30.4084 23
32.1278 9
33.8473 11
35.5668 8
37.2863 3
39.0058 5
40.7252 3
42.4447 1
44.1642 1
45.8837 0
47.6032 2
49.3226 1
51.0421 0
52.7616 0
54.4811 1
56.2005 0
57.92 1

   median Throughput : 7.55722 KB/s   overall Throughput : 7.15025 KB/s

