TCP Ping trying to connect to server seti.dibris.unige.it (130.251.61.30) on port 1491
 ... connected to Pong server: asking for 501 repetitions of 393216 bytes TCP messages
Received answer: 'OK
'
 ... Pong server agreed :-)
tcp_ping received 393216 bytes back
Round trip time was 269.066 milliseconds in repetition 1
tcp_ping received 393216 bytes back
Round trip time was 95.8974 milliseconds in repetition 2
tcp_ping received 393216 bytes back
Round trip time was 94.2955 milliseconds in repetition 3
tcp_ping received 393216 bytes back
Round trip time was 86.9396 milliseconds in repetition 4
tcp_ping received 393216 bytes back
Round trip time was 87.7799 milliseconds in repetition 5
tcp_ping received 393216 bytes back
Round trip time was 85.571 milliseconds in repetition 6
tcp_ping received 393216 bytes back
Round trip time was 92.8637 milliseconds in repetition 7
tcp_ping received 393216 bytes back
Round trip time was 98.9987 milliseconds in repetition 8
tcp_ping received 393216 bytes back
Round trip time was 95.8203 milliseconds in repetition 9
tcp_ping received 393216 bytes back
Round trip time was 94.8622 milliseconds in repetition 10
tcp_ping received 393216 bytes back
Round trip time was 84.9287 milliseconds in repetition 11
tcp_ping received 393216 bytes back
Round trip time was 88.6829 milliseconds in repetition 12
tcp_ping received 393216 bytes back
Round trip time was 83.205 milliseconds in repetition 13
tcp_ping received 393216 bytes back
Round trip time was 80.212 milliseconds in repetition 14
tcp_ping received 393216 bytes back
Round trip time was 91.4263 milliseconds in repetition 15
tcp_ping received 393216 bytes back
Round trip time was 93.9818 milliseconds in repetition 16
tcp_ping received 393216 bytes back
Round trip time was 92.6779 milliseconds in repetition 17
tcp_ping received 393216 bytes back
Round trip time was 89.61 milliseconds in repetition 18
tcp_ping received 393216 bytes back
Round trip time was 87.4133 milliseconds in repetition 19
tcp_ping received 393216 bytes back
Round trip time was 89.3555 milliseconds in repetition 20
tcp_ping received 393216 bytes back
Round trip time was 100.274 milliseconds in repetition 21
tcp_ping received 393216 bytes back
Round trip time was 90.4187 milliseconds in repetition 22
tcp_ping received 393216 bytes back
Round trip time was 82.1769 milliseconds in repetition 23
tcp_ping received 393216 bytes back
Round trip time was 93.668 milliseconds in repetition 24
tcp_ping received 393216 bytes back
Round trip time was 83.1427 milliseconds in repetition 25
tcp_ping received 393216 bytes back
Round trip time was 83.8564 milliseconds in repetition 26
tcp_ping received 393216 bytes back
Round trip time was 80.8649 milliseconds in repetition 27
tcp_ping received 393216 bytes back
Round trip time was 83.348 milliseconds in repetition 28
tcp_ping received 393216 bytes back
Round trip time was 86.9867 milliseconds in repetition 29
tcp_ping received 393216 bytes back
Round trip time was 98.8209 milliseconds in repetition 30
tcp_ping received 393216 bytes back
Round trip time was 91.343 milliseconds in repetition 31
tcp_ping received 393216 bytes back
Round trip time was 87.5445 milliseconds in repetition 32
tcp_ping received 393216 bytes back
Round trip time was 81.2627 milliseconds in repetition 33
tcp_ping received 393216 bytes back
Round trip time was 116.184 milliseconds in repetition 34
tcp_ping received 393216 bytes back
Round trip time was 80.1483 milliseconds in repetition 35
tcp_ping received 393216 bytes back
Round trip time was 89.4472 milliseconds in repetition 36
tcp_ping received 393216 bytes back
Round trip time was 86.3064 milliseconds in repetition 37
tcp_ping received 393216 bytes back
Round trip time was 79.7059 milliseconds in repetition 38
tcp_ping received 393216 bytes back
Round trip time was 92.3398 milliseconds in repetition 39
tcp_ping received 393216 bytes back
Round trip time was 91.8211 milliseconds in repetition 40
tcp_ping received 393216 bytes back
Round trip time was 85.19 milliseconds in repetition 41
tcp_ping received 393216 bytes back
Round trip time was 92.2497 milliseconds in repetition 42
tcp_ping received 393216 bytes back
Round trip time was 88.3293 milliseconds in repetition 43
tcp_ping received 393216 bytes back
Round trip time was 92.8405 milliseconds in repetition 44
tcp_ping received 393216 bytes back
Round trip time was 84.7362 milliseconds in repetition 45
tcp_ping received 393216 bytes back
Round trip time was 90.8038 milliseconds in repetition 46
tcp_ping received 393216 bytes back
Round trip time was 83.6414 milliseconds in repetition 47
tcp_ping received 393216 bytes back
Round trip time was 82.1132 milliseconds in repetition 48
tcp_ping received 393216 bytes back
Round trip time was 87.3816 milliseconds in repetition 49
tcp_ping received 393216 bytes back
Round trip time was 86.9345 milliseconds in repetition 50
tcp_ping received 393216 bytes back
Round trip time was 80.1805 milliseconds in repetition 51
tcp_ping received 393216 bytes back
Round trip time was 85.1535 milliseconds in repetition 52
tcp_ping received 393216 bytes back
Round trip time was 89.2553 milliseconds in repetition 53
tcp_ping received 393216 bytes back
Round trip time was 89.4181 milliseconds in repetition 54
tcp_ping received 393216 bytes back
Round trip time was 79.7426 milliseconds in repetition 55
tcp_ping received 393216 bytes back
Round trip time was 90.6995 milliseconds in repetition 56
tcp_ping received 393216 bytes back
Round trip time was 85.3578 milliseconds in repetition 57
tcp_ping received 393216 bytes back
Round trip time was 78.8082 milliseconds in repetition 58
tcp_ping received 393216 bytes back
Round trip time was 90.265 milliseconds in repetition 59
tcp_ping received 393216 bytes back
Round trip time was 93.625 milliseconds in repetition 60
tcp_ping received 393216 bytes back
Round trip time was 83.3328 milliseconds in repetition 61
tcp_ping received 393216 bytes back
Round trip time was 79.8057 milliseconds in repetition 62
tcp_ping received 393216 bytes back
Round trip time was 80.6216 milliseconds in repetition 63
tcp_ping received 393216 bytes back
Round trip time was 85.6769 milliseconds in repetition 64
tcp_ping received 393216 bytes back
Round trip time was 89.6804 milliseconds in repetition 65
tcp_ping received 393216 bytes back
Round trip time was 87.5751 milliseconds in repetition 66
tcp_ping received 393216 bytes back
Round trip time was 92.9668 milliseconds in repetition 67
tcp_ping received 393216 bytes back
Round trip time was 81.8236 milliseconds in repetition 68
tcp_ping received 393216 bytes back
Round trip time was 78.6004 milliseconds in repetition 69
tcp_ping received 393216 bytes back
Round trip time was 79.496 milliseconds in repetition 70
tcp_ping received 393216 bytes back
Round trip time was 82.4275 milliseconds in repetition 71
tcp_ping received 393216 bytes back
Round trip time was 79.6595 milliseconds in repetition 72
tcp_ping received 393216 bytes back
Round trip time was 86.6622 milliseconds in repetition 73
tcp_ping received 393216 bytes back
Round trip time was 85.7349 milliseconds in repetition 74
tcp_ping received 393216 bytes back
Round trip time was 78.8168 milliseconds in repetition 75
tcp_ping received 393216 bytes back
Round trip time was 83.9564 milliseconds in repetition 76
tcp_ping received 393216 bytes back
Round trip time was 83.0094 milliseconds in repetition 77
tcp_ping received 393216 bytes back
Round trip time was 79.0039 milliseconds in repetition 78
tcp_ping received 393216 bytes back
Round trip time was 86.6688 milliseconds in repetition 79
tcp_ping received 393216 bytes back
Round trip time was 81.8852 milliseconds in repetition 80
tcp_ping received 393216 bytes back
Round trip time was 82.2187 milliseconds in repetition 81
tcp_ping received 393216 bytes back
Round trip time was 88.4171 milliseconds in repetition 82
tcp_ping received 393216 bytes back
Round trip time was 86.8539 milliseconds in repetition 83
tcp_ping received 393216 bytes back
Round trip time was 198.328 milliseconds in repetition 84
tcp_ping received 393216 bytes back
Round trip time was 260.743 milliseconds in repetition 85
tcp_ping received 393216 bytes back
Round trip time was 248.644 milliseconds in repetition 86
tcp_ping received 393216 bytes back
Round trip time was 145.261 milliseconds in repetition 87
tcp_ping received 393216 bytes back
Round trip time was 149.819 milliseconds in repetition 88
tcp_ping received 393216 bytes back
Round trip time was 110.417 milliseconds in repetition 89
tcp_ping received 393216 bytes back
Round trip time was 113.156 milliseconds in repetition 90
tcp_ping received 393216 bytes back
Round trip time was 110.164 milliseconds in repetition 91
tcp_ping received 393216 bytes back
Round trip time was 120.121 milliseconds in repetition 92
tcp_ping received 393216 bytes back
Round trip time was 80.9671 milliseconds in repetition 93
tcp_ping received 393216 bytes back
Round trip time was 80.5774 milliseconds in repetition 94
tcp_ping received 393216 bytes back
Round trip time was 104.004 milliseconds in repetition 95
tcp_ping received 393216 bytes back
Round trip time was 107.401 milliseconds in repetition 96
tcp_ping received 393216 bytes back
Round trip time was 83.7044 milliseconds in repetition 97
tcp_ping received 393216 bytes back
Round trip time was 85.4581 milliseconds in repetition 98
tcp_ping received 393216 bytes back
Round trip time was 88.9153 milliseconds in repetition 99
tcp_ping received 393216 bytes back
Round trip time was 88.9521 milliseconds in repetition 100
tcp_ping received 393216 bytes back
Round trip time was 90.3572 milliseconds in repetition 101
tcp_ping received 393216 bytes back
Round trip time was 84.9509 milliseconds in repetition 102
tcp_ping received 393216 bytes back
Round trip time was 84.0114 milliseconds in repetition 103
tcp_ping received 393216 bytes back
Round trip time was 80.1903 milliseconds in repetition 104
tcp_ping received 393216 bytes back
Round trip time was 85.9705 milliseconds in repetition 105
tcp_ping received 393216 bytes back
Round trip time was 87.3649 milliseconds in repetition 106
tcp_ping received 393216 bytes back
Round trip time was 86.8356 milliseconds in repetition 107
tcp_ping received 393216 bytes back
Round trip time was 86.8764 milliseconds in repetition 108
tcp_ping received 393216 bytes back
Round trip time was 87.099 milliseconds in repetition 109
tcp_ping received 393216 bytes back
Round trip time was 87.8693 milliseconds in repetition 110
tcp_ping received 393216 bytes back
Round trip time was 82.5532 milliseconds in repetition 111
tcp_ping received 393216 bytes back
Round trip time was 92.1152 milliseconds in repetition 112
tcp_ping received 393216 bytes back
Round trip time was 87.7464 milliseconds in repetition 113
tcp_ping received 393216 bytes back
Round trip time was 88.3891 milliseconds in repetition 114
tcp_ping received 393216 bytes back
Round trip time was 88.1181 milliseconds in repetition 115
tcp_ping received 393216 bytes back
Round trip time was 90.9882 milliseconds in repetition 116
tcp_ping received 393216 bytes back
Round trip time was 88.2728 milliseconds in repetition 117
tcp_ping received 393216 bytes back
Round trip time was 81.2222 milliseconds in repetition 118
tcp_ping received 393216 bytes back
Round trip time was 164.407 milliseconds in repetition 119
tcp_ping received 393216 bytes back
Round trip time was 80.2825 milliseconds in repetition 120
tcp_ping received 393216 bytes back
Round trip time was 86.9455 milliseconds in repetition 121
tcp_ping received 393216 bytes back
Round trip time was 77.912 milliseconds in repetition 122
tcp_ping received 393216 bytes back
Round trip time was 84.3361 milliseconds in repetition 123
tcp_ping received 393216 bytes back
Round trip time was 86.4662 milliseconds in repetition 124
tcp_ping received 393216 bytes back
Round trip time was 85.905 milliseconds in repetition 125
tcp_ping received 393216 bytes back
Round trip time was 84.372 milliseconds in repetition 126
tcp_ping received 393216 bytes back
Round trip time was 86.2451 milliseconds in repetition 127
tcp_ping received 393216 bytes back
Round trip time was 98.3514 milliseconds in repetition 128
tcp_ping received 393216 bytes back
Round trip time was 85.9494 milliseconds in repetition 129
tcp_ping received 393216 bytes back
Round trip time was 87.458 milliseconds in repetition 130
tcp_ping received 393216 bytes back
Round trip time was 90.7699 milliseconds in repetition 131
tcp_ping received 393216 bytes back
Round trip time was 78.4827 milliseconds in repetition 132
tcp_ping received 393216 bytes back
Round trip time was 86.5222 milliseconds in repetition 133
tcp_ping received 393216 bytes back
Round trip time was 87.9007 milliseconds in repetition 134
tcp_ping received 393216 bytes back
Round trip time was 83.2653 milliseconds in repetition 135
tcp_ping received 393216 bytes back
Round trip time was 83.4387 milliseconds in repetition 136
tcp_ping received 393216 bytes back
Round trip time was 94.5679 milliseconds in repetition 137
tcp_ping received 393216 bytes back
Round trip time was 121.095 milliseconds in repetition 138
tcp_ping received 393216 bytes back
Round trip time was 86.7407 milliseconds in repetition 139
tcp_ping received 393216 bytes back
Round trip time was 79.6189 milliseconds in repetition 140
tcp_ping received 393216 bytes back
Round trip time was 84.3406 milliseconds in repetition 141
tcp_ping received 393216 bytes back
Round trip time was 88.5738 milliseconds in repetition 142
tcp_ping received 393216 bytes back
Round trip time was 81.6 milliseconds in repetition 143
tcp_ping received 393216 bytes back
Round trip time was 93.7255 milliseconds in repetition 144
tcp_ping received 393216 bytes back
Round trip time was 83.5516 milliseconds in repetition 145
tcp_ping received 393216 bytes back
Round trip time was 85.025 milliseconds in repetition 146
tcp_ping received 393216 bytes back
Round trip time was 82.4815 milliseconds in repetition 147
tcp_ping received 393216 bytes back
Round trip time was 91.2857 milliseconds in repetition 148
tcp_ping received 393216 bytes back
Round trip time was 91.8517 milliseconds in repetition 149
tcp_ping received 393216 bytes back
Round trip time was 85.0044 milliseconds in repetition 150
tcp_ping received 393216 bytes back
Round trip time was 94.834 milliseconds in repetition 151
tcp_ping received 393216 bytes back
Round trip time was 89.2897 milliseconds in repetition 152
tcp_ping received 393216 bytes back
Round trip time was 87.9318 milliseconds in repetition 153
tcp_ping received 393216 bytes back
Round trip time was 89.1926 milliseconds in repetition 154
tcp_ping received 393216 bytes back
Round trip time was 83.5182 milliseconds in repetition 155
tcp_ping received 393216 bytes back
Round trip time was 84.2021 milliseconds in repetition 156
tcp_ping received 393216 bytes back
Round trip time was 88.291 milliseconds in repetition 157
tcp_ping received 393216 bytes back
Round trip time was 99.2654 milliseconds in repetition 158
tcp_ping received 393216 bytes back
Round trip time was 88.9651 milliseconds in repetition 159
tcp_ping received 393216 bytes back
Round trip time was 99.2137 milliseconds in repetition 160
tcp_ping received 393216 bytes back
Round trip time was 91.324 milliseconds in repetition 161
tcp_ping received 393216 bytes back
Round trip time was 94.409 milliseconds in repetition 162
tcp_ping received 393216 bytes back
Round trip time was 81.6436 milliseconds in repetition 163
tcp_ping received 393216 bytes back
Round trip time was 91.1852 milliseconds in repetition 164
tcp_ping received 393216 bytes back
Round trip time was 87.2307 milliseconds in repetition 165
tcp_ping received 393216 bytes back
Round trip time was 93.7027 milliseconds in repetition 166
tcp_ping received 393216 bytes back
Round trip time was 85.5385 milliseconds in repetition 167
tcp_ping received 393216 bytes back
Round trip time was 82.7969 milliseconds in repetition 168
tcp_ping received 393216 bytes back
Round trip time was 95.3694 milliseconds in repetition 169
tcp_ping received 393216 bytes back
Round trip time was 80.0287 milliseconds in repetition 170
tcp_ping received 393216 bytes back
Round trip time was 85.9803 milliseconds in repetition 171
tcp_ping received 393216 bytes back
Round trip time was 88.0889 milliseconds in repetition 172
tcp_ping received 393216 bytes back
Round trip time was 90.0715 milliseconds in repetition 173
tcp_ping received 393216 bytes back
Round trip time was 95.3485 milliseconds in repetition 174
tcp_ping received 393216 bytes back
Round trip time was 105.037 milliseconds in repetition 175
tcp_ping received 393216 bytes back
Round trip time was 115.691 milliseconds in repetition 176
tcp_ping received 393216 bytes back
Round trip time was 89.1117 milliseconds in repetition 177
tcp_ping received 393216 bytes back
Round trip time was 88.1811 milliseconds in repetition 178
tcp_ping received 393216 bytes back
Round trip time was 93.3289 milliseconds in repetition 179
tcp_ping received 393216 bytes back
Round trip time was 88.4267 milliseconds in repetition 180
tcp_ping received 393216 bytes back
Round trip time was 91.6967 milliseconds in repetition 181
tcp_ping received 393216 bytes back
Round trip time was 210.105 milliseconds in repetition 182
tcp_ping received 393216 bytes back
Round trip time was 256.611 milliseconds in repetition 183
tcp_ping received 393216 bytes back
Round trip time was 196.618 milliseconds in repetition 184
tcp_ping received 393216 bytes back
Round trip time was 183.362 milliseconds in repetition 185
tcp_ping received 393216 bytes back
Round trip time was 144.321 milliseconds in repetition 186
tcp_ping received 393216 bytes back
Round trip time was 119.512 milliseconds in repetition 187
tcp_ping received 393216 bytes back
Round trip time was 116.27 milliseconds in repetition 188
tcp_ping received 393216 bytes back
Round trip time was 144.703 milliseconds in repetition 189
tcp_ping received 393216 bytes back
Round trip time was 88.6046 milliseconds in repetition 190
tcp_ping received 393216 bytes back
Round trip time was 89.1894 milliseconds in repetition 191
tcp_ping received 393216 bytes back
Round trip time was 87.3392 milliseconds in repetition 192
tcp_ping received 393216 bytes back
Round trip time was 80.886 milliseconds in repetition 193
tcp_ping received 393216 bytes back
Round trip time was 81.3104 milliseconds in repetition 194
tcp_ping received 393216 bytes back
Round trip time was 85.1876 milliseconds in repetition 195
tcp_ping received 393216 bytes back
Round trip time was 90.2931 milliseconds in repetition 196
tcp_ping received 393216 bytes back
Round trip time was 91.7193 milliseconds in repetition 197
tcp_ping received 393216 bytes back
Round trip time was 81.1337 milliseconds in repetition 198
tcp_ping received 393216 bytes back
Round trip time was 89.6064 milliseconds in repetition 199
tcp_ping received 393216 bytes back
Round trip time was 87.7361 milliseconds in repetition 200
tcp_ping received 393216 bytes back
Round trip time was 87.6242 milliseconds in repetition 201
tcp_ping received 393216 bytes back
Round trip time was 82.2701 milliseconds in repetition 202
tcp_ping received 393216 bytes back
Round trip time was 89.1316 milliseconds in repetition 203
tcp_ping received 393216 bytes back
Round trip time was 78.208 milliseconds in repetition 204
tcp_ping received 393216 bytes back
Round trip time was 76.7278 milliseconds in repetition 205
tcp_ping received 393216 bytes back
Round trip time was 94.1805 milliseconds in repetition 206
tcp_ping received 393216 bytes back
Round trip time was 111.92 milliseconds in repetition 207
tcp_ping received 393216 bytes back
Round trip time was 87.6505 milliseconds in repetition 208
tcp_ping received 393216 bytes back
Round trip time was 82.1032 milliseconds in repetition 209
tcp_ping received 393216 bytes back
Round trip time was 89.8336 milliseconds in repetition 210
tcp_ping received 393216 bytes back
Round trip time was 88.6214 milliseconds in repetition 211
tcp_ping received 393216 bytes back
Round trip time was 83.1032 milliseconds in repetition 212
tcp_ping received 393216 bytes back
Round trip time was 88.2131 milliseconds in repetition 213
tcp_ping received 393216 bytes back
Round trip time was 85.0955 milliseconds in repetition 214
tcp_ping received 393216 bytes back
Round trip time was 95.2092 milliseconds in repetition 215
tcp_ping received 393216 bytes back
Round trip time was 83.2388 milliseconds in repetition 216
tcp_ping received 393216 bytes back
Round trip time was 91.519 milliseconds in repetition 217
tcp_ping received 393216 bytes back
Round trip time was 89.9264 milliseconds in repetition 218
tcp_ping received 393216 bytes back
Round trip time was 89.1638 milliseconds in repetition 219
tcp_ping received 393216 bytes back
Round trip time was 97.2289 milliseconds in repetition 220
tcp_ping received 393216 bytes back
Round trip time was 83.2451 milliseconds in repetition 221
tcp_ping received 393216 bytes back
Round trip time was 87.8269 milliseconds in repetition 222
tcp_ping received 393216 bytes back
Round trip time was 83.0878 milliseconds in repetition 223
tcp_ping received 393216 bytes back
Round trip time was 86.9375 milliseconds in repetition 224
tcp_ping received 393216 bytes back
Round trip time was 98.5839 milliseconds in repetition 225
tcp_ping received 393216 bytes back
Round trip time was 87.82 milliseconds in repetition 226
tcp_ping received 393216 bytes back
Round trip time was 80.1231 milliseconds in repetition 227
tcp_ping received 393216 bytes back
Round trip time was 83.9797 milliseconds in repetition 228
tcp_ping received 393216 bytes back
Round trip time was 82.4165 milliseconds in repetition 229
tcp_ping received 393216 bytes back
Round trip time was 79.0407 milliseconds in repetition 230
tcp_ping received 393216 bytes back
Round trip time was 93.3747 milliseconds in repetition 231
tcp_ping received 393216 bytes back
Round trip time was 85.7584 milliseconds in repetition 232
tcp_ping received 393216 bytes back
Round trip time was 78.6393 milliseconds in repetition 233
tcp_ping received 393216 bytes back
Round trip time was 80.2478 milliseconds in repetition 234
tcp_ping received 393216 bytes back
Round trip time was 85.6722 milliseconds in repetition 235
tcp_ping received 393216 bytes back
Round trip time was 86.9786 milliseconds in repetition 236
tcp_ping received 393216 bytes back
Round trip time was 87.9554 milliseconds in repetition 237
tcp_ping received 393216 bytes back
Round trip time was 84.1378 milliseconds in repetition 238
tcp_ping received 393216 bytes back
Round trip time was 103.934 milliseconds in repetition 239
tcp_ping received 393216 bytes back
Round trip time was 84.066 milliseconds in repetition 240
tcp_ping received 393216 bytes back
Round trip time was 89.0586 milliseconds in repetition 241
tcp_ping received 393216 bytes back
Round trip time was 90.2696 milliseconds in repetition 242
tcp_ping received 393216 bytes back
Round trip time was 82.0977 milliseconds in repetition 243
tcp_ping received 393216 bytes back
Round trip time was 90.6593 milliseconds in repetition 244
tcp_ping received 393216 bytes back
Round trip time was 86.6639 milliseconds in repetition 245
tcp_ping received 393216 bytes back
Round trip time was 85.2393 milliseconds in repetition 246
tcp_ping received 393216 bytes back
Round trip time was 81.4218 milliseconds in repetition 247
tcp_ping received 393216 bytes back
Round trip time was 80.1033 milliseconds in repetition 248
tcp_ping received 393216 bytes back
Round trip time was 86.2589 milliseconds in repetition 249
tcp_ping received 393216 bytes back
Round trip time was 85.1054 milliseconds in repetition 250
tcp_ping received 393216 bytes back
Round trip time was 84.0575 milliseconds in repetition 251
tcp_ping received 393216 bytes back
Round trip time was 80.3721 milliseconds in repetition 252
tcp_ping received 393216 bytes back
Round trip time was 81.7019 milliseconds in repetition 253
tcp_ping received 393216 bytes back
Round trip time was 82.8692 milliseconds in repetition 254
tcp_ping received 393216 bytes back
Round trip time was 85.6274 milliseconds in repetition 255
tcp_ping received 393216 bytes back
Round trip time was 87.7966 milliseconds in repetition 256
tcp_ping received 393216 bytes back
Round trip time was 85.0813 milliseconds in repetition 257
tcp_ping received 393216 bytes back
Round trip time was 80.789 milliseconds in repetition 258
tcp_ping received 393216 bytes back
Round trip time was 83.2358 milliseconds in repetition 259
tcp_ping received 393216 bytes back
Round trip time was 78.1606 milliseconds in repetition 260
tcp_ping received 393216 bytes back
Round trip time was 87.2083 milliseconds in repetition 261
tcp_ping received 393216 bytes back
Round trip time was 80.4955 milliseconds in repetition 262
tcp_ping received 393216 bytes back
Round trip time was 79.7081 milliseconds in repetition 263
tcp_ping received 393216 bytes back
Round trip time was 80.0743 milliseconds in repetition 264
tcp_ping received 393216 bytes back
Round trip time was 85.6282 milliseconds in repetition 265
tcp_ping received 393216 bytes back
Round trip time was 85.8027 milliseconds in repetition 266
tcp_ping received 393216 bytes back
Round trip time was 84.9603 milliseconds in repetition 267
tcp_ping received 393216 bytes back
Round trip time was 81.2031 milliseconds in repetition 268
tcp_ping received 393216 bytes back
Round trip time was 83.3433 milliseconds in repetition 269
tcp_ping received 393216 bytes back
Round trip time was 78.0078 milliseconds in repetition 270
tcp_ping received 393216 bytes back
Round trip time was 94.1794 milliseconds in repetition 271
tcp_ping received 393216 bytes back
Round trip time was 98.1055 milliseconds in repetition 272
tcp_ping received 393216 bytes back
Round trip time was 91.8202 milliseconds in repetition 273
tcp_ping received 393216 bytes back
Round trip time was 102.039 milliseconds in repetition 274
tcp_ping received 393216 bytes back
Round trip time was 107.37 milliseconds in repetition 275
tcp_ping received 393216 bytes back
Round trip time was 87.1357 milliseconds in repetition 276
tcp_ping received 393216 bytes back
Round trip time was 87.1268 milliseconds in repetition 277
tcp_ping received 393216 bytes back
Round trip time was 86.6884 milliseconds in repetition 278
tcp_ping received 393216 bytes back
Round trip time was 97.7519 milliseconds in repetition 279
tcp_ping received 393216 bytes back
Round trip time was 103.594 milliseconds in repetition 280
tcp_ping received 393216 bytes back
Round trip time was 83.2595 milliseconds in repetition 281
tcp_ping received 393216 bytes back
Round trip time was 107.015 milliseconds in repetition 282
tcp_ping received 393216 bytes back
Round trip time was 84.886 milliseconds in repetition 283
tcp_ping received 393216 bytes back
Round trip time was 87.406 milliseconds in repetition 284
tcp_ping received 393216 bytes back
Round trip time was 83.3857 milliseconds in repetition 285
tcp_ping received 393216 bytes back
Round trip time was 91.868 milliseconds in repetition 286
tcp_ping received 393216 bytes back
Round trip time was 87.8255 milliseconds in repetition 287
tcp_ping received 393216 bytes back
Round trip time was 94.7792 milliseconds in repetition 288
tcp_ping received 393216 bytes back
Round trip time was 88.2588 milliseconds in repetition 289
tcp_ping received 393216 bytes back
Round trip time was 79.6938 milliseconds in repetition 290
tcp_ping received 393216 bytes back
Round trip time was 82.2054 milliseconds in repetition 291
tcp_ping received 393216 bytes back
Round trip time was 86.0659 milliseconds in repetition 292
tcp_ping received 393216 bytes back
Round trip time was 82.6093 milliseconds in repetition 293
tcp_ping received 393216 bytes back
Round trip time was 80.5763 milliseconds in repetition 294
tcp_ping received 393216 bytes back
Round trip time was 76.0136 milliseconds in repetition 295
tcp_ping received 393216 bytes back
Round trip time was 86.3179 milliseconds in repetition 296
tcp_ping received 393216 bytes back
Round trip time was 84.1982 milliseconds in repetition 297
tcp_ping received 393216 bytes back
Round trip time was 77.4862 milliseconds in repetition 298
tcp_ping received 393216 bytes back
Round trip time was 80.9067 milliseconds in repetition 299
tcp_ping received 393216 bytes back
Round trip time was 85.5016 milliseconds in repetition 300
tcp_ping received 393216 bytes back
Round trip time was 90.4051 milliseconds in repetition 301
tcp_ping received 393216 bytes back
Round trip time was 86.2161 milliseconds in repetition 302
tcp_ping received 393216 bytes back
Round trip time was 81.2359 milliseconds in repetition 303
tcp_ping received 393216 bytes back
Round trip time was 76.9558 milliseconds in repetition 304
tcp_ping received 393216 bytes back
Round trip time was 81.0879 milliseconds in repetition 305
tcp_ping received 393216 bytes back
Round trip time was 77.3631 milliseconds in repetition 306
tcp_ping received 393216 bytes back
Round trip time was 80.5745 milliseconds in repetition 307
tcp_ping received 393216 bytes back
Round trip time was 77.5045 milliseconds in repetition 308
tcp_ping received 393216 bytes back
Round trip time was 91.2009 milliseconds in repetition 309
tcp_ping received 393216 bytes back
Round trip time was 83.4785 milliseconds in repetition 310
tcp_ping received 393216 bytes back
Round trip time was 78.5132 milliseconds in repetition 311
tcp_ping received 393216 bytes back
Round trip time was 87.8103 milliseconds in repetition 312
tcp_ping received 393216 bytes back
Round trip time was 96.6846 milliseconds in repetition 313
tcp_ping received 393216 bytes back
Round trip time was 85.9912 milliseconds in repetition 314
tcp_ping received 393216 bytes back
Round trip time was 87.912 milliseconds in repetition 315
tcp_ping received 393216 bytes back
Round trip time was 86.4086 milliseconds in repetition 316
tcp_ping received 393216 bytes back
Round trip time was 86.508 milliseconds in repetition 317
tcp_ping received 393216 bytes back
Round trip time was 86.227 milliseconds in repetition 318
tcp_ping received 393216 bytes back
Round trip time was 86.6199 milliseconds in repetition 319
tcp_ping received 393216 bytes back
Round trip time was 81.2495 milliseconds in repetition 320
tcp_ping received 393216 bytes back
Round trip time was 85.7886 milliseconds in repetition 321
tcp_ping received 393216 bytes back
Round trip time was 93.5789 milliseconds in repetition 322
tcp_ping received 393216 bytes back
Round trip time was 95.8377 milliseconds in repetition 323
tcp_ping received 393216 bytes back
Round trip time was 155.051 milliseconds in repetition 324
tcp_ping received 393216 bytes back
Round trip time was 109.087 milliseconds in repetition 325
tcp_ping received 393216 bytes back
Round trip time was 91.4798 milliseconds in repetition 326
tcp_ping received 393216 bytes back
Round trip time was 96.459 milliseconds in repetition 327
tcp_ping received 393216 bytes back
Round trip time was 85.7323 milliseconds in repetition 328
tcp_ping received 393216 bytes back
Round trip time was 91.337 milliseconds in repetition 329
tcp_ping received 393216 bytes back
Round trip time was 94.1193 milliseconds in repetition 330
tcp_ping received 393216 bytes back
Round trip time was 85.0801 milliseconds in repetition 331
tcp_ping received 393216 bytes back
Round trip time was 88.1832 milliseconds in repetition 332
tcp_ping received 393216 bytes back
Round trip time was 119.637 milliseconds in repetition 333
tcp_ping received 393216 bytes back
Round trip time was 106.889 milliseconds in repetition 334
tcp_ping received 393216 bytes back
Round trip time was 96.4873 milliseconds in repetition 335
tcp_ping received 393216 bytes back
Round trip time was 90.9723 milliseconds in repetition 336
tcp_ping received 393216 bytes back
Round trip time was 94.2447 milliseconds in repetition 337
tcp_ping received 393216 bytes back
Round trip time was 88.187 milliseconds in repetition 338
tcp_ping received 393216 bytes back
Round trip time was 84.3419 milliseconds in repetition 339
tcp_ping received 393216 bytes back
Round trip time was 83.2598 milliseconds in repetition 340
tcp_ping received 393216 bytes back
Round trip time was 75.9152 milliseconds in repetition 341
tcp_ping received 393216 bytes back
Round trip time was 78.6498 milliseconds in repetition 342
tcp_ping received 393216 bytes back
Round trip time was 90.6992 milliseconds in repetition 343
tcp_ping received 393216 bytes back
Round trip time was 80.8741 milliseconds in repetition 344
tcp_ping received 393216 bytes back
Round trip time was 81.692 milliseconds in repetition 345
tcp_ping received 393216 bytes back
Round trip time was 85.7438 milliseconds in repetition 346
tcp_ping received 393216 bytes back
Round trip time was 78.295 milliseconds in repetition 347
tcp_ping received 393216 bytes back
Round trip time was 78.4216 milliseconds in repetition 348
tcp_ping received 393216 bytes back
Round trip time was 82.2764 milliseconds in repetition 349
tcp_ping received 393216 bytes back
Round trip time was 90.1272 milliseconds in repetition 350
tcp_ping received 393216 bytes back
Round trip time was 78.2244 milliseconds in repetition 351
tcp_ping received 393216 bytes back
Round trip time was 80.604 milliseconds in repetition 352
tcp_ping received 393216 bytes back
Round trip time was 81.8877 milliseconds in repetition 353
tcp_ping received 393216 bytes back
Round trip time was 80.0536 milliseconds in repetition 354
tcp_ping received 393216 bytes back
Round trip time was 80.2623 milliseconds in repetition 355
tcp_ping received 393216 bytes back
Round trip time was 77.3568 milliseconds in repetition 356
tcp_ping received 393216 bytes back
Round trip time was 77.813 milliseconds in repetition 357
tcp_ping received 393216 bytes back
Round trip time was 84.334 milliseconds in repetition 358
tcp_ping received 393216 bytes back
Round trip time was 80.682 milliseconds in repetition 359
tcp_ping received 393216 bytes back
Round trip time was 85.937 milliseconds in repetition 360
tcp_ping received 393216 bytes back
Round trip time was 84.3987 milliseconds in repetition 361
tcp_ping received 393216 bytes back
Round trip time was 77.985 milliseconds in repetition 362
tcp_ping received 393216 bytes back
Round trip time was 82.9836 milliseconds in repetition 363
tcp_ping received 393216 bytes back
Round trip time was 81.0564 milliseconds in repetition 364
tcp_ping received 393216 bytes back
Round trip time was 80.9801 milliseconds in repetition 365
tcp_ping received 393216 bytes back
Round trip time was 80.532 milliseconds in repetition 366
tcp_ping received 393216 bytes back
Round trip time was 87.2695 milliseconds in repetition 367
tcp_ping received 393216 bytes back
Round trip time was 89.7362 milliseconds in repetition 368
tcp_ping received 393216 bytes back
Round trip time was 86.9322 milliseconds in repetition 369
tcp_ping received 393216 bytes back
Round trip time was 92.1177 milliseconds in repetition 370
tcp_ping received 393216 bytes back
Round trip time was 81.2691 milliseconds in repetition 371
tcp_ping received 393216 bytes back
Round trip time was 214.289 milliseconds in repetition 372
tcp_ping received 393216 bytes back
Round trip time was 200.315 milliseconds in repetition 373
tcp_ping received 393216 bytes back
Round trip time was 237.411 milliseconds in repetition 374
tcp_ping received 393216 bytes back
Round trip time was 144.653 milliseconds in repetition 375
tcp_ping received 393216 bytes back
Round trip time was 76.0511 milliseconds in repetition 376
tcp_ping received 393216 bytes back
Round trip time was 203.857 milliseconds in repetition 377
tcp_ping received 393216 bytes back
Round trip time was 210.358 milliseconds in repetition 378
tcp_ping received 393216 bytes back
Round trip time was 257.641 milliseconds in repetition 379
tcp_ping received 393216 bytes back
Round trip time was 112.457 milliseconds in repetition 380
tcp_ping received 393216 bytes back
Round trip time was 140.883 milliseconds in repetition 381
tcp_ping received 393216 bytes back
Round trip time was 92.4475 milliseconds in repetition 382
tcp_ping received 393216 bytes back
Round trip time was 140.426 milliseconds in repetition 383
tcp_ping received 393216 bytes back
Round trip time was 111.299 milliseconds in repetition 384
tcp_ping received 393216 bytes back
Round trip time was 89.6582 milliseconds in repetition 385
tcp_ping received 393216 bytes back
Round trip time was 84.5701 milliseconds in repetition 386
tcp_ping received 393216 bytes back
Round trip time was 89.784 milliseconds in repetition 387
tcp_ping received 393216 bytes back
Round trip time was 83.4951 milliseconds in repetition 388
tcp_ping received 393216 bytes back
Round trip time was 93.7382 milliseconds in repetition 389
tcp_ping received 393216 bytes back
Round trip time was 86.502 milliseconds in repetition 390
tcp_ping received 393216 bytes back
Round trip time was 88.4301 milliseconds in repetition 391
tcp_ping received 393216 bytes back
Round trip time was 92.9539 milliseconds in repetition 392
tcp_ping received 393216 bytes back
Round trip time was 85.7052 milliseconds in repetition 393
tcp_ping received 393216 bytes back
Round trip time was 88.4339 milliseconds in repetition 394
tcp_ping received 393216 bytes back
Round trip time was 88.8364 milliseconds in repetition 395
tcp_ping received 393216 bytes back
Round trip time was 81.105 milliseconds in repetition 396
tcp_ping received 393216 bytes back
Round trip time was 82.9769 milliseconds in repetition 397
tcp_ping received 393216 bytes back
Round trip time was 84.185 milliseconds in repetition 398
tcp_ping received 393216 bytes back
Round trip time was 94.8754 milliseconds in repetition 399
tcp_ping received 393216 bytes back
Round trip time was 80.8762 milliseconds in repetition 400
tcp_ping received 393216 bytes back
Round trip time was 87.0892 milliseconds in repetition 401
tcp_ping received 393216 bytes back
Round trip time was 84.3056 milliseconds in repetition 402
tcp_ping received 393216 bytes back
Round trip time was 81.5553 milliseconds in repetition 403
tcp_ping received 393216 bytes back
Round trip time was 82.0237 milliseconds in repetition 404
tcp_ping received 393216 bytes back
Round trip time was 78.8167 milliseconds in repetition 405
tcp_ping received 393216 bytes back
Round trip time was 86.3717 milliseconds in repetition 406
tcp_ping received 393216 bytes back
Round trip time was 89.2128 milliseconds in repetition 407
tcp_ping received 393216 bytes back
Round trip time was 79.2421 milliseconds in repetition 408
tcp_ping received 393216 bytes back
Round trip time was 82.0158 milliseconds in repetition 409
tcp_ping received 393216 bytes back
Round trip time was 77.992 milliseconds in repetition 410
tcp_ping received 393216 bytes back
Round trip time was 83.7912 milliseconds in repetition 411
tcp_ping received 393216 bytes back
Round trip time was 82.2906 milliseconds in repetition 412
tcp_ping received 393216 bytes back
Round trip time was 86.3804 milliseconds in repetition 413
tcp_ping received 393216 bytes back
Round trip time was 82.8432 milliseconds in repetition 414
tcp_ping received 393216 bytes back
Round trip time was 84.6974 milliseconds in repetition 415
tcp_ping received 393216 bytes back
Round trip time was 127.052 milliseconds in repetition 416
tcp_ping received 393216 bytes back
Round trip time was 79.2161 milliseconds in repetition 417
tcp_ping received 393216 bytes back
Round trip time was 78.9531 milliseconds in repetition 418
tcp_ping received 393216 bytes back
Round trip time was 82.85 milliseconds in repetition 419
tcp_ping received 393216 bytes back
Round trip time was 84.2305 milliseconds in repetition 420
tcp_ping received 393216 bytes back
Round trip time was 77.8869 milliseconds in repetition 421
tcp_ping received 393216 bytes back
Round trip time was 84.9246 milliseconds in repetition 422
tcp_ping received 393216 bytes back
Round trip time was 80.2694 milliseconds in repetition 423
tcp_ping received 393216 bytes back
Round trip time was 87.2253 milliseconds in repetition 424
tcp_ping received 393216 bytes back
Round trip time was 95.1309 milliseconds in repetition 425
tcp_ping received 393216 bytes back
Round trip time was 83.9635 milliseconds in repetition 426
tcp_ping received 393216 bytes back
Round trip time was 81.1685 milliseconds in repetition 427
tcp_ping received 393216 bytes back
Round trip time was 78.6594 milliseconds in repetition 428
tcp_ping received 393216 bytes back
Round trip time was 91.7775 milliseconds in repetition 429
tcp_ping received 393216 bytes back
Round trip time was 94.0132 milliseconds in repetition 430
tcp_ping received 393216 bytes back
Round trip time was 91.3658 milliseconds in repetition 431
tcp_ping received 393216 bytes back
Round trip time was 89.2865 milliseconds in repetition 432
tcp_ping received 393216 bytes back
Round trip time was 93.1121 milliseconds in repetition 433
tcp_ping received 393216 bytes back
Round trip time was 88.1591 milliseconds in repetition 434
tcp_ping received 393216 bytes back
Round trip time was 82.0136 milliseconds in repetition 435
tcp_ping received 393216 bytes back
Round trip time was 84.4692 milliseconds in repetition 436
tcp_ping received 393216 bytes back
Round trip time was 84.0208 milliseconds in repetition 437
tcp_ping received 393216 bytes back
Round trip time was 90.4928 milliseconds in repetition 438
tcp_ping received 393216 bytes back
Round trip time was 93.5557 milliseconds in repetition 439
tcp_ping received 393216 bytes back
Round trip time was 88.8981 milliseconds in repetition 440
tcp_ping received 393216 bytes back
Round trip time was 83.3226 milliseconds in repetition 441
tcp_ping received 393216 bytes back
Round trip time was 87.6096 milliseconds in repetition 442
tcp_ping received 393216 bytes back
Round trip time was 86.5663 milliseconds in repetition 443
tcp_ping received 393216 bytes back
Round trip time was 87.8524 milliseconds in repetition 444
tcp_ping received 393216 bytes back
Round trip time was 86.5901 milliseconds in repetition 445
tcp_ping received 393216 bytes back
Round trip time was 84.7158 milliseconds in repetition 446
tcp_ping received 393216 bytes back
Round trip time was 84.2357 milliseconds in repetition 447
tcp_ping received 393216 bytes back
Round trip time was 88.9133 milliseconds in repetition 448
tcp_ping received 393216 bytes back
Round trip time was 82.4753 milliseconds in repetition 449
tcp_ping received 393216 bytes back
Round trip time was 95.6767 milliseconds in repetition 450
tcp_ping received 393216 bytes back
Round trip time was 83.2195 milliseconds in repetition 451
tcp_ping received 393216 bytes back
Round trip time was 89.9698 milliseconds in repetition 452
tcp_ping received 393216 bytes back
Round trip time was 94.189 milliseconds in repetition 453
tcp_ping received 393216 bytes back
Round trip time was 85.6945 milliseconds in repetition 454
tcp_ping received 393216 bytes back
Round trip time was 91.2949 milliseconds in repetition 455
tcp_ping received 393216 bytes back
Round trip time was 86.9196 milliseconds in repetition 456
tcp_ping received 393216 bytes back
Round trip time was 85.5848 milliseconds in repetition 457
tcp_ping received 393216 bytes back
Round trip time was 83.7405 milliseconds in repetition 458
tcp_ping received 393216 bytes back
Round trip time was 92.2269 milliseconds in repetition 459
tcp_ping received 393216 bytes back
Round trip time was 89.2199 milliseconds in repetition 460
tcp_ping received 393216 bytes back
Round trip time was 95.5704 milliseconds in repetition 461
tcp_ping received 393216 bytes back
Round trip time was 87.414 milliseconds in repetition 462
tcp_ping received 393216 bytes back
Round trip time was 90.1007 milliseconds in repetition 463
tcp_ping received 393216 bytes back
Round trip time was 88.1466 milliseconds in repetition 464
tcp_ping received 393216 bytes back
Round trip time was 86.5658 milliseconds in repetition 465
tcp_ping received 393216 bytes back
Round trip time was 86.9176 milliseconds in repetition 466
tcp_ping received 393216 bytes back
Round trip time was 94.6731 milliseconds in repetition 467
tcp_ping received 393216 bytes back
Round trip time was 115.282 milliseconds in repetition 468
tcp_ping received 393216 bytes back
Round trip time was 123.585 milliseconds in repetition 469
tcp_ping received 393216 bytes back
Round trip time was 79.3185 milliseconds in repetition 470
tcp_ping received 393216 bytes back
Round trip time was 87.8908 milliseconds in repetition 471
tcp_ping received 393216 bytes back
Round trip time was 90.1293 milliseconds in repetition 472
tcp_ping received 393216 bytes back
Round trip time was 87.0359 milliseconds in repetition 473
tcp_ping received 393216 bytes back
Round trip time was 93.3626 milliseconds in repetition 474
tcp_ping received 393216 bytes back
Round trip time was 90.4601 milliseconds in repetition 475
tcp_ping received 393216 bytes back
Round trip time was 92.6614 milliseconds in repetition 476
tcp_ping received 393216 bytes back
Round trip time was 83.9664 milliseconds in repetition 477
tcp_ping received 393216 bytes back
Round trip time was 90.4951 milliseconds in repetition 478
tcp_ping received 393216 bytes back
Round trip time was 88.2151 milliseconds in repetition 479
tcp_ping received 393216 bytes back
Round trip time was 90.2792 milliseconds in repetition 480
tcp_ping received 393216 bytes back
Round trip time was 80.9142 milliseconds in repetition 481
tcp_ping received 393216 bytes back
Round trip time was 89.0122 milliseconds in repetition 482
tcp_ping received 393216 bytes back
Round trip time was 89.7521 milliseconds in repetition 483
tcp_ping received 393216 bytes back
Round trip time was 88.4651 milliseconds in repetition 484
tcp_ping received 393216 bytes back
Round trip time was 95.9362 milliseconds in repetition 485
tcp_ping received 393216 bytes back
Round trip time was 84.6747 milliseconds in repetition 486
tcp_ping received 393216 bytes back
Round trip time was 91.9036 milliseconds in repetition 487
tcp_ping received 393216 bytes back
Round trip time was 91.6478 milliseconds in repetition 488
tcp_ping received 393216 bytes back
Round trip time was 83.5231 milliseconds in repetition 489
tcp_ping received 393216 bytes back
Round trip time was 89.9228 milliseconds in repetition 490
tcp_ping received 393216 bytes back
Round trip time was 86.5617 milliseconds in repetition 491
tcp_ping received 393216 bytes back
Round trip time was 91.7999 milliseconds in repetition 492
tcp_ping received 393216 bytes back
Round trip time was 86.5703 milliseconds in repetition 493
tcp_ping received 393216 bytes back
Round trip time was 102.509 milliseconds in repetition 494
tcp_ping received 393216 bytes back
Round trip time was 91.934 milliseconds in repetition 495
tcp_ping received 393216 bytes back
Round trip time was 96.5444 milliseconds in repetition 496
tcp_ping received 393216 bytes back
Round trip time was 89.9646 milliseconds in repetition 497
tcp_ping received 393216 bytes back
Round trip time was 85.0572 milliseconds in repetition 498
tcp_ping received 393216 bytes back
Round trip time was 85.6402 milliseconds in repetition 499
tcp_ping received 393216 bytes back
Round trip time was 85.468 milliseconds in repetition 500
tcp_ping received 393216 bytes back
Round trip time was 93.6687 milliseconds in repetition 501

 ... clock resolution was 1e-06
TCP Ping:  Statistics over 501 repetitions of 393216 byte messages

RTT : percentile 10: 80.1903, median: 86.9455, percentile 90: 100.274, average: 92.7786, variance: 646.497

RTT histogram:
75.9152 65
85.5727 289
95.2302 96
104.888 12
114.545 10
124.203 6
133.86 0
143.518 6
153.175 2
162.833 1
172.491 0
182.148 1
191.806 1
201.463 3
211.121 3
220.778 0
230.436 0
240.093 1
249.751 1
259.408 3
269.066 1

   median Throughput : 9045.11 KB/s   overall Throughput : 8476.44 KB/s

