UDP Ping trying to connect to server seti.dibris.unige.it (130.251.61.30) on TCP port 1491
 ... connected to Pong server: asking for 501 repetitions of 768 _bytes UDP messages
 ... Pong server agreed to ping-pong using port 51581 :-)
Round trip time was 32.209 milliseconds in repetition 1
Round trip time was 19.354 milliseconds in repetition 2
Round trip time was 27.915 milliseconds in repetition 3
Round trip time was 19.470 milliseconds in repetition 4
Round trip time was 27.424 milliseconds in repetition 5
Round trip time was 17.973 milliseconds in repetition 6
Round trip time was 19.469 milliseconds in repetition 7
Round trip time was 18.104 milliseconds in repetition 8
Round trip time was 20.586 milliseconds in repetition 9
Round trip time was 18.426 milliseconds in repetition 10
Round trip time was 20.992 milliseconds in repetition 11
Round trip time was 26.903 milliseconds in repetition 12
Round trip time was 20.657 milliseconds in repetition 13
Round trip time was 19.560 milliseconds in repetition 14
Round trip time was 18.673 milliseconds in repetition 15
Round trip time was 20.293 milliseconds in repetition 16
Round trip time was 18.698 milliseconds in repetition 17
Round trip time was 19.357 milliseconds in repetition 18
Round trip time was 18.251 milliseconds in repetition 19
Round trip time was 18.005 milliseconds in repetition 20
Round trip time was 20.962 milliseconds in repetition 21
Round trip time was 17.895 milliseconds in repetition 22
Round trip time was 18.689 milliseconds in repetition 23
Round trip time was 18.362 milliseconds in repetition 24
Round trip time was 19.598 milliseconds in repetition 25
Round trip time was 18.868 milliseconds in repetition 26
Round trip time was 27.166 milliseconds in repetition 27
Round trip time was 18.041 milliseconds in repetition 28
Round trip time was 17.541 milliseconds in repetition 29
Round trip time was 18.137 milliseconds in repetition 30
Round trip time was 18.198 milliseconds in repetition 31
Round trip time was 18.287 milliseconds in repetition 32
Round trip time was 18.522 milliseconds in repetition 33
Round trip time was 18.189 milliseconds in repetition 34
Round trip time was 18.132 milliseconds in repetition 35
Round trip time was 18.490 milliseconds in repetition 36
Round trip time was 18.540 milliseconds in repetition 37
Round trip time was 25.490 milliseconds in repetition 38
Round trip time was 20.508 milliseconds in repetition 39
Round trip time was 22.401 milliseconds in repetition 40
Round trip time was 18.827 milliseconds in repetition 41
Round trip time was 17.942 milliseconds in repetition 42
Round trip time was 18.505 milliseconds in repetition 43
Round trip time was 18.354 milliseconds in repetition 44
Round trip time was 17.553 milliseconds in repetition 45
Round trip time was 17.632 milliseconds in repetition 46
Round trip time was 19.000 milliseconds in repetition 47
Round trip time was 18.292 milliseconds in repetition 48
Round trip time was 18.438 milliseconds in repetition 49
Round trip time was 19.193 milliseconds in repetition 50
Round trip time was 21.070 milliseconds in repetition 51
Round trip time was 17.328 milliseconds in repetition 52
Round trip time was 17.524 milliseconds in repetition 53
Round trip time was 18.332 milliseconds in repetition 54
Round trip time was 18.180 milliseconds in repetition 55
Round trip time was 18.217 milliseconds in repetition 56
Round trip time was 18.219 milliseconds in repetition 57
Round trip time was 19.573 milliseconds in repetition 58
Round trip time was 17.938 milliseconds in repetition 59
Round trip time was 26.438 milliseconds in repetition 60
Round trip time was 19.331 milliseconds in repetition 61
Round trip time was 20.031 milliseconds in repetition 62
Round trip time was 18.113 milliseconds in repetition 63
Round trip time was 18.599 milliseconds in repetition 64
Round trip time was 18.134 milliseconds in repetition 65
Round trip time was 18.177 milliseconds in repetition 66
Round trip time was 19.586 milliseconds in repetition 67
Round trip time was 17.428 milliseconds in repetition 68
Round trip time was 19.471 milliseconds in repetition 69
Round trip time was 18.430 milliseconds in repetition 70
Round trip time was 17.962 milliseconds in repetition 71
Round trip time was 18.757 milliseconds in repetition 72
Round trip time was 19.311 milliseconds in repetition 73
Round trip time was 17.587 milliseconds in repetition 74
Round trip time was 17.834 milliseconds in repetition 75
Round trip time was 18.289 milliseconds in repetition 76
Round trip time was 18.756 milliseconds in repetition 77
Round trip time was 17.261 milliseconds in repetition 78
Round trip time was 18.153 milliseconds in repetition 79
Round trip time was 17.580 milliseconds in repetition 80
Round trip time was 26.985 milliseconds in repetition 81
Round trip time was 18.091 milliseconds in repetition 82
Round trip time was 19.717 milliseconds in repetition 83
Round trip time was 19.141 milliseconds in repetition 84
Round trip time was 18.326 milliseconds in repetition 85
Round trip time was 24.595 milliseconds in repetition 86
Round trip time was 17.493 milliseconds in repetition 87
Round trip time was 22.348 milliseconds in repetition 88
Round trip time was 18.904 milliseconds in repetition 89
Round trip time was 18.564 milliseconds in repetition 90
Round trip time was 18.361 milliseconds in repetition 91
Round trip time was 18.121 milliseconds in repetition 92
Round trip time was 17.089 milliseconds in repetition 93
Round trip time was 22.981 milliseconds in repetition 94
Round trip time was 17.534 milliseconds in repetition 95
Round trip time was 21.240 milliseconds in repetition 96
Round trip time was 29.572 milliseconds in repetition 97
Round trip time was 31.704 milliseconds in repetition 98
Round trip time was 18.185 milliseconds in repetition 99
Round trip time was 19.201 milliseconds in repetition 100
Round trip time was 17.668 milliseconds in repetition 101
Round trip time was 18.315 milliseconds in repetition 102
Round trip time was 18.470 milliseconds in repetition 103
Round trip time was 18.500 milliseconds in repetition 104
Round trip time was 18.406 milliseconds in repetition 105
Round trip time was 18.098 milliseconds in repetition 106
Round trip time was 17.566 milliseconds in repetition 107
Round trip time was 18.205 milliseconds in repetition 108
Round trip time was 18.975 milliseconds in repetition 109
Round trip time was 18.383 milliseconds in repetition 110
Round trip time was 29.664 milliseconds in repetition 111
Round trip time was 24.518 milliseconds in repetition 112
Round trip time was 19.098 milliseconds in repetition 113
Round trip time was 17.620 milliseconds in repetition 114
Round trip time was 17.572 milliseconds in repetition 115
Round trip time was 17.279 milliseconds in repetition 116
Round trip time was 17.584 milliseconds in repetition 117
Round trip time was 18.314 milliseconds in repetition 118
Round trip time was 17.911 milliseconds in repetition 119
Round trip time was 18.472 milliseconds in repetition 120
Round trip time was 18.453 milliseconds in repetition 121
Round trip time was 18.394 milliseconds in repetition 122
Round trip time was 19.563 milliseconds in repetition 123
Round trip time was 17.600 milliseconds in repetition 124
Round trip time was 18.034 milliseconds in repetition 125
Round trip time was 17.322 milliseconds in repetition 126
Round trip time was 17.008 milliseconds in repetition 127
Round trip time was 18.435 milliseconds in repetition 128
Round trip time was 19.007 milliseconds in repetition 129
Round trip time was 23.071 milliseconds in repetition 130
Round trip time was 18.571 milliseconds in repetition 131
Round trip time was 17.809 milliseconds in repetition 132
Round trip time was 29.575 milliseconds in repetition 133
Round trip time was 26.645 milliseconds in repetition 134
Round trip time was 18.491 milliseconds in repetition 135
Round trip time was 17.361 milliseconds in repetition 136
Round trip time was 18.730 milliseconds in repetition 137
Round trip time was 18.064 milliseconds in repetition 138
Round trip time was 19.592 milliseconds in repetition 139
Round trip time was 19.222 milliseconds in repetition 140
Round trip time was 21.154 milliseconds in repetition 141
Round trip time was 18.424 milliseconds in repetition 142
Round trip time was 18.410 milliseconds in repetition 143
Round trip time was 20.282 milliseconds in repetition 144
Round trip time was 17.950 milliseconds in repetition 145
Round trip time was 18.462 milliseconds in repetition 146
Round trip time was 18.672 milliseconds in repetition 147
Round trip time was 18.826 milliseconds in repetition 148
Round trip time was 18.200 milliseconds in repetition 149
Round trip time was 19.130 milliseconds in repetition 150
Round trip time was 18.325 milliseconds in repetition 151
Round trip time was 19.751 milliseconds in repetition 152
Round trip time was 19.143 milliseconds in repetition 153
Round trip time was 21.229 milliseconds in repetition 154
Round trip time was 17.373 milliseconds in repetition 155
Round trip time was 18.416 milliseconds in repetition 156
Round trip time was 19.432 milliseconds in repetition 157
Round trip time was 17.391 milliseconds in repetition 158
Round trip time was 18.262 milliseconds in repetition 159
Round trip time was 18.351 milliseconds in repetition 160
Round trip time was 18.315 milliseconds in repetition 161
Round trip time was 17.239 milliseconds in repetition 162
Round trip time was 18.368 milliseconds in repetition 163
Round trip time was 17.077 milliseconds in repetition 164
Round trip time was 18.219 milliseconds in repetition 165
Round trip time was 25.704 milliseconds in repetition 166
Round trip time was 19.206 milliseconds in repetition 167
Round trip time was 17.683 milliseconds in repetition 168
Round trip time was 17.670 milliseconds in repetition 169
Round trip time was 17.415 milliseconds in repetition 170
Round trip time was 24.852 milliseconds in repetition 171
Round trip time was 18.311 milliseconds in repetition 172
Round trip time was 18.200 milliseconds in repetition 173
Round trip time was 19.348 milliseconds in repetition 174
Round trip time was 19.568 milliseconds in repetition 175
Round trip time was 17.809 milliseconds in repetition 176
Round trip time was 19.183 milliseconds in repetition 177
Round trip time was 23.800 milliseconds in repetition 178
Round trip time was 18.584 milliseconds in repetition 179
Round trip time was 17.794 milliseconds in repetition 180
Round trip time was 19.569 milliseconds in repetition 181
Round trip time was 31.258 milliseconds in repetition 182
Round trip time was 23.098 milliseconds in repetition 183
Round trip time was 20.614 milliseconds in repetition 184
Round trip time was 17.780 milliseconds in repetition 185
Round trip time was 18.591 milliseconds in repetition 186
Round trip time was 18.427 milliseconds in repetition 187
Round trip time was 17.431 milliseconds in repetition 188
Round trip time was 20.770 milliseconds in repetition 189
Round trip time was 20.680 milliseconds in repetition 190
Round trip time was 20.540 milliseconds in repetition 191
Round trip time was 17.370 milliseconds in repetition 192
Round trip time was 22.547 milliseconds in repetition 193
Round trip time was 19.698 milliseconds in repetition 194
Round trip time was 19.615 milliseconds in repetition 195
Round trip time was 19.618 milliseconds in repetition 196
Round trip time was 25.758 milliseconds in repetition 197
Round trip time was 18.838 milliseconds in repetition 198
Round trip time was 18.984 milliseconds in repetition 199
Round trip time was 19.906 milliseconds in repetition 200
Round trip time was 18.150 milliseconds in repetition 201
Round trip time was 17.568 milliseconds in repetition 202
Round trip time was 18.213 milliseconds in repetition 203
Round trip time was 18.838 milliseconds in repetition 204
Round trip time was 28.662 milliseconds in repetition 205
Round trip time was 18.127 milliseconds in repetition 206
Round trip time was 25.082 milliseconds in repetition 207
Round trip time was 18.971 milliseconds in repetition 208
Round trip time was 18.772 milliseconds in repetition 209
Round trip time was 19.071 milliseconds in repetition 210
Round trip time was 19.011 milliseconds in repetition 211
Round trip time was 17.460 milliseconds in repetition 212
Round trip time was 19.568 milliseconds in repetition 213
Round trip time was 18.392 milliseconds in repetition 214
Round trip time was 18.728 milliseconds in repetition 215
Round trip time was 21.194 milliseconds in repetition 216
Round trip time was 17.764 milliseconds in repetition 217
Round trip time was 19.289 milliseconds in repetition 218
Round trip time was 18.192 milliseconds in repetition 219
Round trip time was 17.547 milliseconds in repetition 220
Round trip time was 17.335 milliseconds in repetition 221
Round trip time was 18.655 milliseconds in repetition 222
Round trip time was 17.904 milliseconds in repetition 223
Round trip time was 17.616 milliseconds in repetition 224
Round trip time was 19.228 milliseconds in repetition 225
Round trip time was 17.463 milliseconds in repetition 226
Round trip time was 18.931 milliseconds in repetition 227
Round trip time was 18.472 milliseconds in repetition 228
Round trip time was 18.210 milliseconds in repetition 229
Round trip time was 18.676 milliseconds in repetition 230
Round trip time was 19.371 milliseconds in repetition 231
Round trip time was 17.313 milliseconds in repetition 232
Round trip time was 17.471 milliseconds in repetition 233
Round trip time was 23.663 milliseconds in repetition 234
Round trip time was 18.240 milliseconds in repetition 235
Round trip time was 18.517 milliseconds in repetition 236
Round trip time was 22.894 milliseconds in repetition 237
Round trip time was 17.262 milliseconds in repetition 238
Round trip time was 20.766 milliseconds in repetition 239
Round trip time was 18.461 milliseconds in repetition 240
Round trip time was 18.414 milliseconds in repetition 241
Round trip time was 18.150 milliseconds in repetition 242
Round trip time was 18.168 milliseconds in repetition 243
Round trip time was 19.354 milliseconds in repetition 244
Round trip time was 18.588 milliseconds in repetition 245
Round trip time was 18.744 milliseconds in repetition 246
Round trip time was 19.896 milliseconds in repetition 247
Round trip time was 20.136 milliseconds in repetition 248
Round trip time was 19.988 milliseconds in repetition 249
Round trip time was 19.367 milliseconds in repetition 250
Round trip time was 27.237 milliseconds in repetition 251
Round trip time was 18.022 milliseconds in repetition 252
Round trip time was 17.428 milliseconds in repetition 253
Round trip time was 17.445 milliseconds in repetition 254
Round trip time was 19.376 milliseconds in repetition 255
Round trip time was 18.038 milliseconds in repetition 256
Round trip time was 18.161 milliseconds in repetition 257
Round trip time was 18.273 milliseconds in repetition 258
Round trip time was 18.490 milliseconds in repetition 259
Round trip time was 18.404 milliseconds in repetition 260
Round trip time was 31.886 milliseconds in repetition 261
Round trip time was 17.760 milliseconds in repetition 262
Round trip time was 22.813 milliseconds in repetition 263
Round trip time was 18.019 milliseconds in repetition 264
Round trip time was 17.971 milliseconds in repetition 265
Round trip time was 19.059 milliseconds in repetition 266
Round trip time was 19.559 milliseconds in repetition 267
Round trip time was 18.126 milliseconds in repetition 268
Round trip time was 20.089 milliseconds in repetition 269
Round trip time was 17.640 milliseconds in repetition 270
Round trip time was 17.913 milliseconds in repetition 271
Round trip time was 18.385 milliseconds in repetition 272
Round trip time was 18.029 milliseconds in repetition 273
Round trip time was 17.242 milliseconds in repetition 274
Round trip time was 18.627 milliseconds in repetition 275
Round trip time was 17.439 milliseconds in repetition 276
Round trip time was 17.421 milliseconds in repetition 277
Round trip time was 19.501 milliseconds in repetition 278
Round trip time was 17.910 milliseconds in repetition 279
Round trip time was 19.723 milliseconds in repetition 280
Round trip time was 18.010 milliseconds in repetition 281
Round trip time was 18.784 milliseconds in repetition 282
Round trip time was 17.692 milliseconds in repetition 283
Round trip time was 18.550 milliseconds in repetition 284
Round trip time was 18.123 milliseconds in repetition 285
Round trip time was 18.313 milliseconds in repetition 286
Round trip time was 18.666 milliseconds in repetition 287
Round trip time was 19.146 milliseconds in repetition 288
Round trip time was 19.641 milliseconds in repetition 289
Round trip time was 19.112 milliseconds in repetition 290
Round trip time was 24.551 milliseconds in repetition 291
Round trip time was 18.092 milliseconds in repetition 292
Round trip time was 18.406 milliseconds in repetition 293
Round trip time was 20.023 milliseconds in repetition 294
Round trip time was 18.847 milliseconds in repetition 295
Round trip time was 19.412 milliseconds in repetition 296
Round trip time was 19.311 milliseconds in repetition 297
Round trip time was 18.248 milliseconds in repetition 298
Round trip time was 23.174 milliseconds in repetition 299
Round trip time was 17.966 milliseconds in repetition 300
Round trip time was 21.247 milliseconds in repetition 301
Round trip time was 18.524 milliseconds in repetition 302
Round trip time was 18.447 milliseconds in repetition 303
Round trip time was 18.855 milliseconds in repetition 304
Round trip time was 18.829 milliseconds in repetition 305
Round trip time was 17.507 milliseconds in repetition 306
Round trip time was 17.906 milliseconds in repetition 307
Round trip time was 28.473 milliseconds in repetition 308
Round trip time was 19.870 milliseconds in repetition 309
Round trip time was 18.576 milliseconds in repetition 310
Round trip time was 19.626 milliseconds in repetition 311
Round trip time was 18.323 milliseconds in repetition 312
Round trip time was 17.496 milliseconds in repetition 313
Round trip time was 18.325 milliseconds in repetition 314
Round trip time was 18.526 milliseconds in repetition 315
Round trip time was 21.183 milliseconds in repetition 316
Round trip time was 19.045 milliseconds in repetition 317
Round trip time was 18.379 milliseconds in repetition 318
Round trip time was 19.716 milliseconds in repetition 319
Round trip time was 17.898 milliseconds in repetition 320
Round trip time was 17.294 milliseconds in repetition 321
Round trip time was 26.242 milliseconds in repetition 322
Round trip time was 20.088 milliseconds in repetition 323
Round trip time was 25.160 milliseconds in repetition 324
Round trip time was 18.194 milliseconds in repetition 325
Round trip time was 18.512 milliseconds in repetition 326
Round trip time was 17.443 milliseconds in repetition 327
Round trip time was 19.425 milliseconds in repetition 328
Round trip time was 20.522 milliseconds in repetition 329
Round trip time was 22.623 milliseconds in repetition 330
Round trip time was 19.502 milliseconds in repetition 331
Round trip time was 20.020 milliseconds in repetition 332
Round trip time was 20.704 milliseconds in repetition 333
Round trip time was 18.545 milliseconds in repetition 334
Round trip time was 19.935 milliseconds in repetition 335
Round trip time was 19.168 milliseconds in repetition 336
Round trip time was 18.233 milliseconds in repetition 337
Round trip time was 19.668 milliseconds in repetition 338
Round trip time was 20.709 milliseconds in repetition 339
Round trip time was 20.211 milliseconds in repetition 340
Round trip time was 18.351 milliseconds in repetition 341
Round trip time was 19.202 milliseconds in repetition 342
Round trip time was 17.820 milliseconds in repetition 343
Round trip time was 17.986 milliseconds in repetition 344
Round trip time was 26.337 milliseconds in repetition 345
Round trip time was 17.288 milliseconds in repetition 346
Round trip time was 19.637 milliseconds in repetition 347
Round trip time was 18.378 milliseconds in repetition 348
Round trip time was 17.607 milliseconds in repetition 349
Round trip time was 17.143 milliseconds in repetition 350
Round trip time was 19.451 milliseconds in repetition 351
Round trip time was 17.930 milliseconds in repetition 352
Round trip time was 18.297 milliseconds in repetition 353
Round trip time was 19.468 milliseconds in repetition 354
Round trip time was 17.349 milliseconds in repetition 355
Round trip time was 17.666 milliseconds in repetition 356
Round trip time was 17.704 milliseconds in repetition 357
Round trip time was 18.094 milliseconds in repetition 358
Round trip time was 17.823 milliseconds in repetition 359
Round trip time was 18.155 milliseconds in repetition 360
Round trip time was 18.160 milliseconds in repetition 361
Round trip time was 24.568 milliseconds in repetition 362
Round trip time was 20.096 milliseconds in repetition 363
Round trip time was 18.952 milliseconds in repetition 364
Round trip time was 18.536 milliseconds in repetition 365
Round trip time was 17.639 milliseconds in repetition 366
Round trip time was 18.644 milliseconds in repetition 367
Round trip time was 18.766 milliseconds in repetition 368
Round trip time was 19.132 milliseconds in repetition 369
Round trip time was 18.392 milliseconds in repetition 370
Round trip time was 18.000 milliseconds in repetition 371
Round trip time was 18.197 milliseconds in repetition 372
Round trip time was 17.888 milliseconds in repetition 373
Round trip time was 18.413 milliseconds in repetition 374
Round trip time was 18.290 milliseconds in repetition 375
Round trip time was 25.243 milliseconds in repetition 376
Round trip time was 23.583 milliseconds in repetition 377
Round trip time was 18.631 milliseconds in repetition 378
Round trip time was 19.388 milliseconds in repetition 379
Round trip time was 20.526 milliseconds in repetition 380
Round trip time was 18.360 milliseconds in repetition 381
Round trip time was 18.213 milliseconds in repetition 382
Round trip time was 18.899 milliseconds in repetition 383
Round trip time was 18.323 milliseconds in repetition 384
Round trip time was 18.472 milliseconds in repetition 385
Round trip time was 19.329 milliseconds in repetition 386
Round trip time was 18.668 milliseconds in repetition 387
Round trip time was 18.449 milliseconds in repetition 388
Round trip time was 17.996 milliseconds in repetition 389
Round trip time was 17.816 milliseconds in repetition 390
Round trip time was 18.199 milliseconds in repetition 391
Round trip time was 34.081 milliseconds in repetition 392
Round trip time was 18.336 milliseconds in repetition 393
Round trip time was 18.243 milliseconds in repetition 394
Round trip time was 18.498 milliseconds in repetition 395
Round trip time was 17.978 milliseconds in repetition 396
Round trip time was 19.469 milliseconds in repetition 397
Round trip time was 19.154 milliseconds in repetition 398
Round trip time was 22.370 milliseconds in repetition 399
Round trip time was 18.995 milliseconds in repetition 400
Round trip time was 18.067 milliseconds in repetition 401
Round trip time was 20.481 milliseconds in repetition 402
Round trip time was 19.216 milliseconds in repetition 403
Round trip time was 17.558 milliseconds in repetition 404
Round trip time was 18.543 milliseconds in repetition 405
Round trip time was 17.969 milliseconds in repetition 406
Round trip time was 21.351 milliseconds in repetition 407
Round trip time was 19.272 milliseconds in repetition 408
Round trip time was 19.802 milliseconds in repetition 409
Round trip time was 17.584 milliseconds in repetition 410
Round trip time was 17.320 milliseconds in repetition 411
Round trip time was 19.759 milliseconds in repetition 412
Round trip time was 19.125 milliseconds in repetition 413
Round trip time was 18.192 milliseconds in repetition 414
Round trip time was 25.311 milliseconds in repetition 415
Round trip time was 19.495 milliseconds in repetition 416
Round trip time was 23.172 milliseconds in repetition 417
Round trip time was 18.014 milliseconds in repetition 418
Round trip time was 17.474 milliseconds in repetition 419
Round trip time was 18.449 milliseconds in repetition 420
Round trip time was 18.569 milliseconds in repetition 421
Round trip time was 18.046 milliseconds in repetition 422
Round trip time was 18.381 milliseconds in repetition 423
Round trip time was 17.608 milliseconds in repetition 424
Round trip time was 18.826 milliseconds in repetition 425
Round trip time was 22.436 milliseconds in repetition 426
Round trip time was 18.287 milliseconds in repetition 427
Round trip time was 18.012 milliseconds in repetition 428
Round trip time was 19.282 milliseconds in repetition 429
Round trip time was 17.971 milliseconds in repetition 430
Round trip time was 18.008 milliseconds in repetition 431
Round trip time was 17.986 milliseconds in repetition 432
Round trip time was 18.157 milliseconds in repetition 433
Round trip time was 19.080 milliseconds in repetition 434
Round trip time was 18.036 milliseconds in repetition 435
Round trip time was 17.594 milliseconds in repetition 436
Round trip time was 19.501 milliseconds in repetition 437
Round trip time was 19.415 milliseconds in repetition 438
Round trip time was 17.514 milliseconds in repetition 439
Round trip time was 20.746 milliseconds in repetition 440
Round trip time was 18.607 milliseconds in repetition 441
Round trip time was 18.234 milliseconds in repetition 442
Round trip time was 18.588 milliseconds in repetition 443
Round trip time was 18.315 milliseconds in repetition 444
Round trip time was 17.893 milliseconds in repetition 445
Round trip time was 18.280 milliseconds in repetition 446
Round trip time was 19.015 milliseconds in repetition 447
Round trip time was 17.775 milliseconds in repetition 448
Round trip time was 17.258 milliseconds in repetition 449
Round trip time was 17.611 milliseconds in repetition 450
Round trip time was 21.478 milliseconds in repetition 451
Round trip time was 17.266 milliseconds in repetition 452
Round trip time was 24.243 milliseconds in repetition 453
Round trip time was 17.887 milliseconds in repetition 454
Round trip time was 19.286 milliseconds in repetition 455
Round trip time was 18.144 milliseconds in repetition 456
Round trip time was 18.619 milliseconds in repetition 457
Round trip time was 18.384 milliseconds in repetition 458
Round trip time was 17.172 milliseconds in repetition 459
Round trip time was 18.820 milliseconds in repetition 460
Round trip time was 17.847 milliseconds in repetition 461
Round trip time was 18.404 milliseconds in repetition 462
Round trip time was 18.836 milliseconds in repetition 463
Round trip time was 27.844 milliseconds in repetition 464
Round trip time was 18.182 milliseconds in repetition 465
Round trip time was 18.002 milliseconds in repetition 466
Round trip time was 18.724 milliseconds in repetition 467
Round trip time was 18.073 milliseconds in repetition 468
Round trip time was 19.359 milliseconds in repetition 469
Round trip time was 18.846 milliseconds in repetition 470
Round trip time was 17.801 milliseconds in repetition 471
Round trip time was 18.457 milliseconds in repetition 472
Round trip time was 19.672 milliseconds in repetition 473
Round trip time was 19.048 milliseconds in repetition 474
Round trip time was 19.043 milliseconds in repetition 475
Round trip time was 17.870 milliseconds in repetition 476
Round trip time was 18.326 milliseconds in repetition 477
Round trip time was 21.887 milliseconds in repetition 478
Round trip time was 18.169 milliseconds in repetition 479
Round trip time was 18.141 milliseconds in repetition 480
Round trip time was 20.334 milliseconds in repetition 481
Round trip time was 19.492 milliseconds in repetition 482
Round trip time was 18.283 milliseconds in repetition 483
Round trip time was 18.453 milliseconds in repetition 484
Round trip time was 19.134 milliseconds in repetition 485
Round trip time was 17.761 milliseconds in repetition 486
Round trip time was 17.539 milliseconds in repetition 487
Round trip time was 17.946 milliseconds in repetition 488
Round trip time was 18.733 milliseconds in repetition 489
Round trip time was 21.441 milliseconds in repetition 490
Round trip time was 21.288 milliseconds in repetition 491
Round trip time was 18.498 milliseconds in repetition 492
Round trip time was 17.919 milliseconds in repetition 493
Round trip time was 18.424 milliseconds in repetition 494
Round trip time was 18.249 milliseconds in repetition 495
Round trip time was 17.888 milliseconds in repetition 496
Round trip time was 27.880 milliseconds in repetition 497
Round trip time was 18.956 milliseconds in repetition 498
Round trip time was 18.153 milliseconds in repetition 499
Round trip time was 19.814 milliseconds in repetition 500
Round trip time was 20.592 milliseconds in repetition 501

 ... clock resolution was 1e-06
UDP Ping:  Statistics over 501 repetitions of 768 byte messages

RTT : percentile 10: 17.5804, median: 18.4901, percentile 90: 22.3476, average: 19.3638, variance: 6.60201

RTT histogram:
17.0082 29
17.8618 159
18.7155 148
19.5691 74
20.4227 26
21.2764 13
22.13 6
22.9836 8
23.8372 4
24.6909 6
25.5445 6
26.3981 4
27.2518 5
28.1054 4
28.959 1
29.8127 3
30.6663 0
31.5199 3
32.3735 1
33.2272 0
34.0808 1

   median Throughput : 83.0713 KB/s   overall Throughput : 79.3233 KB/s

