UDP Ping trying to connect to server seti.dibris.unige.it (130.251.61.30) on TCP port 1491
 ... connected to Pong server: asking for 501 repetitions of 96 _bytes UDP messages
 ... Pong server agreed to ping-pong using port 51581 :-)
Round trip time was 28.640 milliseconds in repetition 1
Round trip time was 27.402 milliseconds in repetition 2
Round trip time was 25.637 milliseconds in repetition 3
Round trip time was 23.932 milliseconds in repetition 4
Round trip time was 23.500 milliseconds in repetition 5
Round trip time was 24.235 milliseconds in repetition 6
Round trip time was 23.731 milliseconds in repetition 7
Round trip time was 23.007 milliseconds in repetition 8
Round trip time was 25.375 milliseconds in repetition 9
Round trip time was 26.868 milliseconds in repetition 10
Round trip time was 23.948 milliseconds in repetition 11
Round trip time was 25.681 milliseconds in repetition 12
Round trip time was 23.425 milliseconds in repetition 13
Round trip time was 23.799 milliseconds in repetition 14
Round trip time was 29.818 milliseconds in repetition 15
Round trip time was 23.459 milliseconds in repetition 16
Round trip time was 24.925 milliseconds in repetition 17
Round trip time was 31.142 milliseconds in repetition 18
Round trip time was 24.186 milliseconds in repetition 19
Round trip time was 27.428 milliseconds in repetition 20
Round trip time was 23.556 milliseconds in repetition 21
Round trip time was 28.637 milliseconds in repetition 22
Round trip time was 23.734 milliseconds in repetition 23
Round trip time was 23.573 milliseconds in repetition 24
Round trip time was 24.809 milliseconds in repetition 25
Round trip time was 24.771 milliseconds in repetition 26
Round trip time was 23.003 milliseconds in repetition 27
Round trip time was 22.726 milliseconds in repetition 28
Round trip time was 22.831 milliseconds in repetition 29
Round trip time was 23.409 milliseconds in repetition 30
Round trip time was 24.123 milliseconds in repetition 31
Round trip time was 22.996 milliseconds in repetition 32
Round trip time was 23.472 milliseconds in repetition 33
Round trip time was 23.187 milliseconds in repetition 34
Round trip time was 22.446 milliseconds in repetition 35
Round trip time was 27.813 milliseconds in repetition 36
Round trip time was 26.555 milliseconds in repetition 37
Round trip time was 25.386 milliseconds in repetition 38
Round trip time was 23.453 milliseconds in repetition 39
Round trip time was 24.134 milliseconds in repetition 40
Round trip time was 23.239 milliseconds in repetition 41
Round trip time was 25.349 milliseconds in repetition 42
Round trip time was 23.023 milliseconds in repetition 43
Round trip time was 26.420 milliseconds in repetition 44
Round trip time was 40.243 milliseconds in repetition 45
Round trip time was 24.580 milliseconds in repetition 46
Round trip time was 24.038 milliseconds in repetition 47
Round trip time was 25.226 milliseconds in repetition 48
Round trip time was 23.803 milliseconds in repetition 49
Round trip time was 23.779 milliseconds in repetition 50
Round trip time was 23.923 milliseconds in repetition 51
Round trip time was 28.836 milliseconds in repetition 52
Round trip time was 25.116 milliseconds in repetition 53
Round trip time was 24.776 milliseconds in repetition 54
Round trip time was 24.362 milliseconds in repetition 55
Round trip time was 24.710 milliseconds in repetition 56
Round trip time was 23.165 milliseconds in repetition 57
Round trip time was 26.401 milliseconds in repetition 58
Round trip time was 23.766 milliseconds in repetition 59
Round trip time was 23.917 milliseconds in repetition 60
Round trip time was 22.977 milliseconds in repetition 61
Round trip time was 23.676 milliseconds in repetition 62
Round trip time was 23.327 milliseconds in repetition 63
Round trip time was 27.487 milliseconds in repetition 64
Round trip time was 24.858 milliseconds in repetition 65
Round trip time was 24.572 milliseconds in repetition 66
Round trip time was 23.174 milliseconds in repetition 67
Round trip time was 24.343 milliseconds in repetition 68
Round trip time was 25.047 milliseconds in repetition 69
Round trip time was 24.674 milliseconds in repetition 70
Round trip time was 27.003 milliseconds in repetition 71
Round trip time was 23.501 milliseconds in repetition 72
Round trip time was 28.798 milliseconds in repetition 73
Round trip time was 23.627 milliseconds in repetition 74
Round trip time was 23.637 milliseconds in repetition 75
Round trip time was 26.743 milliseconds in repetition 76
Round trip time was 23.587 milliseconds in repetition 77
Round trip time was 23.866 milliseconds in repetition 78
Round trip time was 26.074 milliseconds in repetition 79
Round trip time was 23.498 milliseconds in repetition 80
Round trip time was 25.074 milliseconds in repetition 81
Round trip time was 23.512 milliseconds in repetition 82
Round trip time was 23.205 milliseconds in repetition 83
Round trip time was 23.499 milliseconds in repetition 84
Round trip time was 23.082 milliseconds in repetition 85
Round trip time was 23.512 milliseconds in repetition 86
Round trip time was 23.174 milliseconds in repetition 87
Round trip time was 22.626 milliseconds in repetition 88
Round trip time was 23.297 milliseconds in repetition 89
Round trip time was 31.197 milliseconds in repetition 90
Round trip time was 23.815 milliseconds in repetition 91
Round trip time was 24.674 milliseconds in repetition 92
Round trip time was 23.208 milliseconds in repetition 93
Round trip time was 23.517 milliseconds in repetition 94
Round trip time was 23.834 milliseconds in repetition 95
Round trip time was 28.299 milliseconds in repetition 96
Round trip time was 24.283 milliseconds in repetition 97
Round trip time was 35.864 milliseconds in repetition 98
Round trip time was 25.368 milliseconds in repetition 99
Round trip time was 23.643 milliseconds in repetition 100
Round trip time was 22.676 milliseconds in repetition 101
Round trip time was 23.776 milliseconds in repetition 102
Round trip time was 23.340 milliseconds in repetition 103
Round trip time was 25.629 milliseconds in repetition 104
Round trip time was 23.103 milliseconds in repetition 105
Round trip time was 24.067 milliseconds in repetition 106
Round trip time was 27.258 milliseconds in repetition 107
Round trip time was 27.967 milliseconds in repetition 108
Round trip time was 22.687 milliseconds in repetition 109
Round trip time was 23.647 milliseconds in repetition 110
Round trip time was 22.841 milliseconds in repetition 111
Round trip time was 24.811 milliseconds in repetition 112
Round trip time was 23.125 milliseconds in repetition 113
Round trip time was 24.826 milliseconds in repetition 114
Round trip time was 23.277 milliseconds in repetition 115
Round trip time was 23.236 milliseconds in repetition 116
Round trip time was 23.398 milliseconds in repetition 117
Round trip time was 23.662 milliseconds in repetition 118
Round trip time was 23.583 milliseconds in repetition 119
Round trip time was 22.819 milliseconds in repetition 120
Round trip time was 23.738 milliseconds in repetition 121
Round trip time was 24.112 milliseconds in repetition 122
Round trip time was 24.139 milliseconds in repetition 123
Round trip time was 25.161 milliseconds in repetition 124
Round trip time was 26.140 milliseconds in repetition 125
Round trip time was 23.154 milliseconds in repetition 126
Round trip time was 23.815 milliseconds in repetition 127
Round trip time was 26.112 milliseconds in repetition 128
Round trip time was 24.429 milliseconds in repetition 129
Round trip time was 25.269 milliseconds in repetition 130
Round trip time was 25.979 milliseconds in repetition 131
Round trip time was 29.431 milliseconds in repetition 132
Round trip time was 27.920 milliseconds in repetition 133
Round trip time was 24.825 milliseconds in repetition 134
Round trip time was 25.095 milliseconds in repetition 135
Round trip time was 23.204 milliseconds in repetition 136
Round trip time was 23.714 milliseconds in repetition 137
Round trip time was 23.782 milliseconds in repetition 138
Round trip time was 29.253 milliseconds in repetition 139
Round trip time was 23.834 milliseconds in repetition 140
Round trip time was 23.909 milliseconds in repetition 141
Round trip time was 23.117 milliseconds in repetition 142
Round trip time was 23.780 milliseconds in repetition 143
Round trip time was 22.717 milliseconds in repetition 144
Round trip time was 23.448 milliseconds in repetition 145
Round trip time was 23.097 milliseconds in repetition 146
Round trip time was 22.722 milliseconds in repetition 147
Round trip time was 23.046 milliseconds in repetition 148
Round trip time was 22.580 milliseconds in repetition 149
Round trip time was 22.611 milliseconds in repetition 150
Round trip time was 23.070 milliseconds in repetition 151
Round trip time was 23.297 milliseconds in repetition 152
Round trip time was 23.374 milliseconds in repetition 153
Round trip time was 28.865 milliseconds in repetition 154
Round trip time was 24.015 milliseconds in repetition 155
Round trip time was 23.545 milliseconds in repetition 156
Round trip time was 22.422 milliseconds in repetition 157
Round trip time was 25.548 milliseconds in repetition 158
Round trip time was 24.674 milliseconds in repetition 159
Round trip time was 25.990 milliseconds in repetition 160
Round trip time was 23.094 milliseconds in repetition 161
Round trip time was 23.501 milliseconds in repetition 162
Round trip time was 23.823 milliseconds in repetition 163
Round trip time was 23.812 milliseconds in repetition 164
Round trip time was 24.092 milliseconds in repetition 165
Round trip time was 23.284 milliseconds in repetition 166
Round trip time was 24.708 milliseconds in repetition 167
Round trip time was 26.896 milliseconds in repetition 168
Round trip time was 24.838 milliseconds in repetition 169
Round trip time was 26.418 milliseconds in repetition 170
Round trip time was 23.481 milliseconds in repetition 171
Round trip time was 23.362 milliseconds in repetition 172
Round trip time was 27.158 milliseconds in repetition 173
Round trip time was 24.269 milliseconds in repetition 174
Round trip time was 23.544 milliseconds in repetition 175
Round trip time was 27.166 milliseconds in repetition 176
Round trip time was 393.496 milliseconds in repetition 177
Round trip time was 70.197 milliseconds in repetition 178
Round trip time was 26.209 milliseconds in repetition 179
Round trip time was 56.032 milliseconds in repetition 180
Round trip time was 24.129 milliseconds in repetition 181
Round trip time was 62.787 milliseconds in repetition 182
Round trip time was 58.462 milliseconds in repetition 183
Round trip time was 23.907 milliseconds in repetition 184
Round trip time was 24.465 milliseconds in repetition 185
Round trip time was 23.015 milliseconds in repetition 186
Round trip time was 22.782 milliseconds in repetition 187
Round trip time was 133.417 milliseconds in repetition 188
Round trip time was 23.429 milliseconds in repetition 189
Round trip time was 22.488 milliseconds in repetition 190
Round trip time was 39.823 milliseconds in repetition 191
Round trip time was 23.183 milliseconds in repetition 192
Round trip time was 34.000 milliseconds in repetition 193
Round trip time was 22.511 milliseconds in repetition 194
Round trip time was 31.519 milliseconds in repetition 195
Round trip time was 24.155 milliseconds in repetition 196
Round trip time was 23.291 milliseconds in repetition 197
Round trip time was 26.069 milliseconds in repetition 198
Round trip time was 50.520 milliseconds in repetition 199
Round trip time was 52.833 milliseconds in repetition 200
Round trip time was 23.350 milliseconds in repetition 201
Round trip time was 23.413 milliseconds in repetition 202
Round trip time was 23.059 milliseconds in repetition 203
Round trip time was 23.750 milliseconds in repetition 204
Round trip time was 23.770 milliseconds in repetition 205
Round trip time was 33.344 milliseconds in repetition 206
Round trip time was 55.109 milliseconds in repetition 207
Round trip time was 24.554 milliseconds in repetition 208
Round trip time was 23.543 milliseconds in repetition 209
Round trip time was 23.420 milliseconds in repetition 210
Round trip time was 24.137 milliseconds in repetition 211
Round trip time was 27.190 milliseconds in repetition 212
Round trip time was 25.441 milliseconds in repetition 213
Round trip time was 26.519 milliseconds in repetition 214
Round trip time was 23.422 milliseconds in repetition 215
Round trip time was 22.634 milliseconds in repetition 216
Round trip time was 23.036 milliseconds in repetition 217
Round trip time was 23.386 milliseconds in repetition 218
Round trip time was 22.535 milliseconds in repetition 219
Round trip time was 23.765 milliseconds in repetition 220
Round trip time was 29.934 milliseconds in repetition 221
Round trip time was 23.462 milliseconds in repetition 222
Round trip time was 28.313 milliseconds in repetition 223
Round trip time was 24.912 milliseconds in repetition 224
Round trip time was 23.415 milliseconds in repetition 225
Round trip time was 24.222 milliseconds in repetition 226
Round trip time was 24.083 milliseconds in repetition 227
Round trip time was 30.586 milliseconds in repetition 228
Round trip time was 24.911 milliseconds in repetition 229
Round trip time was 26.163 milliseconds in repetition 230
Round trip time was 26.024 milliseconds in repetition 231
Round trip time was 25.880 milliseconds in repetition 232
Round trip time was 25.425 milliseconds in repetition 233
Round trip time was 30.948 milliseconds in repetition 234
Round trip time was 24.262 milliseconds in repetition 235
Round trip time was 25.535 milliseconds in repetition 236
Round trip time was 24.240 milliseconds in repetition 237
Round trip time was 23.716 milliseconds in repetition 238
Round trip time was 23.638 milliseconds in repetition 239
Round trip time was 22.722 milliseconds in repetition 240
Round trip time was 23.590 milliseconds in repetition 241
Round trip time was 23.533 milliseconds in repetition 242
Round trip time was 23.719 milliseconds in repetition 243
Round trip time was 22.713 milliseconds in repetition 244
Round trip time was 24.297 milliseconds in repetition 245
Round trip time was 23.178 milliseconds in repetition 246
Round trip time was 24.548 milliseconds in repetition 247
Round trip time was 23.554 milliseconds in repetition 248
Round trip time was 24.908 milliseconds in repetition 249
Round trip time was 24.090 milliseconds in repetition 250
Round trip time was 22.975 milliseconds in repetition 251
Round trip time was 23.785 milliseconds in repetition 252
Round trip time was 23.667 milliseconds in repetition 253
Round trip time was 23.032 milliseconds in repetition 254
Round trip time was 24.754 milliseconds in repetition 255
Round trip time was 25.221 milliseconds in repetition 256
Round trip time was 31.116 milliseconds in repetition 257
Round trip time was 24.361 milliseconds in repetition 258
Round trip time was 23.795 milliseconds in repetition 259
Round trip time was 29.648 milliseconds in repetition 260
Round trip time was 22.625 milliseconds in repetition 261
Round trip time was 22.766 milliseconds in repetition 262
Round trip time was 23.063 milliseconds in repetition 263
Round trip time was 23.956 milliseconds in repetition 264
Round trip time was 23.664 milliseconds in repetition 265
Round trip time was 33.958 milliseconds in repetition 266
Round trip time was 25.077 milliseconds in repetition 267
Round trip time was 27.950 milliseconds in repetition 268
Round trip time was 23.544 milliseconds in repetition 269
Round trip time was 23.482 milliseconds in repetition 270
Round trip time was 23.057 milliseconds in repetition 271
Round trip time was 23.468 milliseconds in repetition 272
Round trip time was 24.060 milliseconds in repetition 273
Round trip time was 23.280 milliseconds in repetition 274
Round trip time was 23.391 milliseconds in repetition 275
Round trip time was 24.200 milliseconds in repetition 276
Round trip time was 23.454 milliseconds in repetition 277
Round trip time was 24.073 milliseconds in repetition 278
Round trip time was 29.284 milliseconds in repetition 279
Round trip time was 30.392 milliseconds in repetition 280
Round trip time was 23.860 milliseconds in repetition 281
Round trip time was 23.944 milliseconds in repetition 282
Round trip time was 23.443 milliseconds in repetition 283
Round trip time was 23.667 milliseconds in repetition 284
Round trip time was 24.038 milliseconds in repetition 285
Round trip time was 23.089 milliseconds in repetition 286
Round trip time was 23.974 milliseconds in repetition 287
Round trip time was 25.857 milliseconds in repetition 288
Round trip time was 23.390 milliseconds in repetition 289
Round trip time was 22.713 milliseconds in repetition 290
Round trip time was 23.889 milliseconds in repetition 291
Round trip time was 23.788 milliseconds in repetition 292
Round trip time was 28.065 milliseconds in repetition 293
Round trip time was 22.562 milliseconds in repetition 294
Round trip time was 23.700 milliseconds in repetition 295
Round trip time was 23.316 milliseconds in repetition 296
Round trip time was 24.546 milliseconds in repetition 297
Round trip time was 23.613 milliseconds in repetition 298
Round trip time was 25.534 milliseconds in repetition 299
Round trip time was 23.730 milliseconds in repetition 300
Round trip time was 26.228 milliseconds in repetition 301
Round trip time was 24.363 milliseconds in repetition 302
Round trip time was 26.224 milliseconds in repetition 303
Round trip time was 23.473 milliseconds in repetition 304
Round trip time was 24.952 milliseconds in repetition 305
Round trip time was 27.269 milliseconds in repetition 306
Round trip time was 24.702 milliseconds in repetition 307
Round trip time was 24.091 milliseconds in repetition 308
Round trip time was 24.843 milliseconds in repetition 309
Round trip time was 25.234 milliseconds in repetition 310
Round trip time was 24.139 milliseconds in repetition 311
Round trip time was 23.369 milliseconds in repetition 312
Round trip time was 22.795 milliseconds in repetition 313
Round trip time was 22.590 milliseconds in repetition 314
Round trip time was 23.688 milliseconds in repetition 315
Round trip time was 23.691 milliseconds in repetition 316
Round trip time was 23.673 milliseconds in repetition 317
Round trip time was 25.315 milliseconds in repetition 318
Round trip time was 24.886 milliseconds in repetition 319
Round trip time was 24.008 milliseconds in repetition 320
Round trip time was 22.780 milliseconds in repetition 321
Round trip time was 23.929 milliseconds in repetition 322
Round trip time was 24.106 milliseconds in repetition 323
Round trip time was 23.575 milliseconds in repetition 324
Round trip time was 28.299 milliseconds in repetition 325
Round trip time was 24.686 milliseconds in repetition 326
Round trip time was 23.655 milliseconds in repetition 327
Round trip time was 23.512 milliseconds in repetition 328
Round trip time was 26.460 milliseconds in repetition 329
Round trip time was 31.251 milliseconds in repetition 330
Round trip time was 23.563 milliseconds in repetition 331
Round trip time was 23.793 milliseconds in repetition 332
Round trip time was 25.265 milliseconds in repetition 333
Round trip time was 23.495 milliseconds in repetition 334
Round trip time was 23.759 milliseconds in repetition 335
Round trip time was 23.453 milliseconds in repetition 336
Round trip time was 23.976 milliseconds in repetition 337
Round trip time was 23.672 milliseconds in repetition 338
Round trip time was 25.737 milliseconds in repetition 339
Round trip time was 23.185 milliseconds in repetition 340
Round trip time was 22.895 milliseconds in repetition 341
Round trip time was 22.734 milliseconds in repetition 342
Round trip time was 23.164 milliseconds in repetition 343
Round trip time was 23.692 milliseconds in repetition 344
Round trip time was 25.030 milliseconds in repetition 345
Round trip time was 26.234 milliseconds in repetition 346
Round trip time was 24.414 milliseconds in repetition 347
Round trip time was 24.995 milliseconds in repetition 348
Round trip time was 22.872 milliseconds in repetition 349
Round trip time was 23.777 milliseconds in repetition 350
Round trip time was 25.108 milliseconds in repetition 351
Round trip time was 24.305 milliseconds in repetition 352
Round trip time was 24.428 milliseconds in repetition 353
Round trip time was 23.565 milliseconds in repetition 354
Round trip time was 22.848 milliseconds in repetition 355
Round trip time was 22.696 milliseconds in repetition 356
Round trip time was 22.695 milliseconds in repetition 357
Round trip time was 23.850 milliseconds in repetition 358
Round trip time was 24.010 milliseconds in repetition 359
Round trip time was 23.914 milliseconds in repetition 360
Round trip time was 23.508 milliseconds in repetition 361
Round trip time was 23.849 milliseconds in repetition 362
Round trip time was 23.653 milliseconds in repetition 363
Round trip time was 23.708 milliseconds in repetition 364
Round trip time was 23.926 milliseconds in repetition 365
Round trip time was 25.706 milliseconds in repetition 366
Round trip time was 25.875 milliseconds in repetition 367
Round trip time was 23.109 milliseconds in repetition 368
Round trip time was 24.182 milliseconds in repetition 369
Round trip time was 24.424 milliseconds in repetition 370
Round trip time was 23.724 milliseconds in repetition 371
Round trip time was 23.373 milliseconds in repetition 372
Round trip time was 23.158 milliseconds in repetition 373
Round trip time was 31.449 milliseconds in repetition 374
Round trip time was 23.687 milliseconds in repetition 375
Round trip time was 23.017 milliseconds in repetition 376
Round trip time was 22.807 milliseconds in repetition 377
Round trip time was 24.033 milliseconds in repetition 378
Round trip time was 23.617 milliseconds in repetition 379
Round trip time was 23.798 milliseconds in repetition 380
Round trip time was 23.537 milliseconds in repetition 381
Round trip time was 23.562 milliseconds in repetition 382
Round trip time was 23.422 milliseconds in repetition 383
Round trip time was 24.806 milliseconds in repetition 384
Round trip time was 23.499 milliseconds in repetition 385
Round trip time was 23.831 milliseconds in repetition 386
Round trip time was 23.192 milliseconds in repetition 387
Round trip time was 32.895 milliseconds in repetition 388
Round trip time was 23.258 milliseconds in repetition 389
Round trip time was 28.382 milliseconds in repetition 390
Round trip time was 24.409 milliseconds in repetition 391
Round trip time was 27.902 milliseconds in repetition 392
Round trip time was 22.998 milliseconds in repetition 393
Round trip time was 24.591 milliseconds in repetition 394
Round trip time was 27.759 milliseconds in repetition 395
Round trip time was 23.708 milliseconds in repetition 396
Round trip time was 23.626 milliseconds in repetition 397
Round trip time was 26.458 milliseconds in repetition 398
Round trip time was 25.525 milliseconds in repetition 399
Round trip time was 23.258 milliseconds in repetition 400
Round trip time was 22.549 milliseconds in repetition 401
Round trip time was 33.371 milliseconds in repetition 402
Round trip time was 24.074 milliseconds in repetition 403
Round trip time was 22.954 milliseconds in repetition 404
Round trip time was 25.357 milliseconds in repetition 405
Round trip time was 23.436 milliseconds in repetition 406
Round trip time was 23.384 milliseconds in repetition 407
Round trip time was 24.322 milliseconds in repetition 408
Round trip time was 23.372 milliseconds in repetition 409
Round trip time was 22.616 milliseconds in repetition 410
Round trip time was 24.097 milliseconds in repetition 411
Round trip time was 25.373 milliseconds in repetition 412
Round trip time was 27.853 milliseconds in repetition 413
Round trip time was 25.240 milliseconds in repetition 414
Round trip time was 25.927 milliseconds in repetition 415
Round trip time was 28.554 milliseconds in repetition 416
Round trip time was 23.574 milliseconds in repetition 417
Round trip time was 23.048 milliseconds in repetition 418
Round trip time was 28.363 milliseconds in repetition 419
Round trip time was 23.873 milliseconds in repetition 420
Round trip time was 23.170 milliseconds in repetition 421
Round trip time was 22.751 milliseconds in repetition 422
Round trip time was 26.756 milliseconds in repetition 423
Round trip time was 24.558 milliseconds in repetition 424
Round trip time was 23.665 milliseconds in repetition 425
Round trip time was 23.576 milliseconds in repetition 426
Round trip time was 23.041 milliseconds in repetition 427
Round trip time was 25.814 milliseconds in repetition 428
Round trip time was 25.445 milliseconds in repetition 429
Round trip time was 24.488 milliseconds in repetition 430
Round trip time was 22.606 milliseconds in repetition 431
Round trip time was 26.180 milliseconds in repetition 432
Round trip time was 26.441 milliseconds in repetition 433
Round trip time was 36.206 milliseconds in repetition 434
Round trip time was 23.281 milliseconds in repetition 435
Round trip time was 23.306 milliseconds in repetition 436
Round trip time was 25.190 milliseconds in repetition 437
Round trip time was 23.242 milliseconds in repetition 438
Round trip time was 25.216 milliseconds in repetition 439
Round trip time was 26.459 milliseconds in repetition 440
Round trip time was 37.827 milliseconds in repetition 441
Round trip time was 30.100 milliseconds in repetition 442
Round trip time was 27.395 milliseconds in repetition 443
Round trip time was 23.524 milliseconds in repetition 444
Round trip time was 24.215 milliseconds in repetition 445
Round trip time was 23.518 milliseconds in repetition 446
Round trip time was 25.183 milliseconds in repetition 447
Round trip time was 23.671 milliseconds in repetition 448
Round trip time was 25.444 milliseconds in repetition 449
Round trip time was 23.257 milliseconds in repetition 450
Round trip time was 23.785 milliseconds in repetition 451
Round trip time was 24.022 milliseconds in repetition 452
Round trip time was 23.107 milliseconds in repetition 453
Round trip time was 23.824 milliseconds in repetition 454
Round trip time was 23.488 milliseconds in repetition 455
Round trip time was 25.078 milliseconds in repetition 456
Round trip time was 23.458 milliseconds in repetition 457
Round trip time was 22.829 milliseconds in repetition 458
Round trip time was 23.447 milliseconds in repetition 459
Round trip time was 27.409 milliseconds in repetition 460
Round trip time was 23.531 milliseconds in repetition 461
Round trip time was 24.311 milliseconds in repetition 462
Round trip time was 24.588 milliseconds in repetition 463
Round trip time was 22.818 milliseconds in repetition 464
Round trip time was 22.911 milliseconds in repetition 465
Round trip time was 23.824 milliseconds in repetition 466
Round trip time was 27.621 milliseconds in repetition 467
Round trip time was 23.475 milliseconds in repetition 468
Round trip time was 23.238 milliseconds in repetition 469
Round trip time was 23.426 milliseconds in repetition 470
Round trip time was 26.023 milliseconds in repetition 471
Round trip time was 23.812 milliseconds in repetition 472
Round trip time was 29.437 milliseconds in repetition 473
Round trip time was 24.749 milliseconds in repetition 474
Round trip time was 25.205 milliseconds in repetition 475
Round trip time was 23.400 milliseconds in repetition 476
Round trip time was 23.274 milliseconds in repetition 477
Round trip time was 23.771 milliseconds in repetition 478
Round trip time was 22.827 milliseconds in repetition 479
Round trip time was 28.162 milliseconds in repetition 480
Round trip time was 23.557 milliseconds in repetition 481
Round trip time was 23.775 milliseconds in repetition 482
Round trip time was 23.406 milliseconds in repetition 483
Round trip time was 25.582 milliseconds in repetition 484
Round trip time was 24.011 milliseconds in repetition 485
Round trip time was 24.385 milliseconds in repetition 486
Round trip time was 28.281 milliseconds in repetition 487
Round trip time was 23.389 milliseconds in repetition 488
Round trip time was 28.892 milliseconds in repetition 489
Round trip time was 22.905 milliseconds in repetition 490
Round trip time was 23.637 milliseconds in repetition 491
Round trip time was 30.915 milliseconds in repetition 492
Round trip time was 22.956 milliseconds in repetition 493
Round trip time was 22.928 milliseconds in repetition 494
Round trip time was 23.783 milliseconds in repetition 495
Round trip time was 24.456 milliseconds in repetition 496
Round trip time was 23.620 milliseconds in repetition 497
Round trip time was 27.469 milliseconds in repetition 498
Round trip time was 25.352 milliseconds in repetition 499
Round trip time was 24.398 milliseconds in repetition 500
Round trip time was 23.935 milliseconds in repetition 501

 ... clock resolution was 1e-06
UDP Ping:  Statistics over 501 repetitions of 96 byte messages

RTT : percentile 10: 23.0029, median: 23.86, percentile 90: 28.162, average: 26.1609, variance: 315.357

RTT histogram:
22.4223 482
40.976 10
59.5296 6
78.0833 1
96.637 0
115.191 0
133.744 1
152.298 0
170.852 0
189.405 0
207.959 0
226.513 0
245.066 0
263.62 0
282.174 0
300.727 0
319.281 0
337.835 0
356.388 0
374.942 0
393.496 1

   median Throughput : 8.04695 KB/s   overall Throughput : 7.33921 KB/s

