UDP Ping trying to connect to server seti.dibris.unige.it (130.251.61.30) on TCP port 1491
 ... connected to Pong server: asking for 501 repetitions of 1024 _bytes UDP messages
 ... Pong server agreed to ping-pong using port 51581 :-)
Round trip time was 40.388 milliseconds in repetition 1
Round trip time was 15.193 milliseconds in repetition 2
Round trip time was 14.043 milliseconds in repetition 3
Round trip time was 14.550 milliseconds in repetition 4
Round trip time was 12.951 milliseconds in repetition 5
Round trip time was 14.139 milliseconds in repetition 6
Round trip time was 19.218 milliseconds in repetition 7
Round trip time was 13.338 milliseconds in repetition 8
Round trip time was 13.727 milliseconds in repetition 9
Round trip time was 15.155 milliseconds in repetition 10
Round trip time was 15.975 milliseconds in repetition 11
Round trip time was 13.904 milliseconds in repetition 12
Round trip time was 14.500 milliseconds in repetition 13
Round trip time was 14.266 milliseconds in repetition 14
Round trip time was 14.306 milliseconds in repetition 15
Round trip time was 13.038 milliseconds in repetition 16
Round trip time was 14.019 milliseconds in repetition 17
Round trip time was 15.312 milliseconds in repetition 18
Round trip time was 14.311 milliseconds in repetition 19
Round trip time was 13.533 milliseconds in repetition 20
Round trip time was 12.762 milliseconds in repetition 21
Round trip time was 13.485 milliseconds in repetition 22
Round trip time was 18.292 milliseconds in repetition 23
Round trip time was 20.686 milliseconds in repetition 24
Round trip time was 16.358 milliseconds in repetition 25
Round trip time was 13.142 milliseconds in repetition 26
Round trip time was 12.743 milliseconds in repetition 27
Round trip time was 12.909 milliseconds in repetition 28
Round trip time was 12.946 milliseconds in repetition 29
Round trip time was 13.170 milliseconds in repetition 30
Round trip time was 13.604 milliseconds in repetition 31
Round trip time was 13.819 milliseconds in repetition 32
Round trip time was 12.885 milliseconds in repetition 33
Round trip time was 12.298 milliseconds in repetition 34
Round trip time was 17.886 milliseconds in repetition 35
Round trip time was 22.995 milliseconds in repetition 36
Round trip time was 12.902 milliseconds in repetition 37
Round trip time was 15.854 milliseconds in repetition 38
Round trip time was 12.831 milliseconds in repetition 39
Round trip time was 12.739 milliseconds in repetition 40
Round trip time was 17.472 milliseconds in repetition 41
Round trip time was 18.340 milliseconds in repetition 42
Round trip time was 14.078 milliseconds in repetition 43
Round trip time was 13.767 milliseconds in repetition 44
Round trip time was 13.980 milliseconds in repetition 45
Round trip time was 14.332 milliseconds in repetition 46
Round trip time was 13.053 milliseconds in repetition 47
Round trip time was 22.084 milliseconds in repetition 48
Round trip time was 13.788 milliseconds in repetition 49
Round trip time was 12.081 milliseconds in repetition 50
Round trip time was 13.025 milliseconds in repetition 51
Round trip time was 17.265 milliseconds in repetition 52
Round trip time was 12.945 milliseconds in repetition 53
Round trip time was 12.175 milliseconds in repetition 54
Round trip time was 13.532 milliseconds in repetition 55
Round trip time was 13.396 milliseconds in repetition 56
Round trip time was 12.332 milliseconds in repetition 57
Round trip time was 13.758 milliseconds in repetition 58
Round trip time was 17.051 milliseconds in repetition 59
Round trip time was 12.180 milliseconds in repetition 60
Round trip time was 12.603 milliseconds in repetition 61
Round trip time was 13.391 milliseconds in repetition 62
Round trip time was 12.881 milliseconds in repetition 63
Round trip time was 14.913 milliseconds in repetition 64
Round trip time was 14.458 milliseconds in repetition 65
Round trip time was 13.022 milliseconds in repetition 66
Round trip time was 21.689 milliseconds in repetition 67
Round trip time was 13.519 milliseconds in repetition 68
Round trip time was 13.233 milliseconds in repetition 69
Round trip time was 12.797 milliseconds in repetition 70
Round trip time was 13.040 milliseconds in repetition 71
Round trip time was 12.794 milliseconds in repetition 72
Round trip time was 12.985 milliseconds in repetition 73
Round trip time was 13.731 milliseconds in repetition 74
Round trip time was 13.742 milliseconds in repetition 75
Round trip time was 13.224 milliseconds in repetition 76
Round trip time was 15.042 milliseconds in repetition 77
Round trip time was 13.629 milliseconds in repetition 78
Round trip time was 20.518 milliseconds in repetition 79
Round trip time was 16.523 milliseconds in repetition 80
Round trip time was 13.126 milliseconds in repetition 81
Round trip time was 13.071 milliseconds in repetition 82
Round trip time was 13.140 milliseconds in repetition 83
Round trip time was 12.888 milliseconds in repetition 84
Round trip time was 13.872 milliseconds in repetition 85
Round trip time was 12.556 milliseconds in repetition 86
Round trip time was 12.700 milliseconds in repetition 87
Round trip time was 13.100 milliseconds in repetition 88
Round trip time was 12.650 milliseconds in repetition 89
Round trip time was 13.030 milliseconds in repetition 90
Round trip time was 12.790 milliseconds in repetition 91
Round trip time was 12.116 milliseconds in repetition 92
Round trip time was 13.735 milliseconds in repetition 93
Round trip time was 13.610 milliseconds in repetition 94
Round trip time was 12.976 milliseconds in repetition 95
Round trip time was 13.044 milliseconds in repetition 96
Round trip time was 21.124 milliseconds in repetition 97
Round trip time was 13.679 milliseconds in repetition 98
Round trip time was 13.264 milliseconds in repetition 99
Round trip time was 13.428 milliseconds in repetition 100
Round trip time was 15.297 milliseconds in repetition 101
Round trip time was 21.333 milliseconds in repetition 102
Round trip time was 28.585 milliseconds in repetition 103
Round trip time was 31.780 milliseconds in repetition 104
Round trip time was 13.489 milliseconds in repetition 105
Round trip time was 14.894 milliseconds in repetition 106
Round trip time was 14.344 milliseconds in repetition 107
Round trip time was 12.842 milliseconds in repetition 108
Round trip time was 14.631 milliseconds in repetition 109
Round trip time was 13.184 milliseconds in repetition 110
Round trip time was 17.238 milliseconds in repetition 111
Round trip time was 14.145 milliseconds in repetition 112
Round trip time was 12.562 milliseconds in repetition 113
Round trip time was 13.206 milliseconds in repetition 114
Round trip time was 24.999 milliseconds in repetition 115
Round trip time was 12.795 milliseconds in repetition 116
Round trip time was 13.129 milliseconds in repetition 117
Round trip time was 11.798 milliseconds in repetition 118
Round trip time was 12.807 milliseconds in repetition 119
Round trip time was 12.751 milliseconds in repetition 120
Round trip time was 14.759 milliseconds in repetition 121
Round trip time was 13.758 milliseconds in repetition 122
Round trip time was 12.461 milliseconds in repetition 123
Round trip time was 12.388 milliseconds in repetition 124
Round trip time was 12.612 milliseconds in repetition 125
Round trip time was 11.819 milliseconds in repetition 126
Round trip time was 12.269 milliseconds in repetition 127
Round trip time was 15.259 milliseconds in repetition 128
Round trip time was 20.885 milliseconds in repetition 129
Round trip time was 13.196 milliseconds in repetition 130
Round trip time was 16.016 milliseconds in repetition 131
Round trip time was 16.214 milliseconds in repetition 132
Round trip time was 16.037 milliseconds in repetition 133
Round trip time was 12.713 milliseconds in repetition 134
Round trip time was 12.778 milliseconds in repetition 135
Round trip time was 19.640 milliseconds in repetition 136
Round trip time was 15.045 milliseconds in repetition 137
Round trip time was 12.878 milliseconds in repetition 138
Round trip time was 21.678 milliseconds in repetition 139
Round trip time was 12.947 milliseconds in repetition 140
Round trip time was 12.693 milliseconds in repetition 141
Round trip time was 13.015 milliseconds in repetition 142
Round trip time was 14.212 milliseconds in repetition 143
Round trip time was 13.252 milliseconds in repetition 144
Round trip time was 14.096 milliseconds in repetition 145
Round trip time was 18.595 milliseconds in repetition 146
Round trip time was 20.476 milliseconds in repetition 147
Round trip time was 13.049 milliseconds in repetition 148
Round trip time was 15.476 milliseconds in repetition 149
Round trip time was 13.117 milliseconds in repetition 150
Round trip time was 14.220 milliseconds in repetition 151
Round trip time was 12.648 milliseconds in repetition 152
Round trip time was 13.415 milliseconds in repetition 153
Round trip time was 14.395 milliseconds in repetition 154
Round trip time was 13.723 milliseconds in repetition 155
Round trip time was 14.840 milliseconds in repetition 156
Round trip time was 14.024 milliseconds in repetition 157
Round trip time was 13.477 milliseconds in repetition 158
Round trip time was 16.787 milliseconds in repetition 159
Round trip time was 12.365 milliseconds in repetition 160
Round trip time was 13.809 milliseconds in repetition 161
Round trip time was 12.293 milliseconds in repetition 162
Round trip time was 15.580 milliseconds in repetition 163
Round trip time was 14.975 milliseconds in repetition 164
Round trip time was 12.495 milliseconds in repetition 165
Round trip time was 13.311 milliseconds in repetition 166
Round trip time was 12.099 milliseconds in repetition 167
Round trip time was 13.355 milliseconds in repetition 168
Round trip time was 13.411 milliseconds in repetition 169
Round trip time was 14.759 milliseconds in repetition 170
Round trip time was 13.529 milliseconds in repetition 171
Round trip time was 13.330 milliseconds in repetition 172
Round trip time was 12.926 milliseconds in repetition 173
Round trip time was 13.059 milliseconds in repetition 174
Round trip time was 12.955 milliseconds in repetition 175
Round trip time was 13.349 milliseconds in repetition 176
Round trip time was 12.812 milliseconds in repetition 177
Round trip time was 24.770 milliseconds in repetition 178
Round trip time was 13.313 milliseconds in repetition 179
Round trip time was 13.942 milliseconds in repetition 180
Round trip time was 18.504 milliseconds in repetition 181
Round trip time was 14.175 milliseconds in repetition 182
Round trip time was 22.711 milliseconds in repetition 183
Round trip time was 16.891 milliseconds in repetition 184
Round trip time was 12.376 milliseconds in repetition 185
Round trip time was 11.991 milliseconds in repetition 186
Round trip time was 13.090 milliseconds in repetition 187
Round trip time was 12.127 milliseconds in repetition 188
Round trip time was 13.012 milliseconds in repetition 189
Round trip time was 12.811 milliseconds in repetition 190
Round trip time was 14.710 milliseconds in repetition 191
Round trip time was 15.989 milliseconds in repetition 192
Round trip time was 13.029 milliseconds in repetition 193
Round trip time was 13.481 milliseconds in repetition 194
Round trip time was 12.665 milliseconds in repetition 195
Round trip time was 14.327 milliseconds in repetition 196
Round trip time was 12.010 milliseconds in repetition 197
Round trip time was 15.934 milliseconds in repetition 198
Round trip time was 17.558 milliseconds in repetition 199
Round trip time was 20.599 milliseconds in repetition 200
Round trip time was 13.396 milliseconds in repetition 201
Round trip time was 12.979 milliseconds in repetition 202
Round trip time was 14.428 milliseconds in repetition 203
Round trip time was 12.829 milliseconds in repetition 204
Round trip time was 12.946 milliseconds in repetition 205
Round trip time was 12.797 milliseconds in repetition 206
Round trip time was 13.514 milliseconds in repetition 207
Round trip time was 14.084 milliseconds in repetition 208
Round trip time was 13.317 milliseconds in repetition 209
Round trip time was 12.910 milliseconds in repetition 210
Round trip time was 12.586 milliseconds in repetition 211
Round trip time was 13.026 milliseconds in repetition 212
Round trip time was 12.357 milliseconds in repetition 213
Round trip time was 11.842 milliseconds in repetition 214
Round trip time was 12.886 milliseconds in repetition 215
Round trip time was 12.156 milliseconds in repetition 216
Round trip time was 12.999 milliseconds in repetition 217
Round trip time was 15.798 milliseconds in repetition 218
Round trip time was 15.393 milliseconds in repetition 219
Round trip time was 14.526 milliseconds in repetition 220
Round trip time was 12.897 milliseconds in repetition 221
Round trip time was 12.213 milliseconds in repetition 222
Round trip time was 12.815 milliseconds in repetition 223
Round trip time was 19.686 milliseconds in repetition 224
Round trip time was 22.105 milliseconds in repetition 225
Round trip time was 13.343 milliseconds in repetition 226
Round trip time was 13.605 milliseconds in repetition 227
Round trip time was 11.914 milliseconds in repetition 228
Round trip time was 11.886 milliseconds in repetition 229
Round trip time was 12.045 milliseconds in repetition 230
Round trip time was 13.288 milliseconds in repetition 231
Round trip time was 13.561 milliseconds in repetition 232
Round trip time was 12.545 milliseconds in repetition 233
Round trip time was 13.009 milliseconds in repetition 234
Round trip time was 12.742 milliseconds in repetition 235
Round trip time was 11.672 milliseconds in repetition 236
Round trip time was 12.874 milliseconds in repetition 237
Round trip time was 13.531 milliseconds in repetition 238
Round trip time was 12.386 milliseconds in repetition 239
Round trip time was 15.454 milliseconds in repetition 240
Round trip time was 11.866 milliseconds in repetition 241
Round trip time was 13.062 milliseconds in repetition 242
Round trip time was 16.623 milliseconds in repetition 243
Round trip time was 13.296 milliseconds in repetition 244
Round trip time was 12.064 milliseconds in repetition 245
Round trip time was 16.258 milliseconds in repetition 246
Round trip time was 19.502 milliseconds in repetition 247
Round trip time was 13.274 milliseconds in repetition 248
Round trip time was 13.318 milliseconds in repetition 249
Round trip time was 13.733 milliseconds in repetition 250
Round trip time was 16.905 milliseconds in repetition 251
Round trip time was 20.645 milliseconds in repetition 252
Round trip time was 12.292 milliseconds in repetition 253
Round trip time was 12.898 milliseconds in repetition 254
Round trip time was 13.095 milliseconds in repetition 255
Round trip time was 13.169 milliseconds in repetition 256
Round trip time was 12.568 milliseconds in repetition 257
Round trip time was 14.457 milliseconds in repetition 258
Round trip time was 13.370 milliseconds in repetition 259
Round trip time was 12.895 milliseconds in repetition 260
Round trip time was 15.264 milliseconds in repetition 261
Round trip time was 15.455 milliseconds in repetition 262
Round trip time was 12.764 milliseconds in repetition 263
Round trip time was 12.087 milliseconds in repetition 264
Round trip time was 13.034 milliseconds in repetition 265
Round trip time was 13.104 milliseconds in repetition 266
Round trip time was 12.877 milliseconds in repetition 267
Round trip time was 19.061 milliseconds in repetition 268
Round trip time was 12.805 milliseconds in repetition 269
Round trip time was 11.950 milliseconds in repetition 270
Round trip time was 13.246 milliseconds in repetition 271
Round trip time was 13.027 milliseconds in repetition 272
Round trip time was 12.713 milliseconds in repetition 273
Round trip time was 12.430 milliseconds in repetition 274
Round trip time was 17.557 milliseconds in repetition 275
Round trip time was 13.316 milliseconds in repetition 276
Round trip time was 12.312 milliseconds in repetition 277
Round trip time was 14.017 milliseconds in repetition 278
Round trip time was 12.857 milliseconds in repetition 279
Round trip time was 12.763 milliseconds in repetition 280
Round trip time was 12.500 milliseconds in repetition 281
Round trip time was 12.864 milliseconds in repetition 282
Round trip time was 16.344 milliseconds in repetition 283
Round trip time was 12.373 milliseconds in repetition 284
Round trip time was 12.865 milliseconds in repetition 285
Round trip time was 12.584 milliseconds in repetition 286
Round trip time was 21.987 milliseconds in repetition 287
Round trip time was 13.222 milliseconds in repetition 288
Round trip time was 14.134 milliseconds in repetition 289
Round trip time was 12.530 milliseconds in repetition 290
Round trip time was 12.758 milliseconds in repetition 291
Round trip time was 12.308 milliseconds in repetition 292
Round trip time was 22.165 milliseconds in repetition 293
Round trip time was 18.581 milliseconds in repetition 294
Round trip time was 13.216 milliseconds in repetition 295
Round trip time was 12.439 milliseconds in repetition 296
Round trip time was 13.043 milliseconds in repetition 297
Round trip time was 13.126 milliseconds in repetition 298
Round trip time was 12.772 milliseconds in repetition 299
Round trip time was 13.146 milliseconds in repetition 300
Round trip time was 13.142 milliseconds in repetition 301
Round trip time was 13.024 milliseconds in repetition 302
Round trip time was 13.182 milliseconds in repetition 303
Round trip time was 16.873 milliseconds in repetition 304
Round trip time was 12.678 milliseconds in repetition 305
Round trip time was 12.795 milliseconds in repetition 306
Round trip time was 12.209 milliseconds in repetition 307
Round trip time was 12.898 milliseconds in repetition 308
Round trip time was 16.036 milliseconds in repetition 309
Round trip time was 22.295 milliseconds in repetition 310
Round trip time was 19.780 milliseconds in repetition 311
Round trip time was 14.136 milliseconds in repetition 312
Round trip time was 12.980 milliseconds in repetition 313
Round trip time was 13.048 milliseconds in repetition 314
Round trip time was 17.195 milliseconds in repetition 315
Round trip time was 12.842 milliseconds in repetition 316
Round trip time was 12.416 milliseconds in repetition 317
Round trip time was 12.993 milliseconds in repetition 318
Round trip time was 12.404 milliseconds in repetition 319
Round trip time was 13.542 milliseconds in repetition 320
Round trip time was 18.657 milliseconds in repetition 321
Round trip time was 12.521 milliseconds in repetition 322
Round trip time was 12.095 milliseconds in repetition 323
Round trip time was 13.224 milliseconds in repetition 324
Round trip time was 13.243 milliseconds in repetition 325
Round trip time was 12.634 milliseconds in repetition 326
Round trip time was 12.760 milliseconds in repetition 327
Round trip time was 12.051 milliseconds in repetition 328
Round trip time was 12.395 milliseconds in repetition 329
Round trip time was 12.909 milliseconds in repetition 330
Round trip time was 11.967 milliseconds in repetition 331
Round trip time was 12.156 milliseconds in repetition 332
Round trip time was 12.432 milliseconds in repetition 333
Round trip time was 13.925 milliseconds in repetition 334
Round trip time was 12.950 milliseconds in repetition 335
Round trip time was 12.959 milliseconds in repetition 336
Round trip time was 11.914 milliseconds in repetition 337
Round trip time was 14.015 milliseconds in repetition 338
Round trip time was 13.097 milliseconds in repetition 339
Round trip time was 12.340 milliseconds in repetition 340
Round trip time was 12.830 milliseconds in repetition 341
Round trip time was 21.889 milliseconds in repetition 342
Round trip time was 12.921 milliseconds in repetition 343
Round trip time was 14.980 milliseconds in repetition 344
Round trip time was 12.854 milliseconds in repetition 345
Round trip time was 14.059 milliseconds in repetition 346
Round trip time was 13.042 milliseconds in repetition 347
Round trip time was 12.822 milliseconds in repetition 348
Round trip time was 12.941 milliseconds in repetition 349
Round trip time was 13.618 milliseconds in repetition 350
Round trip time was 16.579 milliseconds in repetition 351
Round trip time was 12.216 milliseconds in repetition 352
Round trip time was 13.271 milliseconds in repetition 353
Round trip time was 19.746 milliseconds in repetition 354
Round trip time was 12.535 milliseconds in repetition 355
Round trip time was 12.876 milliseconds in repetition 356
Round trip time was 16.945 milliseconds in repetition 357
Round trip time was 14.035 milliseconds in repetition 358
Round trip time was 12.592 milliseconds in repetition 359
Round trip time was 13.108 milliseconds in repetition 360
Round trip time was 12.997 milliseconds in repetition 361
Round trip time was 13.369 milliseconds in repetition 362
Round trip time was 12.951 milliseconds in repetition 363
Round trip time was 12.647 milliseconds in repetition 364
Round trip time was 13.059 milliseconds in repetition 365
Round trip time was 16.528 milliseconds in repetition 366
Round trip time was 14.504 milliseconds in repetition 367
Round trip time was 15.111 milliseconds in repetition 368
Round trip time was 18.486 milliseconds in repetition 369
Round trip time was 13.614 milliseconds in repetition 370
Round trip time was 25.271 milliseconds in repetition 371
Round trip time was 15.557 milliseconds in repetition 372
Round trip time was 16.723 milliseconds in repetition 373
Round trip time was 12.789 milliseconds in repetition 374
Round trip time was 12.967 milliseconds in repetition 375
Round trip time was 14.540 milliseconds in repetition 376
Round trip time was 14.424 milliseconds in repetition 377
Round trip time was 16.686 milliseconds in repetition 378
Round trip time was 13.757 milliseconds in repetition 379
Round trip time was 12.307 milliseconds in repetition 380
Round trip time was 12.835 milliseconds in repetition 381
Round trip time was 12.548 milliseconds in repetition 382
Round trip time was 12.369 milliseconds in repetition 383
Round trip time was 14.721 milliseconds in repetition 384
Round trip time was 18.645 milliseconds in repetition 385
Round trip time was 15.294 milliseconds in repetition 386
Round trip time was 12.980 milliseconds in repetition 387
Round trip time was 13.833 milliseconds in repetition 388
Round trip time was 12.998 milliseconds in repetition 389
Round trip time was 13.805 milliseconds in repetition 390
Round trip time was 12.853 milliseconds in repetition 391
Round trip time was 15.666 milliseconds in repetition 392
Round trip time was 13.383 milliseconds in repetition 393
Round trip time was 13.144 milliseconds in repetition 394
Round trip time was 14.266 milliseconds in repetition 395
Round trip time was 11.687 milliseconds in repetition 396
Round trip time was 13.482 milliseconds in repetition 397
Round trip time was 12.728 milliseconds in repetition 398
Round trip time was 13.172 milliseconds in repetition 399
Round trip time was 13.467 milliseconds in repetition 400
Round trip time was 12.734 milliseconds in repetition 401
Round trip time was 12.562 milliseconds in repetition 402
Round trip time was 11.930 milliseconds in repetition 403
Round trip time was 12.849 milliseconds in repetition 404
Round trip time was 12.923 milliseconds in repetition 405
Round trip time was 12.738 milliseconds in repetition 406
Round trip time was 12.443 milliseconds in repetition 407
Round trip time was 12.791 milliseconds in repetition 408
Round trip time was 12.805 milliseconds in repetition 409
Round trip time was 13.546 milliseconds in repetition 410
Round trip time was 12.165 milliseconds in repetition 411
Round trip time was 12.814 milliseconds in repetition 412
Round trip time was 14.118 milliseconds in repetition 413
Round trip time was 13.435 milliseconds in repetition 414
Round trip time was 13.663 milliseconds in repetition 415
Round trip time was 12.693 milliseconds in repetition 416
Round trip time was 12.864 milliseconds in repetition 417
Round trip time was 16.873 milliseconds in repetition 418
Round trip time was 14.266 milliseconds in repetition 419
Round trip time was 15.129 milliseconds in repetition 420
Round trip time was 12.642 milliseconds in repetition 421
Round trip time was 18.512 milliseconds in repetition 422
Round trip time was 13.516 milliseconds in repetition 423
Round trip time was 12.056 milliseconds in repetition 424
Round trip time was 12.208 milliseconds in repetition 425
Round trip time was 13.112 milliseconds in repetition 426
Round trip time was 12.536 milliseconds in repetition 427
Round trip time was 15.563 milliseconds in repetition 428
Round trip time was 12.646 milliseconds in repetition 429
Round trip time was 12.382 milliseconds in repetition 430
Round trip time was 12.591 milliseconds in repetition 431
Round trip time was 12.987 milliseconds in repetition 432
Round trip time was 13.607 milliseconds in repetition 433
Round trip time was 13.178 milliseconds in repetition 434
Round trip time was 14.196 milliseconds in repetition 435
Round trip time was 17.796 milliseconds in repetition 436
Round trip time was 14.640 milliseconds in repetition 437
Round trip time was 12.153 milliseconds in repetition 438
Round trip time was 12.468 milliseconds in repetition 439
Round trip time was 12.970 milliseconds in repetition 440
Round trip time was 19.760 milliseconds in repetition 441
Round trip time was 12.636 milliseconds in repetition 442
Round trip time was 14.700 milliseconds in repetition 443
Round trip time was 15.783 milliseconds in repetition 444
Round trip time was 12.835 milliseconds in repetition 445
Round trip time was 13.115 milliseconds in repetition 446
Round trip time was 12.193 milliseconds in repetition 447
Round trip time was 13.240 milliseconds in repetition 448
Round trip time was 13.724 milliseconds in repetition 449
Round trip time was 13.056 milliseconds in repetition 450
Round trip time was 12.082 milliseconds in repetition 451
Round trip time was 12.502 milliseconds in repetition 452
Round trip time was 12.604 milliseconds in repetition 453
Round trip time was 12.178 milliseconds in repetition 454
Round trip time was 12.995 milliseconds in repetition 455
Round trip time was 12.611 milliseconds in repetition 456
Round trip time was 13.267 milliseconds in repetition 457
Round trip time was 12.464 milliseconds in repetition 458
Round trip time was 17.372 milliseconds in repetition 459
Round trip time was 13.275 milliseconds in repetition 460
Round trip time was 13.637 milliseconds in repetition 461
Round trip time was 13.513 milliseconds in repetition 462
Round trip time was 12.992 milliseconds in repetition 463
Round trip time was 13.019 milliseconds in repetition 464
Round trip time was 12.668 milliseconds in repetition 465
Round trip time was 12.099 milliseconds in repetition 466
Round trip time was 12.923 milliseconds in repetition 467
Round trip time was 12.795 milliseconds in repetition 468
Round trip time was 11.943 milliseconds in repetition 469
Round trip time was 13.355 milliseconds in repetition 470
Round trip time was 12.918 milliseconds in repetition 471
Round trip time was 13.916 milliseconds in repetition 472
Round trip time was 22.343 milliseconds in repetition 473
Round trip time was 12.769 milliseconds in repetition 474
Round trip time was 12.752 milliseconds in repetition 475
Round trip time was 13.037 milliseconds in repetition 476
Round trip time was 12.867 milliseconds in repetition 477
Round trip time was 12.086 milliseconds in repetition 478
Round trip time was 13.817 milliseconds in repetition 479
Round trip time was 12.364 milliseconds in repetition 480
Round trip time was 13.669 milliseconds in repetition 481
Round trip time was 14.264 milliseconds in repetition 482
Round trip time was 12.408 milliseconds in repetition 483
Round trip time was 13.915 milliseconds in repetition 484
Round trip time was 12.936 milliseconds in repetition 485
Round trip time was 12.783 milliseconds in repetition 486
Round trip time was 13.477 milliseconds in repetition 487
Round trip time was 15.107 milliseconds in repetition 488
Round trip time was 13.333 milliseconds in repetition 489
Round trip time was 13.251 milliseconds in repetition 490
Round trip time was 13.762 milliseconds in repetition 491
Round trip time was 17.764 milliseconds in repetition 492
Round trip time was 12.706 milliseconds in repetition 493
Round trip time was 19.255 milliseconds in repetition 494
Round trip time was 14.220 milliseconds in repetition 495
Round trip time was 13.305 milliseconds in repetition 496
Round trip time was 13.298 milliseconds in repetition 497
Round trip time was 12.857 milliseconds in repetition 498
Round trip time was 12.454 milliseconds in repetition 499
Round trip time was 12.984 milliseconds in repetition 500
Round trip time was 13.274 milliseconds in repetition 501

 ... clock resolution was 1e-06
UDP Ping:  Statistics over 501 repetitions of 1024 byte messages

RTT : percentile 10: 12.3641, median: 13.1776, percentile 90: 17.2651, average: 14.1753, variance: 7.92628

RTT histogram:
11.6717 58
13.1075 285
14.5433 67
15.9792 30
17.415 18
18.8508 13
20.2866 11
21.7225 11
23.1583 2
24.5941 3
26.0299 0
27.4657 0
28.9016 1
30.3374 0
31.7732 1
33.209 0
34.6449 0
36.0807 0
37.5165 0
38.9523 0
40.3882 1

   median Throughput : 155.415 KB/s   overall Throughput : 144.477 KB/s

