UDP Ping trying to connect to server seti.dibris.unige.it (130.251.61.30) on TCP port 1491
 ... connected to Pong server: asking for 501 repetitions of 256 _bytes UDP messages
 ... Pong server agreed to ping-pong using port 51581 :-)
Round trip time was 31.680 milliseconds in repetition 1
Round trip time was 22.772 milliseconds in repetition 2
Round trip time was 28.388 milliseconds in repetition 3
Round trip time was 20.682 milliseconds in repetition 4
Round trip time was 21.057 milliseconds in repetition 5
Round trip time was 20.965 milliseconds in repetition 6
Round trip time was 26.365 milliseconds in repetition 7
Round trip time was 20.100 milliseconds in repetition 8
Round trip time was 21.523 milliseconds in repetition 9
Round trip time was 21.492 milliseconds in repetition 10
Round trip time was 25.824 milliseconds in repetition 11
Round trip time was 21.195 milliseconds in repetition 12
Round trip time was 21.900 milliseconds in repetition 13
Round trip time was 21.041 milliseconds in repetition 14
Round trip time was 22.765 milliseconds in repetition 15
Round trip time was 20.833 milliseconds in repetition 16
Round trip time was 20.241 milliseconds in repetition 17
Round trip time was 33.472 milliseconds in repetition 18
Round trip time was 25.735 milliseconds in repetition 19
Round trip time was 20.236 milliseconds in repetition 20
Round trip time was 20.065 milliseconds in repetition 21
Round trip time was 23.304 milliseconds in repetition 22
Round trip time was 22.092 milliseconds in repetition 23
Round trip time was 20.867 milliseconds in repetition 24
Round trip time was 25.192 milliseconds in repetition 25
Round trip time was 20.411 milliseconds in repetition 26
Round trip time was 22.676 milliseconds in repetition 27
Round trip time was 19.369 milliseconds in repetition 28
Round trip time was 23.419 milliseconds in repetition 29
Round trip time was 19.724 milliseconds in repetition 30
Round trip time was 19.796 milliseconds in repetition 31
Round trip time was 23.018 milliseconds in repetition 32
Round trip time was 19.936 milliseconds in repetition 33
Round trip time was 21.108 milliseconds in repetition 34
Round trip time was 28.808 milliseconds in repetition 35
Round trip time was 19.529 milliseconds in repetition 36
Round trip time was 20.533 milliseconds in repetition 37
Round trip time was 22.141 milliseconds in repetition 38
Round trip time was 20.641 milliseconds in repetition 39
Round trip time was 19.803 milliseconds in repetition 40
Round trip time was 21.045 milliseconds in repetition 41
Round trip time was 23.372 milliseconds in repetition 42
Round trip time was 20.255 milliseconds in repetition 43
Round trip time was 19.316 milliseconds in repetition 44
Round trip time was 20.527 milliseconds in repetition 45
Round trip time was 23.313 milliseconds in repetition 46
Round trip time was 19.601 milliseconds in repetition 47
Round trip time was 19.778 milliseconds in repetition 48
Round trip time was 20.738 milliseconds in repetition 49
Round trip time was 19.355 milliseconds in repetition 50
Round trip time was 21.787 milliseconds in repetition 51
Round trip time was 20.635 milliseconds in repetition 52
Round trip time was 19.987 milliseconds in repetition 53
Round trip time was 20.880 milliseconds in repetition 54
Round trip time was 19.395 milliseconds in repetition 55
Round trip time was 18.813 milliseconds in repetition 56
Round trip time was 20.535 milliseconds in repetition 57
Round trip time was 19.521 milliseconds in repetition 58
Round trip time was 19.904 milliseconds in repetition 59
Round trip time was 20.644 milliseconds in repetition 60
Round trip time was 19.505 milliseconds in repetition 61
Round trip time was 22.827 milliseconds in repetition 62
Round trip time was 25.147 milliseconds in repetition 63
Round trip time was 20.568 milliseconds in repetition 64
Round trip time was 29.042 milliseconds in repetition 65
Round trip time was 21.858 milliseconds in repetition 66
Round trip time was 20.876 milliseconds in repetition 67
Round trip time was 22.742 milliseconds in repetition 68
Round trip time was 20.372 milliseconds in repetition 69
Round trip time was 28.781 milliseconds in repetition 70
Round trip time was 20.161 milliseconds in repetition 71
Round trip time was 20.033 milliseconds in repetition 72
Round trip time was 20.130 milliseconds in repetition 73
Round trip time was 21.900 milliseconds in repetition 74
Round trip time was 21.586 milliseconds in repetition 75
Round trip time was 19.345 milliseconds in repetition 76
Round trip time was 19.577 milliseconds in repetition 77
Round trip time was 19.247 milliseconds in repetition 78
Round trip time was 21.457 milliseconds in repetition 79
Round trip time was 19.567 milliseconds in repetition 80
Round trip time was 20.231 milliseconds in repetition 81
Round trip time was 24.161 milliseconds in repetition 82
Round trip time was 20.494 milliseconds in repetition 83
Round trip time was 22.826 milliseconds in repetition 84
Round trip time was 20.379 milliseconds in repetition 85
Round trip time was 20.424 milliseconds in repetition 86
Round trip time was 20.283 milliseconds in repetition 87
Round trip time was 19.929 milliseconds in repetition 88
Round trip time was 20.791 milliseconds in repetition 89
Round trip time was 25.275 milliseconds in repetition 90
Round trip time was 21.362 milliseconds in repetition 91
Round trip time was 21.219 milliseconds in repetition 92
Round trip time was 19.877 milliseconds in repetition 93
Round trip time was 21.758 milliseconds in repetition 94
Round trip time was 19.938 milliseconds in repetition 95
Round trip time was 21.620 milliseconds in repetition 96
Round trip time was 20.375 milliseconds in repetition 97
Round trip time was 21.815 milliseconds in repetition 98
Round trip time was 20.825 milliseconds in repetition 99
Round trip time was 22.313 milliseconds in repetition 100
Round trip time was 21.701 milliseconds in repetition 101
Round trip time was 20.869 milliseconds in repetition 102
Round trip time was 20.426 milliseconds in repetition 103
Round trip time was 21.138 milliseconds in repetition 104
Round trip time was 20.622 milliseconds in repetition 105
Round trip time was 25.849 milliseconds in repetition 106
Round trip time was 19.030 milliseconds in repetition 107
Round trip time was 21.395 milliseconds in repetition 108
Round trip time was 19.247 milliseconds in repetition 109
Round trip time was 20.312 milliseconds in repetition 110
Round trip time was 22.649 milliseconds in repetition 111
Round trip time was 20.693 milliseconds in repetition 112
Round trip time was 19.717 milliseconds in repetition 113
Round trip time was 20.770 milliseconds in repetition 114
Round trip time was 20.722 milliseconds in repetition 115
Round trip time was 37.566 milliseconds in repetition 116
Round trip time was 24.372 milliseconds in repetition 117
Round trip time was 21.583 milliseconds in repetition 118
Round trip time was 20.344 milliseconds in repetition 119
Round trip time was 23.737 milliseconds in repetition 120
Round trip time was 20.218 milliseconds in repetition 121
Round trip time was 21.500 milliseconds in repetition 122
Round trip time was 21.898 milliseconds in repetition 123
Round trip time was 26.559 milliseconds in repetition 124
Round trip time was 19.223 milliseconds in repetition 125
Round trip time was 20.367 milliseconds in repetition 126
Round trip time was 20.088 milliseconds in repetition 127
Round trip time was 23.035 milliseconds in repetition 128
Round trip time was 22.974 milliseconds in repetition 129
Round trip time was 20.093 milliseconds in repetition 130
Round trip time was 21.635 milliseconds in repetition 131
Round trip time was 19.552 milliseconds in repetition 132
Round trip time was 20.489 milliseconds in repetition 133
Round trip time was 19.291 milliseconds in repetition 134
Round trip time was 19.947 milliseconds in repetition 135
Round trip time was 21.154 milliseconds in repetition 136
Round trip time was 21.030 milliseconds in repetition 137
Round trip time was 19.362 milliseconds in repetition 138
Round trip time was 20.709 milliseconds in repetition 139
Round trip time was 21.326 milliseconds in repetition 140
Round trip time was 19.121 milliseconds in repetition 141
Round trip time was 21.093 milliseconds in repetition 142
Round trip time was 19.654 milliseconds in repetition 143
Round trip time was 23.507 milliseconds in repetition 144
Round trip time was 21.234 milliseconds in repetition 145
Round trip time was 20.803 milliseconds in repetition 146
Round trip time was 25.736 milliseconds in repetition 147
Round trip time was 19.436 milliseconds in repetition 148
Round trip time was 19.880 milliseconds in repetition 149
Round trip time was 21.052 milliseconds in repetition 150
Round trip time was 19.910 milliseconds in repetition 151
Round trip time was 19.505 milliseconds in repetition 152
Round trip time was 20.862 milliseconds in repetition 153
Round trip time was 20.587 milliseconds in repetition 154
Round trip time was 20.773 milliseconds in repetition 155
Round trip time was 19.518 milliseconds in repetition 156
Round trip time was 20.807 milliseconds in repetition 157
Round trip time was 20.121 milliseconds in repetition 158
Round trip time was 20.559 milliseconds in repetition 159
Round trip time was 29.547 milliseconds in repetition 160
Round trip time was 19.563 milliseconds in repetition 161
Round trip time was 20.603 milliseconds in repetition 162
Round trip time was 21.964 milliseconds in repetition 163
Round trip time was 21.041 milliseconds in repetition 164
Round trip time was 20.106 milliseconds in repetition 165
Round trip time was 20.428 milliseconds in repetition 166
Round trip time was 20.754 milliseconds in repetition 167
Round trip time was 19.992 milliseconds in repetition 168
Round trip time was 20.443 milliseconds in repetition 169
Round trip time was 29.497 milliseconds in repetition 170
Round trip time was 19.751 milliseconds in repetition 171
Round trip time was 21.902 milliseconds in repetition 172
Round trip time was 20.371 milliseconds in repetition 173
Round trip time was 20.926 milliseconds in repetition 174
Round trip time was 26.450 milliseconds in repetition 175
Round trip time was 21.882 milliseconds in repetition 176
Round trip time was 20.422 milliseconds in repetition 177
Round trip time was 20.128 milliseconds in repetition 178
Round trip time was 18.711 milliseconds in repetition 179
Round trip time was 20.435 milliseconds in repetition 180
Round trip time was 24.139 milliseconds in repetition 181
Round trip time was 19.597 milliseconds in repetition 182
Round trip time was 19.208 milliseconds in repetition 183
Round trip time was 19.453 milliseconds in repetition 184
Round trip time was 19.101 milliseconds in repetition 185
Round trip time was 22.745 milliseconds in repetition 186
Round trip time was 23.040 milliseconds in repetition 187
Round trip time was 22.842 milliseconds in repetition 188
Round trip time was 20.508 milliseconds in repetition 189
Round trip time was 19.020 milliseconds in repetition 190
Round trip time was 19.733 milliseconds in repetition 191
Round trip time was 31.679 milliseconds in repetition 192
Round trip time was 20.602 milliseconds in repetition 193
Round trip time was 19.990 milliseconds in repetition 194
Round trip time was 20.220 milliseconds in repetition 195
Round trip time was 20.369 milliseconds in repetition 196
Round trip time was 20.587 milliseconds in repetition 197
Round trip time was 20.962 milliseconds in repetition 198
Round trip time was 20.172 milliseconds in repetition 199
Round trip time was 19.839 milliseconds in repetition 200
Round trip time was 19.944 milliseconds in repetition 201
Round trip time was 20.573 milliseconds in repetition 202
Round trip time was 19.652 milliseconds in repetition 203
Round trip time was 27.130 milliseconds in repetition 204
Round trip time was 20.031 milliseconds in repetition 205
Round trip time was 20.354 milliseconds in repetition 206
Round trip time was 20.688 milliseconds in repetition 207
Round trip time was 22.241 milliseconds in repetition 208
Round trip time was 20.120 milliseconds in repetition 209
Round trip time was 23.000 milliseconds in repetition 210
Round trip time was 20.122 milliseconds in repetition 211
Round trip time was 19.608 milliseconds in repetition 212
Round trip time was 21.188 milliseconds in repetition 213
Round trip time was 26.172 milliseconds in repetition 214
Round trip time was 23.724 milliseconds in repetition 215
Round trip time was 22.386 milliseconds in repetition 216
Round trip time was 29.711 milliseconds in repetition 217
Round trip time was 26.622 milliseconds in repetition 218
Round trip time was 25.937 milliseconds in repetition 219
Round trip time was 22.589 milliseconds in repetition 220
Round trip time was 23.643 milliseconds in repetition 221
Round trip time was 21.513 milliseconds in repetition 222
Round trip time was 20.296 milliseconds in repetition 223
Round trip time was 20.668 milliseconds in repetition 224
Round trip time was 20.568 milliseconds in repetition 225
Round trip time was 24.098 milliseconds in repetition 226
Round trip time was 20.415 milliseconds in repetition 227
Round trip time was 22.030 milliseconds in repetition 228
Round trip time was 21.747 milliseconds in repetition 229
Round trip time was 32.855 milliseconds in repetition 230
Round trip time was 22.907 milliseconds in repetition 231
Round trip time was 18.921 milliseconds in repetition 232
Round trip time was 25.773 milliseconds in repetition 233
Round trip time was 20.279 milliseconds in repetition 234
Round trip time was 20.001 milliseconds in repetition 235
Round trip time was 20.048 milliseconds in repetition 236
Round trip time was 19.212 milliseconds in repetition 237
Round trip time was 21.970 milliseconds in repetition 238
Round trip time was 19.688 milliseconds in repetition 239
Round trip time was 20.436 milliseconds in repetition 240
Round trip time was 19.709 milliseconds in repetition 241
Round trip time was 18.940 milliseconds in repetition 242
Round trip time was 20.224 milliseconds in repetition 243
Round trip time was 20.105 milliseconds in repetition 244
Round trip time was 20.793 milliseconds in repetition 245
Round trip time was 20.154 milliseconds in repetition 246
Round trip time was 23.391 milliseconds in repetition 247
Round trip time was 19.310 milliseconds in repetition 248
Round trip time was 19.474 milliseconds in repetition 249
Round trip time was 19.396 milliseconds in repetition 250
Round trip time was 19.999 milliseconds in repetition 251
Round trip time was 19.101 milliseconds in repetition 252
Round trip time was 19.816 milliseconds in repetition 253
Round trip time was 18.888 milliseconds in repetition 254
Round trip time was 18.482 milliseconds in repetition 255
Round trip time was 18.497 milliseconds in repetition 256
Round trip time was 19.685 milliseconds in repetition 257
Round trip time was 26.223 milliseconds in repetition 258
Round trip time was 19.263 milliseconds in repetition 259
Round trip time was 19.616 milliseconds in repetition 260
Round trip time was 19.391 milliseconds in repetition 261
Round trip time was 20.971 milliseconds in repetition 262
Round trip time was 20.397 milliseconds in repetition 263
Round trip time was 19.509 milliseconds in repetition 264
Round trip time was 19.898 milliseconds in repetition 265
Round trip time was 19.008 milliseconds in repetition 266
Round trip time was 20.952 milliseconds in repetition 267
Round trip time was 20.020 milliseconds in repetition 268
Round trip time was 20.824 milliseconds in repetition 269
Round trip time was 19.251 milliseconds in repetition 270
Round trip time was 19.047 milliseconds in repetition 271
Round trip time was 20.167 milliseconds in repetition 272
Round trip time was 20.567 milliseconds in repetition 273
Round trip time was 19.958 milliseconds in repetition 274
Round trip time was 19.520 milliseconds in repetition 275
Round trip time was 19.350 milliseconds in repetition 276
Round trip time was 19.353 milliseconds in repetition 277
Round trip time was 20.757 milliseconds in repetition 278
Round trip time was 19.951 milliseconds in repetition 279
Round trip time was 22.853 milliseconds in repetition 280
Round trip time was 21.548 milliseconds in repetition 281
Round trip time was 21.378 milliseconds in repetition 282
Round trip time was 21.336 milliseconds in repetition 283
Round trip time was 22.629 milliseconds in repetition 284
Round trip time was 25.543 milliseconds in repetition 285
Round trip time was 21.627 milliseconds in repetition 286
Round trip time was 22.801 milliseconds in repetition 287
Round trip time was 20.091 milliseconds in repetition 288
Round trip time was 20.431 milliseconds in repetition 289
Round trip time was 20.524 milliseconds in repetition 290
Round trip time was 21.761 milliseconds in repetition 291
Round trip time was 23.334 milliseconds in repetition 292
Round trip time was 20.416 milliseconds in repetition 293
Round trip time was 24.506 milliseconds in repetition 294
Round trip time was 24.058 milliseconds in repetition 295
Round trip time was 25.663 milliseconds in repetition 296
Round trip time was 26.728 milliseconds in repetition 297
Round trip time was 24.093 milliseconds in repetition 298
Round trip time was 20.617 milliseconds in repetition 299
Round trip time was 19.472 milliseconds in repetition 300
Round trip time was 22.237 milliseconds in repetition 301
Round trip time was 20.893 milliseconds in repetition 302
Round trip time was 29.369 milliseconds in repetition 303
Round trip time was 23.195 milliseconds in repetition 304
Round trip time was 20.054 milliseconds in repetition 305
Round trip time was 20.876 milliseconds in repetition 306
Round trip time was 21.462 milliseconds in repetition 307
Round trip time was 19.660 milliseconds in repetition 308
Round trip time was 20.446 milliseconds in repetition 309
Round trip time was 24.703 milliseconds in repetition 310
Round trip time was 21.272 milliseconds in repetition 311
Round trip time was 20.196 milliseconds in repetition 312
Round trip time was 19.039 milliseconds in repetition 313
Round trip time was 21.799 milliseconds in repetition 314
Round trip time was 19.759 milliseconds in repetition 315
Round trip time was 22.301 milliseconds in repetition 316
Round trip time was 20.842 milliseconds in repetition 317
Round trip time was 21.534 milliseconds in repetition 318
Round trip time was 20.402 milliseconds in repetition 319
Round trip time was 21.219 milliseconds in repetition 320
Round trip time was 24.997 milliseconds in repetition 321
Round trip time was 22.487 milliseconds in repetition 322
Round trip time was 19.643 milliseconds in repetition 323
Round trip time was 26.438 milliseconds in repetition 324
Round trip time was 20.314 milliseconds in repetition 325
Round trip time was 20.071 milliseconds in repetition 326
Round trip time was 20.188 milliseconds in repetition 327
Round trip time was 21.022 milliseconds in repetition 328
Round trip time was 20.103 milliseconds in repetition 329
Round trip time was 19.276 milliseconds in repetition 330
Round trip time was 19.425 milliseconds in repetition 331
Round trip time was 20.756 milliseconds in repetition 332
Round trip time was 20.503 milliseconds in repetition 333
Round trip time was 19.817 milliseconds in repetition 334
Round trip time was 19.538 milliseconds in repetition 335
Round trip time was 24.208 milliseconds in repetition 336
Round trip time was 21.398 milliseconds in repetition 337
Round trip time was 19.918 milliseconds in repetition 338
Round trip time was 19.985 milliseconds in repetition 339
Round trip time was 19.474 milliseconds in repetition 340
Round trip time was 19.392 milliseconds in repetition 341
Round trip time was 19.592 milliseconds in repetition 342
Round trip time was 19.144 milliseconds in repetition 343
Round trip time was 20.803 milliseconds in repetition 344
Round trip time was 19.472 milliseconds in repetition 345
Round trip time was 20.838 milliseconds in repetition 346
Round trip time was 20.997 milliseconds in repetition 347
Round trip time was 20.074 milliseconds in repetition 348
Round trip time was 19.779 milliseconds in repetition 349
Round trip time was 20.288 milliseconds in repetition 350
Round trip time was 20.544 milliseconds in repetition 351
Round trip time was 20.476 milliseconds in repetition 352
Round trip time was 20.093 milliseconds in repetition 353
Round trip time was 19.972 milliseconds in repetition 354
Round trip time was 19.698 milliseconds in repetition 355
Round trip time was 20.238 milliseconds in repetition 356
Round trip time was 22.659 milliseconds in repetition 357
Round trip time was 20.190 milliseconds in repetition 358
Round trip time was 22.007 milliseconds in repetition 359
Round trip time was 20.612 milliseconds in repetition 360
Round trip time was 20.470 milliseconds in repetition 361
Round trip time was 21.545 milliseconds in repetition 362
Round trip time was 19.676 milliseconds in repetition 363
Round trip time was 22.494 milliseconds in repetition 364
Round trip time was 20.618 milliseconds in repetition 365
Round trip time was 20.605 milliseconds in repetition 366
Round trip time was 21.107 milliseconds in repetition 367
Round trip time was 21.984 milliseconds in repetition 368
Round trip time was 21.781 milliseconds in repetition 369
Round trip time was 19.335 milliseconds in repetition 370
Round trip time was 19.913 milliseconds in repetition 371
Round trip time was 20.743 milliseconds in repetition 372
Round trip time was 20.611 milliseconds in repetition 373
Round trip time was 21.946 milliseconds in repetition 374
Round trip time was 20.239 milliseconds in repetition 375
Round trip time was 23.656 milliseconds in repetition 376
Round trip time was 21.632 milliseconds in repetition 377
Round trip time was 20.083 milliseconds in repetition 378
Round trip time was 20.804 milliseconds in repetition 379
Round trip time was 19.926 milliseconds in repetition 380
Round trip time was 19.128 milliseconds in repetition 381
Round trip time was 21.820 milliseconds in repetition 382
Round trip time was 29.167 milliseconds in repetition 383
Round trip time was 21.562 milliseconds in repetition 384
Round trip time was 22.920 milliseconds in repetition 385
Round trip time was 22.586 milliseconds in repetition 386
Round trip time was 22.693 milliseconds in repetition 387
Round trip time was 26.749 milliseconds in repetition 388
Round trip time was 20.539 milliseconds in repetition 389
Round trip time was 20.028 milliseconds in repetition 390
Round trip time was 20.274 milliseconds in repetition 391
Round trip time was 20.293 milliseconds in repetition 392
Round trip time was 19.853 milliseconds in repetition 393
Round trip time was 19.562 milliseconds in repetition 394
Round trip time was 19.419 milliseconds in repetition 395
Round trip time was 19.537 milliseconds in repetition 396
Round trip time was 20.145 milliseconds in repetition 397
Round trip time was 30.893 milliseconds in repetition 398
Round trip time was 24.068 milliseconds in repetition 399
Round trip time was 19.204 milliseconds in repetition 400
Round trip time was 20.307 milliseconds in repetition 401
Round trip time was 20.100 milliseconds in repetition 402
Round trip time was 19.539 milliseconds in repetition 403
Round trip time was 21.582 milliseconds in repetition 404
Round trip time was 31.827 milliseconds in repetition 405
Round trip time was 23.215 milliseconds in repetition 406
Round trip time was 21.140 milliseconds in repetition 407
Round trip time was 20.904 milliseconds in repetition 408
Round trip time was 21.804 milliseconds in repetition 409
Round trip time was 21.172 milliseconds in repetition 410
Round trip time was 31.445 milliseconds in repetition 411
Round trip time was 28.900 milliseconds in repetition 412
Round trip time was 21.751 milliseconds in repetition 413
Round trip time was 20.872 milliseconds in repetition 414
Round trip time was 19.684 milliseconds in repetition 415
Round trip time was 21.635 milliseconds in repetition 416
Round trip time was 19.248 milliseconds in repetition 417
Round trip time was 19.425 milliseconds in repetition 418
Round trip time was 32.240 milliseconds in repetition 419
Round trip time was 21.332 milliseconds in repetition 420
Round trip time was 20.767 milliseconds in repetition 421
Round trip time was 19.830 milliseconds in repetition 422
Round trip time was 23.949 milliseconds in repetition 423
Round trip time was 20.201 milliseconds in repetition 424
Round trip time was 19.533 milliseconds in repetition 425
Round trip time was 20.965 milliseconds in repetition 426
Round trip time was 18.934 milliseconds in repetition 427
Round trip time was 19.322 milliseconds in repetition 428
Round trip time was 25.681 milliseconds in repetition 429
Round trip time was 27.509 milliseconds in repetition 430
Round trip time was 20.474 milliseconds in repetition 431
Round trip time was 18.945 milliseconds in repetition 432
Round trip time was 20.378 milliseconds in repetition 433
Round trip time was 19.362 milliseconds in repetition 434
Round trip time was 19.873 milliseconds in repetition 435
Round trip time was 20.086 milliseconds in repetition 436
Round trip time was 18.947 milliseconds in repetition 437
Round trip time was 23.608 milliseconds in repetition 438
Round trip time was 19.739 milliseconds in repetition 439
Round trip time was 19.478 milliseconds in repetition 440
Round trip time was 22.489 milliseconds in repetition 441
Round trip time was 20.223 milliseconds in repetition 442
Round trip time was 19.091 milliseconds in repetition 443
Round trip time was 18.737 milliseconds in repetition 444
Round trip time was 19.744 milliseconds in repetition 445
Round trip time was 26.530 milliseconds in repetition 446
Round trip time was 19.292 milliseconds in repetition 447
Round trip time was 19.614 milliseconds in repetition 448
Round trip time was 20.578 milliseconds in repetition 449
Round trip time was 21.902 milliseconds in repetition 450
Round trip time was 19.791 milliseconds in repetition 451
Round trip time was 21.095 milliseconds in repetition 452
Round trip time was 19.945 milliseconds in repetition 453
Round trip time was 20.301 milliseconds in repetition 454
Round trip time was 20.994 milliseconds in repetition 455
Round trip time was 23.258 milliseconds in repetition 456
Round trip time was 19.856 milliseconds in repetition 457
Round trip time was 19.553 milliseconds in repetition 458
Round trip time was 20.363 milliseconds in repetition 459
Round trip time was 19.091 milliseconds in repetition 460
Round trip time was 20.045 milliseconds in repetition 461
Round trip time was 19.155 milliseconds in repetition 462
Round trip time was 20.396 milliseconds in repetition 463
Round trip time was 21.026 milliseconds in repetition 464
Round trip time was 20.496 milliseconds in repetition 465
Round trip time was 20.792 milliseconds in repetition 466
Round trip time was 21.047 milliseconds in repetition 467
Round trip time was 20.653 milliseconds in repetition 468
Round trip time was 20.439 milliseconds in repetition 469
Round trip time was 32.002 milliseconds in repetition 470
Round trip time was 31.901 milliseconds in repetition 471
Round trip time was 19.482 milliseconds in repetition 472
Round trip time was 19.558 milliseconds in repetition 473
Round trip time was 19.481 milliseconds in repetition 474
Round trip time was 19.141 milliseconds in repetition 475
Round trip time was 22.186 milliseconds in repetition 476
Round trip time was 20.185 milliseconds in repetition 477
Round trip time was 19.232 milliseconds in repetition 478
Round trip time was 19.796 milliseconds in repetition 479
Round trip time was 19.903 milliseconds in repetition 480
Round trip time was 19.730 milliseconds in repetition 481
Round trip time was 19.826 milliseconds in repetition 482
Round trip time was 20.891 milliseconds in repetition 483
Round trip time was 20.555 milliseconds in repetition 484
Round trip time was 21.455 milliseconds in repetition 485
Round trip time was 19.957 milliseconds in repetition 486
Round trip time was 19.596 milliseconds in repetition 487
Round trip time was 21.957 milliseconds in repetition 488
Round trip time was 22.206 milliseconds in repetition 489
Round trip time was 19.887 milliseconds in repetition 490
Round trip time was 19.783 milliseconds in repetition 491
Round trip time was 20.979 milliseconds in repetition 492
Round trip time was 21.347 milliseconds in repetition 493
Round trip time was 22.613 milliseconds in repetition 494
Round trip time was 20.032 milliseconds in repetition 495
Round trip time was 20.006 milliseconds in repetition 496
Round trip time was 23.010 milliseconds in repetition 497
Round trip time was 25.693 milliseconds in repetition 498
Round trip time was 23.154 milliseconds in repetition 499
Round trip time was 19.152 milliseconds in repetition 500
Round trip time was 26.732 milliseconds in repetition 501

 ... clock resolution was 1e-06
UDP Ping:  Statistics over 501 repetitions of 256 byte messages

RTT : percentile 10: 19.391, median: 20.5668, percentile 90: 24.3716, average: 21.4131, variance: 7.03918

RTT histogram:
18.4825 11
19.4366 121
20.3908 165
21.345 78
22.2991 38
23.2533 28
24.2075 11
25.1617 6
26.1158 16
27.07 6
28.0242 1
28.9784 6
29.9325 3
30.8867 1
31.8409 7
32.7951 1
33.7492 1
34.7034 0
35.6576 0
36.6117 0
37.5659 1

   median Throughput : 24.8945 KB/s   overall Throughput : 23.9107 KB/s

