UDP Ping trying to connect to server seti.dibris.unige.it (130.251.61.30) on TCP port 1491
 ... connected to Pong server: asking for 501 repetitions of 128 _bytes UDP messages
 ... Pong server agreed to ping-pong using port 51581 :-)
Round trip time was 22.340 milliseconds in repetition 1
Round trip time was 19.178 milliseconds in repetition 2
Round trip time was 18.903 milliseconds in repetition 3
Round trip time was 18.666 milliseconds in repetition 4
Round trip time was 18.770 milliseconds in repetition 5
Round trip time was 19.086 milliseconds in repetition 6
Round trip time was 18.431 milliseconds in repetition 7
Round trip time was 24.226 milliseconds in repetition 8
Round trip time was 19.240 milliseconds in repetition 9
Round trip time was 18.482 milliseconds in repetition 10
Round trip time was 21.769 milliseconds in repetition 11
Round trip time was 19.035 milliseconds in repetition 12
Round trip time was 18.897 milliseconds in repetition 13
Round trip time was 18.850 milliseconds in repetition 14
Round trip time was 19.568 milliseconds in repetition 15
Round trip time was 27.534 milliseconds in repetition 16
Round trip time was 19.002 milliseconds in repetition 17
Round trip time was 22.008 milliseconds in repetition 18
Round trip time was 17.844 milliseconds in repetition 19
Round trip time was 21.283 milliseconds in repetition 20
Round trip time was 18.976 milliseconds in repetition 21
Round trip time was 18.888 milliseconds in repetition 22
Round trip time was 25.037 milliseconds in repetition 23
Round trip time was 18.081 milliseconds in repetition 24
Round trip time was 22.843 milliseconds in repetition 25
Round trip time was 18.687 milliseconds in repetition 26
Round trip time was 20.824 milliseconds in repetition 27
Round trip time was 19.014 milliseconds in repetition 28
Round trip time was 19.093 milliseconds in repetition 29
Round trip time was 18.764 milliseconds in repetition 30
Round trip time was 18.678 milliseconds in repetition 31
Round trip time was 18.094 milliseconds in repetition 32
Round trip time was 18.750 milliseconds in repetition 33
Round trip time was 17.530 milliseconds in repetition 34
Round trip time was 17.481 milliseconds in repetition 35
Round trip time was 18.864 milliseconds in repetition 36
Round trip time was 17.737 milliseconds in repetition 37
Round trip time was 18.027 milliseconds in repetition 38
Round trip time was 17.854 milliseconds in repetition 39
Round trip time was 17.542 milliseconds in repetition 40
Round trip time was 20.362 milliseconds in repetition 41
Round trip time was 18.252 milliseconds in repetition 42
Round trip time was 16.941 milliseconds in repetition 43
Round trip time was 18.601 milliseconds in repetition 44
Round trip time was 18.179 milliseconds in repetition 45
Round trip time was 18.251 milliseconds in repetition 46
Round trip time was 17.212 milliseconds in repetition 47
Round trip time was 19.331 milliseconds in repetition 48
Round trip time was 17.779 milliseconds in repetition 49
Round trip time was 18.361 milliseconds in repetition 50
Round trip time was 20.238 milliseconds in repetition 51
Round trip time was 17.814 milliseconds in repetition 52
Round trip time was 18.303 milliseconds in repetition 53
Round trip time was 17.832 milliseconds in repetition 54
Round trip time was 18.942 milliseconds in repetition 55
Round trip time was 18.389 milliseconds in repetition 56
Round trip time was 17.939 milliseconds in repetition 57
Round trip time was 17.656 milliseconds in repetition 58
Round trip time was 18.003 milliseconds in repetition 59
Round trip time was 24.606 milliseconds in repetition 60
Round trip time was 30.825 milliseconds in repetition 61
Round trip time was 22.293 milliseconds in repetition 62
Round trip time was 19.106 milliseconds in repetition 63
Round trip time was 18.693 milliseconds in repetition 64
Round trip time was 18.427 milliseconds in repetition 65
Round trip time was 21.149 milliseconds in repetition 66
Round trip time was 18.080 milliseconds in repetition 67
Round trip time was 18.742 milliseconds in repetition 68
Round trip time was 17.541 milliseconds in repetition 69
Round trip time was 19.285 milliseconds in repetition 70
Round trip time was 18.531 milliseconds in repetition 71
Round trip time was 30.193 milliseconds in repetition 72
Round trip time was 18.960 milliseconds in repetition 73
Round trip time was 18.531 milliseconds in repetition 74
Round trip time was 21.250 milliseconds in repetition 75
Round trip time was 19.221 milliseconds in repetition 76
Round trip time was 18.447 milliseconds in repetition 77
Round trip time was 19.579 milliseconds in repetition 78
Round trip time was 17.352 milliseconds in repetition 79
Round trip time was 18.665 milliseconds in repetition 80
Round trip time was 17.478 milliseconds in repetition 81
Round trip time was 17.392 milliseconds in repetition 82
Round trip time was 18.349 milliseconds in repetition 83
Round trip time was 19.890 milliseconds in repetition 84
Round trip time was 18.622 milliseconds in repetition 85
Round trip time was 18.149 milliseconds in repetition 86
Round trip time was 20.582 milliseconds in repetition 87
Round trip time was 17.833 milliseconds in repetition 88
Round trip time was 18.511 milliseconds in repetition 89
Round trip time was 20.979 milliseconds in repetition 90
Round trip time was 20.636 milliseconds in repetition 91
Round trip time was 20.226 milliseconds in repetition 92
Round trip time was 20.337 milliseconds in repetition 93
Round trip time was 18.196 milliseconds in repetition 94
Round trip time was 18.094 milliseconds in repetition 95
Round trip time was 18.909 milliseconds in repetition 96
Round trip time was 19.872 milliseconds in repetition 97
Round trip time was 17.465 milliseconds in repetition 98
Round trip time was 17.099 milliseconds in repetition 99
Round trip time was 23.172 milliseconds in repetition 100
Round trip time was 18.598 milliseconds in repetition 101
Round trip time was 17.388 milliseconds in repetition 102
Round trip time was 17.822 milliseconds in repetition 103
Round trip time was 18.074 milliseconds in repetition 104
Round trip time was 17.272 milliseconds in repetition 105
Round trip time was 18.973 milliseconds in repetition 106
Round trip time was 19.616 milliseconds in repetition 107
Round trip time was 17.907 milliseconds in repetition 108
Round trip time was 17.426 milliseconds in repetition 109
Round trip time was 18.738 milliseconds in repetition 110
Round trip time was 19.455 milliseconds in repetition 111
Round trip time was 18.231 milliseconds in repetition 112
Round trip time was 18.635 milliseconds in repetition 113
Round trip time was 19.114 milliseconds in repetition 114
Round trip time was 20.818 milliseconds in repetition 115
Round trip time was 18.522 milliseconds in repetition 116
Round trip time was 18.555 milliseconds in repetition 117
Round trip time was 18.512 milliseconds in repetition 118
Round trip time was 19.457 milliseconds in repetition 119
Round trip time was 18.519 milliseconds in repetition 120
Round trip time was 30.065 milliseconds in repetition 121
Round trip time was 18.671 milliseconds in repetition 122
Round trip time was 17.093 milliseconds in repetition 123
Round trip time was 19.755 milliseconds in repetition 124
Round trip time was 19.088 milliseconds in repetition 125
Round trip time was 23.719 milliseconds in repetition 126
Round trip time was 19.599 milliseconds in repetition 127
Round trip time was 21.865 milliseconds in repetition 128
Round trip time was 17.591 milliseconds in repetition 129
Round trip time was 21.160 milliseconds in repetition 130
Round trip time was 18.656 milliseconds in repetition 131
Round trip time was 18.583 milliseconds in repetition 132
Round trip time was 18.122 milliseconds in repetition 133
Round trip time was 19.907 milliseconds in repetition 134
Round trip time was 17.043 milliseconds in repetition 135
Round trip time was 19.245 milliseconds in repetition 136
Round trip time was 16.972 milliseconds in repetition 137
Round trip time was 20.542 milliseconds in repetition 138
Round trip time was 20.632 milliseconds in repetition 139
Round trip time was 20.040 milliseconds in repetition 140
Round trip time was 19.371 milliseconds in repetition 141
Round trip time was 18.214 milliseconds in repetition 142
Round trip time was 18.728 milliseconds in repetition 143
Round trip time was 17.747 milliseconds in repetition 144
Round trip time was 17.601 milliseconds in repetition 145
Round trip time was 18.316 milliseconds in repetition 146
Round trip time was 16.800 milliseconds in repetition 147
Round trip time was 17.141 milliseconds in repetition 148
Round trip time was 17.149 milliseconds in repetition 149
Round trip time was 17.403 milliseconds in repetition 150
Round trip time was 24.954 milliseconds in repetition 151
Round trip time was 19.324 milliseconds in repetition 152
Round trip time was 17.816 milliseconds in repetition 153
Round trip time was 18.573 milliseconds in repetition 154
Round trip time was 18.196 milliseconds in repetition 155
Round trip time was 20.098 milliseconds in repetition 156
Round trip time was 18.751 milliseconds in repetition 157
Round trip time was 17.957 milliseconds in repetition 158
Round trip time was 19.967 milliseconds in repetition 159
Round trip time was 18.663 milliseconds in repetition 160
Round trip time was 17.281 milliseconds in repetition 161
Round trip time was 21.929 milliseconds in repetition 162
Round trip time was 19.146 milliseconds in repetition 163
Round trip time was 22.480 milliseconds in repetition 164
Round trip time was 18.372 milliseconds in repetition 165
Round trip time was 18.114 milliseconds in repetition 166
Round trip time was 20.940 milliseconds in repetition 167
Round trip time was 17.857 milliseconds in repetition 168
Round trip time was 26.061 milliseconds in repetition 169
Round trip time was 18.081 milliseconds in repetition 170
Round trip time was 17.350 milliseconds in repetition 171
Round trip time was 17.493 milliseconds in repetition 172
Round trip time was 17.005 milliseconds in repetition 173
Round trip time was 24.200 milliseconds in repetition 174
Round trip time was 20.985 milliseconds in repetition 175
Round trip time was 19.603 milliseconds in repetition 176
Round trip time was 19.256 milliseconds in repetition 177
Round trip time was 18.156 milliseconds in repetition 178
Round trip time was 21.752 milliseconds in repetition 179
Round trip time was 17.361 milliseconds in repetition 180
Round trip time was 20.435 milliseconds in repetition 181
Round trip time was 20.542 milliseconds in repetition 182
Round trip time was 17.705 milliseconds in repetition 183
Round trip time was 16.710 milliseconds in repetition 184
Round trip time was 17.226 milliseconds in repetition 185
Round trip time was 24.347 milliseconds in repetition 186
Round trip time was 20.281 milliseconds in repetition 187
Round trip time was 19.527 milliseconds in repetition 188
Round trip time was 18.428 milliseconds in repetition 189
Round trip time was 19.046 milliseconds in repetition 190
Round trip time was 18.283 milliseconds in repetition 191
Round trip time was 18.135 milliseconds in repetition 192
Round trip time was 22.560 milliseconds in repetition 193
Round trip time was 19.113 milliseconds in repetition 194
Round trip time was 17.845 milliseconds in repetition 195
Round trip time was 20.330 milliseconds in repetition 196
Round trip time was 18.852 milliseconds in repetition 197
Round trip time was 17.939 milliseconds in repetition 198
Round trip time was 17.130 milliseconds in repetition 199
Round trip time was 18.768 milliseconds in repetition 200
Round trip time was 20.259 milliseconds in repetition 201
Round trip time was 17.594 milliseconds in repetition 202
Round trip time was 20.639 milliseconds in repetition 203
Round trip time was 18.581 milliseconds in repetition 204
Round trip time was 19.159 milliseconds in repetition 205
Round trip time was 24.037 milliseconds in repetition 206
Round trip time was 17.955 milliseconds in repetition 207
Round trip time was 18.530 milliseconds in repetition 208
Round trip time was 17.450 milliseconds in repetition 209
Round trip time was 17.396 milliseconds in repetition 210
Round trip time was 19.204 milliseconds in repetition 211
Round trip time was 19.777 milliseconds in repetition 212
Round trip time was 18.624 milliseconds in repetition 213
Round trip time was 27.553 milliseconds in repetition 214
Round trip time was 31.452 milliseconds in repetition 215
Round trip time was 31.937 milliseconds in repetition 216
Round trip time was 19.213 milliseconds in repetition 217
Round trip time was 18.199 milliseconds in repetition 218
Round trip time was 18.291 milliseconds in repetition 219
Round trip time was 17.596 milliseconds in repetition 220
Round trip time was 18.274 milliseconds in repetition 221
Round trip time was 17.299 milliseconds in repetition 222
Round trip time was 16.979 milliseconds in repetition 223
Round trip time was 18.772 milliseconds in repetition 224
Round trip time was 17.571 milliseconds in repetition 225
Round trip time was 18.784 milliseconds in repetition 226
Round trip time was 18.920 milliseconds in repetition 227
Round trip time was 18.225 milliseconds in repetition 228
Round trip time was 17.924 milliseconds in repetition 229
Round trip time was 20.349 milliseconds in repetition 230
Round trip time was 18.692 milliseconds in repetition 231
Round trip time was 21.955 milliseconds in repetition 232
Round trip time was 19.068 milliseconds in repetition 233
Round trip time was 17.604 milliseconds in repetition 234
Round trip time was 17.625 milliseconds in repetition 235
Round trip time was 17.070 milliseconds in repetition 236
Round trip time was 17.493 milliseconds in repetition 237
Round trip time was 17.559 milliseconds in repetition 238
Round trip time was 20.003 milliseconds in repetition 239
Round trip time was 17.826 milliseconds in repetition 240
Round trip time was 17.741 milliseconds in repetition 241
Round trip time was 19.592 milliseconds in repetition 242
Round trip time was 18.039 milliseconds in repetition 243
Round trip time was 17.664 milliseconds in repetition 244
Round trip time was 19.514 milliseconds in repetition 245
Round trip time was 22.909 milliseconds in repetition 246
Round trip time was 18.479 milliseconds in repetition 247
Round trip time was 19.664 milliseconds in repetition 248
Round trip time was 17.712 milliseconds in repetition 249
Round trip time was 17.695 milliseconds in repetition 250
Round trip time was 19.884 milliseconds in repetition 251
Round trip time was 17.715 milliseconds in repetition 252
Round trip time was 18.681 milliseconds in repetition 253
Round trip time was 31.430 milliseconds in repetition 254
Round trip time was 21.585 milliseconds in repetition 255
Round trip time was 18.640 milliseconds in repetition 256
Round trip time was 19.078 milliseconds in repetition 257
Round trip time was 23.931 milliseconds in repetition 258
Round trip time was 26.936 milliseconds in repetition 259
Round trip time was 19.350 milliseconds in repetition 260
Round trip time was 18.214 milliseconds in repetition 261
Round trip time was 18.342 milliseconds in repetition 262
Round trip time was 17.612 milliseconds in repetition 263
Round trip time was 18.138 milliseconds in repetition 264
Round trip time was 19.318 milliseconds in repetition 265
Round trip time was 18.502 milliseconds in repetition 266
Round trip time was 20.415 milliseconds in repetition 267
Round trip time was 18.304 milliseconds in repetition 268
Round trip time was 17.876 milliseconds in repetition 269
Round trip time was 18.602 milliseconds in repetition 270
Round trip time was 18.832 milliseconds in repetition 271
Round trip time was 19.935 milliseconds in repetition 272
Round trip time was 19.605 milliseconds in repetition 273
Round trip time was 20.305 milliseconds in repetition 274
Round trip time was 20.999 milliseconds in repetition 275
Round trip time was 19.624 milliseconds in repetition 276
Round trip time was 18.528 milliseconds in repetition 277
Round trip time was 19.579 milliseconds in repetition 278
Round trip time was 18.270 milliseconds in repetition 279
Round trip time was 18.552 milliseconds in repetition 280
Round trip time was 18.691 milliseconds in repetition 281
Round trip time was 18.361 milliseconds in repetition 282
Round trip time was 18.294 milliseconds in repetition 283
Round trip time was 18.314 milliseconds in repetition 284
Round trip time was 17.406 milliseconds in repetition 285
Round trip time was 19.023 milliseconds in repetition 286
Round trip time was 17.524 milliseconds in repetition 287
Round trip time was 18.374 milliseconds in repetition 288
Round trip time was 21.448 milliseconds in repetition 289
Round trip time was 18.781 milliseconds in repetition 290
Round trip time was 17.752 milliseconds in repetition 291
Round trip time was 18.447 milliseconds in repetition 292
Round trip time was 18.124 milliseconds in repetition 293
Round trip time was 20.902 milliseconds in repetition 294
Round trip time was 19.288 milliseconds in repetition 295
Round trip time was 19.209 milliseconds in repetition 296
Round trip time was 18.188 milliseconds in repetition 297
Round trip time was 21.625 milliseconds in repetition 298
Round trip time was 19.266 milliseconds in repetition 299
Round trip time was 18.787 milliseconds in repetition 300
Round trip time was 18.949 milliseconds in repetition 301
Round trip time was 17.532 milliseconds in repetition 302
Round trip time was 20.420 milliseconds in repetition 303
Round trip time was 17.663 milliseconds in repetition 304
Round trip time was 21.498 milliseconds in repetition 305
Round trip time was 21.522 milliseconds in repetition 306
Round trip time was 17.945 milliseconds in repetition 307
Round trip time was 18.053 milliseconds in repetition 308
Round trip time was 19.626 milliseconds in repetition 309
Round trip time was 18.873 milliseconds in repetition 310
Round trip time was 17.500 milliseconds in repetition 311
Round trip time was 17.516 milliseconds in repetition 312
Round trip time was 21.641 milliseconds in repetition 313
Round trip time was 18.583 milliseconds in repetition 314
Round trip time was 18.094 milliseconds in repetition 315
Round trip time was 20.401 milliseconds in repetition 316
Round trip time was 17.952 milliseconds in repetition 317
Round trip time was 19.481 milliseconds in repetition 318
Round trip time was 20.505 milliseconds in repetition 319
Round trip time was 28.083 milliseconds in repetition 320
Round trip time was 20.012 milliseconds in repetition 321
Round trip time was 18.911 milliseconds in repetition 322
Round trip time was 19.038 milliseconds in repetition 323
Round trip time was 18.422 milliseconds in repetition 324
Round trip time was 23.108 milliseconds in repetition 325
Round trip time was 18.074 milliseconds in repetition 326
Round trip time was 18.270 milliseconds in repetition 327
Round trip time was 18.297 milliseconds in repetition 328
Round trip time was 18.348 milliseconds in repetition 329
Round trip time was 19.507 milliseconds in repetition 330
Round trip time was 18.142 milliseconds in repetition 331
Round trip time was 20.114 milliseconds in repetition 332
Round trip time was 17.863 milliseconds in repetition 333
Round trip time was 24.746 milliseconds in repetition 334
Round trip time was 23.987 milliseconds in repetition 335
Round trip time was 19.099 milliseconds in repetition 336
Round trip time was 22.148 milliseconds in repetition 337
Round trip time was 20.004 milliseconds in repetition 338
Round trip time was 18.420 milliseconds in repetition 339
Round trip time was 20.696 milliseconds in repetition 340
Round trip time was 18.085 milliseconds in repetition 341
Round trip time was 18.206 milliseconds in repetition 342
Round trip time was 17.620 milliseconds in repetition 343
Round trip time was 21.277 milliseconds in repetition 344
Round trip time was 24.412 milliseconds in repetition 345
Round trip time was 18.071 milliseconds in repetition 346
Round trip time was 18.020 milliseconds in repetition 347
Round trip time was 17.267 milliseconds in repetition 348
Round trip time was 22.626 milliseconds in repetition 349
Round trip time was 18.147 milliseconds in repetition 350
Round trip time was 24.003 milliseconds in repetition 351
Round trip time was 18.823 milliseconds in repetition 352
Round trip time was 17.886 milliseconds in repetition 353
Round trip time was 16.895 milliseconds in repetition 354
Round trip time was 18.272 milliseconds in repetition 355
Round trip time was 20.729 milliseconds in repetition 356
Round trip time was 17.771 milliseconds in repetition 357
Round trip time was 18.264 milliseconds in repetition 358
Round trip time was 17.223 milliseconds in repetition 359
Round trip time was 18.826 milliseconds in repetition 360
Round trip time was 23.484 milliseconds in repetition 361
Round trip time was 18.617 milliseconds in repetition 362
Round trip time was 17.496 milliseconds in repetition 363
Round trip time was 24.449 milliseconds in repetition 364
Round trip time was 17.590 milliseconds in repetition 365
Round trip time was 20.768 milliseconds in repetition 366
Round trip time was 18.258 milliseconds in repetition 367
Round trip time was 21.749 milliseconds in repetition 368
Round trip time was 19.799 milliseconds in repetition 369
Round trip time was 19.737 milliseconds in repetition 370
Round trip time was 18.782 milliseconds in repetition 371
Round trip time was 18.891 milliseconds in repetition 372
Round trip time was 22.746 milliseconds in repetition 373
Round trip time was 18.330 milliseconds in repetition 374
Round trip time was 18.786 milliseconds in repetition 375
Round trip time was 18.029 milliseconds in repetition 376
Round trip time was 18.122 milliseconds in repetition 377
Round trip time was 18.527 milliseconds in repetition 378
Round trip time was 18.348 milliseconds in repetition 379
Round trip time was 18.694 milliseconds in repetition 380
Round trip time was 18.096 milliseconds in repetition 381
Round trip time was 19.955 milliseconds in repetition 382
Round trip time was 17.548 milliseconds in repetition 383
Round trip time was 17.227 milliseconds in repetition 384
Round trip time was 18.293 milliseconds in repetition 385
Round trip time was 17.322 milliseconds in repetition 386
Round trip time was 21.229 milliseconds in repetition 387
Round trip time was 18.226 milliseconds in repetition 388
Round trip time was 17.454 milliseconds in repetition 389
Round trip time was 22.685 milliseconds in repetition 390
Round trip time was 20.058 milliseconds in repetition 391
Round trip time was 18.091 milliseconds in repetition 392
Round trip time was 17.457 milliseconds in repetition 393
Round trip time was 18.557 milliseconds in repetition 394
Round trip time was 22.245 milliseconds in repetition 395
Round trip time was 20.177 milliseconds in repetition 396
Round trip time was 26.955 milliseconds in repetition 397
Round trip time was 21.507 milliseconds in repetition 398
Round trip time was 17.502 milliseconds in repetition 399
Round trip time was 18.658 milliseconds in repetition 400
Round trip time was 20.153 milliseconds in repetition 401
Round trip time was 21.390 milliseconds in repetition 402
Round trip time was 19.299 milliseconds in repetition 403
Round trip time was 20.406 milliseconds in repetition 404
Round trip time was 21.060 milliseconds in repetition 405
Round trip time was 18.357 milliseconds in repetition 406
Round trip time was 18.318 milliseconds in repetition 407
Round trip time was 22.252 milliseconds in repetition 408
Round trip time was 18.737 milliseconds in repetition 409
Round trip time was 34.725 milliseconds in repetition 410
Round trip time was 18.339 milliseconds in repetition 411
Round trip time was 22.612 milliseconds in repetition 412
Round trip time was 17.643 milliseconds in repetition 413
Round trip time was 19.463 milliseconds in repetition 414
Round trip time was 18.021 milliseconds in repetition 415
Round trip time was 20.703 milliseconds in repetition 416
Round trip time was 18.956 milliseconds in repetition 417
Round trip time was 18.010 milliseconds in repetition 418
Round trip time was 18.400 milliseconds in repetition 419
Round trip time was 25.656 milliseconds in repetition 420
Round trip time was 18.372 milliseconds in repetition 421
Round trip time was 18.367 milliseconds in repetition 422
Round trip time was 29.391 milliseconds in repetition 423
Round trip time was 18.356 milliseconds in repetition 424
Round trip time was 20.496 milliseconds in repetition 425
Round trip time was 18.924 milliseconds in repetition 426
Round trip time was 17.970 milliseconds in repetition 427
Round trip time was 18.354 milliseconds in repetition 428
Round trip time was 18.470 milliseconds in repetition 429
Round trip time was 19.264 milliseconds in repetition 430
Round trip time was 19.802 milliseconds in repetition 431
Round trip time was 17.893 milliseconds in repetition 432
Round trip time was 19.659 milliseconds in repetition 433
Round trip time was 18.107 milliseconds in repetition 434
Round trip time was 22.632 milliseconds in repetition 435
Round trip time was 18.016 milliseconds in repetition 436
Round trip time was 19.962 milliseconds in repetition 437
Round trip time was 21.726 milliseconds in repetition 438
Round trip time was 22.071 milliseconds in repetition 439
Round trip time was 17.109 milliseconds in repetition 440
Round trip time was 18.196 milliseconds in repetition 441
Round trip time was 19.209 milliseconds in repetition 442
Round trip time was 18.021 milliseconds in repetition 443
Round trip time was 18.143 milliseconds in repetition 444
Round trip time was 17.358 milliseconds in repetition 445
Round trip time was 29.320 milliseconds in repetition 446
Round trip time was 18.032 milliseconds in repetition 447
Round trip time was 21.151 milliseconds in repetition 448
Round trip time was 18.580 milliseconds in repetition 449
Round trip time was 18.249 milliseconds in repetition 450
Round trip time was 18.704 milliseconds in repetition 451
Round trip time was 18.220 milliseconds in repetition 452
Round trip time was 27.738 milliseconds in repetition 453
Round trip time was 17.901 milliseconds in repetition 454
Round trip time was 18.501 milliseconds in repetition 455
Round trip time was 22.222 milliseconds in repetition 456
Round trip time was 17.279 milliseconds in repetition 457
Round trip time was 18.434 milliseconds in repetition 458
Round trip time was 26.371 milliseconds in repetition 459
Round trip time was 18.483 milliseconds in repetition 460
Round trip time was 17.327 milliseconds in repetition 461
Round trip time was 18.904 milliseconds in repetition 462
Round trip time was 18.275 milliseconds in repetition 463
Round trip time was 18.020 milliseconds in repetition 464
Round trip time was 18.705 milliseconds in repetition 465
Round trip time was 18.700 milliseconds in repetition 466
Round trip time was 18.492 milliseconds in repetition 467
Round trip time was 18.295 milliseconds in repetition 468
Round trip time was 20.501 milliseconds in repetition 469
Round trip time was 26.623 milliseconds in repetition 470
Round trip time was 18.737 milliseconds in repetition 471
Round trip time was 18.742 milliseconds in repetition 472
Round trip time was 18.476 milliseconds in repetition 473
Round trip time was 17.870 milliseconds in repetition 474
Round trip time was 26.801 milliseconds in repetition 475
Round trip time was 18.591 milliseconds in repetition 476
Round trip time was 19.110 milliseconds in repetition 477
Round trip time was 18.790 milliseconds in repetition 478
Round trip time was 17.774 milliseconds in repetition 479
Round trip time was 19.894 milliseconds in repetition 480
Round trip time was 18.533 milliseconds in repetition 481
Round trip time was 18.241 milliseconds in repetition 482
Round trip time was 19.356 milliseconds in repetition 483
Round trip time was 19.516 milliseconds in repetition 484
Round trip time was 19.511 milliseconds in repetition 485
Round trip time was 17.089 milliseconds in repetition 486
Round trip time was 18.546 milliseconds in repetition 487
Round trip time was 17.533 milliseconds in repetition 488
Round trip time was 26.335 milliseconds in repetition 489
Round trip time was 20.308 milliseconds in repetition 490
Round trip time was 18.085 milliseconds in repetition 491
Round trip time was 17.689 milliseconds in repetition 492
Round trip time was 28.724 milliseconds in repetition 493
Round trip time was 18.107 milliseconds in repetition 494
Round trip time was 19.578 milliseconds in repetition 495
Round trip time was 18.680 milliseconds in repetition 496
Round trip time was 20.511 milliseconds in repetition 497
Round trip time was 18.700 milliseconds in repetition 498
Round trip time was 18.355 milliseconds in repetition 499
Round trip time was 17.573 milliseconds in repetition 500
Round trip time was 19.630 milliseconds in repetition 501

 ... clock resolution was 1e-06
UDP Ping:  Statistics over 501 repetitions of 128 byte messages

RTT : percentile 10: 17.5296, median: 18.6784, percentile 90: 22.2519, average: 19.4943, variance: 6.58422

RTT histogram:
16.7098 16
17.6105 105
18.5113 179
19.412 68
20.3128 46
21.2135 24
22.1143 17
23.015 9
23.9158 9
24.8165 6
25.7173 2
26.618 6
27.5188 3
28.4195 2
29.3203 2
30.221 2
31.1218 3
32.0225 1
32.9233 0
33.824 0
34.7248 1

   median Throughput : 13.7057 KB/s   overall Throughput : 13.1321 KB/s

