TCP Ping trying to connect to server seti.dibris.unige.it (130.251.61.30) on port 1491
 ... connected to Pong server: asking for 501 repetitions of 384 bytes TCP messages
Received answer: 'OK
'
 ... Pong server agreed :-)
tcp_ping received 384 bytes back
Round trip time was 31.4824 milliseconds in repetition 1
tcp_ping received 384 bytes back
Round trip time was 23.5678 milliseconds in repetition 2
tcp_ping received 384 bytes back
Round trip time was 21.842 milliseconds in repetition 3
tcp_ping received 384 bytes back
Round trip time was 22.3449 milliseconds in repetition 4
tcp_ping received 384 bytes back
Round trip time was 22.7218 milliseconds in repetition 5
tcp_ping received 384 bytes back
Round trip time was 18.8713 milliseconds in repetition 6
tcp_ping received 384 bytes back
Round trip time was 20.465 milliseconds in repetition 7
tcp_ping received 384 bytes back
Round trip time was 19.2968 milliseconds in repetition 8
tcp_ping received 384 bytes back
Round trip time was 18.3311 milliseconds in repetition 9
tcp_ping received 384 bytes back
Round trip time was 19.3383 milliseconds in repetition 10
tcp_ping received 384 bytes back
Round trip time was 18.1407 milliseconds in repetition 11
tcp_ping received 384 bytes back
Round trip time was 18.6647 milliseconds in repetition 12
tcp_ping received 384 bytes back
Round trip time was 19.7093 milliseconds in repetition 13
tcp_ping received 384 bytes back
Round trip time was 21.7834 milliseconds in repetition 14
tcp_ping received 384 bytes back
Round trip time was 18.4107 milliseconds in repetition 15
tcp_ping received 384 bytes back
Round trip time was 19.323 milliseconds in repetition 16
tcp_ping received 384 bytes back
Round trip time was 20.2026 milliseconds in repetition 17
tcp_ping received 384 bytes back
Round trip time was 23.0039 milliseconds in repetition 18
tcp_ping received 384 bytes back
Round trip time was 21.9796 milliseconds in repetition 19
tcp_ping received 384 bytes back
Round trip time was 20.9526 milliseconds in repetition 20
tcp_ping received 384 bytes back
Round trip time was 18.5029 milliseconds in repetition 21
tcp_ping received 384 bytes back
Round trip time was 28.4844 milliseconds in repetition 22
tcp_ping received 384 bytes back
Round trip time was 20.0499 milliseconds in repetition 23
tcp_ping received 384 bytes back
Round trip time was 20.2156 milliseconds in repetition 24
tcp_ping received 384 bytes back
Round trip time was 20.17 milliseconds in repetition 25
tcp_ping received 384 bytes back
Round trip time was 21.3601 milliseconds in repetition 26
tcp_ping received 384 bytes back
Round trip time was 22.651 milliseconds in repetition 27
tcp_ping received 384 bytes back
Round trip time was 28.7455 milliseconds in repetition 28
tcp_ping received 384 bytes back
Round trip time was 19.9947 milliseconds in repetition 29
tcp_ping received 384 bytes back
Round trip time was 21.3363 milliseconds in repetition 30
tcp_ping received 384 bytes back
Round trip time was 21.953 milliseconds in repetition 31
tcp_ping received 384 bytes back
Round trip time was 20.4267 milliseconds in repetition 32
tcp_ping received 384 bytes back
Round trip time was 19.2475 milliseconds in repetition 33
tcp_ping received 384 bytes back
Round trip time was 20.2535 milliseconds in repetition 34
tcp_ping received 384 bytes back
Round trip time was 19.3753 milliseconds in repetition 35
tcp_ping received 384 bytes back
Round trip time was 21.4252 milliseconds in repetition 36
tcp_ping received 384 bytes back
Round trip time was 24.1344 milliseconds in repetition 37
tcp_ping received 384 bytes back
Round trip time was 22.116 milliseconds in repetition 38
tcp_ping received 384 bytes back
Round trip time was 29.5051 milliseconds in repetition 39
tcp_ping received 384 bytes back
Round trip time was 24.8505 milliseconds in repetition 40
tcp_ping received 384 bytes back
Round trip time was 21.3301 milliseconds in repetition 41
tcp_ping received 384 bytes back
Round trip time was 23.2695 milliseconds in repetition 42
tcp_ping received 384 bytes back
Round trip time was 21.8078 milliseconds in repetition 43
tcp_ping received 384 bytes back
Round trip time was 18.5042 milliseconds in repetition 44
tcp_ping received 384 bytes back
Round trip time was 20.3139 milliseconds in repetition 45
tcp_ping received 384 bytes back
Round trip time was 18.3922 milliseconds in repetition 46
tcp_ping received 384 bytes back
Round trip time was 17.6887 milliseconds in repetition 47
tcp_ping received 384 bytes back
Round trip time was 17.8272 milliseconds in repetition 48
tcp_ping received 384 bytes back
Round trip time was 18.3497 milliseconds in repetition 49
tcp_ping received 384 bytes back
Round trip time was 23.0222 milliseconds in repetition 50
tcp_ping received 384 bytes back
Round trip time was 18.5642 milliseconds in repetition 51
tcp_ping received 384 bytes back
Round trip time was 19.7738 milliseconds in repetition 52
tcp_ping received 384 bytes back
Round trip time was 19.2836 milliseconds in repetition 53
tcp_ping received 384 bytes back
Round trip time was 19.2115 milliseconds in repetition 54
tcp_ping received 384 bytes back
Round trip time was 24.3177 milliseconds in repetition 55
tcp_ping received 384 bytes back
Round trip time was 20.0631 milliseconds in repetition 56
tcp_ping received 384 bytes back
Round trip time was 23.3717 milliseconds in repetition 57
tcp_ping received 384 bytes back
Round trip time was 19.5729 milliseconds in repetition 58
tcp_ping received 384 bytes back
Round trip time was 21.4694 milliseconds in repetition 59
tcp_ping received 384 bytes back
Round trip time was 18.8019 milliseconds in repetition 60
tcp_ping received 384 bytes back
Round trip time was 18.7868 milliseconds in repetition 61
tcp_ping received 384 bytes back
Round trip time was 19.1655 milliseconds in repetition 62
tcp_ping received 384 bytes back
Round trip time was 20.9577 milliseconds in repetition 63
tcp_ping received 384 bytes back
Round trip time was 17.9231 milliseconds in repetition 64
tcp_ping received 384 bytes back
Round trip time was 18.5017 milliseconds in repetition 65
tcp_ping received 384 bytes back
Round trip time was 18.2926 milliseconds in repetition 66
tcp_ping received 384 bytes back
Round trip time was 22.7351 milliseconds in repetition 67
tcp_ping received 384 bytes back
Round trip time was 23.3025 milliseconds in repetition 68
tcp_ping received 384 bytes back
Round trip time was 18.348 milliseconds in repetition 69
tcp_ping received 384 bytes back
Round trip time was 18.7594 milliseconds in repetition 70
tcp_ping received 384 bytes back
Round trip time was 19.0052 milliseconds in repetition 71
tcp_ping received 384 bytes back
Round trip time was 18.1078 milliseconds in repetition 72
tcp_ping received 384 bytes back
Round trip time was 18.221 milliseconds in repetition 73
tcp_ping received 384 bytes back
Round trip time was 19.3979 milliseconds in repetition 74
tcp_ping received 384 bytes back
Round trip time was 22.5332 milliseconds in repetition 75
tcp_ping received 384 bytes back
Round trip time was 18.1398 milliseconds in repetition 76
tcp_ping received 384 bytes back
Round trip time was 18.5025 milliseconds in repetition 77
tcp_ping received 384 bytes back
Round trip time was 26.2075 milliseconds in repetition 78
tcp_ping received 384 bytes back
Round trip time was 18.7027 milliseconds in repetition 79
tcp_ping received 384 bytes back
Round trip time was 18.3165 milliseconds in repetition 80
tcp_ping received 384 bytes back
Round trip time was 18.3331 milliseconds in repetition 81
tcp_ping received 384 bytes back
Round trip time was 28.773 milliseconds in repetition 82
tcp_ping received 384 bytes back
Round trip time was 18.331 milliseconds in repetition 83
tcp_ping received 384 bytes back
Round trip time was 18.882 milliseconds in repetition 84
tcp_ping received 384 bytes back
Round trip time was 19.4193 milliseconds in repetition 85
tcp_ping received 384 bytes back
Round trip time was 20.0157 milliseconds in repetition 86
tcp_ping received 384 bytes back
Round trip time was 20.9768 milliseconds in repetition 87
tcp_ping received 384 bytes back
Round trip time was 20.0609 milliseconds in repetition 88
tcp_ping received 384 bytes back
Round trip time was 19.1926 milliseconds in repetition 89
tcp_ping received 384 bytes back
Round trip time was 23.4105 milliseconds in repetition 90
tcp_ping received 384 bytes back
Round trip time was 19.6031 milliseconds in repetition 91
tcp_ping received 384 bytes back
Round trip time was 20.2891 milliseconds in repetition 92
tcp_ping received 384 bytes back
Round trip time was 21.6682 milliseconds in repetition 93
tcp_ping received 384 bytes back
Round trip time was 18.2382 milliseconds in repetition 94
tcp_ping received 384 bytes back
Round trip time was 18.1432 milliseconds in repetition 95
tcp_ping received 384 bytes back
Round trip time was 18.3579 milliseconds in repetition 96
tcp_ping received 384 bytes back
Round trip time was 18.3188 milliseconds in repetition 97
tcp_ping received 384 bytes back
Round trip time was 18.0774 milliseconds in repetition 98
tcp_ping received 384 bytes back
Round trip time was 20.3524 milliseconds in repetition 99
tcp_ping received 384 bytes back
Round trip time was 21.5981 milliseconds in repetition 100
tcp_ping received 384 bytes back
Round trip time was 18.1567 milliseconds in repetition 101
tcp_ping received 384 bytes back
Round trip time was 19.4081 milliseconds in repetition 102
tcp_ping received 384 bytes back
Round trip time was 24.1249 milliseconds in repetition 103
tcp_ping received 384 bytes back
Round trip time was 18.7387 milliseconds in repetition 104
tcp_ping received 384 bytes back
Round trip time was 19.1758 milliseconds in repetition 105
tcp_ping received 384 bytes back
Round trip time was 18.8443 milliseconds in repetition 106
tcp_ping received 384 bytes back
Round trip time was 23.0336 milliseconds in repetition 107
tcp_ping received 384 bytes back
Round trip time was 19.1288 milliseconds in repetition 108
tcp_ping received 384 bytes back
Round trip time was 18.9678 milliseconds in repetition 109
tcp_ping received 384 bytes back
Round trip time was 18.5949 milliseconds in repetition 110
tcp_ping received 384 bytes back
Round trip time was 19.6625 milliseconds in repetition 111
tcp_ping received 384 bytes back
Round trip time was 19.9319 milliseconds in repetition 112
tcp_ping received 384 bytes back
Round trip time was 19.5936 milliseconds in repetition 113
tcp_ping received 384 bytes back
Round trip time was 20.6566 milliseconds in repetition 114
tcp_ping received 384 bytes back
Round trip time was 19.2891 milliseconds in repetition 115
tcp_ping received 384 bytes back
Round trip time was 18.5107 milliseconds in repetition 116
tcp_ping received 384 bytes back
Round trip time was 19.0472 milliseconds in repetition 117
tcp_ping received 384 bytes back
Round trip time was 19.515 milliseconds in repetition 118
tcp_ping received 384 bytes back
Round trip time was 18.9145 milliseconds in repetition 119
tcp_ping received 384 bytes back
Round trip time was 18.9275 milliseconds in repetition 120
tcp_ping received 384 bytes back
Round trip time was 19.8283 milliseconds in repetition 121
tcp_ping received 384 bytes back
Round trip time was 18.5849 milliseconds in repetition 122
tcp_ping received 384 bytes back
Round trip time was 17.6236 milliseconds in repetition 123
tcp_ping received 384 bytes back
Round trip time was 20.3316 milliseconds in repetition 124
tcp_ping received 384 bytes back
Round trip time was 17.9379 milliseconds in repetition 125
tcp_ping received 384 bytes back
Round trip time was 26.9654 milliseconds in repetition 126
tcp_ping received 384 bytes back
Round trip time was 18.5365 milliseconds in repetition 127
tcp_ping received 384 bytes back
Round trip time was 17.6777 milliseconds in repetition 128
tcp_ping received 384 bytes back
Round trip time was 18.1724 milliseconds in repetition 129
tcp_ping received 384 bytes back
Round trip time was 17.7421 milliseconds in repetition 130
tcp_ping received 384 bytes back
Round trip time was 17.6458 milliseconds in repetition 131
tcp_ping received 384 bytes back
Round trip time was 18.0218 milliseconds in repetition 132
tcp_ping received 384 bytes back
Round trip time was 18.6182 milliseconds in repetition 133
tcp_ping received 384 bytes back
Round trip time was 19.5961 milliseconds in repetition 134
tcp_ping received 384 bytes back
Round trip time was 18.0455 milliseconds in repetition 135
tcp_ping received 384 bytes back
Round trip time was 18.7348 milliseconds in repetition 136
tcp_ping received 384 bytes back
Round trip time was 17.8203 milliseconds in repetition 137
tcp_ping received 384 bytes back
Round trip time was 17.8479 milliseconds in repetition 138
tcp_ping received 384 bytes back
Round trip time was 18.6923 milliseconds in repetition 139
tcp_ping received 384 bytes back
Round trip time was 18.1343 milliseconds in repetition 140
tcp_ping received 384 bytes back
Round trip time was 18.9525 milliseconds in repetition 141
tcp_ping received 384 bytes back
Round trip time was 18.5652 milliseconds in repetition 142
tcp_ping received 384 bytes back
Round trip time was 22.8262 milliseconds in repetition 143
tcp_ping received 384 bytes back
Round trip time was 18.0936 milliseconds in repetition 144
tcp_ping received 384 bytes back
Round trip time was 18.7004 milliseconds in repetition 145
tcp_ping received 384 bytes back
Round trip time was 19.1014 milliseconds in repetition 146
tcp_ping received 384 bytes back
Round trip time was 17.8848 milliseconds in repetition 147
tcp_ping received 384 bytes back
Round trip time was 20.2816 milliseconds in repetition 148
tcp_ping received 384 bytes back
Round trip time was 19.7195 milliseconds in repetition 149
tcp_ping received 384 bytes back
Round trip time was 18.642 milliseconds in repetition 150
tcp_ping received 384 bytes back
Round trip time was 18.766 milliseconds in repetition 151
tcp_ping received 384 bytes back
Round trip time was 19.3885 milliseconds in repetition 152
tcp_ping received 384 bytes back
Round trip time was 18.6038 milliseconds in repetition 153
tcp_ping received 384 bytes back
Round trip time was 18.0668 milliseconds in repetition 154
tcp_ping received 384 bytes back
Round trip time was 19.0865 milliseconds in repetition 155
tcp_ping received 384 bytes back
Round trip time was 18.4208 milliseconds in repetition 156
tcp_ping received 384 bytes back
Round trip time was 20.1549 milliseconds in repetition 157
tcp_ping received 384 bytes back
Round trip time was 18.8001 milliseconds in repetition 158
tcp_ping received 384 bytes back
Round trip time was 25.0863 milliseconds in repetition 159
tcp_ping received 384 bytes back
Round trip time was 18.7612 milliseconds in repetition 160
tcp_ping received 384 bytes back
Round trip time was 20.7508 milliseconds in repetition 161
tcp_ping received 384 bytes back
Round trip time was 19.1463 milliseconds in repetition 162
tcp_ping received 384 bytes back
Round trip time was 17.4624 milliseconds in repetition 163
tcp_ping received 384 bytes back
Round trip time was 18.9864 milliseconds in repetition 164
tcp_ping received 384 bytes back
Round trip time was 19.126 milliseconds in repetition 165
tcp_ping received 384 bytes back
Round trip time was 20.2847 milliseconds in repetition 166
tcp_ping received 384 bytes back
Round trip time was 21.3369 milliseconds in repetition 167
tcp_ping received 384 bytes back
Round trip time was 18.4771 milliseconds in repetition 168
tcp_ping received 384 bytes back
Round trip time was 19.9408 milliseconds in repetition 169
tcp_ping received 384 bytes back
Round trip time was 18.9002 milliseconds in repetition 170
tcp_ping received 384 bytes back
Round trip time was 19.4857 milliseconds in repetition 171
tcp_ping received 384 bytes back
Round trip time was 19.0092 milliseconds in repetition 172
tcp_ping received 384 bytes back
Round trip time was 19.4518 milliseconds in repetition 173
tcp_ping received 384 bytes back
Round trip time was 18.608 milliseconds in repetition 174
tcp_ping received 384 bytes back
Round trip time was 18.383 milliseconds in repetition 175
tcp_ping received 384 bytes back
Round trip time was 18.0375 milliseconds in repetition 176
tcp_ping received 384 bytes back
Round trip time was 18.6907 milliseconds in repetition 177
tcp_ping received 384 bytes back
Round trip time was 18.9402 milliseconds in repetition 178
tcp_ping received 384 bytes back
Round trip time was 20.7989 milliseconds in repetition 179
tcp_ping received 384 bytes back
Round trip time was 19.1825 milliseconds in repetition 180
tcp_ping received 384 bytes back
Round trip time was 18.4647 milliseconds in repetition 181
tcp_ping received 384 bytes back
Round trip time was 17.3968 milliseconds in repetition 182
tcp_ping received 384 bytes back
Round trip time was 19.3898 milliseconds in repetition 183
tcp_ping received 384 bytes back
Round trip time was 19.0178 milliseconds in repetition 184
tcp_ping received 384 bytes back
Round trip time was 18.577 milliseconds in repetition 185
tcp_ping received 384 bytes back
Round trip time was 17.8911 milliseconds in repetition 186
tcp_ping received 384 bytes back
Round trip time was 18.6694 milliseconds in repetition 187
tcp_ping received 384 bytes back
Round trip time was 20.9147 milliseconds in repetition 188
tcp_ping received 384 bytes back
Round trip time was 18.1038 milliseconds in repetition 189
tcp_ping received 384 bytes back
Round trip time was 19.0692 milliseconds in repetition 190
tcp_ping received 384 bytes back
Round trip time was 18.7836 milliseconds in repetition 191
tcp_ping received 384 bytes back
Round trip time was 19.2953 milliseconds in repetition 192
tcp_ping received 384 bytes back
Round trip time was 19.1959 milliseconds in repetition 193
tcp_ping received 384 bytes back
Round trip time was 19.821 milliseconds in repetition 194
tcp_ping received 384 bytes back
Round trip time was 20.8549 milliseconds in repetition 195
tcp_ping received 384 bytes back
Round trip time was 18.0204 milliseconds in repetition 196
tcp_ping received 384 bytes back
Round trip time was 18.1178 milliseconds in repetition 197
tcp_ping received 384 bytes back
Round trip time was 19.2509 milliseconds in repetition 198
tcp_ping received 384 bytes back
Round trip time was 18.5031 milliseconds in repetition 199
tcp_ping received 384 bytes back
Round trip time was 19.1085 milliseconds in repetition 200
tcp_ping received 384 bytes back
Round trip time was 18.8379 milliseconds in repetition 201
tcp_ping received 384 bytes back
Round trip time was 19.635 milliseconds in repetition 202
tcp_ping received 384 bytes back
Round trip time was 21.4383 milliseconds in repetition 203
tcp_ping received 384 bytes back
Round trip time was 17.8724 milliseconds in repetition 204
tcp_ping received 384 bytes back
Round trip time was 18.3232 milliseconds in repetition 205
tcp_ping received 384 bytes back
Round trip time was 18.8324 milliseconds in repetition 206
tcp_ping received 384 bytes back
Round trip time was 17.7366 milliseconds in repetition 207
tcp_ping received 384 bytes back
Round trip time was 21.615 milliseconds in repetition 208
tcp_ping received 384 bytes back
Round trip time was 17.7744 milliseconds in repetition 209
tcp_ping received 384 bytes back
Round trip time was 18.1653 milliseconds in repetition 210
tcp_ping received 384 bytes back
Round trip time was 17.3455 milliseconds in repetition 211
tcp_ping received 384 bytes back
Round trip time was 18.0382 milliseconds in repetition 212
tcp_ping received 384 bytes back
Round trip time was 22.4191 milliseconds in repetition 213
tcp_ping received 384 bytes back
Round trip time was 19.2502 milliseconds in repetition 214
tcp_ping received 384 bytes back
Round trip time was 19.2389 milliseconds in repetition 215
tcp_ping received 384 bytes back
Round trip time was 18.0209 milliseconds in repetition 216
tcp_ping received 384 bytes back
Round trip time was 19.1623 milliseconds in repetition 217
tcp_ping received 384 bytes back
Round trip time was 17.1942 milliseconds in repetition 218
tcp_ping received 384 bytes back
Round trip time was 21.282 milliseconds in repetition 219
tcp_ping received 384 bytes back
Round trip time was 18.2042 milliseconds in repetition 220
tcp_ping received 384 bytes back
Round trip time was 17.2717 milliseconds in repetition 221
tcp_ping received 384 bytes back
Round trip time was 19.2654 milliseconds in repetition 222
tcp_ping received 384 bytes back
Round trip time was 23.6235 milliseconds in repetition 223
tcp_ping received 384 bytes back
Round trip time was 18.5459 milliseconds in repetition 224
tcp_ping received 384 bytes back
Round trip time was 17.8536 milliseconds in repetition 225
tcp_ping received 384 bytes back
Round trip time was 18.7556 milliseconds in repetition 226
tcp_ping received 384 bytes back
Round trip time was 18.7281 milliseconds in repetition 227
tcp_ping received 384 bytes back
Round trip time was 18.2394 milliseconds in repetition 228
tcp_ping received 384 bytes back
Round trip time was 18.2574 milliseconds in repetition 229
tcp_ping received 384 bytes back
Round trip time was 21.5179 milliseconds in repetition 230
tcp_ping received 384 bytes back
Round trip time was 18.052 milliseconds in repetition 231
tcp_ping received 384 bytes back
Round trip time was 19.7523 milliseconds in repetition 232
tcp_ping received 384 bytes back
Round trip time was 18.1805 milliseconds in repetition 233
tcp_ping received 384 bytes back
Round trip time was 18.3604 milliseconds in repetition 234
tcp_ping received 384 bytes back
Round trip time was 19.1654 milliseconds in repetition 235
tcp_ping received 384 bytes back
Round trip time was 20.4306 milliseconds in repetition 236
tcp_ping received 384 bytes back
Round trip time was 18.5142 milliseconds in repetition 237
tcp_ping received 384 bytes back
Round trip time was 18.5142 milliseconds in repetition 238
tcp_ping received 384 bytes back
Round trip time was 19.5063 milliseconds in repetition 239
tcp_ping received 384 bytes back
Round trip time was 18.9144 milliseconds in repetition 240
tcp_ping received 384 bytes back
Round trip time was 19.1955 milliseconds in repetition 241
tcp_ping received 384 bytes back
Round trip time was 18.2205 milliseconds in repetition 242
tcp_ping received 384 bytes back
Round trip time was 21.3348 milliseconds in repetition 243
tcp_ping received 384 bytes back
Round trip time was 17.4362 milliseconds in repetition 244
tcp_ping received 384 bytes back
Round trip time was 18.4624 milliseconds in repetition 245
tcp_ping received 384 bytes back
Round trip time was 18.6902 milliseconds in repetition 246
tcp_ping received 384 bytes back
Round trip time was 19.7466 milliseconds in repetition 247
tcp_ping received 384 bytes back
Round trip time was 20.444 milliseconds in repetition 248
tcp_ping received 384 bytes back
Round trip time was 18.8785 milliseconds in repetition 249
tcp_ping received 384 bytes back
Round trip time was 19.8966 milliseconds in repetition 250
tcp_ping received 384 bytes back
Round trip time was 18.0328 milliseconds in repetition 251
tcp_ping received 384 bytes back
Round trip time was 18.413 milliseconds in repetition 252
tcp_ping received 384 bytes back
Round trip time was 19.1788 milliseconds in repetition 253
tcp_ping received 384 bytes back
Round trip time was 19.8855 milliseconds in repetition 254
tcp_ping received 384 bytes back
Round trip time was 19.3946 milliseconds in repetition 255
tcp_ping received 384 bytes back
Round trip time was 20.7818 milliseconds in repetition 256
tcp_ping received 384 bytes back
Round trip time was 19.6847 milliseconds in repetition 257
tcp_ping received 384 bytes back
Round trip time was 19.2153 milliseconds in repetition 258
tcp_ping received 384 bytes back
Round trip time was 19.9042 milliseconds in repetition 259
tcp_ping received 384 bytes back
Round trip time was 18.7037 milliseconds in repetition 260
tcp_ping received 384 bytes back
Round trip time was 22.4864 milliseconds in repetition 261
tcp_ping received 384 bytes back
Round trip time was 18.8772 milliseconds in repetition 262
tcp_ping received 384 bytes back
Round trip time was 18.4806 milliseconds in repetition 263
tcp_ping received 384 bytes back
Round trip time was 18.1571 milliseconds in repetition 264
tcp_ping received 384 bytes back
Round trip time was 18.7574 milliseconds in repetition 265
tcp_ping received 384 bytes back
Round trip time was 20.8263 milliseconds in repetition 266
tcp_ping received 384 bytes back
Round trip time was 22.482 milliseconds in repetition 267
tcp_ping received 384 bytes back
Round trip time was 18.2538 milliseconds in repetition 268
tcp_ping received 384 bytes back
Round trip time was 17.8104 milliseconds in repetition 269
tcp_ping received 384 bytes back
Round trip time was 18.3845 milliseconds in repetition 270
tcp_ping received 384 bytes back
Round trip time was 18.2644 milliseconds in repetition 271
tcp_ping received 384 bytes back
Round trip time was 17.9557 milliseconds in repetition 272
tcp_ping received 384 bytes back
Round trip time was 18.8295 milliseconds in repetition 273
tcp_ping received 384 bytes back
Round trip time was 20.2814 milliseconds in repetition 274
tcp_ping received 384 bytes back
Round trip time was 18.8943 milliseconds in repetition 275
tcp_ping received 384 bytes back
Round trip time was 19.7755 milliseconds in repetition 276
tcp_ping received 384 bytes back
Round trip time was 24.5536 milliseconds in repetition 277
tcp_ping received 384 bytes back
Round trip time was 18.7249 milliseconds in repetition 278
tcp_ping received 384 bytes back
Round trip time was 19.6696 milliseconds in repetition 279
tcp_ping received 384 bytes back
Round trip time was 18.1629 milliseconds in repetition 280
tcp_ping received 384 bytes back
Round trip time was 18.2149 milliseconds in repetition 281
tcp_ping received 384 bytes back
Round trip time was 18.4446 milliseconds in repetition 282
tcp_ping received 384 bytes back
Round trip time was 18.2174 milliseconds in repetition 283
tcp_ping received 384 bytes back
Round trip time was 17.6553 milliseconds in repetition 284
tcp_ping received 384 bytes back
Round trip time was 18.8448 milliseconds in repetition 285
tcp_ping received 384 bytes back
Round trip time was 18.1474 milliseconds in repetition 286
tcp_ping received 384 bytes back
Round trip time was 22.3352 milliseconds in repetition 287
tcp_ping received 384 bytes back
Round trip time was 17.7607 milliseconds in repetition 288
tcp_ping received 384 bytes back
Round trip time was 18.3506 milliseconds in repetition 289
tcp_ping received 384 bytes back
Round trip time was 18.1636 milliseconds in repetition 290
tcp_ping received 384 bytes back
Round trip time was 18.2318 milliseconds in repetition 291
tcp_ping received 384 bytes back
Round trip time was 18.1745 milliseconds in repetition 292
tcp_ping received 384 bytes back
Round trip time was 17.9573 milliseconds in repetition 293
tcp_ping received 384 bytes back
Round trip time was 18.4195 milliseconds in repetition 294
tcp_ping received 384 bytes back
Round trip time was 22.3021 milliseconds in repetition 295
tcp_ping received 384 bytes back
Round trip time was 18.0561 milliseconds in repetition 296
tcp_ping received 384 bytes back
Round trip time was 18.2219 milliseconds in repetition 297
tcp_ping received 384 bytes back
Round trip time was 18.4767 milliseconds in repetition 298
tcp_ping received 384 bytes back
Round trip time was 18.1704 milliseconds in repetition 299
tcp_ping received 384 bytes back
Round trip time was 18.5587 milliseconds in repetition 300
tcp_ping received 384 bytes back
Round trip time was 17.9748 milliseconds in repetition 301
tcp_ping received 384 bytes back
Round trip time was 20.0717 milliseconds in repetition 302
tcp_ping received 384 bytes back
Round trip time was 22.0953 milliseconds in repetition 303
tcp_ping received 384 bytes back
Round trip time was 18.2747 milliseconds in repetition 304
tcp_ping received 384 bytes back
Round trip time was 19.7314 milliseconds in repetition 305
tcp_ping received 384 bytes back
Round trip time was 17.9997 milliseconds in repetition 306
tcp_ping received 384 bytes back
Round trip time was 18.3321 milliseconds in repetition 307
tcp_ping received 384 bytes back
Round trip time was 18.1868 milliseconds in repetition 308
tcp_ping received 384 bytes back
Round trip time was 21.6961 milliseconds in repetition 309
tcp_ping received 384 bytes back
Round trip time was 18.2916 milliseconds in repetition 310
tcp_ping received 384 bytes back
Round trip time was 18.8665 milliseconds in repetition 311
tcp_ping received 384 bytes back
Round trip time was 21.0943 milliseconds in repetition 312
tcp_ping received 384 bytes back
Round trip time was 19.3768 milliseconds in repetition 313
tcp_ping received 384 bytes back
Round trip time was 19.0498 milliseconds in repetition 314
tcp_ping received 384 bytes back
Round trip time was 20.7359 milliseconds in repetition 315
tcp_ping received 384 bytes back
Round trip time was 19.6461 milliseconds in repetition 316
tcp_ping received 384 bytes back
Round trip time was 21.8779 milliseconds in repetition 317
tcp_ping received 384 bytes back
Round trip time was 23.9328 milliseconds in repetition 318
tcp_ping received 384 bytes back
Round trip time was 18.711 milliseconds in repetition 319
tcp_ping received 384 bytes back
Round trip time was 18.1954 milliseconds in repetition 320
tcp_ping received 384 bytes back
Round trip time was 18.0924 milliseconds in repetition 321
tcp_ping received 384 bytes back
Round trip time was 21.3335 milliseconds in repetition 322
tcp_ping received 384 bytes back
Round trip time was 18.0348 milliseconds in repetition 323
tcp_ping received 384 bytes back
Round trip time was 22.5938 milliseconds in repetition 324
tcp_ping received 384 bytes back
Round trip time was 19.3207 milliseconds in repetition 325
tcp_ping received 384 bytes back
Round trip time was 18.1644 milliseconds in repetition 326
tcp_ping received 384 bytes back
Round trip time was 18.5233 milliseconds in repetition 327
tcp_ping received 384 bytes back
Round trip time was 18.9921 milliseconds in repetition 328
tcp_ping received 384 bytes back
Round trip time was 19.616 milliseconds in repetition 329
tcp_ping received 384 bytes back
Round trip time was 21.7727 milliseconds in repetition 330
tcp_ping received 384 bytes back
Round trip time was 18.1843 milliseconds in repetition 331
tcp_ping received 384 bytes back
Round trip time was 19.8872 milliseconds in repetition 332
tcp_ping received 384 bytes back
Round trip time was 19.5085 milliseconds in repetition 333
tcp_ping received 384 bytes back
Round trip time was 18.3946 milliseconds in repetition 334
tcp_ping received 384 bytes back
Round trip time was 18.1036 milliseconds in repetition 335
tcp_ping received 384 bytes back
Round trip time was 18.1071 milliseconds in repetition 336
tcp_ping received 384 bytes back
Round trip time was 20.4991 milliseconds in repetition 337
tcp_ping received 384 bytes back
Round trip time was 19.3544 milliseconds in repetition 338
tcp_ping received 384 bytes back
Round trip time was 18.6871 milliseconds in repetition 339
tcp_ping received 384 bytes back
Round trip time was 19.0864 milliseconds in repetition 340
tcp_ping received 384 bytes back
Round trip time was 18.9394 milliseconds in repetition 341
tcp_ping received 384 bytes back
Round trip time was 17.8061 milliseconds in repetition 342
tcp_ping received 384 bytes back
Round trip time was 18.2317 milliseconds in repetition 343
tcp_ping received 384 bytes back
Round trip time was 20.3462 milliseconds in repetition 344
tcp_ping received 384 bytes back
Round trip time was 18.4577 milliseconds in repetition 345
tcp_ping received 384 bytes back
Round trip time was 19.0871 milliseconds in repetition 346
tcp_ping received 384 bytes back
Round trip time was 18.1341 milliseconds in repetition 347
tcp_ping received 384 bytes back
Round trip time was 17.9777 milliseconds in repetition 348
tcp_ping received 384 bytes back
Round trip time was 21.095 milliseconds in repetition 349
tcp_ping received 384 bytes back
Round trip time was 21.3518 milliseconds in repetition 350
tcp_ping received 384 bytes back
Round trip time was 19.6594 milliseconds in repetition 351
tcp_ping received 384 bytes back
Round trip time was 18.4187 milliseconds in repetition 352
tcp_ping received 384 bytes back
Round trip time was 18.1078 milliseconds in repetition 353
tcp_ping received 384 bytes back
Round trip time was 18.3511 milliseconds in repetition 354
tcp_ping received 384 bytes back
Round trip time was 19.1533 milliseconds in repetition 355
tcp_ping received 384 bytes back
Round trip time was 25.7047 milliseconds in repetition 356
tcp_ping received 384 bytes back
Round trip time was 21.3144 milliseconds in repetition 357
tcp_ping received 384 bytes back
Round trip time was 18.7624 milliseconds in repetition 358
tcp_ping received 384 bytes back
Round trip time was 19.0437 milliseconds in repetition 359
tcp_ping received 384 bytes back
Round trip time was 22.4218 milliseconds in repetition 360
tcp_ping received 384 bytes back
Round trip time was 30.106 milliseconds in repetition 361
tcp_ping received 384 bytes back
Round trip time was 19.3721 milliseconds in repetition 362
tcp_ping received 384 bytes back
Round trip time was 21.2347 milliseconds in repetition 363
tcp_ping received 384 bytes back
Round trip time was 18.8401 milliseconds in repetition 364
tcp_ping received 384 bytes back
Round trip time was 19.0344 milliseconds in repetition 365
tcp_ping received 384 bytes back
Round trip time was 19.2342 milliseconds in repetition 366
tcp_ping received 384 bytes back
Round trip time was 19.3744 milliseconds in repetition 367
tcp_ping received 384 bytes back
Round trip time was 18.2827 milliseconds in repetition 368
tcp_ping received 384 bytes back
Round trip time was 18.5297 milliseconds in repetition 369
tcp_ping received 384 bytes back
Round trip time was 19.1288 milliseconds in repetition 370
tcp_ping received 384 bytes back
Round trip time was 18.4027 milliseconds in repetition 371
tcp_ping received 384 bytes back
Round trip time was 20.9102 milliseconds in repetition 372
tcp_ping received 384 bytes back
Round trip time was 18.7538 milliseconds in repetition 373
tcp_ping received 384 bytes back
Round trip time was 30.4353 milliseconds in repetition 374
tcp_ping received 384 bytes back
Round trip time was 20.4468 milliseconds in repetition 375
tcp_ping received 384 bytes back
Round trip time was 20.2244 milliseconds in repetition 376
tcp_ping received 384 bytes back
Round trip time was 31.9351 milliseconds in repetition 377
tcp_ping received 384 bytes back
Round trip time was 19.5787 milliseconds in repetition 378
tcp_ping received 384 bytes back
Round trip time was 17.9466 milliseconds in repetition 379
tcp_ping received 384 bytes back
Round trip time was 20.6583 milliseconds in repetition 380
tcp_ping received 384 bytes back
Round trip time was 19.1815 milliseconds in repetition 381
tcp_ping received 384 bytes back
Round trip time was 19.1711 milliseconds in repetition 382
tcp_ping received 384 bytes back
Round trip time was 24.528 milliseconds in repetition 383
tcp_ping received 384 bytes back
Round trip time was 21.3353 milliseconds in repetition 384
tcp_ping received 384 bytes back
Round trip time was 18.5763 milliseconds in repetition 385
tcp_ping received 384 bytes back
Round trip time was 18.7427 milliseconds in repetition 386
tcp_ping received 384 bytes back
Round trip time was 18.9655 milliseconds in repetition 387
tcp_ping received 384 bytes back
Round trip time was 19.4258 milliseconds in repetition 388
tcp_ping received 384 bytes back
Round trip time was 18.4556 milliseconds in repetition 389
tcp_ping received 384 bytes back
Round trip time was 18.4021 milliseconds in repetition 390
tcp_ping received 384 bytes back
Round trip time was 21.2151 milliseconds in repetition 391
tcp_ping received 384 bytes back
Round trip time was 18.4697 milliseconds in repetition 392
tcp_ping received 384 bytes back
Round trip time was 18.8507 milliseconds in repetition 393
tcp_ping received 384 bytes back
Round trip time was 23.0347 milliseconds in repetition 394
tcp_ping received 384 bytes back
Round trip time was 18.7838 milliseconds in repetition 395
tcp_ping received 384 bytes back
Round trip time was 19.863 milliseconds in repetition 396
tcp_ping received 384 bytes back
Round trip time was 18.2376 milliseconds in repetition 397
tcp_ping received 384 bytes back
Round trip time was 25.1782 milliseconds in repetition 398
tcp_ping received 384 bytes back
Round trip time was 22.7127 milliseconds in repetition 399
tcp_ping received 384 bytes back
Round trip time was 18 milliseconds in repetition 400
tcp_ping received 384 bytes back
Round trip time was 18.2348 milliseconds in repetition 401
tcp_ping received 384 bytes back
Round trip time was 18.2478 milliseconds in repetition 402
tcp_ping received 384 bytes back
Round trip time was 20.7883 milliseconds in repetition 403
tcp_ping received 384 bytes back
Round trip time was 17.9942 milliseconds in repetition 404
tcp_ping received 384 bytes back
Round trip time was 19.0443 milliseconds in repetition 405
tcp_ping received 384 bytes back
Round trip time was 20.5702 milliseconds in repetition 406
tcp_ping received 384 bytes back
Round trip time was 19.2705 milliseconds in repetition 407
tcp_ping received 384 bytes back
Round trip time was 19.5049 milliseconds in repetition 408
tcp_ping received 384 bytes back
Round trip time was 19.2318 milliseconds in repetition 409
tcp_ping received 384 bytes back
Round trip time was 18.8803 milliseconds in repetition 410
tcp_ping received 384 bytes back
Round trip time was 18.1276 milliseconds in repetition 411
tcp_ping received 384 bytes back
Round trip time was 18.0808 milliseconds in repetition 412
tcp_ping received 384 bytes back
Round trip time was 17.9057 milliseconds in repetition 413
tcp_ping received 384 bytes back
Round trip time was 18.7128 milliseconds in repetition 414
tcp_ping received 384 bytes back
Round trip time was 22.3175 milliseconds in repetition 415
tcp_ping received 384 bytes back
Round trip time was 22.5609 milliseconds in repetition 416
tcp_ping received 384 bytes back
Round trip time was 19.5299 milliseconds in repetition 417
tcp_ping received 384 bytes back
Round trip time was 18.9251 milliseconds in repetition 418
tcp_ping received 384 bytes back
Round trip time was 19.3575 milliseconds in repetition 419
tcp_ping received 384 bytes back
Round trip time was 18.4092 milliseconds in repetition 420
tcp_ping received 384 bytes back
Round trip time was 21.3564 milliseconds in repetition 421
tcp_ping received 384 bytes back
Round trip time was 18.4915 milliseconds in repetition 422
tcp_ping received 384 bytes back
Round trip time was 19.4496 milliseconds in repetition 423
tcp_ping received 384 bytes back
Round trip time was 18.923 milliseconds in repetition 424
tcp_ping received 384 bytes back
Round trip time was 18.5891 milliseconds in repetition 425
tcp_ping received 384 bytes back
Round trip time was 18.8585 milliseconds in repetition 426
tcp_ping received 384 bytes back
Round trip time was 18.0858 milliseconds in repetition 427
tcp_ping received 384 bytes back
Round trip time was 20.1753 milliseconds in repetition 428
tcp_ping received 384 bytes back
Round trip time was 17.9547 milliseconds in repetition 429
tcp_ping received 384 bytes back
Round trip time was 19.2373 milliseconds in repetition 430
tcp_ping received 384 bytes back
Round trip time was 19.2078 milliseconds in repetition 431
tcp_ping received 384 bytes back
Round trip time was 19.6021 milliseconds in repetition 432
tcp_ping received 384 bytes back
Round trip time was 20.2838 milliseconds in repetition 433
tcp_ping received 384 bytes back
Round trip time was 19.2314 milliseconds in repetition 434
tcp_ping received 384 bytes back
Round trip time was 18.6763 milliseconds in repetition 435
tcp_ping received 384 bytes back
Round trip time was 17.7988 milliseconds in repetition 436
tcp_ping received 384 bytes back
Round trip time was 22.027 milliseconds in repetition 437
tcp_ping received 384 bytes back
Round trip time was 19.0667 milliseconds in repetition 438
tcp_ping received 384 bytes back
Round trip time was 24.0906 milliseconds in repetition 439
tcp_ping received 384 bytes back
Round trip time was 18.2826 milliseconds in repetition 440
tcp_ping received 384 bytes back
Round trip time was 19.2003 milliseconds in repetition 441
tcp_ping received 384 bytes back
Round trip time was 19.284 milliseconds in repetition 442
tcp_ping received 384 bytes back
Round trip time was 18.7352 milliseconds in repetition 443
tcp_ping received 384 bytes back
Round trip time was 18.8124 milliseconds in repetition 444
tcp_ping received 384 bytes back
Round trip time was 19.5831 milliseconds in repetition 445
tcp_ping received 384 bytes back
Round trip time was 18.2064 milliseconds in repetition 446
tcp_ping received 384 bytes back
Round trip time was 18.0258 milliseconds in repetition 447
tcp_ping received 384 bytes back
Round trip time was 18.5005 milliseconds in repetition 448
tcp_ping received 384 bytes back
Round trip time was 19.1247 milliseconds in repetition 449
tcp_ping received 384 bytes back
Round trip time was 18.6951 milliseconds in repetition 450
tcp_ping received 384 bytes back
Round trip time was 18.5953 milliseconds in repetition 451
tcp_ping received 384 bytes back
Round trip time was 18.5868 milliseconds in repetition 452
tcp_ping received 384 bytes back
Round trip time was 18.6368 milliseconds in repetition 453
tcp_ping received 384 bytes back
Round trip time was 19.9227 milliseconds in repetition 454
tcp_ping received 384 bytes back
Round trip time was 21.9271 milliseconds in repetition 455
tcp_ping received 384 bytes back
Round trip time was 19.7217 milliseconds in repetition 456
tcp_ping received 384 bytes back
Round trip time was 25.2193 milliseconds in repetition 457
tcp_ping received 384 bytes back
Round trip time was 19.1132 milliseconds in repetition 458
tcp_ping received 384 bytes back
Round trip time was 19.1917 milliseconds in repetition 459
tcp_ping received 384 bytes back
Round trip time was 18.4142 milliseconds in repetition 460
tcp_ping received 384 bytes back
Round trip time was 19.3828 milliseconds in repetition 461
tcp_ping received 384 bytes back
Round trip time was 23.9619 milliseconds in repetition 462
tcp_ping received 384 bytes back
Round trip time was 19.1897 milliseconds in repetition 463
tcp_ping received 384 bytes back
Round trip time was 21.7113 milliseconds in repetition 464
tcp_ping received 384 bytes back
Round trip time was 18.8931 milliseconds in repetition 465
tcp_ping received 384 bytes back
Round trip time was 21.9155 milliseconds in repetition 466
tcp_ping received 384 bytes back
Round trip time was 17.7228 milliseconds in repetition 467
tcp_ping received 384 bytes back
Round trip time was 19.153 milliseconds in repetition 468
tcp_ping received 384 bytes back
Round trip time was 20.2274 milliseconds in repetition 469
tcp_ping received 384 bytes back
Round trip time was 17.1929 milliseconds in repetition 470
tcp_ping received 384 bytes back
Round trip time was 18.0611 milliseconds in repetition 471
tcp_ping received 384 bytes back
Round trip time was 19.3306 milliseconds in repetition 472
tcp_ping received 384 bytes back
Round trip time was 22.8854 milliseconds in repetition 473
tcp_ping received 384 bytes back
Round trip time was 18.6269 milliseconds in repetition 474
tcp_ping received 384 bytes back
Round trip time was 18.0611 milliseconds in repetition 475
tcp_ping received 384 bytes back
Round trip time was 17.9484 milliseconds in repetition 476
tcp_ping received 384 bytes back
Round trip time was 18.7077 milliseconds in repetition 477
tcp_ping received 384 bytes back
Round trip time was 19.2643 milliseconds in repetition 478
tcp_ping received 384 bytes back
Round trip time was 24.0472 milliseconds in repetition 479
tcp_ping received 384 bytes back
Round trip time was 19.3724 milliseconds in repetition 480
tcp_ping received 384 bytes back
Round trip time was 18.2354 milliseconds in repetition 481
tcp_ping received 384 bytes back
Round trip time was 18.8538 milliseconds in repetition 482
tcp_ping received 384 bytes back
Round trip time was 19.2907 milliseconds in repetition 483
tcp_ping received 384 bytes back
Round trip time was 24.2959 milliseconds in repetition 484
tcp_ping received 384 bytes back
Round trip time was 20.8163 milliseconds in repetition 485
tcp_ping received 384 bytes back
Round trip time was 19.229 milliseconds in repetition 486
tcp_ping received 384 bytes back
Round trip time was 19.0159 milliseconds in repetition 487
tcp_ping received 384 bytes back
Round trip time was 22.2466 milliseconds in repetition 488
tcp_ping received 384 bytes back
Round trip time was 17.879 milliseconds in repetition 489
tcp_ping received 384 bytes back
Round trip time was 18.5255 milliseconds in repetition 490
tcp_ping received 384 bytes back
Round trip time was 18.7002 milliseconds in repetition 491
tcp_ping received 384 bytes back
Round trip time was 17.9075 milliseconds in repetition 492
tcp_ping received 384 bytes back
Round trip time was 20.8512 milliseconds in repetition 493
tcp_ping received 384 bytes back
Round trip time was 22.6092 milliseconds in repetition 494
tcp_ping received 384 bytes back
Round trip time was 18.6022 milliseconds in repetition 495
tcp_ping received 384 bytes back
Round trip time was 18.3357 milliseconds in repetition 496
tcp_ping received 384 bytes back
Round trip time was 18.154 milliseconds in repetition 497
tcp_ping received 384 bytes back
Round trip time was 18.2126 milliseconds in repetition 498
tcp_ping received 384 bytes back
Round trip time was 18.1916 milliseconds in repetition 499
tcp_ping received 384 bytes back
Round trip time was 18.8976 milliseconds in repetition 500
tcp_ping received 384 bytes back
Round trip time was 18.0605 milliseconds in repetition 501

 ... clock resolution was 1e-06
TCP Ping:  Statistics over 501 repetitions of 384 byte messages

RTT : percentile 10: 18.0455, median: 19.0178, percentile 90: 22.3352, average: 19.6754, variance: 4.49542

RTT histogram:
17.1929 7
17.93 107
18.6671 138
19.4042 101
20.1413 41
20.8784 21
21.6155 29
22.3526 18
23.0898 12
23.8269 8
24.564 5
25.3011 3
26.0382 2
26.7753 1
27.5124 0
28.2496 1
28.9867 2
29.7238 1
30.4609 2
31.198 1
31.9351 1

   median Throughput : 40.3832 KB/s   overall Throughput : 39.0335 KB/s

