TCP Ping trying to connect to server seti.dibris.unige.it (130.251.61.30) on port 1491
 ... connected to Pong server: asking for 501 repetitions of 12288 bytes TCP messages
Received answer: 'OK
'
 ... Pong server agreed :-)
tcp_ping received 12288 bytes back
Round trip time was 56.1778 milliseconds in repetition 1
tcp_ping received 12288 bytes back
Round trip time was 32.1623 milliseconds in repetition 2
tcp_ping received 12288 bytes back
Round trip time was 33.1024 milliseconds in repetition 3
tcp_ping received 12288 bytes back
Round trip time was 30.2956 milliseconds in repetition 4
tcp_ping received 12288 bytes back
Round trip time was 28.3032 milliseconds in repetition 5
tcp_ping received 12288 bytes back
Round trip time was 28.6447 milliseconds in repetition 6
tcp_ping received 12288 bytes back
Round trip time was 30.7265 milliseconds in repetition 7
tcp_ping received 12288 bytes back
Round trip time was 29.0268 milliseconds in repetition 8
tcp_ping received 12288 bytes back
Round trip time was 28.6529 milliseconds in repetition 9
tcp_ping received 12288 bytes back
Round trip time was 28.3416 milliseconds in repetition 10
tcp_ping received 12288 bytes back
Round trip time was 28.6224 milliseconds in repetition 11
tcp_ping received 12288 bytes back
Round trip time was 29.9732 milliseconds in repetition 12
tcp_ping received 12288 bytes back
Round trip time was 29.6476 milliseconds in repetition 13
tcp_ping received 12288 bytes back
Round trip time was 29.738 milliseconds in repetition 14
tcp_ping received 12288 bytes back
Round trip time was 29.1418 milliseconds in repetition 15
tcp_ping received 12288 bytes back
Round trip time was 28.8584 milliseconds in repetition 16
tcp_ping received 12288 bytes back
Round trip time was 28.3432 milliseconds in repetition 17
tcp_ping received 12288 bytes back
Round trip time was 28.1702 milliseconds in repetition 18
tcp_ping received 12288 bytes back
Round trip time was 29.0171 milliseconds in repetition 19
tcp_ping received 12288 bytes back
Round trip time was 28.3145 milliseconds in repetition 20
tcp_ping received 12288 bytes back
Round trip time was 29.4214 milliseconds in repetition 21
tcp_ping received 12288 bytes back
Round trip time was 27.8674 milliseconds in repetition 22
tcp_ping received 12288 bytes back
Round trip time was 28.3882 milliseconds in repetition 23
tcp_ping received 12288 bytes back
Round trip time was 30.4134 milliseconds in repetition 24
tcp_ping received 12288 bytes back
Round trip time was 30.7991 milliseconds in repetition 25
tcp_ping received 12288 bytes back
Round trip time was 35.9375 milliseconds in repetition 26
tcp_ping received 12288 bytes back
Round trip time was 27.9711 milliseconds in repetition 27
tcp_ping received 12288 bytes back
Round trip time was 27.3246 milliseconds in repetition 28
tcp_ping received 12288 bytes back
Round trip time was 27.7076 milliseconds in repetition 29
tcp_ping received 12288 bytes back
Round trip time was 30.8544 milliseconds in repetition 30
tcp_ping received 12288 bytes back
Round trip time was 28.6681 milliseconds in repetition 31
tcp_ping received 12288 bytes back
Round trip time was 33.344 milliseconds in repetition 32
tcp_ping received 12288 bytes back
Round trip time was 32.2839 milliseconds in repetition 33
tcp_ping received 12288 bytes back
Round trip time was 30.1141 milliseconds in repetition 34
tcp_ping received 12288 bytes back
Round trip time was 28.4822 milliseconds in repetition 35
tcp_ping received 12288 bytes back
Round trip time was 28.1943 milliseconds in repetition 36
tcp_ping received 12288 bytes back
Round trip time was 27.4351 milliseconds in repetition 37
tcp_ping received 12288 bytes back
Round trip time was 28.3493 milliseconds in repetition 38
tcp_ping received 12288 bytes back
Round trip time was 27.8654 milliseconds in repetition 39
tcp_ping received 12288 bytes back
Round trip time was 31.2699 milliseconds in repetition 40
tcp_ping received 12288 bytes back
Round trip time was 31.5275 milliseconds in repetition 41
tcp_ping received 12288 bytes back
Round trip time was 31.7529 milliseconds in repetition 42
tcp_ping received 12288 bytes back
Round trip time was 30.9527 milliseconds in repetition 43
tcp_ping received 12288 bytes back
Round trip time was 27.6744 milliseconds in repetition 44
tcp_ping received 12288 bytes back
Round trip time was 27.9289 milliseconds in repetition 45
tcp_ping received 12288 bytes back
Round trip time was 27.7879 milliseconds in repetition 46
tcp_ping received 12288 bytes back
Round trip time was 27.4265 milliseconds in repetition 47
tcp_ping received 12288 bytes back
Round trip time was 28.4592 milliseconds in repetition 48
tcp_ping received 12288 bytes back
Round trip time was 34.5865 milliseconds in repetition 49
tcp_ping received 12288 bytes back
Round trip time was 29.0354 milliseconds in repetition 50
tcp_ping received 12288 bytes back
Round trip time was 28.4194 milliseconds in repetition 51
tcp_ping received 12288 bytes back
Round trip time was 37.4998 milliseconds in repetition 52
tcp_ping received 12288 bytes back
Round trip time was 29.0069 milliseconds in repetition 53
tcp_ping received 12288 bytes back
Round trip time was 27.9208 milliseconds in repetition 54
tcp_ping received 12288 bytes back
Round trip time was 27.688 milliseconds in repetition 55
tcp_ping received 12288 bytes back
Round trip time was 30.9681 milliseconds in repetition 56
tcp_ping received 12288 bytes back
Round trip time was 28.2974 milliseconds in repetition 57
tcp_ping received 12288 bytes back
Round trip time was 27.5937 milliseconds in repetition 58
tcp_ping received 12288 bytes back
Round trip time was 27.8837 milliseconds in repetition 59
tcp_ping received 12288 bytes back
Round trip time was 29.1511 milliseconds in repetition 60
tcp_ping received 12288 bytes back
Round trip time was 32.7571 milliseconds in repetition 61
tcp_ping received 12288 bytes back
Round trip time was 27.6254 milliseconds in repetition 62
tcp_ping received 12288 bytes back
Round trip time was 30.7352 milliseconds in repetition 63
tcp_ping received 12288 bytes back
Round trip time was 32.271 milliseconds in repetition 64
tcp_ping received 12288 bytes back
Round trip time was 30.5634 milliseconds in repetition 65
tcp_ping received 12288 bytes back
Round trip time was 35.0161 milliseconds in repetition 66
tcp_ping received 12288 bytes back
Round trip time was 32.9279 milliseconds in repetition 67
tcp_ping received 12288 bytes back
Round trip time was 32.002 milliseconds in repetition 68
tcp_ping received 12288 bytes back
Round trip time was 34.5896 milliseconds in repetition 69
tcp_ping received 12288 bytes back
Round trip time was 36.946 milliseconds in repetition 70
tcp_ping received 12288 bytes back
Round trip time was 29.7335 milliseconds in repetition 71
tcp_ping received 12288 bytes back
Round trip time was 27.6426 milliseconds in repetition 72
tcp_ping received 12288 bytes back
Round trip time was 28.2798 milliseconds in repetition 73
tcp_ping received 12288 bytes back
Round trip time was 28.596 milliseconds in repetition 74
tcp_ping received 12288 bytes back
Round trip time was 26.5665 milliseconds in repetition 75
tcp_ping received 12288 bytes back
Round trip time was 29.6197 milliseconds in repetition 76
tcp_ping received 12288 bytes back
Round trip time was 28.8351 milliseconds in repetition 77
tcp_ping received 12288 bytes back
Round trip time was 29.916 milliseconds in repetition 78
tcp_ping received 12288 bytes back
Round trip time was 27.6684 milliseconds in repetition 79
tcp_ping received 12288 bytes back
Round trip time was 30.6175 milliseconds in repetition 80
tcp_ping received 12288 bytes back
Round trip time was 27.7238 milliseconds in repetition 81
tcp_ping received 12288 bytes back
Round trip time was 30.2406 milliseconds in repetition 82
tcp_ping received 12288 bytes back
Round trip time was 27.7297 milliseconds in repetition 83
tcp_ping received 12288 bytes back
Round trip time was 29.3155 milliseconds in repetition 84
tcp_ping received 12288 bytes back
Round trip time was 27.8053 milliseconds in repetition 85
tcp_ping received 12288 bytes back
Round trip time was 30.3034 milliseconds in repetition 86
tcp_ping received 12288 bytes back
Round trip time was 27.4638 milliseconds in repetition 87
tcp_ping received 12288 bytes back
Round trip time was 26.8475 milliseconds in repetition 88
tcp_ping received 12288 bytes back
Round trip time was 40.1282 milliseconds in repetition 89
tcp_ping received 12288 bytes back
Round trip time was 27.2002 milliseconds in repetition 90
tcp_ping received 12288 bytes back
Round trip time was 29.3394 milliseconds in repetition 91
tcp_ping received 12288 bytes back
Round trip time was 32.6926 milliseconds in repetition 92
tcp_ping received 12288 bytes back
Round trip time was 28.7925 milliseconds in repetition 93
tcp_ping received 12288 bytes back
Round trip time was 27.2461 milliseconds in repetition 94
tcp_ping received 12288 bytes back
Round trip time was 28.1789 milliseconds in repetition 95
tcp_ping received 12288 bytes back
Round trip time was 26.8919 milliseconds in repetition 96
tcp_ping received 12288 bytes back
Round trip time was 27.0394 milliseconds in repetition 97
tcp_ping received 12288 bytes back
Round trip time was 28.448 milliseconds in repetition 98
tcp_ping received 12288 bytes back
Round trip time was 27.5332 milliseconds in repetition 99
tcp_ping received 12288 bytes back
Round trip time was 27.8142 milliseconds in repetition 100
tcp_ping received 12288 bytes back
Round trip time was 29.6445 milliseconds in repetition 101
tcp_ping received 12288 bytes back
Round trip time was 28.3369 milliseconds in repetition 102
tcp_ping received 12288 bytes back
Round trip time was 28.8245 milliseconds in repetition 103
tcp_ping received 12288 bytes back
Round trip time was 28.6602 milliseconds in repetition 104
tcp_ping received 12288 bytes back
Round trip time was 32.3068 milliseconds in repetition 105
tcp_ping received 12288 bytes back
Round trip time was 33.0895 milliseconds in repetition 106
tcp_ping received 12288 bytes back
Round trip time was 30.3495 milliseconds in repetition 107
tcp_ping received 12288 bytes back
Round trip time was 28.8645 milliseconds in repetition 108
tcp_ping received 12288 bytes back
Round trip time was 28.4545 milliseconds in repetition 109
tcp_ping received 12288 bytes back
Round trip time was 28.2203 milliseconds in repetition 110
tcp_ping received 12288 bytes back
Round trip time was 31.3927 milliseconds in repetition 111
tcp_ping received 12288 bytes back
Round trip time was 28.5261 milliseconds in repetition 112
tcp_ping received 12288 bytes back
Round trip time was 31.1743 milliseconds in repetition 113
tcp_ping received 12288 bytes back
Round trip time was 30.6356 milliseconds in repetition 114
tcp_ping received 12288 bytes back
Round trip time was 36.557 milliseconds in repetition 115
tcp_ping received 12288 bytes back
Round trip time was 28.9039 milliseconds in repetition 116
tcp_ping received 12288 bytes back
Round trip time was 30.3374 milliseconds in repetition 117
tcp_ping received 12288 bytes back
Round trip time was 30.6877 milliseconds in repetition 118
tcp_ping received 12288 bytes back
Round trip time was 28.949 milliseconds in repetition 119
tcp_ping received 12288 bytes back
Round trip time was 32.6335 milliseconds in repetition 120
tcp_ping received 12288 bytes back
Round trip time was 27.9791 milliseconds in repetition 121
tcp_ping received 12288 bytes back
Round trip time was 29.83 milliseconds in repetition 122
tcp_ping received 12288 bytes back
Round trip time was 29.6871 milliseconds in repetition 123
tcp_ping received 12288 bytes back
Round trip time was 29.164 milliseconds in repetition 124
tcp_ping received 12288 bytes back
Round trip time was 30.3245 milliseconds in repetition 125
tcp_ping received 12288 bytes back
Round trip time was 27.9383 milliseconds in repetition 126
tcp_ping received 12288 bytes back
Round trip time was 32.0399 milliseconds in repetition 127
tcp_ping received 12288 bytes back
Round trip time was 28.7174 milliseconds in repetition 128
tcp_ping received 12288 bytes back
Round trip time was 28.3683 milliseconds in repetition 129
tcp_ping received 12288 bytes back
Round trip time was 28.4565 milliseconds in repetition 130
tcp_ping received 12288 bytes back
Round trip time was 34.0616 milliseconds in repetition 131
tcp_ping received 12288 bytes back
Round trip time was 29.4303 milliseconds in repetition 132
tcp_ping received 12288 bytes back
Round trip time was 31.6539 milliseconds in repetition 133
tcp_ping received 12288 bytes back
Round trip time was 32.5541 milliseconds in repetition 134
tcp_ping received 12288 bytes back
Round trip time was 30.2378 milliseconds in repetition 135
tcp_ping received 12288 bytes back
Round trip time was 28.2275 milliseconds in repetition 136
tcp_ping received 12288 bytes back
Round trip time was 27.9636 milliseconds in repetition 137
tcp_ping received 12288 bytes back
Round trip time was 29.0633 milliseconds in repetition 138
tcp_ping received 12288 bytes back
Round trip time was 28.7778 milliseconds in repetition 139
tcp_ping received 12288 bytes back
Round trip time was 29.8554 milliseconds in repetition 140
tcp_ping received 12288 bytes back
Round trip time was 27.7846 milliseconds in repetition 141
tcp_ping received 12288 bytes back
Round trip time was 28.0228 milliseconds in repetition 142
tcp_ping received 12288 bytes back
Round trip time was 27.5988 milliseconds in repetition 143
tcp_ping received 12288 bytes back
Round trip time was 30.2955 milliseconds in repetition 144
tcp_ping received 12288 bytes back
Round trip time was 34.1438 milliseconds in repetition 145
tcp_ping received 12288 bytes back
Round trip time was 31.1471 milliseconds in repetition 146
tcp_ping received 12288 bytes back
Round trip time was 31.5523 milliseconds in repetition 147
tcp_ping received 12288 bytes back
Round trip time was 32.1558 milliseconds in repetition 148
tcp_ping received 12288 bytes back
Round trip time was 27.8764 milliseconds in repetition 149
tcp_ping received 12288 bytes back
Round trip time was 29.24 milliseconds in repetition 150
tcp_ping received 12288 bytes back
Round trip time was 29.5632 milliseconds in repetition 151
tcp_ping received 12288 bytes back
Round trip time was 30.7972 milliseconds in repetition 152
tcp_ping received 12288 bytes back
Round trip time was 29.2998 milliseconds in repetition 153
tcp_ping received 12288 bytes back
Round trip time was 28.9017 milliseconds in repetition 154
tcp_ping received 12288 bytes back
Round trip time was 28.2161 milliseconds in repetition 155
tcp_ping received 12288 bytes back
Round trip time was 29.2529 milliseconds in repetition 156
tcp_ping received 12288 bytes back
Round trip time was 28.8382 milliseconds in repetition 157
tcp_ping received 12288 bytes back
Round trip time was 28.0016 milliseconds in repetition 158
tcp_ping received 12288 bytes back
Round trip time was 27.4667 milliseconds in repetition 159
tcp_ping received 12288 bytes back
Round trip time was 32.2125 milliseconds in repetition 160
tcp_ping received 12288 bytes back
Round trip time was 27.634 milliseconds in repetition 161
tcp_ping received 12288 bytes back
Round trip time was 40.237 milliseconds in repetition 162
tcp_ping received 12288 bytes back
Round trip time was 36.6118 milliseconds in repetition 163
tcp_ping received 12288 bytes back
Round trip time was 34.8007 milliseconds in repetition 164
tcp_ping received 12288 bytes back
Round trip time was 33.6217 milliseconds in repetition 165
tcp_ping received 12288 bytes back
Round trip time was 29.8087 milliseconds in repetition 166
tcp_ping received 12288 bytes back
Round trip time was 36.7622 milliseconds in repetition 167
tcp_ping received 12288 bytes back
Round trip time was 35.6771 milliseconds in repetition 168
tcp_ping received 12288 bytes back
Round trip time was 35.6859 milliseconds in repetition 169
tcp_ping received 12288 bytes back
Round trip time was 43.7202 milliseconds in repetition 170
tcp_ping received 12288 bytes back
Round trip time was 44.4604 milliseconds in repetition 171
tcp_ping received 12288 bytes back
Round trip time was 41.763 milliseconds in repetition 172
tcp_ping received 12288 bytes back
Round trip time was 28.0639 milliseconds in repetition 173
tcp_ping received 12288 bytes back
Round trip time was 35.8209 milliseconds in repetition 174
tcp_ping received 12288 bytes back
Round trip time was 40.9794 milliseconds in repetition 175
tcp_ping received 12288 bytes back
Round trip time was 38.1578 milliseconds in repetition 176
tcp_ping received 12288 bytes back
Round trip time was 31.1321 milliseconds in repetition 177
tcp_ping received 12288 bytes back
Round trip time was 30.4197 milliseconds in repetition 178
tcp_ping received 12288 bytes back
Round trip time was 38.4265 milliseconds in repetition 179
tcp_ping received 12288 bytes back
Round trip time was 34.6363 milliseconds in repetition 180
tcp_ping received 12288 bytes back
Round trip time was 30.0592 milliseconds in repetition 181
tcp_ping received 12288 bytes back
Round trip time was 36.2892 milliseconds in repetition 182
tcp_ping received 12288 bytes back
Round trip time was 36.2648 milliseconds in repetition 183
tcp_ping received 12288 bytes back
Round trip time was 30.9268 milliseconds in repetition 184
tcp_ping received 12288 bytes back
Round trip time was 37.8013 milliseconds in repetition 185
tcp_ping received 12288 bytes back
Round trip time was 32.9228 milliseconds in repetition 186
tcp_ping received 12288 bytes back
Round trip time was 35.3542 milliseconds in repetition 187
tcp_ping received 12288 bytes back
Round trip time was 47.5213 milliseconds in repetition 188
tcp_ping received 12288 bytes back
Round trip time was 37.8446 milliseconds in repetition 189
tcp_ping received 12288 bytes back
Round trip time was 30.8385 milliseconds in repetition 190
tcp_ping received 12288 bytes back
Round trip time was 34.598 milliseconds in repetition 191
tcp_ping received 12288 bytes back
Round trip time was 29.1629 milliseconds in repetition 192
tcp_ping received 12288 bytes back
Round trip time was 29.8394 milliseconds in repetition 193
tcp_ping received 12288 bytes back
Round trip time was 31.5526 milliseconds in repetition 194
tcp_ping received 12288 bytes back
Round trip time was 36.9357 milliseconds in repetition 195
tcp_ping received 12288 bytes back
Round trip time was 37.1822 milliseconds in repetition 196
tcp_ping received 12288 bytes back
Round trip time was 39.9782 milliseconds in repetition 197
tcp_ping received 12288 bytes back
Round trip time was 35.3802 milliseconds in repetition 198
tcp_ping received 12288 bytes back
Round trip time was 36.1841 milliseconds in repetition 199
tcp_ping received 12288 bytes back
Round trip time was 35.6632 milliseconds in repetition 200
tcp_ping received 12288 bytes back
Round trip time was 35.4235 milliseconds in repetition 201
tcp_ping received 12288 bytes back
Round trip time was 34.3407 milliseconds in repetition 202
tcp_ping received 12288 bytes back
Round trip time was 58.5267 milliseconds in repetition 203
tcp_ping received 12288 bytes back
Round trip time was 36.3274 milliseconds in repetition 204
tcp_ping received 12288 bytes back
Round trip time was 30.5984 milliseconds in repetition 205
tcp_ping received 12288 bytes back
Round trip time was 35.179 milliseconds in repetition 206
tcp_ping received 12288 bytes back
Round trip time was 36.317 milliseconds in repetition 207
tcp_ping received 12288 bytes back
Round trip time was 42.1638 milliseconds in repetition 208
tcp_ping received 12288 bytes back
Round trip time was 35.8032 milliseconds in repetition 209
tcp_ping received 12288 bytes back
Round trip time was 47.892 milliseconds in repetition 210
tcp_ping received 12288 bytes back
Round trip time was 29.6742 milliseconds in repetition 211
tcp_ping received 12288 bytes back
Round trip time was 37.847 milliseconds in repetition 212
tcp_ping received 12288 bytes back
Round trip time was 30.1215 milliseconds in repetition 213
tcp_ping received 12288 bytes back
Round trip time was 29.5631 milliseconds in repetition 214
tcp_ping received 12288 bytes back
Round trip time was 31.1688 milliseconds in repetition 215
tcp_ping received 12288 bytes back
Round trip time was 29.5887 milliseconds in repetition 216
tcp_ping received 12288 bytes back
Round trip time was 31.0505 milliseconds in repetition 217
tcp_ping received 12288 bytes back
Round trip time was 31.6236 milliseconds in repetition 218
tcp_ping received 12288 bytes back
Round trip time was 28.9252 milliseconds in repetition 219
tcp_ping received 12288 bytes back
Round trip time was 30.8044 milliseconds in repetition 220
tcp_ping received 12288 bytes back
Round trip time was 31.4906 milliseconds in repetition 221
tcp_ping received 12288 bytes back
Round trip time was 30.8825 milliseconds in repetition 222
tcp_ping received 12288 bytes back
Round trip time was 34.8283 milliseconds in repetition 223
tcp_ping received 12288 bytes back
Round trip time was 36.7738 milliseconds in repetition 224
tcp_ping received 12288 bytes back
Round trip time was 40.1816 milliseconds in repetition 225
tcp_ping received 12288 bytes back
Round trip time was 34.5219 milliseconds in repetition 226
tcp_ping received 12288 bytes back
Round trip time was 30.1917 milliseconds in repetition 227
tcp_ping received 12288 bytes back
Round trip time was 29.4746 milliseconds in repetition 228
tcp_ping received 12288 bytes back
Round trip time was 28.9786 milliseconds in repetition 229
tcp_ping received 12288 bytes back
Round trip time was 27.6692 milliseconds in repetition 230
tcp_ping received 12288 bytes back
Round trip time was 33.1325 milliseconds in repetition 231
tcp_ping received 12288 bytes back
Round trip time was 29.1087 milliseconds in repetition 232
tcp_ping received 12288 bytes back
Round trip time was 29.4013 milliseconds in repetition 233
tcp_ping received 12288 bytes back
Round trip time was 30.289 milliseconds in repetition 234
tcp_ping received 12288 bytes back
Round trip time was 30.5654 milliseconds in repetition 235
tcp_ping received 12288 bytes back
Round trip time was 30.7213 milliseconds in repetition 236
tcp_ping received 12288 bytes back
Round trip time was 31.8096 milliseconds in repetition 237
tcp_ping received 12288 bytes back
Round trip time was 32.257 milliseconds in repetition 238
tcp_ping received 12288 bytes back
Round trip time was 30.1472 milliseconds in repetition 239
tcp_ping received 12288 bytes back
Round trip time was 29.1175 milliseconds in repetition 240
tcp_ping received 12288 bytes back
Round trip time was 31.6234 milliseconds in repetition 241
tcp_ping received 12288 bytes back
Round trip time was 29.3478 milliseconds in repetition 242
tcp_ping received 12288 bytes back
Round trip time was 31.822 milliseconds in repetition 243
tcp_ping received 12288 bytes back
Round trip time was 30.1766 milliseconds in repetition 244
tcp_ping received 12288 bytes back
Round trip time was 27.8049 milliseconds in repetition 245
tcp_ping received 12288 bytes back
Round trip time was 34.6517 milliseconds in repetition 246
tcp_ping received 12288 bytes back
Round trip time was 29.3041 milliseconds in repetition 247
tcp_ping received 12288 bytes back
Round trip time was 29.3751 milliseconds in repetition 248
tcp_ping received 12288 bytes back
Round trip time was 35.3306 milliseconds in repetition 249
tcp_ping received 12288 bytes back
Round trip time was 32.8869 milliseconds in repetition 250
tcp_ping received 12288 bytes back
Round trip time was 29.4202 milliseconds in repetition 251
tcp_ping received 12288 bytes back
Round trip time was 34.9688 milliseconds in repetition 252
tcp_ping received 12288 bytes back
Round trip time was 32.0805 milliseconds in repetition 253
tcp_ping received 12288 bytes back
Round trip time was 28.9561 milliseconds in repetition 254
tcp_ping received 12288 bytes back
Round trip time was 29.6618 milliseconds in repetition 255
tcp_ping received 12288 bytes back
Round trip time was 29.1929 milliseconds in repetition 256
tcp_ping received 12288 bytes back
Round trip time was 30.2008 milliseconds in repetition 257
tcp_ping received 12288 bytes back
Round trip time was 30.4798 milliseconds in repetition 258
tcp_ping received 12288 bytes back
Round trip time was 30.9813 milliseconds in repetition 259
tcp_ping received 12288 bytes back
Round trip time was 28.8661 milliseconds in repetition 260
tcp_ping received 12288 bytes back
Round trip time was 35.0794 milliseconds in repetition 261
tcp_ping received 12288 bytes back
Round trip time was 38.1723 milliseconds in repetition 262
tcp_ping received 12288 bytes back
Round trip time was 29.8796 milliseconds in repetition 263
tcp_ping received 12288 bytes back
Round trip time was 28.8131 milliseconds in repetition 264
tcp_ping received 12288 bytes back
Round trip time was 31.2432 milliseconds in repetition 265
tcp_ping received 12288 bytes back
Round trip time was 28.5831 milliseconds in repetition 266
tcp_ping received 12288 bytes back
Round trip time was 52.786 milliseconds in repetition 267
tcp_ping received 12288 bytes back
Round trip time was 31.4013 milliseconds in repetition 268
tcp_ping received 12288 bytes back
Round trip time was 30.7824 milliseconds in repetition 269
tcp_ping received 12288 bytes back
Round trip time was 32.2969 milliseconds in repetition 270
tcp_ping received 12288 bytes back
Round trip time was 30.2665 milliseconds in repetition 271
tcp_ping received 12288 bytes back
Round trip time was 32.4417 milliseconds in repetition 272
tcp_ping received 12288 bytes back
Round trip time was 28.5761 milliseconds in repetition 273
tcp_ping received 12288 bytes back
Round trip time was 33.0471 milliseconds in repetition 274
tcp_ping received 12288 bytes back
Round trip time was 35.9778 milliseconds in repetition 275
tcp_ping received 12288 bytes back
Round trip time was 29.9351 milliseconds in repetition 276
tcp_ping received 12288 bytes back
Round trip time was 29.5448 milliseconds in repetition 277
tcp_ping received 12288 bytes back
Round trip time was 31.1655 milliseconds in repetition 278
tcp_ping received 12288 bytes back
Round trip time was 32.0124 milliseconds in repetition 279
tcp_ping received 12288 bytes back
Round trip time was 29.1859 milliseconds in repetition 280
tcp_ping received 12288 bytes back
Round trip time was 31.1309 milliseconds in repetition 281
tcp_ping received 12288 bytes back
Round trip time was 28.5436 milliseconds in repetition 282
tcp_ping received 12288 bytes back
Round trip time was 35.6263 milliseconds in repetition 283
tcp_ping received 12288 bytes back
Round trip time was 28.4707 milliseconds in repetition 284
tcp_ping received 12288 bytes back
Round trip time was 29.806 milliseconds in repetition 285
tcp_ping received 12288 bytes back
Round trip time was 31.9341 milliseconds in repetition 286
tcp_ping received 12288 bytes back
Round trip time was 30.7014 milliseconds in repetition 287
tcp_ping received 12288 bytes back
Round trip time was 28.8182 milliseconds in repetition 288
tcp_ping received 12288 bytes back
Round trip time was 29.1493 milliseconds in repetition 289
tcp_ping received 12288 bytes back
Round trip time was 29.0142 milliseconds in repetition 290
tcp_ping received 12288 bytes back
Round trip time was 28.3854 milliseconds in repetition 291
tcp_ping received 12288 bytes back
Round trip time was 28.3309 milliseconds in repetition 292
tcp_ping received 12288 bytes back
Round trip time was 28.6922 milliseconds in repetition 293
tcp_ping received 12288 bytes back
Round trip time was 27.9254 milliseconds in repetition 294
tcp_ping received 12288 bytes back
Round trip time was 28.6071 milliseconds in repetition 295
tcp_ping received 12288 bytes back
Round trip time was 29.809 milliseconds in repetition 296
tcp_ping received 12288 bytes back
Round trip time was 28.9215 milliseconds in repetition 297
tcp_ping received 12288 bytes back
Round trip time was 34.931 milliseconds in repetition 298
tcp_ping received 12288 bytes back
Round trip time was 55.3947 milliseconds in repetition 299
tcp_ping received 12288 bytes back
Round trip time was 31.188 milliseconds in repetition 300
tcp_ping received 12288 bytes back
Round trip time was 33.212 milliseconds in repetition 301
tcp_ping received 12288 bytes back
Round trip time was 31.3533 milliseconds in repetition 302
tcp_ping received 12288 bytes back
Round trip time was 32.0778 milliseconds in repetition 303
tcp_ping received 12288 bytes back
Round trip time was 28.8589 milliseconds in repetition 304
tcp_ping received 12288 bytes back
Round trip time was 29.1532 milliseconds in repetition 305
tcp_ping received 12288 bytes back
Round trip time was 29.1964 milliseconds in repetition 306
tcp_ping received 12288 bytes back
Round trip time was 28.7676 milliseconds in repetition 307
tcp_ping received 12288 bytes back
Round trip time was 32.5188 milliseconds in repetition 308
tcp_ping received 12288 bytes back
Round trip time was 30.074 milliseconds in repetition 309
tcp_ping received 12288 bytes back
Round trip time was 28.6755 milliseconds in repetition 310
tcp_ping received 12288 bytes back
Round trip time was 28.9637 milliseconds in repetition 311
tcp_ping received 12288 bytes back
Round trip time was 28.9319 milliseconds in repetition 312
tcp_ping received 12288 bytes back
Round trip time was 29.2329 milliseconds in repetition 313
tcp_ping received 12288 bytes back
Round trip time was 31.7281 milliseconds in repetition 314
tcp_ping received 12288 bytes back
Round trip time was 30.4252 milliseconds in repetition 315
tcp_ping received 12288 bytes back
Round trip time was 29.9435 milliseconds in repetition 316
tcp_ping received 12288 bytes back
Round trip time was 30.0725 milliseconds in repetition 317
tcp_ping received 12288 bytes back
Round trip time was 29.3637 milliseconds in repetition 318
tcp_ping received 12288 bytes back
Round trip time was 28.2803 milliseconds in repetition 319
tcp_ping received 12288 bytes back
Round trip time was 27.3401 milliseconds in repetition 320
tcp_ping received 12288 bytes back
Round trip time was 32.0177 milliseconds in repetition 321
tcp_ping received 12288 bytes back
Round trip time was 33.1249 milliseconds in repetition 322
tcp_ping received 12288 bytes back
Round trip time was 33.5458 milliseconds in repetition 323
tcp_ping received 12288 bytes back
Round trip time was 28.2066 milliseconds in repetition 324
tcp_ping received 12288 bytes back
Round trip time was 28.4014 milliseconds in repetition 325
tcp_ping received 12288 bytes back
Round trip time was 28.0178 milliseconds in repetition 326
tcp_ping received 12288 bytes back
Round trip time was 30.0076 milliseconds in repetition 327
tcp_ping received 12288 bytes back
Round trip time was 36.9909 milliseconds in repetition 328
tcp_ping received 12288 bytes back
Round trip time was 29.3845 milliseconds in repetition 329
tcp_ping received 12288 bytes back
Round trip time was 29.5489 milliseconds in repetition 330
tcp_ping received 12288 bytes back
Round trip time was 29.7594 milliseconds in repetition 331
tcp_ping received 12288 bytes back
Round trip time was 30.3792 milliseconds in repetition 332
tcp_ping received 12288 bytes back
Round trip time was 28.3378 milliseconds in repetition 333
tcp_ping received 12288 bytes back
Round trip time was 29.156 milliseconds in repetition 334
tcp_ping received 12288 bytes back
Round trip time was 30.0617 milliseconds in repetition 335
tcp_ping received 12288 bytes back
Round trip time was 29.0647 milliseconds in repetition 336
tcp_ping received 12288 bytes back
Round trip time was 28.8555 milliseconds in repetition 337
tcp_ping received 12288 bytes back
Round trip time was 27.907 milliseconds in repetition 338
tcp_ping received 12288 bytes back
Round trip time was 31.2406 milliseconds in repetition 339
tcp_ping received 12288 bytes back
Round trip time was 31.2343 milliseconds in repetition 340
tcp_ping received 12288 bytes back
Round trip time was 29.2212 milliseconds in repetition 341
tcp_ping received 12288 bytes back
Round trip time was 28.3065 milliseconds in repetition 342
tcp_ping received 12288 bytes back
Round trip time was 29.1603 milliseconds in repetition 343
tcp_ping received 12288 bytes back
Round trip time was 29.0481 milliseconds in repetition 344
tcp_ping received 12288 bytes back
Round trip time was 28.5488 milliseconds in repetition 345
tcp_ping received 12288 bytes back
Round trip time was 29.0882 milliseconds in repetition 346
tcp_ping received 12288 bytes back
Round trip time was 28.0052 milliseconds in repetition 347
tcp_ping received 12288 bytes back
Round trip time was 27.8936 milliseconds in repetition 348
tcp_ping received 12288 bytes back
Round trip time was 31.1311 milliseconds in repetition 349
tcp_ping received 12288 bytes back
Round trip time was 30.6238 milliseconds in repetition 350
tcp_ping received 12288 bytes back
Round trip time was 32.266 milliseconds in repetition 351
tcp_ping received 12288 bytes back
Round trip time was 30.1073 milliseconds in repetition 352
tcp_ping received 12288 bytes back
Round trip time was 29.1998 milliseconds in repetition 353
tcp_ping received 12288 bytes back
Round trip time was 28.2471 milliseconds in repetition 354
tcp_ping received 12288 bytes back
Round trip time was 30.4949 milliseconds in repetition 355
tcp_ping received 12288 bytes back
Round trip time was 30.2046 milliseconds in repetition 356
tcp_ping received 12288 bytes back
Round trip time was 32.9986 milliseconds in repetition 357
tcp_ping received 12288 bytes back
Round trip time was 29.6785 milliseconds in repetition 358
tcp_ping received 12288 bytes back
Round trip time was 28.1638 milliseconds in repetition 359
tcp_ping received 12288 bytes back
Round trip time was 29.6953 milliseconds in repetition 360
tcp_ping received 12288 bytes back
Round trip time was 35.2672 milliseconds in repetition 361
tcp_ping received 12288 bytes back
Round trip time was 30.1658 milliseconds in repetition 362
tcp_ping received 12288 bytes back
Round trip time was 34.0375 milliseconds in repetition 363
tcp_ping received 12288 bytes back
Round trip time was 27.6062 milliseconds in repetition 364
tcp_ping received 12288 bytes back
Round trip time was 27.5409 milliseconds in repetition 365
tcp_ping received 12288 bytes back
Round trip time was 33.1843 milliseconds in repetition 366
tcp_ping received 12288 bytes back
Round trip time was 30.7362 milliseconds in repetition 367
tcp_ping received 12288 bytes back
Round trip time was 31.2242 milliseconds in repetition 368
tcp_ping received 12288 bytes back
Round trip time was 31.4364 milliseconds in repetition 369
tcp_ping received 12288 bytes back
Round trip time was 29.3 milliseconds in repetition 370
tcp_ping received 12288 bytes back
Round trip time was 29.0259 milliseconds in repetition 371
tcp_ping received 12288 bytes back
Round trip time was 28.4376 milliseconds in repetition 372
tcp_ping received 12288 bytes back
Round trip time was 30.5544 milliseconds in repetition 373
tcp_ping received 12288 bytes back
Round trip time was 28.595 milliseconds in repetition 374
tcp_ping received 12288 bytes back
Round trip time was 30.077 milliseconds in repetition 375
tcp_ping received 12288 bytes back
Round trip time was 27.3089 milliseconds in repetition 376
tcp_ping received 12288 bytes back
Round trip time was 29.9641 milliseconds in repetition 377
tcp_ping received 12288 bytes back
Round trip time was 33.62 milliseconds in repetition 378
tcp_ping received 12288 bytes back
Round trip time was 27.1795 milliseconds in repetition 379
tcp_ping received 12288 bytes back
Round trip time was 31.2899 milliseconds in repetition 380
tcp_ping received 12288 bytes back
Round trip time was 28.8161 milliseconds in repetition 381
tcp_ping received 12288 bytes back
Round trip time was 29.7126 milliseconds in repetition 382
tcp_ping received 12288 bytes back
Round trip time was 27.7612 milliseconds in repetition 383
tcp_ping received 12288 bytes back
Round trip time was 28.9081 milliseconds in repetition 384
tcp_ping received 12288 bytes back
Round trip time was 31.1547 milliseconds in repetition 385
tcp_ping received 12288 bytes back
Round trip time was 28.1788 milliseconds in repetition 386
tcp_ping received 12288 bytes back
Round trip time was 27.419 milliseconds in repetition 387
tcp_ping received 12288 bytes back
Round trip time was 30.9841 milliseconds in repetition 388
tcp_ping received 12288 bytes back
Round trip time was 27.6598 milliseconds in repetition 389
tcp_ping received 12288 bytes back
Round trip time was 32.0077 milliseconds in repetition 390
tcp_ping received 12288 bytes back
Round trip time was 34.1826 milliseconds in repetition 391
tcp_ping received 12288 bytes back
Round trip time was 32.187 milliseconds in repetition 392
tcp_ping received 12288 bytes back
Round trip time was 29.1161 milliseconds in repetition 393
tcp_ping received 12288 bytes back
Round trip time was 30.5754 milliseconds in repetition 394
tcp_ping received 12288 bytes back
Round trip time was 32.6227 milliseconds in repetition 395
tcp_ping received 12288 bytes back
Round trip time was 31.2512 milliseconds in repetition 396
tcp_ping received 12288 bytes back
Round trip time was 28.1428 milliseconds in repetition 397
tcp_ping received 12288 bytes back
Round trip time was 30.1681 milliseconds in repetition 398
tcp_ping received 12288 bytes back
Round trip time was 27.6018 milliseconds in repetition 399
tcp_ping received 12288 bytes back
Round trip time was 31.4295 milliseconds in repetition 400
tcp_ping received 12288 bytes back
Round trip time was 27.4342 milliseconds in repetition 401
tcp_ping received 12288 bytes back
Round trip time was 30.0744 milliseconds in repetition 402
tcp_ping received 12288 bytes back
Round trip time was 33.0574 milliseconds in repetition 403
tcp_ping received 12288 bytes back
Round trip time was 27.594 milliseconds in repetition 404
tcp_ping received 12288 bytes back
Round trip time was 30.8218 milliseconds in repetition 405
tcp_ping received 12288 bytes back
Round trip time was 28.071 milliseconds in repetition 406
tcp_ping received 12288 bytes back
Round trip time was 38.7552 milliseconds in repetition 407
tcp_ping received 12288 bytes back
Round trip time was 27.9303 milliseconds in repetition 408
tcp_ping received 12288 bytes back
Round trip time was 29.4476 milliseconds in repetition 409
tcp_ping received 12288 bytes back
Round trip time was 31.3981 milliseconds in repetition 410
tcp_ping received 12288 bytes back
Round trip time was 26.955 milliseconds in repetition 411
tcp_ping received 12288 bytes back
Round trip time was 27.0578 milliseconds in repetition 412
tcp_ping received 12288 bytes back
Round trip time was 29.2659 milliseconds in repetition 413
tcp_ping received 12288 bytes back
Round trip time was 28.6397 milliseconds in repetition 414
tcp_ping received 12288 bytes back
Round trip time was 27.9441 milliseconds in repetition 415
tcp_ping received 12288 bytes back
Round trip time was 28.1603 milliseconds in repetition 416
tcp_ping received 12288 bytes back
Round trip time was 32.6404 milliseconds in repetition 417
tcp_ping received 12288 bytes back
Round trip time was 28.0712 milliseconds in repetition 418
tcp_ping received 12288 bytes back
Round trip time was 29.8415 milliseconds in repetition 419
tcp_ping received 12288 bytes back
Round trip time was 30.3192 milliseconds in repetition 420
tcp_ping received 12288 bytes back
Round trip time was 30.2999 milliseconds in repetition 421
tcp_ping received 12288 bytes back
Round trip time was 27.9469 milliseconds in repetition 422
tcp_ping received 12288 bytes back
Round trip time was 30.3379 milliseconds in repetition 423
tcp_ping received 12288 bytes back
Round trip time was 29.4168 milliseconds in repetition 424
tcp_ping received 12288 bytes back
Round trip time was 31.1296 milliseconds in repetition 425
tcp_ping received 12288 bytes back
Round trip time was 30.7205 milliseconds in repetition 426
tcp_ping received 12288 bytes back
Round trip time was 33.225 milliseconds in repetition 427
tcp_ping received 12288 bytes back
Round trip time was 28.9626 milliseconds in repetition 428
tcp_ping received 12288 bytes back
Round trip time was 28.8192 milliseconds in repetition 429
tcp_ping received 12288 bytes back
Round trip time was 28.2696 milliseconds in repetition 430
tcp_ping received 12288 bytes back
Round trip time was 31.0154 milliseconds in repetition 431
tcp_ping received 12288 bytes back
Round trip time was 32.8225 milliseconds in repetition 432
tcp_ping received 12288 bytes back
Round trip time was 28.4036 milliseconds in repetition 433
tcp_ping received 12288 bytes back
Round trip time was 27.856 milliseconds in repetition 434
tcp_ping received 12288 bytes back
Round trip time was 30.7163 milliseconds in repetition 435
tcp_ping received 12288 bytes back
Round trip time was 31.8404 milliseconds in repetition 436
tcp_ping received 12288 bytes back
Round trip time was 29.6858 milliseconds in repetition 437
tcp_ping received 12288 bytes back
Round trip time was 33.2531 milliseconds in repetition 438
tcp_ping received 12288 bytes back
Round trip time was 32.6909 milliseconds in repetition 439
tcp_ping received 12288 bytes back
Round trip time was 29.5159 milliseconds in repetition 440
tcp_ping received 12288 bytes back
Round trip time was 28.7385 milliseconds in repetition 441
tcp_ping received 12288 bytes back
Round trip time was 30.9114 milliseconds in repetition 442
tcp_ping received 12288 bytes back
Round trip time was 28.5194 milliseconds in repetition 443
tcp_ping received 12288 bytes back
Round trip time was 28.4936 milliseconds in repetition 444
tcp_ping received 12288 bytes back
Round trip time was 28.8856 milliseconds in repetition 445
tcp_ping received 12288 bytes back
Round trip time was 28.6244 milliseconds in repetition 446
tcp_ping received 12288 bytes back
Round trip time was 29.3185 milliseconds in repetition 447
tcp_ping received 12288 bytes back
Round trip time was 41.4203 milliseconds in repetition 448
tcp_ping received 12288 bytes back
Round trip time was 31.4142 milliseconds in repetition 449
tcp_ping received 12288 bytes back
Round trip time was 29.8005 milliseconds in repetition 450
tcp_ping received 12288 bytes back
Round trip time was 33.8417 milliseconds in repetition 451
tcp_ping received 12288 bytes back
Round trip time was 28.8285 milliseconds in repetition 452
tcp_ping received 12288 bytes back
Round trip time was 29.0996 milliseconds in repetition 453
tcp_ping received 12288 bytes back
Round trip time was 28.0642 milliseconds in repetition 454
tcp_ping received 12288 bytes back
Round trip time was 30.321 milliseconds in repetition 455
tcp_ping received 12288 bytes back
Round trip time was 31.5419 milliseconds in repetition 456
tcp_ping received 12288 bytes back
Round trip time was 29.2107 milliseconds in repetition 457
tcp_ping received 12288 bytes back
Round trip time was 31.4177 milliseconds in repetition 458
tcp_ping received 12288 bytes back
Round trip time was 28.1749 milliseconds in repetition 459
tcp_ping received 12288 bytes back
Round trip time was 30.4812 milliseconds in repetition 460
tcp_ping received 12288 bytes back
Round trip time was 33.0875 milliseconds in repetition 461
tcp_ping received 12288 bytes back
Round trip time was 30.6218 milliseconds in repetition 462
tcp_ping received 12288 bytes back
Round trip time was 30.7106 milliseconds in repetition 463
tcp_ping received 12288 bytes back
Round trip time was 31.7005 milliseconds in repetition 464
tcp_ping received 12288 bytes back
Round trip time was 29.2946 milliseconds in repetition 465
tcp_ping received 12288 bytes back
Round trip time was 30.1722 milliseconds in repetition 466
tcp_ping received 12288 bytes back
Round trip time was 32.034 milliseconds in repetition 467
tcp_ping received 12288 bytes back
Round trip time was 28.2744 milliseconds in repetition 468
tcp_ping received 12288 bytes back
Round trip time was 29.3289 milliseconds in repetition 469
tcp_ping received 12288 bytes back
Round trip time was 28.2976 milliseconds in repetition 470
tcp_ping received 12288 bytes back
Round trip time was 28.8995 milliseconds in repetition 471
tcp_ping received 12288 bytes back
Round trip time was 31.8061 milliseconds in repetition 472
tcp_ping received 12288 bytes back
Round trip time was 28.153 milliseconds in repetition 473
tcp_ping received 12288 bytes back
Round trip time was 28.3027 milliseconds in repetition 474
tcp_ping received 12288 bytes back
Round trip time was 30.1745 milliseconds in repetition 475
tcp_ping received 12288 bytes back
Round trip time was 28.9186 milliseconds in repetition 476
tcp_ping received 12288 bytes back
Round trip time was 28.3726 milliseconds in repetition 477
tcp_ping received 12288 bytes back
Round trip time was 29.0562 milliseconds in repetition 478
tcp_ping received 12288 bytes back
Round trip time was 28.0169 milliseconds in repetition 479
tcp_ping received 12288 bytes back
Round trip time was 30.8979 milliseconds in repetition 480
tcp_ping received 12288 bytes back
Round trip time was 28.4047 milliseconds in repetition 481
tcp_ping received 12288 bytes back
Round trip time was 26.9106 milliseconds in repetition 482
tcp_ping received 12288 bytes back
Round trip time was 32.0822 milliseconds in repetition 483
tcp_ping received 12288 bytes back
Round trip time was 31.2891 milliseconds in repetition 484
tcp_ping received 12288 bytes back
Round trip time was 34.6376 milliseconds in repetition 485
tcp_ping received 12288 bytes back
Round trip time was 29.0363 milliseconds in repetition 486
tcp_ping received 12288 bytes back
Round trip time was 30.4096 milliseconds in repetition 487
tcp_ping received 12288 bytes back
Round trip time was 29.1719 milliseconds in repetition 488
tcp_ping received 12288 bytes back
Round trip time was 28.1461 milliseconds in repetition 489
tcp_ping received 12288 bytes back
Round trip time was 30.7293 milliseconds in repetition 490
tcp_ping received 12288 bytes back
Round trip time was 29.0859 milliseconds in repetition 491
tcp_ping received 12288 bytes back
Round trip time was 28.7394 milliseconds in repetition 492
tcp_ping received 12288 bytes back
Round trip time was 28.0394 milliseconds in repetition 493
tcp_ping received 12288 bytes back
Round trip time was 30.3483 milliseconds in repetition 494
tcp_ping received 12288 bytes back
Round trip time was 31.216 milliseconds in repetition 495
tcp_ping received 12288 bytes back
Round trip time was 29.9006 milliseconds in repetition 496
tcp_ping received 12288 bytes back
Round trip time was 29.0286 milliseconds in repetition 497
tcp_ping received 12288 bytes back
Round trip time was 29.7243 milliseconds in repetition 498
tcp_ping received 12288 bytes back
Round trip time was 30.2941 milliseconds in repetition 499
tcp_ping received 12288 bytes back
Round trip time was 30.9346 milliseconds in repetition 500
tcp_ping received 12288 bytes back
Round trip time was 30.3601 milliseconds in repetition 501

 ... clock resolution was 1e-06
TCP Ping:  Statistics over 501 repetitions of 12288 byte messages

RTT : percentile 10: 27.9208, median: 29.8415, percentile 90: 35.179, average: 30.873, variance: 14.5806

RTT histogram:
26.5665 13
28.1645 153
29.7625 138
31.3605 89
32.9585 38
34.5565 23
36.1545 21
37.7525 9
39.3506 3
40.9486 4
42.5466 2
44.1446 2
45.7426 0
47.3406 2
48.9386 0
50.5366 0
52.1346 1
53.7326 0
55.3307 1
56.9287 1
58.5267 1

   median Throughput : 823.551 KB/s   overall Throughput : 796.037 KB/s

