TCP Ping trying to connect to server seti.dibris.unige.it (130.251.61.30) on port 1491
 ... connected to Pong server: asking for 501 repetitions of 1024 bytes TCP messages
Received answer: 'OK
'
 ... Pong server agreed :-)
tcp_ping received 1024 bytes back
Round trip time was 40.7776 milliseconds in repetition 1
tcp_ping received 1024 bytes back
Round trip time was 21.4737 milliseconds in repetition 2
tcp_ping received 1024 bytes back
Round trip time was 30.6965 milliseconds in repetition 3
tcp_ping received 1024 bytes back
Round trip time was 22.423 milliseconds in repetition 4
tcp_ping received 1024 bytes back
Round trip time was 24.4429 milliseconds in repetition 5
tcp_ping received 1024 bytes back
Round trip time was 20.2301 milliseconds in repetition 6
tcp_ping received 1024 bytes back
Round trip time was 25.4024 milliseconds in repetition 7
tcp_ping received 1024 bytes back
Round trip time was 21.482 milliseconds in repetition 8
tcp_ping received 1024 bytes back
Round trip time was 20.3445 milliseconds in repetition 9
tcp_ping received 1024 bytes back
Round trip time was 20.732 milliseconds in repetition 10
tcp_ping received 1024 bytes back
Round trip time was 25.2474 milliseconds in repetition 11
tcp_ping received 1024 bytes back
Round trip time was 20.3218 milliseconds in repetition 12
tcp_ping received 1024 bytes back
Round trip time was 21.3921 milliseconds in repetition 13
tcp_ping received 1024 bytes back
Round trip time was 21.5247 milliseconds in repetition 14
tcp_ping received 1024 bytes back
Round trip time was 21.0333 milliseconds in repetition 15
tcp_ping received 1024 bytes back
Round trip time was 21.7923 milliseconds in repetition 16
tcp_ping received 1024 bytes back
Round trip time was 20.4047 milliseconds in repetition 17
tcp_ping received 1024 bytes back
Round trip time was 27.2627 milliseconds in repetition 18
tcp_ping received 1024 bytes back
Round trip time was 20.8964 milliseconds in repetition 19
tcp_ping received 1024 bytes back
Round trip time was 24.3585 milliseconds in repetition 20
tcp_ping received 1024 bytes back
Round trip time was 20.7537 milliseconds in repetition 21
tcp_ping received 1024 bytes back
Round trip time was 22.3032 milliseconds in repetition 22
tcp_ping received 1024 bytes back
Round trip time was 23.1569 milliseconds in repetition 23
tcp_ping received 1024 bytes back
Round trip time was 28.1388 milliseconds in repetition 24
tcp_ping received 1024 bytes back
Round trip time was 26.4978 milliseconds in repetition 25
tcp_ping received 1024 bytes back
Round trip time was 22.6432 milliseconds in repetition 26
tcp_ping received 1024 bytes back
Round trip time was 24.0323 milliseconds in repetition 27
tcp_ping received 1024 bytes back
Round trip time was 20.4868 milliseconds in repetition 28
tcp_ping received 1024 bytes back
Round trip time was 20.048 milliseconds in repetition 29
tcp_ping received 1024 bytes back
Round trip time was 28.4507 milliseconds in repetition 30
tcp_ping received 1024 bytes back
Round trip time was 20.5747 milliseconds in repetition 31
tcp_ping received 1024 bytes back
Round trip time was 20.0649 milliseconds in repetition 32
tcp_ping received 1024 bytes back
Round trip time was 22.7575 milliseconds in repetition 33
tcp_ping received 1024 bytes back
Round trip time was 19.6219 milliseconds in repetition 34
tcp_ping received 1024 bytes back
Round trip time was 20.1611 milliseconds in repetition 35
tcp_ping received 1024 bytes back
Round trip time was 19.7245 milliseconds in repetition 36
tcp_ping received 1024 bytes back
Round trip time was 20.1489 milliseconds in repetition 37
tcp_ping received 1024 bytes back
Round trip time was 19.6921 milliseconds in repetition 38
tcp_ping received 1024 bytes back
Round trip time was 19.3341 milliseconds in repetition 39
tcp_ping received 1024 bytes back
Round trip time was 19.402 milliseconds in repetition 40
tcp_ping received 1024 bytes back
Round trip time was 19.2022 milliseconds in repetition 41
tcp_ping received 1024 bytes back
Round trip time was 19.3485 milliseconds in repetition 42
tcp_ping received 1024 bytes back
Round trip time was 21.6768 milliseconds in repetition 43
tcp_ping received 1024 bytes back
Round trip time was 18.8476 milliseconds in repetition 44
tcp_ping received 1024 bytes back
Round trip time was 19.7603 milliseconds in repetition 45
tcp_ping received 1024 bytes back
Round trip time was 19.2824 milliseconds in repetition 46
tcp_ping received 1024 bytes back
Round trip time was 19.9656 milliseconds in repetition 47
tcp_ping received 1024 bytes back
Round trip time was 23.2625 milliseconds in repetition 48
tcp_ping received 1024 bytes back
Round trip time was 19.0021 milliseconds in repetition 49
tcp_ping received 1024 bytes back
Round trip time was 23.127 milliseconds in repetition 50
tcp_ping received 1024 bytes back
Round trip time was 20.0344 milliseconds in repetition 51
tcp_ping received 1024 bytes back
Round trip time was 21.0967 milliseconds in repetition 52
tcp_ping received 1024 bytes back
Round trip time was 19.1127 milliseconds in repetition 53
tcp_ping received 1024 bytes back
Round trip time was 19.7374 milliseconds in repetition 54
tcp_ping received 1024 bytes back
Round trip time was 19.2731 milliseconds in repetition 55
tcp_ping received 1024 bytes back
Round trip time was 19.3338 milliseconds in repetition 56
tcp_ping received 1024 bytes back
Round trip time was 20.9005 milliseconds in repetition 57
tcp_ping received 1024 bytes back
Round trip time was 20.9546 milliseconds in repetition 58
tcp_ping received 1024 bytes back
Round trip time was 19.3759 milliseconds in repetition 59
tcp_ping received 1024 bytes back
Round trip time was 20.6564 milliseconds in repetition 60
tcp_ping received 1024 bytes back
Round trip time was 22.4709 milliseconds in repetition 61
tcp_ping received 1024 bytes back
Round trip time was 20.0401 milliseconds in repetition 62
tcp_ping received 1024 bytes back
Round trip time was 20.6807 milliseconds in repetition 63
tcp_ping received 1024 bytes back
Round trip time was 20.4119 milliseconds in repetition 64
tcp_ping received 1024 bytes back
Round trip time was 28.7538 milliseconds in repetition 65
tcp_ping received 1024 bytes back
Round trip time was 23.9471 milliseconds in repetition 66
tcp_ping received 1024 bytes back
Round trip time was 23.8921 milliseconds in repetition 67
tcp_ping received 1024 bytes back
Round trip time was 21.8814 milliseconds in repetition 68
tcp_ping received 1024 bytes back
Round trip time was 19.7261 milliseconds in repetition 69
tcp_ping received 1024 bytes back
Round trip time was 21.068 milliseconds in repetition 70
tcp_ping received 1024 bytes back
Round trip time was 20.0847 milliseconds in repetition 71
tcp_ping received 1024 bytes back
Round trip time was 21.1507 milliseconds in repetition 72
tcp_ping received 1024 bytes back
Round trip time was 20.6837 milliseconds in repetition 73
tcp_ping received 1024 bytes back
Round trip time was 20.9292 milliseconds in repetition 74
tcp_ping received 1024 bytes back
Round trip time was 19.4527 milliseconds in repetition 75
tcp_ping received 1024 bytes back
Round trip time was 22.9384 milliseconds in repetition 76
tcp_ping received 1024 bytes back
Round trip time was 20.5513 milliseconds in repetition 77
tcp_ping received 1024 bytes back
Round trip time was 19.9745 milliseconds in repetition 78
tcp_ping received 1024 bytes back
Round trip time was 19.617 milliseconds in repetition 79
tcp_ping received 1024 bytes back
Round trip time was 19.1636 milliseconds in repetition 80
tcp_ping received 1024 bytes back
Round trip time was 19.2419 milliseconds in repetition 81
tcp_ping received 1024 bytes back
Round trip time was 21.2407 milliseconds in repetition 82
tcp_ping received 1024 bytes back
Round trip time was 29.461 milliseconds in repetition 83
tcp_ping received 1024 bytes back
Round trip time was 20.7651 milliseconds in repetition 84
tcp_ping received 1024 bytes back
Round trip time was 21.8568 milliseconds in repetition 85
tcp_ping received 1024 bytes back
Round trip time was 21.0806 milliseconds in repetition 86
tcp_ping received 1024 bytes back
Round trip time was 24.8012 milliseconds in repetition 87
tcp_ping received 1024 bytes back
Round trip time was 20.3422 milliseconds in repetition 88
tcp_ping received 1024 bytes back
Round trip time was 19.8829 milliseconds in repetition 89
tcp_ping received 1024 bytes back
Round trip time was 19.939 milliseconds in repetition 90
tcp_ping received 1024 bytes back
Round trip time was 20.8501 milliseconds in repetition 91
tcp_ping received 1024 bytes back
Round trip time was 21.1563 milliseconds in repetition 92
tcp_ping received 1024 bytes back
Round trip time was 20.8871 milliseconds in repetition 93
tcp_ping received 1024 bytes back
Round trip time was 21.772 milliseconds in repetition 94
tcp_ping received 1024 bytes back
Round trip time was 20.1309 milliseconds in repetition 95
tcp_ping received 1024 bytes back
Round trip time was 21.8807 milliseconds in repetition 96
tcp_ping received 1024 bytes back
Round trip time was 21.0868 milliseconds in repetition 97
tcp_ping received 1024 bytes back
Round trip time was 22.4702 milliseconds in repetition 98
tcp_ping received 1024 bytes back
Round trip time was 21.3652 milliseconds in repetition 99
tcp_ping received 1024 bytes back
Round trip time was 20.2391 milliseconds in repetition 100
tcp_ping received 1024 bytes back
Round trip time was 20.0141 milliseconds in repetition 101
tcp_ping received 1024 bytes back
Round trip time was 19.4178 milliseconds in repetition 102
tcp_ping received 1024 bytes back
Round trip time was 23.6884 milliseconds in repetition 103
tcp_ping received 1024 bytes back
Round trip time was 26.6341 milliseconds in repetition 104
tcp_ping received 1024 bytes back
Round trip time was 23.3223 milliseconds in repetition 105
tcp_ping received 1024 bytes back
Round trip time was 22.5449 milliseconds in repetition 106
tcp_ping received 1024 bytes back
Round trip time was 21.1935 milliseconds in repetition 107
tcp_ping received 1024 bytes back
Round trip time was 24.3029 milliseconds in repetition 108
tcp_ping received 1024 bytes back
Round trip time was 19.3006 milliseconds in repetition 109
tcp_ping received 1024 bytes back
Round trip time was 20.7694 milliseconds in repetition 110
tcp_ping received 1024 bytes back
Round trip time was 22.2909 milliseconds in repetition 111
tcp_ping received 1024 bytes back
Round trip time was 20.0461 milliseconds in repetition 112
tcp_ping received 1024 bytes back
Round trip time was 21.4229 milliseconds in repetition 113
tcp_ping received 1024 bytes back
Round trip time was 20.0016 milliseconds in repetition 114
tcp_ping received 1024 bytes back
Round trip time was 20.1169 milliseconds in repetition 115
tcp_ping received 1024 bytes back
Round trip time was 21.0524 milliseconds in repetition 116
tcp_ping received 1024 bytes back
Round trip time was 20.0855 milliseconds in repetition 117
tcp_ping received 1024 bytes back
Round trip time was 21.3125 milliseconds in repetition 118
tcp_ping received 1024 bytes back
Round trip time was 20.0669 milliseconds in repetition 119
tcp_ping received 1024 bytes back
Round trip time was 20.7411 milliseconds in repetition 120
tcp_ping received 1024 bytes back
Round trip time was 21.9886 milliseconds in repetition 121
tcp_ping received 1024 bytes back
Round trip time was 20.1197 milliseconds in repetition 122
tcp_ping received 1024 bytes back
Round trip time was 20.4932 milliseconds in repetition 123
tcp_ping received 1024 bytes back
Round trip time was 20.7973 milliseconds in repetition 124
tcp_ping received 1024 bytes back
Round trip time was 21.3764 milliseconds in repetition 125
tcp_ping received 1024 bytes back
Round trip time was 19.9646 milliseconds in repetition 126
tcp_ping received 1024 bytes back
Round trip time was 20.5111 milliseconds in repetition 127
tcp_ping received 1024 bytes back
Round trip time was 21.6565 milliseconds in repetition 128
tcp_ping received 1024 bytes back
Round trip time was 19.7113 milliseconds in repetition 129
tcp_ping received 1024 bytes back
Round trip time was 20.1723 milliseconds in repetition 130
tcp_ping received 1024 bytes back
Round trip time was 21.8162 milliseconds in repetition 131
tcp_ping received 1024 bytes back
Round trip time was 23.8742 milliseconds in repetition 132
tcp_ping received 1024 bytes back
Round trip time was 22.9081 milliseconds in repetition 133
tcp_ping received 1024 bytes back
Round trip time was 21.6026 milliseconds in repetition 134
tcp_ping received 1024 bytes back
Round trip time was 21.5065 milliseconds in repetition 135
tcp_ping received 1024 bytes back
Round trip time was 25.271 milliseconds in repetition 136
tcp_ping received 1024 bytes back
Round trip time was 19.6089 milliseconds in repetition 137
tcp_ping received 1024 bytes back
Round trip time was 20.7753 milliseconds in repetition 138
tcp_ping received 1024 bytes back
Round trip time was 19.5658 milliseconds in repetition 139
tcp_ping received 1024 bytes back
Round trip time was 20.0931 milliseconds in repetition 140
tcp_ping received 1024 bytes back
Round trip time was 19.0546 milliseconds in repetition 141
tcp_ping received 1024 bytes back
Round trip time was 19.3162 milliseconds in repetition 142
tcp_ping received 1024 bytes back
Round trip time was 20.0219 milliseconds in repetition 143
tcp_ping received 1024 bytes back
Round trip time was 20.3706 milliseconds in repetition 144
tcp_ping received 1024 bytes back
Round trip time was 19.0844 milliseconds in repetition 145
tcp_ping received 1024 bytes back
Round trip time was 19.61 milliseconds in repetition 146
tcp_ping received 1024 bytes back
Round trip time was 20.092 milliseconds in repetition 147
tcp_ping received 1024 bytes back
Round trip time was 21.335 milliseconds in repetition 148
tcp_ping received 1024 bytes back
Round trip time was 20.0314 milliseconds in repetition 149
tcp_ping received 1024 bytes back
Round trip time was 22.8149 milliseconds in repetition 150
tcp_ping received 1024 bytes back
Round trip time was 22.9881 milliseconds in repetition 151
tcp_ping received 1024 bytes back
Round trip time was 19.7066 milliseconds in repetition 152
tcp_ping received 1024 bytes back
Round trip time was 25.8269 milliseconds in repetition 153
tcp_ping received 1024 bytes back
Round trip time was 21.3621 milliseconds in repetition 154
tcp_ping received 1024 bytes back
Round trip time was 20.0997 milliseconds in repetition 155
tcp_ping received 1024 bytes back
Round trip time was 19.2099 milliseconds in repetition 156
tcp_ping received 1024 bytes back
Round trip time was 22.8754 milliseconds in repetition 157
tcp_ping received 1024 bytes back
Round trip time was 19.6459 milliseconds in repetition 158
tcp_ping received 1024 bytes back
Round trip time was 20.9493 milliseconds in repetition 159
tcp_ping received 1024 bytes back
Round trip time was 24.7679 milliseconds in repetition 160
tcp_ping received 1024 bytes back
Round trip time was 19.4709 milliseconds in repetition 161
tcp_ping received 1024 bytes back
Round trip time was 20.7793 milliseconds in repetition 162
tcp_ping received 1024 bytes back
Round trip time was 26.632 milliseconds in repetition 163
tcp_ping received 1024 bytes back
Round trip time was 19.1963 milliseconds in repetition 164
tcp_ping received 1024 bytes back
Round trip time was 20.2992 milliseconds in repetition 165
tcp_ping received 1024 bytes back
Round trip time was 19.8255 milliseconds in repetition 166
tcp_ping received 1024 bytes back
Round trip time was 19.9178 milliseconds in repetition 167
tcp_ping received 1024 bytes back
Round trip time was 19.5712 milliseconds in repetition 168
tcp_ping received 1024 bytes back
Round trip time was 19.1447 milliseconds in repetition 169
tcp_ping received 1024 bytes back
Round trip time was 21.7968 milliseconds in repetition 170
tcp_ping received 1024 bytes back
Round trip time was 20.1349 milliseconds in repetition 171
tcp_ping received 1024 bytes back
Round trip time was 23.7416 milliseconds in repetition 172
tcp_ping received 1024 bytes back
Round trip time was 21.1992 milliseconds in repetition 173
tcp_ping received 1024 bytes back
Round trip time was 38.7869 milliseconds in repetition 174
tcp_ping received 1024 bytes back
Round trip time was 21.1392 milliseconds in repetition 175
tcp_ping received 1024 bytes back
Round trip time was 24.3953 milliseconds in repetition 176
tcp_ping received 1024 bytes back
Round trip time was 20.4416 milliseconds in repetition 177
tcp_ping received 1024 bytes back
Round trip time was 20.481 milliseconds in repetition 178
tcp_ping received 1024 bytes back
Round trip time was 21.3054 milliseconds in repetition 179
tcp_ping received 1024 bytes back
Round trip time was 21.4352 milliseconds in repetition 180
tcp_ping received 1024 bytes back
Round trip time was 20.3761 milliseconds in repetition 181
tcp_ping received 1024 bytes back
Round trip time was 20.4024 milliseconds in repetition 182
tcp_ping received 1024 bytes back
Round trip time was 20.3483 milliseconds in repetition 183
tcp_ping received 1024 bytes back
Round trip time was 20.1958 milliseconds in repetition 184
tcp_ping received 1024 bytes back
Round trip time was 20.1433 milliseconds in repetition 185
tcp_ping received 1024 bytes back
Round trip time was 20.7711 milliseconds in repetition 186
tcp_ping received 1024 bytes back
Round trip time was 21.4785 milliseconds in repetition 187
tcp_ping received 1024 bytes back
Round trip time was 22.3787 milliseconds in repetition 188
tcp_ping received 1024 bytes back
Round trip time was 20.1512 milliseconds in repetition 189
tcp_ping received 1024 bytes back
Round trip time was 20.4399 milliseconds in repetition 190
tcp_ping received 1024 bytes back
Round trip time was 20.7778 milliseconds in repetition 191
tcp_ping received 1024 bytes back
Round trip time was 23.2764 milliseconds in repetition 192
tcp_ping received 1024 bytes back
Round trip time was 20.4473 milliseconds in repetition 193
tcp_ping received 1024 bytes back
Round trip time was 21.542 milliseconds in repetition 194
tcp_ping received 1024 bytes back
Round trip time was 21.4747 milliseconds in repetition 195
tcp_ping received 1024 bytes back
Round trip time was 20.655 milliseconds in repetition 196
tcp_ping received 1024 bytes back
Round trip time was 24.4637 milliseconds in repetition 197
tcp_ping received 1024 bytes back
Round trip time was 21.1235 milliseconds in repetition 198
tcp_ping received 1024 bytes back
Round trip time was 22.6291 milliseconds in repetition 199
tcp_ping received 1024 bytes back
Round trip time was 20.0921 milliseconds in repetition 200
tcp_ping received 1024 bytes back
Round trip time was 20.5882 milliseconds in repetition 201
tcp_ping received 1024 bytes back
Round trip time was 22.3152 milliseconds in repetition 202
tcp_ping received 1024 bytes back
Round trip time was 22.4931 milliseconds in repetition 203
tcp_ping received 1024 bytes back
Round trip time was 21.4791 milliseconds in repetition 204
tcp_ping received 1024 bytes back
Round trip time was 22.9038 milliseconds in repetition 205
tcp_ping received 1024 bytes back
Round trip time was 20.6118 milliseconds in repetition 206
tcp_ping received 1024 bytes back
Round trip time was 20.6781 milliseconds in repetition 207
tcp_ping received 1024 bytes back
Round trip time was 20.66 milliseconds in repetition 208
tcp_ping received 1024 bytes back
Round trip time was 24.0683 milliseconds in repetition 209
tcp_ping received 1024 bytes back
Round trip time was 20.7385 milliseconds in repetition 210
tcp_ping received 1024 bytes back
Round trip time was 26.0239 milliseconds in repetition 211
tcp_ping received 1024 bytes back
Round trip time was 21.2107 milliseconds in repetition 212
tcp_ping received 1024 bytes back
Round trip time was 19.4261 milliseconds in repetition 213
tcp_ping received 1024 bytes back
Round trip time was 20.6031 milliseconds in repetition 214
tcp_ping received 1024 bytes back
Round trip time was 21.3862 milliseconds in repetition 215
tcp_ping received 1024 bytes back
Round trip time was 19.8708 milliseconds in repetition 216
tcp_ping received 1024 bytes back
Round trip time was 19.0908 milliseconds in repetition 217
tcp_ping received 1024 bytes back
Round trip time was 19.7366 milliseconds in repetition 218
tcp_ping received 1024 bytes back
Round trip time was 20.226 milliseconds in repetition 219
tcp_ping received 1024 bytes back
Round trip time was 21.0388 milliseconds in repetition 220
tcp_ping received 1024 bytes back
Round trip time was 21.1372 milliseconds in repetition 221
tcp_ping received 1024 bytes back
Round trip time was 20.453 milliseconds in repetition 222
tcp_ping received 1024 bytes back
Round trip time was 20.3411 milliseconds in repetition 223
tcp_ping received 1024 bytes back
Round trip time was 29.2453 milliseconds in repetition 224
tcp_ping received 1024 bytes back
Round trip time was 20.9323 milliseconds in repetition 225
tcp_ping received 1024 bytes back
Round trip time was 20.8163 milliseconds in repetition 226
tcp_ping received 1024 bytes back
Round trip time was 20.0351 milliseconds in repetition 227
tcp_ping received 1024 bytes back
Round trip time was 20.2354 milliseconds in repetition 228
tcp_ping received 1024 bytes back
Round trip time was 20.4233 milliseconds in repetition 229
tcp_ping received 1024 bytes back
Round trip time was 21.7231 milliseconds in repetition 230
tcp_ping received 1024 bytes back
Round trip time was 20.5779 milliseconds in repetition 231
tcp_ping received 1024 bytes back
Round trip time was 19.5826 milliseconds in repetition 232
tcp_ping received 1024 bytes back
Round trip time was 20.0793 milliseconds in repetition 233
tcp_ping received 1024 bytes back
Round trip time was 19.4541 milliseconds in repetition 234
tcp_ping received 1024 bytes back
Round trip time was 21.5624 milliseconds in repetition 235
tcp_ping received 1024 bytes back
Round trip time was 19.8834 milliseconds in repetition 236
tcp_ping received 1024 bytes back
Round trip time was 20.1698 milliseconds in repetition 237
tcp_ping received 1024 bytes back
Round trip time was 20.2569 milliseconds in repetition 238
tcp_ping received 1024 bytes back
Round trip time was 20.2441 milliseconds in repetition 239
tcp_ping received 1024 bytes back
Round trip time was 21.2066 milliseconds in repetition 240
tcp_ping received 1024 bytes back
Round trip time was 19.9958 milliseconds in repetition 241
tcp_ping received 1024 bytes back
Round trip time was 20.0108 milliseconds in repetition 242
tcp_ping received 1024 bytes back
Round trip time was 19.7334 milliseconds in repetition 243
tcp_ping received 1024 bytes back
Round trip time was 22.246 milliseconds in repetition 244
tcp_ping received 1024 bytes back
Round trip time was 20.1539 milliseconds in repetition 245
tcp_ping received 1024 bytes back
Round trip time was 20.1713 milliseconds in repetition 246
tcp_ping received 1024 bytes back
Round trip time was 20.6535 milliseconds in repetition 247
tcp_ping received 1024 bytes back
Round trip time was 21.3845 milliseconds in repetition 248
tcp_ping received 1024 bytes back
Round trip time was 19.45 milliseconds in repetition 249
tcp_ping received 1024 bytes back
Round trip time was 19.1613 milliseconds in repetition 250
tcp_ping received 1024 bytes back
Round trip time was 19.6066 milliseconds in repetition 251
tcp_ping received 1024 bytes back
Round trip time was 19.4872 milliseconds in repetition 252
tcp_ping received 1024 bytes back
Round trip time was 22.2432 milliseconds in repetition 253
tcp_ping received 1024 bytes back
Round trip time was 20.2522 milliseconds in repetition 254
tcp_ping received 1024 bytes back
Round trip time was 20.4771 milliseconds in repetition 255
tcp_ping received 1024 bytes back
Round trip time was 20.4331 milliseconds in repetition 256
tcp_ping received 1024 bytes back
Round trip time was 21.5405 milliseconds in repetition 257
tcp_ping received 1024 bytes back
Round trip time was 19.9452 milliseconds in repetition 258
tcp_ping received 1024 bytes back
Round trip time was 19.4517 milliseconds in repetition 259
tcp_ping received 1024 bytes back
Round trip time was 20.3519 milliseconds in repetition 260
tcp_ping received 1024 bytes back
Round trip time was 20.4584 milliseconds in repetition 261
tcp_ping received 1024 bytes back
Round trip time was 20.9605 milliseconds in repetition 262
tcp_ping received 1024 bytes back
Round trip time was 21.2838 milliseconds in repetition 263
tcp_ping received 1024 bytes back
Round trip time was 19.3726 milliseconds in repetition 264
tcp_ping received 1024 bytes back
Round trip time was 20.1219 milliseconds in repetition 265
tcp_ping received 1024 bytes back
Round trip time was 21.6785 milliseconds in repetition 266
tcp_ping received 1024 bytes back
Round trip time was 19.6518 milliseconds in repetition 267
tcp_ping received 1024 bytes back
Round trip time was 20.0247 milliseconds in repetition 268
tcp_ping received 1024 bytes back
Round trip time was 23.1097 milliseconds in repetition 269
tcp_ping received 1024 bytes back
Round trip time was 31.0502 milliseconds in repetition 270
tcp_ping received 1024 bytes back
Round trip time was 30.2453 milliseconds in repetition 271
tcp_ping received 1024 bytes back
Round trip time was 24.4137 milliseconds in repetition 272
tcp_ping received 1024 bytes back
Round trip time was 19.3126 milliseconds in repetition 273
tcp_ping received 1024 bytes back
Round trip time was 18.9587 milliseconds in repetition 274
tcp_ping received 1024 bytes back
Round trip time was 21.2476 milliseconds in repetition 275
tcp_ping received 1024 bytes back
Round trip time was 19.0645 milliseconds in repetition 276
tcp_ping received 1024 bytes back
Round trip time was 20.2142 milliseconds in repetition 277
tcp_ping received 1024 bytes back
Round trip time was 19.4293 milliseconds in repetition 278
tcp_ping received 1024 bytes back
Round trip time was 20.2004 milliseconds in repetition 279
tcp_ping received 1024 bytes back
Round trip time was 19.0661 milliseconds in repetition 280
tcp_ping received 1024 bytes back
Round trip time was 19.5589 milliseconds in repetition 281
tcp_ping received 1024 bytes back
Round trip time was 19.4181 milliseconds in repetition 282
tcp_ping received 1024 bytes back
Round trip time was 20.7257 milliseconds in repetition 283
tcp_ping received 1024 bytes back
Round trip time was 19.2495 milliseconds in repetition 284
tcp_ping received 1024 bytes back
Round trip time was 21.7366 milliseconds in repetition 285
tcp_ping received 1024 bytes back
Round trip time was 20.2242 milliseconds in repetition 286
tcp_ping received 1024 bytes back
Round trip time was 20.4471 milliseconds in repetition 287
tcp_ping received 1024 bytes back
Round trip time was 19.1047 milliseconds in repetition 288
tcp_ping received 1024 bytes back
Round trip time was 19.5013 milliseconds in repetition 289
tcp_ping received 1024 bytes back
Round trip time was 20.7109 milliseconds in repetition 290
tcp_ping received 1024 bytes back
Round trip time was 19.8324 milliseconds in repetition 291
tcp_ping received 1024 bytes back
Round trip time was 24.3105 milliseconds in repetition 292
tcp_ping received 1024 bytes back
Round trip time was 19.7399 milliseconds in repetition 293
tcp_ping received 1024 bytes back
Round trip time was 20.6492 milliseconds in repetition 294
tcp_ping received 1024 bytes back
Round trip time was 30.4818 milliseconds in repetition 295
tcp_ping received 1024 bytes back
Round trip time was 20.2097 milliseconds in repetition 296
tcp_ping received 1024 bytes back
Round trip time was 20.6936 milliseconds in repetition 297
tcp_ping received 1024 bytes back
Round trip time was 20.4453 milliseconds in repetition 298
tcp_ping received 1024 bytes back
Round trip time was 19.2431 milliseconds in repetition 299
tcp_ping received 1024 bytes back
Round trip time was 21.3496 milliseconds in repetition 300
tcp_ping received 1024 bytes back
Round trip time was 20.5674 milliseconds in repetition 301
tcp_ping received 1024 bytes back
Round trip time was 21.7266 milliseconds in repetition 302
tcp_ping received 1024 bytes back
Round trip time was 20.8678 milliseconds in repetition 303
tcp_ping received 1024 bytes back
Round trip time was 23.7382 milliseconds in repetition 304
tcp_ping received 1024 bytes back
Round trip time was 23.2664 milliseconds in repetition 305
tcp_ping received 1024 bytes back
Round trip time was 20.1337 milliseconds in repetition 306
tcp_ping received 1024 bytes back
Round trip time was 21.1999 milliseconds in repetition 307
tcp_ping received 1024 bytes back
Round trip time was 23.157 milliseconds in repetition 308
tcp_ping received 1024 bytes back
Round trip time was 21.244 milliseconds in repetition 309
tcp_ping received 1024 bytes back
Round trip time was 19.5 milliseconds in repetition 310
tcp_ping received 1024 bytes back
Round trip time was 19.8929 milliseconds in repetition 311
tcp_ping received 1024 bytes back
Round trip time was 20.0882 milliseconds in repetition 312
tcp_ping received 1024 bytes back
Round trip time was 20.6156 milliseconds in repetition 313
tcp_ping received 1024 bytes back
Round trip time was 19.6537 milliseconds in repetition 314
tcp_ping received 1024 bytes back
Round trip time was 20.2093 milliseconds in repetition 315
tcp_ping received 1024 bytes back
Round trip time was 20.0299 milliseconds in repetition 316
tcp_ping received 1024 bytes back
Round trip time was 22.0513 milliseconds in repetition 317
tcp_ping received 1024 bytes back
Round trip time was 19.3544 milliseconds in repetition 318
tcp_ping received 1024 bytes back
Round trip time was 19.7857 milliseconds in repetition 319
tcp_ping received 1024 bytes back
Round trip time was 20.4164 milliseconds in repetition 320
tcp_ping received 1024 bytes back
Round trip time was 20.2721 milliseconds in repetition 321
tcp_ping received 1024 bytes back
Round trip time was 20.6866 milliseconds in repetition 322
tcp_ping received 1024 bytes back
Round trip time was 20.7197 milliseconds in repetition 323
tcp_ping received 1024 bytes back
Round trip time was 20.3807 milliseconds in repetition 324
tcp_ping received 1024 bytes back
Round trip time was 19.9845 milliseconds in repetition 325
tcp_ping received 1024 bytes back
Round trip time was 22.6585 milliseconds in repetition 326
tcp_ping received 1024 bytes back
Round trip time was 20.5975 milliseconds in repetition 327
tcp_ping received 1024 bytes back
Round trip time was 19.1738 milliseconds in repetition 328
tcp_ping received 1024 bytes back
Round trip time was 19.4709 milliseconds in repetition 329
tcp_ping received 1024 bytes back
Round trip time was 26.7214 milliseconds in repetition 330
tcp_ping received 1024 bytes back
Round trip time was 23.7791 milliseconds in repetition 331
tcp_ping received 1024 bytes back
Round trip time was 22.3313 milliseconds in repetition 332
tcp_ping received 1024 bytes back
Round trip time was 20.8027 milliseconds in repetition 333
tcp_ping received 1024 bytes back
Round trip time was 19.9779 milliseconds in repetition 334
tcp_ping received 1024 bytes back
Round trip time was 20.3289 milliseconds in repetition 335
tcp_ping received 1024 bytes back
Round trip time was 22.1042 milliseconds in repetition 336
tcp_ping received 1024 bytes back
Round trip time was 20.1472 milliseconds in repetition 337
tcp_ping received 1024 bytes back
Round trip time was 19.9021 milliseconds in repetition 338
tcp_ping received 1024 bytes back
Round trip time was 19.9527 milliseconds in repetition 339
tcp_ping received 1024 bytes back
Round trip time was 25.0728 milliseconds in repetition 340
tcp_ping received 1024 bytes back
Round trip time was 20.5389 milliseconds in repetition 341
tcp_ping received 1024 bytes back
Round trip time was 20.0542 milliseconds in repetition 342
tcp_ping received 1024 bytes back
Round trip time was 21.2637 milliseconds in repetition 343
tcp_ping received 1024 bytes back
Round trip time was 21.0202 milliseconds in repetition 344
tcp_ping received 1024 bytes back
Round trip time was 19.2664 milliseconds in repetition 345
tcp_ping received 1024 bytes back
Round trip time was 19.8049 milliseconds in repetition 346
tcp_ping received 1024 bytes back
Round trip time was 19.5239 milliseconds in repetition 347
tcp_ping received 1024 bytes back
Round trip time was 21.8712 milliseconds in repetition 348
tcp_ping received 1024 bytes back
Round trip time was 21.1515 milliseconds in repetition 349
tcp_ping received 1024 bytes back
Round trip time was 18.7741 milliseconds in repetition 350
tcp_ping received 1024 bytes back
Round trip time was 19.2061 milliseconds in repetition 351
tcp_ping received 1024 bytes back
Round trip time was 19.3351 milliseconds in repetition 352
tcp_ping received 1024 bytes back
Round trip time was 21.6198 milliseconds in repetition 353
tcp_ping received 1024 bytes back
Round trip time was 19.9849 milliseconds in repetition 354
tcp_ping received 1024 bytes back
Round trip time was 19.8513 milliseconds in repetition 355
tcp_ping received 1024 bytes back
Round trip time was 28.6222 milliseconds in repetition 356
tcp_ping received 1024 bytes back
Round trip time was 19.6219 milliseconds in repetition 357
tcp_ping received 1024 bytes back
Round trip time was 20.277 milliseconds in repetition 358
tcp_ping received 1024 bytes back
Round trip time was 19.966 milliseconds in repetition 359
tcp_ping received 1024 bytes back
Round trip time was 27.2583 milliseconds in repetition 360
tcp_ping received 1024 bytes back
Round trip time was 20.7851 milliseconds in repetition 361
tcp_ping received 1024 bytes back
Round trip time was 20.467 milliseconds in repetition 362
tcp_ping received 1024 bytes back
Round trip time was 20.9509 milliseconds in repetition 363
tcp_ping received 1024 bytes back
Round trip time was 19.3017 milliseconds in repetition 364
tcp_ping received 1024 bytes back
Round trip time was 19.9049 milliseconds in repetition 365
tcp_ping received 1024 bytes back
Round trip time was 19.5911 milliseconds in repetition 366
tcp_ping received 1024 bytes back
Round trip time was 20.1833 milliseconds in repetition 367
tcp_ping received 1024 bytes back
Round trip time was 20.7277 milliseconds in repetition 368
tcp_ping received 1024 bytes back
Round trip time was 19.6978 milliseconds in repetition 369
tcp_ping received 1024 bytes back
Round trip time was 20.0053 milliseconds in repetition 370
tcp_ping received 1024 bytes back
Round trip time was 21.4512 milliseconds in repetition 371
tcp_ping received 1024 bytes back
Round trip time was 21.6419 milliseconds in repetition 372
tcp_ping received 1024 bytes back
Round trip time was 19.8627 milliseconds in repetition 373
tcp_ping received 1024 bytes back
Round trip time was 19.9122 milliseconds in repetition 374
tcp_ping received 1024 bytes back
Round trip time was 20.6781 milliseconds in repetition 375
tcp_ping received 1024 bytes back
Round trip time was 21.392 milliseconds in repetition 376
tcp_ping received 1024 bytes back
Round trip time was 19.703 milliseconds in repetition 377
tcp_ping received 1024 bytes back
Round trip time was 19.5321 milliseconds in repetition 378
tcp_ping received 1024 bytes back
Round trip time was 20.3249 milliseconds in repetition 379
tcp_ping received 1024 bytes back
Round trip time was 20.2483 milliseconds in repetition 380
tcp_ping received 1024 bytes back
Round trip time was 22.5013 milliseconds in repetition 381
tcp_ping received 1024 bytes back
Round trip time was 20.2158 milliseconds in repetition 382
tcp_ping received 1024 bytes back
Round trip time was 20.4438 milliseconds in repetition 383
tcp_ping received 1024 bytes back
Round trip time was 20.1487 milliseconds in repetition 384
tcp_ping received 1024 bytes back
Round trip time was 22.6401 milliseconds in repetition 385
tcp_ping received 1024 bytes back
Round trip time was 20.6207 milliseconds in repetition 386
tcp_ping received 1024 bytes back
Round trip time was 19.5696 milliseconds in repetition 387
tcp_ping received 1024 bytes back
Round trip time was 19.9257 milliseconds in repetition 388
tcp_ping received 1024 bytes back
Round trip time was 22.4734 milliseconds in repetition 389
tcp_ping received 1024 bytes back
Round trip time was 19.0974 milliseconds in repetition 390
tcp_ping received 1024 bytes back
Round trip time was 19.8053 milliseconds in repetition 391
tcp_ping received 1024 bytes back
Round trip time was 19.0373 milliseconds in repetition 392
tcp_ping received 1024 bytes back
Round trip time was 18.9704 milliseconds in repetition 393
tcp_ping received 1024 bytes back
Round trip time was 23.0452 milliseconds in repetition 394
tcp_ping received 1024 bytes back
Round trip time was 22.4763 milliseconds in repetition 395
tcp_ping received 1024 bytes back
Round trip time was 19.2263 milliseconds in repetition 396
tcp_ping received 1024 bytes back
Round trip time was 19.2139 milliseconds in repetition 397
tcp_ping received 1024 bytes back
Round trip time was 23.4277 milliseconds in repetition 398
tcp_ping received 1024 bytes back
Round trip time was 19.5622 milliseconds in repetition 399
tcp_ping received 1024 bytes back
Round trip time was 22.7529 milliseconds in repetition 400
tcp_ping received 1024 bytes back
Round trip time was 22.3581 milliseconds in repetition 401
tcp_ping received 1024 bytes back
Round trip time was 20.8401 milliseconds in repetition 402
tcp_ping received 1024 bytes back
Round trip time was 20.2562 milliseconds in repetition 403
tcp_ping received 1024 bytes back
Round trip time was 20.4421 milliseconds in repetition 404
tcp_ping received 1024 bytes back
Round trip time was 20.8391 milliseconds in repetition 405
tcp_ping received 1024 bytes back
Round trip time was 19.194 milliseconds in repetition 406
tcp_ping received 1024 bytes back
Round trip time was 19.1193 milliseconds in repetition 407
tcp_ping received 1024 bytes back
Round trip time was 19.582 milliseconds in repetition 408
tcp_ping received 1024 bytes back
Round trip time was 26.7922 milliseconds in repetition 409
tcp_ping received 1024 bytes back
Round trip time was 19.6673 milliseconds in repetition 410
tcp_ping received 1024 bytes back
Round trip time was 20.2501 milliseconds in repetition 411
tcp_ping received 1024 bytes back
Round trip time was 20.4147 milliseconds in repetition 412
tcp_ping received 1024 bytes back
Round trip time was 22.0619 milliseconds in repetition 413
tcp_ping received 1024 bytes back
Round trip time was 20.3399 milliseconds in repetition 414
tcp_ping received 1024 bytes back
Round trip time was 19.5196 milliseconds in repetition 415
tcp_ping received 1024 bytes back
Round trip time was 19.41 milliseconds in repetition 416
tcp_ping received 1024 bytes back
Round trip time was 19.8291 milliseconds in repetition 417
tcp_ping received 1024 bytes back
Round trip time was 20.9052 milliseconds in repetition 418
tcp_ping received 1024 bytes back
Round trip time was 20.0384 milliseconds in repetition 419
tcp_ping received 1024 bytes back
Round trip time was 20.0467 milliseconds in repetition 420
tcp_ping received 1024 bytes back
Round trip time was 25.4729 milliseconds in repetition 421
tcp_ping received 1024 bytes back
Round trip time was 19.2886 milliseconds in repetition 422
tcp_ping received 1024 bytes back
Round trip time was 19.9827 milliseconds in repetition 423
tcp_ping received 1024 bytes back
Round trip time was 19.5135 milliseconds in repetition 424
tcp_ping received 1024 bytes back
Round trip time was 21.1541 milliseconds in repetition 425
tcp_ping received 1024 bytes back
Round trip time was 21.6629 milliseconds in repetition 426
tcp_ping received 1024 bytes back
Round trip time was 19.7759 milliseconds in repetition 427
tcp_ping received 1024 bytes back
Round trip time was 20.8009 milliseconds in repetition 428
tcp_ping received 1024 bytes back
Round trip time was 20.1054 milliseconds in repetition 429
tcp_ping received 1024 bytes back
Round trip time was 23.3617 milliseconds in repetition 430
tcp_ping received 1024 bytes back
Round trip time was 20.2868 milliseconds in repetition 431
tcp_ping received 1024 bytes back
Round trip time was 22.0469 milliseconds in repetition 432
tcp_ping received 1024 bytes back
Round trip time was 26.5924 milliseconds in repetition 433
tcp_ping received 1024 bytes back
Round trip time was 31.4869 milliseconds in repetition 434
tcp_ping received 1024 bytes back
Round trip time was 26.5331 milliseconds in repetition 435
tcp_ping received 1024 bytes back
Round trip time was 23.4314 milliseconds in repetition 436
tcp_ping received 1024 bytes back
Round trip time was 25.0778 milliseconds in repetition 437
tcp_ping received 1024 bytes back
Round trip time was 21.8542 milliseconds in repetition 438
tcp_ping received 1024 bytes back
Round trip time was 30.1405 milliseconds in repetition 439
tcp_ping received 1024 bytes back
Round trip time was 25.886 milliseconds in repetition 440
tcp_ping received 1024 bytes back
Round trip time was 22.1801 milliseconds in repetition 441
tcp_ping received 1024 bytes back
Round trip time was 22.3131 milliseconds in repetition 442
tcp_ping received 1024 bytes back
Round trip time was 23.7314 milliseconds in repetition 443
tcp_ping received 1024 bytes back
Round trip time was 20.0729 milliseconds in repetition 444
tcp_ping received 1024 bytes back
Round trip time was 22.7591 milliseconds in repetition 445
tcp_ping received 1024 bytes back
Round trip time was 21.9363 milliseconds in repetition 446
tcp_ping received 1024 bytes back
Round trip time was 22.4313 milliseconds in repetition 447
tcp_ping received 1024 bytes back
Round trip time was 21.4945 milliseconds in repetition 448
tcp_ping received 1024 bytes back
Round trip time was 20.0353 milliseconds in repetition 449
tcp_ping received 1024 bytes back
Round trip time was 19.3513 milliseconds in repetition 450
tcp_ping received 1024 bytes back
Round trip time was 18.5426 milliseconds in repetition 451
tcp_ping received 1024 bytes back
Round trip time was 20.9107 milliseconds in repetition 452
tcp_ping received 1024 bytes back
Round trip time was 22.5767 milliseconds in repetition 453
tcp_ping received 1024 bytes back
Round trip time was 19.3914 milliseconds in repetition 454
tcp_ping received 1024 bytes back
Round trip time was 20.7207 milliseconds in repetition 455
tcp_ping received 1024 bytes back
Round trip time was 19.9997 milliseconds in repetition 456
tcp_ping received 1024 bytes back
Round trip time was 30.5476 milliseconds in repetition 457
tcp_ping received 1024 bytes back
Round trip time was 19.3622 milliseconds in repetition 458
tcp_ping received 1024 bytes back
Round trip time was 22.6701 milliseconds in repetition 459
tcp_ping received 1024 bytes back
Round trip time was 20.1805 milliseconds in repetition 460
tcp_ping received 1024 bytes back
Round trip time was 20.1299 milliseconds in repetition 461
tcp_ping received 1024 bytes back
Round trip time was 21.8859 milliseconds in repetition 462
tcp_ping received 1024 bytes back
Round trip time was 20.4644 milliseconds in repetition 463
tcp_ping received 1024 bytes back
Round trip time was 19.9616 milliseconds in repetition 464
tcp_ping received 1024 bytes back
Round trip time was 21.5458 milliseconds in repetition 465
tcp_ping received 1024 bytes back
Round trip time was 20.3208 milliseconds in repetition 466
tcp_ping received 1024 bytes back
Round trip time was 21.8044 milliseconds in repetition 467
tcp_ping received 1024 bytes back
Round trip time was 20.1063 milliseconds in repetition 468
tcp_ping received 1024 bytes back
Round trip time was 19.2076 milliseconds in repetition 469
tcp_ping received 1024 bytes back
Round trip time was 19.5461 milliseconds in repetition 470
tcp_ping received 1024 bytes back
Round trip time was 20.8016 milliseconds in repetition 471
tcp_ping received 1024 bytes back
Round trip time was 20.0241 milliseconds in repetition 472
tcp_ping received 1024 bytes back
Round trip time was 20.1669 milliseconds in repetition 473
tcp_ping received 1024 bytes back
Round trip time was 20.4469 milliseconds in repetition 474
tcp_ping received 1024 bytes back
Round trip time was 20.6318 milliseconds in repetition 475
tcp_ping received 1024 bytes back
Round trip time was 22.538 milliseconds in repetition 476
tcp_ping received 1024 bytes back
Round trip time was 20.1974 milliseconds in repetition 477
tcp_ping received 1024 bytes back
Round trip time was 19.691 milliseconds in repetition 478
tcp_ping received 1024 bytes back
Round trip time was 19.8437 milliseconds in repetition 479
tcp_ping received 1024 bytes back
Round trip time was 22.2907 milliseconds in repetition 480
tcp_ping received 1024 bytes back
Round trip time was 20.1646 milliseconds in repetition 481
tcp_ping received 1024 bytes back
Round trip time was 20.4454 milliseconds in repetition 482
tcp_ping received 1024 bytes back
Round trip time was 21.0703 milliseconds in repetition 483
tcp_ping received 1024 bytes back
Round trip time was 22.2035 milliseconds in repetition 484
tcp_ping received 1024 bytes back
Round trip time was 20.1624 milliseconds in repetition 485
tcp_ping received 1024 bytes back
Round trip time was 20.5596 milliseconds in repetition 486
tcp_ping received 1024 bytes back
Round trip time was 19.9606 milliseconds in repetition 487
tcp_ping received 1024 bytes back
Round trip time was 23.4207 milliseconds in repetition 488
tcp_ping received 1024 bytes back
Round trip time was 20.0717 milliseconds in repetition 489
tcp_ping received 1024 bytes back
Round trip time was 19.7292 milliseconds in repetition 490
tcp_ping received 1024 bytes back
Round trip time was 20.0772 milliseconds in repetition 491
tcp_ping received 1024 bytes back
Round trip time was 20.8971 milliseconds in repetition 492
tcp_ping received 1024 bytes back
Round trip time was 19.1869 milliseconds in repetition 493
tcp_ping received 1024 bytes back
Round trip time was 19.9313 milliseconds in repetition 494
tcp_ping received 1024 bytes back
Round trip time was 20.0329 milliseconds in repetition 495
tcp_ping received 1024 bytes back
Round trip time was 19.9654 milliseconds in repetition 496
tcp_ping received 1024 bytes back
Round trip time was 20.602 milliseconds in repetition 497
tcp_ping received 1024 bytes back
Round trip time was 20.4224 milliseconds in repetition 498
tcp_ping received 1024 bytes back
Round trip time was 20.513 milliseconds in repetition 499
tcp_ping received 1024 bytes back
Round trip time was 20.3109 milliseconds in repetition 500
tcp_ping received 1024 bytes back
Round trip time was 20.3237 milliseconds in repetition 501

 ... clock resolution was 1e-06
TCP Ping:  Statistics over 501 repetitions of 1024 byte messages

RTT : percentile 10: 19.402, median: 20.4644, percentile 90: 23.7314, average: 21.2301, variance: 5.89105

RTT histogram:
18.5426 13
19.6544 186
20.7661 149
21.8779 65
22.9896 36
24.1014 17
25.2131 8
26.3249 10
27.4366 2
28.5484 4
29.6601 3
30.7719 5
31.8836 1
32.9954 0
34.1071 0
35.2189 0
36.3306 0
37.4424 0
38.5541 1
39.6659 0
40.7776 1

   median Throughput : 100.076 KB/s   overall Throughput : 96.4668 KB/s

