UDP Ping trying to connect to server seti.dibris.unige.it (130.251.61.30) on TCP port 1491
 ... connected to Pong server: asking for 501 repetitions of 64 _bytes UDP messages
 ... Pong server agreed to ping-pong using port 51581 :-)
Round trip time was 21.103 milliseconds in repetition 1
Round trip time was 17.324 milliseconds in repetition 2
Round trip time was 17.599 milliseconds in repetition 3
Round trip time was 19.195 milliseconds in repetition 4
Round trip time was 37.659 milliseconds in repetition 5
Round trip time was 17.713 milliseconds in repetition 6
Round trip time was 17.653 milliseconds in repetition 7
Round trip time was 17.146 milliseconds in repetition 8
Round trip time was 17.291 milliseconds in repetition 9
Round trip time was 18.491 milliseconds in repetition 10
Round trip time was 17.077 milliseconds in repetition 11
Round trip time was 17.851 milliseconds in repetition 12
Round trip time was 26.204 milliseconds in repetition 13
Round trip time was 23.617 milliseconds in repetition 14
Round trip time was 21.628 milliseconds in repetition 15
Round trip time was 17.776 milliseconds in repetition 16
Round trip time was 18.547 milliseconds in repetition 17
Round trip time was 18.193 milliseconds in repetition 18
Round trip time was 18.381 milliseconds in repetition 19
Round trip time was 17.574 milliseconds in repetition 20
Round trip time was 16.823 milliseconds in repetition 21
Round trip time was 17.568 milliseconds in repetition 22
Round trip time was 24.862 milliseconds in repetition 23
Round trip time was 18.453 milliseconds in repetition 24
Round trip time was 17.457 milliseconds in repetition 25
Round trip time was 18.555 milliseconds in repetition 26
Round trip time was 17.888 milliseconds in repetition 27
Round trip time was 22.720 milliseconds in repetition 28
Round trip time was 17.291 milliseconds in repetition 29
Round trip time was 17.619 milliseconds in repetition 30
Round trip time was 18.780 milliseconds in repetition 31
Round trip time was 17.451 milliseconds in repetition 32
Round trip time was 17.872 milliseconds in repetition 33
Round trip time was 16.909 milliseconds in repetition 34
Round trip time was 18.235 milliseconds in repetition 35
Round trip time was 17.693 milliseconds in repetition 36
Round trip time was 27.764 milliseconds in repetition 37
Round trip time was 18.866 milliseconds in repetition 38
Round trip time was 17.043 milliseconds in repetition 39
Round trip time was 16.120 milliseconds in repetition 40
Round trip time was 16.889 milliseconds in repetition 41
Round trip time was 17.650 milliseconds in repetition 42
Round trip time was 17.724 milliseconds in repetition 43
Round trip time was 18.073 milliseconds in repetition 44
Round trip time was 17.264 milliseconds in repetition 45
Round trip time was 16.397 milliseconds in repetition 46
Round trip time was 16.330 milliseconds in repetition 47
Round trip time was 17.296 milliseconds in repetition 48
Round trip time was 16.887 milliseconds in repetition 49
Round trip time was 17.750 milliseconds in repetition 50
Round trip time was 17.121 milliseconds in repetition 51
Round trip time was 19.194 milliseconds in repetition 52
Round trip time was 16.690 milliseconds in repetition 53
Round trip time was 18.327 milliseconds in repetition 54
Round trip time was 17.137 milliseconds in repetition 55
Round trip time was 17.049 milliseconds in repetition 56
Round trip time was 24.177 milliseconds in repetition 57
Round trip time was 17.684 milliseconds in repetition 58
Round trip time was 16.826 milliseconds in repetition 59
Round trip time was 17.094 milliseconds in repetition 60
Round trip time was 17.640 milliseconds in repetition 61
Round trip time was 16.854 milliseconds in repetition 62
Round trip time was 23.459 milliseconds in repetition 63
Round trip time was 16.402 milliseconds in repetition 64
Round trip time was 17.685 milliseconds in repetition 65
Round trip time was 19.086 milliseconds in repetition 66
Round trip time was 18.316 milliseconds in repetition 67
Round trip time was 20.499 milliseconds in repetition 68
Round trip time was 16.871 milliseconds in repetition 69
Round trip time was 17.546 milliseconds in repetition 70
Round trip time was 17.296 milliseconds in repetition 71
Round trip time was 17.389 milliseconds in repetition 72
Round trip time was 16.395 milliseconds in repetition 73
Round trip time was 17.114 milliseconds in repetition 74
Round trip time was 21.349 milliseconds in repetition 75
Round trip time was 16.455 milliseconds in repetition 76
Round trip time was 17.780 milliseconds in repetition 77
Round trip time was 18.815 milliseconds in repetition 78
Round trip time was 16.929 milliseconds in repetition 79
Round trip time was 17.291 milliseconds in repetition 80
Round trip time was 30.694 milliseconds in repetition 81
Round trip time was 31.674 milliseconds in repetition 82
Round trip time was 17.587 milliseconds in repetition 83
Round trip time was 16.611 milliseconds in repetition 84
Round trip time was 17.183 milliseconds in repetition 85
Round trip time was 17.497 milliseconds in repetition 86
Round trip time was 17.430 milliseconds in repetition 87
Round trip time was 17.655 milliseconds in repetition 88
Round trip time was 16.615 milliseconds in repetition 89
Round trip time was 17.298 milliseconds in repetition 90
Round trip time was 17.111 milliseconds in repetition 91
Round trip time was 18.171 milliseconds in repetition 92
Round trip time was 18.491 milliseconds in repetition 93
Round trip time was 17.485 milliseconds in repetition 94
Round trip time was 19.180 milliseconds in repetition 95
Round trip time was 17.186 milliseconds in repetition 96
Round trip time was 16.448 milliseconds in repetition 97
Round trip time was 17.591 milliseconds in repetition 98
Round trip time was 18.098 milliseconds in repetition 99
Round trip time was 17.102 milliseconds in repetition 100
Round trip time was 17.015 milliseconds in repetition 101
Round trip time was 16.108 milliseconds in repetition 102
Round trip time was 18.283 milliseconds in repetition 103
Round trip time was 17.368 milliseconds in repetition 104
Round trip time was 16.610 milliseconds in repetition 105
Round trip time was 17.186 milliseconds in repetition 106
Round trip time was 17.883 milliseconds in repetition 107
Round trip time was 17.682 milliseconds in repetition 108
Round trip time was 16.509 milliseconds in repetition 109
Round trip time was 17.584 milliseconds in repetition 110
Round trip time was 16.722 milliseconds in repetition 111
Round trip time was 17.643 milliseconds in repetition 112
Round trip time was 16.940 milliseconds in repetition 113
Round trip time was 19.711 milliseconds in repetition 114
Round trip time was 26.098 milliseconds in repetition 115
Round trip time was 18.161 milliseconds in repetition 116
Round trip time was 17.493 milliseconds in repetition 117
Round trip time was 17.610 milliseconds in repetition 118
Round trip time was 16.986 milliseconds in repetition 119
Round trip time was 18.363 milliseconds in repetition 120
Round trip time was 17.184 milliseconds in repetition 121
Round trip time was 19.407 milliseconds in repetition 122
Round trip time was 19.111 milliseconds in repetition 123
Round trip time was 17.636 milliseconds in repetition 124
Round trip time was 17.170 milliseconds in repetition 125
Round trip time was 17.783 milliseconds in repetition 126
Round trip time was 17.176 milliseconds in repetition 127
Round trip time was 17.377 milliseconds in repetition 128
Round trip time was 19.915 milliseconds in repetition 129
Round trip time was 25.777 milliseconds in repetition 130
Round trip time was 19.665 milliseconds in repetition 131
Round trip time was 18.081 milliseconds in repetition 132
Round trip time was 19.820 milliseconds in repetition 133
Round trip time was 28.535 milliseconds in repetition 134
Round trip time was 16.238 milliseconds in repetition 135
Round trip time was 19.792 milliseconds in repetition 136
Round trip time was 16.280 milliseconds in repetition 137
Round trip time was 25.975 milliseconds in repetition 138
Round trip time was 17.349 milliseconds in repetition 139
Round trip time was 17.445 milliseconds in repetition 140
Round trip time was 16.596 milliseconds in repetition 141
Round trip time was 17.089 milliseconds in repetition 142
Round trip time was 23.878 milliseconds in repetition 143
Round trip time was 18.063 milliseconds in repetition 144
Round trip time was 17.253 milliseconds in repetition 145
Round trip time was 25.040 milliseconds in repetition 146
Round trip time was 19.290 milliseconds in repetition 147
Round trip time was 17.355 milliseconds in repetition 148
Round trip time was 21.292 milliseconds in repetition 149
Round trip time was 16.380 milliseconds in repetition 150
Round trip time was 19.888 milliseconds in repetition 151
Round trip time was 17.394 milliseconds in repetition 152
Round trip time was 17.247 milliseconds in repetition 153
Round trip time was 16.781 milliseconds in repetition 154
Round trip time was 26.286 milliseconds in repetition 155
Round trip time was 18.322 milliseconds in repetition 156
Round trip time was 16.965 milliseconds in repetition 157
Round trip time was 17.319 milliseconds in repetition 158
Round trip time was 17.316 milliseconds in repetition 159
Round trip time was 16.936 milliseconds in repetition 160
Round trip time was 17.341 milliseconds in repetition 161
Round trip time was 16.929 milliseconds in repetition 162
Round trip time was 16.603 milliseconds in repetition 163
Round trip time was 17.202 milliseconds in repetition 164
Round trip time was 16.274 milliseconds in repetition 165
Round trip time was 16.828 milliseconds in repetition 166
Round trip time was 17.213 milliseconds in repetition 167
Round trip time was 18.968 milliseconds in repetition 168
Round trip time was 17.023 milliseconds in repetition 169
Round trip time was 18.448 milliseconds in repetition 170
Round trip time was 17.164 milliseconds in repetition 171
Round trip time was 18.092 milliseconds in repetition 172
Round trip time was 17.047 milliseconds in repetition 173
Round trip time was 17.223 milliseconds in repetition 174
Round trip time was 18.591 milliseconds in repetition 175
Round trip time was 17.291 milliseconds in repetition 176
Round trip time was 17.090 milliseconds in repetition 177
Round trip time was 18.000 milliseconds in repetition 178
Round trip time was 16.862 milliseconds in repetition 179
Round trip time was 16.563 milliseconds in repetition 180
Round trip time was 17.724 milliseconds in repetition 181
Round trip time was 20.604 milliseconds in repetition 182
Round trip time was 16.842 milliseconds in repetition 183
Round trip time was 18.441 milliseconds in repetition 184
Round trip time was 18.144 milliseconds in repetition 185
Round trip time was 29.926 milliseconds in repetition 186
Round trip time was 16.935 milliseconds in repetition 187
Round trip time was 16.455 milliseconds in repetition 188
Round trip time was 16.973 milliseconds in repetition 189
Round trip time was 16.197 milliseconds in repetition 190
Round trip time was 16.871 milliseconds in repetition 191
Round trip time was 16.373 milliseconds in repetition 192
Round trip time was 17.709 milliseconds in repetition 193
Round trip time was 17.078 milliseconds in repetition 194
Round trip time was 17.404 milliseconds in repetition 195
Round trip time was 17.916 milliseconds in repetition 196
Round trip time was 17.162 milliseconds in repetition 197
Round trip time was 17.104 milliseconds in repetition 198
Round trip time was 16.516 milliseconds in repetition 199
Round trip time was 17.063 milliseconds in repetition 200
Round trip time was 17.560 milliseconds in repetition 201
Round trip time was 17.316 milliseconds in repetition 202
Round trip time was 17.628 milliseconds in repetition 203
Round trip time was 17.086 milliseconds in repetition 204
Round trip time was 17.704 milliseconds in repetition 205
Round trip time was 17.020 milliseconds in repetition 206
Round trip time was 17.886 milliseconds in repetition 207
Round trip time was 17.259 milliseconds in repetition 208
Round trip time was 17.539 milliseconds in repetition 209
Round trip time was 17.685 milliseconds in repetition 210
Round trip time was 17.410 milliseconds in repetition 211
Round trip time was 16.923 milliseconds in repetition 212
Round trip time was 19.740 milliseconds in repetition 213
Round trip time was 17.086 milliseconds in repetition 214
Round trip time was 17.919 milliseconds in repetition 215
Round trip time was 19.926 milliseconds in repetition 216
Round trip time was 17.054 milliseconds in repetition 217
Round trip time was 364.282 milliseconds in repetition 218
Round trip time was 16.807 milliseconds in repetition 219
Round trip time was 81.413 milliseconds in repetition 220
Round trip time was 55.469 milliseconds in repetition 221
Round trip time was 16.588 milliseconds in repetition 222
Round trip time was 28.338 milliseconds in repetition 223
Round trip time was 40.959 milliseconds in repetition 224
Round trip time was 16.870 milliseconds in repetition 225
Round trip time was 42.884 milliseconds in repetition 226
Round trip time was 16.100 milliseconds in repetition 227
Round trip time was 18.614 milliseconds in repetition 228
Round trip time was 16.972 milliseconds in repetition 229
Round trip time was 16.497 milliseconds in repetition 230
Round trip time was 17.621 milliseconds in repetition 231
Round trip time was 16.673 milliseconds in repetition 232
Round trip time was 128.708 milliseconds in repetition 233
Round trip time was 17.592 milliseconds in repetition 234
Round trip time was 20.436 milliseconds in repetition 235
Round trip time was 19.785 milliseconds in repetition 236
Round trip time was 16.729 milliseconds in repetition 237
Round trip time was 126.390 milliseconds in repetition 238
Round trip time was 16.993 milliseconds in repetition 239
Round trip time was 16.918 milliseconds in repetition 240
Round trip time was 16.780 milliseconds in repetition 241
Round trip time was 17.016 milliseconds in repetition 242
Round trip time was 17.863 milliseconds in repetition 243
Round trip time was 135.523 milliseconds in repetition 244
Round trip time was 25.098 milliseconds in repetition 245
Round trip time was 19.169 milliseconds in repetition 246
Round trip time was 23.283 milliseconds in repetition 247
Round trip time was 121.088 milliseconds in repetition 248
Round trip time was 18.037 milliseconds in repetition 249
Round trip time was 21.252 milliseconds in repetition 250
Round trip time was 20.215 milliseconds in repetition 251
Round trip time was 18.919 milliseconds in repetition 252
Round trip time was 26.823 milliseconds in repetition 253
Round trip time was 44.421 milliseconds in repetition 254
Round trip time was 38.656 milliseconds in repetition 255
Round trip time was 17.119 milliseconds in repetition 256
Round trip time was 16.419 milliseconds in repetition 257
Round trip time was 17.076 milliseconds in repetition 258
Round trip time was 16.615 milliseconds in repetition 259
Round trip time was 16.860 milliseconds in repetition 260
Round trip time was 16.696 milliseconds in repetition 261
Round trip time was 30.334 milliseconds in repetition 262
Round trip time was 18.762 milliseconds in repetition 263
Round trip time was 36.445 milliseconds in repetition 264
Round trip time was 16.772 milliseconds in repetition 265
Round trip time was 17.314 milliseconds in repetition 266
Round trip time was 16.390 milliseconds in repetition 267
Round trip time was 16.860 milliseconds in repetition 268
Round trip time was 16.423 milliseconds in repetition 269
Round trip time was 17.566 milliseconds in repetition 270
Round trip time was 16.591 milliseconds in repetition 271
Round trip time was 33.838 milliseconds in repetition 272
Round trip time was 18.113 milliseconds in repetition 273
Round trip time was 35.047 milliseconds in repetition 274
Round trip time was 22.738 milliseconds in repetition 275
Round trip time was 19.610 milliseconds in repetition 276
Round trip time was 18.117 milliseconds in repetition 277
Round trip time was 22.009 milliseconds in repetition 278
Round trip time was 17.491 milliseconds in repetition 279
Round trip time was 18.493 milliseconds in repetition 280
Round trip time was 16.638 milliseconds in repetition 281
Round trip time was 17.448 milliseconds in repetition 282
Round trip time was 17.179 milliseconds in repetition 283
Round trip time was 21.741 milliseconds in repetition 284
Round trip time was 16.629 milliseconds in repetition 285
Round trip time was 18.783 milliseconds in repetition 286
Round trip time was 16.189 milliseconds in repetition 287
Round trip time was 17.878 milliseconds in repetition 288
Round trip time was 16.536 milliseconds in repetition 289
Round trip time was 16.864 milliseconds in repetition 290
Round trip time was 16.763 milliseconds in repetition 291
Round trip time was 18.028 milliseconds in repetition 292
Round trip time was 16.355 milliseconds in repetition 293
Round trip time was 16.478 milliseconds in repetition 294
Round trip time was 17.036 milliseconds in repetition 295
Round trip time was 17.193 milliseconds in repetition 296
Round trip time was 17.609 milliseconds in repetition 297
Round trip time was 15.935 milliseconds in repetition 298
Round trip time was 17.230 milliseconds in repetition 299
Round trip time was 19.370 milliseconds in repetition 300
Round trip time was 16.504 milliseconds in repetition 301
Round trip time was 17.037 milliseconds in repetition 302
Round trip time was 17.912 milliseconds in repetition 303
Round trip time was 17.700 milliseconds in repetition 304
Round trip time was 17.428 milliseconds in repetition 305
Round trip time was 17.351 milliseconds in repetition 306
Round trip time was 24.253 milliseconds in repetition 307
Round trip time was 16.640 milliseconds in repetition 308
Round trip time was 16.434 milliseconds in repetition 309
Round trip time was 16.361 milliseconds in repetition 310
Round trip time was 16.635 milliseconds in repetition 311
Round trip time was 17.966 milliseconds in repetition 312
Round trip time was 17.208 milliseconds in repetition 313
Round trip time was 16.524 milliseconds in repetition 314
Round trip time was 17.571 milliseconds in repetition 315
Round trip time was 18.156 milliseconds in repetition 316
Round trip time was 16.465 milliseconds in repetition 317
Round trip time was 17.321 milliseconds in repetition 318
Round trip time was 17.124 milliseconds in repetition 319
Round trip time was 16.438 milliseconds in repetition 320
Round trip time was 17.359 milliseconds in repetition 321
Round trip time was 17.553 milliseconds in repetition 322
Round trip time was 17.078 milliseconds in repetition 323
Round trip time was 16.527 milliseconds in repetition 324
Round trip time was 16.012 milliseconds in repetition 325
Round trip time was 16.022 milliseconds in repetition 326
Round trip time was 16.744 milliseconds in repetition 327
Round trip time was 16.930 milliseconds in repetition 328
Round trip time was 16.281 milliseconds in repetition 329
Round trip time was 16.116 milliseconds in repetition 330
Round trip time was 17.110 milliseconds in repetition 331
Round trip time was 22.436 milliseconds in repetition 332
Round trip time was 17.731 milliseconds in repetition 333
Round trip time was 18.534 milliseconds in repetition 334
Round trip time was 16.437 milliseconds in repetition 335
Round trip time was 17.111 milliseconds in repetition 336
Round trip time was 16.258 milliseconds in repetition 337
Round trip time was 16.216 milliseconds in repetition 338
Round trip time was 16.446 milliseconds in repetition 339
Round trip time was 17.241 milliseconds in repetition 340
Round trip time was 18.329 milliseconds in repetition 341
Round trip time was 17.918 milliseconds in repetition 342
Round trip time was 18.854 milliseconds in repetition 343
Round trip time was 20.304 milliseconds in repetition 344
Round trip time was 17.307 milliseconds in repetition 345
Round trip time was 21.464 milliseconds in repetition 346
Round trip time was 16.558 milliseconds in repetition 347
Round trip time was 16.201 milliseconds in repetition 348
Round trip time was 17.077 milliseconds in repetition 349
Round trip time was 19.645 milliseconds in repetition 350
Round trip time was 18.788 milliseconds in repetition 351
Round trip time was 17.856 milliseconds in repetition 352
Round trip time was 16.140 milliseconds in repetition 353
Round trip time was 16.061 milliseconds in repetition 354
Round trip time was 19.538 milliseconds in repetition 355
Round trip time was 20.827 milliseconds in repetition 356
Round trip time was 17.591 milliseconds in repetition 357
Round trip time was 18.415 milliseconds in repetition 358
Round trip time was 18.210 milliseconds in repetition 359
Round trip time was 18.024 milliseconds in repetition 360
Round trip time was 17.690 milliseconds in repetition 361
Round trip time was 20.225 milliseconds in repetition 362
Round trip time was 18.366 milliseconds in repetition 363
Round trip time was 17.899 milliseconds in repetition 364
Round trip time was 17.756 milliseconds in repetition 365
Round trip time was 17.025 milliseconds in repetition 366
Round trip time was 17.343 milliseconds in repetition 367
Round trip time was 18.662 milliseconds in repetition 368
Round trip time was 16.718 milliseconds in repetition 369
Round trip time was 16.662 milliseconds in repetition 370
Round trip time was 16.381 milliseconds in repetition 371
Round trip time was 17.140 milliseconds in repetition 372
Round trip time was 17.059 milliseconds in repetition 373
Round trip time was 16.330 milliseconds in repetition 374
Round trip time was 16.680 milliseconds in repetition 375
Round trip time was 16.109 milliseconds in repetition 376
Round trip time was 33.837 milliseconds in repetition 377
Round trip time was 19.111 milliseconds in repetition 378
Round trip time was 16.862 milliseconds in repetition 379
Round trip time was 20.263 milliseconds in repetition 380
Round trip time was 16.472 milliseconds in repetition 381
Round trip time was 16.280 milliseconds in repetition 382
Round trip time was 17.033 milliseconds in repetition 383
Round trip time was 27.661 milliseconds in repetition 384
Round trip time was 18.306 milliseconds in repetition 385
Round trip time was 16.970 milliseconds in repetition 386
Round trip time was 16.892 milliseconds in repetition 387
Round trip time was 16.925 milliseconds in repetition 388
Round trip time was 17.101 milliseconds in repetition 389
Round trip time was 15.977 milliseconds in repetition 390
Round trip time was 17.243 milliseconds in repetition 391
Round trip time was 16.345 milliseconds in repetition 392
Round trip time was 16.399 milliseconds in repetition 393
Round trip time was 17.049 milliseconds in repetition 394
Round trip time was 16.251 milliseconds in repetition 395
Round trip time was 19.896 milliseconds in repetition 396
Round trip time was 19.223 milliseconds in repetition 397
Round trip time was 17.369 milliseconds in repetition 398
Round trip time was 17.814 milliseconds in repetition 399
Round trip time was 23.789 milliseconds in repetition 400
Round trip time was 16.972 milliseconds in repetition 401
Round trip time was 16.114 milliseconds in repetition 402
Round trip time was 17.786 milliseconds in repetition 403
Round trip time was 16.507 milliseconds in repetition 404
Round trip time was 17.062 milliseconds in repetition 405
Round trip time was 19.634 milliseconds in repetition 406
Round trip time was 18.294 milliseconds in repetition 407
Round trip time was 16.907 milliseconds in repetition 408
Round trip time was 17.733 milliseconds in repetition 409
Round trip time was 17.217 milliseconds in repetition 410
Round trip time was 16.375 milliseconds in repetition 411
Round trip time was 16.597 milliseconds in repetition 412
Round trip time was 16.126 milliseconds in repetition 413
Round trip time was 18.351 milliseconds in repetition 414
Round trip time was 18.244 milliseconds in repetition 415
Round trip time was 19.964 milliseconds in repetition 416
Round trip time was 17.214 milliseconds in repetition 417
Round trip time was 26.401 milliseconds in repetition 418
Round trip time was 18.010 milliseconds in repetition 419
Round trip time was 17.319 milliseconds in repetition 420
Round trip time was 17.383 milliseconds in repetition 421
Round trip time was 17.937 milliseconds in repetition 422
Round trip time was 16.835 milliseconds in repetition 423
Round trip time was 17.259 milliseconds in repetition 424
Round trip time was 17.184 milliseconds in repetition 425
Round trip time was 17.124 milliseconds in repetition 426
Round trip time was 18.488 milliseconds in repetition 427
Round trip time was 17.074 milliseconds in repetition 428
Round trip time was 17.183 milliseconds in repetition 429
Round trip time was 16.242 milliseconds in repetition 430
Round trip time was 16.247 milliseconds in repetition 431
Round trip time was 17.340 milliseconds in repetition 432
Round trip time was 16.642 milliseconds in repetition 433
Round trip time was 18.732 milliseconds in repetition 434
Round trip time was 16.963 milliseconds in repetition 435
Round trip time was 17.608 milliseconds in repetition 436
Round trip time was 16.837 milliseconds in repetition 437
Round trip time was 19.622 milliseconds in repetition 438
Round trip time was 17.959 milliseconds in repetition 439
Round trip time was 25.695 milliseconds in repetition 440
Round trip time was 22.705 milliseconds in repetition 441
Round trip time was 25.832 milliseconds in repetition 442
Round trip time was 26.470 milliseconds in repetition 443
Round trip time was 20.030 milliseconds in repetition 444
Round trip time was 17.794 milliseconds in repetition 445
Round trip time was 17.584 milliseconds in repetition 446
Round trip time was 20.809 milliseconds in repetition 447
Round trip time was 17.566 milliseconds in repetition 448
Round trip time was 19.297 milliseconds in repetition 449
Round trip time was 17.990 milliseconds in repetition 450
Round trip time was 16.695 milliseconds in repetition 451
Round trip time was 16.207 milliseconds in repetition 452
Round trip time was 17.457 milliseconds in repetition 453
Round trip time was 17.031 milliseconds in repetition 454
Round trip time was 16.088 milliseconds in repetition 455
Round trip time was 16.789 milliseconds in repetition 456
Round trip time was 16.965 milliseconds in repetition 457
Round trip time was 17.184 milliseconds in repetition 458
Round trip time was 17.444 milliseconds in repetition 459
Round trip time was 16.130 milliseconds in repetition 460
Round trip time was 16.850 milliseconds in repetition 461
Round trip time was 17.733 milliseconds in repetition 462
Round trip time was 18.643 milliseconds in repetition 463
Round trip time was 19.099 milliseconds in repetition 464
Round trip time was 17.799 milliseconds in repetition 465
Round trip time was 19.070 milliseconds in repetition 466
Round trip time was 18.276 milliseconds in repetition 467
Round trip time was 16.495 milliseconds in repetition 468
Round trip time was 17.689 milliseconds in repetition 469
Round trip time was 16.967 milliseconds in repetition 470
Round trip time was 24.353 milliseconds in repetition 471
Round trip time was 17.737 milliseconds in repetition 472
Round trip time was 18.125 milliseconds in repetition 473
Round trip time was 16.496 milliseconds in repetition 474
Round trip time was 19.234 milliseconds in repetition 475
Round trip time was 17.669 milliseconds in repetition 476
Round trip time was 16.334 milliseconds in repetition 477
Round trip time was 17.663 milliseconds in repetition 478
Round trip time was 23.015 milliseconds in repetition 479
Round trip time was 17.128 milliseconds in repetition 480
Round trip time was 19.195 milliseconds in repetition 481
Round trip time was 16.999 milliseconds in repetition 482
Round trip time was 16.307 milliseconds in repetition 483
Round trip time was 17.416 milliseconds in repetition 484
Round trip time was 16.954 milliseconds in repetition 485
Round trip time was 17.703 milliseconds in repetition 486
Round trip time was 16.267 milliseconds in repetition 487
Round trip time was 17.195 milliseconds in repetition 488
Round trip time was 16.652 milliseconds in repetition 489
Round trip time was 16.263 milliseconds in repetition 490
Round trip time was 17.095 milliseconds in repetition 491
Round trip time was 17.747 milliseconds in repetition 492
Round trip time was 22.407 milliseconds in repetition 493
Round trip time was 21.660 milliseconds in repetition 494
Round trip time was 16.300 milliseconds in repetition 495
Round trip time was 17.859 milliseconds in repetition 496
Round trip time was 20.776 milliseconds in repetition 497
Round trip time was 18.574 milliseconds in repetition 498
Round trip time was 16.761 milliseconds in repetition 499
Round trip time was 17.212 milliseconds in repetition 500
Round trip time was 23.539 milliseconds in repetition 501

 ... clock resolution was 1e-06
UDP Ping:  Statistics over 501 repetitions of 64 byte messages

RTT : percentile 10: 16.4337, median: 17.4281, percentile 90: 22.4363, average: 20.2962, variance: 355.767

RTT histogram:
15.9351 464
33.3525 28
50.7698 3
68.1872 0
85.6045 1
103.022 0
120.439 3
137.857 1
155.274 0
172.691 0
190.109 0
207.526 0
224.943 0
242.361 0
259.778 0
277.195 0
294.613 0
312.03 0
329.447 0
346.865 0
364.282 1

   median Throughput : 7.34447 KB/s   overall Throughput : 6.30661 KB/s

