TCP Ping trying to connect to server localhost (127.0.0.1) on port 1491
 ... connected to Pong server: asking for 501 repetitions of 768 bytes TCP messages
 ... Pong server agreed :-)
tcp_ping received 768 bytes back
Round trip time was 0.108191 milliseconds in repetition 1
tcp_ping received 768 bytes back
Round trip time was 0.075994 milliseconds in repetition 2
tcp_ping received 768 bytes back
Round trip time was 0.073097 milliseconds in repetition 3
tcp_ping received 768 bytes back
Round trip time was 0.07054 milliseconds in repetition 4
tcp_ping received 768 bytes back
Round trip time was 0.06826 milliseconds in repetition 5
tcp_ping received 768 bytes back
Round trip time was 0.043118 milliseconds in repetition 6
tcp_ping received 768 bytes back
Round trip time was 0.044966 milliseconds in repetition 7
tcp_ping received 768 bytes back
Round trip time was 0.062946 milliseconds in repetition 8
tcp_ping received 768 bytes back
Round trip time was 0.052268 milliseconds in repetition 9
tcp_ping received 768 bytes back
Round trip time was 0.051176 milliseconds in repetition 10
tcp_ping received 768 bytes back
Round trip time was 0.051158 milliseconds in repetition 11
tcp_ping received 768 bytes back
Round trip time was 0.039744 milliseconds in repetition 12
tcp_ping received 768 bytes back
Round trip time was 0.052289 milliseconds in repetition 13
tcp_ping received 768 bytes back
Round trip time was 0.045594 milliseconds in repetition 14
tcp_ping received 768 bytes back
Round trip time was 0.048669 milliseconds in repetition 15
tcp_ping received 768 bytes back
Round trip time was 0.059804 milliseconds in repetition 16
tcp_ping received 768 bytes back
Round trip time was 0.045806 milliseconds in repetition 17
tcp_ping received 768 bytes back
Round trip time was 0.041706 milliseconds in repetition 18
tcp_ping received 768 bytes back
Round trip time was 0.053805 milliseconds in repetition 19
tcp_ping received 768 bytes back
Round trip time was 0.051416 milliseconds in repetition 20
tcp_ping received 768 bytes back
Round trip time was 0.041579 milliseconds in repetition 21
tcp_ping received 768 bytes back
Round trip time was 0.077784 milliseconds in repetition 22
tcp_ping received 768 bytes back
Round trip time was 0.043352 milliseconds in repetition 23
tcp_ping received 768 bytes back
Round trip time was 0.060408 milliseconds in repetition 24
tcp_ping received 768 bytes back
Round trip time was 0.06675 milliseconds in repetition 25
tcp_ping received 768 bytes back
Round trip time was 0.069245 milliseconds in repetition 26
tcp_ping received 768 bytes back
Round trip time was 0.086471 milliseconds in repetition 27
tcp_ping received 768 bytes back
Round trip time was 0.04349 milliseconds in repetition 28
tcp_ping received 768 bytes back
Round trip time was 0.044704 milliseconds in repetition 29
tcp_ping received 768 bytes back
Round trip time was 0.041668 milliseconds in repetition 30
tcp_ping received 768 bytes back
Round trip time was 0.047301 milliseconds in repetition 31
tcp_ping received 768 bytes back
Round trip time was 0.069871 milliseconds in repetition 32
tcp_ping received 768 bytes back
Round trip time was 0.083665 milliseconds in repetition 33
tcp_ping received 768 bytes back
Round trip time was 0.075663 milliseconds in repetition 34
tcp_ping received 768 bytes back
Round trip time was 0.04348 milliseconds in repetition 35
tcp_ping received 768 bytes back
Round trip time was 0.075818 milliseconds in repetition 36
tcp_ping received 768 bytes back
Round trip time was 0.068584 milliseconds in repetition 37
tcp_ping received 768 bytes back
Round trip time was 0.071289 milliseconds in repetition 38
tcp_ping received 768 bytes back
Round trip time was 0.042041 milliseconds in repetition 39
tcp_ping received 768 bytes back
Round trip time was 0.096843 milliseconds in repetition 40
tcp_ping received 768 bytes back
Round trip time was 0.060032 milliseconds in repetition 41
tcp_ping received 768 bytes back
Round trip time was 0.043259 milliseconds in repetition 42
tcp_ping received 768 bytes back
Round trip time was 0.042352 milliseconds in repetition 43
tcp_ping received 768 bytes back
Round trip time was 0.071255 milliseconds in repetition 44
tcp_ping received 768 bytes back
Round trip time was 0.12473 milliseconds in repetition 45
tcp_ping received 768 bytes back
Round trip time was 0.097553 milliseconds in repetition 46
tcp_ping received 768 bytes back
Round trip time was 0.074272 milliseconds in repetition 47
tcp_ping received 768 bytes back
Round trip time was 0.069571 milliseconds in repetition 48
tcp_ping received 768 bytes back
Round trip time was 0.052717 milliseconds in repetition 49
tcp_ping received 768 bytes back
Round trip time was 0.048781 milliseconds in repetition 50
tcp_ping received 768 bytes back
Round trip time was 0.046992 milliseconds in repetition 51
tcp_ping received 768 bytes back
Round trip time was 0.065735 milliseconds in repetition 52
tcp_ping received 768 bytes back
Round trip time was 0.105528 milliseconds in repetition 53
tcp_ping received 768 bytes back
Round trip time was 0.078266 milliseconds in repetition 54
tcp_ping received 768 bytes back
Round trip time was 0.072623 milliseconds in repetition 55
tcp_ping received 768 bytes back
Round trip time was 0.043236 milliseconds in repetition 56
tcp_ping received 768 bytes back
Round trip time was 0.043917 milliseconds in repetition 57
tcp_ping received 768 bytes back
Round trip time was 0.069453 milliseconds in repetition 58
tcp_ping received 768 bytes back
Round trip time was 0.04488 milliseconds in repetition 59
tcp_ping received 768 bytes back
Round trip time was 0.060283 milliseconds in repetition 60
tcp_ping received 768 bytes back
Round trip time was 0.068609 milliseconds in repetition 61
tcp_ping received 768 bytes back
Round trip time was 0.052392 milliseconds in repetition 62
tcp_ping received 768 bytes back
Round trip time was 0.053136 milliseconds in repetition 63
tcp_ping received 768 bytes back
Round trip time was 0.072045 milliseconds in repetition 64
tcp_ping received 768 bytes back
Round trip time was 0.07893 milliseconds in repetition 65
tcp_ping received 768 bytes back
Round trip time was 0.057569 milliseconds in repetition 66
tcp_ping received 768 bytes back
Round trip time was 0.051656 milliseconds in repetition 67
tcp_ping received 768 bytes back
Round trip time was 0.046206 milliseconds in repetition 68
tcp_ping received 768 bytes back
Round trip time was 0.05239 milliseconds in repetition 69
tcp_ping received 768 bytes back
Round trip time was 0.041723 milliseconds in repetition 70
tcp_ping received 768 bytes back
Round trip time was 0.05142 milliseconds in repetition 71
tcp_ping received 768 bytes back
Round trip time was 0.050005 milliseconds in repetition 72
tcp_ping received 768 bytes back
Round trip time was 0.041343 milliseconds in repetition 73
tcp_ping received 768 bytes back
Round trip time was 0.060806 milliseconds in repetition 74
tcp_ping received 768 bytes back
Round trip time was 0.053711 milliseconds in repetition 75
tcp_ping received 768 bytes back
Round trip time was 0.048701 milliseconds in repetition 76
tcp_ping received 768 bytes back
Round trip time was 0.062275 milliseconds in repetition 77
tcp_ping received 768 bytes back
Round trip time was 0.085145 milliseconds in repetition 78
tcp_ping received 768 bytes back
Round trip time was 0.080967 milliseconds in repetition 79
tcp_ping received 768 bytes back
Round trip time was 0.067559 milliseconds in repetition 80
tcp_ping received 768 bytes back
Round trip time was 0.076553 milliseconds in repetition 81
tcp_ping received 768 bytes back
Round trip time was 0.048631 milliseconds in repetition 82
tcp_ping received 768 bytes back
Round trip time was 0.057726 milliseconds in repetition 83
tcp_ping received 768 bytes back
Round trip time was 0.098837 milliseconds in repetition 84
tcp_ping received 768 bytes back
Round trip time was 0.079357 milliseconds in repetition 85
tcp_ping received 768 bytes back
Round trip time was 0.079511 milliseconds in repetition 86
tcp_ping received 768 bytes back
Round trip time was 0.071842 milliseconds in repetition 87
tcp_ping received 768 bytes back
Round trip time was 0.121438 milliseconds in repetition 88
tcp_ping received 768 bytes back
Round trip time was 0.071495 milliseconds in repetition 89
tcp_ping received 768 bytes back
Round trip time was 0.049114 milliseconds in repetition 90
tcp_ping received 768 bytes back
Round trip time was 0.061874 milliseconds in repetition 91
tcp_ping received 768 bytes back
Round trip time was 0.051636 milliseconds in repetition 92
tcp_ping received 768 bytes back
Round trip time was 0.046196 milliseconds in repetition 93
tcp_ping received 768 bytes back
Round trip time was 0.047929 milliseconds in repetition 94
tcp_ping received 768 bytes back
Round trip time was 0.075241 milliseconds in repetition 95
tcp_ping received 768 bytes back
Round trip time was 0.047539 milliseconds in repetition 96
tcp_ping received 768 bytes back
Round trip time was 0.093966 milliseconds in repetition 97
tcp_ping received 768 bytes back
Round trip time was 0.082154 milliseconds in repetition 98
tcp_ping received 768 bytes back
Round trip time was 0.048265 milliseconds in repetition 99
tcp_ping received 768 bytes back
Round trip time was 0.048187 milliseconds in repetition 100
tcp_ping received 768 bytes back
Round trip time was 0.078393 milliseconds in repetition 101
tcp_ping received 768 bytes back
Round trip time was 0.093511 milliseconds in repetition 102
tcp_ping received 768 bytes back
Round trip time was 0.078377 milliseconds in repetition 103
tcp_ping received 768 bytes back
Round trip time was 0.076047 milliseconds in repetition 104
tcp_ping received 768 bytes back
Round trip time was 0.086817 milliseconds in repetition 105
tcp_ping received 768 bytes back
Round trip time was 0.076937 milliseconds in repetition 106
tcp_ping received 768 bytes back
Round trip time was 0.082204 milliseconds in repetition 107
tcp_ping received 768 bytes back
Round trip time was 0.072593 milliseconds in repetition 108
tcp_ping received 768 bytes back
Round trip time was 0.056159 milliseconds in repetition 109
tcp_ping received 768 bytes back
Round trip time was 0.044914 milliseconds in repetition 110
tcp_ping received 768 bytes back
Round trip time was 0.048188 milliseconds in repetition 111
tcp_ping received 768 bytes back
Round trip time was 0.044333 milliseconds in repetition 112
tcp_ping received 768 bytes back
Round trip time was 0.050014 milliseconds in repetition 113
tcp_ping received 768 bytes back
Round trip time was 0.070936 milliseconds in repetition 114
tcp_ping received 768 bytes back
Round trip time was 0.068961 milliseconds in repetition 115
tcp_ping received 768 bytes back
Round trip time was 0.074369 milliseconds in repetition 116
tcp_ping received 768 bytes back
Round trip time was 0.074945 milliseconds in repetition 117
tcp_ping received 768 bytes back
Round trip time was 0.073563 milliseconds in repetition 118
tcp_ping received 768 bytes back
Round trip time was 0.085045 milliseconds in repetition 119
tcp_ping received 768 bytes back
Round trip time was 0.091333 milliseconds in repetition 120
tcp_ping received 768 bytes back
Round trip time was 0.047598 milliseconds in repetition 121
tcp_ping received 768 bytes back
Round trip time was 0.039916 milliseconds in repetition 122
tcp_ping received 768 bytes back
Round trip time was 0.04272 milliseconds in repetition 123
tcp_ping received 768 bytes back
Round trip time was 0.046592 milliseconds in repetition 124
tcp_ping received 768 bytes back
Round trip time was 0.07015 milliseconds in repetition 125
tcp_ping received 768 bytes back
Round trip time was 0.070331 milliseconds in repetition 126
tcp_ping received 768 bytes back
Round trip time was 0.045963 milliseconds in repetition 127
tcp_ping received 768 bytes back
Round trip time was 0.063781 milliseconds in repetition 128
tcp_ping received 768 bytes back
Round trip time was 0.055252 milliseconds in repetition 129
tcp_ping received 768 bytes back
Round trip time was 0.054926 milliseconds in repetition 130
tcp_ping received 768 bytes back
Round trip time was 0.084128 milliseconds in repetition 131
tcp_ping received 768 bytes back
Round trip time was 0.048331 milliseconds in repetition 132
tcp_ping received 768 bytes back
Round trip time was 0.076146 milliseconds in repetition 133
tcp_ping received 768 bytes back
Round trip time was 0.077055 milliseconds in repetition 134
tcp_ping received 768 bytes back
Round trip time was 0.056313 milliseconds in repetition 135
tcp_ping received 768 bytes back
Round trip time was 0.083797 milliseconds in repetition 136
tcp_ping received 768 bytes back
Round trip time was 0.050134 milliseconds in repetition 137
tcp_ping received 768 bytes back
Round trip time was 0.057662 milliseconds in repetition 138
tcp_ping received 768 bytes back
Round trip time was 0.084126 milliseconds in repetition 139
tcp_ping received 768 bytes back
Round trip time was 0.030326 milliseconds in repetition 140
tcp_ping received 768 bytes back
Round trip time was 0.055087 milliseconds in repetition 141
tcp_ping received 768 bytes back
Round trip time was 0.048401 milliseconds in repetition 142
tcp_ping received 768 bytes back
Round trip time was 0.056917 milliseconds in repetition 143
tcp_ping received 768 bytes back
Round trip time was 0.095164 milliseconds in repetition 144
tcp_ping received 768 bytes back
Round trip time was 0.052739 milliseconds in repetition 145
tcp_ping received 768 bytes back
Round trip time was 0.054001 milliseconds in repetition 146
tcp_ping received 768 bytes back
Round trip time was 0.0908 milliseconds in repetition 147
tcp_ping received 768 bytes back
Round trip time was 0.066938 milliseconds in repetition 148
tcp_ping received 768 bytes back
Round trip time was 0.044102 milliseconds in repetition 149
tcp_ping received 768 bytes back
Round trip time was 0.044551 milliseconds in repetition 150
tcp_ping received 768 bytes back
Round trip time was 0.076516 milliseconds in repetition 151
tcp_ping received 768 bytes back
Round trip time was 0.074327 milliseconds in repetition 152
tcp_ping received 768 bytes back
Round trip time was 0.097245 milliseconds in repetition 153
tcp_ping received 768 bytes back
Round trip time was 0.079316 milliseconds in repetition 154
tcp_ping received 768 bytes back
Round trip time was 0.059644 milliseconds in repetition 155
tcp_ping received 768 bytes back
Round trip time was 0.047998 milliseconds in repetition 156
tcp_ping received 768 bytes back
Round trip time was 0.046216 milliseconds in repetition 157
tcp_ping received 768 bytes back
Round trip time was 0.059915 milliseconds in repetition 158
tcp_ping received 768 bytes back
Round trip time was 0.040232 milliseconds in repetition 159
tcp_ping received 768 bytes back
Round trip time was 0.058923 milliseconds in repetition 160
tcp_ping received 768 bytes back
Round trip time was 0.04807 milliseconds in repetition 161
tcp_ping received 768 bytes back
Round trip time was 0.073646 milliseconds in repetition 162
tcp_ping received 768 bytes back
Round trip time was 0.072877 milliseconds in repetition 163
tcp_ping received 768 bytes back
Round trip time was 0.048583 milliseconds in repetition 164
tcp_ping received 768 bytes back
Round trip time was 0.045135 milliseconds in repetition 165
tcp_ping received 768 bytes back
Round trip time was 0.049303 milliseconds in repetition 166
tcp_ping received 768 bytes back
Round trip time was 0.047881 milliseconds in repetition 167
tcp_ping received 768 bytes back
Round trip time was 0.105086 milliseconds in repetition 168
tcp_ping received 768 bytes back
Round trip time was 0.0973 milliseconds in repetition 169
tcp_ping received 768 bytes back
Round trip time was 0.051988 milliseconds in repetition 170
tcp_ping received 768 bytes back
Round trip time was 0.067076 milliseconds in repetition 171
tcp_ping received 768 bytes back
Round trip time was 0.043734 milliseconds in repetition 172
tcp_ping received 768 bytes back
Round trip time was 0.039074 milliseconds in repetition 173
tcp_ping received 768 bytes back
Round trip time was 0.048008 milliseconds in repetition 174
tcp_ping received 768 bytes back
Round trip time was 0.067456 milliseconds in repetition 175
tcp_ping received 768 bytes back
Round trip time was 0.087948 milliseconds in repetition 176
tcp_ping received 768 bytes back
Round trip time was 0.079527 milliseconds in repetition 177
tcp_ping received 768 bytes back
Round trip time was 0.072178 milliseconds in repetition 178
tcp_ping received 768 bytes back
Round trip time was 0.088594 milliseconds in repetition 179
tcp_ping received 768 bytes back
Round trip time was 0.06187 milliseconds in repetition 180
tcp_ping received 768 bytes back
Round trip time was 0.055289 milliseconds in repetition 181
tcp_ping received 768 bytes back
Round trip time was 0.053096 milliseconds in repetition 182
tcp_ping received 768 bytes back
Round trip time was 0.067877 milliseconds in repetition 183
tcp_ping received 768 bytes back
Round trip time was 0.042906 milliseconds in repetition 184
tcp_ping received 768 bytes back
Round trip time was 0.071459 milliseconds in repetition 185
tcp_ping received 768 bytes back
Round trip time was 0.085279 milliseconds in repetition 186
tcp_ping received 768 bytes back
Round trip time was 0.043278 milliseconds in repetition 187
tcp_ping received 768 bytes back
Round trip time was 0.070231 milliseconds in repetition 188
tcp_ping received 768 bytes back
Round trip time was 0.055423 milliseconds in repetition 189
tcp_ping received 768 bytes back
Round trip time was 0.073165 milliseconds in repetition 190
tcp_ping received 768 bytes back
Round trip time was 0.043049 milliseconds in repetition 191
tcp_ping received 768 bytes back
Round trip time was 0.04414 milliseconds in repetition 192
tcp_ping received 768 bytes back
Round trip time was 0.044228 milliseconds in repetition 193
tcp_ping received 768 bytes back
Round trip time was 0.073402 milliseconds in repetition 194
tcp_ping received 768 bytes back
Round trip time was 0.035616 milliseconds in repetition 195
tcp_ping received 768 bytes back
Round trip time was 0.043661 milliseconds in repetition 196
tcp_ping received 768 bytes back
Round trip time was 0.045277 milliseconds in repetition 197
tcp_ping received 768 bytes back
Round trip time was 0.076104 milliseconds in repetition 198
tcp_ping received 768 bytes back
Round trip time was 0.070608 milliseconds in repetition 199
tcp_ping received 768 bytes back
Round trip time was 0.067579 milliseconds in repetition 200
tcp_ping received 768 bytes back
Round trip time was 0.061818 milliseconds in repetition 201
tcp_ping received 768 bytes back
Round trip time was 0.064566 milliseconds in repetition 202
tcp_ping received 768 bytes back
Round trip time was 0.068448 milliseconds in repetition 203
tcp_ping received 768 bytes back
Round trip time was 0.044196 milliseconds in repetition 204
tcp_ping received 768 bytes back
Round trip time was 0.04407 milliseconds in repetition 205
tcp_ping received 768 bytes back
Round trip time was 0.043297 milliseconds in repetition 206
tcp_ping received 768 bytes back
Round trip time was 0.040972 milliseconds in repetition 207
tcp_ping received 768 bytes back
Round trip time was 0.040171 milliseconds in repetition 208
tcp_ping received 768 bytes back
Round trip time was 0.056966 milliseconds in repetition 209
tcp_ping received 768 bytes back
Round trip time was 0.068555 milliseconds in repetition 210
tcp_ping received 768 bytes back
Round trip time was 0.092488 milliseconds in repetition 211
tcp_ping received 768 bytes back
Round trip time was 0.071343 milliseconds in repetition 212
tcp_ping received 768 bytes back
Round trip time was 0.069356 milliseconds in repetition 213
tcp_ping received 768 bytes back
Round trip time was 0.049255 milliseconds in repetition 214
tcp_ping received 768 bytes back
Round trip time was 0.052179 milliseconds in repetition 215
tcp_ping received 768 bytes back
Round trip time was 0.049188 milliseconds in repetition 216
tcp_ping received 768 bytes back
Round trip time was 0.046096 milliseconds in repetition 217
tcp_ping received 768 bytes back
Round trip time was 0.043836 milliseconds in repetition 218
tcp_ping received 768 bytes back
Round trip time was 0.044723 milliseconds in repetition 219
tcp_ping received 768 bytes back
Round trip time was 0.043752 milliseconds in repetition 220
tcp_ping received 768 bytes back
Round trip time was 0.084089 milliseconds in repetition 221
tcp_ping received 768 bytes back
Round trip time was 0.056092 milliseconds in repetition 222
tcp_ping received 768 bytes back
Round trip time was 0.051626 milliseconds in repetition 223
tcp_ping received 768 bytes back
Round trip time was 0.04815 milliseconds in repetition 224
tcp_ping received 768 bytes back
Round trip time was 0.053831 milliseconds in repetition 225
tcp_ping received 768 bytes back
Round trip time was 0.054005 milliseconds in repetition 226
tcp_ping received 768 bytes back
Round trip time was 0.049583 milliseconds in repetition 227
tcp_ping received 768 bytes back
Round trip time was 0.06497 milliseconds in repetition 228
tcp_ping received 768 bytes back
Round trip time was 0.081195 milliseconds in repetition 229
tcp_ping received 768 bytes back
Round trip time was 0.096147 milliseconds in repetition 230
tcp_ping received 768 bytes back
Round trip time was 0.074498 milliseconds in repetition 231
tcp_ping received 768 bytes back
Round trip time was 0.065432 milliseconds in repetition 232
tcp_ping received 768 bytes back
Round trip time was 0.075492 milliseconds in repetition 233
tcp_ping received 768 bytes back
Round trip time was 0.052018 milliseconds in repetition 234
tcp_ping received 768 bytes back
Round trip time was 0.060228 milliseconds in repetition 235
tcp_ping received 768 bytes back
Round trip time was 0.05082 milliseconds in repetition 236
tcp_ping received 768 bytes back
Round trip time was 0.053379 milliseconds in repetition 237
tcp_ping received 768 bytes back
Round trip time was 0.07774 milliseconds in repetition 238
tcp_ping received 768 bytes back
Round trip time was 0.090859 milliseconds in repetition 239
tcp_ping received 768 bytes back
Round trip time was 0.064109 milliseconds in repetition 240
tcp_ping received 768 bytes back
Round trip time was 0.038533 milliseconds in repetition 241
tcp_ping received 768 bytes back
Round trip time was 0.080152 milliseconds in repetition 242
tcp_ping received 768 bytes back
Round trip time was 0.087213 milliseconds in repetition 243
tcp_ping received 768 bytes back
Round trip time was 0.075058 milliseconds in repetition 244
tcp_ping received 768 bytes back
Round trip time was 0.074891 milliseconds in repetition 245
tcp_ping received 768 bytes back
Round trip time was 0.04249 milliseconds in repetition 246
tcp_ping received 768 bytes back
Round trip time was 0.055637 milliseconds in repetition 247
tcp_ping received 768 bytes back
Round trip time was 0.045928 milliseconds in repetition 248
tcp_ping received 768 bytes back
Round trip time was 0.070448 milliseconds in repetition 249
tcp_ping received 768 bytes back
Round trip time was 0.073468 milliseconds in repetition 250
tcp_ping received 768 bytes back
Round trip time was 0.049262 milliseconds in repetition 251
tcp_ping received 768 bytes back
Round trip time was 0.061139 milliseconds in repetition 252
tcp_ping received 768 bytes back
Round trip time was 0.073724 milliseconds in repetition 253
tcp_ping received 768 bytes back
Round trip time was 0.06914 milliseconds in repetition 254
tcp_ping received 768 bytes back
Round trip time was 0.047542 milliseconds in repetition 255
tcp_ping received 768 bytes back
Round trip time was 0.043991 milliseconds in repetition 256
tcp_ping received 768 bytes back
Round trip time was 0.042833 milliseconds in repetition 257
tcp_ping received 768 bytes back
Round trip time was 0.071896 milliseconds in repetition 258
tcp_ping received 768 bytes back
Round trip time was 0.068876 milliseconds in repetition 259
tcp_ping received 768 bytes back
Round trip time was 0.047615 milliseconds in repetition 260
tcp_ping received 768 bytes back
Round trip time was 0.068583 milliseconds in repetition 261
tcp_ping received 768 bytes back
Round trip time was 0.067698 milliseconds in repetition 262
tcp_ping received 768 bytes back
Round trip time was 0.044266 milliseconds in repetition 263
tcp_ping received 768 bytes back
Round trip time was 0.068506 milliseconds in repetition 264
tcp_ping received 768 bytes back
Round trip time was 0.068058 milliseconds in repetition 265
tcp_ping received 768 bytes back
Round trip time was 0.046269 milliseconds in repetition 266
tcp_ping received 768 bytes back
Round trip time was 0.06878 milliseconds in repetition 267
tcp_ping received 768 bytes back
Round trip time was 0.069177 milliseconds in repetition 268
tcp_ping received 768 bytes back
Round trip time was 0.067417 milliseconds in repetition 269
tcp_ping received 768 bytes back
Round trip time was 0.045868 milliseconds in repetition 270
tcp_ping received 768 bytes back
Round trip time was 0.04407 milliseconds in repetition 271
tcp_ping received 768 bytes back
Round trip time was 0.040486 milliseconds in repetition 272
tcp_ping received 768 bytes back
Round trip time was 0.04564 milliseconds in repetition 273
tcp_ping received 768 bytes back
Round trip time was 0.106726 milliseconds in repetition 274
tcp_ping received 768 bytes back
Round trip time was 0.047088 milliseconds in repetition 275
tcp_ping received 768 bytes back
Round trip time was 0.074275 milliseconds in repetition 276
tcp_ping received 768 bytes back
Round trip time was 0.085269 milliseconds in repetition 277
tcp_ping received 768 bytes back
Round trip time was 0.072333 milliseconds in repetition 278
tcp_ping received 768 bytes back
Round trip time was 0.048286 milliseconds in repetition 279
tcp_ping received 768 bytes back
Round trip time was 0.065017 milliseconds in repetition 280
tcp_ping received 768 bytes back
Round trip time was 0.068772 milliseconds in repetition 281
tcp_ping received 768 bytes back
Round trip time was 0.043427 milliseconds in repetition 282
tcp_ping received 768 bytes back
Round trip time was 0.044193 milliseconds in repetition 283
tcp_ping received 768 bytes back
Round trip time was 0.044647 milliseconds in repetition 284
tcp_ping received 768 bytes back
Round trip time was 0.087865 milliseconds in repetition 285
tcp_ping received 768 bytes back
Round trip time was 0.066375 milliseconds in repetition 286
tcp_ping received 768 bytes back
Round trip time was 0.044915 milliseconds in repetition 287
tcp_ping received 768 bytes back
Round trip time was 0.067448 milliseconds in repetition 288
tcp_ping received 768 bytes back
Round trip time was 0.043758 milliseconds in repetition 289
tcp_ping received 768 bytes back
Round trip time was 0.043086 milliseconds in repetition 290
tcp_ping received 768 bytes back
Round trip time was 0.043867 milliseconds in repetition 291
tcp_ping received 768 bytes back
Round trip time was 0.044096 milliseconds in repetition 292
tcp_ping received 768 bytes back
Round trip time was 0.069529 milliseconds in repetition 293
tcp_ping received 768 bytes back
Round trip time was 0.065243 milliseconds in repetition 294
tcp_ping received 768 bytes back
Round trip time was 0.067787 milliseconds in repetition 295
tcp_ping received 768 bytes back
Round trip time was 0.043839 milliseconds in repetition 296
tcp_ping received 768 bytes back
Round trip time was 0.043912 milliseconds in repetition 297
tcp_ping received 768 bytes back
Round trip time was 0.044017 milliseconds in repetition 298
tcp_ping received 768 bytes back
Round trip time was 0.043118 milliseconds in repetition 299
tcp_ping received 768 bytes back
Round trip time was 0.068942 milliseconds in repetition 300
tcp_ping received 768 bytes back
Round trip time was 0.062981 milliseconds in repetition 301
tcp_ping received 768 bytes back
Round trip time was 0.176732 milliseconds in repetition 302
tcp_ping received 768 bytes back
Round trip time was 0.077163 milliseconds in repetition 303
tcp_ping received 768 bytes back
Round trip time was 0.071224 milliseconds in repetition 304
tcp_ping received 768 bytes back
Round trip time was 0.089433 milliseconds in repetition 305
tcp_ping received 768 bytes back
Round trip time was 0.042814 milliseconds in repetition 306
tcp_ping received 768 bytes back
Round trip time was 0.065154 milliseconds in repetition 307
tcp_ping received 768 bytes back
Round trip time was 0.076091 milliseconds in repetition 308
tcp_ping received 768 bytes back
Round trip time was 0.084497 milliseconds in repetition 309
tcp_ping received 768 bytes back
Round trip time was 0.117121 milliseconds in repetition 310
tcp_ping received 768 bytes back
Round trip time was 0.047869 milliseconds in repetition 311
tcp_ping received 768 bytes back
Round trip time was 0.052545 milliseconds in repetition 312
tcp_ping received 768 bytes back
Round trip time was 0.062179 milliseconds in repetition 313
tcp_ping received 768 bytes back
Round trip time was 0.044401 milliseconds in repetition 314
tcp_ping received 768 bytes back
Round trip time was 0.04666 milliseconds in repetition 315
tcp_ping received 768 bytes back
Round trip time was 0.056824 milliseconds in repetition 316
tcp_ping received 768 bytes back
Round trip time was 0.052619 milliseconds in repetition 317
tcp_ping received 768 bytes back
Round trip time was 0.071136 milliseconds in repetition 318
tcp_ping received 768 bytes back
Round trip time was 0.043319 milliseconds in repetition 319
tcp_ping received 768 bytes back
Round trip time was 0.043734 milliseconds in repetition 320
tcp_ping received 768 bytes back
Round trip time was 0.070664 milliseconds in repetition 321
tcp_ping received 768 bytes back
Round trip time was 0.056374 milliseconds in repetition 322
tcp_ping received 768 bytes back
Round trip time was 0.069598 milliseconds in repetition 323
tcp_ping received 768 bytes back
Round trip time was 0.051429 milliseconds in repetition 324
tcp_ping received 768 bytes back
Round trip time was 0.048588 milliseconds in repetition 325
tcp_ping received 768 bytes back
Round trip time was 0.057622 milliseconds in repetition 326
tcp_ping received 768 bytes back
Round trip time was 0.053537 milliseconds in repetition 327
tcp_ping received 768 bytes back
Round trip time was 0.050678 milliseconds in repetition 328
tcp_ping received 768 bytes back
Round trip time was 0.051272 milliseconds in repetition 329
tcp_ping received 768 bytes back
Round trip time was 0.05083 milliseconds in repetition 330
tcp_ping received 768 bytes back
Round trip time was 0.050545 milliseconds in repetition 331
tcp_ping received 768 bytes back
Round trip time was 0.049409 milliseconds in repetition 332
tcp_ping received 768 bytes back
Round trip time was 0.055176 milliseconds in repetition 333
tcp_ping received 768 bytes back
Round trip time was 0.049964 milliseconds in repetition 334
tcp_ping received 768 bytes back
Round trip time was 0.048651 milliseconds in repetition 335
tcp_ping received 768 bytes back
Round trip time was 0.058302 milliseconds in repetition 336
tcp_ping received 768 bytes back
Round trip time was 0.056145 milliseconds in repetition 337
tcp_ping received 768 bytes back
Round trip time was 0.066357 milliseconds in repetition 338
tcp_ping received 768 bytes back
Round trip time was 0.0579 milliseconds in repetition 339
tcp_ping received 768 bytes back
Round trip time was 0.044072 milliseconds in repetition 340
tcp_ping received 768 bytes back
Round trip time was 0.050456 milliseconds in repetition 341
tcp_ping received 768 bytes back
Round trip time was 0.057914 milliseconds in repetition 342
tcp_ping received 768 bytes back
Round trip time was 0.052893 milliseconds in repetition 343
tcp_ping received 768 bytes back
Round trip time was 0.065653 milliseconds in repetition 344
tcp_ping received 768 bytes back
Round trip time was 0.062527 milliseconds in repetition 345
tcp_ping received 768 bytes back
Round trip time was 0.051038 milliseconds in repetition 346
tcp_ping received 768 bytes back
Round trip time was 0.079766 milliseconds in repetition 347
tcp_ping received 768 bytes back
Round trip time was 0.052542 milliseconds in repetition 348
tcp_ping received 768 bytes back
Round trip time was 0.049223 milliseconds in repetition 349
tcp_ping received 768 bytes back
Round trip time was 0.044223 milliseconds in repetition 350
tcp_ping received 768 bytes back
Round trip time was 0.044553 milliseconds in repetition 351
tcp_ping received 768 bytes back
Round trip time was 0.043382 milliseconds in repetition 352
tcp_ping received 768 bytes back
Round trip time was 0.065553 milliseconds in repetition 353
tcp_ping received 768 bytes back
Round trip time was 0.073876 milliseconds in repetition 354
tcp_ping received 768 bytes back
Round trip time was 0.065994 milliseconds in repetition 355
tcp_ping received 768 bytes back
Round trip time was 0.06117 milliseconds in repetition 356
tcp_ping received 768 bytes back
Round trip time was 0.086477 milliseconds in repetition 357
tcp_ping received 768 bytes back
Round trip time was 0.043064 milliseconds in repetition 358
tcp_ping received 768 bytes back
Round trip time was 0.055822 milliseconds in repetition 359
tcp_ping received 768 bytes back
Round trip time was 0.108958 milliseconds in repetition 360
tcp_ping received 768 bytes back
Round trip time was 0.096181 milliseconds in repetition 361
tcp_ping received 768 bytes back
Round trip time was 0.06038 milliseconds in repetition 362
tcp_ping received 768 bytes back
Round trip time was 0.048614 milliseconds in repetition 363
tcp_ping received 768 bytes back
Round trip time was 0.042487 milliseconds in repetition 364
tcp_ping received 768 bytes back
Round trip time was 0.047562 milliseconds in repetition 365
tcp_ping received 768 bytes back
Round trip time was 0.04221 milliseconds in repetition 366
tcp_ping received 768 bytes back
Round trip time was 0.079206 milliseconds in repetition 367
tcp_ping received 768 bytes back
Round trip time was 0.071684 milliseconds in repetition 368
tcp_ping received 768 bytes back
Round trip time was 0.078812 milliseconds in repetition 369
tcp_ping received 768 bytes back
Round trip time was 0.047033 milliseconds in repetition 370
tcp_ping received 768 bytes back
Round trip time was 0.135016 milliseconds in repetition 371
tcp_ping received 768 bytes back
Round trip time was 0.048471 milliseconds in repetition 372
tcp_ping received 768 bytes back
Round trip time was 0.092912 milliseconds in repetition 373
tcp_ping received 768 bytes back
Round trip time was 0.043402 milliseconds in repetition 374
tcp_ping received 768 bytes back
Round trip time was 0.048007 milliseconds in repetition 375
tcp_ping received 768 bytes back
Round trip time was 0.043924 milliseconds in repetition 376
tcp_ping received 768 bytes back
Round trip time was 0.068385 milliseconds in repetition 377
tcp_ping received 768 bytes back
Round trip time was 0.043101 milliseconds in repetition 378
tcp_ping received 768 bytes back
Round trip time was 0.062617 milliseconds in repetition 379
tcp_ping received 768 bytes back
Round trip time was 0.042182 milliseconds in repetition 380
tcp_ping received 768 bytes back
Round trip time was 0.071243 milliseconds in repetition 381
tcp_ping received 768 bytes back
Round trip time was 0.039424 milliseconds in repetition 382
tcp_ping received 768 bytes back
Round trip time was 0.054239 milliseconds in repetition 383
tcp_ping received 768 bytes back
Round trip time was 0.177236 milliseconds in repetition 384
tcp_ping received 768 bytes back
Round trip time was 0.049581 milliseconds in repetition 385
tcp_ping received 768 bytes back
Round trip time was 0.073507 milliseconds in repetition 386
tcp_ping received 768 bytes back
Round trip time was 0.048315 milliseconds in repetition 387
tcp_ping received 768 bytes back
Round trip time was 0.07509 milliseconds in repetition 388
tcp_ping received 768 bytes back
Round trip time was 0.049155 milliseconds in repetition 389
tcp_ping received 768 bytes back
Round trip time was 0.049772 milliseconds in repetition 390
tcp_ping received 768 bytes back
Round trip time was 0.0515 milliseconds in repetition 391
tcp_ping received 768 bytes back
Round trip time was 0.072355 milliseconds in repetition 392
tcp_ping received 768 bytes back
Round trip time was 0.046547 milliseconds in repetition 393
tcp_ping received 768 bytes back
Round trip time was 0.068289 milliseconds in repetition 394
tcp_ping received 768 bytes back
Round trip time was 0.057497 milliseconds in repetition 395
tcp_ping received 768 bytes back
Round trip time was 0.048533 milliseconds in repetition 396
tcp_ping received 768 bytes back
Round trip time was 0.075269 milliseconds in repetition 397
tcp_ping received 768 bytes back
Round trip time was 0.078838 milliseconds in repetition 398
tcp_ping received 768 bytes back
Round trip time was 0.076394 milliseconds in repetition 399
tcp_ping received 768 bytes back
Round trip time was 0.075593 milliseconds in repetition 400
tcp_ping received 768 bytes back
Round trip time was 0.072363 milliseconds in repetition 401
tcp_ping received 768 bytes back
Round trip time was 0.042019 milliseconds in repetition 402
tcp_ping received 768 bytes back
Round trip time was 0.090009 milliseconds in repetition 403
tcp_ping received 768 bytes back
Round trip time was 0.061846 milliseconds in repetition 404
tcp_ping received 768 bytes back
Round trip time was 0.074374 milliseconds in repetition 405
tcp_ping received 768 bytes back
Round trip time was 0.044832 milliseconds in repetition 406
tcp_ping received 768 bytes back
Round trip time was 0.066766 milliseconds in repetition 407
tcp_ping received 768 bytes back
Round trip time was 0.069145 milliseconds in repetition 408
tcp_ping received 768 bytes back
Round trip time was 0.090935 milliseconds in repetition 409
tcp_ping received 768 bytes back
Round trip time was 0.077716 milliseconds in repetition 410
tcp_ping received 768 bytes back
Round trip time was 0.190627 milliseconds in repetition 411
tcp_ping received 768 bytes back
Round trip time was 0.111462 milliseconds in repetition 412
tcp_ping received 768 bytes back
Round trip time was 0.08968 milliseconds in repetition 413
tcp_ping received 768 bytes back
Round trip time was 0.078083 milliseconds in repetition 414
tcp_ping received 768 bytes back
Round trip time was 0.072416 milliseconds in repetition 415
tcp_ping received 768 bytes back
Round trip time was 0.076965 milliseconds in repetition 416
tcp_ping received 768 bytes back
Round trip time was 0.040826 milliseconds in repetition 417
tcp_ping received 768 bytes back
Round trip time was 0.044052 milliseconds in repetition 418
tcp_ping received 768 bytes back
Round trip time was 0.060514 milliseconds in repetition 419
tcp_ping received 768 bytes back
Round trip time was 0.070104 milliseconds in repetition 420
tcp_ping received 768 bytes back
Round trip time was 0.043638 milliseconds in repetition 421
tcp_ping received 768 bytes back
Round trip time was 0.044558 milliseconds in repetition 422
tcp_ping received 768 bytes back
Round trip time was 0.050347 milliseconds in repetition 423
tcp_ping received 768 bytes back
Round trip time was 0.086112 milliseconds in repetition 424
tcp_ping received 768 bytes back
Round trip time was 0.055465 milliseconds in repetition 425
tcp_ping received 768 bytes back
Round trip time was 0.070538 milliseconds in repetition 426
tcp_ping received 768 bytes back
Round trip time was 0.07223 milliseconds in repetition 427
tcp_ping received 768 bytes back
Round trip time was 0.065691 milliseconds in repetition 428
tcp_ping received 768 bytes back
Round trip time was 0.079087 milliseconds in repetition 429
tcp_ping received 768 bytes back
Round trip time was 0.098228 milliseconds in repetition 430
tcp_ping received 768 bytes back
Round trip time was 0.061866 milliseconds in repetition 431
tcp_ping received 768 bytes back
Round trip time was 0.046416 milliseconds in repetition 432
tcp_ping received 768 bytes back
Round trip time was 0.042887 milliseconds in repetition 433
tcp_ping received 768 bytes back
Round trip time was 0.070062 milliseconds in repetition 434
tcp_ping received 768 bytes back
Round trip time was 0.046757 milliseconds in repetition 435
tcp_ping received 768 bytes back
Round trip time was 0.071204 milliseconds in repetition 436
tcp_ping received 768 bytes back
Round trip time was 0.1068 milliseconds in repetition 437
tcp_ping received 768 bytes back
Round trip time was 0.04834 milliseconds in repetition 438
tcp_ping received 768 bytes back
Round trip time was 0.049006 milliseconds in repetition 439
tcp_ping received 768 bytes back
Round trip time was 0.050802 milliseconds in repetition 440
tcp_ping received 768 bytes back
Round trip time was 0.082516 milliseconds in repetition 441
tcp_ping received 768 bytes back
Round trip time was 0.086385 milliseconds in repetition 442
tcp_ping received 768 bytes back
Round trip time was 0.074247 milliseconds in repetition 443
tcp_ping received 768 bytes back
Round trip time was 0.071535 milliseconds in repetition 444
tcp_ping received 768 bytes back
Round trip time was 0.062137 milliseconds in repetition 445
tcp_ping received 768 bytes back
Round trip time was 0.072687 milliseconds in repetition 446
tcp_ping received 768 bytes back
Round trip time was 0.046196 milliseconds in repetition 447
tcp_ping received 768 bytes back
Round trip time was 0.074481 milliseconds in repetition 448
tcp_ping received 768 bytes back
Round trip time was 0.066257 milliseconds in repetition 449
tcp_ping received 768 bytes back
Round trip time was 0.043903 milliseconds in repetition 450
tcp_ping received 768 bytes back
Round trip time was 0.046798 milliseconds in repetition 451
tcp_ping received 768 bytes back
Round trip time was 0.063918 milliseconds in repetition 452
tcp_ping received 768 bytes back
Round trip time was 0.043726 milliseconds in repetition 453
tcp_ping received 768 bytes back
Round trip time was 0.043759 milliseconds in repetition 454
tcp_ping received 768 bytes back
Round trip time was 0.05852 milliseconds in repetition 455
tcp_ping received 768 bytes back
Round trip time was 0.085901 milliseconds in repetition 456
tcp_ping received 768 bytes back
Round trip time was 0.078391 milliseconds in repetition 457
tcp_ping received 768 bytes back
Round trip time was 0.170418 milliseconds in repetition 458
tcp_ping received 768 bytes back
Round trip time was 0.09988 milliseconds in repetition 459
tcp_ping received 768 bytes back
Round trip time was 0.048216 milliseconds in repetition 460
tcp_ping received 768 bytes back
Round trip time was 0.076987 milliseconds in repetition 461
tcp_ping received 768 bytes back
Round trip time was 0.070289 milliseconds in repetition 462
tcp_ping received 768 bytes back
Round trip time was 0.074123 milliseconds in repetition 463
tcp_ping received 768 bytes back
Round trip time was 0.068695 milliseconds in repetition 464
tcp_ping received 768 bytes back
Round trip time was 0.05181 milliseconds in repetition 465
tcp_ping received 768 bytes back
Round trip time was 0.072734 milliseconds in repetition 466
tcp_ping received 768 bytes back
Round trip time was 0.060838 milliseconds in repetition 467
tcp_ping received 768 bytes back
Round trip time was 0.06453 milliseconds in repetition 468
tcp_ping received 768 bytes back
Round trip time was 0.070108 milliseconds in repetition 469
tcp_ping received 768 bytes back
Round trip time was 0.046037 milliseconds in repetition 470
tcp_ping received 768 bytes back
Round trip time was 0.073678 milliseconds in repetition 471
tcp_ping received 768 bytes back
Round trip time was 0.043928 milliseconds in repetition 472
tcp_ping received 768 bytes back
Round trip time was 0.081453 milliseconds in repetition 473
tcp_ping received 768 bytes back
Round trip time was 0.075983 milliseconds in repetition 474
tcp_ping received 768 bytes back
Round trip time was 0.072481 milliseconds in repetition 475
tcp_ping received 768 bytes back
Round trip time was 0.077871 milliseconds in repetition 476
tcp_ping received 768 bytes back
Round trip time was 0.090899 milliseconds in repetition 477
tcp_ping received 768 bytes back
Round trip time was 0.051431 milliseconds in repetition 478
tcp_ping received 768 bytes back
Round trip time was 0.043963 milliseconds in repetition 479
tcp_ping received 768 bytes back
Round trip time was 0.068694 milliseconds in repetition 480
tcp_ping received 768 bytes back
Round trip time was 0.062072 milliseconds in repetition 481
tcp_ping received 768 bytes back
Round trip time was 0.076202 milliseconds in repetition 482
tcp_ping received 768 bytes back
Round trip time was 0.05797 milliseconds in repetition 483
tcp_ping received 768 bytes back
Round trip time was 0.074231 milliseconds in repetition 484
tcp_ping received 768 bytes back
Round trip time was 0.073361 milliseconds in repetition 485
tcp_ping received 768 bytes back
Round trip time was 0.065327 milliseconds in repetition 486
tcp_ping received 768 bytes back
Round trip time was 0.089542 milliseconds in repetition 487
tcp_ping received 768 bytes back
Round trip time was 0.077741 milliseconds in repetition 488
tcp_ping received 768 bytes back
Round trip time was 0.035315 milliseconds in repetition 489
tcp_ping received 768 bytes back
Round trip time was 0.047008 milliseconds in repetition 490
tcp_ping received 768 bytes back
Round trip time was 0.044233 milliseconds in repetition 491
tcp_ping received 768 bytes back
Round trip time was 0.072058 milliseconds in repetition 492
tcp_ping received 768 bytes back
Round trip time was 0.067196 milliseconds in repetition 493
tcp_ping received 768 bytes back
Round trip time was 0.04252 milliseconds in repetition 494
tcp_ping received 768 bytes back
Round trip time was 0.04447 milliseconds in repetition 495
tcp_ping received 768 bytes back
Round trip time was 0.044867 milliseconds in repetition 496
tcp_ping received 768 bytes back
Round trip time was 0.071684 milliseconds in repetition 497
tcp_ping received 768 bytes back
Round trip time was 0.043738 milliseconds in repetition 498
tcp_ping received 768 bytes back
Round trip time was 0.062393 milliseconds in repetition 499
tcp_ping received 768 bytes back
Round trip time was 0.070432 milliseconds in repetition 500
tcp_ping received 768 bytes back
Round trip time was 0.074935 milliseconds in repetition 501

 ... clock resolution was 1e-06 h_min=0.0303255,  h_max=0.190627, h_incr=0.0080151
     rtt[0]=0.030326
     rtt[1]=0.035315
     rtt[2]=0.035616
     rtt[3]=0.038533
     rtt[4]=0.039074
     rtt[5]=0.039424
     rtt[6]=0.039744
     rtt[7]=0.039916
     rtt[8]=0.040171
     rtt[9]=0.040232
     rtt[10]=0.040486
     rtt[11]=0.040826
     rtt[12]=0.040972
     rtt[13]=0.041343
     rtt[14]=0.041579
     rtt[15]=0.041668
     rtt[16]=0.041706
     rtt[17]=0.041723
     rtt[18]=0.042019
     rtt[19]=0.042041
     rtt[20]=0.042182
     rtt[21]=0.04221
     rtt[22]=0.042352
     rtt[23]=0.042487
     rtt[24]=0.04249
     rtt[25]=0.04252
     rtt[26]=0.04272
     rtt[27]=0.042814
     rtt[28]=0.042833
     rtt[29]=0.042887
     rtt[30]=0.042906
     rtt[31]=0.043049
     rtt[32]=0.043064
     rtt[33]=0.043086
     rtt[34]=0.043101
     rtt[35]=0.043118
     rtt[36]=0.043118
     rtt[37]=0.043236
     rtt[38]=0.043259
     rtt[39]=0.043278
     rtt[40]=0.043297
     rtt[41]=0.043319
     rtt[42]=0.043352
     rtt[43]=0.043382
     rtt[44]=0.043402
     rtt[45]=0.043427
     rtt[46]=0.04348
     rtt[47]=0.04349
     rtt[48]=0.043638
     rtt[49]=0.043661
     rtt[50]=0.043726
     rtt[51]=0.043734
     rtt[52]=0.043734
     rtt[53]=0.043738
     rtt[54]=0.043752
     rtt[55]=0.043758
     rtt[56]=0.043759
     rtt[57]=0.043836
     rtt[58]=0.043839
     rtt[59]=0.043867
     rtt[60]=0.043903
     rtt[61]=0.043912
     rtt[62]=0.043917
     rtt[63]=0.043924
     rtt[64]=0.043928
     rtt[65]=0.043963
     rtt[66]=0.043991
     rtt[67]=0.044017
     rtt[68]=0.044052
     rtt[69]=0.04407
     rtt[70]=0.04407
     rtt[71]=0.044072
     rtt[72]=0.044096
     rtt[73]=0.044102
     rtt[74]=0.04414
     rtt[75]=0.044193
     rtt[76]=0.044196
     rtt[77]=0.044223
     rtt[78]=0.044228
     rtt[79]=0.044233
     rtt[80]=0.044266
     rtt[81]=0.044333
     rtt[82]=0.044401
     rtt[83]=0.04447
     rtt[84]=0.044551
     rtt[85]=0.044553
     rtt[86]=0.044558
     rtt[87]=0.044647
     rtt[88]=0.044704
     rtt[89]=0.044723
     rtt[90]=0.044832
     rtt[91]=0.044867
     rtt[92]=0.04488
     rtt[93]=0.044914
     rtt[94]=0.044915
     rtt[95]=0.044966
     rtt[96]=0.045135
     rtt[97]=0.045277
     rtt[98]=0.045594
     rtt[99]=0.04564
     rtt[100]=0.045806
     rtt[101]=0.045868
     rtt[102]=0.045928
     rtt[103]=0.045963
     rtt[104]=0.046037
     rtt[105]=0.046096
     rtt[106]=0.046196
     rtt[107]=0.046196
     rtt[108]=0.046206
     rtt[109]=0.046216
     rtt[110]=0.046269
     rtt[111]=0.046416
     rtt[112]=0.046547
     rtt[113]=0.046592
     rtt[114]=0.04666
     rtt[115]=0.046757
     rtt[116]=0.046798
     rtt[117]=0.046992
     rtt[118]=0.047008
     rtt[119]=0.047033
     rtt[120]=0.047088
     rtt[121]=0.047301
     rtt[122]=0.047539
     rtt[123]=0.047542
     rtt[124]=0.047562
     rtt[125]=0.047598
     rtt[126]=0.047615
     rtt[127]=0.047869
     rtt[128]=0.047881
     rtt[129]=0.047929
     rtt[130]=0.047998
     rtt[131]=0.048007
     rtt[132]=0.048008
     rtt[133]=0.04807
     rtt[134]=0.04815
     rtt[135]=0.048187
     rtt[136]=0.048188
     rtt[137]=0.048216
     rtt[138]=0.048265
     rtt[139]=0.048286
     rtt[140]=0.048315
     rtt[141]=0.048331
     rtt[142]=0.04834
     rtt[143]=0.048401
     rtt[144]=0.048471
     rtt[145]=0.048533
     rtt[146]=0.048583
     rtt[147]=0.048588
     rtt[148]=0.048614
     rtt[149]=0.048631
     rtt[150]=0.048651
     rtt[151]=0.048669
     rtt[152]=0.048701
     rtt[153]=0.048781
     rtt[154]=0.049006
     rtt[155]=0.049114
     rtt[156]=0.049155
     rtt[157]=0.049188
     rtt[158]=0.049223
     rtt[159]=0.049255
     rtt[160]=0.049262
     rtt[161]=0.049303
     rtt[162]=0.049409
     rtt[163]=0.049581
     rtt[164]=0.049583
     rtt[165]=0.049772
     rtt[166]=0.049964
     rtt[167]=0.050005
     rtt[168]=0.050014
     rtt[169]=0.050134
     rtt[170]=0.050347
     rtt[171]=0.050456
     rtt[172]=0.050545
     rtt[173]=0.050678
     rtt[174]=0.050802
     rtt[175]=0.05082
     rtt[176]=0.05083
     rtt[177]=0.051038
     rtt[178]=0.051158
     rtt[179]=0.051176
     rtt[180]=0.051272
     rtt[181]=0.051416
     rtt[182]=0.05142
     rtt[183]=0.051429
     rtt[184]=0.051431
     rtt[185]=0.0515
     rtt[186]=0.051626
     rtt[187]=0.051636
     rtt[188]=0.051656
     rtt[189]=0.05181
     rtt[190]=0.051988
     rtt[191]=0.052018
     rtt[192]=0.052179
     rtt[193]=0.052268
     rtt[194]=0.052289
     rtt[195]=0.05239
     rtt[196]=0.052392
     rtt[197]=0.052542
     rtt[198]=0.052545
     rtt[199]=0.052619
     rtt[200]=0.052717
     rtt[201]=0.052739
     rtt[202]=0.052893
     rtt[203]=0.053096
     rtt[204]=0.053136
     rtt[205]=0.053379
     rtt[206]=0.053537
     rtt[207]=0.053711
     rtt[208]=0.053805
     rtt[209]=0.053831
     rtt[210]=0.054001
     rtt[211]=0.054005
     rtt[212]=0.054239
     rtt[213]=0.054926
     rtt[214]=0.055087
     rtt[215]=0.055176
     rtt[216]=0.055252
     rtt[217]=0.055289
     rtt[218]=0.055423
     rtt[219]=0.055465
     rtt[220]=0.055637
     rtt[221]=0.055822
     rtt[222]=0.056092
     rtt[223]=0.056145
     rtt[224]=0.056159
     rtt[225]=0.056313
     rtt[226]=0.056374
     rtt[227]=0.056824
     rtt[228]=0.056917
     rtt[229]=0.056966
     rtt[230]=0.057497
     rtt[231]=0.057569
     rtt[232]=0.057622
     rtt[233]=0.057662
     rtt[234]=0.057726
     rtt[235]=0.0579
     rtt[236]=0.057914
     rtt[237]=0.05797
     rtt[238]=0.058302
     rtt[239]=0.05852
     rtt[240]=0.058923
     rtt[241]=0.059644
     rtt[242]=0.059804
     rtt[243]=0.059915
     rtt[244]=0.060032
     rtt[245]=0.060228
     rtt[246]=0.060283
     rtt[247]=0.06038
     rtt[248]=0.060408
     rtt[249]=0.060514
     rtt[250]=0.060806
     rtt[251]=0.060838
     rtt[252]=0.061139
     rtt[253]=0.06117
     rtt[254]=0.061818
     rtt[255]=0.061846
     rtt[256]=0.061866
     rtt[257]=0.06187
     rtt[258]=0.061874
     rtt[259]=0.062072
     rtt[260]=0.062137
     rtt[261]=0.062179
     rtt[262]=0.062275
     rtt[263]=0.062393
     rtt[264]=0.062527
     rtt[265]=0.062617
     rtt[266]=0.062946
     rtt[267]=0.062981
     rtt[268]=0.063781
     rtt[269]=0.063918
     rtt[270]=0.064109
     rtt[271]=0.06453
     rtt[272]=0.064566
     rtt[273]=0.06497
     rtt[274]=0.065017
     rtt[275]=0.065154
     rtt[276]=0.065243
     rtt[277]=0.065327
     rtt[278]=0.065432
     rtt[279]=0.065553
     rtt[280]=0.065653
     rtt[281]=0.065691
     rtt[282]=0.065735
     rtt[283]=0.065994
     rtt[284]=0.066257
     rtt[285]=0.066357
     rtt[286]=0.066375
     rtt[287]=0.06675
     rtt[288]=0.066766
     rtt[289]=0.066938
     rtt[290]=0.067076
     rtt[291]=0.067196
     rtt[292]=0.067417
     rtt[293]=0.067448
     rtt[294]=0.067456
     rtt[295]=0.067559
     rtt[296]=0.067579
     rtt[297]=0.067698
     rtt[298]=0.067787
     rtt[299]=0.067877
     rtt[300]=0.068058
     rtt[301]=0.06826
     rtt[302]=0.068289
     rtt[303]=0.068385
     rtt[304]=0.068448
     rtt[305]=0.068506
     rtt[306]=0.068555
     rtt[307]=0.068583
     rtt[308]=0.068584
     rtt[309]=0.068609
     rtt[310]=0.068694
     rtt[311]=0.068695
     rtt[312]=0.068772
     rtt[313]=0.06878
     rtt[314]=0.068876
     rtt[315]=0.068942
     rtt[316]=0.068961
     rtt[317]=0.06914
     rtt[318]=0.069145
     rtt[319]=0.069177
     rtt[320]=0.069245
     rtt[321]=0.069356
     rtt[322]=0.069453
     rtt[323]=0.069529
     rtt[324]=0.069571
     rtt[325]=0.069598
     rtt[326]=0.069871
     rtt[327]=0.070062
     rtt[328]=0.070104
     rtt[329]=0.070108
     rtt[330]=0.07015
     rtt[331]=0.070231
     rtt[332]=0.070289
     rtt[333]=0.070331
     rtt[334]=0.070432
     rtt[335]=0.070448
     rtt[336]=0.070538
     rtt[337]=0.07054
     rtt[338]=0.070608
     rtt[339]=0.070664
     rtt[340]=0.070936
     rtt[341]=0.071136
     rtt[342]=0.071204
     rtt[343]=0.071224
     rtt[344]=0.071243
     rtt[345]=0.071255
     rtt[346]=0.071289
     rtt[347]=0.071343
     rtt[348]=0.071459
     rtt[349]=0.071495
     rtt[350]=0.071535
     rtt[351]=0.071684
     rtt[352]=0.071684
     rtt[353]=0.071842
     rtt[354]=0.071896
     rtt[355]=0.072045
     rtt[356]=0.072058
     rtt[357]=0.072178
     rtt[358]=0.07223
     rtt[359]=0.072333
     rtt[360]=0.072355
     rtt[361]=0.072363
     rtt[362]=0.072416
     rtt[363]=0.072481
     rtt[364]=0.072593
     rtt[365]=0.072623
     rtt[366]=0.072687
     rtt[367]=0.072734
     rtt[368]=0.072877
     rtt[369]=0.073097
     rtt[370]=0.073165
     rtt[371]=0.073361
     rtt[372]=0.073402
     rtt[373]=0.073468
     rtt[374]=0.073507
     rtt[375]=0.073563
     rtt[376]=0.073646
     rtt[377]=0.073678
     rtt[378]=0.073724
     rtt[379]=0.073876
     rtt[380]=0.074123
     rtt[381]=0.074231
     rtt[382]=0.074247
     rtt[383]=0.074272
     rtt[384]=0.074275
     rtt[385]=0.074327
     rtt[386]=0.074369
     rtt[387]=0.074374
     rtt[388]=0.074481
     rtt[389]=0.074498
     rtt[390]=0.074891
     rtt[391]=0.074935
     rtt[392]=0.074945
     rtt[393]=0.075058
     rtt[394]=0.07509
     rtt[395]=0.075241
     rtt[396]=0.075269
     rtt[397]=0.075492
     rtt[398]=0.075593
     rtt[399]=0.075663
     rtt[400]=0.075818
     rtt[401]=0.075983
     rtt[402]=0.075994
     rtt[403]=0.076047
     rtt[404]=0.076091
     rtt[405]=0.076104
     rtt[406]=0.076146
     rtt[407]=0.076202
     rtt[408]=0.076394
     rtt[409]=0.076516
     rtt[410]=0.076553
     rtt[411]=0.076937
     rtt[412]=0.076965
     rtt[413]=0.076987
     rtt[414]=0.077055
     rtt[415]=0.077163
     rtt[416]=0.077716
     rtt[417]=0.07774
     rtt[418]=0.077741
     rtt[419]=0.077784
     rtt[420]=0.077871
     rtt[421]=0.078083
     rtt[422]=0.078266
     rtt[423]=0.078377
     rtt[424]=0.078391
     rtt[425]=0.078393
     rtt[426]=0.078812
     rtt[427]=0.078838
     rtt[428]=0.07893
     rtt[429]=0.079087
     rtt[430]=0.079206
     rtt[431]=0.079316
     rtt[432]=0.079357
     rtt[433]=0.079511
     rtt[434]=0.079527
     rtt[435]=0.079766
     rtt[436]=0.080152
     rtt[437]=0.080967
     rtt[438]=0.081195
     rtt[439]=0.081453
     rtt[440]=0.082154
     rtt[441]=0.082204
     rtt[442]=0.082516
     rtt[443]=0.083665
     rtt[444]=0.083797
     rtt[445]=0.084089
     rtt[446]=0.084126
     rtt[447]=0.084128
     rtt[448]=0.084497
     rtt[449]=0.085045
     rtt[450]=0.085145
     rtt[451]=0.085269
     rtt[452]=0.085279
     rtt[453]=0.085901
     rtt[454]=0.086112
     rtt[455]=0.086385
     rtt[456]=0.086471
     rtt[457]=0.086477
     rtt[458]=0.086817
     rtt[459]=0.087213
     rtt[460]=0.087865
     rtt[461]=0.087948
     rtt[462]=0.088594
     rtt[463]=0.089433
     rtt[464]=0.089542
     rtt[465]=0.08968
     rtt[466]=0.090009
     rtt[467]=0.0908
     rtt[468]=0.090859
     rtt[469]=0.090899
     rtt[470]=0.090935
     rtt[471]=0.091333
     rtt[472]=0.092488
     rtt[473]=0.092912
     rtt[474]=0.093511
     rtt[475]=0.093966
     rtt[476]=0.095164
     rtt[477]=0.096147
     rtt[478]=0.096181
     rtt[479]=0.096843
     rtt[480]=0.097245
     rtt[481]=0.0973
     rtt[482]=0.097553
     rtt[483]=0.098228
     rtt[484]=0.098837
     rtt[485]=0.09988
     rtt[486]=0.105086
     rtt[487]=0.105528
     rtt[488]=0.106726
     rtt[489]=0.1068
     rtt[490]=0.108191
     rtt[491]=0.108958
     rtt[492]=0.111462
     rtt[493]=0.117121
     rtt[494]=0.121438
     rtt[495]=0.12473
     rtt[496]=0.135016
     rtt[497]=0.170418
     rtt[498]=0.176732
     rtt[499]=0.177236
     rtt[500]=0.190627

TCP Ping:  Statistics over 501 repetitions of 768 byte messages

RTT : percentile 10: 0.043726, median: 0.060806, percentile 90: 0.085145, average: 0.0631272, variance: 0.000394038

RTT histogram:
0.0303255 1
0.0383406 21
0.0463557 149
0.0543708 68
0.0623859 48
0.070401 101
0.0784161 54
0.0864312 25
0.0944463 17
0.102461 4
0.110476 5
0.118492 2
0.126507 1
0.134522 1
0.142537 0
0.150552 0
0.158567 0
0.166582 1
0.174597 2
0.182612 0
0.190627 1

   median Throughput : 25260.7 KB/s   overall Throughput : 24331.8 KB/s

