TCP Ping trying to connect to server localhost (127.0.0.1) on port 1491
 ... connected to Pong server: asking for 501 repetitions of 262144 bytes TCP messages
 ... Pong server agreed :-)
tcp_ping received 262144 bytes back
Round trip time was 1.10773 milliseconds in repetition 1
tcp_ping received 262144 bytes back
Round trip time was 1.0129 milliseconds in repetition 2
tcp_ping received 262144 bytes back
Round trip time was 1.01874 milliseconds in repetition 3
tcp_ping received 262144 bytes back
Round trip time was 1.00579 milliseconds in repetition 4
tcp_ping received 262144 bytes back
Round trip time was 1.04465 milliseconds in repetition 5
tcp_ping received 262144 bytes back
Round trip time was 1.00737 milliseconds in repetition 6
tcp_ping received 262144 bytes back
Round trip time was 0.996855 milliseconds in repetition 7
tcp_ping received 262144 bytes back
Round trip time was 0.987392 milliseconds in repetition 8
tcp_ping received 262144 bytes back
Round trip time was 1.00892 milliseconds in repetition 9
tcp_ping received 262144 bytes back
Round trip time was 1.19473 milliseconds in repetition 10
tcp_ping received 262144 bytes back
Round trip time was 0.973325 milliseconds in repetition 11
tcp_ping received 262144 bytes back
Round trip time was 0.982042 milliseconds in repetition 12
tcp_ping received 262144 bytes back
Round trip time was 1.20899 milliseconds in repetition 13
tcp_ping received 262144 bytes back
Round trip time was 1.34228 milliseconds in repetition 14
tcp_ping received 262144 bytes back
Round trip time was 1.09931 milliseconds in repetition 15
tcp_ping received 262144 bytes back
Round trip time was 1.40821 milliseconds in repetition 16
tcp_ping received 262144 bytes back
Round trip time was 1.01874 milliseconds in repetition 17
tcp_ping received 262144 bytes back
Round trip time was 1.00394 milliseconds in repetition 18
tcp_ping received 262144 bytes back
Round trip time was 0.992632 milliseconds in repetition 19
tcp_ping received 262144 bytes back
Round trip time was 0.974017 milliseconds in repetition 20
tcp_ping received 262144 bytes back
Round trip time was 1.00142 milliseconds in repetition 21
tcp_ping received 262144 bytes back
Round trip time was 1.39442 milliseconds in repetition 22
tcp_ping received 262144 bytes back
Round trip time was 1.1164 milliseconds in repetition 23
tcp_ping received 262144 bytes back
Round trip time was 1.0226 milliseconds in repetition 24
tcp_ping received 262144 bytes back
Round trip time was 0.981115 milliseconds in repetition 25
tcp_ping received 262144 bytes back
Round trip time was 0.996709 milliseconds in repetition 26
tcp_ping received 262144 bytes back
Round trip time was 1.02751 milliseconds in repetition 27
tcp_ping received 262144 bytes back
Round trip time was 1.01785 milliseconds in repetition 28
tcp_ping received 262144 bytes back
Round trip time was 1.24596 milliseconds in repetition 29
tcp_ping received 262144 bytes back
Round trip time was 0.9719 milliseconds in repetition 30
tcp_ping received 262144 bytes back
Round trip time was 0.970611 milliseconds in repetition 31
tcp_ping received 262144 bytes back
Round trip time was 1.02596 milliseconds in repetition 32
tcp_ping received 262144 bytes back
Round trip time was 0.977384 milliseconds in repetition 33
tcp_ping received 262144 bytes back
Round trip time was 1.00779 milliseconds in repetition 34
tcp_ping received 262144 bytes back
Round trip time was 1.02307 milliseconds in repetition 35
tcp_ping received 262144 bytes back
Round trip time was 1.00852 milliseconds in repetition 36
tcp_ping received 262144 bytes back
Round trip time was 1.00982 milliseconds in repetition 37
tcp_ping received 262144 bytes back
Round trip time was 1.06348 milliseconds in repetition 38
tcp_ping received 262144 bytes back
Round trip time was 1.00619 milliseconds in repetition 39
tcp_ping received 262144 bytes back
Round trip time was 1.03672 milliseconds in repetition 40
tcp_ping received 262144 bytes back
Round trip time was 0.985445 milliseconds in repetition 41
tcp_ping received 262144 bytes back
Round trip time was 1.12421 milliseconds in repetition 42
tcp_ping received 262144 bytes back
Round trip time was 1.00063 milliseconds in repetition 43
tcp_ping received 262144 bytes back
Round trip time was 1.00822 milliseconds in repetition 44
tcp_ping received 262144 bytes back
Round trip time was 0.996831 milliseconds in repetition 45
tcp_ping received 262144 bytes back
Round trip time was 1.0015 milliseconds in repetition 46
tcp_ping received 262144 bytes back
Round trip time was 1.01659 milliseconds in repetition 47
tcp_ping received 262144 bytes back
Round trip time was 1.16279 milliseconds in repetition 48
tcp_ping received 262144 bytes back
Round trip time was 1.01739 milliseconds in repetition 49
tcp_ping received 262144 bytes back
Round trip time was 1.0184 milliseconds in repetition 50
tcp_ping received 262144 bytes back
Round trip time was 1.06079 milliseconds in repetition 51
tcp_ping received 262144 bytes back
Round trip time was 0.991427 milliseconds in repetition 52
tcp_ping received 262144 bytes back
Round trip time was 1.00511 milliseconds in repetition 53
tcp_ping received 262144 bytes back
Round trip time was 0.997425 milliseconds in repetition 54
tcp_ping received 262144 bytes back
Round trip time was 0.997553 milliseconds in repetition 55
tcp_ping received 262144 bytes back
Round trip time was 1.0869 milliseconds in repetition 56
tcp_ping received 262144 bytes back
Round trip time was 1.00663 milliseconds in repetition 57
tcp_ping received 262144 bytes back
Round trip time was 0.989595 milliseconds in repetition 58
tcp_ping received 262144 bytes back
Round trip time was 1.02645 milliseconds in repetition 59
tcp_ping received 262144 bytes back
Round trip time was 1.03659 milliseconds in repetition 60
tcp_ping received 262144 bytes back
Round trip time was 1.02187 milliseconds in repetition 61
tcp_ping received 262144 bytes back
Round trip time was 1.08545 milliseconds in repetition 62
tcp_ping received 262144 bytes back
Round trip time was 0.981245 milliseconds in repetition 63
tcp_ping received 262144 bytes back
Round trip time was 1.0032 milliseconds in repetition 64
tcp_ping received 262144 bytes back
Round trip time was 1.00252 milliseconds in repetition 65
tcp_ping received 262144 bytes back
Round trip time was 0.979949 milliseconds in repetition 66
tcp_ping received 262144 bytes back
Round trip time was 0.992051 milliseconds in repetition 67
tcp_ping received 262144 bytes back
Round trip time was 1.28007 milliseconds in repetition 68
tcp_ping received 262144 bytes back
Round trip time was 0.990683 milliseconds in repetition 69
tcp_ping received 262144 bytes back
Round trip time was 1.00817 milliseconds in repetition 70
tcp_ping received 262144 bytes back
Round trip time was 1.0476 milliseconds in repetition 71
tcp_ping received 262144 bytes back
Round trip time was 0.98093 milliseconds in repetition 72
tcp_ping received 262144 bytes back
Round trip time was 1.01679 milliseconds in repetition 73
tcp_ping received 262144 bytes back
Round trip time was 1.01521 milliseconds in repetition 74
tcp_ping received 262144 bytes back
Round trip time was 1.08932 milliseconds in repetition 75
tcp_ping received 262144 bytes back
Round trip time was 0.980299 milliseconds in repetition 76
tcp_ping received 262144 bytes back
Round trip time was 0.978064 milliseconds in repetition 77
tcp_ping received 262144 bytes back
Round trip time was 0.975537 milliseconds in repetition 78
tcp_ping received 262144 bytes back
Round trip time was 1.02132 milliseconds in repetition 79
tcp_ping received 262144 bytes back
Round trip time was 0.96853 milliseconds in repetition 80
tcp_ping received 262144 bytes back
Round trip time was 1.03829 milliseconds in repetition 81
tcp_ping received 262144 bytes back
Round trip time was 1.01195 milliseconds in repetition 82
tcp_ping received 262144 bytes back
Round trip time was 0.977263 milliseconds in repetition 83
tcp_ping received 262144 bytes back
Round trip time was 0.990144 milliseconds in repetition 84
tcp_ping received 262144 bytes back
Round trip time was 0.981 milliseconds in repetition 85
tcp_ping received 262144 bytes back
Round trip time was 1.08383 milliseconds in repetition 86
tcp_ping received 262144 bytes back
Round trip time was 1.18103 milliseconds in repetition 87
tcp_ping received 262144 bytes back
Round trip time was 1.02178 milliseconds in repetition 88
tcp_ping received 262144 bytes back
Round trip time was 1.06945 milliseconds in repetition 89
tcp_ping received 262144 bytes back
Round trip time was 0.975129 milliseconds in repetition 90
tcp_ping received 262144 bytes back
Round trip time was 0.971271 milliseconds in repetition 91
tcp_ping received 262144 bytes back
Round trip time was 0.996119 milliseconds in repetition 92
tcp_ping received 262144 bytes back
Round trip time was 1.00318 milliseconds in repetition 93
tcp_ping received 262144 bytes back
Round trip time was 1.03112 milliseconds in repetition 94
tcp_ping received 262144 bytes back
Round trip time was 0.993117 milliseconds in repetition 95
tcp_ping received 262144 bytes back
Round trip time was 0.990759 milliseconds in repetition 96
tcp_ping received 262144 bytes back
Round trip time was 0.985926 milliseconds in repetition 97
tcp_ping received 262144 bytes back
Round trip time was 1.02858 milliseconds in repetition 98
tcp_ping received 262144 bytes back
Round trip time was 0.963427 milliseconds in repetition 99
tcp_ping received 262144 bytes back
Round trip time was 1.00277 milliseconds in repetition 100
tcp_ping received 262144 bytes back
Round trip time was 1.35284 milliseconds in repetition 101
tcp_ping received 262144 bytes back
Round trip time was 1.0424 milliseconds in repetition 102
tcp_ping received 262144 bytes back
Round trip time was 0.998627 milliseconds in repetition 103
tcp_ping received 262144 bytes back
Round trip time was 0.979056 milliseconds in repetition 104
tcp_ping received 262144 bytes back
Round trip time was 0.992552 milliseconds in repetition 105
tcp_ping received 262144 bytes back
Round trip time was 1.04535 milliseconds in repetition 106
tcp_ping received 262144 bytes back
Round trip time was 1.09971 milliseconds in repetition 107
tcp_ping received 262144 bytes back
Round trip time was 1.3455 milliseconds in repetition 108
tcp_ping received 262144 bytes back
Round trip time was 1.03931 milliseconds in repetition 109
tcp_ping received 262144 bytes back
Round trip time was 1.02929 milliseconds in repetition 110
tcp_ping received 262144 bytes back
Round trip time was 1.01679 milliseconds in repetition 111
tcp_ping received 262144 bytes back
Round trip time was 0.98247 milliseconds in repetition 112
tcp_ping received 262144 bytes back
Round trip time was 1.00417 milliseconds in repetition 113
tcp_ping received 262144 bytes back
Round trip time was 1.28614 milliseconds in repetition 114
tcp_ping received 262144 bytes back
Round trip time was 1.2203 milliseconds in repetition 115
tcp_ping received 262144 bytes back
Round trip time was 1.23519 milliseconds in repetition 116
tcp_ping received 262144 bytes back
Round trip time was 1.15874 milliseconds in repetition 117
tcp_ping received 262144 bytes back
Round trip time was 1.01671 milliseconds in repetition 118
tcp_ping received 262144 bytes back
Round trip time was 1.07589 milliseconds in repetition 119
tcp_ping received 262144 bytes back
Round trip time was 1.06339 milliseconds in repetition 120
tcp_ping received 262144 bytes back
Round trip time was 1.05539 milliseconds in repetition 121
tcp_ping received 262144 bytes back
Round trip time was 1.04548 milliseconds in repetition 122
tcp_ping received 262144 bytes back
Round trip time was 1.00879 milliseconds in repetition 123
tcp_ping received 262144 bytes back
Round trip time was 1.01382 milliseconds in repetition 124
tcp_ping received 262144 bytes back
Round trip time was 1.04171 milliseconds in repetition 125
tcp_ping received 262144 bytes back
Round trip time was 1.6952 milliseconds in repetition 126
tcp_ping received 262144 bytes back
Round trip time was 1.05244 milliseconds in repetition 127
tcp_ping received 262144 bytes back
Round trip time was 1.0442 milliseconds in repetition 128
tcp_ping received 262144 bytes back
Round trip time was 1.17665 milliseconds in repetition 129
tcp_ping received 262144 bytes back
Round trip time was 1.02813 milliseconds in repetition 130
tcp_ping received 262144 bytes back
Round trip time was 1.28233 milliseconds in repetition 131
tcp_ping received 262144 bytes back
Round trip time was 1.11901 milliseconds in repetition 132
tcp_ping received 262144 bytes back
Round trip time was 1.22199 milliseconds in repetition 133
tcp_ping received 262144 bytes back
Round trip time was 1.04621 milliseconds in repetition 134
tcp_ping received 262144 bytes back
Round trip time was 0.996537 milliseconds in repetition 135
tcp_ping received 262144 bytes back
Round trip time was 1.00317 milliseconds in repetition 136
tcp_ping received 262144 bytes back
Round trip time was 1.1169 milliseconds in repetition 137
tcp_ping received 262144 bytes back
Round trip time was 1.10372 milliseconds in repetition 138
tcp_ping received 262144 bytes back
Round trip time was 1.02747 milliseconds in repetition 139
tcp_ping received 262144 bytes back
Round trip time was 1.24263 milliseconds in repetition 140
tcp_ping received 262144 bytes back
Round trip time was 1.00982 milliseconds in repetition 141
tcp_ping received 262144 bytes back
Round trip time was 1.05827 milliseconds in repetition 142
tcp_ping received 262144 bytes back
Round trip time was 1.03632 milliseconds in repetition 143
tcp_ping received 262144 bytes back
Round trip time was 1.05734 milliseconds in repetition 144
tcp_ping received 262144 bytes back
Round trip time was 1.03251 milliseconds in repetition 145
tcp_ping received 262144 bytes back
Round trip time was 1.01061 milliseconds in repetition 146
tcp_ping received 262144 bytes back
Round trip time was 1.38053 milliseconds in repetition 147
tcp_ping received 262144 bytes back
Round trip time was 1.1173 milliseconds in repetition 148
tcp_ping received 262144 bytes back
Round trip time was 0.999556 milliseconds in repetition 149
tcp_ping received 262144 bytes back
Round trip time was 1.80461 milliseconds in repetition 150
tcp_ping received 262144 bytes back
Round trip time was 1.336 milliseconds in repetition 151
tcp_ping received 262144 bytes back
Round trip time was 0.973407 milliseconds in repetition 152
tcp_ping received 262144 bytes back
Round trip time was 1.01107 milliseconds in repetition 153
tcp_ping received 262144 bytes back
Round trip time was 0.973095 milliseconds in repetition 154
tcp_ping received 262144 bytes back
Round trip time was 1.00878 milliseconds in repetition 155
tcp_ping received 262144 bytes back
Round trip time was 1.00886 milliseconds in repetition 156
tcp_ping received 262144 bytes back
Round trip time was 1.22652 milliseconds in repetition 157
tcp_ping received 262144 bytes back
Round trip time was 1.23727 milliseconds in repetition 158
tcp_ping received 262144 bytes back
Round trip time was 0.965237 milliseconds in repetition 159
tcp_ping received 262144 bytes back
Round trip time was 1.00697 milliseconds in repetition 160
tcp_ping received 262144 bytes back
Round trip time was 0.995397 milliseconds in repetition 161
tcp_ping received 262144 bytes back
Round trip time was 1.1582 milliseconds in repetition 162
tcp_ping received 262144 bytes back
Round trip time was 0.983789 milliseconds in repetition 163
tcp_ping received 262144 bytes back
Round trip time was 1.01588 milliseconds in repetition 164
tcp_ping received 262144 bytes back
Round trip time was 0.956144 milliseconds in repetition 165
tcp_ping received 262144 bytes back
Round trip time was 0.971803 milliseconds in repetition 166
tcp_ping received 262144 bytes back
Round trip time was 0.974417 milliseconds in repetition 167
tcp_ping received 262144 bytes back
Round trip time was 1.09431 milliseconds in repetition 168
tcp_ping received 262144 bytes back
Round trip time was 1.05986 milliseconds in repetition 169
tcp_ping received 262144 bytes back
Round trip time was 1.06937 milliseconds in repetition 170
tcp_ping received 262144 bytes back
Round trip time was 1.10401 milliseconds in repetition 171
tcp_ping received 262144 bytes back
Round trip time was 0.978992 milliseconds in repetition 172
tcp_ping received 262144 bytes back
Round trip time was 1.18628 milliseconds in repetition 173
tcp_ping received 262144 bytes back
Round trip time was 0.971101 milliseconds in repetition 174
tcp_ping received 262144 bytes back
Round trip time was 1.05881 milliseconds in repetition 175
tcp_ping received 262144 bytes back
Round trip time was 1.03825 milliseconds in repetition 176
tcp_ping received 262144 bytes back
Round trip time was 0.989753 milliseconds in repetition 177
tcp_ping received 262144 bytes back
Round trip time was 1.00203 milliseconds in repetition 178
tcp_ping received 262144 bytes back
Round trip time was 1.03887 milliseconds in repetition 179
tcp_ping received 262144 bytes back
Round trip time was 0.978315 milliseconds in repetition 180
tcp_ping received 262144 bytes back
Round trip time was 0.998573 milliseconds in repetition 181
tcp_ping received 262144 bytes back
Round trip time was 0.997772 milliseconds in repetition 182
tcp_ping received 262144 bytes back
Round trip time was 0.992041 milliseconds in repetition 183
tcp_ping received 262144 bytes back
Round trip time was 1.02265 milliseconds in repetition 184
tcp_ping received 262144 bytes back
Round trip time was 1.00169 milliseconds in repetition 185
tcp_ping received 262144 bytes back
Round trip time was 1.0319 milliseconds in repetition 186
tcp_ping received 262144 bytes back
Round trip time was 1.1229 milliseconds in repetition 187
tcp_ping received 262144 bytes back
Round trip time was 1.21247 milliseconds in repetition 188
tcp_ping received 262144 bytes back
Round trip time was 1.67073 milliseconds in repetition 189
tcp_ping received 262144 bytes back
Round trip time was 1.09048 milliseconds in repetition 190
tcp_ping received 262144 bytes back
Round trip time was 0.999826 milliseconds in repetition 191
tcp_ping received 262144 bytes back
Round trip time was 0.990649 milliseconds in repetition 192
tcp_ping received 262144 bytes back
Round trip time was 0.951966 milliseconds in repetition 193
tcp_ping received 262144 bytes back
Round trip time was 1.03602 milliseconds in repetition 194
tcp_ping received 262144 bytes back
Round trip time was 1.00178 milliseconds in repetition 195
tcp_ping received 262144 bytes back
Round trip time was 1.16932 milliseconds in repetition 196
tcp_ping received 262144 bytes back
Round trip time was 0.992759 milliseconds in repetition 197
tcp_ping received 262144 bytes back
Round trip time was 0.987567 milliseconds in repetition 198
tcp_ping received 262144 bytes back
Round trip time was 0.987692 milliseconds in repetition 199
tcp_ping received 262144 bytes back
Round trip time was 0.964059 milliseconds in repetition 200
tcp_ping received 262144 bytes back
Round trip time was 1.05023 milliseconds in repetition 201
tcp_ping received 262144 bytes back
Round trip time was 1.3057 milliseconds in repetition 202
tcp_ping received 262144 bytes back
Round trip time was 1.36477 milliseconds in repetition 203
tcp_ping received 262144 bytes back
Round trip time was 1.07185 milliseconds in repetition 204
tcp_ping received 262144 bytes back
Round trip time was 0.995972 milliseconds in repetition 205
tcp_ping received 262144 bytes back
Round trip time was 0.982098 milliseconds in repetition 206
tcp_ping received 262144 bytes back
Round trip time was 1.17426 milliseconds in repetition 207
tcp_ping received 262144 bytes back
Round trip time was 0.980129 milliseconds in repetition 208
tcp_ping received 262144 bytes back
Round trip time was 0.981232 milliseconds in repetition 209
tcp_ping received 262144 bytes back
Round trip time was 0.978225 milliseconds in repetition 210
tcp_ping received 262144 bytes back
Round trip time was 0.980449 milliseconds in repetition 211
tcp_ping received 262144 bytes back
Round trip time was 0.982373 milliseconds in repetition 212
tcp_ping received 262144 bytes back
Round trip time was 0.992973 milliseconds in repetition 213
tcp_ping received 262144 bytes back
Round trip time was 0.986488 milliseconds in repetition 214
tcp_ping received 262144 bytes back
Round trip time was 1.04314 milliseconds in repetition 215
tcp_ping received 262144 bytes back
Round trip time was 1.03309 milliseconds in repetition 216
tcp_ping received 262144 bytes back
Round trip time was 1.01841 milliseconds in repetition 217
tcp_ping received 262144 bytes back
Round trip time was 1.03995 milliseconds in repetition 218
tcp_ping received 262144 bytes back
Round trip time was 1.01481 milliseconds in repetition 219
tcp_ping received 262144 bytes back
Round trip time was 0.977814 milliseconds in repetition 220
tcp_ping received 262144 bytes back
Round trip time was 1.0677 milliseconds in repetition 221
tcp_ping received 262144 bytes back
Round trip time was 1.04311 milliseconds in repetition 222
tcp_ping received 262144 bytes back
Round trip time was 0.97546 milliseconds in repetition 223
tcp_ping received 262144 bytes back
Round trip time was 0.988692 milliseconds in repetition 224
tcp_ping received 262144 bytes back
Round trip time was 1.02166 milliseconds in repetition 225
tcp_ping received 262144 bytes back
Round trip time was 0.983144 milliseconds in repetition 226
tcp_ping received 262144 bytes back
Round trip time was 0.987753 milliseconds in repetition 227
tcp_ping received 262144 bytes back
Round trip time was 0.976241 milliseconds in repetition 228
tcp_ping received 262144 bytes back
Round trip time was 0.974549 milliseconds in repetition 229
tcp_ping received 262144 bytes back
Round trip time was 0.975019 milliseconds in repetition 230
tcp_ping received 262144 bytes back
Round trip time was 0.983521 milliseconds in repetition 231
tcp_ping received 262144 bytes back
Round trip time was 1.1303 milliseconds in repetition 232
tcp_ping received 262144 bytes back
Round trip time was 1.00984 milliseconds in repetition 233
tcp_ping received 262144 bytes back
Round trip time was 1.00969 milliseconds in repetition 234
tcp_ping received 262144 bytes back
Round trip time was 0.999858 milliseconds in repetition 235
tcp_ping received 262144 bytes back
Round trip time was 1.15491 milliseconds in repetition 236
tcp_ping received 262144 bytes back
Round trip time was 1.00781 milliseconds in repetition 237
tcp_ping received 262144 bytes back
Round trip time was 0.990362 milliseconds in repetition 238
tcp_ping received 262144 bytes back
Round trip time was 1.00699 milliseconds in repetition 239
tcp_ping received 262144 bytes back
Round trip time was 1.12388 milliseconds in repetition 240
tcp_ping received 262144 bytes back
Round trip time was 0.978876 milliseconds in repetition 241
tcp_ping received 262144 bytes back
Round trip time was 1.02607 milliseconds in repetition 242
tcp_ping received 262144 bytes back
Round trip time was 1.03147 milliseconds in repetition 243
tcp_ping received 262144 bytes back
Round trip time was 1.00967 milliseconds in repetition 244
tcp_ping received 262144 bytes back
Round trip time was 0.979474 milliseconds in repetition 245
tcp_ping received 262144 bytes back
Round trip time was 1.03762 milliseconds in repetition 246
tcp_ping received 262144 bytes back
Round trip time was 1.02 milliseconds in repetition 247
tcp_ping received 262144 bytes back
Round trip time was 0.974528 milliseconds in repetition 248
tcp_ping received 262144 bytes back
Round trip time was 0.976962 milliseconds in repetition 249
tcp_ping received 262144 bytes back
Round trip time was 0.973607 milliseconds in repetition 250
tcp_ping received 262144 bytes back
Round trip time was 1.00097 milliseconds in repetition 251
tcp_ping received 262144 bytes back
Round trip time was 1.11408 milliseconds in repetition 252
tcp_ping received 262144 bytes back
Round trip time was 1.10095 milliseconds in repetition 253
tcp_ping received 262144 bytes back
Round trip time was 0.999535 milliseconds in repetition 254
tcp_ping received 262144 bytes back
Round trip time was 0.973861 milliseconds in repetition 255
tcp_ping received 262144 bytes back
Round trip time was 0.982252 milliseconds in repetition 256
tcp_ping received 262144 bytes back
Round trip time was 0.989156 milliseconds in repetition 257
tcp_ping received 262144 bytes back
Round trip time was 1.00402 milliseconds in repetition 258
tcp_ping received 262144 bytes back
Round trip time was 0.998804 milliseconds in repetition 259
tcp_ping received 262144 bytes back
Round trip time was 0.98296 milliseconds in repetition 260
tcp_ping received 262144 bytes back
Round trip time was 1.30883 milliseconds in repetition 261
tcp_ping received 262144 bytes back
Round trip time was 1.02837 milliseconds in repetition 262
tcp_ping received 262144 bytes back
Round trip time was 1.07099 milliseconds in repetition 263
tcp_ping received 262144 bytes back
Round trip time was 0.986896 milliseconds in repetition 264
tcp_ping received 262144 bytes back
Round trip time was 1.00465 milliseconds in repetition 265
tcp_ping received 262144 bytes back
Round trip time was 0.987719 milliseconds in repetition 266
tcp_ping received 262144 bytes back
Round trip time was 1.02233 milliseconds in repetition 267
tcp_ping received 262144 bytes back
Round trip time was 1.0143 milliseconds in repetition 268
tcp_ping received 262144 bytes back
Round trip time was 1.0445 milliseconds in repetition 269
tcp_ping received 262144 bytes back
Round trip time was 1.03203 milliseconds in repetition 270
tcp_ping received 262144 bytes back
Round trip time was 1.0006 milliseconds in repetition 271
tcp_ping received 262144 bytes back
Round trip time was 1.01042 milliseconds in repetition 272
tcp_ping received 262144 bytes back
Round trip time was 0.983616 milliseconds in repetition 273
tcp_ping received 262144 bytes back
Round trip time was 0.980128 milliseconds in repetition 274
tcp_ping received 262144 bytes back
Round trip time was 1.03977 milliseconds in repetition 275
tcp_ping received 262144 bytes back
Round trip time was 1.04444 milliseconds in repetition 276
tcp_ping received 262144 bytes back
Round trip time was 1.02725 milliseconds in repetition 277
tcp_ping received 262144 bytes back
Round trip time was 1.01043 milliseconds in repetition 278
tcp_ping received 262144 bytes back
Round trip time was 0.980195 milliseconds in repetition 279
tcp_ping received 262144 bytes back
Round trip time was 1.05241 milliseconds in repetition 280
tcp_ping received 262144 bytes back
Round trip time was 0.996345 milliseconds in repetition 281
tcp_ping received 262144 bytes back
Round trip time was 1.35443 milliseconds in repetition 282
tcp_ping received 262144 bytes back
Round trip time was 1.0154 milliseconds in repetition 283
tcp_ping received 262144 bytes back
Round trip time was 0.997988 milliseconds in repetition 284
tcp_ping received 262144 bytes back
Round trip time was 0.988998 milliseconds in repetition 285
tcp_ping received 262144 bytes back
Round trip time was 0.975431 milliseconds in repetition 286
tcp_ping received 262144 bytes back
Round trip time was 0.999097 milliseconds in repetition 287
tcp_ping received 262144 bytes back
Round trip time was 0.979152 milliseconds in repetition 288
tcp_ping received 262144 bytes back
Round trip time was 0.998998 milliseconds in repetition 289
tcp_ping received 262144 bytes back
Round trip time was 0.98879 milliseconds in repetition 290
tcp_ping received 262144 bytes back
Round trip time was 0.983455 milliseconds in repetition 291
tcp_ping received 262144 bytes back
Round trip time was 1.12614 milliseconds in repetition 292
tcp_ping received 262144 bytes back
Round trip time was 1.27739 milliseconds in repetition 293
tcp_ping received 262144 bytes back
Round trip time was 0.976902 milliseconds in repetition 294
tcp_ping received 262144 bytes back
Round trip time was 0.982278 milliseconds in repetition 295
tcp_ping received 262144 bytes back
Round trip time was 1.09364 milliseconds in repetition 296
tcp_ping received 262144 bytes back
Round trip time was 0.987334 milliseconds in repetition 297
tcp_ping received 262144 bytes back
Round trip time was 1.0047 milliseconds in repetition 298
tcp_ping received 262144 bytes back
Round trip time was 1.10732 milliseconds in repetition 299
tcp_ping received 262144 bytes back
Round trip time was 1.00998 milliseconds in repetition 300
tcp_ping received 262144 bytes back
Round trip time was 0.980936 milliseconds in repetition 301
tcp_ping received 262144 bytes back
Round trip time was 0.997272 milliseconds in repetition 302
tcp_ping received 262144 bytes back
Round trip time was 0.995718 milliseconds in repetition 303
tcp_ping received 262144 bytes back
Round trip time was 0.982422 milliseconds in repetition 304
tcp_ping received 262144 bytes back
Round trip time was 0.990736 milliseconds in repetition 305
tcp_ping received 262144 bytes back
Round trip time was 1.00105 milliseconds in repetition 306
tcp_ping received 262144 bytes back
Round trip time was 1.04547 milliseconds in repetition 307
tcp_ping received 262144 bytes back
Round trip time was 1.02378 milliseconds in repetition 308
tcp_ping received 262144 bytes back
Round trip time was 0.985194 milliseconds in repetition 309
tcp_ping received 262144 bytes back
Round trip time was 1.01376 milliseconds in repetition 310
tcp_ping received 262144 bytes back
Round trip time was 1.02731 milliseconds in repetition 311
tcp_ping received 262144 bytes back
Round trip time was 1.0281 milliseconds in repetition 312
tcp_ping received 262144 bytes back
Round trip time was 0.991173 milliseconds in repetition 313
tcp_ping received 262144 bytes back
Round trip time was 0.977394 milliseconds in repetition 314
tcp_ping received 262144 bytes back
Round trip time was 0.978956 milliseconds in repetition 315
tcp_ping received 262144 bytes back
Round trip time was 0.979147 milliseconds in repetition 316
tcp_ping received 262144 bytes back
Round trip time was 0.978816 milliseconds in repetition 317
tcp_ping received 262144 bytes back
Round trip time was 1.03021 milliseconds in repetition 318
tcp_ping received 262144 bytes back
Round trip time was 1.01172 milliseconds in repetition 319
tcp_ping received 262144 bytes back
Round trip time was 1.20435 milliseconds in repetition 320
tcp_ping received 262144 bytes back
Round trip time was 1.06247 milliseconds in repetition 321
tcp_ping received 262144 bytes back
Round trip time was 1.14675 milliseconds in repetition 322
tcp_ping received 262144 bytes back
Round trip time was 0.967725 milliseconds in repetition 323
tcp_ping received 262144 bytes back
Round trip time was 0.998373 milliseconds in repetition 324
tcp_ping received 262144 bytes back
Round trip time was 0.980007 milliseconds in repetition 325
tcp_ping received 262144 bytes back
Round trip time was 1.00738 milliseconds in repetition 326
tcp_ping received 262144 bytes back
Round trip time was 1.09554 milliseconds in repetition 327
tcp_ping received 262144 bytes back
Round trip time was 1.01613 milliseconds in repetition 328
tcp_ping received 262144 bytes back
Round trip time was 0.993133 milliseconds in repetition 329
tcp_ping received 262144 bytes back
Round trip time was 1.171 milliseconds in repetition 330
tcp_ping received 262144 bytes back
Round trip time was 1.02079 milliseconds in repetition 331
tcp_ping received 262144 bytes back
Round trip time was 1.05709 milliseconds in repetition 332
tcp_ping received 262144 bytes back
Round trip time was 1.0204 milliseconds in repetition 333
tcp_ping received 262144 bytes back
Round trip time was 1.0127 milliseconds in repetition 334
tcp_ping received 262144 bytes back
Round trip time was 0.979817 milliseconds in repetition 335
tcp_ping received 262144 bytes back
Round trip time was 0.979076 milliseconds in repetition 336
tcp_ping received 262144 bytes back
Round trip time was 0.989342 milliseconds in repetition 337
tcp_ping received 262144 bytes back
Round trip time was 1.00794 milliseconds in repetition 338
tcp_ping received 262144 bytes back
Round trip time was 1.0304 milliseconds in repetition 339
tcp_ping received 262144 bytes back
Round trip time was 1.00624 milliseconds in repetition 340
tcp_ping received 262144 bytes back
Round trip time was 0.976101 milliseconds in repetition 341
tcp_ping received 262144 bytes back
Round trip time was 1.00443 milliseconds in repetition 342
tcp_ping received 262144 bytes back
Round trip time was 0.974399 milliseconds in repetition 343
tcp_ping received 262144 bytes back
Round trip time was 1.00733 milliseconds in repetition 344
tcp_ping received 262144 bytes back
Round trip time was 1.01748 milliseconds in repetition 345
tcp_ping received 262144 bytes back
Round trip time was 1.05585 milliseconds in repetition 346
tcp_ping received 262144 bytes back
Round trip time was 0.983872 milliseconds in repetition 347
tcp_ping received 262144 bytes back
Round trip time was 1.01561 milliseconds in repetition 348
tcp_ping received 262144 bytes back
Round trip time was 1.00343 milliseconds in repetition 349
tcp_ping received 262144 bytes back
Round trip time was 1.06562 milliseconds in repetition 350
tcp_ping received 262144 bytes back
Round trip time was 0.994273 milliseconds in repetition 351
tcp_ping received 262144 bytes back
Round trip time was 1.0003 milliseconds in repetition 352
tcp_ping received 262144 bytes back
Round trip time was 0.98664 milliseconds in repetition 353
tcp_ping received 262144 bytes back
Round trip time was 0.955392 milliseconds in repetition 354
tcp_ping received 262144 bytes back
Round trip time was 0.978586 milliseconds in repetition 355
tcp_ping received 262144 bytes back
Round trip time was 0.985366 milliseconds in repetition 356
tcp_ping received 262144 bytes back
Round trip time was 1.03974 milliseconds in repetition 357
tcp_ping received 262144 bytes back
Round trip time was 1.01444 milliseconds in repetition 358
tcp_ping received 262144 bytes back
Round trip time was 1.03139 milliseconds in repetition 359
tcp_ping received 262144 bytes back
Round trip time was 1.05042 milliseconds in repetition 360
tcp_ping received 262144 bytes back
Round trip time was 1.02233 milliseconds in repetition 361
tcp_ping received 262144 bytes back
Round trip time was 1.00886 milliseconds in repetition 362
tcp_ping received 262144 bytes back
Round trip time was 1.02621 milliseconds in repetition 363
tcp_ping received 262144 bytes back
Round trip time was 1.02373 milliseconds in repetition 364
tcp_ping received 262144 bytes back
Round trip time was 1.03582 milliseconds in repetition 365
tcp_ping received 262144 bytes back
Round trip time was 0.991626 milliseconds in repetition 366
tcp_ping received 262144 bytes back
Round trip time was 1.1261 milliseconds in repetition 367
tcp_ping received 262144 bytes back
Round trip time was 1.02713 milliseconds in repetition 368
tcp_ping received 262144 bytes back
Round trip time was 0.978305 milliseconds in repetition 369
tcp_ping received 262144 bytes back
Round trip time was 1.00996 milliseconds in repetition 370
tcp_ping received 262144 bytes back
Round trip time was 0.980579 milliseconds in repetition 371
tcp_ping received 262144 bytes back
Round trip time was 0.974989 milliseconds in repetition 372
tcp_ping received 262144 bytes back
Round trip time was 0.985899 milliseconds in repetition 373
tcp_ping received 262144 bytes back
Round trip time was 0.977594 milliseconds in repetition 374
tcp_ping received 262144 bytes back
Round trip time was 1.02636 milliseconds in repetition 375
tcp_ping received 262144 bytes back
Round trip time was 0.988932 milliseconds in repetition 376
tcp_ping received 262144 bytes back
Round trip time was 0.999155 milliseconds in repetition 377
tcp_ping received 262144 bytes back
Round trip time was 1.03745 milliseconds in repetition 378
tcp_ping received 262144 bytes back
Round trip time was 0.987914 milliseconds in repetition 379
tcp_ping received 262144 bytes back
Round trip time was 0.989653 milliseconds in repetition 380
tcp_ping received 262144 bytes back
Round trip time was 0.99071 milliseconds in repetition 381
tcp_ping received 262144 bytes back
Round trip time was 0.96321 milliseconds in repetition 382
tcp_ping received 262144 bytes back
Round trip time was 1.00721 milliseconds in repetition 383
tcp_ping received 262144 bytes back
Round trip time was 0.977505 milliseconds in repetition 384
tcp_ping received 262144 bytes back
Round trip time was 1.00851 milliseconds in repetition 385
tcp_ping received 262144 bytes back
Round trip time was 1.21439 milliseconds in repetition 386
tcp_ping received 262144 bytes back
Round trip time was 0.991209 milliseconds in repetition 387
tcp_ping received 262144 bytes back
Round trip time was 1.03106 milliseconds in repetition 388
tcp_ping received 262144 bytes back
Round trip time was 0.978539 milliseconds in repetition 389
tcp_ping received 262144 bytes back
Round trip time was 1.0041 milliseconds in repetition 390
tcp_ping received 262144 bytes back
Round trip time was 0.984417 milliseconds in repetition 391
tcp_ping received 262144 bytes back
Round trip time was 0.985686 milliseconds in repetition 392
tcp_ping received 262144 bytes back
Round trip time was 0.975954 milliseconds in repetition 393
tcp_ping received 262144 bytes back
Round trip time was 0.977934 milliseconds in repetition 394
tcp_ping received 262144 bytes back
Round trip time was 0.97539 milliseconds in repetition 395
tcp_ping received 262144 bytes back
Round trip time was 1.33623 milliseconds in repetition 396
tcp_ping received 262144 bytes back
Round trip time was 1.03318 milliseconds in repetition 397
tcp_ping received 262144 bytes back
Round trip time was 0.990442 milliseconds in repetition 398
tcp_ping received 262144 bytes back
Round trip time was 0.981883 milliseconds in repetition 399
tcp_ping received 262144 bytes back
Round trip time was 0.976021 milliseconds in repetition 400
tcp_ping received 262144 bytes back
Round trip time was 0.985749 milliseconds in repetition 401
tcp_ping received 262144 bytes back
Round trip time was 0.977393 milliseconds in repetition 402
tcp_ping received 262144 bytes back
Round trip time was 0.984266 milliseconds in repetition 403
tcp_ping received 262144 bytes back
Round trip time was 1.00318 milliseconds in repetition 404
tcp_ping received 262144 bytes back
Round trip time was 0.993647 milliseconds in repetition 405
tcp_ping received 262144 bytes back
Round trip time was 1.00321 milliseconds in repetition 406
tcp_ping received 262144 bytes back
Round trip time was 1.011 milliseconds in repetition 407
tcp_ping received 262144 bytes back
Round trip time was 0.976121 milliseconds in repetition 408
tcp_ping received 262144 bytes back
Round trip time was 0.975 milliseconds in repetition 409
tcp_ping received 262144 bytes back
Round trip time was 0.993595 milliseconds in repetition 410
tcp_ping received 262144 bytes back
Round trip time was 0.994243 milliseconds in repetition 411
tcp_ping received 262144 bytes back
Round trip time was 0.982463 milliseconds in repetition 412
tcp_ping received 262144 bytes back
Round trip time was 1.03984 milliseconds in repetition 413
tcp_ping received 262144 bytes back
Round trip time was 1.01222 milliseconds in repetition 414
tcp_ping received 262144 bytes back
Round trip time was 0.981589 milliseconds in repetition 415
tcp_ping received 262144 bytes back
Round trip time was 1.02016 milliseconds in repetition 416
tcp_ping received 262144 bytes back
Round trip time was 0.974117 milliseconds in repetition 417
tcp_ping received 262144 bytes back
Round trip time was 0.989847 milliseconds in repetition 418
tcp_ping received 262144 bytes back
Round trip time was 1.02022 milliseconds in repetition 419
tcp_ping received 262144 bytes back
Round trip time was 1.01105 milliseconds in repetition 420
tcp_ping received 262144 bytes back
Round trip time was 0.985859 milliseconds in repetition 421
tcp_ping received 262144 bytes back
Round trip time was 0.949172 milliseconds in repetition 422
tcp_ping received 262144 bytes back
Round trip time was 0.978656 milliseconds in repetition 423
tcp_ping received 262144 bytes back
Round trip time was 0.985179 milliseconds in repetition 424
tcp_ping received 262144 bytes back
Round trip time was 0.982169 milliseconds in repetition 425
tcp_ping received 262144 bytes back
Round trip time was 1.05526 milliseconds in repetition 426
tcp_ping received 262144 bytes back
Round trip time was 0.983342 milliseconds in repetition 427
tcp_ping received 262144 bytes back
Round trip time was 1.15159 milliseconds in repetition 428
tcp_ping received 262144 bytes back
Round trip time was 0.997242 milliseconds in repetition 429
tcp_ping received 262144 bytes back
Round trip time was 0.98115 milliseconds in repetition 430
tcp_ping received 262144 bytes back
Round trip time was 0.981201 milliseconds in repetition 431
tcp_ping received 262144 bytes back
Round trip time was 0.981722 milliseconds in repetition 432
tcp_ping received 262144 bytes back
Round trip time was 1.03191 milliseconds in repetition 433
tcp_ping received 262144 bytes back
Round trip time was 0.962582 milliseconds in repetition 434
tcp_ping received 262144 bytes back
Round trip time was 1.00154 milliseconds in repetition 435
tcp_ping received 262144 bytes back
Round trip time was 1.02428 milliseconds in repetition 436
tcp_ping received 262144 bytes back
Round trip time was 0.977093 milliseconds in repetition 437
tcp_ping received 262144 bytes back
Round trip time was 0.990988 milliseconds in repetition 438
tcp_ping received 262144 bytes back
Round trip time was 0.986708 milliseconds in repetition 439
tcp_ping received 262144 bytes back
Round trip time was 1.13466 milliseconds in repetition 440
tcp_ping received 262144 bytes back
Round trip time was 0.982513 milliseconds in repetition 441
tcp_ping received 262144 bytes back
Round trip time was 0.984493 milliseconds in repetition 442
tcp_ping received 262144 bytes back
Round trip time was 0.992021 milliseconds in repetition 443
tcp_ping received 262144 bytes back
Round trip time was 1.01557 milliseconds in repetition 444
tcp_ping received 262144 bytes back
Round trip time was 1.06923 milliseconds in repetition 445
tcp_ping received 262144 bytes back
Round trip time was 0.972608 milliseconds in repetition 446
tcp_ping received 262144 bytes back
Round trip time was 0.982262 milliseconds in repetition 447
tcp_ping received 262144 bytes back
Round trip time was 1.00404 milliseconds in repetition 448
tcp_ping received 262144 bytes back
Round trip time was 0.975991 milliseconds in repetition 449
tcp_ping received 262144 bytes back
Round trip time was 0.979046 milliseconds in repetition 450
tcp_ping received 262144 bytes back
Round trip time was 0.977744 milliseconds in repetition 451
tcp_ping received 262144 bytes back
Round trip time was 1.00818 milliseconds in repetition 452
tcp_ping received 262144 bytes back
Round trip time was 1.00586 milliseconds in repetition 453
tcp_ping received 262144 bytes back
Round trip time was 1.00368 milliseconds in repetition 454
tcp_ping received 262144 bytes back
Round trip time was 1.0265 milliseconds in repetition 455
tcp_ping received 262144 bytes back
Round trip time was 0.988273 milliseconds in repetition 456
tcp_ping received 262144 bytes back
Round trip time was 1.01505 milliseconds in repetition 457
tcp_ping received 262144 bytes back
Round trip time was 0.995226 milliseconds in repetition 458
tcp_ping received 262144 bytes back
Round trip time was 1.01655 milliseconds in repetition 459
tcp_ping received 262144 bytes back
Round trip time was 1.02801 milliseconds in repetition 460
tcp_ping received 262144 bytes back
Round trip time was 1.00657 milliseconds in repetition 461
tcp_ping received 262144 bytes back
Round trip time was 1.00165 milliseconds in repetition 462
tcp_ping received 262144 bytes back
Round trip time was 0.995564 milliseconds in repetition 463
tcp_ping received 262144 bytes back
Round trip time was 1.01291 milliseconds in repetition 464
tcp_ping received 262144 bytes back
Round trip time was 1.05546 milliseconds in repetition 465
tcp_ping received 262144 bytes back
Round trip time was 0.984053 milliseconds in repetition 466
tcp_ping received 262144 bytes back
Round trip time was 1.01416 milliseconds in repetition 467
tcp_ping received 262144 bytes back
Round trip time was 0.980149 milliseconds in repetition 468
tcp_ping received 262144 bytes back
Round trip time was 1.00045 milliseconds in repetition 469
tcp_ping received 262144 bytes back
Round trip time was 0.979357 milliseconds in repetition 470
tcp_ping received 262144 bytes back
Round trip time was 0.98663 milliseconds in repetition 471
tcp_ping received 262144 bytes back
Round trip time was 1.00592 milliseconds in repetition 472
tcp_ping received 262144 bytes back
Round trip time was 1.31776 milliseconds in repetition 473
tcp_ping received 262144 bytes back
Round trip time was 1.35144 milliseconds in repetition 474
tcp_ping received 262144 bytes back
Round trip time was 1.06987 milliseconds in repetition 475
tcp_ping received 262144 bytes back
Round trip time was 1.02895 milliseconds in repetition 476
tcp_ping received 262144 bytes back
Round trip time was 1.04418 milliseconds in repetition 477
tcp_ping received 262144 bytes back
Round trip time was 1.00256 milliseconds in repetition 478
tcp_ping received 262144 bytes back
Round trip time was 1.00196 milliseconds in repetition 479
tcp_ping received 262144 bytes back
Round trip time was 1.14468 milliseconds in repetition 480
tcp_ping received 262144 bytes back
Round trip time was 0.984697 milliseconds in repetition 481
tcp_ping received 262144 bytes back
Round trip time was 1.01752 milliseconds in repetition 482
tcp_ping received 262144 bytes back
Round trip time was 1.02488 milliseconds in repetition 483
tcp_ping received 262144 bytes back
Round trip time was 0.994104 milliseconds in repetition 484
tcp_ping received 262144 bytes back
Round trip time was 1.00335 milliseconds in repetition 485
tcp_ping received 262144 bytes back
Round trip time was 1.01963 milliseconds in repetition 486
tcp_ping received 262144 bytes back
Round trip time was 1.00621 milliseconds in repetition 487
tcp_ping received 262144 bytes back
Round trip time was 1.02897 milliseconds in repetition 488
tcp_ping received 262144 bytes back
Round trip time was 1.05791 milliseconds in repetition 489
tcp_ping received 262144 bytes back
Round trip time was 0.981276 milliseconds in repetition 490
tcp_ping received 262144 bytes back
Round trip time was 0.977649 milliseconds in repetition 491
tcp_ping received 262144 bytes back
Round trip time was 0.988655 milliseconds in repetition 492
tcp_ping received 262144 bytes back
Round trip time was 1.00073 milliseconds in repetition 493
tcp_ping received 262144 bytes back
Round trip time was 1.02195 milliseconds in repetition 494
tcp_ping received 262144 bytes back
Round trip time was 1.01057 milliseconds in repetition 495
tcp_ping received 262144 bytes back
Round trip time was 1.02891 milliseconds in repetition 496
tcp_ping received 262144 bytes back
Round trip time was 1.0048 milliseconds in repetition 497
tcp_ping received 262144 bytes back
Round trip time was 1.00367 milliseconds in repetition 498
tcp_ping received 262144 bytes back
Round trip time was 0.980118 milliseconds in repetition 499
tcp_ping received 262144 bytes back
Round trip time was 0.988014 milliseconds in repetition 500
tcp_ping received 262144 bytes back
Round trip time was 0.987879 milliseconds in repetition 501

 ... clock resolution was 1e-06 h_min=0.949171,  h_max=1.80461, h_incr=0.042772
     rtt[0]=0.949172
     rtt[1]=0.951966
     rtt[2]=0.955392
     rtt[3]=0.956144
     rtt[4]=0.962582
     rtt[5]=0.96321
     rtt[6]=0.963427
     rtt[7]=0.964059
     rtt[8]=0.965237
     rtt[9]=0.967725
     rtt[10]=0.96853
     rtt[11]=0.970611
     rtt[12]=0.971101
     rtt[13]=0.971271
     rtt[14]=0.971803
     rtt[15]=0.9719
     rtt[16]=0.972608
     rtt[17]=0.973095
     rtt[18]=0.973325
     rtt[19]=0.973407
     rtt[20]=0.973607
     rtt[21]=0.973861
     rtt[22]=0.974017
     rtt[23]=0.974117
     rtt[24]=0.974399
     rtt[25]=0.974417
     rtt[26]=0.974528
     rtt[27]=0.974549
     rtt[28]=0.974989
     rtt[29]=0.975
     rtt[30]=0.975019
     rtt[31]=0.975129
     rtt[32]=0.97539
     rtt[33]=0.975431
     rtt[34]=0.97546
     rtt[35]=0.975537
     rtt[36]=0.975954
     rtt[37]=0.975991
     rtt[38]=0.976021
     rtt[39]=0.976101
     rtt[40]=0.976121
     rtt[41]=0.976241
     rtt[42]=0.976902
     rtt[43]=0.976962
     rtt[44]=0.977093
     rtt[45]=0.977263
     rtt[46]=0.977384
     rtt[47]=0.977393
     rtt[48]=0.977394
     rtt[49]=0.977505
     rtt[50]=0.977594
     rtt[51]=0.977649
     rtt[52]=0.977744
     rtt[53]=0.977814
     rtt[54]=0.977934
     rtt[55]=0.978064
     rtt[56]=0.978225
     rtt[57]=0.978305
     rtt[58]=0.978315
     rtt[59]=0.978539
     rtt[60]=0.978586
     rtt[61]=0.978656
     rtt[62]=0.978816
     rtt[63]=0.978876
     rtt[64]=0.978956
     rtt[65]=0.978992
     rtt[66]=0.979046
     rtt[67]=0.979056
     rtt[68]=0.979076
     rtt[69]=0.979147
     rtt[70]=0.979152
     rtt[71]=0.979357
     rtt[72]=0.979474
     rtt[73]=0.979817
     rtt[74]=0.979949
     rtt[75]=0.980007
     rtt[76]=0.980118
     rtt[77]=0.980128
     rtt[78]=0.980129
     rtt[79]=0.980149
     rtt[80]=0.980195
     rtt[81]=0.980299
     rtt[82]=0.980449
     rtt[83]=0.980579
     rtt[84]=0.98093
     rtt[85]=0.980936
     rtt[86]=0.981
     rtt[87]=0.981115
     rtt[88]=0.98115
     rtt[89]=0.981201
     rtt[90]=0.981232
     rtt[91]=0.981245
     rtt[92]=0.981276
     rtt[93]=0.981589
     rtt[94]=0.981722
     rtt[95]=0.981883
     rtt[96]=0.982042
     rtt[97]=0.982098
     rtt[98]=0.982169
     rtt[99]=0.982252
     rtt[100]=0.982262
     rtt[101]=0.982278
     rtt[102]=0.982373
     rtt[103]=0.982422
     rtt[104]=0.982463
     rtt[105]=0.98247
     rtt[106]=0.982513
     rtt[107]=0.98296
     rtt[108]=0.983144
     rtt[109]=0.983342
     rtt[110]=0.983455
     rtt[111]=0.983521
     rtt[112]=0.983616
     rtt[113]=0.983789
     rtt[114]=0.983872
     rtt[115]=0.984053
     rtt[116]=0.984266
     rtt[117]=0.984417
     rtt[118]=0.984493
     rtt[119]=0.984697
     rtt[120]=0.985179
     rtt[121]=0.985194
     rtt[122]=0.985366
     rtt[123]=0.985445
     rtt[124]=0.985686
     rtt[125]=0.985749
     rtt[126]=0.985859
     rtt[127]=0.985899
     rtt[128]=0.985926
     rtt[129]=0.986488
     rtt[130]=0.98663
     rtt[131]=0.98664
     rtt[132]=0.986708
     rtt[133]=0.986896
     rtt[134]=0.987334
     rtt[135]=0.987392
     rtt[136]=0.987567
     rtt[137]=0.987692
     rtt[138]=0.987719
     rtt[139]=0.987753
     rtt[140]=0.987879
     rtt[141]=0.987914
     rtt[142]=0.988014
     rtt[143]=0.988273
     rtt[144]=0.988655
     rtt[145]=0.988692
     rtt[146]=0.98879
     rtt[147]=0.988932
     rtt[148]=0.988998
     rtt[149]=0.989156
     rtt[150]=0.989342
     rtt[151]=0.989595
     rtt[152]=0.989653
     rtt[153]=0.989753
     rtt[154]=0.989847
     rtt[155]=0.990144
     rtt[156]=0.990362
     rtt[157]=0.990442
     rtt[158]=0.990649
     rtt[159]=0.990683
     rtt[160]=0.99071
     rtt[161]=0.990736
     rtt[162]=0.990759
     rtt[163]=0.990988
     rtt[164]=0.991173
     rtt[165]=0.991209
     rtt[166]=0.991427
     rtt[167]=0.991626
     rtt[168]=0.992021
     rtt[169]=0.992041
     rtt[170]=0.992051
     rtt[171]=0.992552
     rtt[172]=0.992632
     rtt[173]=0.992759
     rtt[174]=0.992973
     rtt[175]=0.993117
     rtt[176]=0.993133
     rtt[177]=0.993595
     rtt[178]=0.993647
     rtt[179]=0.994104
     rtt[180]=0.994243
     rtt[181]=0.994273
     rtt[182]=0.995226
     rtt[183]=0.995397
     rtt[184]=0.995564
     rtt[185]=0.995718
     rtt[186]=0.995972
     rtt[187]=0.996119
     rtt[188]=0.996345
     rtt[189]=0.996537
     rtt[190]=0.996709
     rtt[191]=0.996831
     rtt[192]=0.996855
     rtt[193]=0.997242
     rtt[194]=0.997272
     rtt[195]=0.997425
     rtt[196]=0.997553
     rtt[197]=0.997772
     rtt[198]=0.997988
     rtt[199]=0.998373
     rtt[200]=0.998573
     rtt[201]=0.998627
     rtt[202]=0.998804
     rtt[203]=0.998998
     rtt[204]=0.999097
     rtt[205]=0.999155
     rtt[206]=0.999535
     rtt[207]=0.999556
     rtt[208]=0.999826
     rtt[209]=0.999858
     rtt[210]=1.0003
     rtt[211]=1.00045
     rtt[212]=1.0006
     rtt[213]=1.00063
     rtt[214]=1.00073
     rtt[215]=1.00097
     rtt[216]=1.00105
     rtt[217]=1.00142
     rtt[218]=1.0015
     rtt[219]=1.00154
     rtt[220]=1.00165
     rtt[221]=1.00169
     rtt[222]=1.00178
     rtt[223]=1.00196
     rtt[224]=1.00203
     rtt[225]=1.00252
     rtt[226]=1.00256
     rtt[227]=1.00277
     rtt[228]=1.00317
     rtt[229]=1.00318
     rtt[230]=1.00318
     rtt[231]=1.0032
     rtt[232]=1.00321
     rtt[233]=1.00335
     rtt[234]=1.00343
     rtt[235]=1.00367
     rtt[236]=1.00368
     rtt[237]=1.00394
     rtt[238]=1.00402
     rtt[239]=1.00404
     rtt[240]=1.0041
     rtt[241]=1.00417
     rtt[242]=1.00443
     rtt[243]=1.00465
     rtt[244]=1.0047
     rtt[245]=1.0048
     rtt[246]=1.00511
     rtt[247]=1.00579
     rtt[248]=1.00586
     rtt[249]=1.00592
     rtt[250]=1.00619
     rtt[251]=1.00621
     rtt[252]=1.00624
     rtt[253]=1.00657
     rtt[254]=1.00663
     rtt[255]=1.00697
     rtt[256]=1.00699
     rtt[257]=1.00721
     rtt[258]=1.00733
     rtt[259]=1.00737
     rtt[260]=1.00738
     rtt[261]=1.00779
     rtt[262]=1.00781
     rtt[263]=1.00794
     rtt[264]=1.00817
     rtt[265]=1.00818
     rtt[266]=1.00822
     rtt[267]=1.00851
     rtt[268]=1.00852
     rtt[269]=1.00878
     rtt[270]=1.00879
     rtt[271]=1.00886
     rtt[272]=1.00886
     rtt[273]=1.00892
     rtt[274]=1.00967
     rtt[275]=1.00969
     rtt[276]=1.00982
     rtt[277]=1.00982
     rtt[278]=1.00984
     rtt[279]=1.00996
     rtt[280]=1.00998
     rtt[281]=1.01042
     rtt[282]=1.01043
     rtt[283]=1.01057
     rtt[284]=1.01061
     rtt[285]=1.011
     rtt[286]=1.01105
     rtt[287]=1.01107
     rtt[288]=1.01172
     rtt[289]=1.01195
     rtt[290]=1.01222
     rtt[291]=1.0127
     rtt[292]=1.0129
     rtt[293]=1.01291
     rtt[294]=1.01376
     rtt[295]=1.01382
     rtt[296]=1.01416
     rtt[297]=1.0143
     rtt[298]=1.01444
     rtt[299]=1.01481
     rtt[300]=1.01505
     rtt[301]=1.01521
     rtt[302]=1.0154
     rtt[303]=1.01557
     rtt[304]=1.01561
     rtt[305]=1.01588
     rtt[306]=1.01613
     rtt[307]=1.01655
     rtt[308]=1.01659
     rtt[309]=1.01671
     rtt[310]=1.01679
     rtt[311]=1.01679
     rtt[312]=1.01739
     rtt[313]=1.01748
     rtt[314]=1.01752
     rtt[315]=1.01785
     rtt[316]=1.0184
     rtt[317]=1.01841
     rtt[318]=1.01874
     rtt[319]=1.01874
     rtt[320]=1.01963
     rtt[321]=1.02
     rtt[322]=1.02016
     rtt[323]=1.02022
     rtt[324]=1.0204
     rtt[325]=1.02079
     rtt[326]=1.02132
     rtt[327]=1.02166
     rtt[328]=1.02178
     rtt[329]=1.02187
     rtt[330]=1.02195
     rtt[331]=1.02233
     rtt[332]=1.02233
     rtt[333]=1.0226
     rtt[334]=1.02265
     rtt[335]=1.02307
     rtt[336]=1.02373
     rtt[337]=1.02378
     rtt[338]=1.02428
     rtt[339]=1.02488
     rtt[340]=1.02596
     rtt[341]=1.02607
     rtt[342]=1.02621
     rtt[343]=1.02636
     rtt[344]=1.02645
     rtt[345]=1.0265
     rtt[346]=1.02713
     rtt[347]=1.02725
     rtt[348]=1.02731
     rtt[349]=1.02747
     rtt[350]=1.02751
     rtt[351]=1.02801
     rtt[352]=1.0281
     rtt[353]=1.02813
     rtt[354]=1.02837
     rtt[355]=1.02858
     rtt[356]=1.02891
     rtt[357]=1.02895
     rtt[358]=1.02897
     rtt[359]=1.02929
     rtt[360]=1.03021
     rtt[361]=1.0304
     rtt[362]=1.03106
     rtt[363]=1.03112
     rtt[364]=1.03139
     rtt[365]=1.03147
     rtt[366]=1.0319
     rtt[367]=1.03191
     rtt[368]=1.03203
     rtt[369]=1.03251
     rtt[370]=1.03309
     rtt[371]=1.03318
     rtt[372]=1.03582
     rtt[373]=1.03602
     rtt[374]=1.03632
     rtt[375]=1.03659
     rtt[376]=1.03672
     rtt[377]=1.03745
     rtt[378]=1.03762
     rtt[379]=1.03825
     rtt[380]=1.03829
     rtt[381]=1.03887
     rtt[382]=1.03931
     rtt[383]=1.03974
     rtt[384]=1.03977
     rtt[385]=1.03984
     rtt[386]=1.03995
     rtt[387]=1.04171
     rtt[388]=1.0424
     rtt[389]=1.04311
     rtt[390]=1.04314
     rtt[391]=1.04418
     rtt[392]=1.0442
     rtt[393]=1.04444
     rtt[394]=1.0445
     rtt[395]=1.04465
     rtt[396]=1.04535
     rtt[397]=1.04547
     rtt[398]=1.04548
     rtt[399]=1.04621
     rtt[400]=1.0476
     rtt[401]=1.05023
     rtt[402]=1.05042
     rtt[403]=1.05241
     rtt[404]=1.05244
     rtt[405]=1.05526
     rtt[406]=1.05539
     rtt[407]=1.05546
     rtt[408]=1.05585
     rtt[409]=1.05709
     rtt[410]=1.05734
     rtt[411]=1.05791
     rtt[412]=1.05827
     rtt[413]=1.05881
     rtt[414]=1.05986
     rtt[415]=1.06079
     rtt[416]=1.06247
     rtt[417]=1.06339
     rtt[418]=1.06348
     rtt[419]=1.06562
     rtt[420]=1.0677
     rtt[421]=1.06923
     rtt[422]=1.06937
     rtt[423]=1.06945
     rtt[424]=1.06987
     rtt[425]=1.07099
     rtt[426]=1.07185
     rtt[427]=1.07589
     rtt[428]=1.08383
     rtt[429]=1.08545
     rtt[430]=1.0869
     rtt[431]=1.08932
     rtt[432]=1.09048
     rtt[433]=1.09364
     rtt[434]=1.09431
     rtt[435]=1.09554
     rtt[436]=1.09931
     rtt[437]=1.09971
     rtt[438]=1.10095
     rtt[439]=1.10372
     rtt[440]=1.10401
     rtt[441]=1.10732
     rtt[442]=1.10773
     rtt[443]=1.11408
     rtt[444]=1.1164
     rtt[445]=1.1169
     rtt[446]=1.1173
     rtt[447]=1.11901
     rtt[448]=1.1229
     rtt[449]=1.12388
     rtt[450]=1.12421
     rtt[451]=1.1261
     rtt[452]=1.12614
     rtt[453]=1.1303
     rtt[454]=1.13466
     rtt[455]=1.14468
     rtt[456]=1.14675
     rtt[457]=1.15159
     rtt[458]=1.15491
     rtt[459]=1.1582
     rtt[460]=1.15874
     rtt[461]=1.16279
     rtt[462]=1.16932
     rtt[463]=1.171
     rtt[464]=1.17426
     rtt[465]=1.17665
     rtt[466]=1.18103
     rtt[467]=1.18628
     rtt[468]=1.19473
     rtt[469]=1.20435
     rtt[470]=1.20899
     rtt[471]=1.21247
     rtt[472]=1.21439
     rtt[473]=1.2203
     rtt[474]=1.22199
     rtt[475]=1.22652
     rtt[476]=1.23519
     rtt[477]=1.23727
     rtt[478]=1.24263
     rtt[479]=1.24596
     rtt[480]=1.27739
     rtt[481]=1.28007
     rtt[482]=1.28233
     rtt[483]=1.28614
     rtt[484]=1.3057
     rtt[485]=1.30883
     rtt[486]=1.31776
     rtt[487]=1.336
     rtt[488]=1.33623
     rtt[489]=1.34228
     rtt[490]=1.3455
     rtt[491]=1.35144
     rtt[492]=1.35284
     rtt[493]=1.35443
     rtt[494]=1.36477
     rtt[495]=1.38053
     rtt[496]=1.39442
     rtt[497]=1.40821
     rtt[498]=1.67073
     rtt[499]=1.6952
     rtt[500]=1.80461

TCP Ping:  Statistics over 501 repetitions of 262144 byte messages

RTT : percentile 10: 0.977594, median: 1.00619, percentile 90: 1.12421, average: 1.03513, variance: 0.00909962

RTT histogram:
0.949171 11
0.991944 283
1.03472 115
1.07749 27
1.12026 19
1.16303 12
1.2058 9
1.24858 4
1.29135 6
1.33412 8
1.37689 3
1.41966 1
1.46244 0
1.50521 0
1.54798 0
1.59075 0
1.63352 0
1.6763 2
1.71907 0
1.76184 0
1.80461 1

   median Throughput : 521064 KB/s   overall Throughput : 506495 KB/s

