TCP Ping trying to connect to server localhost (127.0.0.1) on port 1491
 ... connected to Pong server: asking for 501 repetitions of 98304 bytes TCP messages
 ... Pong server agreed :-)
tcp_ping received 98304 bytes back
Round trip time was 0.521754 milliseconds in repetition 1
tcp_ping received 98304 bytes back
Round trip time was 0.444669 milliseconds in repetition 2
tcp_ping received 98304 bytes back
Round trip time was 0.427947 milliseconds in repetition 3
tcp_ping received 98304 bytes back
Round trip time was 0.407944 milliseconds in repetition 4
tcp_ping received 98304 bytes back
Round trip time was 0.458712 milliseconds in repetition 5
tcp_ping received 98304 bytes back
Round trip time was 0.417953 milliseconds in repetition 6
tcp_ping received 98304 bytes back
Round trip time was 0.428504 milliseconds in repetition 7
tcp_ping received 98304 bytes back
Round trip time was 0.415737 milliseconds in repetition 8
tcp_ping received 98304 bytes back
Round trip time was 0.425724 milliseconds in repetition 9
tcp_ping received 98304 bytes back
Round trip time was 0.441859 milliseconds in repetition 10
tcp_ping received 98304 bytes back
Round trip time was 0.653395 milliseconds in repetition 11
tcp_ping received 98304 bytes back
Round trip time was 0.889609 milliseconds in repetition 12
tcp_ping received 98304 bytes back
Round trip time was 0.46908 milliseconds in repetition 13
tcp_ping received 98304 bytes back
Round trip time was 0.429838 milliseconds in repetition 14
tcp_ping received 98304 bytes back
Round trip time was 0.429674 milliseconds in repetition 15
tcp_ping received 98304 bytes back
Round trip time was 0.426541 milliseconds in repetition 16
tcp_ping received 98304 bytes back
Round trip time was 0.428949 milliseconds in repetition 17
tcp_ping received 98304 bytes back
Round trip time was 0.422041 milliseconds in repetition 18
tcp_ping received 98304 bytes back
Round trip time was 0.407365 milliseconds in repetition 19
tcp_ping received 98304 bytes back
Round trip time was 0.513935 milliseconds in repetition 20
tcp_ping received 98304 bytes back
Round trip time was 0.429887 milliseconds in repetition 21
tcp_ping received 98304 bytes back
Round trip time was 0.565461 milliseconds in repetition 22
tcp_ping received 98304 bytes back
Round trip time was 0.460574 milliseconds in repetition 23
tcp_ping received 98304 bytes back
Round trip time was 0.438255 milliseconds in repetition 24
tcp_ping received 98304 bytes back
Round trip time was 0.600127 milliseconds in repetition 25
tcp_ping received 98304 bytes back
Round trip time was 0.444242 milliseconds in repetition 26
tcp_ping received 98304 bytes back
Round trip time was 0.470601 milliseconds in repetition 27
tcp_ping received 98304 bytes back
Round trip time was 0.438482 milliseconds in repetition 28
tcp_ping received 98304 bytes back
Round trip time was 0.451119 milliseconds in repetition 29
tcp_ping received 98304 bytes back
Round trip time was 0.547035 milliseconds in repetition 30
tcp_ping received 98304 bytes back
Round trip time was 0.564771 milliseconds in repetition 31
tcp_ping received 98304 bytes back
Round trip time was 0.416783 milliseconds in repetition 32
tcp_ping received 98304 bytes back
Round trip time was 0.493054 milliseconds in repetition 33
tcp_ping received 98304 bytes back
Round trip time was 0.465343 milliseconds in repetition 34
tcp_ping received 98304 bytes back
Round trip time was 0.520398 milliseconds in repetition 35
tcp_ping received 98304 bytes back
Round trip time was 0.412454 milliseconds in repetition 36
tcp_ping received 98304 bytes back
Round trip time was 0.447255 milliseconds in repetition 37
tcp_ping received 98304 bytes back
Round trip time was 0.600198 milliseconds in repetition 38
tcp_ping received 98304 bytes back
Round trip time was 0.499491 milliseconds in repetition 39
tcp_ping received 98304 bytes back
Round trip time was 0.447117 milliseconds in repetition 40
tcp_ping received 98304 bytes back
Round trip time was 0.455744 milliseconds in repetition 41
tcp_ping received 98304 bytes back
Round trip time was 0.422001 milliseconds in repetition 42
tcp_ping received 98304 bytes back
Round trip time was 0.462157 milliseconds in repetition 43
tcp_ping received 98304 bytes back
Round trip time was 0.508601 milliseconds in repetition 44
tcp_ping received 98304 bytes back
Round trip time was 0.42038 milliseconds in repetition 45
tcp_ping received 98304 bytes back
Round trip time was 0.422323 milliseconds in repetition 46
tcp_ping received 98304 bytes back
Round trip time was 0.414719 milliseconds in repetition 47
tcp_ping received 98304 bytes back
Round trip time was 0.427316 milliseconds in repetition 48
tcp_ping received 98304 bytes back
Round trip time was 0.422322 milliseconds in repetition 49
tcp_ping received 98304 bytes back
Round trip time was 0.406603 milliseconds in repetition 50
tcp_ping received 98304 bytes back
Round trip time was 0.43179 milliseconds in repetition 51
tcp_ping received 98304 bytes back
Round trip time was 0.444971 milliseconds in repetition 52
tcp_ping received 98304 bytes back
Round trip time was 0.424687 milliseconds in repetition 53
tcp_ping received 98304 bytes back
Round trip time was 0.504993 milliseconds in repetition 54
tcp_ping received 98304 bytes back
Round trip time was 0.437308 milliseconds in repetition 55
tcp_ping received 98304 bytes back
Round trip time was 0.464895 milliseconds in repetition 56
tcp_ping received 98304 bytes back
Round trip time was 0.416108 milliseconds in repetition 57
tcp_ping received 98304 bytes back
Round trip time was 0.421432 milliseconds in repetition 58
tcp_ping received 98304 bytes back
Round trip time was 0.427333 milliseconds in repetition 59
tcp_ping received 98304 bytes back
Round trip time was 0.42891 milliseconds in repetition 60
tcp_ping received 98304 bytes back
Round trip time was 0.403046 milliseconds in repetition 61
tcp_ping received 98304 bytes back
Round trip time was 0.408076 milliseconds in repetition 62
tcp_ping received 98304 bytes back
Round trip time was 0.402565 milliseconds in repetition 63
tcp_ping received 98304 bytes back
Round trip time was 0.460327 milliseconds in repetition 64
tcp_ping received 98304 bytes back
Round trip time was 0.436997 milliseconds in repetition 65
tcp_ping received 98304 bytes back
Round trip time was 0.540507 milliseconds in repetition 66
tcp_ping received 98304 bytes back
Round trip time was 0.463275 milliseconds in repetition 67
tcp_ping received 98304 bytes back
Round trip time was 0.44211 milliseconds in repetition 68
tcp_ping received 98304 bytes back
Round trip time was 0.466478 milliseconds in repetition 69
tcp_ping received 98304 bytes back
Round trip time was 0.494214 milliseconds in repetition 70
tcp_ping received 98304 bytes back
Round trip time was 0.475766 milliseconds in repetition 71
tcp_ping received 98304 bytes back
Round trip time was 0.445807 milliseconds in repetition 72
tcp_ping received 98304 bytes back
Round trip time was 0.45314 milliseconds in repetition 73
tcp_ping received 98304 bytes back
Round trip time was 0.422113 milliseconds in repetition 74
tcp_ping received 98304 bytes back
Round trip time was 0.461378 milliseconds in repetition 75
tcp_ping received 98304 bytes back
Round trip time was 0.420975 milliseconds in repetition 76
tcp_ping received 98304 bytes back
Round trip time was 0.426515 milliseconds in repetition 77
tcp_ping received 98304 bytes back
Round trip time was 0.426422 milliseconds in repetition 78
tcp_ping received 98304 bytes back
Round trip time was 0.423069 milliseconds in repetition 79
tcp_ping received 98304 bytes back
Round trip time was 0.422998 milliseconds in repetition 80
tcp_ping received 98304 bytes back
Round trip time was 0.42658 milliseconds in repetition 81
tcp_ping received 98304 bytes back
Round trip time was 0.443307 milliseconds in repetition 82
tcp_ping received 98304 bytes back
Round trip time was 0.56535 milliseconds in repetition 83
tcp_ping received 98304 bytes back
Round trip time was 0.403388 milliseconds in repetition 84
tcp_ping received 98304 bytes back
Round trip time was 0.41959 milliseconds in repetition 85
tcp_ping received 98304 bytes back
Round trip time was 0.419521 milliseconds in repetition 86
tcp_ping received 98304 bytes back
Round trip time was 0.453841 milliseconds in repetition 87
tcp_ping received 98304 bytes back
Round trip time was 0.428225 milliseconds in repetition 88
tcp_ping received 98304 bytes back
Round trip time was 0.414806 milliseconds in repetition 89
tcp_ping received 98304 bytes back
Round trip time was 0.409699 milliseconds in repetition 90
tcp_ping received 98304 bytes back
Round trip time was 0.425259 milliseconds in repetition 91
tcp_ping received 98304 bytes back
Round trip time was 0.432777 milliseconds in repetition 92
tcp_ping received 98304 bytes back
Round trip time was 0.42687 milliseconds in repetition 93
tcp_ping received 98304 bytes back
Round trip time was 0.436008 milliseconds in repetition 94
tcp_ping received 98304 bytes back
Round trip time was 0.39976 milliseconds in repetition 95
tcp_ping received 98304 bytes back
Round trip time was 0.447062 milliseconds in repetition 96
tcp_ping received 98304 bytes back
Round trip time was 0.454463 milliseconds in repetition 97
tcp_ping received 98304 bytes back
Round trip time was 0.464021 milliseconds in repetition 98
tcp_ping received 98304 bytes back
Round trip time was 0.561314 milliseconds in repetition 99
tcp_ping received 98304 bytes back
Round trip time was 0.424947 milliseconds in repetition 100
tcp_ping received 98304 bytes back
Round trip time was 0.427594 milliseconds in repetition 101
tcp_ping received 98304 bytes back
Round trip time was 0.451506 milliseconds in repetition 102
tcp_ping received 98304 bytes back
Round trip time was 0.432724 milliseconds in repetition 103
tcp_ping received 98304 bytes back
Round trip time was 0.42698 milliseconds in repetition 104
tcp_ping received 98304 bytes back
Round trip time was 0.432037 milliseconds in repetition 105
tcp_ping received 98304 bytes back
Round trip time was 0.449455 milliseconds in repetition 106
tcp_ping received 98304 bytes back
Round trip time was 0.440507 milliseconds in repetition 107
tcp_ping received 98304 bytes back
Round trip time was 0.553481 milliseconds in repetition 108
tcp_ping received 98304 bytes back
Round trip time was 0.409117 milliseconds in repetition 109
tcp_ping received 98304 bytes back
Round trip time was 0.427893 milliseconds in repetition 110
tcp_ping received 98304 bytes back
Round trip time was 0.441215 milliseconds in repetition 111
tcp_ping received 98304 bytes back
Round trip time was 0.426601 milliseconds in repetition 112
tcp_ping received 98304 bytes back
Round trip time was 0.680132 milliseconds in repetition 113
tcp_ping received 98304 bytes back
Round trip time was 0.454221 milliseconds in repetition 114
tcp_ping received 98304 bytes back
Round trip time was 0.400621 milliseconds in repetition 115
tcp_ping received 98304 bytes back
Round trip time was 0.396439 milliseconds in repetition 116
tcp_ping received 98304 bytes back
Round trip time was 0.425086 milliseconds in repetition 117
tcp_ping received 98304 bytes back
Round trip time was 0.426622 milliseconds in repetition 118
tcp_ping received 98304 bytes back
Round trip time was 0.421228 milliseconds in repetition 119
tcp_ping received 98304 bytes back
Round trip time was 0.410681 milliseconds in repetition 120
tcp_ping received 98304 bytes back
Round trip time was 0.436696 milliseconds in repetition 121
tcp_ping received 98304 bytes back
Round trip time was 0.412337 milliseconds in repetition 122
tcp_ping received 98304 bytes back
Round trip time was 0.437121 milliseconds in repetition 123
tcp_ping received 98304 bytes back
Round trip time was 0.414826 milliseconds in repetition 124
tcp_ping received 98304 bytes back
Round trip time was 0.426451 milliseconds in repetition 125
tcp_ping received 98304 bytes back
Round trip time was 0.461254 milliseconds in repetition 126
tcp_ping received 98304 bytes back
Round trip time was 0.744805 milliseconds in repetition 127
tcp_ping received 98304 bytes back
Round trip time was 0.41584 milliseconds in repetition 128
tcp_ping received 98304 bytes back
Round trip time was 0.489678 milliseconds in repetition 129
tcp_ping received 98304 bytes back
Round trip time was 0.43168 milliseconds in repetition 130
tcp_ping received 98304 bytes back
Round trip time was 0.432472 milliseconds in repetition 131
tcp_ping received 98304 bytes back
Round trip time was 0.419129 milliseconds in repetition 132
tcp_ping received 98304 bytes back
Round trip time was 0.427501 milliseconds in repetition 133
tcp_ping received 98304 bytes back
Round trip time was 0.428284 milliseconds in repetition 134
tcp_ping received 98304 bytes back
Round trip time was 0.425779 milliseconds in repetition 135
tcp_ping received 98304 bytes back
Round trip time was 0.423724 milliseconds in repetition 136
tcp_ping received 98304 bytes back
Round trip time was 0.42594 milliseconds in repetition 137
tcp_ping received 98304 bytes back
Round trip time was 0.423924 milliseconds in repetition 138
tcp_ping received 98304 bytes back
Round trip time was 0.426422 milliseconds in repetition 139
tcp_ping received 98304 bytes back
Round trip time was 0.440294 milliseconds in repetition 140
tcp_ping received 98304 bytes back
Round trip time was 0.508014 milliseconds in repetition 141
tcp_ping received 98304 bytes back
Round trip time was 0.482671 milliseconds in repetition 142
tcp_ping received 98304 bytes back
Round trip time was 0.435296 milliseconds in repetition 143
tcp_ping received 98304 bytes back
Round trip time was 0.420843 milliseconds in repetition 144
tcp_ping received 98304 bytes back
Round trip time was 0.429015 milliseconds in repetition 145
tcp_ping received 98304 bytes back
Round trip time was 0.438972 milliseconds in repetition 146
tcp_ping received 98304 bytes back
Round trip time was 0.430797 milliseconds in repetition 147
tcp_ping received 98304 bytes back
Round trip time was 0.439607 milliseconds in repetition 148
tcp_ping received 98304 bytes back
Round trip time was 0.440748 milliseconds in repetition 149
tcp_ping received 98304 bytes back
Round trip time was 0.49001 milliseconds in repetition 150
tcp_ping received 98304 bytes back
Round trip time was 0.414077 milliseconds in repetition 151
tcp_ping received 98304 bytes back
Round trip time was 0.546284 milliseconds in repetition 152
tcp_ping received 98304 bytes back
Round trip time was 0.462418 milliseconds in repetition 153
tcp_ping received 98304 bytes back
Round trip time was 0.427086 milliseconds in repetition 154
tcp_ping received 98304 bytes back
Round trip time was 0.578605 milliseconds in repetition 155
tcp_ping received 98304 bytes back
Round trip time was 0.510558 milliseconds in repetition 156
tcp_ping received 98304 bytes back
Round trip time was 0.456489 milliseconds in repetition 157
tcp_ping received 98304 bytes back
Round trip time was 0.491559 milliseconds in repetition 158
tcp_ping received 98304 bytes back
Round trip time was 0.442663 milliseconds in repetition 159
tcp_ping received 98304 bytes back
Round trip time was 0.461868 milliseconds in repetition 160
tcp_ping received 98304 bytes back
Round trip time was 0.431065 milliseconds in repetition 161
tcp_ping received 98304 bytes back
Round trip time was 0.473427 milliseconds in repetition 162
tcp_ping received 98304 bytes back
Round trip time was 0.513688 milliseconds in repetition 163
tcp_ping received 98304 bytes back
Round trip time was 0.437047 milliseconds in repetition 164
tcp_ping received 98304 bytes back
Round trip time was 0.516898 milliseconds in repetition 165
tcp_ping received 98304 bytes back
Round trip time was 0.449979 milliseconds in repetition 166
tcp_ping received 98304 bytes back
Round trip time was 0.434601 milliseconds in repetition 167
tcp_ping received 98304 bytes back
Round trip time was 0.437064 milliseconds in repetition 168
tcp_ping received 98304 bytes back
Round trip time was 0.637395 milliseconds in repetition 169
tcp_ping received 98304 bytes back
Round trip time was 0.48626 milliseconds in repetition 170
tcp_ping received 98304 bytes back
Round trip time was 0.460701 milliseconds in repetition 171
tcp_ping received 98304 bytes back
Round trip time was 0.427151 milliseconds in repetition 172
tcp_ping received 98304 bytes back
Round trip time was 0.443965 milliseconds in repetition 173
tcp_ping received 98304 bytes back
Round trip time was 0.447642 milliseconds in repetition 174
tcp_ping received 98304 bytes back
Round trip time was 0.415668 milliseconds in repetition 175
tcp_ping received 98304 bytes back
Round trip time was 0.418381 milliseconds in repetition 176
tcp_ping received 98304 bytes back
Round trip time was 0.438412 milliseconds in repetition 177
tcp_ping received 98304 bytes back
Round trip time was 0.532743 milliseconds in repetition 178
tcp_ping received 98304 bytes back
Round trip time was 0.445302 milliseconds in repetition 179
tcp_ping received 98304 bytes back
Round trip time was 0.433417 milliseconds in repetition 180
tcp_ping received 98304 bytes back
Round trip time was 0.457527 milliseconds in repetition 181
tcp_ping received 98304 bytes back
Round trip time was 0.610554 milliseconds in repetition 182
tcp_ping received 98304 bytes back
Round trip time was 0.450984 milliseconds in repetition 183
tcp_ping received 98304 bytes back
Round trip time was 0.607029 milliseconds in repetition 184
tcp_ping received 98304 bytes back
Round trip time was 0.625176 milliseconds in repetition 185
tcp_ping received 98304 bytes back
Round trip time was 0.456513 milliseconds in repetition 186
tcp_ping received 98304 bytes back
Round trip time was 0.427996 milliseconds in repetition 187
tcp_ping received 98304 bytes back
Round trip time was 0.461255 milliseconds in repetition 188
tcp_ping received 98304 bytes back
Round trip time was 0.431531 milliseconds in repetition 189
tcp_ping received 98304 bytes back
Round trip time was 0.471582 milliseconds in repetition 190
tcp_ping received 98304 bytes back
Round trip time was 0.442701 milliseconds in repetition 191
tcp_ping received 98304 bytes back
Round trip time was 0.447931 milliseconds in repetition 192
tcp_ping received 98304 bytes back
Round trip time was 0.394732 milliseconds in repetition 193
tcp_ping received 98304 bytes back
Round trip time was 0.511208 milliseconds in repetition 194
tcp_ping received 98304 bytes back
Round trip time was 0.496575 milliseconds in repetition 195
tcp_ping received 98304 bytes back
Round trip time was 0.494125 milliseconds in repetition 196
tcp_ping received 98304 bytes back
Round trip time was 0.532138 milliseconds in repetition 197
tcp_ping received 98304 bytes back
Round trip time was 0.472768 milliseconds in repetition 198
tcp_ping received 98304 bytes back
Round trip time was 0.43657 milliseconds in repetition 199
tcp_ping received 98304 bytes back
Round trip time was 0.444381 milliseconds in repetition 200
tcp_ping received 98304 bytes back
Round trip time was 0.425388 milliseconds in repetition 201
tcp_ping received 98304 bytes back
Round trip time was 0.454563 milliseconds in repetition 202
tcp_ping received 98304 bytes back
Round trip time was 0.42619 milliseconds in repetition 203
tcp_ping received 98304 bytes back
Round trip time was 0.422142 milliseconds in repetition 204
tcp_ping received 98304 bytes back
Round trip time was 0.41533 milliseconds in repetition 205
tcp_ping received 98304 bytes back
Round trip time was 0.42638 milliseconds in repetition 206
tcp_ping received 98304 bytes back
Round trip time was 0.476285 milliseconds in repetition 207
tcp_ping received 98304 bytes back
Round trip time was 0.446788 milliseconds in repetition 208
tcp_ping received 98304 bytes back
Round trip time was 0.447418 milliseconds in repetition 209
tcp_ping received 98304 bytes back
Round trip time was 0.446976 milliseconds in repetition 210
tcp_ping received 98304 bytes back
Round trip time was 0.463782 milliseconds in repetition 211
tcp_ping received 98304 bytes back
Round trip time was 0.43116 milliseconds in repetition 212
tcp_ping received 98304 bytes back
Round trip time was 0.439163 milliseconds in repetition 213
tcp_ping received 98304 bytes back
Round trip time was 0.438143 milliseconds in repetition 214
tcp_ping received 98304 bytes back
Round trip time was 0.435043 milliseconds in repetition 215
tcp_ping received 98304 bytes back
Round trip time was 0.401804 milliseconds in repetition 216
tcp_ping received 98304 bytes back
Round trip time was 0.42511 milliseconds in repetition 217
tcp_ping received 98304 bytes back
Round trip time was 0.437248 milliseconds in repetition 218
tcp_ping received 98304 bytes back
Round trip time was 0.433843 milliseconds in repetition 219
tcp_ping received 98304 bytes back
Round trip time was 0.420051 milliseconds in repetition 220
tcp_ping received 98304 bytes back
Round trip time was 0.420537 milliseconds in repetition 221
tcp_ping received 98304 bytes back
Round trip time was 0.42668 milliseconds in repetition 222
tcp_ping received 98304 bytes back
Round trip time was 0.425148 milliseconds in repetition 223
tcp_ping received 98304 bytes back
Round trip time was 0.452951 milliseconds in repetition 224
tcp_ping received 98304 bytes back
Round trip time was 0.441488 milliseconds in repetition 225
tcp_ping received 98304 bytes back
Round trip time was 0.486202 milliseconds in repetition 226
tcp_ping received 98304 bytes back
Round trip time was 0.432872 milliseconds in repetition 227
tcp_ping received 98304 bytes back
Round trip time was 0.451467 milliseconds in repetition 228
tcp_ping received 98304 bytes back
Round trip time was 0.453772 milliseconds in repetition 229
tcp_ping received 98304 bytes back
Round trip time was 0.455866 milliseconds in repetition 230
tcp_ping received 98304 bytes back
Round trip time was 0.443692 milliseconds in repetition 231
tcp_ping received 98304 bytes back
Round trip time was 0.506877 milliseconds in repetition 232
tcp_ping received 98304 bytes back
Round trip time was 0.434756 milliseconds in repetition 233
tcp_ping received 98304 bytes back
Round trip time was 0.430778 milliseconds in repetition 234
tcp_ping received 98304 bytes back
Round trip time was 0.439057 milliseconds in repetition 235
tcp_ping received 98304 bytes back
Round trip time was 0.425837 milliseconds in repetition 236
tcp_ping received 98304 bytes back
Round trip time was 0.437901 milliseconds in repetition 237
tcp_ping received 98304 bytes back
Round trip time was 0.422463 milliseconds in repetition 238
tcp_ping received 98304 bytes back
Round trip time was 0.460992 milliseconds in repetition 239
tcp_ping received 98304 bytes back
Round trip time was 0.576452 milliseconds in repetition 240
tcp_ping received 98304 bytes back
Round trip time was 0.456739 milliseconds in repetition 241
tcp_ping received 98304 bytes back
Round trip time was 0.422071 milliseconds in repetition 242
tcp_ping received 98304 bytes back
Round trip time was 0.457866 milliseconds in repetition 243
tcp_ping received 98304 bytes back
Round trip time was 0.412844 milliseconds in repetition 244
tcp_ping received 98304 bytes back
Round trip time was 0.467018 milliseconds in repetition 245
tcp_ping received 98304 bytes back
Round trip time was 0.456024 milliseconds in repetition 246
tcp_ping received 98304 bytes back
Round trip time was 0.424911 milliseconds in repetition 247
tcp_ping received 98304 bytes back
Round trip time was 0.41642 milliseconds in repetition 248
tcp_ping received 98304 bytes back
Round trip time was 0.425629 milliseconds in repetition 249
tcp_ping received 98304 bytes back
Round trip time was 0.549057 milliseconds in repetition 250
tcp_ping received 98304 bytes back
Round trip time was 0.590388 milliseconds in repetition 251
tcp_ping received 98304 bytes back
Round trip time was 0.599327 milliseconds in repetition 252
tcp_ping received 98304 bytes back
Round trip time was 0.423355 milliseconds in repetition 253
tcp_ping received 98304 bytes back
Round trip time was 0.824978 milliseconds in repetition 254
tcp_ping received 98304 bytes back
Round trip time was 0.887501 milliseconds in repetition 255
tcp_ping received 98304 bytes back
Round trip time was 0.43046 milliseconds in repetition 256
tcp_ping received 98304 bytes back
Round trip time was 0.448979 milliseconds in repetition 257
tcp_ping received 98304 bytes back
Round trip time was 0.408056 milliseconds in repetition 258
tcp_ping received 98304 bytes back
Round trip time was 0.439354 milliseconds in repetition 259
tcp_ping received 98304 bytes back
Round trip time was 0.429571 milliseconds in repetition 260
tcp_ping received 98304 bytes back
Round trip time was 0.434895 milliseconds in repetition 261
tcp_ping received 98304 bytes back
Round trip time was 0.445124 milliseconds in repetition 262
tcp_ping received 98304 bytes back
Round trip time was 0.427162 milliseconds in repetition 263
tcp_ping received 98304 bytes back
Round trip time was 0.409308 milliseconds in repetition 264
tcp_ping received 98304 bytes back
Round trip time was 0.417754 milliseconds in repetition 265
tcp_ping received 98304 bytes back
Round trip time was 0.424789 milliseconds in repetition 266
tcp_ping received 98304 bytes back
Round trip time was 0.449914 milliseconds in repetition 267
tcp_ping received 98304 bytes back
Round trip time was 0.422398 milliseconds in repetition 268
tcp_ping received 98304 bytes back
Round trip time was 0.547949 milliseconds in repetition 269
tcp_ping received 98304 bytes back
Round trip time was 0.453476 milliseconds in repetition 270
tcp_ping received 98304 bytes back
Round trip time was 0.455519 milliseconds in repetition 271
tcp_ping received 98304 bytes back
Round trip time was 0.470727 milliseconds in repetition 272
tcp_ping received 98304 bytes back
Round trip time was 0.443912 milliseconds in repetition 273
tcp_ping received 98304 bytes back
Round trip time was 0.439946 milliseconds in repetition 274
tcp_ping received 98304 bytes back
Round trip time was 0.434445 milliseconds in repetition 275
tcp_ping received 98304 bytes back
Round trip time was 0.44091 milliseconds in repetition 276
tcp_ping received 98304 bytes back
Round trip time was 0.433578 milliseconds in repetition 277
tcp_ping received 98304 bytes back
Round trip time was 0.411105 milliseconds in repetition 278
tcp_ping received 98304 bytes back
Round trip time was 0.429426 milliseconds in repetition 279
tcp_ping received 98304 bytes back
Round trip time was 0.422651 milliseconds in repetition 280
tcp_ping received 98304 bytes back
Round trip time was 0.412805 milliseconds in repetition 281
tcp_ping received 98304 bytes back
Round trip time was 0.442607 milliseconds in repetition 282
tcp_ping received 98304 bytes back
Round trip time was 0.544413 milliseconds in repetition 283
tcp_ping received 98304 bytes back
Round trip time was 0.696688 milliseconds in repetition 284
tcp_ping received 98304 bytes back
Round trip time was 0.441518 milliseconds in repetition 285
tcp_ping received 98304 bytes back
Round trip time was 0.408766 milliseconds in repetition 286
tcp_ping received 98304 bytes back
Round trip time was 0.556731 milliseconds in repetition 287
tcp_ping received 98304 bytes back
Round trip time was 0.416374 milliseconds in repetition 288
tcp_ping received 98304 bytes back
Round trip time was 0.417763 milliseconds in repetition 289
tcp_ping received 98304 bytes back
Round trip time was 0.441748 milliseconds in repetition 290
tcp_ping received 98304 bytes back
Round trip time was 0.433834 milliseconds in repetition 291
tcp_ping received 98304 bytes back
Round trip time was 0.486021 milliseconds in repetition 292
tcp_ping received 98304 bytes back
Round trip time was 0.433335 milliseconds in repetition 293
tcp_ping received 98304 bytes back
Round trip time was 0.423472 milliseconds in repetition 294
tcp_ping received 98304 bytes back
Round trip time was 0.406813 milliseconds in repetition 295
tcp_ping received 98304 bytes back
Round trip time was 0.449982 milliseconds in repetition 296
tcp_ping received 98304 bytes back
Round trip time was 0.42086 milliseconds in repetition 297
tcp_ping received 98304 bytes back
Round trip time was 0.438606 milliseconds in repetition 298
tcp_ping received 98304 bytes back
Round trip time was 0.409377 milliseconds in repetition 299
tcp_ping received 98304 bytes back
Round trip time was 0.447741 milliseconds in repetition 300
tcp_ping received 98304 bytes back
Round trip time was 0.412543 milliseconds in repetition 301
tcp_ping received 98304 bytes back
Round trip time was 0.412784 milliseconds in repetition 302
tcp_ping received 98304 bytes back
Round trip time was 0.415136 milliseconds in repetition 303
tcp_ping received 98304 bytes back
Round trip time was 0.429951 milliseconds in repetition 304
tcp_ping received 98304 bytes back
Round trip time was 0.468479 milliseconds in repetition 305
tcp_ping received 98304 bytes back
Round trip time was 0.425038 milliseconds in repetition 306
tcp_ping received 98304 bytes back
Round trip time was 0.43202 milliseconds in repetition 307
tcp_ping received 98304 bytes back
Round trip time was 0.42568 milliseconds in repetition 308
tcp_ping received 98304 bytes back
Round trip time was 0.423914 milliseconds in repetition 309
tcp_ping received 98304 bytes back
Round trip time was 0.411753 milliseconds in repetition 310
tcp_ping received 98304 bytes back
Round trip time was 0.42809 milliseconds in repetition 311
tcp_ping received 98304 bytes back
Round trip time was 0.63166 milliseconds in repetition 312
tcp_ping received 98304 bytes back
Round trip time was 0.456113 milliseconds in repetition 313
tcp_ping received 98304 bytes back
Round trip time was 0.465083 milliseconds in repetition 314
tcp_ping received 98304 bytes back
Round trip time was 0.436059 milliseconds in repetition 315
tcp_ping received 98304 bytes back
Round trip time was 0.434267 milliseconds in repetition 316
tcp_ping received 98304 bytes back
Round trip time was 0.450984 milliseconds in repetition 317
tcp_ping received 98304 bytes back
Round trip time was 0.412634 milliseconds in repetition 318
tcp_ping received 98304 bytes back
Round trip time was 0.413013 milliseconds in repetition 319
tcp_ping received 98304 bytes back
Round trip time was 0.45988 milliseconds in repetition 320
tcp_ping received 98304 bytes back
Round trip time was 0.422632 milliseconds in repetition 321
tcp_ping received 98304 bytes back
Round trip time was 0.461347 milliseconds in repetition 322
tcp_ping received 98304 bytes back
Round trip time was 0.420208 milliseconds in repetition 323
tcp_ping received 98304 bytes back
Round trip time was 0.434111 milliseconds in repetition 324
tcp_ping received 98304 bytes back
Round trip time was 0.401603 milliseconds in repetition 325
tcp_ping received 98304 bytes back
Round trip time was 0.494197 milliseconds in repetition 326
tcp_ping received 98304 bytes back
Round trip time was 0.434225 milliseconds in repetition 327
tcp_ping received 98304 bytes back
Round trip time was 0.430171 milliseconds in repetition 328
tcp_ping received 98304 bytes back
Round trip time was 0.416663 milliseconds in repetition 329
tcp_ping received 98304 bytes back
Round trip time was 0.437477 milliseconds in repetition 330
tcp_ping received 98304 bytes back
Round trip time was 0.422316 milliseconds in repetition 331
tcp_ping received 98304 bytes back
Round trip time was 0.442297 milliseconds in repetition 332
tcp_ping received 98304 bytes back
Round trip time was 0.43698 milliseconds in repetition 333
tcp_ping received 98304 bytes back
Round trip time was 0.415379 milliseconds in repetition 334
tcp_ping received 98304 bytes back
Round trip time was 0.453515 milliseconds in repetition 335
tcp_ping received 98304 bytes back
Round trip time was 0.428846 milliseconds in repetition 336
tcp_ping received 98304 bytes back
Round trip time was 0.426659 milliseconds in repetition 337
tcp_ping received 98304 bytes back
Round trip time was 0.426491 milliseconds in repetition 338
tcp_ping received 98304 bytes back
Round trip time was 0.425677 milliseconds in repetition 339
tcp_ping received 98304 bytes back
Round trip time was 0.408446 milliseconds in repetition 340
tcp_ping received 98304 bytes back
Round trip time was 0.61317 milliseconds in repetition 341
tcp_ping received 98304 bytes back
Round trip time was 0.476255 milliseconds in repetition 342
tcp_ping received 98304 bytes back
Round trip time was 0.425799 milliseconds in repetition 343
tcp_ping received 98304 bytes back
Round trip time was 0.408267 milliseconds in repetition 344
tcp_ping received 98304 bytes back
Round trip time was 0.418324 milliseconds in repetition 345
tcp_ping received 98304 bytes back
Round trip time was 0.41535 milliseconds in repetition 346
tcp_ping received 98304 bytes back
Round trip time was 0.424395 milliseconds in repetition 347
tcp_ping received 98304 bytes back
Round trip time was 0.434509 milliseconds in repetition 348
tcp_ping received 98304 bytes back
Round trip time was 0.412723 milliseconds in repetition 349
tcp_ping received 98304 bytes back
Round trip time was 0.432342 milliseconds in repetition 350
tcp_ping received 98304 bytes back
Round trip time was 0.426902 milliseconds in repetition 351
tcp_ping received 98304 bytes back
Round trip time was 0.4269 milliseconds in repetition 352
tcp_ping received 98304 bytes back
Round trip time was 0.4104 milliseconds in repetition 353
tcp_ping received 98304 bytes back
Round trip time was 0.430542 milliseconds in repetition 354
tcp_ping received 98304 bytes back
Round trip time was 0.450475 milliseconds in repetition 355
tcp_ping received 98304 bytes back
Round trip time was 0.727993 milliseconds in repetition 356
tcp_ping received 98304 bytes back
Round trip time was 0.437615 milliseconds in repetition 357
tcp_ping received 98304 bytes back
Round trip time was 0.43274 milliseconds in repetition 358
tcp_ping received 98304 bytes back
Round trip time was 0.433635 milliseconds in repetition 359
tcp_ping received 98304 bytes back
Round trip time was 0.436976 milliseconds in repetition 360
tcp_ping received 98304 bytes back
Round trip time was 0.468594 milliseconds in repetition 361
tcp_ping received 98304 bytes back
Round trip time was 0.441127 milliseconds in repetition 362
tcp_ping received 98304 bytes back
Round trip time was 0.412894 milliseconds in repetition 363
tcp_ping received 98304 bytes back
Round trip time was 0.446778 milliseconds in repetition 364
tcp_ping received 98304 bytes back
Round trip time was 0.429026 milliseconds in repetition 365
tcp_ping received 98304 bytes back
Round trip time was 0.431829 milliseconds in repetition 366
tcp_ping received 98304 bytes back
Round trip time was 0.414377 milliseconds in repetition 367
tcp_ping received 98304 bytes back
Round trip time was 0.459282 milliseconds in repetition 368
tcp_ping received 98304 bytes back
Round trip time was 0.453732 milliseconds in repetition 369
tcp_ping received 98304 bytes back
Round trip time was 0.629199 milliseconds in repetition 370
tcp_ping received 98304 bytes back
Round trip time was 0.425348 milliseconds in repetition 371
tcp_ping received 98304 bytes back
Round trip time was 0.467042 milliseconds in repetition 372
tcp_ping received 98304 bytes back
Round trip time was 0.410894 milliseconds in repetition 373
tcp_ping received 98304 bytes back
Round trip time was 0.445296 milliseconds in repetition 374
tcp_ping received 98304 bytes back
Round trip time was 0.496804 milliseconds in repetition 375
tcp_ping received 98304 bytes back
Round trip time was 0.436972 milliseconds in repetition 376
tcp_ping received 98304 bytes back
Round trip time was 0.425557 milliseconds in repetition 377
tcp_ping received 98304 bytes back
Round trip time was 0.413356 milliseconds in repetition 378
tcp_ping received 98304 bytes back
Round trip time was 0.47492 milliseconds in repetition 379
tcp_ping received 98304 bytes back
Round trip time was 0.434818 milliseconds in repetition 380
tcp_ping received 98304 bytes back
Round trip time was 0.442129 milliseconds in repetition 381
tcp_ping received 98304 bytes back
Round trip time was 0.414197 milliseconds in repetition 382
tcp_ping received 98304 bytes back
Round trip time was 0.48976 milliseconds in repetition 383
tcp_ping received 98304 bytes back
Round trip time was 0.466234 milliseconds in repetition 384
tcp_ping received 98304 bytes back
Round trip time was 0.471464 milliseconds in repetition 385
tcp_ping received 98304 bytes back
Round trip time was 0.440718 milliseconds in repetition 386
tcp_ping received 98304 bytes back
Round trip time was 0.429576 milliseconds in repetition 387
tcp_ping received 98304 bytes back
Round trip time was 0.420929 milliseconds in repetition 388
tcp_ping received 98304 bytes back
Round trip time was 0.558851 milliseconds in repetition 389
tcp_ping received 98304 bytes back
Round trip time was 0.427975 milliseconds in repetition 390
tcp_ping received 98304 bytes back
Round trip time was 0.435757 milliseconds in repetition 391
tcp_ping received 98304 bytes back
Round trip time was 0.440507 milliseconds in repetition 392
tcp_ping received 98304 bytes back
Round trip time was 0.594582 milliseconds in repetition 393
tcp_ping received 98304 bytes back
Round trip time was 0.433864 milliseconds in repetition 394
tcp_ping received 98304 bytes back
Round trip time was 0.444453 milliseconds in repetition 395
tcp_ping received 98304 bytes back
Round trip time was 0.43206 milliseconds in repetition 396
tcp_ping received 98304 bytes back
Round trip time was 0.490795 milliseconds in repetition 397
tcp_ping received 98304 bytes back
Round trip time was 0.444583 milliseconds in repetition 398
tcp_ping received 98304 bytes back
Round trip time was 0.487262 milliseconds in repetition 399
tcp_ping received 98304 bytes back
Round trip time was 0.480045 milliseconds in repetition 400
tcp_ping received 98304 bytes back
Round trip time was 0.44264 milliseconds in repetition 401
tcp_ping received 98304 bytes back
Round trip time was 0.423003 milliseconds in repetition 402
tcp_ping received 98304 bytes back
Round trip time was 0.441398 milliseconds in repetition 403
tcp_ping received 98304 bytes back
Round trip time was 0.413917 milliseconds in repetition 404
tcp_ping received 98304 bytes back
Round trip time was 0.434021 milliseconds in repetition 405
tcp_ping received 98304 bytes back
Round trip time was 0.450798 milliseconds in repetition 406
tcp_ping received 98304 bytes back
Round trip time was 0.419474 milliseconds in repetition 407
tcp_ping received 98304 bytes back
Round trip time was 0.418168 milliseconds in repetition 408
tcp_ping received 98304 bytes back
Round trip time was 0.425808 milliseconds in repetition 409
tcp_ping received 98304 bytes back
Round trip time was 0.428335 milliseconds in repetition 410
tcp_ping received 98304 bytes back
Round trip time was 0.431789 milliseconds in repetition 411
tcp_ping received 98304 bytes back
Round trip time was 0.436901 milliseconds in repetition 412
tcp_ping received 98304 bytes back
Round trip time was 0.477946 milliseconds in repetition 413
tcp_ping received 98304 bytes back
Round trip time was 0.500174 milliseconds in repetition 414
tcp_ping received 98304 bytes back
Round trip time was 0.45827 milliseconds in repetition 415
tcp_ping received 98304 bytes back
Round trip time was 0.41096 milliseconds in repetition 416
tcp_ping received 98304 bytes back
Round trip time was 0.449848 milliseconds in repetition 417
tcp_ping received 98304 bytes back
Round trip time was 0.407384 milliseconds in repetition 418
tcp_ping received 98304 bytes back
Round trip time was 0.46336 milliseconds in repetition 419
tcp_ping received 98304 bytes back
Round trip time was 0.420359 milliseconds in repetition 420
tcp_ping received 98304 bytes back
Round trip time was 0.468902 milliseconds in repetition 421
tcp_ping received 98304 bytes back
Round trip time was 0.421876 milliseconds in repetition 422
tcp_ping received 98304 bytes back
Round trip time was 0.398398 milliseconds in repetition 423
tcp_ping received 98304 bytes back
Round trip time was 0.39437 milliseconds in repetition 424
tcp_ping received 98304 bytes back
Round trip time was 0.513638 milliseconds in repetition 425
tcp_ping received 98304 bytes back
Round trip time was 0.459791 milliseconds in repetition 426
tcp_ping received 98304 bytes back
Round trip time was 0.685973 milliseconds in repetition 427
tcp_ping received 98304 bytes back
Round trip time was 0.487784 milliseconds in repetition 428
tcp_ping received 98304 bytes back
Round trip time was 0.463694 milliseconds in repetition 429
tcp_ping received 98304 bytes back
Round trip time was 0.418085 milliseconds in repetition 430
tcp_ping received 98304 bytes back
Round trip time was 0.45939 milliseconds in repetition 431
tcp_ping received 98304 bytes back
Round trip time was 0.43599 milliseconds in repetition 432
tcp_ping received 98304 bytes back
Round trip time was 0.434493 milliseconds in repetition 433
tcp_ping received 98304 bytes back
Round trip time was 0.443503 milliseconds in repetition 434
tcp_ping received 98304 bytes back
Round trip time was 0.436861 milliseconds in repetition 435
tcp_ping received 98304 bytes back
Round trip time was 0.441877 milliseconds in repetition 436
tcp_ping received 98304 bytes back
Round trip time was 0.449289 milliseconds in repetition 437
tcp_ping received 98304 bytes back
Round trip time was 0.443205 milliseconds in repetition 438
tcp_ping received 98304 bytes back
Round trip time was 0.467858 milliseconds in repetition 439
tcp_ping received 98304 bytes back
Round trip time was 0.430686 milliseconds in repetition 440
tcp_ping received 98304 bytes back
Round trip time was 0.417804 milliseconds in repetition 441
tcp_ping received 98304 bytes back
Round trip time was 0.526978 milliseconds in repetition 442
tcp_ping received 98304 bytes back
Round trip time was 0.447361 milliseconds in repetition 443
tcp_ping received 98304 bytes back
Round trip time was 0.467808 milliseconds in repetition 444
tcp_ping received 98304 bytes back
Round trip time was 0.416722 milliseconds in repetition 445
tcp_ping received 98304 bytes back
Round trip time was 0.460513 milliseconds in repetition 446
tcp_ping received 98304 bytes back
Round trip time was 0.41591 milliseconds in repetition 447
tcp_ping received 98304 bytes back
Round trip time was 0.444484 milliseconds in repetition 448
tcp_ping received 98304 bytes back
Round trip time was 0.432474 milliseconds in repetition 449
tcp_ping received 98304 bytes back
Round trip time was 0.442951 milliseconds in repetition 450
tcp_ping received 98304 bytes back
Round trip time was 0.414465 milliseconds in repetition 451
tcp_ping received 98304 bytes back
Round trip time was 0.433385 milliseconds in repetition 452
tcp_ping received 98304 bytes back
Round trip time was 0.435966 milliseconds in repetition 453
tcp_ping received 98304 bytes back
Round trip time was 0.647543 milliseconds in repetition 454
tcp_ping received 98304 bytes back
Round trip time was 0.448862 milliseconds in repetition 455
tcp_ping received 98304 bytes back
Round trip time was 0.459936 milliseconds in repetition 456
tcp_ping received 98304 bytes back
Round trip time was 0.585219 milliseconds in repetition 457
tcp_ping received 98304 bytes back
Round trip time was 0.58148 milliseconds in repetition 458
tcp_ping received 98304 bytes back
Round trip time was 0.477216 milliseconds in repetition 459
tcp_ping received 98304 bytes back
Round trip time was 0.417209 milliseconds in repetition 460
tcp_ping received 98304 bytes back
Round trip time was 0.440687 milliseconds in repetition 461
tcp_ping received 98304 bytes back
Round trip time was 0.42414 milliseconds in repetition 462
tcp_ping received 98304 bytes back
Round trip time was 0.438343 milliseconds in repetition 463
tcp_ping received 98304 bytes back
Round trip time was 0.429424 milliseconds in repetition 464
tcp_ping received 98304 bytes back
Round trip time was 0.431331 milliseconds in repetition 465
tcp_ping received 98304 bytes back
Round trip time was 0.418745 milliseconds in repetition 466
tcp_ping received 98304 bytes back
Round trip time was 0.423765 milliseconds in repetition 467
tcp_ping received 98304 bytes back
Round trip time was 0.4365 milliseconds in repetition 468
tcp_ping received 98304 bytes back
Round trip time was 0.430806 milliseconds in repetition 469
tcp_ping received 98304 bytes back
Round trip time was 0.424456 milliseconds in repetition 470
tcp_ping received 98304 bytes back
Round trip time was 0.480042 milliseconds in repetition 471
tcp_ping received 98304 bytes back
Round trip time was 0.761366 milliseconds in repetition 472
tcp_ping received 98304 bytes back
Round trip time was 0.419641 milliseconds in repetition 473
tcp_ping received 98304 bytes back
Round trip time was 0.460504 milliseconds in repetition 474
tcp_ping received 98304 bytes back
Round trip time was 0.433512 milliseconds in repetition 475
tcp_ping received 98304 bytes back
Round trip time was 0.416251 milliseconds in repetition 476
tcp_ping received 98304 bytes back
Round trip time was 0.425885 milliseconds in repetition 477
tcp_ping received 98304 bytes back
Round trip time was 0.441829 milliseconds in repetition 478
tcp_ping received 98304 bytes back
Round trip time was 0.445661 milliseconds in repetition 479
tcp_ping received 98304 bytes back
Round trip time was 0.439704 milliseconds in repetition 480
tcp_ping received 98304 bytes back
Round trip time was 0.440707 milliseconds in repetition 481
tcp_ping received 98304 bytes back
Round trip time was 0.410911 milliseconds in repetition 482
tcp_ping received 98304 bytes back
Round trip time was 0.438123 milliseconds in repetition 483
tcp_ping received 98304 bytes back
Round trip time was 0.413065 milliseconds in repetition 484
tcp_ping received 98304 bytes back
Round trip time was 0.457529 milliseconds in repetition 485
tcp_ping received 98304 bytes back
Round trip time was 0.431391 milliseconds in repetition 486
tcp_ping received 98304 bytes back
Round trip time was 0.433261 milliseconds in repetition 487
tcp_ping received 98304 bytes back
Round trip time was 0.413946 milliseconds in repetition 488
tcp_ping received 98304 bytes back
Round trip time was 0.384652 milliseconds in repetition 489
tcp_ping received 98304 bytes back
Round trip time was 0.43223 milliseconds in repetition 490
tcp_ping received 98304 bytes back
Round trip time was 0.569311 milliseconds in repetition 491
tcp_ping received 98304 bytes back
Round trip time was 0.500096 milliseconds in repetition 492
tcp_ping received 98304 bytes back
Round trip time was 0.419347 milliseconds in repetition 493
tcp_ping received 98304 bytes back
Round trip time was 0.440037 milliseconds in repetition 494
tcp_ping received 98304 bytes back
Round trip time was 0.413205 milliseconds in repetition 495
tcp_ping received 98304 bytes back
Round trip time was 0.436229 milliseconds in repetition 496
tcp_ping received 98304 bytes back
Round trip time was 0.410731 milliseconds in repetition 497
tcp_ping received 98304 bytes back
Round trip time was 0.439 milliseconds in repetition 498
tcp_ping received 98304 bytes back
Round trip time was 0.407395 milliseconds in repetition 499
tcp_ping received 98304 bytes back
Round trip time was 0.438943 milliseconds in repetition 500
tcp_ping received 98304 bytes back
Round trip time was 0.459996 milliseconds in repetition 501

 ... clock resolution was 1e-06 h_min=0.384651,  h_max=0.889609, h_incr=0.0252479
     rtt[0]=0.384652
     rtt[1]=0.39437
     rtt[2]=0.394732
     rtt[3]=0.396439
     rtt[4]=0.398398
     rtt[5]=0.39976
     rtt[6]=0.400621
     rtt[7]=0.401603
     rtt[8]=0.401804
     rtt[9]=0.402565
     rtt[10]=0.403046
     rtt[11]=0.403388
     rtt[12]=0.406603
     rtt[13]=0.406813
     rtt[14]=0.407365
     rtt[15]=0.407384
     rtt[16]=0.407395
     rtt[17]=0.407944
     rtt[18]=0.408056
     rtt[19]=0.408076
     rtt[20]=0.408267
     rtt[21]=0.408446
     rtt[22]=0.408766
     rtt[23]=0.409117
     rtt[24]=0.409308
     rtt[25]=0.409377
     rtt[26]=0.409699
     rtt[27]=0.4104
     rtt[28]=0.410681
     rtt[29]=0.410731
     rtt[30]=0.410894
     rtt[31]=0.410911
     rtt[32]=0.41096
     rtt[33]=0.411105
     rtt[34]=0.411753
     rtt[35]=0.412337
     rtt[36]=0.412454
     rtt[37]=0.412543
     rtt[38]=0.412634
     rtt[39]=0.412723
     rtt[40]=0.412784
     rtt[41]=0.412805
     rtt[42]=0.412844
     rtt[43]=0.412894
     rtt[44]=0.413013
     rtt[45]=0.413065
     rtt[46]=0.413205
     rtt[47]=0.413356
     rtt[48]=0.413917
     rtt[49]=0.413946
     rtt[50]=0.414077
     rtt[51]=0.414197
     rtt[52]=0.414377
     rtt[53]=0.414465
     rtt[54]=0.414719
     rtt[55]=0.414806
     rtt[56]=0.414826
     rtt[57]=0.415136
     rtt[58]=0.41533
     rtt[59]=0.41535
     rtt[60]=0.415379
     rtt[61]=0.415668
     rtt[62]=0.415737
     rtt[63]=0.41584
     rtt[64]=0.41591
     rtt[65]=0.416108
     rtt[66]=0.416251
     rtt[67]=0.416374
     rtt[68]=0.41642
     rtt[69]=0.416663
     rtt[70]=0.416722
     rtt[71]=0.416783
     rtt[72]=0.417209
     rtt[73]=0.417754
     rtt[74]=0.417763
     rtt[75]=0.417804
     rtt[76]=0.417953
     rtt[77]=0.418085
     rtt[78]=0.418168
     rtt[79]=0.418324
     rtt[80]=0.418381
     rtt[81]=0.418745
     rtt[82]=0.419129
     rtt[83]=0.419347
     rtt[84]=0.419474
     rtt[85]=0.419521
     rtt[86]=0.41959
     rtt[87]=0.419641
     rtt[88]=0.420051
     rtt[89]=0.420208
     rtt[90]=0.420359
     rtt[91]=0.42038
     rtt[92]=0.420537
     rtt[93]=0.420843
     rtt[94]=0.42086
     rtt[95]=0.420929
     rtt[96]=0.420975
     rtt[97]=0.421228
     rtt[98]=0.421432
     rtt[99]=0.421876
     rtt[100]=0.422001
     rtt[101]=0.422041
     rtt[102]=0.422071
     rtt[103]=0.422113
     rtt[104]=0.422142
     rtt[105]=0.422316
     rtt[106]=0.422322
     rtt[107]=0.422323
     rtt[108]=0.422398
     rtt[109]=0.422463
     rtt[110]=0.422632
     rtt[111]=0.422651
     rtt[112]=0.422998
     rtt[113]=0.423003
     rtt[114]=0.423069
     rtt[115]=0.423355
     rtt[116]=0.423472
     rtt[117]=0.423724
     rtt[118]=0.423765
     rtt[119]=0.423914
     rtt[120]=0.423924
     rtt[121]=0.42414
     rtt[122]=0.424395
     rtt[123]=0.424456
     rtt[124]=0.424687
     rtt[125]=0.424789
     rtt[126]=0.424911
     rtt[127]=0.424947
     rtt[128]=0.425038
     rtt[129]=0.425086
     rtt[130]=0.42511
     rtt[131]=0.425148
     rtt[132]=0.425259
     rtt[133]=0.425348
     rtt[134]=0.425388
     rtt[135]=0.425557
     rtt[136]=0.425629
     rtt[137]=0.425677
     rtt[138]=0.42568
     rtt[139]=0.425724
     rtt[140]=0.425779
     rtt[141]=0.425799
     rtt[142]=0.425808
     rtt[143]=0.425837
     rtt[144]=0.425885
     rtt[145]=0.42594
     rtt[146]=0.42619
     rtt[147]=0.42638
     rtt[148]=0.426422
     rtt[149]=0.426422
     rtt[150]=0.426451
     rtt[151]=0.426491
     rtt[152]=0.426515
     rtt[153]=0.426541
     rtt[154]=0.42658
     rtt[155]=0.426601
     rtt[156]=0.426622
     rtt[157]=0.426659
     rtt[158]=0.42668
     rtt[159]=0.42687
     rtt[160]=0.4269
     rtt[161]=0.426902
     rtt[162]=0.42698
     rtt[163]=0.427086
     rtt[164]=0.427151
     rtt[165]=0.427162
     rtt[166]=0.427316
     rtt[167]=0.427333
     rtt[168]=0.427501
     rtt[169]=0.427594
     rtt[170]=0.427893
     rtt[171]=0.427947
     rtt[172]=0.427975
     rtt[173]=0.427996
     rtt[174]=0.42809
     rtt[175]=0.428225
     rtt[176]=0.428284
     rtt[177]=0.428335
     rtt[178]=0.428504
     rtt[179]=0.428846
     rtt[180]=0.42891
     rtt[181]=0.428949
     rtt[182]=0.429015
     rtt[183]=0.429026
     rtt[184]=0.429424
     rtt[185]=0.429426
     rtt[186]=0.429571
     rtt[187]=0.429576
     rtt[188]=0.429674
     rtt[189]=0.429838
     rtt[190]=0.429887
     rtt[191]=0.429951
     rtt[192]=0.430171
     rtt[193]=0.43046
     rtt[194]=0.430542
     rtt[195]=0.430686
     rtt[196]=0.430778
     rtt[197]=0.430797
     rtt[198]=0.430806
     rtt[199]=0.431065
     rtt[200]=0.43116
     rtt[201]=0.431331
     rtt[202]=0.431391
     rtt[203]=0.431531
     rtt[204]=0.43168
     rtt[205]=0.431789
     rtt[206]=0.43179
     rtt[207]=0.431829
     rtt[208]=0.43202
     rtt[209]=0.432037
     rtt[210]=0.43206
     rtt[211]=0.43223
     rtt[212]=0.432342
     rtt[213]=0.432472
     rtt[214]=0.432474
     rtt[215]=0.432724
     rtt[216]=0.43274
     rtt[217]=0.432777
     rtt[218]=0.432872
     rtt[219]=0.433261
     rtt[220]=0.433335
     rtt[221]=0.433385
     rtt[222]=0.433417
     rtt[223]=0.433512
     rtt[224]=0.433578
     rtt[225]=0.433635
     rtt[226]=0.433834
     rtt[227]=0.433843
     rtt[228]=0.433864
     rtt[229]=0.434021
     rtt[230]=0.434111
     rtt[231]=0.434225
     rtt[232]=0.434267
     rtt[233]=0.434445
     rtt[234]=0.434493
     rtt[235]=0.434509
     rtt[236]=0.434601
     rtt[237]=0.434756
     rtt[238]=0.434818
     rtt[239]=0.434895
     rtt[240]=0.435043
     rtt[241]=0.435296
     rtt[242]=0.435757
     rtt[243]=0.435966
     rtt[244]=0.43599
     rtt[245]=0.436008
     rtt[246]=0.436059
     rtt[247]=0.436229
     rtt[248]=0.4365
     rtt[249]=0.43657
     rtt[250]=0.436696
     rtt[251]=0.436861
     rtt[252]=0.436901
     rtt[253]=0.436972
     rtt[254]=0.436976
     rtt[255]=0.43698
     rtt[256]=0.436997
     rtt[257]=0.437047
     rtt[258]=0.437064
     rtt[259]=0.437121
     rtt[260]=0.437248
     rtt[261]=0.437308
     rtt[262]=0.437477
     rtt[263]=0.437615
     rtt[264]=0.437901
     rtt[265]=0.438123
     rtt[266]=0.438143
     rtt[267]=0.438255
     rtt[268]=0.438343
     rtt[269]=0.438412
     rtt[270]=0.438482
     rtt[271]=0.438606
     rtt[272]=0.438943
     rtt[273]=0.438972
     rtt[274]=0.439
     rtt[275]=0.439057
     rtt[276]=0.439163
     rtt[277]=0.439354
     rtt[278]=0.439607
     rtt[279]=0.439704
     rtt[280]=0.439946
     rtt[281]=0.440037
     rtt[282]=0.440294
     rtt[283]=0.440507
     rtt[284]=0.440507
     rtt[285]=0.440687
     rtt[286]=0.440707
     rtt[287]=0.440718
     rtt[288]=0.440748
     rtt[289]=0.44091
     rtt[290]=0.441127
     rtt[291]=0.441215
     rtt[292]=0.441398
     rtt[293]=0.441488
     rtt[294]=0.441518
     rtt[295]=0.441748
     rtt[296]=0.441829
     rtt[297]=0.441859
     rtt[298]=0.441877
     rtt[299]=0.44211
     rtt[300]=0.442129
     rtt[301]=0.442297
     rtt[302]=0.442607
     rtt[303]=0.44264
     rtt[304]=0.442663
     rtt[305]=0.442701
     rtt[306]=0.442951
     rtt[307]=0.443205
     rtt[308]=0.443307
     rtt[309]=0.443503
     rtt[310]=0.443692
     rtt[311]=0.443912
     rtt[312]=0.443965
     rtt[313]=0.444242
     rtt[314]=0.444381
     rtt[315]=0.444453
     rtt[316]=0.444484
     rtt[317]=0.444583
     rtt[318]=0.444669
     rtt[319]=0.444971
     rtt[320]=0.445124
     rtt[321]=0.445296
     rtt[322]=0.445302
     rtt[323]=0.445661
     rtt[324]=0.445807
     rtt[325]=0.446778
     rtt[326]=0.446788
     rtt[327]=0.446976
     rtt[328]=0.447062
     rtt[329]=0.447117
     rtt[330]=0.447255
     rtt[331]=0.447361
     rtt[332]=0.447418
     rtt[333]=0.447642
     rtt[334]=0.447741
     rtt[335]=0.447931
     rtt[336]=0.448862
     rtt[337]=0.448979
     rtt[338]=0.449289
     rtt[339]=0.449455
     rtt[340]=0.449848
     rtt[341]=0.449914
     rtt[342]=0.449979
     rtt[343]=0.449982
     rtt[344]=0.450475
     rtt[345]=0.450798
     rtt[346]=0.450984
     rtt[347]=0.450984
     rtt[348]=0.451119
     rtt[349]=0.451467
     rtt[350]=0.451506
     rtt[351]=0.452951
     rtt[352]=0.45314
     rtt[353]=0.453476
     rtt[354]=0.453515
     rtt[355]=0.453732
     rtt[356]=0.453772
     rtt[357]=0.453841
     rtt[358]=0.454221
     rtt[359]=0.454463
     rtt[360]=0.454563
     rtt[361]=0.455519
     rtt[362]=0.455744
     rtt[363]=0.455866
     rtt[364]=0.456024
     rtt[365]=0.456113
     rtt[366]=0.456489
     rtt[367]=0.456513
     rtt[368]=0.456739
     rtt[369]=0.457527
     rtt[370]=0.457529
     rtt[371]=0.457866
     rtt[372]=0.45827
     rtt[373]=0.458712
     rtt[374]=0.459282
     rtt[375]=0.45939
     rtt[376]=0.459791
     rtt[377]=0.45988
     rtt[378]=0.459936
     rtt[379]=0.459996
     rtt[380]=0.460327
     rtt[381]=0.460504
     rtt[382]=0.460513
     rtt[383]=0.460574
     rtt[384]=0.460701
     rtt[385]=0.460992
     rtt[386]=0.461254
     rtt[387]=0.461255
     rtt[388]=0.461347
     rtt[389]=0.461378
     rtt[390]=0.461868
     rtt[391]=0.462157
     rtt[392]=0.462418
     rtt[393]=0.463275
     rtt[394]=0.46336
     rtt[395]=0.463694
     rtt[396]=0.463782
     rtt[397]=0.464021
     rtt[398]=0.464895
     rtt[399]=0.465083
     rtt[400]=0.465343
     rtt[401]=0.466234
     rtt[402]=0.466478
     rtt[403]=0.467018
     rtt[404]=0.467042
     rtt[405]=0.467808
     rtt[406]=0.467858
     rtt[407]=0.468479
     rtt[408]=0.468594
     rtt[409]=0.468902
     rtt[410]=0.46908
     rtt[411]=0.470601
     rtt[412]=0.470727
     rtt[413]=0.471464
     rtt[414]=0.471582
     rtt[415]=0.472768
     rtt[416]=0.473427
     rtt[417]=0.47492
     rtt[418]=0.475766
     rtt[419]=0.476255
     rtt[420]=0.476285
     rtt[421]=0.477216
     rtt[422]=0.477946
     rtt[423]=0.480042
     rtt[424]=0.480045
     rtt[425]=0.482671
     rtt[426]=0.486021
     rtt[427]=0.486202
     rtt[428]=0.48626
     rtt[429]=0.487262
     rtt[430]=0.487784
     rtt[431]=0.489678
     rtt[432]=0.48976
     rtt[433]=0.49001
     rtt[434]=0.490795
     rtt[435]=0.491559
     rtt[436]=0.493054
     rtt[437]=0.494125
     rtt[438]=0.494197
     rtt[439]=0.494214
     rtt[440]=0.496575
     rtt[441]=0.496804
     rtt[442]=0.499491
     rtt[443]=0.500096
     rtt[444]=0.500174
     rtt[445]=0.504993
     rtt[446]=0.506877
     rtt[447]=0.508014
     rtt[448]=0.508601
     rtt[449]=0.510558
     rtt[450]=0.511208
     rtt[451]=0.513638
     rtt[452]=0.513688
     rtt[453]=0.513935
     rtt[454]=0.516898
     rtt[455]=0.520398
     rtt[456]=0.521754
     rtt[457]=0.526978
     rtt[458]=0.532138
     rtt[459]=0.532743
     rtt[460]=0.540507
     rtt[461]=0.544413
     rtt[462]=0.546284
     rtt[463]=0.547035
     rtt[464]=0.547949
     rtt[465]=0.549057
     rtt[466]=0.553481
     rtt[467]=0.556731
     rtt[468]=0.558851
     rtt[469]=0.561314
     rtt[470]=0.564771
     rtt[471]=0.56535
     rtt[472]=0.565461
     rtt[473]=0.569311
     rtt[474]=0.576452
     rtt[475]=0.578605
     rtt[476]=0.58148
     rtt[477]=0.585219
     rtt[478]=0.590388
     rtt[479]=0.594582
     rtt[480]=0.599327
     rtt[481]=0.600127
     rtt[482]=0.600198
     rtt[483]=0.607029
     rtt[484]=0.610554
     rtt[485]=0.61317
     rtt[486]=0.625176
     rtt[487]=0.629199
     rtt[488]=0.63166
     rtt[489]=0.637395
     rtt[490]=0.647543
     rtt[491]=0.653395
     rtt[492]=0.680132
     rtt[493]=0.685973
     rtt[494]=0.696688
     rtt[495]=0.727993
     rtt[496]=0.744805
     rtt[497]=0.761366
     rtt[498]=0.824978
     rtt[499]=0.887501
     rtt[500]=0.889609

TCP Ping:  Statistics over 501 repetitions of 98304 byte messages

RTT : percentile 10: 0.414077, median: 0.436696, percentile 90: 0.511208, average: 0.454701, variance: 0.00380852

RTT histogram:
0.384651 4
0.409899 106
0.435147 225
0.460395 81
0.485643 26
0.510891 15
0.536139 8
0.561387 9
0.586635 6
0.611883 6
0.63713 5
0.662378 1
0.687626 3
0.712874 0
0.738122 2
0.76337 1
0.788618 0
0.813866 1
0.839114 0
0.864362 0
0.889609 2

   median Throughput : 450217 KB/s   overall Throughput : 432390 KB/s

