TCP Ping trying to connect to server localhost (127.0.0.1) on port 1491
 ... connected to Pong server: asking for 501 repetitions of 128 bytes TCP messages
 ... Pong server agreed :-)
tcp_ping received 128 bytes back
Round trip time was 0.045115 milliseconds in repetition 1
tcp_ping received 128 bytes back
Round trip time was 0.046911 milliseconds in repetition 2
tcp_ping received 128 bytes back
Round trip time was 0.067096 milliseconds in repetition 3
tcp_ping received 128 bytes back
Round trip time was 0.066049 milliseconds in repetition 4
tcp_ping received 128 bytes back
Round trip time was 0.065262 milliseconds in repetition 5
tcp_ping received 128 bytes back
Round trip time was 0.043 milliseconds in repetition 6
tcp_ping received 128 bytes back
Round trip time was 0.061807 milliseconds in repetition 7
tcp_ping received 128 bytes back
Round trip time was 0.074219 milliseconds in repetition 8
tcp_ping received 128 bytes back
Round trip time was 0.072359 milliseconds in repetition 9
tcp_ping received 128 bytes back
Round trip time was 0.066883 milliseconds in repetition 10
tcp_ping received 128 bytes back
Round trip time was 0.048533 milliseconds in repetition 11
tcp_ping received 128 bytes back
Round trip time was 0.066957 milliseconds in repetition 12
tcp_ping received 128 bytes back
Round trip time was 0.037752 milliseconds in repetition 13
tcp_ping received 128 bytes back
Round trip time was 0.040746 milliseconds in repetition 14
tcp_ping received 128 bytes back
Round trip time was 0.040536 milliseconds in repetition 15
tcp_ping received 128 bytes back
Round trip time was 0.071525 milliseconds in repetition 16
tcp_ping received 128 bytes back
Round trip time was 0.069335 milliseconds in repetition 17
tcp_ping received 128 bytes back
Round trip time was 0.04282 milliseconds in repetition 18
tcp_ping received 128 bytes back
Round trip time was 0.065983 milliseconds in repetition 19
tcp_ping received 128 bytes back
Round trip time was 0.03733 milliseconds in repetition 20
tcp_ping received 128 bytes back
Round trip time was 0.040385 milliseconds in repetition 21
tcp_ping received 128 bytes back
Round trip time was 0.040917 milliseconds in repetition 22
tcp_ping received 128 bytes back
Round trip time was 0.046337 milliseconds in repetition 23
tcp_ping received 128 bytes back
Round trip time was 0.069661 milliseconds in repetition 24
tcp_ping received 128 bytes back
Round trip time was 0.052769 milliseconds in repetition 25
tcp_ping received 128 bytes back
Round trip time was 0.221408 milliseconds in repetition 26
tcp_ping received 128 bytes back
Round trip time was 0.05447 milliseconds in repetition 27
tcp_ping received 128 bytes back
Round trip time was 0.041678 milliseconds in repetition 28
tcp_ping received 128 bytes back
Round trip time was 0.049265 milliseconds in repetition 29
tcp_ping received 128 bytes back
Round trip time was 0.068396 milliseconds in repetition 30
tcp_ping received 128 bytes back
Round trip time was 0.041009 milliseconds in repetition 31
tcp_ping received 128 bytes back
Round trip time was 0.056203 milliseconds in repetition 32
tcp_ping received 128 bytes back
Round trip time was 0.073078 milliseconds in repetition 33
tcp_ping received 128 bytes back
Round trip time was 0.043391 milliseconds in repetition 34
tcp_ping received 128 bytes back
Round trip time was 0.067287 milliseconds in repetition 35
tcp_ping received 128 bytes back
Round trip time was 0.040355 milliseconds in repetition 36
tcp_ping received 128 bytes back
Round trip time was 0.053781 milliseconds in repetition 37
tcp_ping received 128 bytes back
Round trip time was 0.062648 milliseconds in repetition 38
tcp_ping received 128 bytes back
Round trip time was 0.039524 milliseconds in repetition 39
tcp_ping received 128 bytes back
Round trip time was 0.04257 milliseconds in repetition 40
tcp_ping received 128 bytes back
Round trip time was 0.044593 milliseconds in repetition 41
tcp_ping received 128 bytes back
Round trip time was 0.056948 milliseconds in repetition 42
tcp_ping received 128 bytes back
Round trip time was 0.041828 milliseconds in repetition 43
tcp_ping received 128 bytes back
Round trip time was 0.070445 milliseconds in repetition 44
tcp_ping received 128 bytes back
Round trip time was 0.064841 milliseconds in repetition 45
tcp_ping received 128 bytes back
Round trip time was 0.06413 milliseconds in repetition 46
tcp_ping received 128 bytes back
Round trip time was 0.056546 milliseconds in repetition 47
tcp_ping received 128 bytes back
Round trip time was 0.067677 milliseconds in repetition 48
tcp_ping received 128 bytes back
Round trip time was 0.022593 milliseconds in repetition 49
tcp_ping received 128 bytes back
Round trip time was 0.095446 milliseconds in repetition 50
tcp_ping received 128 bytes back
Round trip time was 0.096542 milliseconds in repetition 51
tcp_ping received 128 bytes back
Round trip time was 0.081032 milliseconds in repetition 52
tcp_ping received 128 bytes back
Round trip time was 0.066494 milliseconds in repetition 53
tcp_ping received 128 bytes back
Round trip time was 0.065733 milliseconds in repetition 54
tcp_ping received 128 bytes back
Round trip time was 0.069681 milliseconds in repetition 55
tcp_ping received 128 bytes back
Round trip time was 0.040957 milliseconds in repetition 56
tcp_ping received 128 bytes back
Round trip time was 0.041568 milliseconds in repetition 57
tcp_ping received 128 bytes back
Round trip time was 0.043338 milliseconds in repetition 58
tcp_ping received 128 bytes back
Round trip time was 0.062101 milliseconds in repetition 59
tcp_ping received 128 bytes back
Round trip time was 0.077754 milliseconds in repetition 60
tcp_ping received 128 bytes back
Round trip time was 0.073985 milliseconds in repetition 61
tcp_ping received 128 bytes back
Round trip time was 0.06413 milliseconds in repetition 62
tcp_ping received 128 bytes back
Round trip time was 0.040597 milliseconds in repetition 63
tcp_ping received 128 bytes back
Round trip time was 0.040306 milliseconds in repetition 64
tcp_ping received 128 bytes back
Round trip time was 0.040696 milliseconds in repetition 65
tcp_ping received 128 bytes back
Round trip time was 0.040736 milliseconds in repetition 66
tcp_ping received 128 bytes back
Round trip time was 0.040165 milliseconds in repetition 67
tcp_ping received 128 bytes back
Round trip time was 0.040014 milliseconds in repetition 68
tcp_ping received 128 bytes back
Round trip time was 0.040415 milliseconds in repetition 69
tcp_ping received 128 bytes back
Round trip time was 0.040737 milliseconds in repetition 70
tcp_ping received 128 bytes back
Round trip time was 0.040085 milliseconds in repetition 71
tcp_ping received 128 bytes back
Round trip time was 0.099867 milliseconds in repetition 72
tcp_ping received 128 bytes back
Round trip time was 0.04347 milliseconds in repetition 73
tcp_ping received 128 bytes back
Round trip time was 0.041488 milliseconds in repetition 74
tcp_ping received 128 bytes back
Round trip time was 0.046881 milliseconds in repetition 75
tcp_ping received 128 bytes back
Round trip time was 0.041728 milliseconds in repetition 76
tcp_ping received 128 bytes back
Round trip time was 0.042907 milliseconds in repetition 77
tcp_ping received 128 bytes back
Round trip time was 0.050247 milliseconds in repetition 78
tcp_ping received 128 bytes back
Round trip time was 0.045122 milliseconds in repetition 79
tcp_ping received 128 bytes back
Round trip time was 0.044813 milliseconds in repetition 80
tcp_ping received 128 bytes back
Round trip time was 0.049536 milliseconds in repetition 81
tcp_ping received 128 bytes back
Round trip time was 0.072302 milliseconds in repetition 82
tcp_ping received 128 bytes back
Round trip time was 0.043822 milliseconds in repetition 83
tcp_ping received 128 bytes back
Round trip time was 0.046707 milliseconds in repetition 84
tcp_ping received 128 bytes back
Round trip time was 0.049197 milliseconds in repetition 85
tcp_ping received 128 bytes back
Round trip time was 0.061636 milliseconds in repetition 86
tcp_ping received 128 bytes back
Round trip time was 0.077061 milliseconds in repetition 87
tcp_ping received 128 bytes back
Round trip time was 0.049011 milliseconds in repetition 88
tcp_ping received 128 bytes back
Round trip time was 0.11202 milliseconds in repetition 89
tcp_ping received 128 bytes back
Round trip time was 0.047089 milliseconds in repetition 90
tcp_ping received 128 bytes back
Round trip time was 0.044754 milliseconds in repetition 91
tcp_ping received 128 bytes back
Round trip time was 0.068549 milliseconds in repetition 92
tcp_ping received 128 bytes back
Round trip time was 0.07232 milliseconds in repetition 93
tcp_ping received 128 bytes back
Round trip time was 0.066044 milliseconds in repetition 94
tcp_ping received 128 bytes back
Round trip time was 0.040206 milliseconds in repetition 95
tcp_ping received 128 bytes back
Round trip time was 0.039354 milliseconds in repetition 96
tcp_ping received 128 bytes back
Round trip time was 0.039634 milliseconds in repetition 97
tcp_ping received 128 bytes back
Round trip time was 0.039745 milliseconds in repetition 98
tcp_ping received 128 bytes back
Round trip time was 0.039575 milliseconds in repetition 99
tcp_ping received 128 bytes back
Round trip time was 0.040124 milliseconds in repetition 100
tcp_ping received 128 bytes back
Round trip time was 0.039654 milliseconds in repetition 101
tcp_ping received 128 bytes back
Round trip time was 0.038093 milliseconds in repetition 102
tcp_ping received 128 bytes back
Round trip time was 0.068719 milliseconds in repetition 103
tcp_ping received 128 bytes back
Round trip time was 0.078307 milliseconds in repetition 104
tcp_ping received 128 bytes back
Round trip time was 0.064942 milliseconds in repetition 105
tcp_ping received 128 bytes back
Round trip time was 0.064681 milliseconds in repetition 106
tcp_ping received 128 bytes back
Round trip time was 0.064341 milliseconds in repetition 107
tcp_ping received 128 bytes back
Round trip time was 0.064321 milliseconds in repetition 108
tcp_ping received 128 bytes back
Round trip time was 0.064522 milliseconds in repetition 109
tcp_ping received 128 bytes back
Round trip time was 0.064501 milliseconds in repetition 110
tcp_ping received 128 bytes back
Round trip time was 0.129097 milliseconds in repetition 111
tcp_ping received 128 bytes back
Round trip time was 0.068079 milliseconds in repetition 112
tcp_ping received 128 bytes back
Round trip time was 0.061879 milliseconds in repetition 113
tcp_ping received 128 bytes back
Round trip time was 0.066956 milliseconds in repetition 114
tcp_ping received 128 bytes back
Round trip time was 0.041367 milliseconds in repetition 115
tcp_ping received 128 bytes back
Round trip time was 0.045957 milliseconds in repetition 116
tcp_ping received 128 bytes back
Round trip time was 0.040686 milliseconds in repetition 117
tcp_ping received 128 bytes back
Round trip time was 0.047225 milliseconds in repetition 118
tcp_ping received 128 bytes back
Round trip time was 0.048144 milliseconds in repetition 119
tcp_ping received 128 bytes back
Round trip time was 0.045724 milliseconds in repetition 120
tcp_ping received 128 bytes back
Round trip time was 0.045726 milliseconds in repetition 121
tcp_ping received 128 bytes back
Round trip time was 0.056109 milliseconds in repetition 122
tcp_ping received 128 bytes back
Round trip time was 0.05062 milliseconds in repetition 123
tcp_ping received 128 bytes back
Round trip time was 0.048606 milliseconds in repetition 124
tcp_ping received 128 bytes back
Round trip time was 0.049212 milliseconds in repetition 125
tcp_ping received 128 bytes back
Round trip time was 0.045451 milliseconds in repetition 126
tcp_ping received 128 bytes back
Round trip time was 0.049516 milliseconds in repetition 127
tcp_ping received 128 bytes back
Round trip time was 0.045185 milliseconds in repetition 128
tcp_ping received 128 bytes back
Round trip time was 0.050164 milliseconds in repetition 129
tcp_ping received 128 bytes back
Round trip time was 0.049775 milliseconds in repetition 130
tcp_ping received 128 bytes back
Round trip time was 0.051216 milliseconds in repetition 131
tcp_ping received 128 bytes back
Round trip time was 0.049423 milliseconds in repetition 132
tcp_ping received 128 bytes back
Round trip time was 0.074501 milliseconds in repetition 133
tcp_ping received 128 bytes back
Round trip time was 0.080747 milliseconds in repetition 134
tcp_ping received 128 bytes back
Round trip time was 0.038302 milliseconds in repetition 135
tcp_ping received 128 bytes back
Round trip time was 0.042039 milliseconds in repetition 136
tcp_ping received 128 bytes back
Round trip time was 0.082314 milliseconds in repetition 137
tcp_ping received 128 bytes back
Round trip time was 0.049043 milliseconds in repetition 138
tcp_ping received 128 bytes back
Round trip time was 0.046652 milliseconds in repetition 139
tcp_ping received 128 bytes back
Round trip time was 0.053027 milliseconds in repetition 140
tcp_ping received 128 bytes back
Round trip time was 0.045616 milliseconds in repetition 141
tcp_ping received 128 bytes back
Round trip time was 0.051085 milliseconds in repetition 142
tcp_ping received 128 bytes back
Round trip time was 0.050274 milliseconds in repetition 143
tcp_ping received 128 bytes back
Round trip time was 0.052279 milliseconds in repetition 144
tcp_ping received 128 bytes back
Round trip time was 0.050845 milliseconds in repetition 145
tcp_ping received 128 bytes back
Round trip time was 0.049644 milliseconds in repetition 146
tcp_ping received 128 bytes back
Round trip time was 0.059411 milliseconds in repetition 147
tcp_ping received 128 bytes back
Round trip time was 0.171513 milliseconds in repetition 148
tcp_ping received 128 bytes back
Round trip time was 0.067206 milliseconds in repetition 149
tcp_ping received 128 bytes back
Round trip time was 0.055373 milliseconds in repetition 150
tcp_ping received 128 bytes back
Round trip time was 0.070352 milliseconds in repetition 151
tcp_ping received 128 bytes back
Round trip time was 0.046467 milliseconds in repetition 152
tcp_ping received 128 bytes back
Round trip time was 0.082282 milliseconds in repetition 153
tcp_ping received 128 bytes back
Round trip time was 0.038313 milliseconds in repetition 154
tcp_ping received 128 bytes back
Round trip time was 0.048608 milliseconds in repetition 155
tcp_ping received 128 bytes back
Round trip time was 0.072656 milliseconds in repetition 156
tcp_ping received 128 bytes back
Round trip time was 0.045476 milliseconds in repetition 157
tcp_ping received 128 bytes back
Round trip time was 0.076797 milliseconds in repetition 158
tcp_ping received 128 bytes back
Round trip time was 0.049393 milliseconds in repetition 159
tcp_ping received 128 bytes back
Round trip time was 0.069627 milliseconds in repetition 160
tcp_ping received 128 bytes back
Round trip time was 0.118185 milliseconds in repetition 161
tcp_ping received 128 bytes back
Round trip time was 0.050851 milliseconds in repetition 162
tcp_ping received 128 bytes back
Round trip time was 0.044847 milliseconds in repetition 163
tcp_ping received 128 bytes back
Round trip time was 0.045085 milliseconds in repetition 164
tcp_ping received 128 bytes back
Round trip time was 0.052665 milliseconds in repetition 165
tcp_ping received 128 bytes back
Round trip time was 0.073618 milliseconds in repetition 166
tcp_ping received 128 bytes back
Round trip time was 0.042292 milliseconds in repetition 167
tcp_ping received 128 bytes back
Round trip time was 0.068104 milliseconds in repetition 168
tcp_ping received 128 bytes back
Round trip time was 0.062067 milliseconds in repetition 169
tcp_ping received 128 bytes back
Round trip time was 0.041549 milliseconds in repetition 170
tcp_ping received 128 bytes back
Round trip time was 0.074429 milliseconds in repetition 171
tcp_ping received 128 bytes back
Round trip time was 0.037069 milliseconds in repetition 172
tcp_ping received 128 bytes back
Round trip time was 0.058853 milliseconds in repetition 173
tcp_ping received 128 bytes back
Round trip time was 0.066772 milliseconds in repetition 174
tcp_ping received 128 bytes back
Round trip time was 0.049243 milliseconds in repetition 175
tcp_ping received 128 bytes back
Round trip time was 0.041888 milliseconds in repetition 176
tcp_ping received 128 bytes back
Round trip time was 0.067246 milliseconds in repetition 177
tcp_ping received 128 bytes back
Round trip time was 0.065813 milliseconds in repetition 178
tcp_ping received 128 bytes back
Round trip time was 0.066668 milliseconds in repetition 179
tcp_ping received 128 bytes back
Round trip time was 0.041875 milliseconds in repetition 180
tcp_ping received 128 bytes back
Round trip time was 0.047589 milliseconds in repetition 181
tcp_ping received 128 bytes back
Round trip time was 0.043833 milliseconds in repetition 182
tcp_ping received 128 bytes back
Round trip time was 0.044132 milliseconds in repetition 183
tcp_ping received 128 bytes back
Round trip time was 0.045966 milliseconds in repetition 184
tcp_ping received 128 bytes back
Round trip time was 0.057479 milliseconds in repetition 185
tcp_ping received 128 bytes back
Round trip time was 0.044778 milliseconds in repetition 186
tcp_ping received 128 bytes back
Round trip time was 0.041605 milliseconds in repetition 187
tcp_ping received 128 bytes back
Round trip time was 0.09985 milliseconds in repetition 188
tcp_ping received 128 bytes back
Round trip time was 0.048831 milliseconds in repetition 189
tcp_ping received 128 bytes back
Round trip time was 0.065329 milliseconds in repetition 190
tcp_ping received 128 bytes back
Round trip time was 0.060084 milliseconds in repetition 191
tcp_ping received 128 bytes back
Round trip time was 0.055022 milliseconds in repetition 192
tcp_ping received 128 bytes back
Round trip time was 0.040726 milliseconds in repetition 193
tcp_ping received 128 bytes back
Round trip time was 0.0726 milliseconds in repetition 194
tcp_ping received 128 bytes back
Round trip time was 0.043883 milliseconds in repetition 195
tcp_ping received 128 bytes back
Round trip time was 0.094285 milliseconds in repetition 196
tcp_ping received 128 bytes back
Round trip time was 0.042632 milliseconds in repetition 197
tcp_ping received 128 bytes back
Round trip time was 0.090215 milliseconds in repetition 198
tcp_ping received 128 bytes back
Round trip time was 0.078151 milliseconds in repetition 199
tcp_ping received 128 bytes back
Round trip time was 0.068793 milliseconds in repetition 200
tcp_ping received 128 bytes back
Round trip time was 0.077485 milliseconds in repetition 201
tcp_ping received 128 bytes back
Round trip time was 0.099727 milliseconds in repetition 202
tcp_ping received 128 bytes back
Round trip time was 0.073109 milliseconds in repetition 203
tcp_ping received 128 bytes back
Round trip time was 0.044193 milliseconds in repetition 204
tcp_ping received 128 bytes back
Round trip time was 0.047336 milliseconds in repetition 205
tcp_ping received 128 bytes back
Round trip time was 0.057372 milliseconds in repetition 206
tcp_ping received 128 bytes back
Round trip time was 0.268464 milliseconds in repetition 207
tcp_ping received 128 bytes back
Round trip time was 0.111835 milliseconds in repetition 208
tcp_ping received 128 bytes back
Round trip time was 0.089718 milliseconds in repetition 209
tcp_ping received 128 bytes back
Round trip time was 0.050835 milliseconds in repetition 210
tcp_ping received 128 bytes back
Round trip time was 0.070843 milliseconds in repetition 211
tcp_ping received 128 bytes back
Round trip time was 0.087674 milliseconds in repetition 212
tcp_ping received 128 bytes back
Round trip time was 0.086311 milliseconds in repetition 213
tcp_ping received 128 bytes back
Round trip time was 0.13314 milliseconds in repetition 214
tcp_ping received 128 bytes back
Round trip time was 0.082254 milliseconds in repetition 215
tcp_ping received 128 bytes back
Round trip time was 0.064822 milliseconds in repetition 216
tcp_ping received 128 bytes back
Round trip time was 0.082145 milliseconds in repetition 217
tcp_ping received 128 bytes back
Round trip time was 0.141657 milliseconds in repetition 218
tcp_ping received 128 bytes back
Round trip time was 0.061715 milliseconds in repetition 219
tcp_ping received 128 bytes back
Round trip time was 0.062698 milliseconds in repetition 220
tcp_ping received 128 bytes back
Round trip time was 0.065412 milliseconds in repetition 221
tcp_ping received 128 bytes back
Round trip time was 0.122374 milliseconds in repetition 222
tcp_ping received 128 bytes back
Round trip time was 0.066092 milliseconds in repetition 223
tcp_ping received 128 bytes back
Round trip time was 0.068237 milliseconds in repetition 224
tcp_ping received 128 bytes back
Round trip time was 0.065824 milliseconds in repetition 225
tcp_ping received 128 bytes back
Round trip time was 0.065773 milliseconds in repetition 226
tcp_ping received 128 bytes back
Round trip time was 0.065109 milliseconds in repetition 227
tcp_ping received 128 bytes back
Round trip time was 0.069711 milliseconds in repetition 228
tcp_ping received 128 bytes back
Round trip time was 0.049563 milliseconds in repetition 229
tcp_ping received 128 bytes back
Round trip time was 0.052207 milliseconds in repetition 230
tcp_ping received 128 bytes back
Round trip time was 0.09847 milliseconds in repetition 231
tcp_ping received 128 bytes back
Round trip time was 0.097771 milliseconds in repetition 232
tcp_ping received 128 bytes back
Round trip time was 0.078055 milliseconds in repetition 233
tcp_ping received 128 bytes back
Round trip time was 0.054435 milliseconds in repetition 234
tcp_ping received 128 bytes back
Round trip time was 0.120336 milliseconds in repetition 235
tcp_ping received 128 bytes back
Round trip time was 0.08634 milliseconds in repetition 236
tcp_ping received 128 bytes back
Round trip time was 0.072591 milliseconds in repetition 237
tcp_ping received 128 bytes back
Round trip time was 0.046635 milliseconds in repetition 238
tcp_ping received 128 bytes back
Round trip time was 0.071072 milliseconds in repetition 239
tcp_ping received 128 bytes back
Round trip time was 0.067667 milliseconds in repetition 240
tcp_ping received 128 bytes back
Round trip time was 0.072649 milliseconds in repetition 241
tcp_ping received 128 bytes back
Round trip time was 0.076119 milliseconds in repetition 242
tcp_ping received 128 bytes back
Round trip time was 0.072265 milliseconds in repetition 243
tcp_ping received 128 bytes back
Round trip time was 0.086702 milliseconds in repetition 244
tcp_ping received 128 bytes back
Round trip time was 0.063869 milliseconds in repetition 245
tcp_ping received 128 bytes back
Round trip time was 0.047869 milliseconds in repetition 246
tcp_ping received 128 bytes back
Round trip time was 0.046487 milliseconds in repetition 247
tcp_ping received 128 bytes back
Round trip time was 0.04635 milliseconds in repetition 248
tcp_ping received 128 bytes back
Round trip time was 0.04263 milliseconds in repetition 249
tcp_ping received 128 bytes back
Round trip time was 0.04266 milliseconds in repetition 250
tcp_ping received 128 bytes back
Round trip time was 0.040576 milliseconds in repetition 251
tcp_ping received 128 bytes back
Round trip time was 0.046637 milliseconds in repetition 252
tcp_ping received 128 bytes back
Round trip time was 0.050235 milliseconds in repetition 253
tcp_ping received 128 bytes back
Round trip time was 0.066415 milliseconds in repetition 254
tcp_ping received 128 bytes back
Round trip time was 0.053027 milliseconds in repetition 255
tcp_ping received 128 bytes back
Round trip time was 0.047878 milliseconds in repetition 256
tcp_ping received 128 bytes back
Round trip time was 0.073908 milliseconds in repetition 257
tcp_ping received 128 bytes back
Round trip time was 0.085323 milliseconds in repetition 258
tcp_ping received 128 bytes back
Round trip time was 0.116285 milliseconds in repetition 259
tcp_ping received 128 bytes back
Round trip time was 0.119434 milliseconds in repetition 260
tcp_ping received 128 bytes back
Round trip time was 0.048996 milliseconds in repetition 261
tcp_ping received 128 bytes back
Round trip time was 0.040596 milliseconds in repetition 262
tcp_ping received 128 bytes back
Round trip time was 0.041846 milliseconds in repetition 263
tcp_ping received 128 bytes back
Round trip time was 0.043727 milliseconds in repetition 264
tcp_ping received 128 bytes back
Round trip time was 0.083802 milliseconds in repetition 265
tcp_ping received 128 bytes back
Round trip time was 0.0674 milliseconds in repetition 266
tcp_ping received 128 bytes back
Round trip time was 0.100349 milliseconds in repetition 267
tcp_ping received 128 bytes back
Round trip time was 0.062646 milliseconds in repetition 268
tcp_ping received 128 bytes back
Round trip time was 0.04531 milliseconds in repetition 269
tcp_ping received 128 bytes back
Round trip time was 0.045767 milliseconds in repetition 270
tcp_ping received 128 bytes back
Round trip time was 0.046238 milliseconds in repetition 271
tcp_ping received 128 bytes back
Round trip time was 0.070324 milliseconds in repetition 272
tcp_ping received 128 bytes back
Round trip time was 0.083696 milliseconds in repetition 273
tcp_ping received 128 bytes back
Round trip time was 0.066522 milliseconds in repetition 274
tcp_ping received 128 bytes back
Round trip time was 0.041342 milliseconds in repetition 275
tcp_ping received 128 bytes back
Round trip time was 0.066471 milliseconds in repetition 276
tcp_ping received 128 bytes back
Round trip time was 0.064305 milliseconds in repetition 277
tcp_ping received 128 bytes back
Round trip time was 0.0587 milliseconds in repetition 278
tcp_ping received 128 bytes back
Round trip time was 0.08251 milliseconds in repetition 279
tcp_ping received 128 bytes back
Round trip time was 0.044433 milliseconds in repetition 280
tcp_ping received 128 bytes back
Round trip time was 0.066725 milliseconds in repetition 281
tcp_ping received 128 bytes back
Round trip time was 0.081215 milliseconds in repetition 282
tcp_ping received 128 bytes back
Round trip time was 0.045005 milliseconds in repetition 283
tcp_ping received 128 bytes back
Round trip time was 0.049469 milliseconds in repetition 284
tcp_ping received 128 bytes back
Round trip time was 0.074191 milliseconds in repetition 285
tcp_ping received 128 bytes back
Round trip time was 0.045132 milliseconds in repetition 286
tcp_ping received 128 bytes back
Round trip time was 0.039724 milliseconds in repetition 287
tcp_ping received 128 bytes back
Round trip time was 0.072045 milliseconds in repetition 288
tcp_ping received 128 bytes back
Round trip time was 0.049037 milliseconds in repetition 289
tcp_ping received 128 bytes back
Round trip time was 0.130212 milliseconds in repetition 290
tcp_ping received 128 bytes back
Round trip time was 0.044203 milliseconds in repetition 291
tcp_ping received 128 bytes back
Round trip time was 0.04799 milliseconds in repetition 292
tcp_ping received 128 bytes back
Round trip time was 0.051934 milliseconds in repetition 293
tcp_ping received 128 bytes back
Round trip time was 0.047633 milliseconds in repetition 294
tcp_ping received 128 bytes back
Round trip time was 0.071399 milliseconds in repetition 295
tcp_ping received 128 bytes back
Round trip time was 0.083766 milliseconds in repetition 296
tcp_ping received 128 bytes back
Round trip time was 0.065103 milliseconds in repetition 297
tcp_ping received 128 bytes back
Round trip time was 0.041538 milliseconds in repetition 298
tcp_ping received 128 bytes back
Round trip time was 0.062867 milliseconds in repetition 299
tcp_ping received 128 bytes back
Round trip time was 0.094164 milliseconds in repetition 300
tcp_ping received 128 bytes back
Round trip time was 0.092603 milliseconds in repetition 301
tcp_ping received 128 bytes back
Round trip time was 0.071645 milliseconds in repetition 302
tcp_ping received 128 bytes back
Round trip time was 0.046497 milliseconds in repetition 303
tcp_ping received 128 bytes back
Round trip time was 0.061385 milliseconds in repetition 304
tcp_ping received 128 bytes back
Round trip time was 0.109066 milliseconds in repetition 305
tcp_ping received 128 bytes back
Round trip time was 0.044753 milliseconds in repetition 306
tcp_ping received 128 bytes back
Round trip time was 0.070432 milliseconds in repetition 307
tcp_ping received 128 bytes back
Round trip time was 0.045619 milliseconds in repetition 308
tcp_ping received 128 bytes back
Round trip time was 0.06994 milliseconds in repetition 309
tcp_ping received 128 bytes back
Round trip time was 0.037898 milliseconds in repetition 310
tcp_ping received 128 bytes back
Round trip time was 0.045638 milliseconds in repetition 311
tcp_ping received 128 bytes back
Round trip time was 0.054985 milliseconds in repetition 312
tcp_ping received 128 bytes back
Round trip time was 0.085388 milliseconds in repetition 313
tcp_ping received 128 bytes back
Round trip time was 0.047359 milliseconds in repetition 314
tcp_ping received 128 bytes back
Round trip time was 0.066731 milliseconds in repetition 315
tcp_ping received 128 bytes back
Round trip time was 0.084998 milliseconds in repetition 316
tcp_ping received 128 bytes back
Round trip time was 0.078817 milliseconds in repetition 317
tcp_ping received 128 bytes back
Round trip time was 0.074388 milliseconds in repetition 318
tcp_ping received 128 bytes back
Round trip time was 0.062183 milliseconds in repetition 319
tcp_ping received 128 bytes back
Round trip time was 0.077482 milliseconds in repetition 320
tcp_ping received 128 bytes back
Round trip time was 0.06731 milliseconds in repetition 321
tcp_ping received 128 bytes back
Round trip time was 0.066481 milliseconds in repetition 322
tcp_ping received 128 bytes back
Round trip time was 0.040866 milliseconds in repetition 323
tcp_ping received 128 bytes back
Round trip time was 0.044246 milliseconds in repetition 324
tcp_ping received 128 bytes back
Round trip time was 0.041268 milliseconds in repetition 325
tcp_ping received 128 bytes back
Round trip time was 0.04248 milliseconds in repetition 326
tcp_ping received 128 bytes back
Round trip time was 0.061082 milliseconds in repetition 327
tcp_ping received 128 bytes back
Round trip time was 0.047843 milliseconds in repetition 328
tcp_ping received 128 bytes back
Round trip time was 0.069099 milliseconds in repetition 329
tcp_ping received 128 bytes back
Round trip time was 0.068589 milliseconds in repetition 330
tcp_ping received 128 bytes back
Round trip time was 0.064371 milliseconds in repetition 331
tcp_ping received 128 bytes back
Round trip time was 0.040947 milliseconds in repetition 332
tcp_ping received 128 bytes back
Round trip time was 0.054683 milliseconds in repetition 333
tcp_ping received 128 bytes back
Round trip time was 0.040546 milliseconds in repetition 334
tcp_ping received 128 bytes back
Round trip time was 0.041397 milliseconds in repetition 335
tcp_ping received 128 bytes back
Round trip time was 0.068083 milliseconds in repetition 336
tcp_ping received 128 bytes back
Round trip time was 0.081793 milliseconds in repetition 337
tcp_ping received 128 bytes back
Round trip time was 0.069166 milliseconds in repetition 338
tcp_ping received 128 bytes back
Round trip time was 0.039584 milliseconds in repetition 339
tcp_ping received 128 bytes back
Round trip time was 0.047259 milliseconds in repetition 340
tcp_ping received 128 bytes back
Round trip time was 0.060638 milliseconds in repetition 341
tcp_ping received 128 bytes back
Round trip time was 0.095084 milliseconds in repetition 342
tcp_ping received 128 bytes back
Round trip time was 0.081263 milliseconds in repetition 343
tcp_ping received 128 bytes back
Round trip time was 0.05273 milliseconds in repetition 344
tcp_ping received 128 bytes back
Round trip time was 0.060687 milliseconds in repetition 345
tcp_ping received 128 bytes back
Round trip time was 0.042506 milliseconds in repetition 346
tcp_ping received 128 bytes back
Round trip time was 0.044925 milliseconds in repetition 347
tcp_ping received 128 bytes back
Round trip time was 0.046948 milliseconds in repetition 348
tcp_ping received 128 bytes back
Round trip time was 0.048231 milliseconds in repetition 349
tcp_ping received 128 bytes back
Round trip time was 0.047779 milliseconds in repetition 350
tcp_ping received 128 bytes back
Round trip time was 0.068418 milliseconds in repetition 351
tcp_ping received 128 bytes back
Round trip time was 0.040938 milliseconds in repetition 352
tcp_ping received 128 bytes back
Round trip time was 0.091311 milliseconds in repetition 353
tcp_ping received 128 bytes back
Round trip time was 0.067937 milliseconds in repetition 354
tcp_ping received 128 bytes back
Round trip time was 0.040817 milliseconds in repetition 355
tcp_ping received 128 bytes back
Round trip time was 0.054393 milliseconds in repetition 356
tcp_ping received 128 bytes back
Round trip time was 0.081346 milliseconds in repetition 357
tcp_ping received 128 bytes back
Round trip time was 0.068605 milliseconds in repetition 358
tcp_ping received 128 bytes back
Round trip time was 0.039804 milliseconds in repetition 359
tcp_ping received 128 bytes back
Round trip time was 0.05352 milliseconds in repetition 360
tcp_ping received 128 bytes back
Round trip time was 0.042083 milliseconds in repetition 361
tcp_ping received 128 bytes back
Round trip time was 0.056081 milliseconds in repetition 362
tcp_ping received 128 bytes back
Round trip time was 0.071364 milliseconds in repetition 363
tcp_ping received 128 bytes back
Round trip time was 0.20266 milliseconds in repetition 364
tcp_ping received 128 bytes back
Round trip time was 0.091042 milliseconds in repetition 365
tcp_ping received 128 bytes back
Round trip time was 0.072687 milliseconds in repetition 366
tcp_ping received 128 bytes back
Round trip time was 0.0866 milliseconds in repetition 367
tcp_ping received 128 bytes back
Round trip time was 0.044195 milliseconds in repetition 368
tcp_ping received 128 bytes back
Round trip time was 0.044925 milliseconds in repetition 369
tcp_ping received 128 bytes back
Round trip time was 0.050034 milliseconds in repetition 370
tcp_ping received 128 bytes back
Round trip time was 0.085322 milliseconds in repetition 371
tcp_ping received 128 bytes back
Round trip time was 0.070177 milliseconds in repetition 372
tcp_ping received 128 bytes back
Round trip time was 0.047649 milliseconds in repetition 373
tcp_ping received 128 bytes back
Round trip time was 0.061164 milliseconds in repetition 374
tcp_ping received 128 bytes back
Round trip time was 0.062152 milliseconds in repetition 375
tcp_ping received 128 bytes back
Round trip time was 0.069976 milliseconds in repetition 376
tcp_ping received 128 bytes back
Round trip time was 0.086411 milliseconds in repetition 377
tcp_ping received 128 bytes back
Round trip time was 0.071358 milliseconds in repetition 378
tcp_ping received 128 bytes back
Round trip time was 0.067307 milliseconds in repetition 379
tcp_ping received 128 bytes back
Round trip time was 0.076905 milliseconds in repetition 380
tcp_ping received 128 bytes back
Round trip time was 0.070761 milliseconds in repetition 381
tcp_ping received 128 bytes back
Round trip time was 0.067343 milliseconds in repetition 382
tcp_ping received 128 bytes back
Round trip time was 0.063525 milliseconds in repetition 383
tcp_ping received 128 bytes back
Round trip time was 0.041392 milliseconds in repetition 384
tcp_ping received 128 bytes back
Round trip time was 0.040877 milliseconds in repetition 385
tcp_ping received 128 bytes back
Round trip time was 0.039057 milliseconds in repetition 386
tcp_ping received 128 bytes back
Round trip time was 0.067145 milliseconds in repetition 387
tcp_ping received 128 bytes back
Round trip time was 0.046636 milliseconds in repetition 388
tcp_ping received 128 bytes back
Round trip time was 0.045974 milliseconds in repetition 389
tcp_ping received 128 bytes back
Round trip time was 0.065677 milliseconds in repetition 390
tcp_ping received 128 bytes back
Round trip time was 0.03707 milliseconds in repetition 391
tcp_ping received 128 bytes back
Round trip time was 0.054237 milliseconds in repetition 392
tcp_ping received 128 bytes back
Round trip time was 0.069972 milliseconds in repetition 393
tcp_ping received 128 bytes back
Round trip time was 0.068923 milliseconds in repetition 394
tcp_ping received 128 bytes back
Round trip time was 0.0702 milliseconds in repetition 395
tcp_ping received 128 bytes back
Round trip time was 0.029703 milliseconds in repetition 396
tcp_ping received 128 bytes back
Round trip time was 0.066315 milliseconds in repetition 397
tcp_ping received 128 bytes back
Round trip time was 0.092323 milliseconds in repetition 398
tcp_ping received 128 bytes back
Round trip time was 0.062492 milliseconds in repetition 399
tcp_ping received 128 bytes back
Round trip time was 0.067707 milliseconds in repetition 400
tcp_ping received 128 bytes back
Round trip time was 0.081368 milliseconds in repetition 401
tcp_ping received 128 bytes back
Round trip time was 0.043732 milliseconds in repetition 402
tcp_ping received 128 bytes back
Round trip time was 0.07284 milliseconds in repetition 403
tcp_ping received 128 bytes back
Round trip time was 0.038361 milliseconds in repetition 404
tcp_ping received 128 bytes back
Round trip time was 0.040596 milliseconds in repetition 405
tcp_ping received 128 bytes back
Round trip time was 0.049339 milliseconds in repetition 406
tcp_ping received 128 bytes back
Round trip time was 0.070446 milliseconds in repetition 407
tcp_ping received 128 bytes back
Round trip time was 0.080415 milliseconds in repetition 408
tcp_ping received 128 bytes back
Round trip time was 0.062858 milliseconds in repetition 409
tcp_ping received 128 bytes back
Round trip time was 0.065122 milliseconds in repetition 410
tcp_ping received 128 bytes back
Round trip time was 0.059462 milliseconds in repetition 411
tcp_ping received 128 bytes back
Round trip time was 0.068752 milliseconds in repetition 412
tcp_ping received 128 bytes back
Round trip time was 0.039611 milliseconds in repetition 413
tcp_ping received 128 bytes back
Round trip time was 0.041561 milliseconds in repetition 414
tcp_ping received 128 bytes back
Round trip time was 0.060642 milliseconds in repetition 415
tcp_ping received 128 bytes back
Round trip time was 0.074026 milliseconds in repetition 416
tcp_ping received 128 bytes back
Round trip time was 0.066906 milliseconds in repetition 417
tcp_ping received 128 bytes back
Round trip time was 0.070281 milliseconds in repetition 418
tcp_ping received 128 bytes back
Round trip time was 0.051741 milliseconds in repetition 419
tcp_ping received 128 bytes back
Round trip time was 0.044726 milliseconds in repetition 420
tcp_ping received 128 bytes back
Round trip time was 0.446543 milliseconds in repetition 421
tcp_ping received 128 bytes back
Round trip time was 0.0722 milliseconds in repetition 422
tcp_ping received 128 bytes back
Round trip time was 0.070459 milliseconds in repetition 423
tcp_ping received 128 bytes back
Round trip time was 0.068696 milliseconds in repetition 424
tcp_ping received 128 bytes back
Round trip time was 0.09612 milliseconds in repetition 425
tcp_ping received 128 bytes back
Round trip time was 0.091762 milliseconds in repetition 426
tcp_ping received 128 bytes back
Round trip time was 0.068643 milliseconds in repetition 427
tcp_ping received 128 bytes back
Round trip time was 0.040246 milliseconds in repetition 428
tcp_ping received 128 bytes back
Round trip time was 0.06108 milliseconds in repetition 429
tcp_ping received 128 bytes back
Round trip time was 0.067301 milliseconds in repetition 430
tcp_ping received 128 bytes back
Round trip time was 0.07244 milliseconds in repetition 431
tcp_ping received 128 bytes back
Round trip time was 0.083239 milliseconds in repetition 432
tcp_ping received 128 bytes back
Round trip time was 0.076222 milliseconds in repetition 433
tcp_ping received 128 bytes back
Round trip time was 0.077558 milliseconds in repetition 434
tcp_ping received 128 bytes back
Round trip time was 0.084756 milliseconds in repetition 435
tcp_ping received 128 bytes back
Round trip time was 0.053912 milliseconds in repetition 436
tcp_ping received 128 bytes back
Round trip time was 0.052569 milliseconds in repetition 437
tcp_ping received 128 bytes back
Round trip time was 0.047452 milliseconds in repetition 438
tcp_ping received 128 bytes back
Round trip time was 0.046915 milliseconds in repetition 439
tcp_ping received 128 bytes back
Round trip time was 0.049683 milliseconds in repetition 440
tcp_ping received 128 bytes back
Round trip time was 0.054704 milliseconds in repetition 441
tcp_ping received 128 bytes back
Round trip time was 0.081412 milliseconds in repetition 442
tcp_ping received 128 bytes back
Round trip time was 0.082813 milliseconds in repetition 443
tcp_ping received 128 bytes back
Round trip time was 0.059963 milliseconds in repetition 444
tcp_ping received 128 bytes back
Round trip time was 0.072236 milliseconds in repetition 445
tcp_ping received 128 bytes back
Round trip time was 0.067726 milliseconds in repetition 446
tcp_ping received 128 bytes back
Round trip time was 0.042841 milliseconds in repetition 447
tcp_ping received 128 bytes back
Round trip time was 0.124457 milliseconds in repetition 448
tcp_ping received 128 bytes back
Round trip time was 0.05008 milliseconds in repetition 449
tcp_ping received 128 bytes back
Round trip time was 0.043095 milliseconds in repetition 450
tcp_ping received 128 bytes back
Round trip time was 0.058827 milliseconds in repetition 451
tcp_ping received 128 bytes back
Round trip time was 0.063599 milliseconds in repetition 452
tcp_ping received 128 bytes back
Round trip time was 0.045169 milliseconds in repetition 453
tcp_ping received 128 bytes back
Round trip time was 0.058827 milliseconds in repetition 454
tcp_ping received 128 bytes back
Round trip time was 0.061324 milliseconds in repetition 455
tcp_ping received 128 bytes back
Round trip time was 0.051922 milliseconds in repetition 456
tcp_ping received 128 bytes back
Round trip time was 0.047365 milliseconds in repetition 457
tcp_ping received 128 bytes back
Round trip time was 0.094166 milliseconds in repetition 458
tcp_ping received 128 bytes back
Round trip time was 0.049642 milliseconds in repetition 459
tcp_ping received 128 bytes back
Round trip time was 0.059222 milliseconds in repetition 460
tcp_ping received 128 bytes back
Round trip time was 0.062821 milliseconds in repetition 461
tcp_ping received 128 bytes back
Round trip time was 0.045613 milliseconds in repetition 462
tcp_ping received 128 bytes back
Round trip time was 0.040836 milliseconds in repetition 463
tcp_ping received 128 bytes back
Round trip time was 0.050604 milliseconds in repetition 464
tcp_ping received 128 bytes back
Round trip time was 0.043873 milliseconds in repetition 465
tcp_ping received 128 bytes back
Round trip time was 0.048255 milliseconds in repetition 466
tcp_ping received 128 bytes back
Round trip time was 0.058165 milliseconds in repetition 467
tcp_ping received 128 bytes back
Round trip time was 0.061952 milliseconds in repetition 468
tcp_ping received 128 bytes back
Round trip time was 0.042009 milliseconds in repetition 469
tcp_ping received 128 bytes back
Round trip time was 0.040782 milliseconds in repetition 470
tcp_ping received 128 bytes back
Round trip time was 0.042163 milliseconds in repetition 471
tcp_ping received 128 bytes back
Round trip time was 0.065142 milliseconds in repetition 472
tcp_ping received 128 bytes back
Round trip time was 0.039785 milliseconds in repetition 473
tcp_ping received 128 bytes back
Round trip time was 0.039123 milliseconds in repetition 474
tcp_ping received 128 bytes back
Round trip time was 0.040256 milliseconds in repetition 475
tcp_ping received 128 bytes back
Round trip time was 0.039894 milliseconds in repetition 476
tcp_ping received 128 bytes back
Round trip time was 0.039483 milliseconds in repetition 477
tcp_ping received 128 bytes back
Round trip time was 0.039965 milliseconds in repetition 478
tcp_ping received 128 bytes back
Round trip time was 0.039825 milliseconds in repetition 479
tcp_ping received 128 bytes back
Round trip time was 0.038963 milliseconds in repetition 480
tcp_ping received 128 bytes back
Round trip time was 0.040166 milliseconds in repetition 481
tcp_ping received 128 bytes back
Round trip time was 0.039584 milliseconds in repetition 482
tcp_ping received 128 bytes back
Round trip time was 0.040075 milliseconds in repetition 483
tcp_ping received 128 bytes back
Round trip time was 0.039193 milliseconds in repetition 484
tcp_ping received 128 bytes back
Round trip time was 0.039804 milliseconds in repetition 485
tcp_ping received 128 bytes back
Round trip time was 0.071651 milliseconds in repetition 486
tcp_ping received 128 bytes back
Round trip time was 0.057707 milliseconds in repetition 487
tcp_ping received 128 bytes back
Round trip time was 0.04291 milliseconds in repetition 488
tcp_ping received 128 bytes back
Round trip time was 0.069955 milliseconds in repetition 489
tcp_ping received 128 bytes back
Round trip time was 0.065674 milliseconds in repetition 490
tcp_ping received 128 bytes back
Round trip time was 0.041715 milliseconds in repetition 491
tcp_ping received 128 bytes back
Round trip time was 0.036608 milliseconds in repetition 492
tcp_ping received 128 bytes back
Round trip time was 0.042232 milliseconds in repetition 493
tcp_ping received 128 bytes back
Round trip time was 0.065042 milliseconds in repetition 494
tcp_ping received 128 bytes back
Round trip time was 0.04256 milliseconds in repetition 495
tcp_ping received 128 bytes back
Round trip time was 0.039595 milliseconds in repetition 496
tcp_ping received 128 bytes back
Round trip time was 0.041644 milliseconds in repetition 497
tcp_ping received 128 bytes back
Round trip time was 0.0452 milliseconds in repetition 498
tcp_ping received 128 bytes back
Round trip time was 0.062656 milliseconds in repetition 499
tcp_ping received 128 bytes back
Round trip time was 0.073087 milliseconds in repetition 500
tcp_ping received 128 bytes back
Round trip time was 0.041298 milliseconds in repetition 501

 ... clock resolution was 1e-06 h_min=0.0225925,  h_max=0.446543, h_incr=0.0211975
     rtt[0]=0.022593
     rtt[1]=0.029703
     rtt[2]=0.036608
     rtt[3]=0.037069
     rtt[4]=0.03707
     rtt[5]=0.03733
     rtt[6]=0.037752
     rtt[7]=0.037898
     rtt[8]=0.038093
     rtt[9]=0.038302
     rtt[10]=0.038313
     rtt[11]=0.038361
     rtt[12]=0.038963
     rtt[13]=0.039057
     rtt[14]=0.039123
     rtt[15]=0.039193
     rtt[16]=0.039354
     rtt[17]=0.039483
     rtt[18]=0.039524
     rtt[19]=0.039575
     rtt[20]=0.039584
     rtt[21]=0.039584
     rtt[22]=0.039595
     rtt[23]=0.039611
     rtt[24]=0.039634
     rtt[25]=0.039654
     rtt[26]=0.039724
     rtt[27]=0.039745
     rtt[28]=0.039785
     rtt[29]=0.039804
     rtt[30]=0.039804
     rtt[31]=0.039825
     rtt[32]=0.039894
     rtt[33]=0.039965
     rtt[34]=0.040014
     rtt[35]=0.040075
     rtt[36]=0.040085
     rtt[37]=0.040124
     rtt[38]=0.040165
     rtt[39]=0.040166
     rtt[40]=0.040206
     rtt[41]=0.040246
     rtt[42]=0.040256
     rtt[43]=0.040306
     rtt[44]=0.040355
     rtt[45]=0.040385
     rtt[46]=0.040415
     rtt[47]=0.040536
     rtt[48]=0.040546
     rtt[49]=0.040576
     rtt[50]=0.040596
     rtt[51]=0.040596
     rtt[52]=0.040597
     rtt[53]=0.040686
     rtt[54]=0.040696
     rtt[55]=0.040726
     rtt[56]=0.040736
     rtt[57]=0.040737
     rtt[58]=0.040746
     rtt[59]=0.040782
     rtt[60]=0.040817
     rtt[61]=0.040836
     rtt[62]=0.040866
     rtt[63]=0.040877
     rtt[64]=0.040917
     rtt[65]=0.040938
     rtt[66]=0.040947
     rtt[67]=0.040957
     rtt[68]=0.041009
     rtt[69]=0.041268
     rtt[70]=0.041298
     rtt[71]=0.041342
     rtt[72]=0.041367
     rtt[73]=0.041392
     rtt[74]=0.041397
     rtt[75]=0.041488
     rtt[76]=0.041538
     rtt[77]=0.041549
     rtt[78]=0.041561
     rtt[79]=0.041568
     rtt[80]=0.041605
     rtt[81]=0.041644
     rtt[82]=0.041678
     rtt[83]=0.041715
     rtt[84]=0.041728
     rtt[85]=0.041828
     rtt[86]=0.041846
     rtt[87]=0.041875
     rtt[88]=0.041888
     rtt[89]=0.042009
     rtt[90]=0.042039
     rtt[91]=0.042083
     rtt[92]=0.042163
     rtt[93]=0.042232
     rtt[94]=0.042292
     rtt[95]=0.04248
     rtt[96]=0.042506
     rtt[97]=0.04256
     rtt[98]=0.04257
     rtt[99]=0.04263
     rtt[100]=0.042632
     rtt[101]=0.04266
     rtt[102]=0.04282
     rtt[103]=0.042841
     rtt[104]=0.042907
     rtt[105]=0.04291
     rtt[106]=0.043
     rtt[107]=0.043095
     rtt[108]=0.043338
     rtt[109]=0.043391
     rtt[110]=0.04347
     rtt[111]=0.043727
     rtt[112]=0.043732
     rtt[113]=0.043822
     rtt[114]=0.043833
     rtt[115]=0.043873
     rtt[116]=0.043883
     rtt[117]=0.044132
     rtt[118]=0.044193
     rtt[119]=0.044195
     rtt[120]=0.044203
     rtt[121]=0.044246
     rtt[122]=0.044433
     rtt[123]=0.044593
     rtt[124]=0.044726
     rtt[125]=0.044753
     rtt[126]=0.044754
     rtt[127]=0.044778
     rtt[128]=0.044813
     rtt[129]=0.044847
     rtt[130]=0.044925
     rtt[131]=0.044925
     rtt[132]=0.045005
     rtt[133]=0.045085
     rtt[134]=0.045115
     rtt[135]=0.045122
     rtt[136]=0.045132
     rtt[137]=0.045169
     rtt[138]=0.045185
     rtt[139]=0.0452
     rtt[140]=0.04531
     rtt[141]=0.045451
     rtt[142]=0.045476
     rtt[143]=0.045613
     rtt[144]=0.045616
     rtt[145]=0.045619
     rtt[146]=0.045638
     rtt[147]=0.045724
     rtt[148]=0.045726
     rtt[149]=0.045767
     rtt[150]=0.045957
     rtt[151]=0.045966
     rtt[152]=0.045974
     rtt[153]=0.046238
     rtt[154]=0.046337
     rtt[155]=0.04635
     rtt[156]=0.046467
     rtt[157]=0.046487
     rtt[158]=0.046497
     rtt[159]=0.046635
     rtt[160]=0.046636
     rtt[161]=0.046637
     rtt[162]=0.046652
     rtt[163]=0.046707
     rtt[164]=0.046881
     rtt[165]=0.046911
     rtt[166]=0.046915
     rtt[167]=0.046948
     rtt[168]=0.047089
     rtt[169]=0.047225
     rtt[170]=0.047259
     rtt[171]=0.047336
     rtt[172]=0.047359
     rtt[173]=0.047365
     rtt[174]=0.047452
     rtt[175]=0.047589
     rtt[176]=0.047633
     rtt[177]=0.047649
     rtt[178]=0.047779
     rtt[179]=0.047843
     rtt[180]=0.047869
     rtt[181]=0.047878
     rtt[182]=0.04799
     rtt[183]=0.048144
     rtt[184]=0.048231
     rtt[185]=0.048255
     rtt[186]=0.048533
     rtt[187]=0.048606
     rtt[188]=0.048608
     rtt[189]=0.048831
     rtt[190]=0.048996
     rtt[191]=0.049011
     rtt[192]=0.049037
     rtt[193]=0.049043
     rtt[194]=0.049197
     rtt[195]=0.049212
     rtt[196]=0.049243
     rtt[197]=0.049265
     rtt[198]=0.049339
     rtt[199]=0.049393
     rtt[200]=0.049423
     rtt[201]=0.049469
     rtt[202]=0.049516
     rtt[203]=0.049536
     rtt[204]=0.049563
     rtt[205]=0.049642
     rtt[206]=0.049644
     rtt[207]=0.049683
     rtt[208]=0.049775
     rtt[209]=0.050034
     rtt[210]=0.05008
     rtt[211]=0.050164
     rtt[212]=0.050235
     rtt[213]=0.050247
     rtt[214]=0.050274
     rtt[215]=0.050604
     rtt[216]=0.05062
     rtt[217]=0.050835
     rtt[218]=0.050845
     rtt[219]=0.050851
     rtt[220]=0.051085
     rtt[221]=0.051216
     rtt[222]=0.051741
     rtt[223]=0.051922
     rtt[224]=0.051934
     rtt[225]=0.052207
     rtt[226]=0.052279
     rtt[227]=0.052569
     rtt[228]=0.052665
     rtt[229]=0.05273
     rtt[230]=0.052769
     rtt[231]=0.053027
     rtt[232]=0.053027
     rtt[233]=0.05352
     rtt[234]=0.053781
     rtt[235]=0.053912
     rtt[236]=0.054237
     rtt[237]=0.054393
     rtt[238]=0.054435
     rtt[239]=0.05447
     rtt[240]=0.054683
     rtt[241]=0.054704
     rtt[242]=0.054985
     rtt[243]=0.055022
     rtt[244]=0.055373
     rtt[245]=0.056081
     rtt[246]=0.056109
     rtt[247]=0.056203
     rtt[248]=0.056546
     rtt[249]=0.056948
     rtt[250]=0.057372
     rtt[251]=0.057479
     rtt[252]=0.057707
     rtt[253]=0.058165
     rtt[254]=0.0587
     rtt[255]=0.058827
     rtt[256]=0.058827
     rtt[257]=0.058853
     rtt[258]=0.059222
     rtt[259]=0.059411
     rtt[260]=0.059462
     rtt[261]=0.059963
     rtt[262]=0.060084
     rtt[263]=0.060638
     rtt[264]=0.060642
     rtt[265]=0.060687
     rtt[266]=0.06108
     rtt[267]=0.061082
     rtt[268]=0.061164
     rtt[269]=0.061324
     rtt[270]=0.061385
     rtt[271]=0.061636
     rtt[272]=0.061715
     rtt[273]=0.061807
     rtt[274]=0.061879
     rtt[275]=0.061952
     rtt[276]=0.062067
     rtt[277]=0.062101
     rtt[278]=0.062152
     rtt[279]=0.062183
     rtt[280]=0.062492
     rtt[281]=0.062646
     rtt[282]=0.062648
     rtt[283]=0.062656
     rtt[284]=0.062698
     rtt[285]=0.062821
     rtt[286]=0.062858
     rtt[287]=0.062867
     rtt[288]=0.063525
     rtt[289]=0.063599
     rtt[290]=0.063869
     rtt[291]=0.06413
     rtt[292]=0.06413
     rtt[293]=0.064305
     rtt[294]=0.064321
     rtt[295]=0.064341
     rtt[296]=0.064371
     rtt[297]=0.064501
     rtt[298]=0.064522
     rtt[299]=0.064681
     rtt[300]=0.064822
     rtt[301]=0.064841
     rtt[302]=0.064942
     rtt[303]=0.065042
     rtt[304]=0.065103
     rtt[305]=0.065109
     rtt[306]=0.065122
     rtt[307]=0.065142
     rtt[308]=0.065262
     rtt[309]=0.065329
     rtt[310]=0.065412
     rtt[311]=0.065674
     rtt[312]=0.065677
     rtt[313]=0.065733
     rtt[314]=0.065773
     rtt[315]=0.065813
     rtt[316]=0.065824
     rtt[317]=0.065983
     rtt[318]=0.066044
     rtt[319]=0.066049
     rtt[320]=0.066092
     rtt[321]=0.066315
     rtt[322]=0.066415
     rtt[323]=0.066471
     rtt[324]=0.066481
     rtt[325]=0.066494
     rtt[326]=0.066522
     rtt[327]=0.066668
     rtt[328]=0.066725
     rtt[329]=0.066731
     rtt[330]=0.066772
     rtt[331]=0.066883
     rtt[332]=0.066906
     rtt[333]=0.066956
     rtt[334]=0.066957
     rtt[335]=0.067096
     rtt[336]=0.067145
     rtt[337]=0.067206
     rtt[338]=0.067246
     rtt[339]=0.067287
     rtt[340]=0.067301
     rtt[341]=0.067307
     rtt[342]=0.06731
     rtt[343]=0.067343
     rtt[344]=0.0674
     rtt[345]=0.067667
     rtt[346]=0.067677
     rtt[347]=0.067707
     rtt[348]=0.067726
     rtt[349]=0.067937
     rtt[350]=0.068079
     rtt[351]=0.068083
     rtt[352]=0.068104
     rtt[353]=0.068237
     rtt[354]=0.068396
     rtt[355]=0.068418
     rtt[356]=0.068549
     rtt[357]=0.068589
     rtt[358]=0.068605
     rtt[359]=0.068643
     rtt[360]=0.068696
     rtt[361]=0.068719
     rtt[362]=0.068752
     rtt[363]=0.068793
     rtt[364]=0.068923
     rtt[365]=0.069099
     rtt[366]=0.069166
     rtt[367]=0.069335
     rtt[368]=0.069627
     rtt[369]=0.069661
     rtt[370]=0.069681
     rtt[371]=0.069711
     rtt[372]=0.06994
     rtt[373]=0.069955
     rtt[374]=0.069972
     rtt[375]=0.069976
     rtt[376]=0.070177
     rtt[377]=0.0702
     rtt[378]=0.070281
     rtt[379]=0.070324
     rtt[380]=0.070352
     rtt[381]=0.070432
     rtt[382]=0.070445
     rtt[383]=0.070446
     rtt[384]=0.070459
     rtt[385]=0.070761
     rtt[386]=0.070843
     rtt[387]=0.071072
     rtt[388]=0.071358
     rtt[389]=0.071364
     rtt[390]=0.071399
     rtt[391]=0.071525
     rtt[392]=0.071645
     rtt[393]=0.071651
     rtt[394]=0.072045
     rtt[395]=0.0722
     rtt[396]=0.072236
     rtt[397]=0.072265
     rtt[398]=0.072302
     rtt[399]=0.07232
     rtt[400]=0.072359
     rtt[401]=0.07244
     rtt[402]=0.072591
     rtt[403]=0.0726
     rtt[404]=0.072649
     rtt[405]=0.072656
     rtt[406]=0.072687
     rtt[407]=0.07284
     rtt[408]=0.073078
     rtt[409]=0.073087
     rtt[410]=0.073109
     rtt[411]=0.073618
     rtt[412]=0.073908
     rtt[413]=0.073985
     rtt[414]=0.074026
     rtt[415]=0.074191
     rtt[416]=0.074219
     rtt[417]=0.074388
     rtt[418]=0.074429
     rtt[419]=0.074501
     rtt[420]=0.076119
     rtt[421]=0.076222
     rtt[422]=0.076797
     rtt[423]=0.076905
     rtt[424]=0.077061
     rtt[425]=0.077482
     rtt[426]=0.077485
     rtt[427]=0.077558
     rtt[428]=0.077754
     rtt[429]=0.078055
     rtt[430]=0.078151
     rtt[431]=0.078307
     rtt[432]=0.078817
     rtt[433]=0.080415
     rtt[434]=0.080747
     rtt[435]=0.081032
     rtt[436]=0.081215
     rtt[437]=0.081263
     rtt[438]=0.081346
     rtt[439]=0.081368
     rtt[440]=0.081412
     rtt[441]=0.081793
     rtt[442]=0.082145
     rtt[443]=0.082254
     rtt[444]=0.082282
     rtt[445]=0.082314
     rtt[446]=0.08251
     rtt[447]=0.082813
     rtt[448]=0.083239
     rtt[449]=0.083696
     rtt[450]=0.083766
     rtt[451]=0.083802
     rtt[452]=0.084756
     rtt[453]=0.084998
     rtt[454]=0.085322
     rtt[455]=0.085323
     rtt[456]=0.085388
     rtt[457]=0.086311
     rtt[458]=0.08634
     rtt[459]=0.086411
     rtt[460]=0.0866
     rtt[461]=0.086702
     rtt[462]=0.087674
     rtt[463]=0.089718
     rtt[464]=0.090215
     rtt[465]=0.091042
     rtt[466]=0.091311
     rtt[467]=0.091762
     rtt[468]=0.092323
     rtt[469]=0.092603
     rtt[470]=0.094164
     rtt[471]=0.094166
     rtt[472]=0.094285
     rtt[473]=0.095084
     rtt[474]=0.095446
     rtt[475]=0.09612
     rtt[476]=0.096542
     rtt[477]=0.097771
     rtt[478]=0.09847
     rtt[479]=0.099727
     rtt[480]=0.09985
     rtt[481]=0.099867
     rtt[482]=0.100349
     rtt[483]=0.109066
     rtt[484]=0.111835
     rtt[485]=0.11202
     rtt[486]=0.116285
     rtt[487]=0.118185
     rtt[488]=0.119434
     rtt[489]=0.120336
     rtt[490]=0.122374
     rtt[491]=0.124457
     rtt[492]=0.129097
     rtt[493]=0.130212
     rtt[494]=0.13314
     rtt[495]=0.141657
     rtt[496]=0.171513
     rtt[497]=0.20266
     rtt[498]=0.221408
     rtt[499]=0.268464
     rtt[500]=0.446543

TCP Ping:  Statistics over 501 repetitions of 128 byte messages

RTT : percentile 10: 0.040596, median: 0.057372, percentile 90: 0.083766, average: 0.0617092, variance: 0.000842322

RTT histogram:
0.0225925 2
0.04379 235
0.0649876 183
0.0861851 57
0.107383 10
0.12858 8
0.149778 1
0.170975 1
0.192173 1
0.21337 1
0.234568 0
0.255766 0
0.276963 1
0.298161 0
0.319358 0
0.340556 0
0.361753 0
0.382951 0
0.404148 0
0.425346 0
0.446544 1

   median Throughput : 4462.11 KB/s   overall Throughput : 4148.49 KB/s

