UDP Ping trying to connect to server localhost (127.0.0.1) on TCP port 1491
 ... connected to Pong server: asking for 501 repetitions of 32768 _bytes UDP messages
 ... Pong server agreed to ping-pong using port 49152 :-)
 ... about to connect socket 3 to IP address 127.0.0.1, port 49152
 ... sending message 1
Error, retrying recieving msg
Round trip time was  0.067 milliseconds in repetition 1
 ... sending message 2
Error, retrying recieving msg
Round trip time was  0.085 milliseconds in repetition 2
 ... sending message 3
Error, retrying recieving msg
Round trip time was  0.097 milliseconds in repetition 3
 ... sending message 4
Error, retrying recieving msg
Round trip time was  0.082 milliseconds in repetition 4
 ... sending message 5
Error, retrying recieving msg
Round trip time was  0.099 milliseconds in repetition 5
 ... sending message 6
Error, retrying recieving msg
Round trip time was  0.074 milliseconds in repetition 6
 ... sending message 7
Error, retrying recieving msg
Round trip time was  0.099 milliseconds in repetition 7
 ... sending message 8
Error, retrying recieving msg
Round trip time was  0.107 milliseconds in repetition 8
 ... sending message 9
Error, retrying recieving msg
Round trip time was  0.104 milliseconds in repetition 9
 ... sending message 10
Error, retrying recieving msg
Round trip time was  0.098 milliseconds in repetition 10
 ... sending message 11
Error, retrying recieving msg
Round trip time was  0.083 milliseconds in repetition 11
 ... sending message 12
Error, retrying recieving msg
Round trip time was  0.091 milliseconds in repetition 12
 ... sending message 13
Error, retrying recieving msg
Round trip time was  0.069 milliseconds in repetition 13
 ... sending message 14
Error, retrying recieving msg
Round trip time was  0.073 milliseconds in repetition 14
 ... sending message 15
Error, retrying recieving msg
Round trip time was  0.075 milliseconds in repetition 15
 ... sending message 16
Error, retrying recieving msg
Round trip time was  0.074 milliseconds in repetition 16
 ... sending message 17
Error, retrying recieving msg
Round trip time was  0.083 milliseconds in repetition 17
 ... sending message 18
Error, retrying recieving msg
Round trip time was  0.087 milliseconds in repetition 18
 ... sending message 19
Error, retrying recieving msg
Round trip time was  0.090 milliseconds in repetition 19
 ... sending message 20
Error, retrying recieving msg
Round trip time was  0.084 milliseconds in repetition 20
 ... sending message 21
Error, retrying recieving msg
Round trip time was  0.083 milliseconds in repetition 21
 ... sending message 22
Error, retrying recieving msg
Round trip time was  0.075 milliseconds in repetition 22
 ... sending message 23
Error, retrying recieving msg
Round trip time was  0.069 milliseconds in repetition 23
 ... sending message 24
Error, retrying recieving msg
Round trip time was  0.088 milliseconds in repetition 24
 ... sending message 25
Error, retrying recieving msg
Round trip time was  0.084 milliseconds in repetition 25
 ... sending message 26
Error, retrying recieving msg
Round trip time was  0.068 milliseconds in repetition 26
 ... sending message 27
Error, retrying recieving msg
Round trip time was  0.113 milliseconds in repetition 27
 ... sending message 28
Error, retrying recieving msg
Round trip time was  0.112 milliseconds in repetition 28
 ... sending message 29
Error, retrying recieving msg
Round trip time was  0.131 milliseconds in repetition 29
 ... sending message 30
Error, retrying recieving msg
Round trip time was  0.101 milliseconds in repetition 30
 ... sending message 31
Error, retrying recieving msg
Round trip time was  0.072 milliseconds in repetition 31
 ... sending message 32
Error, retrying recieving msg
Round trip time was  0.063 milliseconds in repetition 32
 ... sending message 33
Error, retrying recieving msg
Round trip time was  0.080 milliseconds in repetition 33
 ... sending message 34
Error, retrying recieving msg
Round trip time was  0.076 milliseconds in repetition 34
 ... sending message 35
Error, retrying recieving msg
Round trip time was  0.081 milliseconds in repetition 35
 ... sending message 36
Error, retrying recieving msg
Round trip time was  0.095 milliseconds in repetition 36
 ... sending message 37
Error, retrying recieving msg
Round trip time was  0.114 milliseconds in repetition 37
 ... sending message 38
Error, retrying recieving msg
Round trip time was  0.076 milliseconds in repetition 38
 ... sending message 39
Error, retrying recieving msg
Round trip time was  0.058 milliseconds in repetition 39
 ... sending message 40
Error, retrying recieving msg
Round trip time was  0.094 milliseconds in repetition 40
 ... sending message 41
Error, retrying recieving msg
Round trip time was  0.104 milliseconds in repetition 41
 ... sending message 42
Error, retrying recieving msg
Round trip time was  0.064 milliseconds in repetition 42
 ... sending message 43
Error, retrying recieving msg
Round trip time was  0.060 milliseconds in repetition 43
 ... sending message 44
Error, retrying recieving msg
Round trip time was  0.048 milliseconds in repetition 44
 ... sending message 45
Error, retrying recieving msg
Round trip time was  0.067 milliseconds in repetition 45
 ... sending message 46
Error, retrying recieving msg
Round trip time was  0.077 milliseconds in repetition 46
 ... sending message 47
Error, retrying recieving msg
Round trip time was  0.071 milliseconds in repetition 47
 ... sending message 48
Error, retrying recieving msg
Round trip time was  0.075 milliseconds in repetition 48
 ... sending message 49
Error, retrying recieving msg
Round trip time was  0.103 milliseconds in repetition 49
 ... sending message 50
Error, retrying recieving msg
Round trip time was  0.085 milliseconds in repetition 50
 ... sending message 51
Error, retrying recieving msg
Round trip time was  0.069 milliseconds in repetition 51
 ... sending message 52
Error, retrying recieving msg
Round trip time was  0.065 milliseconds in repetition 52
 ... sending message 53
Error, retrying recieving msg
Round trip time was  0.068 milliseconds in repetition 53
 ... sending message 54
Error, retrying recieving msg
Round trip time was  0.105 milliseconds in repetition 54
 ... sending message 55
Error, retrying recieving msg
Round trip time was  0.100 milliseconds in repetition 55
 ... sending message 56
Error, retrying recieving msg
Round trip time was  0.070 milliseconds in repetition 56
 ... sending message 57
Error, retrying recieving msg
Round trip time was  0.078 milliseconds in repetition 57
 ... sending message 58
Error, retrying recieving msg
Round trip time was  0.067 milliseconds in repetition 58
 ... sending message 59
Error, retrying recieving msg
Round trip time was  0.078 milliseconds in repetition 59
 ... sending message 60
Error, retrying recieving msg
Round trip time was  0.081 milliseconds in repetition 60
 ... sending message 61
Error, retrying recieving msg
Round trip time was  0.070 milliseconds in repetition 61
 ... sending message 62
Error, retrying recieving msg
Round trip time was  0.075 milliseconds in repetition 62
 ... sending message 63
Error, retrying recieving msg
Round trip time was  0.079 milliseconds in repetition 63
 ... sending message 64
Error, retrying recieving msg
Round trip time was  0.063 milliseconds in repetition 64
 ... sending message 65
Error, retrying recieving msg
Round trip time was  0.065 milliseconds in repetition 65
 ... sending message 66
Error, retrying recieving msg
Round trip time was  0.084 milliseconds in repetition 66
 ... sending message 67
Error, retrying recieving msg
Round trip time was  0.105 milliseconds in repetition 67
 ... sending message 68
Error, retrying recieving msg
Round trip time was  0.074 milliseconds in repetition 68
 ... sending message 69
Error, retrying recieving msg
Round trip time was  0.065 milliseconds in repetition 69
 ... sending message 70
Error, retrying recieving msg
Round trip time was  0.080 milliseconds in repetition 70
 ... sending message 71
Error, retrying recieving msg
Round trip time was  0.062 milliseconds in repetition 71
 ... sending message 72
Error, retrying recieving msg
Round trip time was  0.063 milliseconds in repetition 72
 ... sending message 73
Error, retrying recieving msg
Round trip time was  0.084 milliseconds in repetition 73
 ... sending message 74
Error, retrying recieving msg
Round trip time was  0.075 milliseconds in repetition 74
 ... sending message 75
Error, retrying recieving msg
Round trip time was  0.069 milliseconds in repetition 75
 ... sending message 76
Error, retrying recieving msg
Round trip time was  0.072 milliseconds in repetition 76
 ... sending message 77
Error, retrying recieving msg
Round trip time was  0.073 milliseconds in repetition 77
 ... sending message 78
Error, retrying recieving msg
Round trip time was  0.076 milliseconds in repetition 78
 ... sending message 79
Error, retrying recieving msg
Round trip time was  0.073 milliseconds in repetition 79
 ... sending message 80
Error, retrying recieving msg
Round trip time was  0.075 milliseconds in repetition 80
 ... sending message 81
Error, retrying recieving msg
Round trip time was  0.072 milliseconds in repetition 81
 ... sending message 82
Error, retrying recieving msg
Round trip time was  0.082 milliseconds in repetition 82
 ... sending message 83
Error, retrying recieving msg
Round trip time was  0.083 milliseconds in repetition 83
 ... sending message 84
Error, retrying recieving msg
Round trip time was  0.068 milliseconds in repetition 84
 ... sending message 85
Error, retrying recieving msg
Round trip time was  0.061 milliseconds in repetition 85
 ... sending message 86
Error, retrying recieving msg
Round trip time was  0.062 milliseconds in repetition 86
 ... sending message 87
Error, retrying recieving msg
Round trip time was  0.066 milliseconds in repetition 87
 ... sending message 88
Error, retrying recieving msg
Round trip time was  0.068 milliseconds in repetition 88
 ... sending message 89
Error, retrying recieving msg
Round trip time was  0.059 milliseconds in repetition 89
 ... sending message 90
Error, retrying recieving msg
Round trip time was  0.082 milliseconds in repetition 90
 ... sending message 91
Error, retrying recieving msg
Round trip time was  0.095 milliseconds in repetition 91
 ... sending message 92
Error, retrying recieving msg
Round trip time was  0.054 milliseconds in repetition 92
 ... sending message 93
Error, retrying recieving msg
Round trip time was  0.106 milliseconds in repetition 93
 ... sending message 94
Error, retrying recieving msg
Round trip time was  0.074 milliseconds in repetition 94
 ... sending message 95
Error, retrying recieving msg
Round trip time was  0.061 milliseconds in repetition 95
 ... sending message 96
Error, retrying recieving msg
Round trip time was  0.061 milliseconds in repetition 96
 ... sending message 97
Error, retrying recieving msg
Round trip time was  0.062 milliseconds in repetition 97
 ... sending message 98
Error, retrying recieving msg
Round trip time was  0.068 milliseconds in repetition 98
 ... sending message 99
Error, retrying recieving msg
Round trip time was  0.079 milliseconds in repetition 99
 ... sending message 100
Error, retrying recieving msg
Round trip time was  0.078 milliseconds in repetition 100
 ... sending message 101
Error, retrying recieving msg
Round trip time was  0.079 milliseconds in repetition 101
 ... sending message 102
Error, retrying recieving msg
Round trip time was  0.080 milliseconds in repetition 102
 ... sending message 103
Error, retrying recieving msg
Round trip time was  0.068 milliseconds in repetition 103
 ... sending message 104
Error, retrying recieving msg
Round trip time was  0.059 milliseconds in repetition 104
 ... sending message 105
Error, retrying recieving msg
Round trip time was  0.071 milliseconds in repetition 105
 ... sending message 106
Error, retrying recieving msg
Round trip time was  0.081 milliseconds in repetition 106
 ... sending message 107
Error, retrying recieving msg
Round trip time was  0.080 milliseconds in repetition 107
 ... sending message 108
Error, retrying recieving msg
Round trip time was  0.089 milliseconds in repetition 108
 ... sending message 109
Error, retrying recieving msg
Round trip time was  0.131 milliseconds in repetition 109
 ... sending message 110
Error, retrying recieving msg
Round trip time was  0.081 milliseconds in repetition 110
 ... sending message 111
Error, retrying recieving msg
Round trip time was  0.076 milliseconds in repetition 111
 ... sending message 112
Error, retrying recieving msg
Round trip time was  0.078 milliseconds in repetition 112
 ... sending message 113
Error, retrying recieving msg
Round trip time was  0.061 milliseconds in repetition 113
 ... sending message 114
Error, retrying recieving msg
Round trip time was  0.059 milliseconds in repetition 114
 ... sending message 115
Error, retrying recieving msg
Round trip time was  0.060 milliseconds in repetition 115
 ... sending message 116
Error, retrying recieving msg
Round trip time was  0.061 milliseconds in repetition 116
 ... sending message 117
Error, retrying recieving msg
Round trip time was  0.069 milliseconds in repetition 117
 ... sending message 118
Error, retrying recieving msg
Round trip time was  0.074 milliseconds in repetition 118
 ... sending message 119
Error, retrying recieving msg
Round trip time was  0.076 milliseconds in repetition 119
 ... sending message 120
Error, retrying recieving msg
Round trip time was  0.070 milliseconds in repetition 120
 ... sending message 121
Error, retrying recieving msg
Round trip time was  0.069 milliseconds in repetition 121
 ... sending message 122
Error, retrying recieving msg
Round trip time was  0.075 milliseconds in repetition 122
 ... sending message 123
Error, retrying recieving msg
Round trip time was  0.065 milliseconds in repetition 123
 ... sending message 124
Error, retrying recieving msg
Round trip time was  0.071 milliseconds in repetition 124
 ... sending message 125
Error, retrying recieving msg
Round trip time was  0.066 milliseconds in repetition 125
 ... sending message 126
Error, retrying recieving msg
Round trip time was  0.075 milliseconds in repetition 126
 ... sending message 127
Error, retrying recieving msg
Round trip time was  0.072 milliseconds in repetition 127
 ... sending message 128
Error, retrying recieving msg
Round trip time was  0.062 milliseconds in repetition 128
 ... sending message 129
Error, retrying recieving msg
Round trip time was  0.068 milliseconds in repetition 129
 ... sending message 130
Error, retrying recieving msg
Round trip time was  0.070 milliseconds in repetition 130
 ... sending message 131
Error, retrying recieving msg
Round trip time was  0.072 milliseconds in repetition 131
 ... sending message 132
Error, retrying recieving msg
Round trip time was  0.071 milliseconds in repetition 132
 ... sending message 133
Error, retrying recieving msg
Round trip time was  0.070 milliseconds in repetition 133
 ... sending message 134
Error, retrying recieving msg
Round trip time was  0.082 milliseconds in repetition 134
 ... sending message 135
Error, retrying recieving msg
Round trip time was  0.075 milliseconds in repetition 135
 ... sending message 136
Error, retrying recieving msg
Round trip time was  0.079 milliseconds in repetition 136
 ... sending message 137
Error, retrying recieving msg
Round trip time was  0.096 milliseconds in repetition 137
 ... sending message 138
Error, retrying recieving msg
Round trip time was  0.066 milliseconds in repetition 138
 ... sending message 139
Error, retrying recieving msg
Round trip time was  0.045 milliseconds in repetition 139
 ... sending message 140
Error, retrying recieving msg
Round trip time was  0.046 milliseconds in repetition 140
 ... sending message 141
Error, retrying recieving msg
Round trip time was  0.088 milliseconds in repetition 141
 ... sending message 142
Error, retrying recieving msg
Round trip time was  0.087 milliseconds in repetition 142
 ... sending message 143
Error, retrying recieving msg
Round trip time was  0.073 milliseconds in repetition 143
 ... sending message 144
Error, retrying recieving msg
Round trip time was  0.161 milliseconds in repetition 144
 ... sending message 145
Error, retrying recieving msg
Round trip time was  0.078 milliseconds in repetition 145
 ... sending message 146
Error, retrying recieving msg
Round trip time was  0.075 milliseconds in repetition 146
 ... sending message 147
Error, retrying recieving msg
Round trip time was  0.076 milliseconds in repetition 147
 ... sending message 148
Error, retrying recieving msg
Round trip time was  0.067 milliseconds in repetition 148
 ... sending message 149
Error, retrying recieving msg
Round trip time was  0.070 milliseconds in repetition 149
 ... sending message 150
Error, retrying recieving msg
Round trip time was  0.082 milliseconds in repetition 150
 ... sending message 151
Error, retrying recieving msg
Round trip time was  0.063 milliseconds in repetition 151
 ... sending message 152
Error, retrying recieving msg
Round trip time was  0.081 milliseconds in repetition 152
 ... sending message 153
Error, retrying recieving msg
Round trip time was  0.087 milliseconds in repetition 153
 ... sending message 154
Error, retrying recieving msg
Round trip time was  0.071 milliseconds in repetition 154
 ... sending message 155
Error, retrying recieving msg
Round trip time was  0.064 milliseconds in repetition 155
 ... sending message 156
Error, retrying recieving msg
Round trip time was  0.064 milliseconds in repetition 156
 ... sending message 157
Error, retrying recieving msg
Round trip time was  0.075 milliseconds in repetition 157
 ... sending message 158
Error, retrying recieving msg
Round trip time was  0.079 milliseconds in repetition 158
 ... sending message 159
Error, retrying recieving msg
Round trip time was  0.071 milliseconds in repetition 159
 ... sending message 160
Error, retrying recieving msg
Round trip time was  0.063 milliseconds in repetition 160
 ... sending message 161
Error, retrying recieving msg
Round trip time was  0.062 milliseconds in repetition 161
 ... sending message 162
Error, retrying recieving msg
Round trip time was  0.091 milliseconds in repetition 162
 ... sending message 163
Error, retrying recieving msg
Round trip time was  0.102 milliseconds in repetition 163
 ... sending message 164
Error, retrying recieving msg
Round trip time was  0.100 milliseconds in repetition 164
 ... sending message 165
Error, retrying recieving msg
Round trip time was  0.096 milliseconds in repetition 165
 ... sending message 166
Error, retrying recieving msg
Round trip time was  0.077 milliseconds in repetition 166
 ... sending message 167
Error, retrying recieving msg
Round trip time was  0.061 milliseconds in repetition 167
 ... sending message 168
Error, retrying recieving msg
Round trip time was  0.067 milliseconds in repetition 168
 ... sending message 169
Error, retrying recieving msg
Round trip time was  0.073 milliseconds in repetition 169
 ... sending message 170
Error, retrying recieving msg
Round trip time was  0.080 milliseconds in repetition 170
 ... sending message 171
Error, retrying recieving msg
Round trip time was  0.074 milliseconds in repetition 171
 ... sending message 172
Error, retrying recieving msg
Round trip time was  0.073 milliseconds in repetition 172
 ... sending message 173
Error, retrying recieving msg
Round trip time was  0.075 milliseconds in repetition 173
 ... sending message 174
Error, retrying recieving msg
Round trip time was  0.068 milliseconds in repetition 174
 ... sending message 175
Error, retrying recieving msg
Round trip time was  0.077 milliseconds in repetition 175
 ... sending message 176
Error, retrying recieving msg
Round trip time was  0.075 milliseconds in repetition 176
 ... sending message 177
Error, retrying recieving msg
Round trip time was  0.074 milliseconds in repetition 177
 ... sending message 178
Error, retrying recieving msg
Round trip time was  0.076 milliseconds in repetition 178
 ... sending message 179
Error, retrying recieving msg
Round trip time was  0.077 milliseconds in repetition 179
 ... sending message 180
Error, retrying recieving msg
Round trip time was  0.078 milliseconds in repetition 180
 ... sending message 181
Error, retrying recieving msg
Round trip time was  0.077 milliseconds in repetition 181
 ... sending message 182
Error, retrying recieving msg
Round trip time was  0.112 milliseconds in repetition 182
 ... sending message 183
Error, retrying recieving msg
Round trip time was  0.064 milliseconds in repetition 183
 ... sending message 184
Error, retrying recieving msg
Round trip time was  0.076 milliseconds in repetition 184
 ... sending message 185
Error, retrying recieving msg
Round trip time was  0.087 milliseconds in repetition 185
 ... sending message 186
Error, retrying recieving msg
Round trip time was  0.076 milliseconds in repetition 186
 ... sending message 187
Error, retrying recieving msg
Round trip time was  0.073 milliseconds in repetition 187
 ... sending message 188
Error, retrying recieving msg
Round trip time was  0.062 milliseconds in repetition 188
 ... sending message 189
Error, retrying recieving msg
Round trip time was  0.064 milliseconds in repetition 189
 ... sending message 190
Error, retrying recieving msg
Round trip time was  0.061 milliseconds in repetition 190
 ... sending message 191
Error, retrying recieving msg
Round trip time was  0.085 milliseconds in repetition 191
 ... sending message 192
Error, retrying recieving msg
Round trip time was  0.074 milliseconds in repetition 192
 ... sending message 193
Error, retrying recieving msg
Round trip time was  0.078 milliseconds in repetition 193
 ... sending message 194
Error, retrying recieving msg
Round trip time was  0.085 milliseconds in repetition 194
 ... sending message 195
Error, retrying recieving msg
Round trip time was  0.077 milliseconds in repetition 195
 ... sending message 196
Error, retrying recieving msg
Round trip time was  0.066 milliseconds in repetition 196
 ... sending message 197
Error, retrying recieving msg
Round trip time was  0.059 milliseconds in repetition 197
 ... sending message 198
Error, retrying recieving msg
Round trip time was  0.070 milliseconds in repetition 198
 ... sending message 199
Error, retrying recieving msg
Round trip time was  0.077 milliseconds in repetition 199
 ... sending message 200
Error, retrying recieving msg
Round trip time was  0.073 milliseconds in repetition 200
 ... sending message 201
Error, retrying recieving msg
Round trip time was  0.071 milliseconds in repetition 201
 ... sending message 202
Error, retrying recieving msg
Round trip time was  0.072 milliseconds in repetition 202
 ... sending message 203
Error, retrying recieving msg
Round trip time was  0.063 milliseconds in repetition 203
 ... sending message 204
Error, retrying recieving msg
Round trip time was  0.077 milliseconds in repetition 204
 ... sending message 205
Error, retrying recieving msg
Round trip time was  0.069 milliseconds in repetition 205
 ... sending message 206
Error, retrying recieving msg
Round trip time was  0.071 milliseconds in repetition 206
 ... sending message 207
Error, retrying recieving msg
Round trip time was  0.069 milliseconds in repetition 207
 ... sending message 208
Error, retrying recieving msg
Round trip time was  0.070 milliseconds in repetition 208
 ... sending message 209
Error, retrying recieving msg
Round trip time was  0.074 milliseconds in repetition 209
 ... sending message 210
Error, retrying recieving msg
Round trip time was  0.081 milliseconds in repetition 210
 ... sending message 211
Error, retrying recieving msg
Round trip time was  0.072 milliseconds in repetition 211
 ... sending message 212
Error, retrying recieving msg
Round trip time was  0.061 milliseconds in repetition 212
 ... sending message 213
Error, retrying recieving msg
Round trip time was  0.076 milliseconds in repetition 213
 ... sending message 214
Error, retrying recieving msg
Round trip time was  0.073 milliseconds in repetition 214
 ... sending message 215
Error, retrying recieving msg
Round trip time was  0.074 milliseconds in repetition 215
 ... sending message 216
Error, retrying recieving msg
Round trip time was  0.072 milliseconds in repetition 216
 ... sending message 217
Error, retrying recieving msg
Round trip time was  0.069 milliseconds in repetition 217
 ... sending message 218
Error, retrying recieving msg
Round trip time was  0.111 milliseconds in repetition 218
 ... sending message 219
Error, retrying recieving msg
Round trip time was  0.066 milliseconds in repetition 219
 ... sending message 220
Error, retrying recieving msg
Round trip time was  0.068 milliseconds in repetition 220
 ... sending message 221
Error, retrying recieving msg
Round trip time was  0.068 milliseconds in repetition 221
 ... sending message 222
Error, retrying recieving msg
Round trip time was  0.066 milliseconds in repetition 222
 ... sending message 223
Error, retrying recieving msg
Round trip time was  0.047 milliseconds in repetition 223
 ... sending message 224
Error, retrying recieving msg
Round trip time was  0.060 milliseconds in repetition 224
 ... sending message 225
Error, retrying recieving msg
Round trip time was  0.076 milliseconds in repetition 225
 ... sending message 226
Error, retrying recieving msg
Round trip time was  0.077 milliseconds in repetition 226
 ... sending message 227
Error, retrying recieving msg
Round trip time was  0.070 milliseconds in repetition 227
 ... sending message 228
Error, retrying recieving msg
Round trip time was  0.074 milliseconds in repetition 228
 ... sending message 229
Error, retrying recieving msg
Round trip time was  0.073 milliseconds in repetition 229
 ... sending message 230
Error, retrying recieving msg
Round trip time was  0.071 milliseconds in repetition 230
 ... sending message 231
Error, retrying recieving msg
Round trip time was  0.072 milliseconds in repetition 231
 ... sending message 232
Error, retrying recieving msg
Round trip time was  0.073 milliseconds in repetition 232
 ... sending message 233
Error, retrying recieving msg
Round trip time was  0.048 milliseconds in repetition 233
 ... sending message 234
Error, retrying recieving msg
Round trip time was  0.060 milliseconds in repetition 234
 ... sending message 235
Error, retrying recieving msg
Round trip time was  0.088 milliseconds in repetition 235
 ... sending message 236
Error, retrying recieving msg
Round trip time was  0.075 milliseconds in repetition 236
 ... sending message 237
Error, retrying recieving msg
Round trip time was  0.073 milliseconds in repetition 237
 ... sending message 238
Error, retrying recieving msg
Round trip time was  0.071 milliseconds in repetition 238
 ... sending message 239
Error, retrying recieving msg
Round trip time was  0.049 milliseconds in repetition 239
 ... sending message 240
Error, retrying recieving msg
Round trip time was  0.077 milliseconds in repetition 240
 ... sending message 241
Error, retrying recieving msg
Round trip time was  0.088 milliseconds in repetition 241
 ... sending message 242
Error, retrying recieving msg
Round trip time was  0.098 milliseconds in repetition 242
 ... sending message 243
Error, retrying recieving msg
Round trip time was  0.078 milliseconds in repetition 243
 ... sending message 244
Error, retrying recieving msg
Round trip time was  0.071 milliseconds in repetition 244
 ... sending message 245
Error, retrying recieving msg
Round trip time was  0.071 milliseconds in repetition 245
 ... sending message 246
Error, retrying recieving msg
Round trip time was  0.076 milliseconds in repetition 246
 ... sending message 247
Error, retrying recieving msg
Round trip time was  0.075 milliseconds in repetition 247
 ... sending message 248
Error, retrying recieving msg
Round trip time was  0.050 milliseconds in repetition 248
 ... sending message 249
Error, retrying recieving msg
Round trip time was  0.063 milliseconds in repetition 249
 ... sending message 250
Error, retrying recieving msg
Round trip time was  0.090 milliseconds in repetition 250
 ... sending message 251
Error, retrying recieving msg
Round trip time was  0.073 milliseconds in repetition 251
 ... sending message 252
Error, retrying recieving msg
Round trip time was  0.065 milliseconds in repetition 252
 ... sending message 253
Error, retrying recieving msg
Round trip time was  0.074 milliseconds in repetition 253
 ... sending message 254
Error, retrying recieving msg
Round trip time was  0.109 milliseconds in repetition 254
 ... sending message 255
Error, retrying recieving msg
Round trip time was  0.062 milliseconds in repetition 255
 ... sending message 256
Error, retrying recieving msg
Round trip time was  0.062 milliseconds in repetition 256
 ... sending message 257
Error, retrying recieving msg
Round trip time was  0.085 milliseconds in repetition 257
 ... sending message 258
Error, retrying recieving msg
Round trip time was  0.071 milliseconds in repetition 258
 ... sending message 259
Error, retrying recieving msg
Round trip time was  0.078 milliseconds in repetition 259
 ... sending message 260
Error, retrying recieving msg
Round trip time was  0.090 milliseconds in repetition 260
 ... sending message 261
Error, retrying recieving msg
Round trip time was  0.075 milliseconds in repetition 261
 ... sending message 262
Error, retrying recieving msg
Round trip time was  0.062 milliseconds in repetition 262
 ... sending message 263
Error, retrying recieving msg
Round trip time was  0.071 milliseconds in repetition 263
 ... sending message 264
Error, retrying recieving msg
Round trip time was  0.064 milliseconds in repetition 264
 ... sending message 265
Error, retrying recieving msg
Round trip time was  0.066 milliseconds in repetition 265
 ... sending message 266
Error, retrying recieving msg
Round trip time was  0.082 milliseconds in repetition 266
 ... sending message 267
Error, retrying recieving msg
Round trip time was  0.078 milliseconds in repetition 267
 ... sending message 268
Error, retrying recieving msg
Round trip time was  0.084 milliseconds in repetition 268
 ... sending message 269
Error, retrying recieving msg
Round trip time was  0.069 milliseconds in repetition 269
 ... sending message 270
Error, retrying recieving msg
Round trip time was  0.069 milliseconds in repetition 270
 ... sending message 271
Error, retrying recieving msg
Round trip time was  0.080 milliseconds in repetition 271
 ... sending message 272
Error, retrying recieving msg
Round trip time was  0.106 milliseconds in repetition 272
 ... sending message 273
Error, retrying recieving msg
Round trip time was  0.076 milliseconds in repetition 273
 ... sending message 274
Error, retrying recieving msg
Round trip time was  0.071 milliseconds in repetition 274
 ... sending message 275
Error, retrying recieving msg
Round trip time was  0.077 milliseconds in repetition 275
 ... sending message 276
Error, retrying recieving msg
Round trip time was  0.083 milliseconds in repetition 276
 ... sending message 277
Error, retrying recieving msg
Round trip time was  0.080 milliseconds in repetition 277
 ... sending message 278
Error, retrying recieving msg
Round trip time was  0.228 milliseconds in repetition 278
 ... sending message 279
Error, retrying recieving msg
Round trip time was  0.234 milliseconds in repetition 279
 ... sending message 280
Error, retrying recieving msg
Round trip time was  0.075 milliseconds in repetition 280
 ... sending message 281
Error, retrying recieving msg
Round trip time was  0.065 milliseconds in repetition 281
 ... sending message 282
Error, retrying recieving msg
Round trip time was  0.070 milliseconds in repetition 282
 ... sending message 283
Error, retrying recieving msg
Round trip time was  0.071 milliseconds in repetition 283
 ... sending message 284
Error, retrying recieving msg
Round trip time was  0.064 milliseconds in repetition 284
 ... sending message 285
Error, retrying recieving msg
Round trip time was  0.070 milliseconds in repetition 285
 ... sending message 286
Error, retrying recieving msg
Round trip time was  0.064 milliseconds in repetition 286
 ... sending message 287
Error, retrying recieving msg
Round trip time was  0.068 milliseconds in repetition 287
 ... sending message 288
Error, retrying recieving msg
Round trip time was  0.065 milliseconds in repetition 288
 ... sending message 289
Error, retrying recieving msg
Round trip time was  0.063 milliseconds in repetition 289
 ... sending message 290
Error, retrying recieving msg
Round trip time was  0.092 milliseconds in repetition 290
 ... sending message 291
Error, retrying recieving msg
Round trip time was  0.072 milliseconds in repetition 291
 ... sending message 292
Error, retrying recieving msg
Round trip time was  0.087 milliseconds in repetition 292
 ... sending message 293
Error, retrying recieving msg
Round trip time was  0.085 milliseconds in repetition 293
 ... sending message 294
Error, retrying recieving msg
Round trip time was  0.066 milliseconds in repetition 294
 ... sending message 295
Error, retrying recieving msg
Round trip time was  0.080 milliseconds in repetition 295
 ... sending message 296
Error, retrying recieving msg
Round trip time was  0.079 milliseconds in repetition 296
 ... sending message 297
Error, retrying recieving msg
Round trip time was  0.071 milliseconds in repetition 297
 ... sending message 298
Error, retrying recieving msg
Round trip time was  0.059 milliseconds in repetition 298
 ... sending message 299
Error, retrying recieving msg
Round trip time was  0.073 milliseconds in repetition 299
 ... sending message 300
Error, retrying recieving msg
Round trip time was  0.063 milliseconds in repetition 300
 ... sending message 301
Error, retrying recieving msg
Round trip time was  0.065 milliseconds in repetition 301
 ... sending message 302
Error, retrying recieving msg
Round trip time was  0.092 milliseconds in repetition 302
 ... sending message 303
Error, retrying recieving msg
Round trip time was  0.095 milliseconds in repetition 303
 ... sending message 304
Error, retrying recieving msg
Round trip time was  0.070 milliseconds in repetition 304
 ... sending message 305
Error, retrying recieving msg
Round trip time was  0.091 milliseconds in repetition 305
 ... sending message 306
Error, retrying recieving msg
Round trip time was  0.084 milliseconds in repetition 306
 ... sending message 307
Error, retrying recieving msg
Round trip time was  0.070 milliseconds in repetition 307
 ... sending message 308
Error, retrying recieving msg
Round trip time was  0.069 milliseconds in repetition 308
 ... sending message 309
Error, retrying recieving msg
Round trip time was  0.098 milliseconds in repetition 309
 ... sending message 310
Error, retrying recieving msg
Round trip time was  0.094 milliseconds in repetition 310
 ... sending message 311
Error, retrying recieving msg
Round trip time was  0.092 milliseconds in repetition 311
 ... sending message 312
Error, retrying recieving msg
Round trip time was  0.080 milliseconds in repetition 312
 ... sending message 313
Error, retrying recieving msg
Round trip time was  0.067 milliseconds in repetition 313
 ... sending message 314
Error, retrying recieving msg
Round trip time was  0.066 milliseconds in repetition 314
 ... sending message 315
Error, retrying recieving msg
Round trip time was  0.069 milliseconds in repetition 315
 ... sending message 316
Error, retrying recieving msg
Round trip time was  0.062 milliseconds in repetition 316
 ... sending message 317
Error, retrying recieving msg
Round trip time was  0.071 milliseconds in repetition 317
 ... sending message 318
Error, retrying recieving msg
Round trip time was  0.067 milliseconds in repetition 318
 ... sending message 319
Error, retrying recieving msg
Round trip time was  0.070 milliseconds in repetition 319
 ... sending message 320
Error, retrying recieving msg
Round trip time was  0.073 milliseconds in repetition 320
 ... sending message 321
Error, retrying recieving msg
Round trip time was  0.071 milliseconds in repetition 321
 ... sending message 322
Error, retrying recieving msg
Round trip time was  0.072 milliseconds in repetition 322
 ... sending message 323
Error, retrying recieving msg
Round trip time was  0.068 milliseconds in repetition 323
 ... sending message 324
Error, retrying recieving msg
Round trip time was  0.067 milliseconds in repetition 324
 ... sending message 325
Error, retrying recieving msg
Round trip time was  0.098 milliseconds in repetition 325
 ... sending message 326
Error, retrying recieving msg
Round trip time was  0.074 milliseconds in repetition 326
 ... sending message 327
Error, retrying recieving msg
Round trip time was  0.103 milliseconds in repetition 327
 ... sending message 328
Error, retrying recieving msg
Round trip time was  0.072 milliseconds in repetition 328
 ... sending message 329
Error, retrying recieving msg
Round trip time was  0.072 milliseconds in repetition 329
 ... sending message 330
Error, retrying recieving msg
Round trip time was  0.074 milliseconds in repetition 330
 ... sending message 331
Error, retrying recieving msg
Round trip time was  0.098 milliseconds in repetition 331
 ... sending message 332
Error, retrying recieving msg
Round trip time was  0.105 milliseconds in repetition 332
 ... sending message 333
Error, retrying recieving msg
Round trip time was  0.074 milliseconds in repetition 333
 ... sending message 334
Error, retrying recieving msg
Round trip time was  0.076 milliseconds in repetition 334
 ... sending message 335
Error, retrying recieving msg
Round trip time was  0.074 milliseconds in repetition 335
 ... sending message 336
Error, retrying recieving msg
Round trip time was  0.071 milliseconds in repetition 336
 ... sending message 337
Error, retrying recieving msg
Round trip time was  0.065 milliseconds in repetition 337
 ... sending message 338
Error, retrying recieving msg
Round trip time was  0.062 milliseconds in repetition 338
 ... sending message 339
Error, retrying recieving msg
Round trip time was  0.073 milliseconds in repetition 339
 ... sending message 340
Error, retrying recieving msg
Round trip time was  0.077 milliseconds in repetition 340
 ... sending message 341
Error, retrying recieving msg
Round trip time was  0.070 milliseconds in repetition 341
 ... sending message 342
Error, retrying recieving msg
Round trip time was  0.071 milliseconds in repetition 342
 ... sending message 343
Error, retrying recieving msg
Round trip time was  0.062 milliseconds in repetition 343
 ... sending message 344
Error, retrying recieving msg
Round trip time was  0.064 milliseconds in repetition 344
 ... sending message 345
Error, retrying recieving msg
Round trip time was  0.064 milliseconds in repetition 345
 ... sending message 346
Error, retrying recieving msg
Round trip time was  0.064 milliseconds in repetition 346
 ... sending message 347
Error, retrying recieving msg
Round trip time was  0.060 milliseconds in repetition 347
 ... sending message 348
Error, retrying recieving msg
Round trip time was  0.063 milliseconds in repetition 348
 ... sending message 349
Error, retrying recieving msg
Round trip time was  0.069 milliseconds in repetition 349
 ... sending message 350
Error, retrying recieving msg
Round trip time was  0.072 milliseconds in repetition 350
 ... sending message 351
Error, retrying recieving msg
Round trip time was  0.083 milliseconds in repetition 351
 ... sending message 352
Error, retrying recieving msg
Round trip time was  0.095 milliseconds in repetition 352
 ... sending message 353
Error, retrying recieving msg
Round trip time was  0.077 milliseconds in repetition 353
 ... sending message 354
Error, retrying recieving msg
Round trip time was  0.070 milliseconds in repetition 354
 ... sending message 355
Error, retrying recieving msg
Round trip time was  0.061 milliseconds in repetition 355
 ... sending message 356
Error, retrying recieving msg
Round trip time was  0.064 milliseconds in repetition 356
 ... sending message 357
Error, retrying recieving msg
Round trip time was  0.051 milliseconds in repetition 357
 ... sending message 358
Error, retrying recieving msg
Round trip time was  0.074 milliseconds in repetition 358
 ... sending message 359
Error, retrying recieving msg
Round trip time was  0.045 milliseconds in repetition 359
 ... sending message 360
Error, retrying recieving msg
Round trip time was  0.048 milliseconds in repetition 360
 ... sending message 361
Error, retrying recieving msg
Round trip time was  0.074 milliseconds in repetition 361
 ... sending message 362
Error, retrying recieving msg
Round trip time was  0.069 milliseconds in repetition 362
 ... sending message 363
Error, retrying recieving msg
Round trip time was  0.162 milliseconds in repetition 363
 ... sending message 364
Error, retrying recieving msg
Round trip time was  0.092 milliseconds in repetition 364
 ... sending message 365
Error, retrying recieving msg
Round trip time was  0.142 milliseconds in repetition 365
 ... sending message 366
Error, retrying recieving msg
Round trip time was  0.075 milliseconds in repetition 366
 ... sending message 367
Error, retrying recieving msg
Round trip time was  0.046 milliseconds in repetition 367
 ... sending message 368
Error, retrying recieving msg
Round trip time was  0.074 milliseconds in repetition 368
 ... sending message 369
Error, retrying recieving msg
Round trip time was  0.077 milliseconds in repetition 369
 ... sending message 370
Error, retrying recieving msg
Round trip time was  0.083 milliseconds in repetition 370
 ... sending message 371
Error, retrying recieving msg
Round trip time was  0.070 milliseconds in repetition 371
 ... sending message 372
Error, retrying recieving msg
Round trip time was  0.063 milliseconds in repetition 372
 ... sending message 373
Error, retrying recieving msg
Round trip time was  0.065 milliseconds in repetition 373
 ... sending message 374
Error, retrying recieving msg
Round trip time was  0.077 milliseconds in repetition 374
 ... sending message 375
Error, retrying recieving msg
Round trip time was  0.079 milliseconds in repetition 375
 ... sending message 376
Error, retrying recieving msg
Round trip time was  0.071 milliseconds in repetition 376
 ... sending message 377
Error, retrying recieving msg
Round trip time was  0.087 milliseconds in repetition 377
 ... sending message 378
Error, retrying recieving msg
Round trip time was  0.076 milliseconds in repetition 378
 ... sending message 379
Error, retrying recieving msg
Round trip time was  0.080 milliseconds in repetition 379
 ... sending message 380
Error, retrying recieving msg
Round trip time was  0.076 milliseconds in repetition 380
 ... sending message 381
Error, retrying recieving msg
Round trip time was  0.065 milliseconds in repetition 381
 ... sending message 382
Error, retrying recieving msg
Round trip time was  0.081 milliseconds in repetition 382
 ... sending message 383
Error, retrying recieving msg
Round trip time was  0.076 milliseconds in repetition 383
 ... sending message 384
Error, retrying recieving msg
Round trip time was  0.071 milliseconds in repetition 384
 ... sending message 385
Error, retrying recieving msg
Round trip time was  0.071 milliseconds in repetition 385
 ... sending message 386
Error, retrying recieving msg
Round trip time was  0.075 milliseconds in repetition 386
 ... sending message 387
Error, retrying recieving msg
Round trip time was  0.072 milliseconds in repetition 387
 ... sending message 388
Error, retrying recieving msg
Round trip time was  0.081 milliseconds in repetition 388
 ... sending message 389
Error, retrying recieving msg
Round trip time was  0.070 milliseconds in repetition 389
 ... sending message 390
Error, retrying recieving msg
Round trip time was  0.060 milliseconds in repetition 390
 ... sending message 391
Error, retrying recieving msg
Round trip time was  0.058 milliseconds in repetition 391
 ... sending message 392
Error, retrying recieving msg
Round trip time was  0.068 milliseconds in repetition 392
 ... sending message 393
Error, retrying recieving msg
Round trip time was  0.068 milliseconds in repetition 393
 ... sending message 394
Error, retrying recieving msg
Round trip time was  0.083 milliseconds in repetition 394
 ... sending message 395
Error, retrying recieving msg
Round trip time was  0.079 milliseconds in repetition 395
 ... sending message 396
Error, retrying recieving msg
Round trip time was  0.096 milliseconds in repetition 396
 ... sending message 397
Error, retrying recieving msg
Round trip time was  0.075 milliseconds in repetition 397
 ... sending message 398
Error, retrying recieving msg
Round trip time was  0.080 milliseconds in repetition 398
 ... sending message 399
Error, retrying recieving msg
Round trip time was  0.125 milliseconds in repetition 399
 ... sending message 400
Error, retrying recieving msg
Round trip time was  0.076 milliseconds in repetition 400
 ... sending message 401
Error, retrying recieving msg
Round trip time was  0.096 milliseconds in repetition 401
 ... sending message 402
Error, retrying recieving msg
Round trip time was  0.080 milliseconds in repetition 402
 ... sending message 403
Error, retrying recieving msg
Round trip time was  0.102 milliseconds in repetition 403
 ... sending message 404
Error, retrying recieving msg
Round trip time was  0.069 milliseconds in repetition 404
 ... sending message 405
Error, retrying recieving msg
Round trip time was  0.062 milliseconds in repetition 405
 ... sending message 406
Error, retrying recieving msg
Round trip time was  0.061 milliseconds in repetition 406
 ... sending message 407
Error, retrying recieving msg
Round trip time was  0.074 milliseconds in repetition 407
 ... sending message 408
Error, retrying recieving msg
Round trip time was  0.096 milliseconds in repetition 408
 ... sending message 409
Error, retrying recieving msg
Round trip time was  0.087 milliseconds in repetition 409
 ... sending message 410
Error, retrying recieving msg
Round trip time was  0.073 milliseconds in repetition 410
 ... sending message 411
Error, retrying recieving msg
Round trip time was  0.093 milliseconds in repetition 411
 ... sending message 412
Error, retrying recieving msg
Round trip time was  0.083 milliseconds in repetition 412
 ... sending message 413
Error, retrying recieving msg
Round trip time was  0.071 milliseconds in repetition 413
 ... sending message 414
Error, retrying recieving msg
Round trip time was  0.062 milliseconds in repetition 414
 ... sending message 415
Error, retrying recieving msg
Round trip time was  0.076 milliseconds in repetition 415
 ... sending message 416
Error, retrying recieving msg
Round trip time was  0.078 milliseconds in repetition 416
 ... sending message 417
Error, retrying recieving msg
Round trip time was  0.075 milliseconds in repetition 417
 ... sending message 418
Error, retrying recieving msg
Round trip time was  0.072 milliseconds in repetition 418
 ... sending message 419
Error, retrying recieving msg
Round trip time was  0.064 milliseconds in repetition 419
 ... sending message 420
Error, retrying recieving msg
Round trip time was  0.069 milliseconds in repetition 420
 ... sending message 421
Error, retrying recieving msg
Round trip time was  0.071 milliseconds in repetition 421
 ... sending message 422
Error, retrying recieving msg
Round trip time was  0.070 milliseconds in repetition 422
 ... sending message 423
Error, retrying recieving msg
Round trip time was  0.070 milliseconds in repetition 423
 ... sending message 424
Error, retrying recieving msg
Round trip time was  0.060 milliseconds in repetition 424
 ... sending message 425
Error, retrying recieving msg
Round trip time was  0.062 milliseconds in repetition 425
 ... sending message 426
Error, retrying recieving msg
Round trip time was  0.071 milliseconds in repetition 426
 ... sending message 427
Error, retrying recieving msg
Round trip time was  0.084 milliseconds in repetition 427
 ... sending message 428
Error, retrying recieving msg
Round trip time was  0.102 milliseconds in repetition 428
 ... sending message 429
Error, retrying recieving msg
Round trip time was  0.074 milliseconds in repetition 429
 ... sending message 430
Error, retrying recieving msg
Round trip time was  0.075 milliseconds in repetition 430
 ... sending message 431
Error, retrying recieving msg
Round trip time was  0.047 milliseconds in repetition 431
 ... sending message 432
Error, retrying recieving msg
Round trip time was  0.069 milliseconds in repetition 432
 ... sending message 433
Error, retrying recieving msg
Round trip time was  0.070 milliseconds in repetition 433
 ... sending message 434
Error, retrying recieving msg
Round trip time was  0.058 milliseconds in repetition 434
 ... sending message 435
Error, retrying recieving msg
Round trip time was  0.150 milliseconds in repetition 435
 ... sending message 436
Error, retrying recieving msg
Round trip time was  0.064 milliseconds in repetition 436
 ... sending message 437
Error, retrying recieving msg
Round trip time was  0.060 milliseconds in repetition 437
 ... sending message 438
Error, retrying recieving msg
Round trip time was  0.059 milliseconds in repetition 438
 ... sending message 439
Error, retrying recieving msg
Round trip time was  0.091 milliseconds in repetition 439
 ... sending message 440
Error, retrying recieving msg
Round trip time was  0.077 milliseconds in repetition 440
 ... sending message 441
Error, retrying recieving msg
Round trip time was  0.074 milliseconds in repetition 441
 ... sending message 442
Error, retrying recieving msg
Round trip time was  0.066 milliseconds in repetition 442
 ... sending message 443
Error, retrying recieving msg
Round trip time was  0.078 milliseconds in repetition 443
 ... sending message 444
Error, retrying recieving msg
Round trip time was  0.064 milliseconds in repetition 444
 ... sending message 445
Error, retrying recieving msg
Round trip time was  0.078 milliseconds in repetition 445
 ... sending message 446
Error, retrying recieving msg
Round trip time was  0.082 milliseconds in repetition 446
 ... sending message 447
Error, retrying recieving msg
Round trip time was  0.081 milliseconds in repetition 447
 ... sending message 448
Error, retrying recieving msg
Round trip time was  0.061 milliseconds in repetition 448
 ... sending message 449
Error, retrying recieving msg
Round trip time was  0.061 milliseconds in repetition 449
 ... sending message 450
Error, retrying recieving msg
Round trip time was  0.066 milliseconds in repetition 450
 ... sending message 451
Error, retrying recieving msg
Round trip time was  0.061 milliseconds in repetition 451
 ... sending message 452
Error, retrying recieving msg
Round trip time was  0.072 milliseconds in repetition 452
 ... sending message 453
Error, retrying recieving msg
Round trip time was  0.070 milliseconds in repetition 453
 ... sending message 454
Error, retrying recieving msg
Round trip time was  0.088 milliseconds in repetition 454
 ... sending message 455
Error, retrying recieving msg
Round trip time was  0.074 milliseconds in repetition 455
 ... sending message 456
Error, retrying recieving msg
Round trip time was  0.072 milliseconds in repetition 456
 ... sending message 457
Error, retrying recieving msg
Round trip time was  0.072 milliseconds in repetition 457
 ... sending message 458
Error, retrying recieving msg
Round trip time was  0.076 milliseconds in repetition 458
 ... sending message 459
Error, retrying recieving msg
Round trip time was  0.074 milliseconds in repetition 459
 ... sending message 460
Error, retrying recieving msg
Round trip time was  0.071 milliseconds in repetition 460
 ... sending message 461
Error, retrying recieving msg
Round trip time was  0.059 milliseconds in repetition 461
 ... sending message 462
Error, retrying recieving msg
Round trip time was  0.070 milliseconds in repetition 462
 ... sending message 463
Error, retrying recieving msg
Round trip time was  0.099 milliseconds in repetition 463
 ... sending message 464
Error, retrying recieving msg
Round trip time was  0.087 milliseconds in repetition 464
 ... sending message 465
Error, retrying recieving msg
Round trip time was  0.072 milliseconds in repetition 465
 ... sending message 466
Error, retrying recieving msg
Round trip time was  0.075 milliseconds in repetition 466
 ... sending message 467
Error, retrying recieving msg
Round trip time was  0.092 milliseconds in repetition 467
 ... sending message 468
Error, retrying recieving msg
Round trip time was  0.089 milliseconds in repetition 468
 ... sending message 469
Error, retrying recieving msg
Round trip time was  0.048 milliseconds in repetition 469
 ... sending message 470
Error, retrying recieving msg
Round trip time was  0.064 milliseconds in repetition 470
 ... sending message 471
Error, retrying recieving msg
Round trip time was  0.067 milliseconds in repetition 471
 ... sending message 472
Error, retrying recieving msg
Round trip time was  0.138 milliseconds in repetition 472
 ... sending message 473
Error, retrying recieving msg
Round trip time was  0.090 milliseconds in repetition 473
 ... sending message 474
Error, retrying recieving msg
Round trip time was  0.076 milliseconds in repetition 474
 ... sending message 475
Error, retrying recieving msg
Round trip time was  0.075 milliseconds in repetition 475
 ... sending message 476
Error, retrying recieving msg
Round trip time was  0.047 milliseconds in repetition 476
 ... sending message 477
Error, retrying recieving msg
Round trip time was  0.047 milliseconds in repetition 477
 ... sending message 478
Error, retrying recieving msg
Round trip time was  0.063 milliseconds in repetition 478
 ... sending message 479
Error, retrying recieving msg
Round trip time was  0.062 milliseconds in repetition 479
 ... sending message 480
Error, retrying recieving msg
Round trip time was  0.077 milliseconds in repetition 480
 ... sending message 481
Error, retrying recieving msg
Round trip time was  0.078 milliseconds in repetition 481
 ... sending message 482
Error, retrying recieving msg
Round trip time was  0.066 milliseconds in repetition 482
 ... sending message 483
Error, retrying recieving msg
Round trip time was  0.073 milliseconds in repetition 483
 ... sending message 484
Error, retrying recieving msg
Round trip time was  0.081 milliseconds in repetition 484
 ... sending message 485
Error, retrying recieving msg
Round trip time was  0.140 milliseconds in repetition 485
 ... sending message 486
Error, retrying recieving msg
Round trip time was  0.096 milliseconds in repetition 486
 ... sending message 487
Error, retrying recieving msg
Round trip time was  0.089 milliseconds in repetition 487
 ... sending message 488
Error, retrying recieving msg
Round trip time was  0.109 milliseconds in repetition 488
 ... sending message 489
Error, retrying recieving msg
Round trip time was  0.099 milliseconds in repetition 489
 ... sending message 490
Error, retrying recieving msg
Round trip time was  0.077 milliseconds in repetition 490
 ... sending message 491
Error, retrying recieving msg
Round trip time was  0.052 milliseconds in repetition 491
 ... sending message 492
Error, retrying recieving msg
Round trip time was  0.079 milliseconds in repetition 492
 ... sending message 493
Error, retrying recieving msg
Round trip time was  0.071 milliseconds in repetition 493
 ... sending message 494
Error, retrying recieving msg
Round trip time was  0.060 milliseconds in repetition 494
 ... sending message 495
Error, retrying recieving msg
Round trip time was  0.086 milliseconds in repetition 495
 ... sending message 496
Error, retrying recieving msg
Round trip time was  0.080 milliseconds in repetition 496
 ... sending message 497
Error, retrying recieving msg
Round trip time was  0.063 milliseconds in repetition 497
 ... sending message 498
Error, retrying recieving msg
Round trip time was  0.083 milliseconds in repetition 498
 ... sending message 499
Error, retrying recieving msg
Round trip time was  0.089 milliseconds in repetition 499
 ... sending message 500
Error, retrying recieving msg
Round trip time was  0.084 milliseconds in repetition 500
 ... sending message 501
Error, retrying recieving msg
Round trip time was  0.066 milliseconds in repetition 501

 ... clock resolution was 1e-06 h_min=0.0454785,  h_max=0.233866, h_incr=0.0094194
     rtt[0]=0.04548
     rtt[1]=0.045483
     rtt[2]=0.045503
     rtt[3]=0.046141
     rtt[4]=0.04672
     rtt[5]=0.046765
     rtt[6]=0.046915
     rtt[7]=0.047167
     rtt[8]=0.047737
     rtt[9]=0.047868
     rtt[10]=0.048276
     rtt[11]=0.048315
     rtt[12]=0.049249
     rtt[13]=0.049718
     rtt[14]=0.05087
     rtt[15]=0.052427
     rtt[16]=0.054299
     rtt[17]=0.057942
     rtt[18]=0.057996
     rtt[19]=0.058232
     rtt[20]=0.058663
     rtt[21]=0.058683
     rtt[22]=0.058782
     rtt[23]=0.059304
     rtt[24]=0.05938
     rtt[25]=0.059435
     rtt[26]=0.059479
     rtt[27]=0.059523
     rtt[28]=0.05962
     rtt[29]=0.059627
     rtt[30]=0.059829
     rtt[31]=0.060006
     rtt[32]=0.060074
     rtt[33]=0.060155
     rtt[34]=0.060246
     rtt[35]=0.060255
     rtt[36]=0.06069
     rtt[37]=0.060736
     rtt[38]=0.060786
     rtt[39]=0.060816
     rtt[40]=0.060831
     rtt[41]=0.060941
     rtt[42]=0.061006
     rtt[43]=0.061178
     rtt[44]=0.06123
     rtt[45]=0.061367
     rtt[46]=0.061407
     rtt[47]=0.061476
     rtt[48]=0.061478
     rtt[49]=0.061603
     rtt[50]=0.061678
     rtt[51]=0.061688
     rtt[52]=0.061693
     rtt[53]=0.061708
     rtt[54]=0.061876
     rtt[55]=0.061877
     rtt[56]=0.062029
     rtt[57]=0.062054
     rtt[58]=0.062059
     rtt[59]=0.062122
     rtt[60]=0.062239
     rtt[61]=0.062239
     rtt[62]=0.062378
     rtt[63]=0.062439
     rtt[64]=0.062499
     rtt[65]=0.062555
     rtt[66]=0.062575
     rtt[67]=0.062658
     rtt[68]=0.062778
     rtt[69]=0.06282
     rtt[70]=0.06289
     rtt[71]=0.063016
     rtt[72]=0.063044
     rtt[73]=0.06313
     rtt[74]=0.063145
     rtt[75]=0.063296
     rtt[76]=0.063346
     rtt[77]=0.063387
     rtt[78]=0.063577
     rtt[79]=0.063651
     rtt[80]=0.063736
     rtt[81]=0.063791
     rtt[82]=0.063847
     rtt[83]=0.064023
     rtt[84]=0.064102
     rtt[85]=0.064117
     rtt[86]=0.064213
     rtt[87]=0.064218
     rtt[88]=0.064288
     rtt[89]=0.064334
     rtt[90]=0.064343
     rtt[91]=0.064358
     rtt[92]=0.064398
     rtt[93]=0.064408
     rtt[94]=0.064554
     rtt[95]=0.064595
     rtt[96]=0.064753
     rtt[97]=0.064824
     rtt[98]=0.064904
     rtt[99]=0.064965
     rtt[100]=0.064975
     rtt[101]=0.065122
     rtt[102]=0.06514
     rtt[103]=0.065185
     rtt[104]=0.06524
     rtt[105]=0.06551
     rtt[106]=0.065533
     rtt[107]=0.065556
     rtt[108]=0.065558
     rtt[109]=0.065562
     rtt[110]=0.065567
     rtt[111]=0.065671
     rtt[112]=0.065896
     rtt[113]=0.065915
     rtt[114]=0.066119
     rtt[115]=0.066137
     rtt[116]=0.066221
     rtt[117]=0.066232
     rtt[118]=0.066542
     rtt[119]=0.066577
     rtt[120]=0.066589
     rtt[121]=0.066844
     rtt[122]=0.066915
     rtt[123]=0.066965
     rtt[124]=0.067116
     rtt[125]=0.067129
     rtt[126]=0.067444
     rtt[127]=0.067545
     rtt[128]=0.067589
     rtt[129]=0.06762
     rtt[130]=0.067655
     rtt[131]=0.067695
     rtt[132]=0.067723
     rtt[133]=0.06785
     rtt[134]=0.06785
     rtt[135]=0.067906
     rtt[136]=0.068039
     rtt[137]=0.0681
     rtt[138]=0.068131
     rtt[139]=0.068173
     rtt[140]=0.068225
     rtt[141]=0.068564
     rtt[142]=0.068572
     rtt[143]=0.068714
     rtt[144]=0.068737
     rtt[145]=0.068818
     rtt[146]=0.068838
     rtt[147]=0.068854
     rtt[148]=0.068906
     rtt[149]=0.068951
     rtt[150]=0.069011
     rtt[151]=0.069228
     rtt[152]=0.069266
     rtt[153]=0.069282
     rtt[154]=0.069319
     rtt[155]=0.069397
     rtt[156]=0.069418
     rtt[157]=0.069478
     rtt[158]=0.069489
     rtt[159]=0.069539
     rtt[160]=0.06955
     rtt[161]=0.069574
     rtt[162]=0.069663
     rtt[163]=0.069663
     rtt[164]=0.069668
     rtt[165]=0.069673
     rtt[166]=0.069741
     rtt[167]=0.06977
     rtt[168]=0.069827
     rtt[169]=0.069948
     rtt[170]=0.070004
     rtt[171]=0.07006
     rtt[172]=0.070063
     rtt[173]=0.070182
     rtt[174]=0.070207
     rtt[175]=0.070248
     rtt[176]=0.070289
     rtt[177]=0.070304
     rtt[178]=0.070374
     rtt[179]=0.070417
     rtt[180]=0.070442
     rtt[181]=0.070446
     rtt[182]=0.070548
     rtt[183]=0.070576
     rtt[184]=0.070585
     rtt[185]=0.0706
     rtt[186]=0.070632
     rtt[187]=0.07066
     rtt[188]=0.070702
     rtt[189]=0.070777
     rtt[190]=0.070798
     rtt[191]=0.07084
     rtt[192]=0.070849
     rtt[193]=0.070896
     rtt[194]=0.070906
     rtt[195]=0.070913
     rtt[196]=0.070922
     rtt[197]=0.070962
     rtt[198]=0.07104
     rtt[199]=0.07107
     rtt[200]=0.07109
     rtt[201]=0.071093
     rtt[202]=0.071136
     rtt[203]=0.071231
     rtt[204]=0.071356
     rtt[205]=0.071371
     rtt[206]=0.071406
     rtt[207]=0.071408
     rtt[208]=0.071434
     rtt[209]=0.071441
     rtt[210]=0.071447
     rtt[211]=0.07158
     rtt[212]=0.071683
     rtt[213]=0.071747
     rtt[214]=0.071853
     rtt[215]=0.071897
     rtt[216]=0.072033
     rtt[217]=0.072055
     rtt[218]=0.072067
     rtt[219]=0.072082
     rtt[220]=0.072094
     rtt[221]=0.072114
     rtt[222]=0.072182
     rtt[223]=0.07226
     rtt[224]=0.072302
     rtt[225]=0.072313
     rtt[226]=0.072348
     rtt[227]=0.072353
     rtt[228]=0.072392
     rtt[229]=0.072408
     rtt[230]=0.072489
     rtt[231]=0.072535
     rtt[232]=0.072573
     rtt[233]=0.0726
     rtt[234]=0.072728
     rtt[235]=0.072758
     rtt[236]=0.072783
     rtt[237]=0.072812
     rtt[238]=0.072864
     rtt[239]=0.072869
     rtt[240]=0.072897
     rtt[241]=0.072907
     rtt[242]=0.072949
     rtt[243]=0.072954
     rtt[244]=0.073073
     rtt[245]=0.073404
     rtt[246]=0.073424
     rtt[247]=0.073425
     rtt[248]=0.073453
     rtt[249]=0.073505
     rtt[250]=0.073565
     rtt[251]=0.073616
     rtt[252]=0.073627
     rtt[253]=0.073728
     rtt[254]=0.073734
     rtt[255]=0.073755
     rtt[256]=0.073913
     rtt[257]=0.073927
     rtt[258]=0.073965
     rtt[259]=0.074119
     rtt[260]=0.074138
     rtt[261]=0.074182
     rtt[262]=0.074216
     rtt[263]=0.074246
     rtt[264]=0.074257
     rtt[265]=0.074272
     rtt[266]=0.074295
     rtt[267]=0.074308
     rtt[268]=0.074338
     rtt[269]=0.07437
     rtt[270]=0.074383
     rtt[271]=0.074394
     rtt[272]=0.074418
     rtt[273]=0.074657
     rtt[274]=0.074663
     rtt[275]=0.074703
     rtt[276]=0.074715
     rtt[277]=0.074749
     rtt[278]=0.074772
     rtt[279]=0.074789
     rtt[280]=0.074858
     rtt[281]=0.074887
     rtt[282]=0.074903
     rtt[283]=0.074953
     rtt[284]=0.074989
     rtt[285]=0.075005
     rtt[286]=0.075173
     rtt[287]=0.0752
     rtt[288]=0.075276
     rtt[289]=0.075287
     rtt[290]=0.075288
     rtt[291]=0.075314
     rtt[292]=0.075353
     rtt[293]=0.075398
     rtt[294]=0.075487
     rtt[295]=0.075489
     rtt[296]=0.075491
     rtt[297]=0.075514
     rtt[298]=0.07564
     rtt[299]=0.075685
     rtt[300]=0.075721
     rtt[301]=0.075769
     rtt[302]=0.075786
     rtt[303]=0.075814
     rtt[304]=0.075835
     rtt[305]=0.075837
     rtt[306]=0.075952
     rtt[307]=0.07602
     rtt[308]=0.076121
     rtt[309]=0.07615
     rtt[310]=0.076199
     rtt[311]=0.07622
     rtt[312]=0.076236
     rtt[313]=0.076262
     rtt[314]=0.076449
     rtt[315]=0.076458
     rtt[316]=0.07646
     rtt[317]=0.076465
     rtt[318]=0.0765
     rtt[319]=0.076543
     rtt[320]=0.076609
     rtt[321]=0.076609
     rtt[322]=0.076634
     rtt[323]=0.076671
     rtt[324]=0.076726
     rtt[325]=0.076742
     rtt[326]=0.076779
     rtt[327]=0.076861
     rtt[328]=0.07697
     rtt[329]=0.07702
     rtt[330]=0.077037
     rtt[331]=0.077059
     rtt[332]=0.077228
     rtt[333]=0.077256
     rtt[334]=0.077381
     rtt[335]=0.077443
     rtt[336]=0.077714
     rtt[337]=0.077722
     rtt[338]=0.077746
     rtt[339]=0.077754
     rtt[340]=0.077776
     rtt[341]=0.077888
     rtt[342]=0.077895
     rtt[343]=0.077931
     rtt[344]=0.077988
     rtt[345]=0.078043
     rtt[346]=0.078112
     rtt[347]=0.078203
     rtt[348]=0.0783
     rtt[349]=0.07846
     rtt[350]=0.078581
     rtt[351]=0.078636
     rtt[352]=0.07866
     rtt[353]=0.07869
     rtt[354]=0.078974
     rtt[355]=0.07911
     rtt[356]=0.079146
     rtt[357]=0.079176
     rtt[358]=0.079488
     rtt[359]=0.079629
     rtt[360]=0.079828
     rtt[361]=0.079832
     rtt[362]=0.079879
     rtt[363]=0.080004
     rtt[364]=0.080017
     rtt[365]=0.08024
     rtt[366]=0.080253
     rtt[367]=0.080336
     rtt[368]=0.080358
     rtt[369]=0.080388
     rtt[370]=0.080473
     rtt[371]=0.08049
     rtt[372]=0.080673
     rtt[373]=0.080739
     rtt[374]=0.080851
     rtt[375]=0.080902
     rtt[376]=0.080978
     rtt[377]=0.08102
     rtt[378]=0.081149
     rtt[379]=0.081175
     rtt[380]=0.081282
     rtt[381]=0.081405
     rtt[382]=0.081626
     rtt[383]=0.081643
     rtt[384]=0.081905
     rtt[385]=0.082032
     rtt[386]=0.082068
     rtt[387]=0.082159
     rtt[388]=0.082178
     rtt[389]=0.082573
     rtt[390]=0.082627
     rtt[391]=0.082724
     rtt[392]=0.082793
     rtt[393]=0.082854
     rtt[394]=0.082943
     rtt[395]=0.082956
     rtt[396]=0.083215
     rtt[397]=0.083424
     rtt[398]=0.083473
     rtt[399]=0.083842
     rtt[400]=0.08388
     rtt[401]=0.084035
     rtt[402]=0.084036
     rtt[403]=0.08427
     rtt[404]=0.08427
     rtt[405]=0.084348
     rtt[406]=0.084446
     rtt[407]=0.084797
     rtt[408]=0.084841
     rtt[409]=0.084999
     rtt[410]=0.085045
     rtt[411]=0.085144
     rtt[412]=0.085328
     rtt[413]=0.085835
     rtt[414]=0.086502
     rtt[415]=0.086585
     rtt[416]=0.086589
     rtt[417]=0.086595
     rtt[418]=0.086704
     rtt[419]=0.087361
     rtt[420]=0.087404
     rtt[421]=0.087421
     rtt[422]=0.087845
     rtt[423]=0.087845
     rtt[424]=0.08798
     rtt[425]=0.088416
     rtt[426]=0.088443
     rtt[427]=0.088744
     rtt[428]=0.089094
     rtt[429]=0.089234
     rtt[430]=0.089324
     rtt[431]=0.089507
     rtt[432]=0.089566
     rtt[433]=0.089814
     rtt[434]=0.090084
     rtt[435]=0.09082
     rtt[436]=0.090868
     rtt[437]=0.091018
     rtt[438]=0.091042
     rtt[439]=0.091533
     rtt[440]=0.092088
     rtt[441]=0.092215
     rtt[442]=0.092333
     rtt[443]=0.092439
     rtt[444]=0.092631
     rtt[445]=0.094235
     rtt[446]=0.094279
     rtt[447]=0.094725
     rtt[448]=0.094861
     rtt[449]=0.094896
     rtt[450]=0.095301
     rtt[451]=0.095842
     rtt[452]=0.095867
     rtt[453]=0.095902
     rtt[454]=0.09594
     rtt[455]=0.096075
     rtt[456]=0.096404
     rtt[457]=0.096862
     rtt[458]=0.097541
     rtt[459]=0.097952
     rtt[460]=0.097997
     rtt[461]=0.098256
     rtt[462]=0.098271
     rtt[463]=0.09912
     rtt[464]=0.099154
     rtt[465]=0.099429
     rtt[466]=0.099456
     rtt[467]=0.100231
     rtt[468]=0.100234
     rtt[469]=0.101275
     rtt[470]=0.101601
     rtt[471]=0.102013
     rtt[472]=0.102443
     rtt[473]=0.102911
     rtt[474]=0.103366
     rtt[475]=0.103878
     rtt[476]=0.104093
     rtt[477]=0.104846
     rtt[478]=0.105187
     rtt[479]=0.1053
     rtt[480]=0.105615
     rtt[481]=0.106265
     rtt[482]=0.10727
     rtt[483]=0.108786
     rtt[484]=0.109093
     rtt[485]=0.110725
     rtt[486]=0.112263
     rtt[487]=0.112288
     rtt[488]=0.113325
     rtt[489]=0.113967
     rtt[490]=0.124753
     rtt[491]=0.131124
     rtt[492]=0.13141
     rtt[493]=0.138142
     rtt[494]=0.140363
     rtt[495]=0.141576
     rtt[496]=0.149953
     rtt[497]=0.16144
     rtt[498]=0.162339
     rtt[499]=0.227524
     rtt[500]=0.233866

UDP Ping:  Statistics over 501 repetitions of 32768 byte messages

RTT : percentile 10: 0.061678, median: 0.073565, percentile 90: 0.095301, average: 0.0764993, variance: 0.000327746

RTT histogram:
0.0454785 14
0.0548979 14
0.0643173 123
0.0737367 198
0.0831561 75
0.0925755 34
0.101995 24
0.111414 8
0.120834 1
0.130253 2
0.139672 3
0.149092 1
0.158511 2
0.167931 0
0.17735 0
0.186769 0
0.196189 0
0.205608 0
0.215028 0
0.224447 1
0.233866 1

   median Throughput : 890858 KB/s   overall Throughput : 856688 KB/s

