TCP Ping trying to connect to server seti.dibris.unige.it (130.251.61.30) on port 1491
 ... connected to Pong server: asking for 501 repetitions of 3072 bytes TCP messages
Received answer: 'OK
'
 ... Pong server agreed :-)
tcp_ping received 3072 bytes back
Round trip time was 55.6541 milliseconds in repetition 1
tcp_ping received 3072 bytes back
Round trip time was 29.1595 milliseconds in repetition 2
tcp_ping received 3072 bytes back
Round trip time was 22.7103 milliseconds in repetition 3
tcp_ping received 3072 bytes back
Round trip time was 22.8899 milliseconds in repetition 4
tcp_ping received 3072 bytes back
Round trip time was 23.1755 milliseconds in repetition 5
tcp_ping received 3072 bytes back
Round trip time was 23.4661 milliseconds in repetition 6
tcp_ping received 3072 bytes back
Round trip time was 23.5814 milliseconds in repetition 7
tcp_ping received 3072 bytes back
Round trip time was 23.6289 milliseconds in repetition 8
tcp_ping received 3072 bytes back
Round trip time was 23.2466 milliseconds in repetition 9
tcp_ping received 3072 bytes back
Round trip time was 28.6991 milliseconds in repetition 10
tcp_ping received 3072 bytes back
Round trip time was 33.3817 milliseconds in repetition 11
tcp_ping received 3072 bytes back
Round trip time was 29.2395 milliseconds in repetition 12
tcp_ping received 3072 bytes back
Round trip time was 21.7119 milliseconds in repetition 13
tcp_ping received 3072 bytes back
Round trip time was 22.7403 milliseconds in repetition 14
tcp_ping received 3072 bytes back
Round trip time was 21.3834 milliseconds in repetition 15
tcp_ping received 3072 bytes back
Round trip time was 22.9918 milliseconds in repetition 16
tcp_ping received 3072 bytes back
Round trip time was 22.0868 milliseconds in repetition 17
tcp_ping received 3072 bytes back
Round trip time was 20.7104 milliseconds in repetition 18
tcp_ping received 3072 bytes back
Round trip time was 22.0608 milliseconds in repetition 19
tcp_ping received 3072 bytes back
Round trip time was 21.3419 milliseconds in repetition 20
tcp_ping received 3072 bytes back
Round trip time was 21.5853 milliseconds in repetition 21
tcp_ping received 3072 bytes back
Round trip time was 33.5076 milliseconds in repetition 22
tcp_ping received 3072 bytes back
Round trip time was 21.8054 milliseconds in repetition 23
tcp_ping received 3072 bytes back
Round trip time was 21.0485 milliseconds in repetition 24
tcp_ping received 3072 bytes back
Round trip time was 24.0072 milliseconds in repetition 25
tcp_ping received 3072 bytes back
Round trip time was 20.9344 milliseconds in repetition 26
tcp_ping received 3072 bytes back
Round trip time was 31.5863 milliseconds in repetition 27
tcp_ping received 3072 bytes back
Round trip time was 22.1034 milliseconds in repetition 28
tcp_ping received 3072 bytes back
Round trip time was 21.7028 milliseconds in repetition 29
tcp_ping received 3072 bytes back
Round trip time was 20.8882 milliseconds in repetition 30
tcp_ping received 3072 bytes back
Round trip time was 22.432 milliseconds in repetition 31
tcp_ping received 3072 bytes back
Round trip time was 21.6861 milliseconds in repetition 32
tcp_ping received 3072 bytes back
Round trip time was 21.475 milliseconds in repetition 33
tcp_ping received 3072 bytes back
Round trip time was 22.0345 milliseconds in repetition 34
tcp_ping received 3072 bytes back
Round trip time was 21.3064 milliseconds in repetition 35
tcp_ping received 3072 bytes back
Round trip time was 21.294 milliseconds in repetition 36
tcp_ping received 3072 bytes back
Round trip time was 44.039 milliseconds in repetition 37
tcp_ping received 3072 bytes back
Round trip time was 21.2709 milliseconds in repetition 38
tcp_ping received 3072 bytes back
Round trip time was 21.4486 milliseconds in repetition 39
tcp_ping received 3072 bytes back
Round trip time was 21.8168 milliseconds in repetition 40
tcp_ping received 3072 bytes back
Round trip time was 22.1399 milliseconds in repetition 41
tcp_ping received 3072 bytes back
Round trip time was 21.9355 milliseconds in repetition 42
tcp_ping received 3072 bytes back
Round trip time was 22.0857 milliseconds in repetition 43
tcp_ping received 3072 bytes back
Round trip time was 21.3256 milliseconds in repetition 44
tcp_ping received 3072 bytes back
Round trip time was 21.1318 milliseconds in repetition 45
tcp_ping received 3072 bytes back
Round trip time was 21.6243 milliseconds in repetition 46
tcp_ping received 3072 bytes back
Round trip time was 21.5078 milliseconds in repetition 47
tcp_ping received 3072 bytes back
Round trip time was 20.3609 milliseconds in repetition 48
tcp_ping received 3072 bytes back
Round trip time was 20.7465 milliseconds in repetition 49
tcp_ping received 3072 bytes back
Round trip time was 22.1295 milliseconds in repetition 50
tcp_ping received 3072 bytes back
Round trip time was 20.4018 milliseconds in repetition 51
tcp_ping received 3072 bytes back
Round trip time was 22.7207 milliseconds in repetition 52
tcp_ping received 3072 bytes back
Round trip time was 20.1859 milliseconds in repetition 53
tcp_ping received 3072 bytes back
Round trip time was 22.1012 milliseconds in repetition 54
tcp_ping received 3072 bytes back
Round trip time was 20.7623 milliseconds in repetition 55
tcp_ping received 3072 bytes back
Round trip time was 20.6962 milliseconds in repetition 56
tcp_ping received 3072 bytes back
Round trip time was 21.4364 milliseconds in repetition 57
tcp_ping received 3072 bytes back
Round trip time was 21.5236 milliseconds in repetition 58
tcp_ping received 3072 bytes back
Round trip time was 21.0511 milliseconds in repetition 59
tcp_ping received 3072 bytes back
Round trip time was 22.0345 milliseconds in repetition 60
tcp_ping received 3072 bytes back
Round trip time was 20.1137 milliseconds in repetition 61
tcp_ping received 3072 bytes back
Round trip time was 21.3018 milliseconds in repetition 62
tcp_ping received 3072 bytes back
Round trip time was 21.3493 milliseconds in repetition 63
tcp_ping received 3072 bytes back
Round trip time was 22.0136 milliseconds in repetition 64
tcp_ping received 3072 bytes back
Round trip time was 20.9855 milliseconds in repetition 65
tcp_ping received 3072 bytes back
Round trip time was 22.322 milliseconds in repetition 66
tcp_ping received 3072 bytes back
Round trip time was 21.2379 milliseconds in repetition 67
tcp_ping received 3072 bytes back
Round trip time was 21.5109 milliseconds in repetition 68
tcp_ping received 3072 bytes back
Round trip time was 21.9121 milliseconds in repetition 69
tcp_ping received 3072 bytes back
Round trip time was 22.5507 milliseconds in repetition 70
tcp_ping received 3072 bytes back
Round trip time was 22.1408 milliseconds in repetition 71
tcp_ping received 3072 bytes back
Round trip time was 21.3345 milliseconds in repetition 72
tcp_ping received 3072 bytes back
Round trip time was 33.456 milliseconds in repetition 73
tcp_ping received 3072 bytes back
Round trip time was 43.5919 milliseconds in repetition 74
tcp_ping received 3072 bytes back
Round trip time was 23.8426 milliseconds in repetition 75
tcp_ping received 3072 bytes back
Round trip time was 27.0123 milliseconds in repetition 76
tcp_ping received 3072 bytes back
Round trip time was 21.7761 milliseconds in repetition 77
tcp_ping received 3072 bytes back
Round trip time was 22.3097 milliseconds in repetition 78
tcp_ping received 3072 bytes back
Round trip time was 22.6078 milliseconds in repetition 79
tcp_ping received 3072 bytes back
Round trip time was 21.4495 milliseconds in repetition 80
tcp_ping received 3072 bytes back
Round trip time was 21.0096 milliseconds in repetition 81
tcp_ping received 3072 bytes back
Round trip time was 21.6666 milliseconds in repetition 82
tcp_ping received 3072 bytes back
Round trip time was 21.0632 milliseconds in repetition 83
tcp_ping received 3072 bytes back
Round trip time was 21.8122 milliseconds in repetition 84
tcp_ping received 3072 bytes back
Round trip time was 20.7735 milliseconds in repetition 85
tcp_ping received 3072 bytes back
Round trip time was 21.6185 milliseconds in repetition 86
tcp_ping received 3072 bytes back
Round trip time was 21.6253 milliseconds in repetition 87
tcp_ping received 3072 bytes back
Round trip time was 20.0381 milliseconds in repetition 88
tcp_ping received 3072 bytes back
Round trip time was 21.3726 milliseconds in repetition 89
tcp_ping received 3072 bytes back
Round trip time was 25.5743 milliseconds in repetition 90
tcp_ping received 3072 bytes back
Round trip time was 23.1386 milliseconds in repetition 91
tcp_ping received 3072 bytes back
Round trip time was 21.1532 milliseconds in repetition 92
tcp_ping received 3072 bytes back
Round trip time was 21.5481 milliseconds in repetition 93
tcp_ping received 3072 bytes back
Round trip time was 21.307 milliseconds in repetition 94
tcp_ping received 3072 bytes back
Round trip time was 23.4495 milliseconds in repetition 95
tcp_ping received 3072 bytes back
Round trip time was 21.3994 milliseconds in repetition 96
tcp_ping received 3072 bytes back
Round trip time was 24.2554 milliseconds in repetition 97
tcp_ping received 3072 bytes back
Round trip time was 23.605 milliseconds in repetition 98
tcp_ping received 3072 bytes back
Round trip time was 22.7681 milliseconds in repetition 99
tcp_ping received 3072 bytes back
Round trip time was 21.7254 milliseconds in repetition 100
tcp_ping received 3072 bytes back
Round trip time was 22.1639 milliseconds in repetition 101
tcp_ping received 3072 bytes back
Round trip time was 20.7839 milliseconds in repetition 102
tcp_ping received 3072 bytes back
Round trip time was 23.0146 milliseconds in repetition 103
tcp_ping received 3072 bytes back
Round trip time was 20.8732 milliseconds in repetition 104
tcp_ping received 3072 bytes back
Round trip time was 21.5876 milliseconds in repetition 105
tcp_ping received 3072 bytes back
Round trip time was 21.2234 milliseconds in repetition 106
tcp_ping received 3072 bytes back
Round trip time was 30.1421 milliseconds in repetition 107
tcp_ping received 3072 bytes back
Round trip time was 24.869 milliseconds in repetition 108
tcp_ping received 3072 bytes back
Round trip time was 23.689 milliseconds in repetition 109
tcp_ping received 3072 bytes back
Round trip time was 23.9895 milliseconds in repetition 110
tcp_ping received 3072 bytes back
Round trip time was 22.215 milliseconds in repetition 111
tcp_ping received 3072 bytes back
Round trip time was 23.2599 milliseconds in repetition 112
tcp_ping received 3072 bytes back
Round trip time was 33.5456 milliseconds in repetition 113
tcp_ping received 3072 bytes back
Round trip time was 24.6429 milliseconds in repetition 114
tcp_ping received 3072 bytes back
Round trip time was 21.5569 milliseconds in repetition 115
tcp_ping received 3072 bytes back
Round trip time was 22.1094 milliseconds in repetition 116
tcp_ping received 3072 bytes back
Round trip time was 23.2028 milliseconds in repetition 117
tcp_ping received 3072 bytes back
Round trip time was 21.9218 milliseconds in repetition 118
tcp_ping received 3072 bytes back
Round trip time was 21.2725 milliseconds in repetition 119
tcp_ping received 3072 bytes back
Round trip time was 21.217 milliseconds in repetition 120
tcp_ping received 3072 bytes back
Round trip time was 22.0656 milliseconds in repetition 121
tcp_ping received 3072 bytes back
Round trip time was 21.1685 milliseconds in repetition 122
tcp_ping received 3072 bytes back
Round trip time was 22.3033 milliseconds in repetition 123
tcp_ping received 3072 bytes back
Round trip time was 21.1714 milliseconds in repetition 124
tcp_ping received 3072 bytes back
Round trip time was 21.6875 milliseconds in repetition 125
tcp_ping received 3072 bytes back
Round trip time was 21.521 milliseconds in repetition 126
tcp_ping received 3072 bytes back
Round trip time was 21.3357 milliseconds in repetition 127
tcp_ping received 3072 bytes back
Round trip time was 21.7889 milliseconds in repetition 128
tcp_ping received 3072 bytes back
Round trip time was 21.7371 milliseconds in repetition 129
tcp_ping received 3072 bytes back
Round trip time was 21.6962 milliseconds in repetition 130
tcp_ping received 3072 bytes back
Round trip time was 21.6099 milliseconds in repetition 131
tcp_ping received 3072 bytes back
Round trip time was 22.2401 milliseconds in repetition 132
tcp_ping received 3072 bytes back
Round trip time was 21.7138 milliseconds in repetition 133
tcp_ping received 3072 bytes back
Round trip time was 21.4109 milliseconds in repetition 134
tcp_ping received 3072 bytes back
Round trip time was 21.6659 milliseconds in repetition 135
tcp_ping received 3072 bytes back
Round trip time was 25.7794 milliseconds in repetition 136
tcp_ping received 3072 bytes back
Round trip time was 21.4357 milliseconds in repetition 137
tcp_ping received 3072 bytes back
Round trip time was 21.6994 milliseconds in repetition 138
tcp_ping received 3072 bytes back
Round trip time was 21.7631 milliseconds in repetition 139
tcp_ping received 3072 bytes back
Round trip time was 21.8365 milliseconds in repetition 140
tcp_ping received 3072 bytes back
Round trip time was 21.386 milliseconds in repetition 141
tcp_ping received 3072 bytes back
Round trip time was 21.4799 milliseconds in repetition 142
tcp_ping received 3072 bytes back
Round trip time was 22.8188 milliseconds in repetition 143
tcp_ping received 3072 bytes back
Round trip time was 21.4474 milliseconds in repetition 144
tcp_ping received 3072 bytes back
Round trip time was 22.4771 milliseconds in repetition 145
tcp_ping received 3072 bytes back
Round trip time was 21.6801 milliseconds in repetition 146
tcp_ping received 3072 bytes back
Round trip time was 20.9637 milliseconds in repetition 147
tcp_ping received 3072 bytes back
Round trip time was 22.7001 milliseconds in repetition 148
tcp_ping received 3072 bytes back
Round trip time was 21.2511 milliseconds in repetition 149
tcp_ping received 3072 bytes back
Round trip time was 31.7484 milliseconds in repetition 150
tcp_ping received 3072 bytes back
Round trip time was 25.1929 milliseconds in repetition 151
tcp_ping received 3072 bytes back
Round trip time was 21.6724 milliseconds in repetition 152
tcp_ping received 3072 bytes back
Round trip time was 22.5581 milliseconds in repetition 153
tcp_ping received 3072 bytes back
Round trip time was 22.1362 milliseconds in repetition 154
tcp_ping received 3072 bytes back
Round trip time was 21.7173 milliseconds in repetition 155
tcp_ping received 3072 bytes back
Round trip time was 21.8745 milliseconds in repetition 156
tcp_ping received 3072 bytes back
Round trip time was 21.7266 milliseconds in repetition 157
tcp_ping received 3072 bytes back
Round trip time was 22.0679 milliseconds in repetition 158
tcp_ping received 3072 bytes back
Round trip time was 22.4376 milliseconds in repetition 159
tcp_ping received 3072 bytes back
Round trip time was 21.731 milliseconds in repetition 160
tcp_ping received 3072 bytes back
Round trip time was 21.8543 milliseconds in repetition 161
tcp_ping received 3072 bytes back
Round trip time was 25.5185 milliseconds in repetition 162
tcp_ping received 3072 bytes back
Round trip time was 20.6641 milliseconds in repetition 163
tcp_ping received 3072 bytes back
Round trip time was 22.2546 milliseconds in repetition 164
tcp_ping received 3072 bytes back
Round trip time was 21.6598 milliseconds in repetition 165
tcp_ping received 3072 bytes back
Round trip time was 21.8879 milliseconds in repetition 166
tcp_ping received 3072 bytes back
Round trip time was 22.4513 milliseconds in repetition 167
tcp_ping received 3072 bytes back
Round trip time was 22.5048 milliseconds in repetition 168
tcp_ping received 3072 bytes back
Round trip time was 22.5536 milliseconds in repetition 169
tcp_ping received 3072 bytes back
Round trip time was 22.3621 milliseconds in repetition 170
tcp_ping received 3072 bytes back
Round trip time was 66.6794 milliseconds in repetition 171
tcp_ping received 3072 bytes back
Round trip time was 61.162 milliseconds in repetition 172
tcp_ping received 3072 bytes back
Round trip time was 20.6434 milliseconds in repetition 173
tcp_ping received 3072 bytes back
Round trip time was 47.2957 milliseconds in repetition 174
tcp_ping received 3072 bytes back
Round trip time was 20.2875 milliseconds in repetition 175
tcp_ping received 3072 bytes back
Round trip time was 50.6035 milliseconds in repetition 176
tcp_ping received 3072 bytes back
Round trip time was 21.9786 milliseconds in repetition 177
tcp_ping received 3072 bytes back
Round trip time was 65.5482 milliseconds in repetition 178
tcp_ping received 3072 bytes back
Round trip time was 49.3871 milliseconds in repetition 179
tcp_ping received 3072 bytes back
Round trip time was 21.8086 milliseconds in repetition 180
tcp_ping received 3072 bytes back
Round trip time was 39.3127 milliseconds in repetition 181
tcp_ping received 3072 bytes back
Round trip time was 20.6396 milliseconds in repetition 182
tcp_ping received 3072 bytes back
Round trip time was 47.1436 milliseconds in repetition 183
tcp_ping received 3072 bytes back
Round trip time was 21.7587 milliseconds in repetition 184
tcp_ping received 3072 bytes back
Round trip time was 23.937 milliseconds in repetition 185
tcp_ping received 3072 bytes back
Round trip time was 56.2495 milliseconds in repetition 186
tcp_ping received 3072 bytes back
Round trip time was 51.8651 milliseconds in repetition 187
tcp_ping received 3072 bytes back
Round trip time was 53.525 milliseconds in repetition 188
tcp_ping received 3072 bytes back
Round trip time was 25.4442 milliseconds in repetition 189
tcp_ping received 3072 bytes back
Round trip time was 56.1842 milliseconds in repetition 190
tcp_ping received 3072 bytes back
Round trip time was 64.4812 milliseconds in repetition 191
tcp_ping received 3072 bytes back
Round trip time was 33.3678 milliseconds in repetition 192
tcp_ping received 3072 bytes back
Round trip time was 21.0245 milliseconds in repetition 193
tcp_ping received 3072 bytes back
Round trip time was 20.9553 milliseconds in repetition 194
tcp_ping received 3072 bytes back
Round trip time was 52.358 milliseconds in repetition 195
tcp_ping received 3072 bytes back
Round trip time was 20.7121 milliseconds in repetition 196
tcp_ping received 3072 bytes back
Round trip time was 46.926 milliseconds in repetition 197
tcp_ping received 3072 bytes back
Round trip time was 22.1111 milliseconds in repetition 198
tcp_ping received 3072 bytes back
Round trip time was 46.5565 milliseconds in repetition 199
tcp_ping received 3072 bytes back
Round trip time was 21.4215 milliseconds in repetition 200
tcp_ping received 3072 bytes back
Round trip time was 44.803 milliseconds in repetition 201
tcp_ping received 3072 bytes back
Round trip time was 28.7859 milliseconds in repetition 202
tcp_ping received 3072 bytes back
Round trip time was 30.2241 milliseconds in repetition 203
tcp_ping received 3072 bytes back
Round trip time was 25.4353 milliseconds in repetition 204
tcp_ping received 3072 bytes back
Round trip time was 21.7562 milliseconds in repetition 205
tcp_ping received 3072 bytes back
Round trip time was 22.723 milliseconds in repetition 206
tcp_ping received 3072 bytes back
Round trip time was 20.553 milliseconds in repetition 207
tcp_ping received 3072 bytes back
Round trip time was 23.098 milliseconds in repetition 208
tcp_ping received 3072 bytes back
Round trip time was 20.938 milliseconds in repetition 209
tcp_ping received 3072 bytes back
Round trip time was 21.7537 milliseconds in repetition 210
tcp_ping received 3072 bytes back
Round trip time was 23.1024 milliseconds in repetition 211
tcp_ping received 3072 bytes back
Round trip time was 22.9844 milliseconds in repetition 212
tcp_ping received 3072 bytes back
Round trip time was 21.4717 milliseconds in repetition 213
tcp_ping received 3072 bytes back
Round trip time was 23.2563 milliseconds in repetition 214
tcp_ping received 3072 bytes back
Round trip time was 30.5283 milliseconds in repetition 215
tcp_ping received 3072 bytes back
Round trip time was 28.3639 milliseconds in repetition 216
tcp_ping received 3072 bytes back
Round trip time was 21.4574 milliseconds in repetition 217
tcp_ping received 3072 bytes back
Round trip time was 21.4147 milliseconds in repetition 218
tcp_ping received 3072 bytes back
Round trip time was 21.4877 milliseconds in repetition 219
tcp_ping received 3072 bytes back
Round trip time was 20.8457 milliseconds in repetition 220
tcp_ping received 3072 bytes back
Round trip time was 20.9704 milliseconds in repetition 221
tcp_ping received 3072 bytes back
Round trip time was 21.8874 milliseconds in repetition 222
tcp_ping received 3072 bytes back
Round trip time was 21.5265 milliseconds in repetition 223
tcp_ping received 3072 bytes back
Round trip time was 26.421 milliseconds in repetition 224
tcp_ping received 3072 bytes back
Round trip time was 35.0229 milliseconds in repetition 225
tcp_ping received 3072 bytes back
Round trip time was 21.5433 milliseconds in repetition 226
tcp_ping received 3072 bytes back
Round trip time was 22.0147 milliseconds in repetition 227
tcp_ping received 3072 bytes back
Round trip time was 21.5883 milliseconds in repetition 228
tcp_ping received 3072 bytes back
Round trip time was 52.7117 milliseconds in repetition 229
tcp_ping received 3072 bytes back
Round trip time was 24.7753 milliseconds in repetition 230
tcp_ping received 3072 bytes back
Round trip time was 25.0704 milliseconds in repetition 231
tcp_ping received 3072 bytes back
Round trip time was 21.6425 milliseconds in repetition 232
tcp_ping received 3072 bytes back
Round trip time was 48.2956 milliseconds in repetition 233
tcp_ping received 3072 bytes back
Round trip time was 22.2619 milliseconds in repetition 234
tcp_ping received 3072 bytes back
Round trip time was 23.2932 milliseconds in repetition 235
tcp_ping received 3072 bytes back
Round trip time was 20.1502 milliseconds in repetition 236
tcp_ping received 3072 bytes back
Round trip time was 20.8175 milliseconds in repetition 237
tcp_ping received 3072 bytes back
Round trip time was 22.8449 milliseconds in repetition 238
tcp_ping received 3072 bytes back
Round trip time was 21.3146 milliseconds in repetition 239
tcp_ping received 3072 bytes back
Round trip time was 22.7744 milliseconds in repetition 240
tcp_ping received 3072 bytes back
Round trip time was 22.3926 milliseconds in repetition 241
tcp_ping received 3072 bytes back
Round trip time was 24.19 milliseconds in repetition 242
tcp_ping received 3072 bytes back
Round trip time was 20.5918 milliseconds in repetition 243
tcp_ping received 3072 bytes back
Round trip time was 30.1446 milliseconds in repetition 244
tcp_ping received 3072 bytes back
Round trip time was 19.8293 milliseconds in repetition 245
tcp_ping received 3072 bytes back
Round trip time was 21.9266 milliseconds in repetition 246
tcp_ping received 3072 bytes back
Round trip time was 21.806 milliseconds in repetition 247
tcp_ping received 3072 bytes back
Round trip time was 20.0094 milliseconds in repetition 248
tcp_ping received 3072 bytes back
Round trip time was 25.5628 milliseconds in repetition 249
tcp_ping received 3072 bytes back
Round trip time was 22.6522 milliseconds in repetition 250
tcp_ping received 3072 bytes back
Round trip time was 22.7878 milliseconds in repetition 251
tcp_ping received 3072 bytes back
Round trip time was 20.3077 milliseconds in repetition 252
tcp_ping received 3072 bytes back
Round trip time was 20.9334 milliseconds in repetition 253
tcp_ping received 3072 bytes back
Round trip time was 20.6616 milliseconds in repetition 254
tcp_ping received 3072 bytes back
Round trip time was 22.7925 milliseconds in repetition 255
tcp_ping received 3072 bytes back
Round trip time was 21.4953 milliseconds in repetition 256
tcp_ping received 3072 bytes back
Round trip time was 21.7509 milliseconds in repetition 257
tcp_ping received 3072 bytes back
Round trip time was 22.5692 milliseconds in repetition 258
tcp_ping received 3072 bytes back
Round trip time was 22.5174 milliseconds in repetition 259
tcp_ping received 3072 bytes back
Round trip time was 21.4471 milliseconds in repetition 260
tcp_ping received 3072 bytes back
Round trip time was 22.2051 milliseconds in repetition 261
tcp_ping received 3072 bytes back
Round trip time was 23.0089 milliseconds in repetition 262
tcp_ping received 3072 bytes back
Round trip time was 23.0375 milliseconds in repetition 263
tcp_ping received 3072 bytes back
Round trip time was 21.9124 milliseconds in repetition 264
tcp_ping received 3072 bytes back
Round trip time was 22.1527 milliseconds in repetition 265
tcp_ping received 3072 bytes back
Round trip time was 22.3259 milliseconds in repetition 266
tcp_ping received 3072 bytes back
Round trip time was 21.6145 milliseconds in repetition 267
tcp_ping received 3072 bytes back
Round trip time was 23.2517 milliseconds in repetition 268
tcp_ping received 3072 bytes back
Round trip time was 31.4182 milliseconds in repetition 269
tcp_ping received 3072 bytes back
Round trip time was 21.4294 milliseconds in repetition 270
tcp_ping received 3072 bytes back
Round trip time was 21.3201 milliseconds in repetition 271
tcp_ping received 3072 bytes back
Round trip time was 22.3697 milliseconds in repetition 272
tcp_ping received 3072 bytes back
Round trip time was 22.8756 milliseconds in repetition 273
tcp_ping received 3072 bytes back
Round trip time was 21.456 milliseconds in repetition 274
tcp_ping received 3072 bytes back
Round trip time was 22.4723 milliseconds in repetition 275
tcp_ping received 3072 bytes back
Round trip time was 21.8385 milliseconds in repetition 276
tcp_ping received 3072 bytes back
Round trip time was 22.6852 milliseconds in repetition 277
tcp_ping received 3072 bytes back
Round trip time was 21.3611 milliseconds in repetition 278
tcp_ping received 3072 bytes back
Round trip time was 22.231 milliseconds in repetition 279
tcp_ping received 3072 bytes back
Round trip time was 21.7518 milliseconds in repetition 280
tcp_ping received 3072 bytes back
Round trip time was 22.0257 milliseconds in repetition 281
tcp_ping received 3072 bytes back
Round trip time was 21.6685 milliseconds in repetition 282
tcp_ping received 3072 bytes back
Round trip time was 21.3283 milliseconds in repetition 283
tcp_ping received 3072 bytes back
Round trip time was 21.2343 milliseconds in repetition 284
tcp_ping received 3072 bytes back
Round trip time was 22.635 milliseconds in repetition 285
tcp_ping received 3072 bytes back
Round trip time was 23.0462 milliseconds in repetition 286
tcp_ping received 3072 bytes back
Round trip time was 22.4521 milliseconds in repetition 287
tcp_ping received 3072 bytes back
Round trip time was 30.3127 milliseconds in repetition 288
tcp_ping received 3072 bytes back
Round trip time was 21.562 milliseconds in repetition 289
tcp_ping received 3072 bytes back
Round trip time was 21.5269 milliseconds in repetition 290
tcp_ping received 3072 bytes back
Round trip time was 21.8336 milliseconds in repetition 291
tcp_ping received 3072 bytes back
Round trip time was 22.3361 milliseconds in repetition 292
tcp_ping received 3072 bytes back
Round trip time was 22.2393 milliseconds in repetition 293
tcp_ping received 3072 bytes back
Round trip time was 24.3998 milliseconds in repetition 294
tcp_ping received 3072 bytes back
Round trip time was 22.2689 milliseconds in repetition 295
tcp_ping received 3072 bytes back
Round trip time was 22.3972 milliseconds in repetition 296
tcp_ping received 3072 bytes back
Round trip time was 21.6002 milliseconds in repetition 297
tcp_ping received 3072 bytes back
Round trip time was 21.2745 milliseconds in repetition 298
tcp_ping received 3072 bytes back
Round trip time was 21.9019 milliseconds in repetition 299
tcp_ping received 3072 bytes back
Round trip time was 21.3549 milliseconds in repetition 300
tcp_ping received 3072 bytes back
Round trip time was 23.2535 milliseconds in repetition 301
tcp_ping received 3072 bytes back
Round trip time was 22.6758 milliseconds in repetition 302
tcp_ping received 3072 bytes back
Round trip time was 22.2125 milliseconds in repetition 303
tcp_ping received 3072 bytes back
Round trip time was 22.3846 milliseconds in repetition 304
tcp_ping received 3072 bytes back
Round trip time was 22.3897 milliseconds in repetition 305
tcp_ping received 3072 bytes back
Round trip time was 21.7853 milliseconds in repetition 306
tcp_ping received 3072 bytes back
Round trip time was 21.6832 milliseconds in repetition 307
tcp_ping received 3072 bytes back
Round trip time was 21.3376 milliseconds in repetition 308
tcp_ping received 3072 bytes back
Round trip time was 23.6412 milliseconds in repetition 309
tcp_ping received 3072 bytes back
Round trip time was 23.1701 milliseconds in repetition 310
tcp_ping received 3072 bytes back
Round trip time was 22.0259 milliseconds in repetition 311
tcp_ping received 3072 bytes back
Round trip time was 21.7351 milliseconds in repetition 312
tcp_ping received 3072 bytes back
Round trip time was 22.9651 milliseconds in repetition 313
tcp_ping received 3072 bytes back
Round trip time was 22.1048 milliseconds in repetition 314
tcp_ping received 3072 bytes back
Round trip time was 21.6527 milliseconds in repetition 315
tcp_ping received 3072 bytes back
Round trip time was 21.8051 milliseconds in repetition 316
tcp_ping received 3072 bytes back
Round trip time was 21.8702 milliseconds in repetition 317
tcp_ping received 3072 bytes back
Round trip time was 21.4204 milliseconds in repetition 318
tcp_ping received 3072 bytes back
Round trip time was 21.9858 milliseconds in repetition 319
tcp_ping received 3072 bytes back
Round trip time was 20.8548 milliseconds in repetition 320
tcp_ping received 3072 bytes back
Round trip time was 22.2577 milliseconds in repetition 321
tcp_ping received 3072 bytes back
Round trip time was 21.692 milliseconds in repetition 322
tcp_ping received 3072 bytes back
Round trip time was 20.677 milliseconds in repetition 323
tcp_ping received 3072 bytes back
Round trip time was 21.8347 milliseconds in repetition 324
tcp_ping received 3072 bytes back
Round trip time was 22.3219 milliseconds in repetition 325
tcp_ping received 3072 bytes back
Round trip time was 22.631 milliseconds in repetition 326
tcp_ping received 3072 bytes back
Round trip time was 22.434 milliseconds in repetition 327
tcp_ping received 3072 bytes back
Round trip time was 22.3653 milliseconds in repetition 328
tcp_ping received 3072 bytes back
Round trip time was 21.963 milliseconds in repetition 329
tcp_ping received 3072 bytes back
Round trip time was 21.2978 milliseconds in repetition 330
tcp_ping received 3072 bytes back
Round trip time was 24.1926 milliseconds in repetition 331
tcp_ping received 3072 bytes back
Round trip time was 22.1556 milliseconds in repetition 332
tcp_ping received 3072 bytes back
Round trip time was 22.6445 milliseconds in repetition 333
tcp_ping received 3072 bytes back
Round trip time was 24.1384 milliseconds in repetition 334
tcp_ping received 3072 bytes back
Round trip time was 22.1019 milliseconds in repetition 335
tcp_ping received 3072 bytes back
Round trip time was 30.441 milliseconds in repetition 336
tcp_ping received 3072 bytes back
Round trip time was 22.5735 milliseconds in repetition 337
tcp_ping received 3072 bytes back
Round trip time was 24.3221 milliseconds in repetition 338
tcp_ping received 3072 bytes back
Round trip time was 22.2714 milliseconds in repetition 339
tcp_ping received 3072 bytes back
Round trip time was 22.9557 milliseconds in repetition 340
tcp_ping received 3072 bytes back
Round trip time was 25.2459 milliseconds in repetition 341
tcp_ping received 3072 bytes back
Round trip time was 25.0575 milliseconds in repetition 342
tcp_ping received 3072 bytes back
Round trip time was 21.5295 milliseconds in repetition 343
tcp_ping received 3072 bytes back
Round trip time was 21.6487 milliseconds in repetition 344
tcp_ping received 3072 bytes back
Round trip time was 21.8169 milliseconds in repetition 345
tcp_ping received 3072 bytes back
Round trip time was 21.5513 milliseconds in repetition 346
tcp_ping received 3072 bytes back
Round trip time was 22.7056 milliseconds in repetition 347
tcp_ping received 3072 bytes back
Round trip time was 21.7473 milliseconds in repetition 348
tcp_ping received 3072 bytes back
Round trip time was 22.5161 milliseconds in repetition 349
tcp_ping received 3072 bytes back
Round trip time was 21.2961 milliseconds in repetition 350
tcp_ping received 3072 bytes back
Round trip time was 21.0508 milliseconds in repetition 351
tcp_ping received 3072 bytes back
Round trip time was 22.1891 milliseconds in repetition 352
tcp_ping received 3072 bytes back
Round trip time was 22.0939 milliseconds in repetition 353
tcp_ping received 3072 bytes back
Round trip time was 22.1198 milliseconds in repetition 354
tcp_ping received 3072 bytes back
Round trip time was 22.6046 milliseconds in repetition 355
tcp_ping received 3072 bytes back
Round trip time was 21.6022 milliseconds in repetition 356
tcp_ping received 3072 bytes back
Round trip time was 21.7705 milliseconds in repetition 357
tcp_ping received 3072 bytes back
Round trip time was 22.0217 milliseconds in repetition 358
tcp_ping received 3072 bytes back
Round trip time was 22.6558 milliseconds in repetition 359
tcp_ping received 3072 bytes back
Round trip time was 22.5867 milliseconds in repetition 360
tcp_ping received 3072 bytes back
Round trip time was 23.0324 milliseconds in repetition 361
tcp_ping received 3072 bytes back
Round trip time was 21.5037 milliseconds in repetition 362
tcp_ping received 3072 bytes back
Round trip time was 22.9204 milliseconds in repetition 363
tcp_ping received 3072 bytes back
Round trip time was 21.6605 milliseconds in repetition 364
tcp_ping received 3072 bytes back
Round trip time was 29.014 milliseconds in repetition 365
tcp_ping received 3072 bytes back
Round trip time was 21.5123 milliseconds in repetition 366
tcp_ping received 3072 bytes back
Round trip time was 28.3344 milliseconds in repetition 367
tcp_ping received 3072 bytes back
Round trip time was 21.8969 milliseconds in repetition 368
tcp_ping received 3072 bytes back
Round trip time was 22.8891 milliseconds in repetition 369
tcp_ping received 3072 bytes back
Round trip time was 21.6556 milliseconds in repetition 370
tcp_ping received 3072 bytes back
Round trip time was 22.3684 milliseconds in repetition 371
tcp_ping received 3072 bytes back
Round trip time was 22.7819 milliseconds in repetition 372
tcp_ping received 3072 bytes back
Round trip time was 21.6146 milliseconds in repetition 373
tcp_ping received 3072 bytes back
Round trip time was 21.2532 milliseconds in repetition 374
tcp_ping received 3072 bytes back
Round trip time was 22.6706 milliseconds in repetition 375
tcp_ping received 3072 bytes back
Round trip time was 22.4127 milliseconds in repetition 376
tcp_ping received 3072 bytes back
Round trip time was 20.6284 milliseconds in repetition 377
tcp_ping received 3072 bytes back
Round trip time was 22.5815 milliseconds in repetition 378
tcp_ping received 3072 bytes back
Round trip time was 20.4281 milliseconds in repetition 379
tcp_ping received 3072 bytes back
Round trip time was 21.3678 milliseconds in repetition 380
tcp_ping received 3072 bytes back
Round trip time was 23.9505 milliseconds in repetition 381
tcp_ping received 3072 bytes back
Round trip time was 23.7302 milliseconds in repetition 382
tcp_ping received 3072 bytes back
Round trip time was 23.2757 milliseconds in repetition 383
tcp_ping received 3072 bytes back
Round trip time was 22.8572 milliseconds in repetition 384
tcp_ping received 3072 bytes back
Round trip time was 21.7057 milliseconds in repetition 385
tcp_ping received 3072 bytes back
Round trip time was 20.6788 milliseconds in repetition 386
tcp_ping received 3072 bytes back
Round trip time was 23.0171 milliseconds in repetition 387
tcp_ping received 3072 bytes back
Round trip time was 21.6258 milliseconds in repetition 388
tcp_ping received 3072 bytes back
Round trip time was 21.6201 milliseconds in repetition 389
tcp_ping received 3072 bytes back
Round trip time was 20.6101 milliseconds in repetition 390
tcp_ping received 3072 bytes back
Round trip time was 20.3418 milliseconds in repetition 391
tcp_ping received 3072 bytes back
Round trip time was 23.4229 milliseconds in repetition 392
tcp_ping received 3072 bytes back
Round trip time was 22.0538 milliseconds in repetition 393
tcp_ping received 3072 bytes back
Round trip time was 21.8237 milliseconds in repetition 394
tcp_ping received 3072 bytes back
Round trip time was 24.6727 milliseconds in repetition 395
tcp_ping received 3072 bytes back
Round trip time was 20.0133 milliseconds in repetition 396
tcp_ping received 3072 bytes back
Round trip time was 23.2897 milliseconds in repetition 397
tcp_ping received 3072 bytes back
Round trip time was 22.3432 milliseconds in repetition 398
tcp_ping received 3072 bytes back
Round trip time was 21.7709 milliseconds in repetition 399
tcp_ping received 3072 bytes back
Round trip time was 20.3967 milliseconds in repetition 400
tcp_ping received 3072 bytes back
Round trip time was 23.2774 milliseconds in repetition 401
tcp_ping received 3072 bytes back
Round trip time was 22.0257 milliseconds in repetition 402
tcp_ping received 3072 bytes back
Round trip time was 21.8542 milliseconds in repetition 403
tcp_ping received 3072 bytes back
Round trip time was 27.0861 milliseconds in repetition 404
tcp_ping received 3072 bytes back
Round trip time was 21.2866 milliseconds in repetition 405
tcp_ping received 3072 bytes back
Round trip time was 20.7595 milliseconds in repetition 406
tcp_ping received 3072 bytes back
Round trip time was 22.2256 milliseconds in repetition 407
tcp_ping received 3072 bytes back
Round trip time was 24.6791 milliseconds in repetition 408
tcp_ping received 3072 bytes back
Round trip time was 21.8524 milliseconds in repetition 409
tcp_ping received 3072 bytes back
Round trip time was 23.8643 milliseconds in repetition 410
tcp_ping received 3072 bytes back
Round trip time was 22.215 milliseconds in repetition 411
tcp_ping received 3072 bytes back
Round trip time was 21.3859 milliseconds in repetition 412
tcp_ping received 3072 bytes back
Round trip time was 22.4328 milliseconds in repetition 413
tcp_ping received 3072 bytes back
Round trip time was 23.4014 milliseconds in repetition 414
tcp_ping received 3072 bytes back
Round trip time was 21.4037 milliseconds in repetition 415
tcp_ping received 3072 bytes back
Round trip time was 22.3957 milliseconds in repetition 416
tcp_ping received 3072 bytes back
Round trip time was 22.5275 milliseconds in repetition 417
tcp_ping received 3072 bytes back
Round trip time was 22.7175 milliseconds in repetition 418
tcp_ping received 3072 bytes back
Round trip time was 26.7825 milliseconds in repetition 419
tcp_ping received 3072 bytes back
Round trip time was 21.4026 milliseconds in repetition 420
tcp_ping received 3072 bytes back
Round trip time was 21.8558 milliseconds in repetition 421
tcp_ping received 3072 bytes back
Round trip time was 23.0955 milliseconds in repetition 422
tcp_ping received 3072 bytes back
Round trip time was 21.5629 milliseconds in repetition 423
tcp_ping received 3072 bytes back
Round trip time was 22.9348 milliseconds in repetition 424
tcp_ping received 3072 bytes back
Round trip time was 21.4124 milliseconds in repetition 425
tcp_ping received 3072 bytes back
Round trip time was 21.863 milliseconds in repetition 426
tcp_ping received 3072 bytes back
Round trip time was 22.9729 milliseconds in repetition 427
tcp_ping received 3072 bytes back
Round trip time was 21.8977 milliseconds in repetition 428
tcp_ping received 3072 bytes back
Round trip time was 43.0183 milliseconds in repetition 429
tcp_ping received 3072 bytes back
Round trip time was 22.8454 milliseconds in repetition 430
tcp_ping received 3072 bytes back
Round trip time was 21.5492 milliseconds in repetition 431
tcp_ping received 3072 bytes back
Round trip time was 22.5517 milliseconds in repetition 432
tcp_ping received 3072 bytes back
Round trip time was 21.3536 milliseconds in repetition 433
tcp_ping received 3072 bytes back
Round trip time was 22.0175 milliseconds in repetition 434
tcp_ping received 3072 bytes back
Round trip time was 21.3914 milliseconds in repetition 435
tcp_ping received 3072 bytes back
Round trip time was 21.8721 milliseconds in repetition 436
tcp_ping received 3072 bytes back
Round trip time was 22.5617 milliseconds in repetition 437
tcp_ping received 3072 bytes back
Round trip time was 21.4809 milliseconds in repetition 438
tcp_ping received 3072 bytes back
Round trip time was 40.8528 milliseconds in repetition 439
tcp_ping received 3072 bytes back
Round trip time was 22.6825 milliseconds in repetition 440
tcp_ping received 3072 bytes back
Round trip time was 21.7222 milliseconds in repetition 441
tcp_ping received 3072 bytes back
Round trip time was 30.2131 milliseconds in repetition 442
tcp_ping received 3072 bytes back
Round trip time was 43.379 milliseconds in repetition 443
tcp_ping received 3072 bytes back
Round trip time was 22.2526 milliseconds in repetition 444
tcp_ping received 3072 bytes back
Round trip time was 22.5976 milliseconds in repetition 445
tcp_ping received 3072 bytes back
Round trip time was 21.4107 milliseconds in repetition 446
tcp_ping received 3072 bytes back
Round trip time was 22.7026 milliseconds in repetition 447
tcp_ping received 3072 bytes back
Round trip time was 21.3005 milliseconds in repetition 448
tcp_ping received 3072 bytes back
Round trip time was 22.5275 milliseconds in repetition 449
tcp_ping received 3072 bytes back
Round trip time was 21.3954 milliseconds in repetition 450
tcp_ping received 3072 bytes back
Round trip time was 22.0791 milliseconds in repetition 451
tcp_ping received 3072 bytes back
Round trip time was 23.0583 milliseconds in repetition 452
tcp_ping received 3072 bytes back
Round trip time was 38.8177 milliseconds in repetition 453
tcp_ping received 3072 bytes back
Round trip time was 23.6641 milliseconds in repetition 454
tcp_ping received 3072 bytes back
Round trip time was 21.7025 milliseconds in repetition 455
tcp_ping received 3072 bytes back
Round trip time was 21.1297 milliseconds in repetition 456
tcp_ping received 3072 bytes back
Round trip time was 21.4317 milliseconds in repetition 457
tcp_ping received 3072 bytes back
Round trip time was 21.6096 milliseconds in repetition 458
tcp_ping received 3072 bytes back
Round trip time was 23.7867 milliseconds in repetition 459
tcp_ping received 3072 bytes back
Round trip time was 21.304 milliseconds in repetition 460
tcp_ping received 3072 bytes back
Round trip time was 21.9135 milliseconds in repetition 461
tcp_ping received 3072 bytes back
Round trip time was 22.103 milliseconds in repetition 462
tcp_ping received 3072 bytes back
Round trip time was 22.5869 milliseconds in repetition 463
tcp_ping received 3072 bytes back
Round trip time was 22.8209 milliseconds in repetition 464
tcp_ping received 3072 bytes back
Round trip time was 22.7643 milliseconds in repetition 465
tcp_ping received 3072 bytes back
Round trip time was 21.9763 milliseconds in repetition 466
tcp_ping received 3072 bytes back
Round trip time was 22.2583 milliseconds in repetition 467
tcp_ping received 3072 bytes back
Round trip time was 21.5486 milliseconds in repetition 468
tcp_ping received 3072 bytes back
Round trip time was 22.3122 milliseconds in repetition 469
tcp_ping received 3072 bytes back
Round trip time was 23.0512 milliseconds in repetition 470
tcp_ping received 3072 bytes back
Round trip time was 21.346 milliseconds in repetition 471
tcp_ping received 3072 bytes back
Round trip time was 22.7951 milliseconds in repetition 472
tcp_ping received 3072 bytes back
Round trip time was 22.5659 milliseconds in repetition 473
tcp_ping received 3072 bytes back
Round trip time was 22.0897 milliseconds in repetition 474
tcp_ping received 3072 bytes back
Round trip time was 22.6282 milliseconds in repetition 475
tcp_ping received 3072 bytes back
Round trip time was 22.5716 milliseconds in repetition 476
tcp_ping received 3072 bytes back
Round trip time was 22.3343 milliseconds in repetition 477
tcp_ping received 3072 bytes back
Round trip time was 21.5696 milliseconds in repetition 478
tcp_ping received 3072 bytes back
Round trip time was 21.0837 milliseconds in repetition 479
tcp_ping received 3072 bytes back
Round trip time was 21.2301 milliseconds in repetition 480
tcp_ping received 3072 bytes back
Round trip time was 21.5955 milliseconds in repetition 481
tcp_ping received 3072 bytes back
Round trip time was 21.3022 milliseconds in repetition 482
tcp_ping received 3072 bytes back
Round trip time was 21.571 milliseconds in repetition 483
tcp_ping received 3072 bytes back
Round trip time was 21.2618 milliseconds in repetition 484
tcp_ping received 3072 bytes back
Round trip time was 21.3989 milliseconds in repetition 485
tcp_ping received 3072 bytes back
Round trip time was 22.9037 milliseconds in repetition 486
tcp_ping received 3072 bytes back
Round trip time was 21.587 milliseconds in repetition 487
tcp_ping received 3072 bytes back
Round trip time was 20.9907 milliseconds in repetition 488
tcp_ping received 3072 bytes back
Round trip time was 21.5661 milliseconds in repetition 489
tcp_ping received 3072 bytes back
Round trip time was 22.1198 milliseconds in repetition 490
tcp_ping received 3072 bytes back
Round trip time was 23.1603 milliseconds in repetition 491
tcp_ping received 3072 bytes back
Round trip time was 23.721 milliseconds in repetition 492
tcp_ping received 3072 bytes back
Round trip time was 23.5023 milliseconds in repetition 493
tcp_ping received 3072 bytes back
Round trip time was 24.0224 milliseconds in repetition 494
tcp_ping received 3072 bytes back
Round trip time was 22.6007 milliseconds in repetition 495
tcp_ping received 3072 bytes back
Round trip time was 22.4423 milliseconds in repetition 496
tcp_ping received 3072 bytes back
Round trip time was 21.72 milliseconds in repetition 497
tcp_ping received 3072 bytes back
Round trip time was 21.826 milliseconds in repetition 498
tcp_ping received 3072 bytes back
Round trip time was 21.3907 milliseconds in repetition 499
tcp_ping received 3072 bytes back
Round trip time was 21.96 milliseconds in repetition 500
tcp_ping received 3072 bytes back
Round trip time was 21.6182 milliseconds in repetition 501

 ... clock resolution was 1e-06
TCP Ping:  Statistics over 501 repetitions of 3072 byte messages

RTT : percentile 10: 21.0632, median: 22.0538, percentile 90: 27.0123, average: 23.9958, variance: 45.9644

RTT histogram:
19.8293 45
22.1718 361
24.5143 41
26.8568 5
29.1993 12
31.5418 5
33.8843 6
36.2268 0
38.5693 2
40.9118 1
43.2543 4
45.5969 2
47.9394 4
50.2819 2
52.6244 4
54.9669 1
57.3094 2
59.6519 0
61.9944 1
64.3369 1
66.6794 2

   median Throughput : 278.592 KB/s   overall Throughput : 256.045 KB/s

