TCP Ping trying to connect to server seti.dibris.unige.it (130.251.61.30) on port 1491
 ... connected to Pong server: asking for 501 repetitions of 8192 bytes TCP messages
Received answer: 'OK
'
 ... Pong server agreed :-)
tcp_ping received 8192 bytes back
Round trip time was 53.3384 milliseconds in repetition 1
tcp_ping received 8192 bytes back
Round trip time was 29.8239 milliseconds in repetition 2
tcp_ping received 8192 bytes back
Round trip time was 29.3183 milliseconds in repetition 3
tcp_ping received 8192 bytes back
Round trip time was 29.7963 milliseconds in repetition 4
tcp_ping received 8192 bytes back
Round trip time was 33.4434 milliseconds in repetition 5
tcp_ping received 8192 bytes back
Round trip time was 27.7164 milliseconds in repetition 6
tcp_ping received 8192 bytes back
Round trip time was 26.2468 milliseconds in repetition 7
tcp_ping received 8192 bytes back
Round trip time was 31.2255 milliseconds in repetition 8
tcp_ping received 8192 bytes back
Round trip time was 26.362 milliseconds in repetition 9
tcp_ping received 8192 bytes back
Round trip time was 26.4766 milliseconds in repetition 10
tcp_ping received 8192 bytes back
Round trip time was 26.8417 milliseconds in repetition 11
tcp_ping received 8192 bytes back
Round trip time was 26.0726 milliseconds in repetition 12
tcp_ping received 8192 bytes back
Round trip time was 26.7796 milliseconds in repetition 13
tcp_ping received 8192 bytes back
Round trip time was 39.5624 milliseconds in repetition 14
tcp_ping received 8192 bytes back
Round trip time was 26.4887 milliseconds in repetition 15
tcp_ping received 8192 bytes back
Round trip time was 26.6134 milliseconds in repetition 16
tcp_ping received 8192 bytes back
Round trip time was 26.4678 milliseconds in repetition 17
tcp_ping received 8192 bytes back
Round trip time was 26.2168 milliseconds in repetition 18
tcp_ping received 8192 bytes back
Round trip time was 25.526 milliseconds in repetition 19
tcp_ping received 8192 bytes back
Round trip time was 27.0005 milliseconds in repetition 20
tcp_ping received 8192 bytes back
Round trip time was 26.7572 milliseconds in repetition 21
tcp_ping received 8192 bytes back
Round trip time was 27.2754 milliseconds in repetition 22
tcp_ping received 8192 bytes back
Round trip time was 26.3288 milliseconds in repetition 23
tcp_ping received 8192 bytes back
Round trip time was 25.588 milliseconds in repetition 24
tcp_ping received 8192 bytes back
Round trip time was 27.6381 milliseconds in repetition 25
tcp_ping received 8192 bytes back
Round trip time was 26.8315 milliseconds in repetition 26
tcp_ping received 8192 bytes back
Round trip time was 25.5668 milliseconds in repetition 27
tcp_ping received 8192 bytes back
Round trip time was 26.799 milliseconds in repetition 28
tcp_ping received 8192 bytes back
Round trip time was 25.9253 milliseconds in repetition 29
tcp_ping received 8192 bytes back
Round trip time was 34.5549 milliseconds in repetition 30
tcp_ping received 8192 bytes back
Round trip time was 27.0537 milliseconds in repetition 31
tcp_ping received 8192 bytes back
Round trip time was 25.4031 milliseconds in repetition 32
tcp_ping received 8192 bytes back
Round trip time was 26.7282 milliseconds in repetition 33
tcp_ping received 8192 bytes back
Round trip time was 26.993 milliseconds in repetition 34
tcp_ping received 8192 bytes back
Round trip time was 25.6184 milliseconds in repetition 35
tcp_ping received 8192 bytes back
Round trip time was 26.3955 milliseconds in repetition 36
tcp_ping received 8192 bytes back
Round trip time was 26.7126 milliseconds in repetition 37
tcp_ping received 8192 bytes back
Round trip time was 26.0851 milliseconds in repetition 38
tcp_ping received 8192 bytes back
Round trip time was 26.7042 milliseconds in repetition 39
tcp_ping received 8192 bytes back
Round trip time was 26.9854 milliseconds in repetition 40
tcp_ping received 8192 bytes back
Round trip time was 27.011 milliseconds in repetition 41
tcp_ping received 8192 bytes back
Round trip time was 25.1434 milliseconds in repetition 42
tcp_ping received 8192 bytes back
Round trip time was 27.2086 milliseconds in repetition 43
tcp_ping received 8192 bytes back
Round trip time was 25.7787 milliseconds in repetition 44
tcp_ping received 8192 bytes back
Round trip time was 27.3054 milliseconds in repetition 45
tcp_ping received 8192 bytes back
Round trip time was 48.337 milliseconds in repetition 46
tcp_ping received 8192 bytes back
Round trip time was 26.9927 milliseconds in repetition 47
tcp_ping received 8192 bytes back
Round trip time was 25.8471 milliseconds in repetition 48
tcp_ping received 8192 bytes back
Round trip time was 32.5327 milliseconds in repetition 49
tcp_ping received 8192 bytes back
Round trip time was 33.9745 milliseconds in repetition 50
tcp_ping received 8192 bytes back
Round trip time was 25.8472 milliseconds in repetition 51
tcp_ping received 8192 bytes back
Round trip time was 27.1483 milliseconds in repetition 52
tcp_ping received 8192 bytes back
Round trip time was 28.8775 milliseconds in repetition 53
tcp_ping received 8192 bytes back
Round trip time was 46.2483 milliseconds in repetition 54
tcp_ping received 8192 bytes back
Round trip time was 29.8962 milliseconds in repetition 55
tcp_ping received 8192 bytes back
Round trip time was 27.7501 milliseconds in repetition 56
tcp_ping received 8192 bytes back
Round trip time was 51.993 milliseconds in repetition 57
tcp_ping received 8192 bytes back
Round trip time was 26.3544 milliseconds in repetition 58
tcp_ping received 8192 bytes back
Round trip time was 27.5305 milliseconds in repetition 59
tcp_ping received 8192 bytes back
Round trip time was 26.837 milliseconds in repetition 60
tcp_ping received 8192 bytes back
Round trip time was 38.5644 milliseconds in repetition 61
tcp_ping received 8192 bytes back
Round trip time was 25.9525 milliseconds in repetition 62
tcp_ping received 8192 bytes back
Round trip time was 26.7338 milliseconds in repetition 63
tcp_ping received 8192 bytes back
Round trip time was 26.2478 milliseconds in repetition 64
tcp_ping received 8192 bytes back
Round trip time was 39.854 milliseconds in repetition 65
tcp_ping received 8192 bytes back
Round trip time was 28.1625 milliseconds in repetition 66
tcp_ping received 8192 bytes back
Round trip time was 26.2403 milliseconds in repetition 67
tcp_ping received 8192 bytes back
Round trip time was 27.1387 milliseconds in repetition 68
tcp_ping received 8192 bytes back
Round trip time was 25.4952 milliseconds in repetition 69
tcp_ping received 8192 bytes back
Round trip time was 25.9774 milliseconds in repetition 70
tcp_ping received 8192 bytes back
Round trip time was 26.3754 milliseconds in repetition 71
tcp_ping received 8192 bytes back
Round trip time was 33.3203 milliseconds in repetition 72
tcp_ping received 8192 bytes back
Round trip time was 30.2598 milliseconds in repetition 73
tcp_ping received 8192 bytes back
Round trip time was 26.0516 milliseconds in repetition 74
tcp_ping received 8192 bytes back
Round trip time was 25.1993 milliseconds in repetition 75
tcp_ping received 8192 bytes back
Round trip time was 26.037 milliseconds in repetition 76
tcp_ping received 8192 bytes back
Round trip time was 26.5537 milliseconds in repetition 77
tcp_ping received 8192 bytes back
Round trip time was 26.6053 milliseconds in repetition 78
tcp_ping received 8192 bytes back
Round trip time was 25.4265 milliseconds in repetition 79
tcp_ping received 8192 bytes back
Round trip time was 26.8302 milliseconds in repetition 80
tcp_ping received 8192 bytes back
Round trip time was 27.1498 milliseconds in repetition 81
tcp_ping received 8192 bytes back
Round trip time was 26.949 milliseconds in repetition 82
tcp_ping received 8192 bytes back
Round trip time was 26.7827 milliseconds in repetition 83
tcp_ping received 8192 bytes back
Round trip time was 27.6316 milliseconds in repetition 84
tcp_ping received 8192 bytes back
Round trip time was 35.5062 milliseconds in repetition 85
tcp_ping received 8192 bytes back
Round trip time was 27.2329 milliseconds in repetition 86
tcp_ping received 8192 bytes back
Round trip time was 26.2039 milliseconds in repetition 87
tcp_ping received 8192 bytes back
Round trip time was 26.8764 milliseconds in repetition 88
tcp_ping received 8192 bytes back
Round trip time was 25.6244 milliseconds in repetition 89
tcp_ping received 8192 bytes back
Round trip time was 25.8256 milliseconds in repetition 90
tcp_ping received 8192 bytes back
Round trip time was 26.2789 milliseconds in repetition 91
tcp_ping received 8192 bytes back
Round trip time was 26.1948 milliseconds in repetition 92
tcp_ping received 8192 bytes back
Round trip time was 26.5167 milliseconds in repetition 93
tcp_ping received 8192 bytes back
Round trip time was 26.3515 milliseconds in repetition 94
tcp_ping received 8192 bytes back
Round trip time was 26.4683 milliseconds in repetition 95
tcp_ping received 8192 bytes back
Round trip time was 27.3381 milliseconds in repetition 96
tcp_ping received 8192 bytes back
Round trip time was 26.3054 milliseconds in repetition 97
tcp_ping received 8192 bytes back
Round trip time was 26.2839 milliseconds in repetition 98
tcp_ping received 8192 bytes back
Round trip time was 27.2966 milliseconds in repetition 99
tcp_ping received 8192 bytes back
Round trip time was 26.0389 milliseconds in repetition 100
tcp_ping received 8192 bytes back
Round trip time was 26.4736 milliseconds in repetition 101
tcp_ping received 8192 bytes back
Round trip time was 25.2748 milliseconds in repetition 102
tcp_ping received 8192 bytes back
Round trip time was 25.8803 milliseconds in repetition 103
tcp_ping received 8192 bytes back
Round trip time was 28.5807 milliseconds in repetition 104
tcp_ping received 8192 bytes back
Round trip time was 27.6533 milliseconds in repetition 105
tcp_ping received 8192 bytes back
Round trip time was 26.1952 milliseconds in repetition 106
tcp_ping received 8192 bytes back
Round trip time was 27.3787 milliseconds in repetition 107
tcp_ping received 8192 bytes back
Round trip time was 26.0346 milliseconds in repetition 108
tcp_ping received 8192 bytes back
Round trip time was 26.784 milliseconds in repetition 109
tcp_ping received 8192 bytes back
Round trip time was 29.3103 milliseconds in repetition 110
tcp_ping received 8192 bytes back
Round trip time was 34.8755 milliseconds in repetition 111
tcp_ping received 8192 bytes back
Round trip time was 25.9866 milliseconds in repetition 112
tcp_ping received 8192 bytes back
Round trip time was 29.67 milliseconds in repetition 113
tcp_ping received 8192 bytes back
Round trip time was 26.7412 milliseconds in repetition 114
tcp_ping received 8192 bytes back
Round trip time was 27.308 milliseconds in repetition 115
tcp_ping received 8192 bytes back
Round trip time was 25.7586 milliseconds in repetition 116
tcp_ping received 8192 bytes back
Round trip time was 26.87 milliseconds in repetition 117
tcp_ping received 8192 bytes back
Round trip time was 27.6459 milliseconds in repetition 118
tcp_ping received 8192 bytes back
Round trip time was 28.2287 milliseconds in repetition 119
tcp_ping received 8192 bytes back
Round trip time was 26.1459 milliseconds in repetition 120
tcp_ping received 8192 bytes back
Round trip time was 25.9231 milliseconds in repetition 121
tcp_ping received 8192 bytes back
Round trip time was 25.4991 milliseconds in repetition 122
tcp_ping received 8192 bytes back
Round trip time was 26.4753 milliseconds in repetition 123
tcp_ping received 8192 bytes back
Round trip time was 25.4973 milliseconds in repetition 124
tcp_ping received 8192 bytes back
Round trip time was 30.5736 milliseconds in repetition 125
tcp_ping received 8192 bytes back
Round trip time was 27.4546 milliseconds in repetition 126
tcp_ping received 8192 bytes back
Round trip time was 26.8904 milliseconds in repetition 127
tcp_ping received 8192 bytes back
Round trip time was 25.9966 milliseconds in repetition 128
tcp_ping received 8192 bytes back
Round trip time was 25.8746 milliseconds in repetition 129
tcp_ping received 8192 bytes back
Round trip time was 26.1576 milliseconds in repetition 130
tcp_ping received 8192 bytes back
Round trip time was 26.7923 milliseconds in repetition 131
tcp_ping received 8192 bytes back
Round trip time was 25.5696 milliseconds in repetition 132
tcp_ping received 8192 bytes back
Round trip time was 26.8286 milliseconds in repetition 133
tcp_ping received 8192 bytes back
Round trip time was 32.7347 milliseconds in repetition 134
tcp_ping received 8192 bytes back
Round trip time was 25.9663 milliseconds in repetition 135
tcp_ping received 8192 bytes back
Round trip time was 26.5635 milliseconds in repetition 136
tcp_ping received 8192 bytes back
Round trip time was 26.9963 milliseconds in repetition 137
tcp_ping received 8192 bytes back
Round trip time was 27.0243 milliseconds in repetition 138
tcp_ping received 8192 bytes back
Round trip time was 26.1107 milliseconds in repetition 139
tcp_ping received 8192 bytes back
Round trip time was 25.9694 milliseconds in repetition 140
tcp_ping received 8192 bytes back
Round trip time was 30.0303 milliseconds in repetition 141
tcp_ping received 8192 bytes back
Round trip time was 26.4829 milliseconds in repetition 142
tcp_ping received 8192 bytes back
Round trip time was 28.7246 milliseconds in repetition 143
tcp_ping received 8192 bytes back
Round trip time was 27.9675 milliseconds in repetition 144
tcp_ping received 8192 bytes back
Round trip time was 25.9244 milliseconds in repetition 145
tcp_ping received 8192 bytes back
Round trip time was 26.7345 milliseconds in repetition 146
tcp_ping received 8192 bytes back
Round trip time was 28.9818 milliseconds in repetition 147
tcp_ping received 8192 bytes back
Round trip time was 26.1259 milliseconds in repetition 148
tcp_ping received 8192 bytes back
Round trip time was 27.3247 milliseconds in repetition 149
tcp_ping received 8192 bytes back
Round trip time was 24.741 milliseconds in repetition 150
tcp_ping received 8192 bytes back
Round trip time was 25.5215 milliseconds in repetition 151
tcp_ping received 8192 bytes back
Round trip time was 25.8395 milliseconds in repetition 152
tcp_ping received 8192 bytes back
Round trip time was 25.7082 milliseconds in repetition 153
tcp_ping received 8192 bytes back
Round trip time was 27.3737 milliseconds in repetition 154
tcp_ping received 8192 bytes back
Round trip time was 25.364 milliseconds in repetition 155
tcp_ping received 8192 bytes back
Round trip time was 26.0493 milliseconds in repetition 156
tcp_ping received 8192 bytes back
Round trip time was 27.4996 milliseconds in repetition 157
tcp_ping received 8192 bytes back
Round trip time was 27.4431 milliseconds in repetition 158
tcp_ping received 8192 bytes back
Round trip time was 31.7567 milliseconds in repetition 159
tcp_ping received 8192 bytes back
Round trip time was 28.339 milliseconds in repetition 160
tcp_ping received 8192 bytes back
Round trip time was 26.9513 milliseconds in repetition 161
tcp_ping received 8192 bytes back
Round trip time was 26.5985 milliseconds in repetition 162
tcp_ping received 8192 bytes back
Round trip time was 25.9141 milliseconds in repetition 163
tcp_ping received 8192 bytes back
Round trip time was 33.3396 milliseconds in repetition 164
tcp_ping received 8192 bytes back
Round trip time was 26.223 milliseconds in repetition 165
tcp_ping received 8192 bytes back
Round trip time was 27.4068 milliseconds in repetition 166
tcp_ping received 8192 bytes back
Round trip time was 27.6931 milliseconds in repetition 167
tcp_ping received 8192 bytes back
Round trip time was 26.8114 milliseconds in repetition 168
tcp_ping received 8192 bytes back
Round trip time was 26.1262 milliseconds in repetition 169
tcp_ping received 8192 bytes back
Round trip time was 26.8692 milliseconds in repetition 170
tcp_ping received 8192 bytes back
Round trip time was 26.7691 milliseconds in repetition 171
tcp_ping received 8192 bytes back
Round trip time was 26.1269 milliseconds in repetition 172
tcp_ping received 8192 bytes back
Round trip time was 27.0432 milliseconds in repetition 173
tcp_ping received 8192 bytes back
Round trip time was 26.9053 milliseconds in repetition 174
tcp_ping received 8192 bytes back
Round trip time was 26.529 milliseconds in repetition 175
tcp_ping received 8192 bytes back
Round trip time was 26.6826 milliseconds in repetition 176
tcp_ping received 8192 bytes back
Round trip time was 28.4573 milliseconds in repetition 177
tcp_ping received 8192 bytes back
Round trip time was 29.3114 milliseconds in repetition 178
tcp_ping received 8192 bytes back
Round trip time was 29.6689 milliseconds in repetition 179
tcp_ping received 8192 bytes back
Round trip time was 26.8174 milliseconds in repetition 180
tcp_ping received 8192 bytes back
Round trip time was 26.0282 milliseconds in repetition 181
tcp_ping received 8192 bytes back
Round trip time was 26.3963 milliseconds in repetition 182
tcp_ping received 8192 bytes back
Round trip time was 26.0822 milliseconds in repetition 183
tcp_ping received 8192 bytes back
Round trip time was 26.6958 milliseconds in repetition 184
tcp_ping received 8192 bytes back
Round trip time was 38.4437 milliseconds in repetition 185
tcp_ping received 8192 bytes back
Round trip time was 27.1423 milliseconds in repetition 186
tcp_ping received 8192 bytes back
Round trip time was 27.1107 milliseconds in repetition 187
tcp_ping received 8192 bytes back
Round trip time was 26.355 milliseconds in repetition 188
tcp_ping received 8192 bytes back
Round trip time was 29.0602 milliseconds in repetition 189
tcp_ping received 8192 bytes back
Round trip time was 27.143 milliseconds in repetition 190
tcp_ping received 8192 bytes back
Round trip time was 26.3932 milliseconds in repetition 191
tcp_ping received 8192 bytes back
Round trip time was 26.971 milliseconds in repetition 192
tcp_ping received 8192 bytes back
Round trip time was 25.5007 milliseconds in repetition 193
tcp_ping received 8192 bytes back
Round trip time was 26.0794 milliseconds in repetition 194
tcp_ping received 8192 bytes back
Round trip time was 26.81 milliseconds in repetition 195
tcp_ping received 8192 bytes back
Round trip time was 27.5041 milliseconds in repetition 196
tcp_ping received 8192 bytes back
Round trip time was 31.9824 milliseconds in repetition 197
tcp_ping received 8192 bytes back
Round trip time was 26.9882 milliseconds in repetition 198
tcp_ping received 8192 bytes back
Round trip time was 26.6998 milliseconds in repetition 199
tcp_ping received 8192 bytes back
Round trip time was 26.4483 milliseconds in repetition 200
tcp_ping received 8192 bytes back
Round trip time was 25.9384 milliseconds in repetition 201
tcp_ping received 8192 bytes back
Round trip time was 26.4398 milliseconds in repetition 202
tcp_ping received 8192 bytes back
Round trip time was 26.1127 milliseconds in repetition 203
tcp_ping received 8192 bytes back
Round trip time was 26.2295 milliseconds in repetition 204
tcp_ping received 8192 bytes back
Round trip time was 26.0318 milliseconds in repetition 205
tcp_ping received 8192 bytes back
Round trip time was 26.5151 milliseconds in repetition 206
tcp_ping received 8192 bytes back
Round trip time was 27.1381 milliseconds in repetition 207
tcp_ping received 8192 bytes back
Round trip time was 28.5634 milliseconds in repetition 208
tcp_ping received 8192 bytes back
Round trip time was 26.3581 milliseconds in repetition 209
tcp_ping received 8192 bytes back
Round trip time was 26.9305 milliseconds in repetition 210
tcp_ping received 8192 bytes back
Round trip time was 31.1281 milliseconds in repetition 211
tcp_ping received 8192 bytes back
Round trip time was 29.3409 milliseconds in repetition 212
tcp_ping received 8192 bytes back
Round trip time was 26.2427 milliseconds in repetition 213
tcp_ping received 8192 bytes back
Round trip time was 29.2644 milliseconds in repetition 214
tcp_ping received 8192 bytes back
Round trip time was 33.7909 milliseconds in repetition 215
tcp_ping received 8192 bytes back
Round trip time was 28.1596 milliseconds in repetition 216
tcp_ping received 8192 bytes back
Round trip time was 25.729 milliseconds in repetition 217
tcp_ping received 8192 bytes back
Round trip time was 26.1195 milliseconds in repetition 218
tcp_ping received 8192 bytes back
Round trip time was 25.9135 milliseconds in repetition 219
tcp_ping received 8192 bytes back
Round trip time was 27.6692 milliseconds in repetition 220
tcp_ping received 8192 bytes back
Round trip time was 25.8999 milliseconds in repetition 221
tcp_ping received 8192 bytes back
Round trip time was 26.6768 milliseconds in repetition 222
tcp_ping received 8192 bytes back
Round trip time was 26.1932 milliseconds in repetition 223
tcp_ping received 8192 bytes back
Round trip time was 26.5511 milliseconds in repetition 224
tcp_ping received 8192 bytes back
Round trip time was 26.0932 milliseconds in repetition 225
tcp_ping received 8192 bytes back
Round trip time was 27.6004 milliseconds in repetition 226
tcp_ping received 8192 bytes back
Round trip time was 36.4848 milliseconds in repetition 227
tcp_ping received 8192 bytes back
Round trip time was 28.4042 milliseconds in repetition 228
tcp_ping received 8192 bytes back
Round trip time was 27.7262 milliseconds in repetition 229
tcp_ping received 8192 bytes back
Round trip time was 26.3444 milliseconds in repetition 230
tcp_ping received 8192 bytes back
Round trip time was 37.2074 milliseconds in repetition 231
tcp_ping received 8192 bytes back
Round trip time was 28.7935 milliseconds in repetition 232
tcp_ping received 8192 bytes back
Round trip time was 27.109 milliseconds in repetition 233
tcp_ping received 8192 bytes back
Round trip time was 35.0719 milliseconds in repetition 234
tcp_ping received 8192 bytes back
Round trip time was 27.1034 milliseconds in repetition 235
tcp_ping received 8192 bytes back
Round trip time was 27.4758 milliseconds in repetition 236
tcp_ping received 8192 bytes back
Round trip time was 27.1834 milliseconds in repetition 237
tcp_ping received 8192 bytes back
Round trip time was 25.9143 milliseconds in repetition 238
tcp_ping received 8192 bytes back
Round trip time was 39.1196 milliseconds in repetition 239
tcp_ping received 8192 bytes back
Round trip time was 25.7984 milliseconds in repetition 240
tcp_ping received 8192 bytes back
Round trip time was 26.9547 milliseconds in repetition 241
tcp_ping received 8192 bytes back
Round trip time was 26.9055 milliseconds in repetition 242
tcp_ping received 8192 bytes back
Round trip time was 40.6451 milliseconds in repetition 243
tcp_ping received 8192 bytes back
Round trip time was 26.4584 milliseconds in repetition 244
tcp_ping received 8192 bytes back
Round trip time was 26.1549 milliseconds in repetition 245
tcp_ping received 8192 bytes back
Round trip time was 26.7901 milliseconds in repetition 246
tcp_ping received 8192 bytes back
Round trip time was 37.3677 milliseconds in repetition 247
tcp_ping received 8192 bytes back
Round trip time was 27.1548 milliseconds in repetition 248
tcp_ping received 8192 bytes back
Round trip time was 27.2695 milliseconds in repetition 249
tcp_ping received 8192 bytes back
Round trip time was 26.4143 milliseconds in repetition 250
tcp_ping received 8192 bytes back
Round trip time was 27.4017 milliseconds in repetition 251
tcp_ping received 8192 bytes back
Round trip time was 26.1722 milliseconds in repetition 252
tcp_ping received 8192 bytes back
Round trip time was 27.513 milliseconds in repetition 253
tcp_ping received 8192 bytes back
Round trip time was 28.4104 milliseconds in repetition 254
tcp_ping received 8192 bytes back
Round trip time was 25.6394 milliseconds in repetition 255
tcp_ping received 8192 bytes back
Round trip time was 28.4866 milliseconds in repetition 256
tcp_ping received 8192 bytes back
Round trip time was 26.3098 milliseconds in repetition 257
tcp_ping received 8192 bytes back
Round trip time was 26.3299 milliseconds in repetition 258
tcp_ping received 8192 bytes back
Round trip time was 25.5408 milliseconds in repetition 259
tcp_ping received 8192 bytes back
Round trip time was 27.0656 milliseconds in repetition 260
tcp_ping received 8192 bytes back
Round trip time was 27.5354 milliseconds in repetition 261
tcp_ping received 8192 bytes back
Round trip time was 28.8025 milliseconds in repetition 262
tcp_ping received 8192 bytes back
Round trip time was 27.5633 milliseconds in repetition 263
tcp_ping received 8192 bytes back
Round trip time was 27.4038 milliseconds in repetition 264
tcp_ping received 8192 bytes back
Round trip time was 26.5405 milliseconds in repetition 265
tcp_ping received 8192 bytes back
Round trip time was 26.6776 milliseconds in repetition 266
tcp_ping received 8192 bytes back
Round trip time was 25.9012 milliseconds in repetition 267
tcp_ping received 8192 bytes back
Round trip time was 27.4264 milliseconds in repetition 268
tcp_ping received 8192 bytes back
Round trip time was 26.4372 milliseconds in repetition 269
tcp_ping received 8192 bytes back
Round trip time was 26.8019 milliseconds in repetition 270
tcp_ping received 8192 bytes back
Round trip time was 26.2365 milliseconds in repetition 271
tcp_ping received 8192 bytes back
Round trip time was 35.0999 milliseconds in repetition 272
tcp_ping received 8192 bytes back
Round trip time was 27.4398 milliseconds in repetition 273
tcp_ping received 8192 bytes back
Round trip time was 27.4337 milliseconds in repetition 274
tcp_ping received 8192 bytes back
Round trip time was 25.6425 milliseconds in repetition 275
tcp_ping received 8192 bytes back
Round trip time was 31.2426 milliseconds in repetition 276
tcp_ping received 8192 bytes back
Round trip time was 25.8385 milliseconds in repetition 277
tcp_ping received 8192 bytes back
Round trip time was 31.7125 milliseconds in repetition 278
tcp_ping received 8192 bytes back
Round trip time was 32.4658 milliseconds in repetition 279
tcp_ping received 8192 bytes back
Round trip time was 32.9573 milliseconds in repetition 280
tcp_ping received 8192 bytes back
Round trip time was 25.9273 milliseconds in repetition 281
tcp_ping received 8192 bytes back
Round trip time was 27.6441 milliseconds in repetition 282
tcp_ping received 8192 bytes back
Round trip time was 26.4077 milliseconds in repetition 283
tcp_ping received 8192 bytes back
Round trip time was 26.2324 milliseconds in repetition 284
tcp_ping received 8192 bytes back
Round trip time was 28.9037 milliseconds in repetition 285
tcp_ping received 8192 bytes back
Round trip time was 32.1601 milliseconds in repetition 286
tcp_ping received 8192 bytes back
Round trip time was 33.0822 milliseconds in repetition 287
tcp_ping received 8192 bytes back
Round trip time was 34.2078 milliseconds in repetition 288
tcp_ping received 8192 bytes back
Round trip time was 26.6337 milliseconds in repetition 289
tcp_ping received 8192 bytes back
Round trip time was 26.1856 milliseconds in repetition 290
tcp_ping received 8192 bytes back
Round trip time was 26.1491 milliseconds in repetition 291
tcp_ping received 8192 bytes back
Round trip time was 27.1145 milliseconds in repetition 292
tcp_ping received 8192 bytes back
Round trip time was 26.2107 milliseconds in repetition 293
tcp_ping received 8192 bytes back
Round trip time was 26.2629 milliseconds in repetition 294
tcp_ping received 8192 bytes back
Round trip time was 26.6543 milliseconds in repetition 295
tcp_ping received 8192 bytes back
Round trip time was 28.1293 milliseconds in repetition 296
tcp_ping received 8192 bytes back
Round trip time was 26.1381 milliseconds in repetition 297
tcp_ping received 8192 bytes back
Round trip time was 31.6065 milliseconds in repetition 298
tcp_ping received 8192 bytes back
Round trip time was 29.6884 milliseconds in repetition 299
tcp_ping received 8192 bytes back
Round trip time was 28.1055 milliseconds in repetition 300
tcp_ping received 8192 bytes back
Round trip time was 25.9908 milliseconds in repetition 301
tcp_ping received 8192 bytes back
Round trip time was 28.0304 milliseconds in repetition 302
tcp_ping received 8192 bytes back
Round trip time was 27.5147 milliseconds in repetition 303
tcp_ping received 8192 bytes back
Round trip time was 26.8276 milliseconds in repetition 304
tcp_ping received 8192 bytes back
Round trip time was 26.2939 milliseconds in repetition 305
tcp_ping received 8192 bytes back
Round trip time was 26.2932 milliseconds in repetition 306
tcp_ping received 8192 bytes back
Round trip time was 26.0187 milliseconds in repetition 307
tcp_ping received 8192 bytes back
Round trip time was 26.022 milliseconds in repetition 308
tcp_ping received 8192 bytes back
Round trip time was 25.8509 milliseconds in repetition 309
tcp_ping received 8192 bytes back
Round trip time was 26.2499 milliseconds in repetition 310
tcp_ping received 8192 bytes back
Round trip time was 25.6103 milliseconds in repetition 311
tcp_ping received 8192 bytes back
Round trip time was 26.0407 milliseconds in repetition 312
tcp_ping received 8192 bytes back
Round trip time was 26.3798 milliseconds in repetition 313
tcp_ping received 8192 bytes back
Round trip time was 28.1568 milliseconds in repetition 314
tcp_ping received 8192 bytes back
Round trip time was 35.7413 milliseconds in repetition 315
tcp_ping received 8192 bytes back
Round trip time was 30.4109 milliseconds in repetition 316
tcp_ping received 8192 bytes back
Round trip time was 26.3149 milliseconds in repetition 317
tcp_ping received 8192 bytes back
Round trip time was 26.6378 milliseconds in repetition 318
tcp_ping received 8192 bytes back
Round trip time was 26.9109 milliseconds in repetition 319
tcp_ping received 8192 bytes back
Round trip time was 25.5522 milliseconds in repetition 320
tcp_ping received 8192 bytes back
Round trip time was 26.3776 milliseconds in repetition 321
tcp_ping received 8192 bytes back
Round trip time was 26.1232 milliseconds in repetition 322
tcp_ping received 8192 bytes back
Round trip time was 30.9656 milliseconds in repetition 323
tcp_ping received 8192 bytes back
Round trip time was 29.6658 milliseconds in repetition 324
tcp_ping received 8192 bytes back
Round trip time was 37.1989 milliseconds in repetition 325
tcp_ping received 8192 bytes back
Round trip time was 27.3877 milliseconds in repetition 326
tcp_ping received 8192 bytes back
Round trip time was 26.748 milliseconds in repetition 327
tcp_ping received 8192 bytes back
Round trip time was 28.3448 milliseconds in repetition 328
tcp_ping received 8192 bytes back
Round trip time was 26.3351 milliseconds in repetition 329
tcp_ping received 8192 bytes back
Round trip time was 26.2224 milliseconds in repetition 330
tcp_ping received 8192 bytes back
Round trip time was 26.04 milliseconds in repetition 331
tcp_ping received 8192 bytes back
Round trip time was 26.0991 milliseconds in repetition 332
tcp_ping received 8192 bytes back
Round trip time was 27.5871 milliseconds in repetition 333
tcp_ping received 8192 bytes back
Round trip time was 25.9547 milliseconds in repetition 334
tcp_ping received 8192 bytes back
Round trip time was 27.1449 milliseconds in repetition 335
tcp_ping received 8192 bytes back
Round trip time was 25.431 milliseconds in repetition 336
tcp_ping received 8192 bytes back
Round trip time was 25.6886 milliseconds in repetition 337
tcp_ping received 8192 bytes back
Round trip time was 27.1765 milliseconds in repetition 338
tcp_ping received 8192 bytes back
Round trip time was 27.5023 milliseconds in repetition 339
tcp_ping received 8192 bytes back
Round trip time was 25.3208 milliseconds in repetition 340
tcp_ping received 8192 bytes back
Round trip time was 26.0282 milliseconds in repetition 341
tcp_ping received 8192 bytes back
Round trip time was 26.8166 milliseconds in repetition 342
tcp_ping received 8192 bytes back
Round trip time was 26.5894 milliseconds in repetition 343
tcp_ping received 8192 bytes back
Round trip time was 27.3952 milliseconds in repetition 344
tcp_ping received 8192 bytes back
Round trip time was 26.2261 milliseconds in repetition 345
tcp_ping received 8192 bytes back
Round trip time was 26.3489 milliseconds in repetition 346
tcp_ping received 8192 bytes back
Round trip time was 26.1936 milliseconds in repetition 347
tcp_ping received 8192 bytes back
Round trip time was 27.6036 milliseconds in repetition 348
tcp_ping received 8192 bytes back
Round trip time was 25.2475 milliseconds in repetition 349
tcp_ping received 8192 bytes back
Round trip time was 27.3483 milliseconds in repetition 350
tcp_ping received 8192 bytes back
Round trip time was 34.9772 milliseconds in repetition 351
tcp_ping received 8192 bytes back
Round trip time was 27.1385 milliseconds in repetition 352
tcp_ping received 8192 bytes back
Round trip time was 26.6476 milliseconds in repetition 353
tcp_ping received 8192 bytes back
Round trip time was 26.1001 milliseconds in repetition 354
tcp_ping received 8192 bytes back
Round trip time was 27.3799 milliseconds in repetition 355
tcp_ping received 8192 bytes back
Round trip time was 27.5709 milliseconds in repetition 356
tcp_ping received 8192 bytes back
Round trip time was 26.5186 milliseconds in repetition 357
tcp_ping received 8192 bytes back
Round trip time was 26.9238 milliseconds in repetition 358
tcp_ping received 8192 bytes back
Round trip time was 27.4024 milliseconds in repetition 359
tcp_ping received 8192 bytes back
Round trip time was 28.1634 milliseconds in repetition 360
tcp_ping received 8192 bytes back
Round trip time was 28.8645 milliseconds in repetition 361
tcp_ping received 8192 bytes back
Round trip time was 27.2139 milliseconds in repetition 362
tcp_ping received 8192 bytes back
Round trip time was 25.9633 milliseconds in repetition 363
tcp_ping received 8192 bytes back
Round trip time was 26.5717 milliseconds in repetition 364
tcp_ping received 8192 bytes back
Round trip time was 25.6159 milliseconds in repetition 365
tcp_ping received 8192 bytes back
Round trip time was 26.0347 milliseconds in repetition 366
tcp_ping received 8192 bytes back
Round trip time was 27.1595 milliseconds in repetition 367
tcp_ping received 8192 bytes back
Round trip time was 27.2811 milliseconds in repetition 368
tcp_ping received 8192 bytes back
Round trip time was 26.6011 milliseconds in repetition 369
tcp_ping received 8192 bytes back
Round trip time was 27.0341 milliseconds in repetition 370
tcp_ping received 8192 bytes back
Round trip time was 26.1073 milliseconds in repetition 371
tcp_ping received 8192 bytes back
Round trip time was 34.0337 milliseconds in repetition 372
tcp_ping received 8192 bytes back
Round trip time was 29.4881 milliseconds in repetition 373
tcp_ping received 8192 bytes back
Round trip time was 28.2755 milliseconds in repetition 374
tcp_ping received 8192 bytes back
Round trip time was 30.3315 milliseconds in repetition 375
tcp_ping received 8192 bytes back
Round trip time was 26.8222 milliseconds in repetition 376
tcp_ping received 8192 bytes back
Round trip time was 26.4106 milliseconds in repetition 377
tcp_ping received 8192 bytes back
Round trip time was 26.8013 milliseconds in repetition 378
tcp_ping received 8192 bytes back
Round trip time was 26.1078 milliseconds in repetition 379
tcp_ping received 8192 bytes back
Round trip time was 27.2285 milliseconds in repetition 380
tcp_ping received 8192 bytes back
Round trip time was 31.9112 milliseconds in repetition 381
tcp_ping received 8192 bytes back
Round trip time was 28.1132 milliseconds in repetition 382
tcp_ping received 8192 bytes back
Round trip time was 27.9627 milliseconds in repetition 383
tcp_ping received 8192 bytes back
Round trip time was 25.8344 milliseconds in repetition 384
tcp_ping received 8192 bytes back
Round trip time was 25.5384 milliseconds in repetition 385
tcp_ping received 8192 bytes back
Round trip time was 32.8772 milliseconds in repetition 386
tcp_ping received 8192 bytes back
Round trip time was 31.2819 milliseconds in repetition 387
tcp_ping received 8192 bytes back
Round trip time was 26.532 milliseconds in repetition 388
tcp_ping received 8192 bytes back
Round trip time was 26.2245 milliseconds in repetition 389
tcp_ping received 8192 bytes back
Round trip time was 26.0608 milliseconds in repetition 390
tcp_ping received 8192 bytes back
Round trip time was 28.9873 milliseconds in repetition 391
tcp_ping received 8192 bytes back
Round trip time was 32.926 milliseconds in repetition 392
tcp_ping received 8192 bytes back
Round trip time was 34.5791 milliseconds in repetition 393
tcp_ping received 8192 bytes back
Round trip time was 27.4925 milliseconds in repetition 394
tcp_ping received 8192 bytes back
Round trip time was 26.1613 milliseconds in repetition 395
tcp_ping received 8192 bytes back
Round trip time was 25.9499 milliseconds in repetition 396
tcp_ping received 8192 bytes back
Round trip time was 25.9197 milliseconds in repetition 397
tcp_ping received 8192 bytes back
Round trip time was 26.4003 milliseconds in repetition 398
tcp_ping received 8192 bytes back
Round trip time was 27.3208 milliseconds in repetition 399
tcp_ping received 8192 bytes back
Round trip time was 28.0098 milliseconds in repetition 400
tcp_ping received 8192 bytes back
Round trip time was 26.5121 milliseconds in repetition 401
tcp_ping received 8192 bytes back
Round trip time was 26.4306 milliseconds in repetition 402
tcp_ping received 8192 bytes back
Round trip time was 26.8501 milliseconds in repetition 403
tcp_ping received 8192 bytes back
Round trip time was 26.6113 milliseconds in repetition 404
tcp_ping received 8192 bytes back
Round trip time was 27.6157 milliseconds in repetition 405
tcp_ping received 8192 bytes back
Round trip time was 26.4717 milliseconds in repetition 406
tcp_ping received 8192 bytes back
Round trip time was 27.6821 milliseconds in repetition 407
tcp_ping received 8192 bytes back
Round trip time was 28.6972 milliseconds in repetition 408
tcp_ping received 8192 bytes back
Round trip time was 27.7306 milliseconds in repetition 409
tcp_ping received 8192 bytes back
Round trip time was 27.1395 milliseconds in repetition 410
tcp_ping received 8192 bytes back
Round trip time was 39.9384 milliseconds in repetition 411
tcp_ping received 8192 bytes back
Round trip time was 27.133 milliseconds in repetition 412
tcp_ping received 8192 bytes back
Round trip time was 26.8916 milliseconds in repetition 413
tcp_ping received 8192 bytes back
Round trip time was 28.1588 milliseconds in repetition 414
tcp_ping received 8192 bytes back
Round trip time was 26.2618 milliseconds in repetition 415
tcp_ping received 8192 bytes back
Round trip time was 26.4161 milliseconds in repetition 416
tcp_ping received 8192 bytes back
Round trip time was 26.1902 milliseconds in repetition 417
tcp_ping received 8192 bytes back
Round trip time was 28.0088 milliseconds in repetition 418
tcp_ping received 8192 bytes back
Round trip time was 45.4798 milliseconds in repetition 419
tcp_ping received 8192 bytes back
Round trip time was 26.7327 milliseconds in repetition 420
tcp_ping received 8192 bytes back
Round trip time was 26.9804 milliseconds in repetition 421
tcp_ping received 8192 bytes back
Round trip time was 27.2465 milliseconds in repetition 422
tcp_ping received 8192 bytes back
Round trip time was 38.1535 milliseconds in repetition 423
tcp_ping received 8192 bytes back
Round trip time was 26.9988 milliseconds in repetition 424
tcp_ping received 8192 bytes back
Round trip time was 28.9054 milliseconds in repetition 425
tcp_ping received 8192 bytes back
Round trip time was 26.0829 milliseconds in repetition 426
tcp_ping received 8192 bytes back
Round trip time was 36.821 milliseconds in repetition 427
tcp_ping received 8192 bytes back
Round trip time was 28.1646 milliseconds in repetition 428
tcp_ping received 8192 bytes back
Round trip time was 32.5594 milliseconds in repetition 429
tcp_ping received 8192 bytes back
Round trip time was 26.9651 milliseconds in repetition 430
tcp_ping received 8192 bytes back
Round trip time was 26.082 milliseconds in repetition 431
tcp_ping received 8192 bytes back
Round trip time was 26.6604 milliseconds in repetition 432
tcp_ping received 8192 bytes back
Round trip time was 29.4928 milliseconds in repetition 433
tcp_ping received 8192 bytes back
Round trip time was 26.2268 milliseconds in repetition 434
tcp_ping received 8192 bytes back
Round trip time was 25.8858 milliseconds in repetition 435
tcp_ping received 8192 bytes back
Round trip time was 25.8484 milliseconds in repetition 436
tcp_ping received 8192 bytes back
Round trip time was 27.2786 milliseconds in repetition 437
tcp_ping received 8192 bytes back
Round trip time was 26.7612 milliseconds in repetition 438
tcp_ping received 8192 bytes back
Round trip time was 28.1543 milliseconds in repetition 439
tcp_ping received 8192 bytes back
Round trip time was 26.2444 milliseconds in repetition 440
tcp_ping received 8192 bytes back
Round trip time was 27.6039 milliseconds in repetition 441
tcp_ping received 8192 bytes back
Round trip time was 26.5644 milliseconds in repetition 442
tcp_ping received 8192 bytes back
Round trip time was 25.7907 milliseconds in repetition 443
tcp_ping received 8192 bytes back
Round trip time was 26.3364 milliseconds in repetition 444
tcp_ping received 8192 bytes back
Round trip time was 26.5397 milliseconds in repetition 445
tcp_ping received 8192 bytes back
Round trip time was 29.0178 milliseconds in repetition 446
tcp_ping received 8192 bytes back
Round trip time was 27.1027 milliseconds in repetition 447
tcp_ping received 8192 bytes back
Round trip time was 26.3182 milliseconds in repetition 448
tcp_ping received 8192 bytes back
Round trip time was 27.0994 milliseconds in repetition 449
tcp_ping received 8192 bytes back
Round trip time was 27.8195 milliseconds in repetition 450
tcp_ping received 8192 bytes back
Round trip time was 26.8224 milliseconds in repetition 451
tcp_ping received 8192 bytes back
Round trip time was 25.882 milliseconds in repetition 452
tcp_ping received 8192 bytes back
Round trip time was 26.1302 milliseconds in repetition 453
tcp_ping received 8192 bytes back
Round trip time was 26.9461 milliseconds in repetition 454
tcp_ping received 8192 bytes back
Round trip time was 28.4571 milliseconds in repetition 455
tcp_ping received 8192 bytes back
Round trip time was 28.5682 milliseconds in repetition 456
tcp_ping received 8192 bytes back
Round trip time was 27.7761 milliseconds in repetition 457
tcp_ping received 8192 bytes back
Round trip time was 26.613 milliseconds in repetition 458
tcp_ping received 8192 bytes back
Round trip time was 25.832 milliseconds in repetition 459
tcp_ping received 8192 bytes back
Round trip time was 30.5034 milliseconds in repetition 460
tcp_ping received 8192 bytes back
Round trip time was 29.779 milliseconds in repetition 461
tcp_ping received 8192 bytes back
Round trip time was 27.4233 milliseconds in repetition 462
tcp_ping received 8192 bytes back
Round trip time was 29.2392 milliseconds in repetition 463
tcp_ping received 8192 bytes back
Round trip time was 27.103 milliseconds in repetition 464
tcp_ping received 8192 bytes back
Round trip time was 25.894 milliseconds in repetition 465
tcp_ping received 8192 bytes back
Round trip time was 26.0316 milliseconds in repetition 466
tcp_ping received 8192 bytes back
Round trip time was 27.1249 milliseconds in repetition 467
tcp_ping received 8192 bytes back
Round trip time was 26.1279 milliseconds in repetition 468
tcp_ping received 8192 bytes back
Round trip time was 27.2862 milliseconds in repetition 469
tcp_ping received 8192 bytes back
Round trip time was 25.6891 milliseconds in repetition 470
tcp_ping received 8192 bytes back
Round trip time was 26.3056 milliseconds in repetition 471
tcp_ping received 8192 bytes back
Round trip time was 26.1111 milliseconds in repetition 472
tcp_ping received 8192 bytes back
Round trip time was 29.3063 milliseconds in repetition 473
tcp_ping received 8192 bytes back
Round trip time was 30.6553 milliseconds in repetition 474
tcp_ping received 8192 bytes back
Round trip time was 25.9205 milliseconds in repetition 475
tcp_ping received 8192 bytes back
Round trip time was 25.9102 milliseconds in repetition 476
tcp_ping received 8192 bytes back
Round trip time was 25.4123 milliseconds in repetition 477
tcp_ping received 8192 bytes back
Round trip time was 30.4191 milliseconds in repetition 478
tcp_ping received 8192 bytes back
Round trip time was 31.7807 milliseconds in repetition 479
tcp_ping received 8192 bytes back
Round trip time was 26.9906 milliseconds in repetition 480
tcp_ping received 8192 bytes back
Round trip time was 25.3563 milliseconds in repetition 481
tcp_ping received 8192 bytes back
Round trip time was 25.4994 milliseconds in repetition 482
tcp_ping received 8192 bytes back
Round trip time was 25.6303 milliseconds in repetition 483
tcp_ping received 8192 bytes back
Round trip time was 25.8468 milliseconds in repetition 484
tcp_ping received 8192 bytes back
Round trip time was 26.4317 milliseconds in repetition 485
tcp_ping received 8192 bytes back
Round trip time was 27.8533 milliseconds in repetition 486
tcp_ping received 8192 bytes back
Round trip time was 26.153 milliseconds in repetition 487
tcp_ping received 8192 bytes back
Round trip time was 25.6307 milliseconds in repetition 488
tcp_ping received 8192 bytes back
Round trip time was 26.2849 milliseconds in repetition 489
tcp_ping received 8192 bytes back
Round trip time was 26.0158 milliseconds in repetition 490
tcp_ping received 8192 bytes back
Round trip time was 26.5011 milliseconds in repetition 491
tcp_ping received 8192 bytes back
Round trip time was 26.7252 milliseconds in repetition 492
tcp_ping received 8192 bytes back
Round trip time was 34.2916 milliseconds in repetition 493
tcp_ping received 8192 bytes back
Round trip time was 27.1016 milliseconds in repetition 494
tcp_ping received 8192 bytes back
Round trip time was 28.778 milliseconds in repetition 495
tcp_ping received 8192 bytes back
Round trip time was 31.8655 milliseconds in repetition 496
tcp_ping received 8192 bytes back
Round trip time was 27.2164 milliseconds in repetition 497
tcp_ping received 8192 bytes back
Round trip time was 26.9626 milliseconds in repetition 498
tcp_ping received 8192 bytes back
Round trip time was 27.6914 milliseconds in repetition 499
tcp_ping received 8192 bytes back
Round trip time was 25.6986 milliseconds in repetition 500
tcp_ping received 8192 bytes back
Round trip time was 26.3414 milliseconds in repetition 501

 ... clock resolution was 1e-06
TCP Ping:  Statistics over 501 repetitions of 8192 byte messages

RTT : percentile 10: 25.8484, median: 26.8166, percentile 90: 31.2819, average: 27.8619, variance: 11.5709

RTT histogram:
24.741 12
26.1709 252
27.6008 134
29.0307 36
30.4605 14
31.8904 14
33.3203 11
34.7501 8
36.18 4
37.6099 4
39.0397 4
40.4696 3
41.8995 0
43.3293 0
44.7592 0
46.1891 2
47.619 0
49.0488 1
50.4787 0
51.9086 1
53.3384 1

   median Throughput : 610.965 KB/s   overall Throughput : 588.044 KB/s

