TCP Ping trying to connect to server seti.dibris.unige.it (130.251.61.30) on port 1491
 ... connected to Pong server: asking for 501 repetitions of 512 bytes TCP messages
Received answer: 'OK
'
 ... Pong server agreed :-)
tcp_ping received 512 bytes back
Round trip time was 35.6983 milliseconds in repetition 1
tcp_ping received 512 bytes back
Round trip time was 27.8116 milliseconds in repetition 2
tcp_ping received 512 bytes back
Round trip time was 29.2904 milliseconds in repetition 3
tcp_ping received 512 bytes back
Round trip time was 27.2546 milliseconds in repetition 4
tcp_ping received 512 bytes back
Round trip time was 28.0804 milliseconds in repetition 5
tcp_ping received 512 bytes back
Round trip time was 26.927 milliseconds in repetition 6
tcp_ping received 512 bytes back
Round trip time was 27.8532 milliseconds in repetition 7
tcp_ping received 512 bytes back
Round trip time was 28.7555 milliseconds in repetition 8
tcp_ping received 512 bytes back
Round trip time was 27.565 milliseconds in repetition 9
tcp_ping received 512 bytes back
Round trip time was 27.6538 milliseconds in repetition 10
tcp_ping received 512 bytes back
Round trip time was 28.67 milliseconds in repetition 11
tcp_ping received 512 bytes back
Round trip time was 27.353 milliseconds in repetition 12
tcp_ping received 512 bytes back
Round trip time was 27.5381 milliseconds in repetition 13
tcp_ping received 512 bytes back
Round trip time was 27.9519 milliseconds in repetition 14
tcp_ping received 512 bytes back
Round trip time was 30.5086 milliseconds in repetition 15
tcp_ping received 512 bytes back
Round trip time was 26.8863 milliseconds in repetition 16
tcp_ping received 512 bytes back
Round trip time was 34.7714 milliseconds in repetition 17
tcp_ping received 512 bytes back
Round trip time was 28.1067 milliseconds in repetition 18
tcp_ping received 512 bytes back
Round trip time was 28.1509 milliseconds in repetition 19
tcp_ping received 512 bytes back
Round trip time was 27.1709 milliseconds in repetition 20
tcp_ping received 512 bytes back
Round trip time was 32.5058 milliseconds in repetition 21
tcp_ping received 512 bytes back
Round trip time was 28.1149 milliseconds in repetition 22
tcp_ping received 512 bytes back
Round trip time was 27.828 milliseconds in repetition 23
tcp_ping received 512 bytes back
Round trip time was 27.7405 milliseconds in repetition 24
tcp_ping received 512 bytes back
Round trip time was 27.9163 milliseconds in repetition 25
tcp_ping received 512 bytes back
Round trip time was 27.1203 milliseconds in repetition 26
tcp_ping received 512 bytes back
Round trip time was 27.3526 milliseconds in repetition 27
tcp_ping received 512 bytes back
Round trip time was 28.0185 milliseconds in repetition 28
tcp_ping received 512 bytes back
Round trip time was 28.1043 milliseconds in repetition 29
tcp_ping received 512 bytes back
Round trip time was 29.0381 milliseconds in repetition 30
tcp_ping received 512 bytes back
Round trip time was 34.3349 milliseconds in repetition 31
tcp_ping received 512 bytes back
Round trip time was 27.7398 milliseconds in repetition 32
tcp_ping received 512 bytes back
Round trip time was 26.9902 milliseconds in repetition 33
tcp_ping received 512 bytes back
Round trip time was 26.9366 milliseconds in repetition 34
tcp_ping received 512 bytes back
Round trip time was 25.9254 milliseconds in repetition 35
tcp_ping received 512 bytes back
Round trip time was 27.5143 milliseconds in repetition 36
tcp_ping received 512 bytes back
Round trip time was 26.2483 milliseconds in repetition 37
tcp_ping received 512 bytes back
Round trip time was 27.2064 milliseconds in repetition 38
tcp_ping received 512 bytes back
Round trip time was 26.4231 milliseconds in repetition 39
tcp_ping received 512 bytes back
Round trip time was 26.7631 milliseconds in repetition 40
tcp_ping received 512 bytes back
Round trip time was 26.9384 milliseconds in repetition 41
tcp_ping received 512 bytes back
Round trip time was 27.1245 milliseconds in repetition 42
tcp_ping received 512 bytes back
Round trip time was 35.0851 milliseconds in repetition 43
tcp_ping received 512 bytes back
Round trip time was 26.4628 milliseconds in repetition 44
tcp_ping received 512 bytes back
Round trip time was 26.4795 milliseconds in repetition 45
tcp_ping received 512 bytes back
Round trip time was 30.6515 milliseconds in repetition 46
tcp_ping received 512 bytes back
Round trip time was 27.4231 milliseconds in repetition 47
tcp_ping received 512 bytes back
Round trip time was 27.0516 milliseconds in repetition 48
tcp_ping received 512 bytes back
Round trip time was 27.1987 milliseconds in repetition 49
tcp_ping received 512 bytes back
Round trip time was 27.8124 milliseconds in repetition 50
tcp_ping received 512 bytes back
Round trip time was 26.1967 milliseconds in repetition 51
tcp_ping received 512 bytes back
Round trip time was 28.2511 milliseconds in repetition 52
tcp_ping received 512 bytes back
Round trip time was 26.6392 milliseconds in repetition 53
tcp_ping received 512 bytes back
Round trip time was 25.6965 milliseconds in repetition 54
tcp_ping received 512 bytes back
Round trip time was 26.5847 milliseconds in repetition 55
tcp_ping received 512 bytes back
Round trip time was 26.5624 milliseconds in repetition 56
tcp_ping received 512 bytes back
Round trip time was 27.5313 milliseconds in repetition 57
tcp_ping received 512 bytes back
Round trip time was 27.2463 milliseconds in repetition 58
tcp_ping received 512 bytes back
Round trip time was 28.3981 milliseconds in repetition 59
tcp_ping received 512 bytes back
Round trip time was 29.5214 milliseconds in repetition 60
tcp_ping received 512 bytes back
Round trip time was 27.1504 milliseconds in repetition 61
tcp_ping received 512 bytes back
Round trip time was 26.4133 milliseconds in repetition 62
tcp_ping received 512 bytes back
Round trip time was 26.0135 milliseconds in repetition 63
tcp_ping received 512 bytes back
Round trip time was 26.9972 milliseconds in repetition 64
tcp_ping received 512 bytes back
Round trip time was 26.9356 milliseconds in repetition 65
tcp_ping received 512 bytes back
Round trip time was 27.2576 milliseconds in repetition 66
tcp_ping received 512 bytes back
Round trip time was 27.0421 milliseconds in repetition 67
tcp_ping received 512 bytes back
Round trip time was 26.8051 milliseconds in repetition 68
tcp_ping received 512 bytes back
Round trip time was 26.7888 milliseconds in repetition 69
tcp_ping received 512 bytes back
Round trip time was 27.0002 milliseconds in repetition 70
tcp_ping received 512 bytes back
Round trip time was 27.1486 milliseconds in repetition 71
tcp_ping received 512 bytes back
Round trip time was 26.5467 milliseconds in repetition 72
tcp_ping received 512 bytes back
Round trip time was 27.2821 milliseconds in repetition 73
tcp_ping received 512 bytes back
Round trip time was 27.823 milliseconds in repetition 74
tcp_ping received 512 bytes back
Round trip time was 27.3536 milliseconds in repetition 75
tcp_ping received 512 bytes back
Round trip time was 25.9887 milliseconds in repetition 76
tcp_ping received 512 bytes back
Round trip time was 26.9247 milliseconds in repetition 77
tcp_ping received 512 bytes back
Round trip time was 26.736 milliseconds in repetition 78
tcp_ping received 512 bytes back
Round trip time was 26.9361 milliseconds in repetition 79
tcp_ping received 512 bytes back
Round trip time was 33.5473 milliseconds in repetition 80
tcp_ping received 512 bytes back
Round trip time was 29.8002 milliseconds in repetition 81
tcp_ping received 512 bytes back
Round trip time was 27.4154 milliseconds in repetition 82
tcp_ping received 512 bytes back
Round trip time was 26.1893 milliseconds in repetition 83
tcp_ping received 512 bytes back
Round trip time was 26.5998 milliseconds in repetition 84
tcp_ping received 512 bytes back
Round trip time was 40.1779 milliseconds in repetition 85
tcp_ping received 512 bytes back
Round trip time was 27.7109 milliseconds in repetition 86
tcp_ping received 512 bytes back
Round trip time was 25.7797 milliseconds in repetition 87
tcp_ping received 512 bytes back
Round trip time was 25.8983 milliseconds in repetition 88
tcp_ping received 512 bytes back
Round trip time was 30.4831 milliseconds in repetition 89
tcp_ping received 512 bytes back
Round trip time was 29.4479 milliseconds in repetition 90
tcp_ping received 512 bytes back
Round trip time was 31.3669 milliseconds in repetition 91
tcp_ping received 512 bytes back
Round trip time was 26.1526 milliseconds in repetition 92
tcp_ping received 512 bytes back
Round trip time was 26.6237 milliseconds in repetition 93
tcp_ping received 512 bytes back
Round trip time was 26.6784 milliseconds in repetition 94
tcp_ping received 512 bytes back
Round trip time was 26.8218 milliseconds in repetition 95
tcp_ping received 512 bytes back
Round trip time was 26.533 milliseconds in repetition 96
tcp_ping received 512 bytes back
Round trip time was 26.9051 milliseconds in repetition 97
tcp_ping received 512 bytes back
Round trip time was 26.3096 milliseconds in repetition 98
tcp_ping received 512 bytes back
Round trip time was 26.3078 milliseconds in repetition 99
tcp_ping received 512 bytes back
Round trip time was 27.5918 milliseconds in repetition 100
tcp_ping received 512 bytes back
Round trip time was 27.6865 milliseconds in repetition 101
tcp_ping received 512 bytes back
Round trip time was 26.1507 milliseconds in repetition 102
tcp_ping received 512 bytes back
Round trip time was 26.258 milliseconds in repetition 103
tcp_ping received 512 bytes back
Round trip time was 28.568 milliseconds in repetition 104
tcp_ping received 512 bytes back
Round trip time was 26.3962 milliseconds in repetition 105
tcp_ping received 512 bytes back
Round trip time was 27.3091 milliseconds in repetition 106
tcp_ping received 512 bytes back
Round trip time was 31.6348 milliseconds in repetition 107
tcp_ping received 512 bytes back
Round trip time was 25.778 milliseconds in repetition 108
tcp_ping received 512 bytes back
Round trip time was 26.4444 milliseconds in repetition 109
tcp_ping received 512 bytes back
Round trip time was 29.288 milliseconds in repetition 110
tcp_ping received 512 bytes back
Round trip time was 26.7112 milliseconds in repetition 111
tcp_ping received 512 bytes back
Round trip time was 26.219 milliseconds in repetition 112
tcp_ping received 512 bytes back
Round trip time was 26.4075 milliseconds in repetition 113
tcp_ping received 512 bytes back
Round trip time was 26.374 milliseconds in repetition 114
tcp_ping received 512 bytes back
Round trip time was 27.6563 milliseconds in repetition 115
tcp_ping received 512 bytes back
Round trip time was 25.7495 milliseconds in repetition 116
tcp_ping received 512 bytes back
Round trip time was 26.1201 milliseconds in repetition 117
tcp_ping received 512 bytes back
Round trip time was 26.7778 milliseconds in repetition 118
tcp_ping received 512 bytes back
Round trip time was 26.8482 milliseconds in repetition 119
tcp_ping received 512 bytes back
Round trip time was 26.704 milliseconds in repetition 120
tcp_ping received 512 bytes back
Round trip time was 26.6332 milliseconds in repetition 121
tcp_ping received 512 bytes back
Round trip time was 26.8819 milliseconds in repetition 122
tcp_ping received 512 bytes back
Round trip time was 26.6032 milliseconds in repetition 123
tcp_ping received 512 bytes back
Round trip time was 27.1186 milliseconds in repetition 124
tcp_ping received 512 bytes back
Round trip time was 26.6724 milliseconds in repetition 125
tcp_ping received 512 bytes back
Round trip time was 27.2734 milliseconds in repetition 126
tcp_ping received 512 bytes back
Round trip time was 26.3848 milliseconds in repetition 127
tcp_ping received 512 bytes back
Round trip time was 28.2627 milliseconds in repetition 128
tcp_ping received 512 bytes back
Round trip time was 27.3138 milliseconds in repetition 129
tcp_ping received 512 bytes back
Round trip time was 27.6919 milliseconds in repetition 130
tcp_ping received 512 bytes back
Round trip time was 26.4422 milliseconds in repetition 131
tcp_ping received 512 bytes back
Round trip time was 26.9052 milliseconds in repetition 132
tcp_ping received 512 bytes back
Round trip time was 27.2408 milliseconds in repetition 133
tcp_ping received 512 bytes back
Round trip time was 26.1724 milliseconds in repetition 134
tcp_ping received 512 bytes back
Round trip time was 26.1636 milliseconds in repetition 135
tcp_ping received 512 bytes back
Round trip time was 28.6666 milliseconds in repetition 136
tcp_ping received 512 bytes back
Round trip time was 26.6274 milliseconds in repetition 137
tcp_ping received 512 bytes back
Round trip time was 26.6254 milliseconds in repetition 138
tcp_ping received 512 bytes back
Round trip time was 45.6147 milliseconds in repetition 139
tcp_ping received 512 bytes back
Round trip time was 27.1764 milliseconds in repetition 140
tcp_ping received 512 bytes back
Round trip time was 26.5805 milliseconds in repetition 141
tcp_ping received 512 bytes back
Round trip time was 26.868 milliseconds in repetition 142
tcp_ping received 512 bytes back
Round trip time was 37.5309 milliseconds in repetition 143
tcp_ping received 512 bytes back
Round trip time was 27.5316 milliseconds in repetition 144
tcp_ping received 512 bytes back
Round trip time was 26.0828 milliseconds in repetition 145
tcp_ping received 512 bytes back
Round trip time was 26.4446 milliseconds in repetition 146
tcp_ping received 512 bytes back
Round trip time was 39.8236 milliseconds in repetition 147
tcp_ping received 512 bytes back
Round trip time was 26.6109 milliseconds in repetition 148
tcp_ping received 512 bytes back
Round trip time was 26.9666 milliseconds in repetition 149
tcp_ping received 512 bytes back
Round trip time was 27.4487 milliseconds in repetition 150
tcp_ping received 512 bytes back
Round trip time was 35.9709 milliseconds in repetition 151
tcp_ping received 512 bytes back
Round trip time was 28.0505 milliseconds in repetition 152
tcp_ping received 512 bytes back
Round trip time was 26.1431 milliseconds in repetition 153
tcp_ping received 512 bytes back
Round trip time was 26.6978 milliseconds in repetition 154
tcp_ping received 512 bytes back
Round trip time was 44.7878 milliseconds in repetition 155
tcp_ping received 512 bytes back
Round trip time was 29.4933 milliseconds in repetition 156
tcp_ping received 512 bytes back
Round trip time was 27.451 milliseconds in repetition 157
tcp_ping received 512 bytes back
Round trip time was 55.2443 milliseconds in repetition 158
tcp_ping received 512 bytes back
Round trip time was 28.3506 milliseconds in repetition 159
tcp_ping received 512 bytes back
Round trip time was 26.6059 milliseconds in repetition 160
tcp_ping received 512 bytes back
Round trip time was 27.2757 milliseconds in repetition 161
tcp_ping received 512 bytes back
Round trip time was 27.3417 milliseconds in repetition 162
tcp_ping received 512 bytes back
Round trip time was 32.6249 milliseconds in repetition 163
tcp_ping received 512 bytes back
Round trip time was 27.4833 milliseconds in repetition 164
tcp_ping received 512 bytes back
Round trip time was 35.3785 milliseconds in repetition 165
tcp_ping received 512 bytes back
Round trip time was 26.1915 milliseconds in repetition 166
tcp_ping received 512 bytes back
Round trip time was 26.2119 milliseconds in repetition 167
tcp_ping received 512 bytes back
Round trip time was 26.277 milliseconds in repetition 168
tcp_ping received 512 bytes back
Round trip time was 27.4671 milliseconds in repetition 169
tcp_ping received 512 bytes back
Round trip time was 27.6838 milliseconds in repetition 170
tcp_ping received 512 bytes back
Round trip time was 28.1436 milliseconds in repetition 171
tcp_ping received 512 bytes back
Round trip time was 27.3492 milliseconds in repetition 172
tcp_ping received 512 bytes back
Round trip time was 40.4922 milliseconds in repetition 173
tcp_ping received 512 bytes back
Round trip time was 27.791 milliseconds in repetition 174
tcp_ping received 512 bytes back
Round trip time was 28.1081 milliseconds in repetition 175
tcp_ping received 512 bytes back
Round trip time was 27.3992 milliseconds in repetition 176
tcp_ping received 512 bytes back
Round trip time was 27.1929 milliseconds in repetition 177
tcp_ping received 512 bytes back
Round trip time was 44.3694 milliseconds in repetition 178
tcp_ping received 512 bytes back
Round trip time was 30.5763 milliseconds in repetition 179
tcp_ping received 512 bytes back
Round trip time was 29.4221 milliseconds in repetition 180
tcp_ping received 512 bytes back
Round trip time was 26.602 milliseconds in repetition 181
tcp_ping received 512 bytes back
Round trip time was 26.0368 milliseconds in repetition 182
tcp_ping received 512 bytes back
Round trip time was 26.4472 milliseconds in repetition 183
tcp_ping received 512 bytes back
Round trip time was 27.0776 milliseconds in repetition 184
tcp_ping received 512 bytes back
Round trip time was 33.5444 milliseconds in repetition 185
tcp_ping received 512 bytes back
Round trip time was 28.2154 milliseconds in repetition 186
tcp_ping received 512 bytes back
Round trip time was 27.2846 milliseconds in repetition 187
tcp_ping received 512 bytes back
Round trip time was 30.3866 milliseconds in repetition 188
tcp_ping received 512 bytes back
Round trip time was 27.534 milliseconds in repetition 189
tcp_ping received 512 bytes back
Round trip time was 29.3923 milliseconds in repetition 190
tcp_ping received 512 bytes back
Round trip time was 34.6086 milliseconds in repetition 191
tcp_ping received 512 bytes back
Round trip time was 36.6723 milliseconds in repetition 192
tcp_ping received 512 bytes back
Round trip time was 28.5108 milliseconds in repetition 193
tcp_ping received 512 bytes back
Round trip time was 26.6615 milliseconds in repetition 194
tcp_ping received 512 bytes back
Round trip time was 26.5804 milliseconds in repetition 195
tcp_ping received 512 bytes back
Round trip time was 26.5541 milliseconds in repetition 196
tcp_ping received 512 bytes back
Round trip time was 26.9173 milliseconds in repetition 197
tcp_ping received 512 bytes back
Round trip time was 26.6964 milliseconds in repetition 198
tcp_ping received 512 bytes back
Round trip time was 27.368 milliseconds in repetition 199
tcp_ping received 512 bytes back
Round trip time was 26.9313 milliseconds in repetition 200
tcp_ping received 512 bytes back
Round trip time was 27.0474 milliseconds in repetition 201
tcp_ping received 512 bytes back
Round trip time was 27.3125 milliseconds in repetition 202
tcp_ping received 512 bytes back
Round trip time was 26.4214 milliseconds in repetition 203
tcp_ping received 512 bytes back
Round trip time was 29.9637 milliseconds in repetition 204
tcp_ping received 512 bytes back
Round trip time was 26.8542 milliseconds in repetition 205
tcp_ping received 512 bytes back
Round trip time was 26.157 milliseconds in repetition 206
tcp_ping received 512 bytes back
Round trip time was 31.8047 milliseconds in repetition 207
tcp_ping received 512 bytes back
Round trip time was 26.7175 milliseconds in repetition 208
tcp_ping received 512 bytes back
Round trip time was 28.1747 milliseconds in repetition 209
tcp_ping received 512 bytes back
Round trip time was 26.5818 milliseconds in repetition 210
tcp_ping received 512 bytes back
Round trip time was 27.5755 milliseconds in repetition 211
tcp_ping received 512 bytes back
Round trip time was 27.363 milliseconds in repetition 212
tcp_ping received 512 bytes back
Round trip time was 26.5721 milliseconds in repetition 213
tcp_ping received 512 bytes back
Round trip time was 26.3246 milliseconds in repetition 214
tcp_ping received 512 bytes back
Round trip time was 27.7586 milliseconds in repetition 215
tcp_ping received 512 bytes back
Round trip time was 27.4305 milliseconds in repetition 216
tcp_ping received 512 bytes back
Round trip time was 27.0551 milliseconds in repetition 217
tcp_ping received 512 bytes back
Round trip time was 26.8757 milliseconds in repetition 218
tcp_ping received 512 bytes back
Round trip time was 27.6732 milliseconds in repetition 219
tcp_ping received 512 bytes back
Round trip time was 26.8581 milliseconds in repetition 220
tcp_ping received 512 bytes back
Round trip time was 29.5851 milliseconds in repetition 221
tcp_ping received 512 bytes back
Round trip time was 26.374 milliseconds in repetition 222
tcp_ping received 512 bytes back
Round trip time was 26.4449 milliseconds in repetition 223
tcp_ping received 512 bytes back
Round trip time was 26.5866 milliseconds in repetition 224
tcp_ping received 512 bytes back
Round trip time was 26.7066 milliseconds in repetition 225
tcp_ping received 512 bytes back
Round trip time was 27.1763 milliseconds in repetition 226
tcp_ping received 512 bytes back
Round trip time was 26.6905 milliseconds in repetition 227
tcp_ping received 512 bytes back
Round trip time was 27.6888 milliseconds in repetition 228
tcp_ping received 512 bytes back
Round trip time was 27.2654 milliseconds in repetition 229
tcp_ping received 512 bytes back
Round trip time was 29.0412 milliseconds in repetition 230
tcp_ping received 512 bytes back
Round trip time was 26.6887 milliseconds in repetition 231
tcp_ping received 512 bytes back
Round trip time was 26.0607 milliseconds in repetition 232
tcp_ping received 512 bytes back
Round trip time was 28.2077 milliseconds in repetition 233
tcp_ping received 512 bytes back
Round trip time was 27.9382 milliseconds in repetition 234
tcp_ping received 512 bytes back
Round trip time was 26.8543 milliseconds in repetition 235
tcp_ping received 512 bytes back
Round trip time was 27.0554 milliseconds in repetition 236
tcp_ping received 512 bytes back
Round trip time was 26.7696 milliseconds in repetition 237
tcp_ping received 512 bytes back
Round trip time was 26.2968 milliseconds in repetition 238
tcp_ping received 512 bytes back
Round trip time was 27.1882 milliseconds in repetition 239
tcp_ping received 512 bytes back
Round trip time was 26.6819 milliseconds in repetition 240
tcp_ping received 512 bytes back
Round trip time was 26.4683 milliseconds in repetition 241
tcp_ping received 512 bytes back
Round trip time was 27.3506 milliseconds in repetition 242
tcp_ping received 512 bytes back
Round trip time was 26.0205 milliseconds in repetition 243
tcp_ping received 512 bytes back
Round trip time was 26.0208 milliseconds in repetition 244
tcp_ping received 512 bytes back
Round trip time was 26.6175 milliseconds in repetition 245
tcp_ping received 512 bytes back
Round trip time was 27.9964 milliseconds in repetition 246
tcp_ping received 512 bytes back
Round trip time was 28.4157 milliseconds in repetition 247
tcp_ping received 512 bytes back
Round trip time was 25.7235 milliseconds in repetition 248
tcp_ping received 512 bytes back
Round trip time was 25.7619 milliseconds in repetition 249
tcp_ping received 512 bytes back
Round trip time was 27.6467 milliseconds in repetition 250
tcp_ping received 512 bytes back
Round trip time was 28.152 milliseconds in repetition 251
tcp_ping received 512 bytes back
Round trip time was 26.4998 milliseconds in repetition 252
tcp_ping received 512 bytes back
Round trip time was 27.5329 milliseconds in repetition 253
tcp_ping received 512 bytes back
Round trip time was 25.8954 milliseconds in repetition 254
tcp_ping received 512 bytes back
Round trip time was 26.8302 milliseconds in repetition 255
tcp_ping received 512 bytes back
Round trip time was 27.3758 milliseconds in repetition 256
tcp_ping received 512 bytes back
Round trip time was 27.0851 milliseconds in repetition 257
tcp_ping received 512 bytes back
Round trip time was 27.1275 milliseconds in repetition 258
tcp_ping received 512 bytes back
Round trip time was 27.0971 milliseconds in repetition 259
tcp_ping received 512 bytes back
Round trip time was 27.4245 milliseconds in repetition 260
tcp_ping received 512 bytes back
Round trip time was 26.0682 milliseconds in repetition 261
tcp_ping received 512 bytes back
Round trip time was 27.6486 milliseconds in repetition 262
tcp_ping received 512 bytes back
Round trip time was 26.645 milliseconds in repetition 263
tcp_ping received 512 bytes back
Round trip time was 28.6328 milliseconds in repetition 264
tcp_ping received 512 bytes back
Round trip time was 27.0427 milliseconds in repetition 265
tcp_ping received 512 bytes back
Round trip time was 27.3677 milliseconds in repetition 266
tcp_ping received 512 bytes back
Round trip time was 25.7934 milliseconds in repetition 267
tcp_ping received 512 bytes back
Round trip time was 26.5935 milliseconds in repetition 268
tcp_ping received 512 bytes back
Round trip time was 26.4571 milliseconds in repetition 269
tcp_ping received 512 bytes back
Round trip time was 26.2588 milliseconds in repetition 270
tcp_ping received 512 bytes back
Round trip time was 27.4765 milliseconds in repetition 271
tcp_ping received 512 bytes back
Round trip time was 27.0479 milliseconds in repetition 272
tcp_ping received 512 bytes back
Round trip time was 29.7514 milliseconds in repetition 273
tcp_ping received 512 bytes back
Round trip time was 26.9869 milliseconds in repetition 274
tcp_ping received 512 bytes back
Round trip time was 26.7887 milliseconds in repetition 275
tcp_ping received 512 bytes back
Round trip time was 26.6557 milliseconds in repetition 276
tcp_ping received 512 bytes back
Round trip time was 26.6768 milliseconds in repetition 277
tcp_ping received 512 bytes back
Round trip time was 25.6434 milliseconds in repetition 278
tcp_ping received 512 bytes back
Round trip time was 26.5652 milliseconds in repetition 279
tcp_ping received 512 bytes back
Round trip time was 26.7127 milliseconds in repetition 280
tcp_ping received 512 bytes back
Round trip time was 26.7602 milliseconds in repetition 281
tcp_ping received 512 bytes back
Round trip time was 26.1715 milliseconds in repetition 282
tcp_ping received 512 bytes back
Round trip time was 26.1126 milliseconds in repetition 283
tcp_ping received 512 bytes back
Round trip time was 26.9167 milliseconds in repetition 284
tcp_ping received 512 bytes back
Round trip time was 27.2826 milliseconds in repetition 285
tcp_ping received 512 bytes back
Round trip time was 26.7735 milliseconds in repetition 286
tcp_ping received 512 bytes back
Round trip time was 26.6096 milliseconds in repetition 287
tcp_ping received 512 bytes back
Round trip time was 26.7393 milliseconds in repetition 288
tcp_ping received 512 bytes back
Round trip time was 27.3756 milliseconds in repetition 289
tcp_ping received 512 bytes back
Round trip time was 27.0285 milliseconds in repetition 290
tcp_ping received 512 bytes back
Round trip time was 26.9755 milliseconds in repetition 291
tcp_ping received 512 bytes back
Round trip time was 26.7683 milliseconds in repetition 292
tcp_ping received 512 bytes back
Round trip time was 28.9434 milliseconds in repetition 293
tcp_ping received 512 bytes back
Round trip time was 26.6494 milliseconds in repetition 294
tcp_ping received 512 bytes back
Round trip time was 26.0537 milliseconds in repetition 295
tcp_ping received 512 bytes back
Round trip time was 26.8402 milliseconds in repetition 296
tcp_ping received 512 bytes back
Round trip time was 26.1234 milliseconds in repetition 297
tcp_ping received 512 bytes back
Round trip time was 26.1791 milliseconds in repetition 298
tcp_ping received 512 bytes back
Round trip time was 26.7883 milliseconds in repetition 299
tcp_ping received 512 bytes back
Round trip time was 27.6411 milliseconds in repetition 300
tcp_ping received 512 bytes back
Round trip time was 27.2704 milliseconds in repetition 301
tcp_ping received 512 bytes back
Round trip time was 27.403 milliseconds in repetition 302
tcp_ping received 512 bytes back
Round trip time was 26.3678 milliseconds in repetition 303
tcp_ping received 512 bytes back
Round trip time was 27.4377 milliseconds in repetition 304
tcp_ping received 512 bytes back
Round trip time was 25.9866 milliseconds in repetition 305
tcp_ping received 512 bytes back
Round trip time was 25.8662 milliseconds in repetition 306
tcp_ping received 512 bytes back
Round trip time was 26.856 milliseconds in repetition 307
tcp_ping received 512 bytes back
Round trip time was 26.9273 milliseconds in repetition 308
tcp_ping received 512 bytes back
Round trip time was 27.0206 milliseconds in repetition 309
tcp_ping received 512 bytes back
Round trip time was 26.4849 milliseconds in repetition 310
tcp_ping received 512 bytes back
Round trip time was 26.7637 milliseconds in repetition 311
tcp_ping received 512 bytes back
Round trip time was 26.4264 milliseconds in repetition 312
tcp_ping received 512 bytes back
Round trip time was 26.9532 milliseconds in repetition 313
tcp_ping received 512 bytes back
Round trip time was 27.042 milliseconds in repetition 314
tcp_ping received 512 bytes back
Round trip time was 27.5315 milliseconds in repetition 315
tcp_ping received 512 bytes back
Round trip time was 26.492 milliseconds in repetition 316
tcp_ping received 512 bytes back
Round trip time was 27.6246 milliseconds in repetition 317
tcp_ping received 512 bytes back
Round trip time was 39.7718 milliseconds in repetition 318
tcp_ping received 512 bytes back
Round trip time was 26.7204 milliseconds in repetition 319
tcp_ping received 512 bytes back
Round trip time was 26.916 milliseconds in repetition 320
tcp_ping received 512 bytes back
Round trip time was 27.7176 milliseconds in repetition 321
tcp_ping received 512 bytes back
Round trip time was 36.6563 milliseconds in repetition 322
tcp_ping received 512 bytes back
Round trip time was 29.997 milliseconds in repetition 323
tcp_ping received 512 bytes back
Round trip time was 29.6832 milliseconds in repetition 324
tcp_ping received 512 bytes back
Round trip time was 27.3312 milliseconds in repetition 325
tcp_ping received 512 bytes back
Round trip time was 26.6798 milliseconds in repetition 326
tcp_ping received 512 bytes back
Round trip time was 26.8763 milliseconds in repetition 327
tcp_ping received 512 bytes back
Round trip time was 27.8458 milliseconds in repetition 328
tcp_ping received 512 bytes back
Round trip time was 25.9819 milliseconds in repetition 329
tcp_ping received 512 bytes back
Round trip time was 43.4063 milliseconds in repetition 330
tcp_ping received 512 bytes back
Round trip time was 25.7379 milliseconds in repetition 331
tcp_ping received 512 bytes back
Round trip time was 27.6002 milliseconds in repetition 332
tcp_ping received 512 bytes back
Round trip time was 26.5884 milliseconds in repetition 333
tcp_ping received 512 bytes back
Round trip time was 39.7854 milliseconds in repetition 334
tcp_ping received 512 bytes back
Round trip time was 27.8383 milliseconds in repetition 335
tcp_ping received 512 bytes back
Round trip time was 28.2123 milliseconds in repetition 336
tcp_ping received 512 bytes back
Round trip time was 27.013 milliseconds in repetition 337
tcp_ping received 512 bytes back
Round trip time was 35.138 milliseconds in repetition 338
tcp_ping received 512 bytes back
Round trip time was 27.0382 milliseconds in repetition 339
tcp_ping received 512 bytes back
Round trip time was 28.1925 milliseconds in repetition 340
tcp_ping received 512 bytes back
Round trip time was 26.8367 milliseconds in repetition 341
tcp_ping received 512 bytes back
Round trip time was 26.8324 milliseconds in repetition 342
tcp_ping received 512 bytes back
Round trip time was 27.2618 milliseconds in repetition 343
tcp_ping received 512 bytes back
Round trip time was 27.2471 milliseconds in repetition 344
tcp_ping received 512 bytes back
Round trip time was 27.3213 milliseconds in repetition 345
tcp_ping received 512 bytes back
Round trip time was 26.8461 milliseconds in repetition 346
tcp_ping received 512 bytes back
Round trip time was 27.1161 milliseconds in repetition 347
tcp_ping received 512 bytes back
Round trip time was 27.8865 milliseconds in repetition 348
tcp_ping received 512 bytes back
Round trip time was 29.286 milliseconds in repetition 349
tcp_ping received 512 bytes back
Round trip time was 27.1276 milliseconds in repetition 350
tcp_ping received 512 bytes back
Round trip time was 28.1707 milliseconds in repetition 351
tcp_ping received 512 bytes back
Round trip time was 26.9776 milliseconds in repetition 352
tcp_ping received 512 bytes back
Round trip time was 28.4381 milliseconds in repetition 353
tcp_ping received 512 bytes back
Round trip time was 27.2239 milliseconds in repetition 354
tcp_ping received 512 bytes back
Round trip time was 27.0485 milliseconds in repetition 355
tcp_ping received 512 bytes back
Round trip time was 27.0336 milliseconds in repetition 356
tcp_ping received 512 bytes back
Round trip time was 27.7259 milliseconds in repetition 357
tcp_ping received 512 bytes back
Round trip time was 26.1489 milliseconds in repetition 358
tcp_ping received 512 bytes back
Round trip time was 26.9284 milliseconds in repetition 359
tcp_ping received 512 bytes back
Round trip time was 26.6175 milliseconds in repetition 360
tcp_ping received 512 bytes back
Round trip time was 27.3052 milliseconds in repetition 361
tcp_ping received 512 bytes back
Round trip time was 27.1509 milliseconds in repetition 362
tcp_ping received 512 bytes back
Round trip time was 26.9765 milliseconds in repetition 363
tcp_ping received 512 bytes back
Round trip time was 26.3938 milliseconds in repetition 364
tcp_ping received 512 bytes back
Round trip time was 26.2162 milliseconds in repetition 365
tcp_ping received 512 bytes back
Round trip time was 27.1316 milliseconds in repetition 366
tcp_ping received 512 bytes back
Round trip time was 27.1226 milliseconds in repetition 367
tcp_ping received 512 bytes back
Round trip time was 26.016 milliseconds in repetition 368
tcp_ping received 512 bytes back
Round trip time was 26.8744 milliseconds in repetition 369
tcp_ping received 512 bytes back
Round trip time was 26.8791 milliseconds in repetition 370
tcp_ping received 512 bytes back
Round trip time was 27.1487 milliseconds in repetition 371
tcp_ping received 512 bytes back
Round trip time was 28.3136 milliseconds in repetition 372
tcp_ping received 512 bytes back
Round trip time was 32.6445 milliseconds in repetition 373
tcp_ping received 512 bytes back
Round trip time was 26.4666 milliseconds in repetition 374
tcp_ping received 512 bytes back
Round trip time was 26.3791 milliseconds in repetition 375
tcp_ping received 512 bytes back
Round trip time was 27.3802 milliseconds in repetition 376
tcp_ping received 512 bytes back
Round trip time was 29.7433 milliseconds in repetition 377
tcp_ping received 512 bytes back
Round trip time was 26.9931 milliseconds in repetition 378
tcp_ping received 512 bytes back
Round trip time was 26.7575 milliseconds in repetition 379
tcp_ping received 512 bytes back
Round trip time was 26.446 milliseconds in repetition 380
tcp_ping received 512 bytes back
Round trip time was 26.8787 milliseconds in repetition 381
tcp_ping received 512 bytes back
Round trip time was 27.525 milliseconds in repetition 382
tcp_ping received 512 bytes back
Round trip time was 26.943 milliseconds in repetition 383
tcp_ping received 512 bytes back
Round trip time was 27.2162 milliseconds in repetition 384
tcp_ping received 512 bytes back
Round trip time was 27.3672 milliseconds in repetition 385
tcp_ping received 512 bytes back
Round trip time was 26.5652 milliseconds in repetition 386
tcp_ping received 512 bytes back
Round trip time was 26.8911 milliseconds in repetition 387
tcp_ping received 512 bytes back
Round trip time was 26.6067 milliseconds in repetition 388
tcp_ping received 512 bytes back
Round trip time was 26.6841 milliseconds in repetition 389
tcp_ping received 512 bytes back
Round trip time was 26.6154 milliseconds in repetition 390
tcp_ping received 512 bytes back
Round trip time was 35.7281 milliseconds in repetition 391
tcp_ping received 512 bytes back
Round trip time was 26.737 milliseconds in repetition 392
tcp_ping received 512 bytes back
Round trip time was 26.1072 milliseconds in repetition 393
tcp_ping received 512 bytes back
Round trip time was 26.9785 milliseconds in repetition 394
tcp_ping received 512 bytes back
Round trip time was 26.2531 milliseconds in repetition 395
tcp_ping received 512 bytes back
Round trip time was 27.0359 milliseconds in repetition 396
tcp_ping received 512 bytes back
Round trip time was 28.2627 milliseconds in repetition 397
tcp_ping received 512 bytes back
Round trip time was 27.4998 milliseconds in repetition 398
tcp_ping received 512 bytes back
Round trip time was 26.1272 milliseconds in repetition 399
tcp_ping received 512 bytes back
Round trip time was 26.5521 milliseconds in repetition 400
tcp_ping received 512 bytes back
Round trip time was 26.1335 milliseconds in repetition 401
tcp_ping received 512 bytes back
Round trip time was 26.7 milliseconds in repetition 402
tcp_ping received 512 bytes back
Round trip time was 26.8523 milliseconds in repetition 403
tcp_ping received 512 bytes back
Round trip time was 27.8283 milliseconds in repetition 404
tcp_ping received 512 bytes back
Round trip time was 27.1121 milliseconds in repetition 405
tcp_ping received 512 bytes back
Round trip time was 26.9267 milliseconds in repetition 406
tcp_ping received 512 bytes back
Round trip time was 27.0401 milliseconds in repetition 407
tcp_ping received 512 bytes back
Round trip time was 27.39 milliseconds in repetition 408
tcp_ping received 512 bytes back
Round trip time was 26.6908 milliseconds in repetition 409
tcp_ping received 512 bytes back
Round trip time was 26.786 milliseconds in repetition 410
tcp_ping received 512 bytes back
Round trip time was 27.7183 milliseconds in repetition 411
tcp_ping received 512 bytes back
Round trip time was 26.2338 milliseconds in repetition 412
tcp_ping received 512 bytes back
Round trip time was 26.7215 milliseconds in repetition 413
tcp_ping received 512 bytes back
Round trip time was 26.8376 milliseconds in repetition 414
tcp_ping received 512 bytes back
Round trip time was 26.8931 milliseconds in repetition 415
tcp_ping received 512 bytes back
Round trip time was 26.7787 milliseconds in repetition 416
tcp_ping received 512 bytes back
Round trip time was 26.4194 milliseconds in repetition 417
tcp_ping received 512 bytes back
Round trip time was 27.3036 milliseconds in repetition 418
tcp_ping received 512 bytes back
Round trip time was 27.7729 milliseconds in repetition 419
tcp_ping received 512 bytes back
Round trip time was 26.1288 milliseconds in repetition 420
tcp_ping received 512 bytes back
Round trip time was 27.1488 milliseconds in repetition 421
tcp_ping received 512 bytes back
Round trip time was 31.9882 milliseconds in repetition 422
tcp_ping received 512 bytes back
Round trip time was 30.1356 milliseconds in repetition 423
tcp_ping received 512 bytes back
Round trip time was 26.7324 milliseconds in repetition 424
tcp_ping received 512 bytes back
Round trip time was 26.6929 milliseconds in repetition 425
tcp_ping received 512 bytes back
Round trip time was 26.6401 milliseconds in repetition 426
tcp_ping received 512 bytes back
Round trip time was 26.8767 milliseconds in repetition 427
tcp_ping received 512 bytes back
Round trip time was 26.4867 milliseconds in repetition 428
tcp_ping received 512 bytes back
Round trip time was 26.5999 milliseconds in repetition 429
tcp_ping received 512 bytes back
Round trip time was 26.5331 milliseconds in repetition 430
tcp_ping received 512 bytes back
Round trip time was 26.865 milliseconds in repetition 431
tcp_ping received 512 bytes back
Round trip time was 26.9377 milliseconds in repetition 432
tcp_ping received 512 bytes back
Round trip time was 26.4202 milliseconds in repetition 433
tcp_ping received 512 bytes back
Round trip time was 27.2803 milliseconds in repetition 434
tcp_ping received 512 bytes back
Round trip time was 26.7669 milliseconds in repetition 435
tcp_ping received 512 bytes back
Round trip time was 26.6338 milliseconds in repetition 436
tcp_ping received 512 bytes back
Round trip time was 26.47 milliseconds in repetition 437
tcp_ping received 512 bytes back
Round trip time was 26.1798 milliseconds in repetition 438
tcp_ping received 512 bytes back
Round trip time was 26.8745 milliseconds in repetition 439
tcp_ping received 512 bytes back
Round trip time was 27.0445 milliseconds in repetition 440
tcp_ping received 512 bytes back
Round trip time was 27.016 milliseconds in repetition 441
tcp_ping received 512 bytes back
Round trip time was 27.4283 milliseconds in repetition 442
tcp_ping received 512 bytes back
Round trip time was 26.36 milliseconds in repetition 443
tcp_ping received 512 bytes back
Round trip time was 26.8005 milliseconds in repetition 444
tcp_ping received 512 bytes back
Round trip time was 28.0116 milliseconds in repetition 445
tcp_ping received 512 bytes back
Round trip time was 25.9958 milliseconds in repetition 446
tcp_ping received 512 bytes back
Round trip time was 26.7056 milliseconds in repetition 447
tcp_ping received 512 bytes back
Round trip time was 26.6249 milliseconds in repetition 448
tcp_ping received 512 bytes back
Round trip time was 25.7231 milliseconds in repetition 449
tcp_ping received 512 bytes back
Round trip time was 26.7802 milliseconds in repetition 450
tcp_ping received 512 bytes back
Round trip time was 27.4654 milliseconds in repetition 451
tcp_ping received 512 bytes back
Round trip time was 25.9663 milliseconds in repetition 452
tcp_ping received 512 bytes back
Round trip time was 26.8205 milliseconds in repetition 453
tcp_ping received 512 bytes back
Round trip time was 29.9097 milliseconds in repetition 454
tcp_ping received 512 bytes back
Round trip time was 27.6551 milliseconds in repetition 455
tcp_ping received 512 bytes back
Round trip time was 30.0434 milliseconds in repetition 456
tcp_ping received 512 bytes back
Round trip time was 28.595 milliseconds in repetition 457
tcp_ping received 512 bytes back
Round trip time was 26.3815 milliseconds in repetition 458
tcp_ping received 512 bytes back
Round trip time was 26.2171 milliseconds in repetition 459
tcp_ping received 512 bytes back
Round trip time was 28.4318 milliseconds in repetition 460
tcp_ping received 512 bytes back
Round trip time was 26.765 milliseconds in repetition 461
tcp_ping received 512 bytes back
Round trip time was 28.3626 milliseconds in repetition 462
tcp_ping received 512 bytes back
Round trip time was 26.6447 milliseconds in repetition 463
tcp_ping received 512 bytes back
Round trip time was 26.8952 milliseconds in repetition 464
tcp_ping received 512 bytes back
Round trip time was 27.1043 milliseconds in repetition 465
tcp_ping received 512 bytes back
Round trip time was 26.3229 milliseconds in repetition 466
tcp_ping received 512 bytes back
Round trip time was 33.8416 milliseconds in repetition 467
tcp_ping received 512 bytes back
Round trip time was 27.6514 milliseconds in repetition 468
tcp_ping received 512 bytes back
Round trip time was 28.2739 milliseconds in repetition 469
tcp_ping received 512 bytes back
Round trip time was 27.4173 milliseconds in repetition 470
tcp_ping received 512 bytes back
Round trip time was 26.8152 milliseconds in repetition 471
tcp_ping received 512 bytes back
Round trip time was 27.101 milliseconds in repetition 472
tcp_ping received 512 bytes back
Round trip time was 28.2955 milliseconds in repetition 473
tcp_ping received 512 bytes back
Round trip time was 25.9345 milliseconds in repetition 474
tcp_ping received 512 bytes back
Round trip time was 28.6264 milliseconds in repetition 475
tcp_ping received 512 bytes back
Round trip time was 26.3688 milliseconds in repetition 476
tcp_ping received 512 bytes back
Round trip time was 27.9091 milliseconds in repetition 477
tcp_ping received 512 bytes back
Round trip time was 26.5711 milliseconds in repetition 478
tcp_ping received 512 bytes back
Round trip time was 29.6099 milliseconds in repetition 479
tcp_ping received 512 bytes back
Round trip time was 28.1958 milliseconds in repetition 480
tcp_ping received 512 bytes back
Round trip time was 26.692 milliseconds in repetition 481
tcp_ping received 512 bytes back
Round trip time was 26.7409 milliseconds in repetition 482
tcp_ping received 512 bytes back
Round trip time was 28.5138 milliseconds in repetition 483
tcp_ping received 512 bytes back
Round trip time was 26.8937 milliseconds in repetition 484
tcp_ping received 512 bytes back
Round trip time was 26.0315 milliseconds in repetition 485
tcp_ping received 512 bytes back
Round trip time was 27.0315 milliseconds in repetition 486
tcp_ping received 512 bytes back
Round trip time was 25.901 milliseconds in repetition 487
tcp_ping received 512 bytes back
Round trip time was 26.8917 milliseconds in repetition 488
tcp_ping received 512 bytes back
Round trip time was 26.1772 milliseconds in repetition 489
tcp_ping received 512 bytes back
Round trip time was 27.7068 milliseconds in repetition 490
tcp_ping received 512 bytes back
Round trip time was 26.3939 milliseconds in repetition 491
tcp_ping received 512 bytes back
Round trip time was 26.6875 milliseconds in repetition 492
tcp_ping received 512 bytes back
Round trip time was 26.226 milliseconds in repetition 493
tcp_ping received 512 bytes back
Round trip time was 26.4342 milliseconds in repetition 494
tcp_ping received 512 bytes back
Round trip time was 30.289 milliseconds in repetition 495
tcp_ping received 512 bytes back
Round trip time was 30.7842 milliseconds in repetition 496
tcp_ping received 512 bytes back
Round trip time was 27.6857 milliseconds in repetition 497
tcp_ping received 512 bytes back
Round trip time was 26.6573 milliseconds in repetition 498
tcp_ping received 512 bytes back
Round trip time was 64.9461 milliseconds in repetition 499
tcp_ping received 512 bytes back
Round trip time was 29.4662 milliseconds in repetition 500
tcp_ping received 512 bytes back
Round trip time was 26.1829 milliseconds in repetition 501

 ... clock resolution was 1e-06
TCP Ping:  Statistics over 501 repetitions of 512 byte messages

RTT : percentile 10: 26.1893, median: 27.0002, percentile 90: 29.5851, average: 27.8669, variance: 11.1729

RTT histogram:
25.6434 135
27.6085 297
29.5737 33
31.5388 8
33.5039 6
35.4691 8
37.4342 3
39.3993 4
41.3645 1
43.3296 1
45.2947 3
47.2599 0
49.225 0
51.1901 0
53.1553 0
55.1204 1
57.0855 0
59.0507 0
61.0158 0
62.9809 0
64.9461 1

   median Throughput : 37.9257 KB/s   overall Throughput : 36.7461 KB/s

