TCP Ping trying to connect to server seti.dibris.unige.it (130.251.61.30) on port 1491
 ... connected to Pong server: asking for 501 repetitions of 393216 bytes TCP messages
Received answer: 'OK
'
 ... Pong server agreed :-)
tcp_ping received 393216 bytes back
Round trip time was 227.278 milliseconds in repetition 1
tcp_ping received 393216 bytes back
Round trip time was 43.2289 milliseconds in repetition 2
tcp_ping received 393216 bytes back
Round trip time was 39.5347 milliseconds in repetition 3
tcp_ping received 393216 bytes back
Round trip time was 39.1359 milliseconds in repetition 4
tcp_ping received 393216 bytes back
Round trip time was 40.8572 milliseconds in repetition 5
tcp_ping received 393216 bytes back
Round trip time was 38.5596 milliseconds in repetition 6
tcp_ping received 393216 bytes back
Round trip time was 38.9918 milliseconds in repetition 7
tcp_ping received 393216 bytes back
Round trip time was 39.1678 milliseconds in repetition 8
tcp_ping received 393216 bytes back
Round trip time was 41.7195 milliseconds in repetition 9
tcp_ping received 393216 bytes back
Round trip time was 37.7792 milliseconds in repetition 10
tcp_ping received 393216 bytes back
Round trip time was 38.7619 milliseconds in repetition 11
tcp_ping received 393216 bytes back
Round trip time was 38.9886 milliseconds in repetition 12
tcp_ping received 393216 bytes back
Round trip time was 37.7748 milliseconds in repetition 13
tcp_ping received 393216 bytes back
Round trip time was 39.0897 milliseconds in repetition 14
tcp_ping received 393216 bytes back
Round trip time was 39.8234 milliseconds in repetition 15
tcp_ping received 393216 bytes back
Round trip time was 39.2214 milliseconds in repetition 16
tcp_ping received 393216 bytes back
Round trip time was 38.6634 milliseconds in repetition 17
tcp_ping received 393216 bytes back
Round trip time was 40.5098 milliseconds in repetition 18
tcp_ping received 393216 bytes back
Round trip time was 39.0405 milliseconds in repetition 19
tcp_ping received 393216 bytes back
Round trip time was 40.9051 milliseconds in repetition 20
tcp_ping received 393216 bytes back
Round trip time was 40.0007 milliseconds in repetition 21
tcp_ping received 393216 bytes back
Round trip time was 40.9344 milliseconds in repetition 22
tcp_ping received 393216 bytes back
Round trip time was 40.3204 milliseconds in repetition 23
tcp_ping received 393216 bytes back
Round trip time was 41.3868 milliseconds in repetition 24
tcp_ping received 393216 bytes back
Round trip time was 40.8907 milliseconds in repetition 25
tcp_ping received 393216 bytes back
Round trip time was 39.099 milliseconds in repetition 26
tcp_ping received 393216 bytes back
Round trip time was 38.9701 milliseconds in repetition 27
tcp_ping received 393216 bytes back
Round trip time was 39.0195 milliseconds in repetition 28
tcp_ping received 393216 bytes back
Round trip time was 45.1258 milliseconds in repetition 29
tcp_ping received 393216 bytes back
Round trip time was 39.4214 milliseconds in repetition 30
tcp_ping received 393216 bytes back
Round trip time was 38.6148 milliseconds in repetition 31
tcp_ping received 393216 bytes back
Round trip time was 40.1847 milliseconds in repetition 32
tcp_ping received 393216 bytes back
Round trip time was 39.7555 milliseconds in repetition 33
tcp_ping received 393216 bytes back
Round trip time was 40.1954 milliseconds in repetition 34
tcp_ping received 393216 bytes back
Round trip time was 46.3132 milliseconds in repetition 35
tcp_ping received 393216 bytes back
Round trip time was 43.5674 milliseconds in repetition 36
tcp_ping received 393216 bytes back
Round trip time was 39.8488 milliseconds in repetition 37
tcp_ping received 393216 bytes back
Round trip time was 39.4258 milliseconds in repetition 38
tcp_ping received 393216 bytes back
Round trip time was 41.7374 milliseconds in repetition 39
tcp_ping received 393216 bytes back
Round trip time was 39.5336 milliseconds in repetition 40
tcp_ping received 393216 bytes back
Round trip time was 39.9509 milliseconds in repetition 41
tcp_ping received 393216 bytes back
Round trip time was 60.8208 milliseconds in repetition 42
tcp_ping received 393216 bytes back
Round trip time was 45.5171 milliseconds in repetition 43
tcp_ping received 393216 bytes back
Round trip time was 39.9465 milliseconds in repetition 44
tcp_ping received 393216 bytes back
Round trip time was 40.4724 milliseconds in repetition 45
tcp_ping received 393216 bytes back
Round trip time was 39.1767 milliseconds in repetition 46
tcp_ping received 393216 bytes back
Round trip time was 43.1851 milliseconds in repetition 47
tcp_ping received 393216 bytes back
Round trip time was 40.2214 milliseconds in repetition 48
tcp_ping received 393216 bytes back
Round trip time was 39.6882 milliseconds in repetition 49
tcp_ping received 393216 bytes back
Round trip time was 38.5508 milliseconds in repetition 50
tcp_ping received 393216 bytes back
Round trip time was 40.6956 milliseconds in repetition 51
tcp_ping received 393216 bytes back
Round trip time was 42.5901 milliseconds in repetition 52
tcp_ping received 393216 bytes back
Round trip time was 40.0817 milliseconds in repetition 53
tcp_ping received 393216 bytes back
Round trip time was 38.8148 milliseconds in repetition 54
tcp_ping received 393216 bytes back
Round trip time was 40.3823 milliseconds in repetition 55
tcp_ping received 393216 bytes back
Round trip time was 38.8648 milliseconds in repetition 56
tcp_ping received 393216 bytes back
Round trip time was 44.8753 milliseconds in repetition 57
tcp_ping received 393216 bytes back
Round trip time was 38.6077 milliseconds in repetition 58
tcp_ping received 393216 bytes back
Round trip time was 38.7365 milliseconds in repetition 59
tcp_ping received 393216 bytes back
Round trip time was 37.8676 milliseconds in repetition 60
tcp_ping received 393216 bytes back
Round trip time was 38.3501 milliseconds in repetition 61
tcp_ping received 393216 bytes back
Round trip time was 40.5051 milliseconds in repetition 62
tcp_ping received 393216 bytes back
Round trip time was 40.4604 milliseconds in repetition 63
tcp_ping received 393216 bytes back
Round trip time was 38.5771 milliseconds in repetition 64
tcp_ping received 393216 bytes back
Round trip time was 41.9287 milliseconds in repetition 65
tcp_ping received 393216 bytes back
Round trip time was 39.6184 milliseconds in repetition 66
tcp_ping received 393216 bytes back
Round trip time was 40.5637 milliseconds in repetition 67
tcp_ping received 393216 bytes back
Round trip time was 38.8547 milliseconds in repetition 68
tcp_ping received 393216 bytes back
Round trip time was 41.0454 milliseconds in repetition 69
tcp_ping received 393216 bytes back
Round trip time was 42.7152 milliseconds in repetition 70
tcp_ping received 393216 bytes back
Round trip time was 38.7561 milliseconds in repetition 71
tcp_ping received 393216 bytes back
Round trip time was 39.3041 milliseconds in repetition 72
tcp_ping received 393216 bytes back
Round trip time was 40.7349 milliseconds in repetition 73
tcp_ping received 393216 bytes back
Round trip time was 41.3649 milliseconds in repetition 74
tcp_ping received 393216 bytes back
Round trip time was 40.7249 milliseconds in repetition 75
tcp_ping received 393216 bytes back
Round trip time was 48.9143 milliseconds in repetition 76
tcp_ping received 393216 bytes back
Round trip time was 39.0813 milliseconds in repetition 77
tcp_ping received 393216 bytes back
Round trip time was 38.2844 milliseconds in repetition 78
tcp_ping received 393216 bytes back
Round trip time was 38.0379 milliseconds in repetition 79
tcp_ping received 393216 bytes back
Round trip time was 38.1602 milliseconds in repetition 80
tcp_ping received 393216 bytes back
Round trip time was 42.5783 milliseconds in repetition 81
tcp_ping received 393216 bytes back
Round trip time was 41.0895 milliseconds in repetition 82
tcp_ping received 393216 bytes back
Round trip time was 38.9095 milliseconds in repetition 83
tcp_ping received 393216 bytes back
Round trip time was 37.9447 milliseconds in repetition 84
tcp_ping received 393216 bytes back
Round trip time was 41.6319 milliseconds in repetition 85
tcp_ping received 393216 bytes back
Round trip time was 41.9798 milliseconds in repetition 86
tcp_ping received 393216 bytes back
Round trip time was 45.8481 milliseconds in repetition 87
tcp_ping received 393216 bytes back
Round trip time was 38.8868 milliseconds in repetition 88
tcp_ping received 393216 bytes back
Round trip time was 39.1782 milliseconds in repetition 89
tcp_ping received 393216 bytes back
Round trip time was 42.3905 milliseconds in repetition 90
tcp_ping received 393216 bytes back
Round trip time was 38.9043 milliseconds in repetition 91
tcp_ping received 393216 bytes back
Round trip time was 45.7492 milliseconds in repetition 92
tcp_ping received 393216 bytes back
Round trip time was 42.894 milliseconds in repetition 93
tcp_ping received 393216 bytes back
Round trip time was 38.5583 milliseconds in repetition 94
tcp_ping received 393216 bytes back
Round trip time was 38.3693 milliseconds in repetition 95
tcp_ping received 393216 bytes back
Round trip time was 40.0822 milliseconds in repetition 96
tcp_ping received 393216 bytes back
Round trip time was 39.262 milliseconds in repetition 97
tcp_ping received 393216 bytes back
Round trip time was 39.0127 milliseconds in repetition 98
tcp_ping received 393216 bytes back
Round trip time was 40.4249 milliseconds in repetition 99
tcp_ping received 393216 bytes back
Round trip time was 38.7395 milliseconds in repetition 100
tcp_ping received 393216 bytes back
Round trip time was 38.6157 milliseconds in repetition 101
tcp_ping received 393216 bytes back
Round trip time was 39.9914 milliseconds in repetition 102
tcp_ping received 393216 bytes back
Round trip time was 40.4616 milliseconds in repetition 103
tcp_ping received 393216 bytes back
Round trip time was 40.2059 milliseconds in repetition 104
tcp_ping received 393216 bytes back
Round trip time was 39.4598 milliseconds in repetition 105
tcp_ping received 393216 bytes back
Round trip time was 39.0962 milliseconds in repetition 106
tcp_ping received 393216 bytes back
Round trip time was 39.6358 milliseconds in repetition 107
tcp_ping received 393216 bytes back
Round trip time was 39.6297 milliseconds in repetition 108
tcp_ping received 393216 bytes back
Round trip time was 39.1671 milliseconds in repetition 109
tcp_ping received 393216 bytes back
Round trip time was 40.6301 milliseconds in repetition 110
tcp_ping received 393216 bytes back
Round trip time was 40.7001 milliseconds in repetition 111
tcp_ping received 393216 bytes back
Round trip time was 39.9584 milliseconds in repetition 112
tcp_ping received 393216 bytes back
Round trip time was 38.8433 milliseconds in repetition 113
tcp_ping received 393216 bytes back
Round trip time was 40.8684 milliseconds in repetition 114
tcp_ping received 393216 bytes back
Round trip time was 40.1119 milliseconds in repetition 115
tcp_ping received 393216 bytes back
Round trip time was 41.4782 milliseconds in repetition 116
tcp_ping received 393216 bytes back
Round trip time was 38.7098 milliseconds in repetition 117
tcp_ping received 393216 bytes back
Round trip time was 40.9234 milliseconds in repetition 118
tcp_ping received 393216 bytes back
Round trip time was 39.9694 milliseconds in repetition 119
tcp_ping received 393216 bytes back
Round trip time was 42.2147 milliseconds in repetition 120
tcp_ping received 393216 bytes back
Round trip time was 41.3773 milliseconds in repetition 121
tcp_ping received 393216 bytes back
Round trip time was 45.6746 milliseconds in repetition 122
tcp_ping received 393216 bytes back
Round trip time was 42.972 milliseconds in repetition 123
tcp_ping received 393216 bytes back
Round trip time was 41.1732 milliseconds in repetition 124
tcp_ping received 393216 bytes back
Round trip time was 41.9021 milliseconds in repetition 125
tcp_ping received 393216 bytes back
Round trip time was 38.6575 milliseconds in repetition 126
tcp_ping received 393216 bytes back
Round trip time was 39.9828 milliseconds in repetition 127
tcp_ping received 393216 bytes back
Round trip time was 39.635 milliseconds in repetition 128
tcp_ping received 393216 bytes back
Round trip time was 42.7812 milliseconds in repetition 129
tcp_ping received 393216 bytes back
Round trip time was 51.1402 milliseconds in repetition 130
tcp_ping received 393216 bytes back
Round trip time was 41.3118 milliseconds in repetition 131
tcp_ping received 393216 bytes back
Round trip time was 41.5455 milliseconds in repetition 132
tcp_ping received 393216 bytes back
Round trip time was 39.1331 milliseconds in repetition 133
tcp_ping received 393216 bytes back
Round trip time was 39.8879 milliseconds in repetition 134
tcp_ping received 393216 bytes back
Round trip time was 41.0677 milliseconds in repetition 135
tcp_ping received 393216 bytes back
Round trip time was 44.4677 milliseconds in repetition 136
tcp_ping received 393216 bytes back
Round trip time was 39.303 milliseconds in repetition 137
tcp_ping received 393216 bytes back
Round trip time was 39.4915 milliseconds in repetition 138
tcp_ping received 393216 bytes back
Round trip time was 41.523 milliseconds in repetition 139
tcp_ping received 393216 bytes back
Round trip time was 40.0078 milliseconds in repetition 140
tcp_ping received 393216 bytes back
Round trip time was 45.5407 milliseconds in repetition 141
tcp_ping received 393216 bytes back
Round trip time was 41.7383 milliseconds in repetition 142
tcp_ping received 393216 bytes back
Round trip time was 53.6213 milliseconds in repetition 143
tcp_ping received 393216 bytes back
Round trip time was 42.1672 milliseconds in repetition 144
tcp_ping received 393216 bytes back
Round trip time was 39.8322 milliseconds in repetition 145
tcp_ping received 393216 bytes back
Round trip time was 39.0849 milliseconds in repetition 146
tcp_ping received 393216 bytes back
Round trip time was 41.5874 milliseconds in repetition 147
tcp_ping received 393216 bytes back
Round trip time was 39.6229 milliseconds in repetition 148
tcp_ping received 393216 bytes back
Round trip time was 40.1266 milliseconds in repetition 149
tcp_ping received 393216 bytes back
Round trip time was 41.1049 milliseconds in repetition 150
tcp_ping received 393216 bytes back
Round trip time was 48.8141 milliseconds in repetition 151
tcp_ping received 393216 bytes back
Round trip time was 40.2778 milliseconds in repetition 152
tcp_ping received 393216 bytes back
Round trip time was 40.9705 milliseconds in repetition 153
tcp_ping received 393216 bytes back
Round trip time was 41.3879 milliseconds in repetition 154
tcp_ping received 393216 bytes back
Round trip time was 40.8037 milliseconds in repetition 155
tcp_ping received 393216 bytes back
Round trip time was 48.2951 milliseconds in repetition 156
tcp_ping received 393216 bytes back
Round trip time was 41.4505 milliseconds in repetition 157
tcp_ping received 393216 bytes back
Round trip time was 44.0612 milliseconds in repetition 158
tcp_ping received 393216 bytes back
Round trip time was 56.3485 milliseconds in repetition 159
tcp_ping received 393216 bytes back
Round trip time was 39.2464 milliseconds in repetition 160
tcp_ping received 393216 bytes back
Round trip time was 40.1345 milliseconds in repetition 161
tcp_ping received 393216 bytes back
Round trip time was 39.6147 milliseconds in repetition 162
tcp_ping received 393216 bytes back
Round trip time was 39.244 milliseconds in repetition 163
tcp_ping received 393216 bytes back
Round trip time was 40.9484 milliseconds in repetition 164
tcp_ping received 393216 bytes back
Round trip time was 40.4307 milliseconds in repetition 165
tcp_ping received 393216 bytes back
Round trip time was 42.3852 milliseconds in repetition 166
tcp_ping received 393216 bytes back
Round trip time was 40.3604 milliseconds in repetition 167
tcp_ping received 393216 bytes back
Round trip time was 40.329 milliseconds in repetition 168
tcp_ping received 393216 bytes back
Round trip time was 39.7443 milliseconds in repetition 169
tcp_ping received 393216 bytes back
Round trip time was 39.2162 milliseconds in repetition 170
tcp_ping received 393216 bytes back
Round trip time was 40.5567 milliseconds in repetition 171
tcp_ping received 393216 bytes back
Round trip time was 39.8649 milliseconds in repetition 172
tcp_ping received 393216 bytes back
Round trip time was 43.6642 milliseconds in repetition 173
tcp_ping received 393216 bytes back
Round trip time was 44.6187 milliseconds in repetition 174
tcp_ping received 393216 bytes back
Round trip time was 41.734 milliseconds in repetition 175
tcp_ping received 393216 bytes back
Round trip time was 44.5524 milliseconds in repetition 176
tcp_ping received 393216 bytes back
Round trip time was 39.4701 milliseconds in repetition 177
tcp_ping received 393216 bytes back
Round trip time was 40.9334 milliseconds in repetition 178
tcp_ping received 393216 bytes back
Round trip time was 43.5537 milliseconds in repetition 179
tcp_ping received 393216 bytes back
Round trip time was 39.7527 milliseconds in repetition 180
tcp_ping received 393216 bytes back
Round trip time was 41.8052 milliseconds in repetition 181
tcp_ping received 393216 bytes back
Round trip time was 42.8373 milliseconds in repetition 182
tcp_ping received 393216 bytes back
Round trip time was 47.768 milliseconds in repetition 183
tcp_ping received 393216 bytes back
Round trip time was 39.4413 milliseconds in repetition 184
tcp_ping received 393216 bytes back
Round trip time was 38.6448 milliseconds in repetition 185
tcp_ping received 393216 bytes back
Round trip time was 38.9144 milliseconds in repetition 186
tcp_ping received 393216 bytes back
Round trip time was 42.6409 milliseconds in repetition 187
tcp_ping received 393216 bytes back
Round trip time was 46.1275 milliseconds in repetition 188
tcp_ping received 393216 bytes back
Round trip time was 47.0194 milliseconds in repetition 189
tcp_ping received 393216 bytes back
Round trip time was 39.8137 milliseconds in repetition 190
tcp_ping received 393216 bytes back
Round trip time was 41.0199 milliseconds in repetition 191
tcp_ping received 393216 bytes back
Round trip time was 42.2119 milliseconds in repetition 192
tcp_ping received 393216 bytes back
Round trip time was 44.4763 milliseconds in repetition 193
tcp_ping received 393216 bytes back
Round trip time was 41.7713 milliseconds in repetition 194
tcp_ping received 393216 bytes back
Round trip time was 40.393 milliseconds in repetition 195
tcp_ping received 393216 bytes back
Round trip time was 40.347 milliseconds in repetition 196
tcp_ping received 393216 bytes back
Round trip time was 42.1419 milliseconds in repetition 197
tcp_ping received 393216 bytes back
Round trip time was 39.6387 milliseconds in repetition 198
tcp_ping received 393216 bytes back
Round trip time was 45.9764 milliseconds in repetition 199
tcp_ping received 393216 bytes back
Round trip time was 39.828 milliseconds in repetition 200
tcp_ping received 393216 bytes back
Round trip time was 39.6777 milliseconds in repetition 201
tcp_ping received 393216 bytes back
Round trip time was 41.5378 milliseconds in repetition 202
tcp_ping received 393216 bytes back
Round trip time was 42.073 milliseconds in repetition 203
tcp_ping received 393216 bytes back
Round trip time was 40.2164 milliseconds in repetition 204
tcp_ping received 393216 bytes back
Round trip time was 39.6857 milliseconds in repetition 205
tcp_ping received 393216 bytes back
Round trip time was 39.5826 milliseconds in repetition 206
tcp_ping received 393216 bytes back
Round trip time was 39.6843 milliseconds in repetition 207
tcp_ping received 393216 bytes back
Round trip time was 38.7333 milliseconds in repetition 208
tcp_ping received 393216 bytes back
Round trip time was 40.8674 milliseconds in repetition 209
tcp_ping received 393216 bytes back
Round trip time was 39.5316 milliseconds in repetition 210
tcp_ping received 393216 bytes back
Round trip time was 39.5551 milliseconds in repetition 211
tcp_ping received 393216 bytes back
Round trip time was 38.415 milliseconds in repetition 212
tcp_ping received 393216 bytes back
Round trip time was 38.7856 milliseconds in repetition 213
tcp_ping received 393216 bytes back
Round trip time was 38.7369 milliseconds in repetition 214
tcp_ping received 393216 bytes back
Round trip time was 39.9957 milliseconds in repetition 215
tcp_ping received 393216 bytes back
Round trip time was 57.7566 milliseconds in repetition 216
tcp_ping received 393216 bytes back
Round trip time was 39.6713 milliseconds in repetition 217
tcp_ping received 393216 bytes back
Round trip time was 39.2199 milliseconds in repetition 218
tcp_ping received 393216 bytes back
Round trip time was 41.2745 milliseconds in repetition 219
tcp_ping received 393216 bytes back
Round trip time was 38.4684 milliseconds in repetition 220
tcp_ping received 393216 bytes back
Round trip time was 48.1383 milliseconds in repetition 221
tcp_ping received 393216 bytes back
Round trip time was 41.2652 milliseconds in repetition 222
tcp_ping received 393216 bytes back
Round trip time was 39.977 milliseconds in repetition 223
tcp_ping received 393216 bytes back
Round trip time was 40.9497 milliseconds in repetition 224
tcp_ping received 393216 bytes back
Round trip time was 41.2547 milliseconds in repetition 225
tcp_ping received 393216 bytes back
Round trip time was 39.0495 milliseconds in repetition 226
tcp_ping received 393216 bytes back
Round trip time was 40.4705 milliseconds in repetition 227
tcp_ping received 393216 bytes back
Round trip time was 41.7722 milliseconds in repetition 228
tcp_ping received 393216 bytes back
Round trip time was 38.464 milliseconds in repetition 229
tcp_ping received 393216 bytes back
Round trip time was 40.0777 milliseconds in repetition 230
tcp_ping received 393216 bytes back
Round trip time was 45.4961 milliseconds in repetition 231
tcp_ping received 393216 bytes back
Round trip time was 40.8948 milliseconds in repetition 232
tcp_ping received 393216 bytes back
Round trip time was 46.7762 milliseconds in repetition 233
tcp_ping received 393216 bytes back
Round trip time was 40.0195 milliseconds in repetition 234
tcp_ping received 393216 bytes back
Round trip time was 45.6307 milliseconds in repetition 235
tcp_ping received 393216 bytes back
Round trip time was 41.2746 milliseconds in repetition 236
tcp_ping received 393216 bytes back
Round trip time was 40.1227 milliseconds in repetition 237
tcp_ping received 393216 bytes back
Round trip time was 43.4141 milliseconds in repetition 238
tcp_ping received 393216 bytes back
Round trip time was 39.3062 milliseconds in repetition 239
tcp_ping received 393216 bytes back
Round trip time was 38.9614 milliseconds in repetition 240
tcp_ping received 393216 bytes back
Round trip time was 39.4324 milliseconds in repetition 241
tcp_ping received 393216 bytes back
Round trip time was 43.4636 milliseconds in repetition 242
tcp_ping received 393216 bytes back
Round trip time was 42.4159 milliseconds in repetition 243
tcp_ping received 393216 bytes back
Round trip time was 40.5615 milliseconds in repetition 244
tcp_ping received 393216 bytes back
Round trip time was 42.1247 milliseconds in repetition 245
tcp_ping received 393216 bytes back
Round trip time was 43.2619 milliseconds in repetition 246
tcp_ping received 393216 bytes back
Round trip time was 43.1363 milliseconds in repetition 247
tcp_ping received 393216 bytes back
Round trip time was 54.6763 milliseconds in repetition 248
tcp_ping received 393216 bytes back
Round trip time was 65.2117 milliseconds in repetition 249
tcp_ping received 393216 bytes back
Round trip time was 42.443 milliseconds in repetition 250
tcp_ping received 393216 bytes back
Round trip time was 54.9052 milliseconds in repetition 251
tcp_ping received 393216 bytes back
Round trip time was 40.3192 milliseconds in repetition 252
tcp_ping received 393216 bytes back
Round trip time was 38.7139 milliseconds in repetition 253
tcp_ping received 393216 bytes back
Round trip time was 40.0179 milliseconds in repetition 254
tcp_ping received 393216 bytes back
Round trip time was 39.5409 milliseconds in repetition 255
tcp_ping received 393216 bytes back
Round trip time was 43.0328 milliseconds in repetition 256
tcp_ping received 393216 bytes back
Round trip time was 39.3997 milliseconds in repetition 257
tcp_ping received 393216 bytes back
Round trip time was 41.1733 milliseconds in repetition 258
tcp_ping received 393216 bytes back
Round trip time was 41.2995 milliseconds in repetition 259
tcp_ping received 393216 bytes back
Round trip time was 43.8106 milliseconds in repetition 260
tcp_ping received 393216 bytes back
Round trip time was 43.0781 milliseconds in repetition 261
tcp_ping received 393216 bytes back
Round trip time was 41.7661 milliseconds in repetition 262
tcp_ping received 393216 bytes back
Round trip time was 40.4827 milliseconds in repetition 263
tcp_ping received 393216 bytes back
Round trip time was 41.9275 milliseconds in repetition 264
tcp_ping received 393216 bytes back
Round trip time was 39.013 milliseconds in repetition 265
tcp_ping received 393216 bytes back
Round trip time was 41.7636 milliseconds in repetition 266
tcp_ping received 393216 bytes back
Round trip time was 39.9245 milliseconds in repetition 267
tcp_ping received 393216 bytes back
Round trip time was 40.6808 milliseconds in repetition 268
tcp_ping received 393216 bytes back
Round trip time was 40.0111 milliseconds in repetition 269
tcp_ping received 393216 bytes back
Round trip time was 41.3233 milliseconds in repetition 270
tcp_ping received 393216 bytes back
Round trip time was 39.2585 milliseconds in repetition 271
tcp_ping received 393216 bytes back
Round trip time was 43.0499 milliseconds in repetition 272
tcp_ping received 393216 bytes back
Round trip time was 48.996 milliseconds in repetition 273
tcp_ping received 393216 bytes back
Round trip time was 43.2311 milliseconds in repetition 274
tcp_ping received 393216 bytes back
Round trip time was 49.9334 milliseconds in repetition 275
tcp_ping received 393216 bytes back
Round trip time was 45.6258 milliseconds in repetition 276
tcp_ping received 393216 bytes back
Round trip time was 41.2121 milliseconds in repetition 277
tcp_ping received 393216 bytes back
Round trip time was 40.8671 milliseconds in repetition 278
tcp_ping received 393216 bytes back
Round trip time was 41.5575 milliseconds in repetition 279
tcp_ping received 393216 bytes back
Round trip time was 40.5035 milliseconds in repetition 280
tcp_ping received 393216 bytes back
Round trip time was 45.9933 milliseconds in repetition 281
tcp_ping received 393216 bytes back
Round trip time was 40.8347 milliseconds in repetition 282
tcp_ping received 393216 bytes back
Round trip time was 43.7165 milliseconds in repetition 283
tcp_ping received 393216 bytes back
Round trip time was 42.4799 milliseconds in repetition 284
tcp_ping received 393216 bytes back
Round trip time was 40.5125 milliseconds in repetition 285
tcp_ping received 393216 bytes back
Round trip time was 40.3451 milliseconds in repetition 286
tcp_ping received 393216 bytes back
Round trip time was 40.3946 milliseconds in repetition 287
tcp_ping received 393216 bytes back
Round trip time was 39.9615 milliseconds in repetition 288
tcp_ping received 393216 bytes back
Round trip time was 45.6081 milliseconds in repetition 289
tcp_ping received 393216 bytes back
Round trip time was 41.6827 milliseconds in repetition 290
tcp_ping received 393216 bytes back
Round trip time was 39.314 milliseconds in repetition 291
tcp_ping received 393216 bytes back
Round trip time was 39.1418 milliseconds in repetition 292
tcp_ping received 393216 bytes back
Round trip time was 40.7143 milliseconds in repetition 293
tcp_ping received 393216 bytes back
Round trip time was 40.4743 milliseconds in repetition 294
tcp_ping received 393216 bytes back
Round trip time was 41.5902 milliseconds in repetition 295
tcp_ping received 393216 bytes back
Round trip time was 48.3631 milliseconds in repetition 296
tcp_ping received 393216 bytes back
Round trip time was 45.8957 milliseconds in repetition 297
tcp_ping received 393216 bytes back
Round trip time was 43.2063 milliseconds in repetition 298
tcp_ping received 393216 bytes back
Round trip time was 40.236 milliseconds in repetition 299
tcp_ping received 393216 bytes back
Round trip time was 41.5131 milliseconds in repetition 300
tcp_ping received 393216 bytes back
Round trip time was 41.676 milliseconds in repetition 301
tcp_ping received 393216 bytes back
Round trip time was 39.9566 milliseconds in repetition 302
tcp_ping received 393216 bytes back
Round trip time was 46.9073 milliseconds in repetition 303
tcp_ping received 393216 bytes back
Round trip time was 41.0017 milliseconds in repetition 304
tcp_ping received 393216 bytes back
Round trip time was 41.6245 milliseconds in repetition 305
tcp_ping received 393216 bytes back
Round trip time was 39.6373 milliseconds in repetition 306
tcp_ping received 393216 bytes back
Round trip time was 38.7269 milliseconds in repetition 307
tcp_ping received 393216 bytes back
Round trip time was 38.4134 milliseconds in repetition 308
tcp_ping received 393216 bytes back
Round trip time was 40.8336 milliseconds in repetition 309
tcp_ping received 393216 bytes back
Round trip time was 41.9365 milliseconds in repetition 310
tcp_ping received 393216 bytes back
Round trip time was 39.6112 milliseconds in repetition 311
tcp_ping received 393216 bytes back
Round trip time was 39.3484 milliseconds in repetition 312
tcp_ping received 393216 bytes back
Round trip time was 38.636 milliseconds in repetition 313
tcp_ping received 393216 bytes back
Round trip time was 38.2736 milliseconds in repetition 314
tcp_ping received 393216 bytes back
Round trip time was 41.4293 milliseconds in repetition 315
tcp_ping received 393216 bytes back
Round trip time was 41.4358 milliseconds in repetition 316
tcp_ping received 393216 bytes back
Round trip time was 39.3882 milliseconds in repetition 317
tcp_ping received 393216 bytes back
Round trip time was 39.8883 milliseconds in repetition 318
tcp_ping received 393216 bytes back
Round trip time was 40.7244 milliseconds in repetition 319
tcp_ping received 393216 bytes back
Round trip time was 40.0174 milliseconds in repetition 320
tcp_ping received 393216 bytes back
Round trip time was 43.3973 milliseconds in repetition 321
tcp_ping received 393216 bytes back
Round trip time was 47.9002 milliseconds in repetition 322
tcp_ping received 393216 bytes back
Round trip time was 50.3982 milliseconds in repetition 323
tcp_ping received 393216 bytes back
Round trip time was 45.9928 milliseconds in repetition 324
tcp_ping received 393216 bytes back
Round trip time was 41.7849 milliseconds in repetition 325
tcp_ping received 393216 bytes back
Round trip time was 41.9781 milliseconds in repetition 326
tcp_ping received 393216 bytes back
Round trip time was 41.0106 milliseconds in repetition 327
tcp_ping received 393216 bytes back
Round trip time was 49.7017 milliseconds in repetition 328
tcp_ping received 393216 bytes back
Round trip time was 44.4425 milliseconds in repetition 329
tcp_ping received 393216 bytes back
Round trip time was 43.1224 milliseconds in repetition 330
tcp_ping received 393216 bytes back
Round trip time was 41.0513 milliseconds in repetition 331
tcp_ping received 393216 bytes back
Round trip time was 51.2312 milliseconds in repetition 332
tcp_ping received 393216 bytes back
Round trip time was 41.302 milliseconds in repetition 333
tcp_ping received 393216 bytes back
Round trip time was 39.1932 milliseconds in repetition 334
tcp_ping received 393216 bytes back
Round trip time was 39.6139 milliseconds in repetition 335
tcp_ping received 393216 bytes back
Round trip time was 42.7851 milliseconds in repetition 336
tcp_ping received 393216 bytes back
Round trip time was 39.8433 milliseconds in repetition 337
tcp_ping received 393216 bytes back
Round trip time was 41.0545 milliseconds in repetition 338
tcp_ping received 393216 bytes back
Round trip time was 39.4451 milliseconds in repetition 339
tcp_ping received 393216 bytes back
Round trip time was 42.6336 milliseconds in repetition 340
tcp_ping received 393216 bytes back
Round trip time was 40.9131 milliseconds in repetition 341
tcp_ping received 393216 bytes back
Round trip time was 45.6877 milliseconds in repetition 342
tcp_ping received 393216 bytes back
Round trip time was 41.3239 milliseconds in repetition 343
tcp_ping received 393216 bytes back
Round trip time was 42.7005 milliseconds in repetition 344
tcp_ping received 393216 bytes back
Round trip time was 39.1141 milliseconds in repetition 345
tcp_ping received 393216 bytes back
Round trip time was 51.1124 milliseconds in repetition 346
tcp_ping received 393216 bytes back
Round trip time was 43.0422 milliseconds in repetition 347
tcp_ping received 393216 bytes back
Round trip time was 46.0829 milliseconds in repetition 348
tcp_ping received 393216 bytes back
Round trip time was 39.525 milliseconds in repetition 349
tcp_ping received 393216 bytes back
Round trip time was 42.4968 milliseconds in repetition 350
tcp_ping received 393216 bytes back
Round trip time was 45.5947 milliseconds in repetition 351
tcp_ping received 393216 bytes back
Round trip time was 43.7856 milliseconds in repetition 352
tcp_ping received 393216 bytes back
Round trip time was 42.4164 milliseconds in repetition 353
tcp_ping received 393216 bytes back
Round trip time was 40.889 milliseconds in repetition 354
tcp_ping received 393216 bytes back
Round trip time was 45.5251 milliseconds in repetition 355
tcp_ping received 393216 bytes back
Round trip time was 40.2137 milliseconds in repetition 356
tcp_ping received 393216 bytes back
Round trip time was 40.588 milliseconds in repetition 357
tcp_ping received 393216 bytes back
Round trip time was 39.3209 milliseconds in repetition 358
tcp_ping received 393216 bytes back
Round trip time was 39.6281 milliseconds in repetition 359
tcp_ping received 393216 bytes back
Round trip time was 39.6993 milliseconds in repetition 360
tcp_ping received 393216 bytes back
Round trip time was 39.2643 milliseconds in repetition 361
tcp_ping received 393216 bytes back
Round trip time was 54.213 milliseconds in repetition 362
tcp_ping received 393216 bytes back
Round trip time was 40.0934 milliseconds in repetition 363
tcp_ping received 393216 bytes back
Round trip time was 39.6051 milliseconds in repetition 364
tcp_ping received 393216 bytes back
Round trip time was 41.3756 milliseconds in repetition 365
tcp_ping received 393216 bytes back
Round trip time was 40.6526 milliseconds in repetition 366
tcp_ping received 393216 bytes back
Round trip time was 42.5949 milliseconds in repetition 367
tcp_ping received 393216 bytes back
Round trip time was 39.7015 milliseconds in repetition 368
tcp_ping received 393216 bytes back
Round trip time was 39.616 milliseconds in repetition 369
tcp_ping received 393216 bytes back
Round trip time was 40.0595 milliseconds in repetition 370
tcp_ping received 393216 bytes back
Round trip time was 42.3974 milliseconds in repetition 371
tcp_ping received 393216 bytes back
Round trip time was 40.7709 milliseconds in repetition 372
tcp_ping received 393216 bytes back
Round trip time was 38.3797 milliseconds in repetition 373
tcp_ping received 393216 bytes back
Round trip time was 39.022 milliseconds in repetition 374
tcp_ping received 393216 bytes back
Round trip time was 41.434 milliseconds in repetition 375
tcp_ping received 393216 bytes back
Round trip time was 40.5739 milliseconds in repetition 376
tcp_ping received 393216 bytes back
Round trip time was 38.7297 milliseconds in repetition 377
tcp_ping received 393216 bytes back
Round trip time was 39.1636 milliseconds in repetition 378
tcp_ping received 393216 bytes back
Round trip time was 40.2545 milliseconds in repetition 379
tcp_ping received 393216 bytes back
Round trip time was 39.4938 milliseconds in repetition 380
tcp_ping received 393216 bytes back
Round trip time was 41.4983 milliseconds in repetition 381
tcp_ping received 393216 bytes back
Round trip time was 41.1739 milliseconds in repetition 382
tcp_ping received 393216 bytes back
Round trip time was 38.2457 milliseconds in repetition 383
tcp_ping received 393216 bytes back
Round trip time was 46.1197 milliseconds in repetition 384
tcp_ping received 393216 bytes back
Round trip time was 46.3032 milliseconds in repetition 385
tcp_ping received 393216 bytes back
Round trip time was 40.1101 milliseconds in repetition 386
tcp_ping received 393216 bytes back
Round trip time was 43.1441 milliseconds in repetition 387
tcp_ping received 393216 bytes back
Round trip time was 41.1553 milliseconds in repetition 388
tcp_ping received 393216 bytes back
Round trip time was 41.739 milliseconds in repetition 389
tcp_ping received 393216 bytes back
Round trip time was 43.8181 milliseconds in repetition 390
tcp_ping received 393216 bytes back
Round trip time was 44.6647 milliseconds in repetition 391
tcp_ping received 393216 bytes back
Round trip time was 43.0362 milliseconds in repetition 392
tcp_ping received 393216 bytes back
Round trip time was 43.7061 milliseconds in repetition 393
tcp_ping received 393216 bytes back
Round trip time was 41.9975 milliseconds in repetition 394
tcp_ping received 393216 bytes back
Round trip time was 41.6969 milliseconds in repetition 395
tcp_ping received 393216 bytes back
Round trip time was 40.3056 milliseconds in repetition 396
tcp_ping received 393216 bytes back
Round trip time was 39.4168 milliseconds in repetition 397
tcp_ping received 393216 bytes back
Round trip time was 39.3489 milliseconds in repetition 398
tcp_ping received 393216 bytes back
Round trip time was 49.941 milliseconds in repetition 399
tcp_ping received 393216 bytes back
Round trip time was 41.3877 milliseconds in repetition 400
tcp_ping received 393216 bytes back
Round trip time was 40.1174 milliseconds in repetition 401
tcp_ping received 393216 bytes back
Round trip time was 40.4069 milliseconds in repetition 402
tcp_ping received 393216 bytes back
Round trip time was 40.9614 milliseconds in repetition 403
tcp_ping received 393216 bytes back
Round trip time was 42.6339 milliseconds in repetition 404
tcp_ping received 393216 bytes back
Round trip time was 51.638 milliseconds in repetition 405
tcp_ping received 393216 bytes back
Round trip time was 38.6042 milliseconds in repetition 406
tcp_ping received 393216 bytes back
Round trip time was 41.8764 milliseconds in repetition 407
tcp_ping received 393216 bytes back
Round trip time was 46.0312 milliseconds in repetition 408
tcp_ping received 393216 bytes back
Round trip time was 43.5129 milliseconds in repetition 409
tcp_ping received 393216 bytes back
Round trip time was 39.8942 milliseconds in repetition 410
tcp_ping received 393216 bytes back
Round trip time was 50.7122 milliseconds in repetition 411
tcp_ping received 393216 bytes back
Round trip time was 45.1497 milliseconds in repetition 412
tcp_ping received 393216 bytes back
Round trip time was 38.8668 milliseconds in repetition 413
tcp_ping received 393216 bytes back
Round trip time was 42.9058 milliseconds in repetition 414
tcp_ping received 393216 bytes back
Round trip time was 40.291 milliseconds in repetition 415
tcp_ping received 393216 bytes back
Round trip time was 42.9395 milliseconds in repetition 416
tcp_ping received 393216 bytes back
Round trip time was 40.6685 milliseconds in repetition 417
tcp_ping received 393216 bytes back
Round trip time was 43.5886 milliseconds in repetition 418
tcp_ping received 393216 bytes back
Round trip time was 43.2294 milliseconds in repetition 419
tcp_ping received 393216 bytes back
Round trip time was 39.7723 milliseconds in repetition 420
tcp_ping received 393216 bytes back
Round trip time was 40.7117 milliseconds in repetition 421
tcp_ping received 393216 bytes back
Round trip time was 40.0757 milliseconds in repetition 422
tcp_ping received 393216 bytes back
Round trip time was 44.139 milliseconds in repetition 423
tcp_ping received 393216 bytes back
Round trip time was 40.2967 milliseconds in repetition 424
tcp_ping received 393216 bytes back
Round trip time was 41.3059 milliseconds in repetition 425
tcp_ping received 393216 bytes back
Round trip time was 41.9544 milliseconds in repetition 426
tcp_ping received 393216 bytes back
Round trip time was 39.602 milliseconds in repetition 427
tcp_ping received 393216 bytes back
Round trip time was 42.8922 milliseconds in repetition 428
tcp_ping received 393216 bytes back
Round trip time was 39.3805 milliseconds in repetition 429
tcp_ping received 393216 bytes back
Round trip time was 40.0934 milliseconds in repetition 430
tcp_ping received 393216 bytes back
Round trip time was 41.7667 milliseconds in repetition 431
tcp_ping received 393216 bytes back
Round trip time was 38.7839 milliseconds in repetition 432
tcp_ping received 393216 bytes back
Round trip time was 41.4553 milliseconds in repetition 433
tcp_ping received 393216 bytes back
Round trip time was 41.7982 milliseconds in repetition 434
tcp_ping received 393216 bytes back
Round trip time was 38.9579 milliseconds in repetition 435
tcp_ping received 393216 bytes back
Round trip time was 38.9201 milliseconds in repetition 436
tcp_ping received 393216 bytes back
Round trip time was 58.7655 milliseconds in repetition 437
tcp_ping received 393216 bytes back
Round trip time was 42.2373 milliseconds in repetition 438
tcp_ping received 393216 bytes back
Round trip time was 38.8141 milliseconds in repetition 439
tcp_ping received 393216 bytes back
Round trip time was 41.3005 milliseconds in repetition 440
tcp_ping received 393216 bytes back
Round trip time was 39.5512 milliseconds in repetition 441
tcp_ping received 393216 bytes back
Round trip time was 38.2979 milliseconds in repetition 442
tcp_ping received 393216 bytes back
Round trip time was 39.5363 milliseconds in repetition 443
tcp_ping received 393216 bytes back
Round trip time was 40.6669 milliseconds in repetition 444
tcp_ping received 393216 bytes back
Round trip time was 40.8285 milliseconds in repetition 445
tcp_ping received 393216 bytes back
Round trip time was 38.9719 milliseconds in repetition 446
tcp_ping received 393216 bytes back
Round trip time was 43.0586 milliseconds in repetition 447
tcp_ping received 393216 bytes back
Round trip time was 53.3855 milliseconds in repetition 448
tcp_ping received 393216 bytes back
Round trip time was 43.2226 milliseconds in repetition 449
tcp_ping received 393216 bytes back
Round trip time was 41.8902 milliseconds in repetition 450
tcp_ping received 393216 bytes back
Round trip time was 59.1169 milliseconds in repetition 451
tcp_ping received 393216 bytes back
Round trip time was 40.024 milliseconds in repetition 452
tcp_ping received 393216 bytes back
Round trip time was 39.8382 milliseconds in repetition 453
tcp_ping received 393216 bytes back
Round trip time was 41.7788 milliseconds in repetition 454
tcp_ping received 393216 bytes back
Round trip time was 49.0371 milliseconds in repetition 455
tcp_ping received 393216 bytes back
Round trip time was 39.2068 milliseconds in repetition 456
tcp_ping received 393216 bytes back
Round trip time was 38.3432 milliseconds in repetition 457
tcp_ping received 393216 bytes back
Round trip time was 45.3604 milliseconds in repetition 458
tcp_ping received 393216 bytes back
Round trip time was 58.8667 milliseconds in repetition 459
tcp_ping received 393216 bytes back
Round trip time was 42.884 milliseconds in repetition 460
tcp_ping received 393216 bytes back
Round trip time was 50.3194 milliseconds in repetition 461
tcp_ping received 393216 bytes back
Round trip time was 43.2894 milliseconds in repetition 462
tcp_ping received 393216 bytes back
Round trip time was 49.9033 milliseconds in repetition 463
tcp_ping received 393216 bytes back
Round trip time was 40.6304 milliseconds in repetition 464
tcp_ping received 393216 bytes back
Round trip time was 44.38 milliseconds in repetition 465
tcp_ping received 393216 bytes back
Round trip time was 49.6775 milliseconds in repetition 466
tcp_ping received 393216 bytes back
Round trip time was 40.7766 milliseconds in repetition 467
tcp_ping received 393216 bytes back
Round trip time was 39.9672 milliseconds in repetition 468
tcp_ping received 393216 bytes back
Round trip time was 45.525 milliseconds in repetition 469
tcp_ping received 393216 bytes back
Round trip time was 40.2486 milliseconds in repetition 470
tcp_ping received 393216 bytes back
Round trip time was 48.9777 milliseconds in repetition 471
tcp_ping received 393216 bytes back
Round trip time was 45.4786 milliseconds in repetition 472
tcp_ping received 393216 bytes back
Round trip time was 41.6068 milliseconds in repetition 473
tcp_ping received 393216 bytes back
Round trip time was 41.9758 milliseconds in repetition 474
tcp_ping received 393216 bytes back
Round trip time was 44.0782 milliseconds in repetition 475
tcp_ping received 393216 bytes back
Round trip time was 39.6827 milliseconds in repetition 476
tcp_ping received 393216 bytes back
Round trip time was 42.4525 milliseconds in repetition 477
tcp_ping received 393216 bytes back
Round trip time was 38.3739 milliseconds in repetition 478
tcp_ping received 393216 bytes back
Round trip time was 39.585 milliseconds in repetition 479
tcp_ping received 393216 bytes back
Round trip time was 41.5157 milliseconds in repetition 480
tcp_ping received 393216 bytes back
Round trip time was 39.1009 milliseconds in repetition 481
tcp_ping received 393216 bytes back
Round trip time was 45.8104 milliseconds in repetition 482
tcp_ping received 393216 bytes back
Round trip time was 45.9677 milliseconds in repetition 483
tcp_ping received 393216 bytes back
Round trip time was 43.3392 milliseconds in repetition 484
tcp_ping received 393216 bytes back
Round trip time was 40.7225 milliseconds in repetition 485
tcp_ping received 393216 bytes back
Round trip time was 39.0334 milliseconds in repetition 486
tcp_ping received 393216 bytes back
Round trip time was 42.2417 milliseconds in repetition 487
tcp_ping received 393216 bytes back
Round trip time was 39.5443 milliseconds in repetition 488
tcp_ping received 393216 bytes back
Round trip time was 39.0082 milliseconds in repetition 489
tcp_ping received 393216 bytes back
Round trip time was 38.1502 milliseconds in repetition 490
tcp_ping received 393216 bytes back
Round trip time was 45.31 milliseconds in repetition 491
tcp_ping received 393216 bytes back
Round trip time was 41.4873 milliseconds in repetition 492
tcp_ping received 393216 bytes back
Round trip time was 41.2888 milliseconds in repetition 493
tcp_ping received 393216 bytes back
Round trip time was 43.7346 milliseconds in repetition 494
tcp_ping received 393216 bytes back
Round trip time was 41.7996 milliseconds in repetition 495
tcp_ping received 393216 bytes back
Round trip time was 41.1236 milliseconds in repetition 496
tcp_ping received 393216 bytes back
Round trip time was 39.9113 milliseconds in repetition 497
tcp_ping received 393216 bytes back
Round trip time was 41.3683 milliseconds in repetition 498
tcp_ping received 393216 bytes back
Round trip time was 40.4469 milliseconds in repetition 499
tcp_ping received 393216 bytes back
Round trip time was 43.3743 milliseconds in repetition 500
tcp_ping received 393216 bytes back
Round trip time was 41.7305 milliseconds in repetition 501

 ... clock resolution was 1e-06
TCP Ping:  Statistics over 501 repetitions of 393216 byte messages

RTT : percentile 10: 38.8868, median: 40.7709, percentile 90: 45.8104, average: 42.1428, variance: 81.778

RTT histogram:
37.7748 372
47.25 116
56.7252 11
66.2003 1
75.6755 0
85.1506 0
94.6258 0
104.101 0
113.576 0
123.051 0
132.526 0
142.002 0
151.477 0
160.952 0
170.427 0
179.902 0
189.377 0
198.853 0
208.328 0
217.803 0
227.278 1

   median Throughput : 19289 KB/s   overall Throughput : 18661.1 KB/s

