TCP Ping trying to connect to server seti.dibris.unige.it (130.251.61.30) on port 1491
 ... connected to Pong server: asking for 501 repetitions of 32768 bytes TCP messages
Received answer: 'OK
'
 ... Pong server agreed :-)
tcp_ping received 32768 bytes back
Round trip time was 135.491 milliseconds in repetition 1
tcp_ping received 32768 bytes back
Round trip time was 27.1788 milliseconds in repetition 2
tcp_ping received 32768 bytes back
Round trip time was 25.5392 milliseconds in repetition 3
tcp_ping received 32768 bytes back
Round trip time was 23.9818 milliseconds in repetition 4
tcp_ping received 32768 bytes back
Round trip time was 25.1709 milliseconds in repetition 5
tcp_ping received 32768 bytes back
Round trip time was 25.1095 milliseconds in repetition 6
tcp_ping received 32768 bytes back
Round trip time was 24.49 milliseconds in repetition 7
tcp_ping received 32768 bytes back
Round trip time was 23.6471 milliseconds in repetition 8
tcp_ping received 32768 bytes back
Round trip time was 24.517 milliseconds in repetition 9
tcp_ping received 32768 bytes back
Round trip time was 24.8306 milliseconds in repetition 10
tcp_ping received 32768 bytes back
Round trip time was 24.6039 milliseconds in repetition 11
tcp_ping received 32768 bytes back
Round trip time was 24.8205 milliseconds in repetition 12
tcp_ping received 32768 bytes back
Round trip time was 24.4185 milliseconds in repetition 13
tcp_ping received 32768 bytes back
Round trip time was 24.4315 milliseconds in repetition 14
tcp_ping received 32768 bytes back
Round trip time was 24.0726 milliseconds in repetition 15
tcp_ping received 32768 bytes back
Round trip time was 24.1157 milliseconds in repetition 16
tcp_ping received 32768 bytes back
Round trip time was 24.2702 milliseconds in repetition 17
tcp_ping received 32768 bytes back
Round trip time was 23.9494 milliseconds in repetition 18
tcp_ping received 32768 bytes back
Round trip time was 27.0797 milliseconds in repetition 19
tcp_ping received 32768 bytes back
Round trip time was 24.5451 milliseconds in repetition 20
tcp_ping received 32768 bytes back
Round trip time was 24.3546 milliseconds in repetition 21
tcp_ping received 32768 bytes back
Round trip time was 23.9177 milliseconds in repetition 22
tcp_ping received 32768 bytes back
Round trip time was 26.4203 milliseconds in repetition 23
tcp_ping received 32768 bytes back
Round trip time was 24.3012 milliseconds in repetition 24
tcp_ping received 32768 bytes back
Round trip time was 23.9921 milliseconds in repetition 25
tcp_ping received 32768 bytes back
Round trip time was 25.3056 milliseconds in repetition 26
tcp_ping received 32768 bytes back
Round trip time was 24.1901 milliseconds in repetition 27
tcp_ping received 32768 bytes back
Round trip time was 25.0811 milliseconds in repetition 28
tcp_ping received 32768 bytes back
Round trip time was 24.322 milliseconds in repetition 29
tcp_ping received 32768 bytes back
Round trip time was 24.844 milliseconds in repetition 30
tcp_ping received 32768 bytes back
Round trip time was 26.2799 milliseconds in repetition 31
tcp_ping received 32768 bytes back
Round trip time was 25.4869 milliseconds in repetition 32
tcp_ping received 32768 bytes back
Round trip time was 25.2194 milliseconds in repetition 33
tcp_ping received 32768 bytes back
Round trip time was 25.4163 milliseconds in repetition 34
tcp_ping received 32768 bytes back
Round trip time was 26.9983 milliseconds in repetition 35
tcp_ping received 32768 bytes back
Round trip time was 32.5116 milliseconds in repetition 36
tcp_ping received 32768 bytes back
Round trip time was 25.0682 milliseconds in repetition 37
tcp_ping received 32768 bytes back
Round trip time was 25.4983 milliseconds in repetition 38
tcp_ping received 32768 bytes back
Round trip time was 25.6659 milliseconds in repetition 39
tcp_ping received 32768 bytes back
Round trip time was 27.2214 milliseconds in repetition 40
tcp_ping received 32768 bytes back
Round trip time was 24.3358 milliseconds in repetition 41
tcp_ping received 32768 bytes back
Round trip time was 25.301 milliseconds in repetition 42
tcp_ping received 32768 bytes back
Round trip time was 26.0974 milliseconds in repetition 43
tcp_ping received 32768 bytes back
Round trip time was 25.0373 milliseconds in repetition 44
tcp_ping received 32768 bytes back
Round trip time was 24.4514 milliseconds in repetition 45
tcp_ping received 32768 bytes back
Round trip time was 30.1988 milliseconds in repetition 46
tcp_ping received 32768 bytes back
Round trip time was 24.8077 milliseconds in repetition 47
tcp_ping received 32768 bytes back
Round trip time was 24.0925 milliseconds in repetition 48
tcp_ping received 32768 bytes back
Round trip time was 24.9488 milliseconds in repetition 49
tcp_ping received 32768 bytes back
Round trip time was 24.8851 milliseconds in repetition 50
tcp_ping received 32768 bytes back
Round trip time was 25.4121 milliseconds in repetition 51
tcp_ping received 32768 bytes back
Round trip time was 58.1476 milliseconds in repetition 52
tcp_ping received 32768 bytes back
Round trip time was 25.5798 milliseconds in repetition 53
tcp_ping received 32768 bytes back
Round trip time was 24.1047 milliseconds in repetition 54
tcp_ping received 32768 bytes back
Round trip time was 24.9778 milliseconds in repetition 55
tcp_ping received 32768 bytes back
Round trip time was 24.1436 milliseconds in repetition 56
tcp_ping received 32768 bytes back
Round trip time was 25.6525 milliseconds in repetition 57
tcp_ping received 32768 bytes back
Round trip time was 23.8392 milliseconds in repetition 58
tcp_ping received 32768 bytes back
Round trip time was 25.8729 milliseconds in repetition 59
tcp_ping received 32768 bytes back
Round trip time was 25.1 milliseconds in repetition 60
tcp_ping received 32768 bytes back
Round trip time was 24.6388 milliseconds in repetition 61
tcp_ping received 32768 bytes back
Round trip time was 24.272 milliseconds in repetition 62
tcp_ping received 32768 bytes back
Round trip time was 25.1481 milliseconds in repetition 63
tcp_ping received 32768 bytes back
Round trip time was 26.4815 milliseconds in repetition 64
tcp_ping received 32768 bytes back
Round trip time was 25.3947 milliseconds in repetition 65
tcp_ping received 32768 bytes back
Round trip time was 24.2943 milliseconds in repetition 66
tcp_ping received 32768 bytes back
Round trip time was 27.3989 milliseconds in repetition 67
tcp_ping received 32768 bytes back
Round trip time was 25.4117 milliseconds in repetition 68
tcp_ping received 32768 bytes back
Round trip time was 24.3766 milliseconds in repetition 69
tcp_ping received 32768 bytes back
Round trip time was 24.1117 milliseconds in repetition 70
tcp_ping received 32768 bytes back
Round trip time was 25.7529 milliseconds in repetition 71
tcp_ping received 32768 bytes back
Round trip time was 24.9031 milliseconds in repetition 72
tcp_ping received 32768 bytes back
Round trip time was 24.8209 milliseconds in repetition 73
tcp_ping received 32768 bytes back
Round trip time was 24.3864 milliseconds in repetition 74
tcp_ping received 32768 bytes back
Round trip time was 25.0043 milliseconds in repetition 75
tcp_ping received 32768 bytes back
Round trip time was 24.457 milliseconds in repetition 76
tcp_ping received 32768 bytes back
Round trip time was 24.3483 milliseconds in repetition 77
tcp_ping received 32768 bytes back
Round trip time was 26.421 milliseconds in repetition 78
tcp_ping received 32768 bytes back
Round trip time was 24.5797 milliseconds in repetition 79
tcp_ping received 32768 bytes back
Round trip time was 34.3379 milliseconds in repetition 80
tcp_ping received 32768 bytes back
Round trip time was 25.7861 milliseconds in repetition 81
tcp_ping received 32768 bytes back
Round trip time was 24.7512 milliseconds in repetition 82
tcp_ping received 32768 bytes back
Round trip time was 28.3846 milliseconds in repetition 83
tcp_ping received 32768 bytes back
Round trip time was 39.6609 milliseconds in repetition 84
tcp_ping received 32768 bytes back
Round trip time was 24.9822 milliseconds in repetition 85
tcp_ping received 32768 bytes back
Round trip time was 24.7839 milliseconds in repetition 86
tcp_ping received 32768 bytes back
Round trip time was 25.034 milliseconds in repetition 87
tcp_ping received 32768 bytes back
Round trip time was 43.3439 milliseconds in repetition 88
tcp_ping received 32768 bytes back
Round trip time was 24.7029 milliseconds in repetition 89
tcp_ping received 32768 bytes back
Round trip time was 24.8506 milliseconds in repetition 90
tcp_ping received 32768 bytes back
Round trip time was 23.8102 milliseconds in repetition 91
tcp_ping received 32768 bytes back
Round trip time was 45.4642 milliseconds in repetition 92
tcp_ping received 32768 bytes back
Round trip time was 24.6522 milliseconds in repetition 93
tcp_ping received 32768 bytes back
Round trip time was 24.9764 milliseconds in repetition 94
tcp_ping received 32768 bytes back
Round trip time was 25.4557 milliseconds in repetition 95
tcp_ping received 32768 bytes back
Round trip time was 26.382 milliseconds in repetition 96
tcp_ping received 32768 bytes back
Round trip time was 25.8734 milliseconds in repetition 97
tcp_ping received 32768 bytes back
Round trip time was 25.8616 milliseconds in repetition 98
tcp_ping received 32768 bytes back
Round trip time was 24.2385 milliseconds in repetition 99
tcp_ping received 32768 bytes back
Round trip time was 24.5384 milliseconds in repetition 100
tcp_ping received 32768 bytes back
Round trip time was 24.7174 milliseconds in repetition 101
tcp_ping received 32768 bytes back
Round trip time was 25.8839 milliseconds in repetition 102
tcp_ping received 32768 bytes back
Round trip time was 25.4882 milliseconds in repetition 103
tcp_ping received 32768 bytes back
Round trip time was 24.2677 milliseconds in repetition 104
tcp_ping received 32768 bytes back
Round trip time was 24.9392 milliseconds in repetition 105
tcp_ping received 32768 bytes back
Round trip time was 24.8459 milliseconds in repetition 106
tcp_ping received 32768 bytes back
Round trip time was 28.678 milliseconds in repetition 107
tcp_ping received 32768 bytes back
Round trip time was 24.0678 milliseconds in repetition 108
tcp_ping received 32768 bytes back
Round trip time was 24.7965 milliseconds in repetition 109
tcp_ping received 32768 bytes back
Round trip time was 24.8943 milliseconds in repetition 110
tcp_ping received 32768 bytes back
Round trip time was 24.8819 milliseconds in repetition 111
tcp_ping received 32768 bytes back
Round trip time was 25.8507 milliseconds in repetition 112
tcp_ping received 32768 bytes back
Round trip time was 25.3218 milliseconds in repetition 113
tcp_ping received 32768 bytes back
Round trip time was 25.08 milliseconds in repetition 114
tcp_ping received 32768 bytes back
Round trip time was 33.8756 milliseconds in repetition 115
tcp_ping received 32768 bytes back
Round trip time was 25.197 milliseconds in repetition 116
tcp_ping received 32768 bytes back
Round trip time was 24.5749 milliseconds in repetition 117
tcp_ping received 32768 bytes back
Round trip time was 28.184 milliseconds in repetition 118
tcp_ping received 32768 bytes back
Round trip time was 24.4512 milliseconds in repetition 119
tcp_ping received 32768 bytes back
Round trip time was 25.1266 milliseconds in repetition 120
tcp_ping received 32768 bytes back
Round trip time was 23.8795 milliseconds in repetition 121
tcp_ping received 32768 bytes back
Round trip time was 23.513 milliseconds in repetition 122
tcp_ping received 32768 bytes back
Round trip time was 25.0292 milliseconds in repetition 123
tcp_ping received 32768 bytes back
Round trip time was 24.6995 milliseconds in repetition 124
tcp_ping received 32768 bytes back
Round trip time was 25.7771 milliseconds in repetition 125
tcp_ping received 32768 bytes back
Round trip time was 25.1262 milliseconds in repetition 126
tcp_ping received 32768 bytes back
Round trip time was 24.7946 milliseconds in repetition 127
tcp_ping received 32768 bytes back
Round trip time was 25.3052 milliseconds in repetition 128
tcp_ping received 32768 bytes back
Round trip time was 26.7083 milliseconds in repetition 129
tcp_ping received 32768 bytes back
Round trip time was 24.7485 milliseconds in repetition 130
tcp_ping received 32768 bytes back
Round trip time was 25.3478 milliseconds in repetition 131
tcp_ping received 32768 bytes back
Round trip time was 24.2682 milliseconds in repetition 132
tcp_ping received 32768 bytes back
Round trip time was 24.085 milliseconds in repetition 133
tcp_ping received 32768 bytes back
Round trip time was 24.8939 milliseconds in repetition 134
tcp_ping received 32768 bytes back
Round trip time was 23.8101 milliseconds in repetition 135
tcp_ping received 32768 bytes back
Round trip time was 25.1584 milliseconds in repetition 136
tcp_ping received 32768 bytes back
Round trip time was 24.6099 milliseconds in repetition 137
tcp_ping received 32768 bytes back
Round trip time was 26.1977 milliseconds in repetition 138
tcp_ping received 32768 bytes back
Round trip time was 25.0887 milliseconds in repetition 139
tcp_ping received 32768 bytes back
Round trip time was 25.5975 milliseconds in repetition 140
tcp_ping received 32768 bytes back
Round trip time was 24.887 milliseconds in repetition 141
tcp_ping received 32768 bytes back
Round trip time was 25.3144 milliseconds in repetition 142
tcp_ping received 32768 bytes back
Round trip time was 25.11 milliseconds in repetition 143
tcp_ping received 32768 bytes back
Round trip time was 24.6661 milliseconds in repetition 144
tcp_ping received 32768 bytes back
Round trip time was 25.2637 milliseconds in repetition 145
tcp_ping received 32768 bytes back
Round trip time was 25.0042 milliseconds in repetition 146
tcp_ping received 32768 bytes back
Round trip time was 26.5584 milliseconds in repetition 147
tcp_ping received 32768 bytes back
Round trip time was 25.4445 milliseconds in repetition 148
tcp_ping received 32768 bytes back
Round trip time was 24.986 milliseconds in repetition 149
tcp_ping received 32768 bytes back
Round trip time was 24.4814 milliseconds in repetition 150
tcp_ping received 32768 bytes back
Round trip time was 25.2115 milliseconds in repetition 151
tcp_ping received 32768 bytes back
Round trip time was 24.2191 milliseconds in repetition 152
tcp_ping received 32768 bytes back
Round trip time was 24.1362 milliseconds in repetition 153
tcp_ping received 32768 bytes back
Round trip time was 24.555 milliseconds in repetition 154
tcp_ping received 32768 bytes back
Round trip time was 24.5634 milliseconds in repetition 155
tcp_ping received 32768 bytes back
Round trip time was 25.8927 milliseconds in repetition 156
tcp_ping received 32768 bytes back
Round trip time was 23.9983 milliseconds in repetition 157
tcp_ping received 32768 bytes back
Round trip time was 24.9377 milliseconds in repetition 158
tcp_ping received 32768 bytes back
Round trip time was 24.6468 milliseconds in repetition 159
tcp_ping received 32768 bytes back
Round trip time was 26.0048 milliseconds in repetition 160
tcp_ping received 32768 bytes back
Round trip time was 24.3336 milliseconds in repetition 161
tcp_ping received 32768 bytes back
Round trip time was 25.03 milliseconds in repetition 162
tcp_ping received 32768 bytes back
Round trip time was 24.1941 milliseconds in repetition 163
tcp_ping received 32768 bytes back
Round trip time was 24.8921 milliseconds in repetition 164
tcp_ping received 32768 bytes back
Round trip time was 24.007 milliseconds in repetition 165
tcp_ping received 32768 bytes back
Round trip time was 25.0514 milliseconds in repetition 166
tcp_ping received 32768 bytes back
Round trip time was 25.1334 milliseconds in repetition 167
tcp_ping received 32768 bytes back
Round trip time was 24.6367 milliseconds in repetition 168
tcp_ping received 32768 bytes back
Round trip time was 24.4841 milliseconds in repetition 169
tcp_ping received 32768 bytes back
Round trip time was 23.7623 milliseconds in repetition 170
tcp_ping received 32768 bytes back
Round trip time was 24.4151 milliseconds in repetition 171
tcp_ping received 32768 bytes back
Round trip time was 23.8015 milliseconds in repetition 172
tcp_ping received 32768 bytes back
Round trip time was 24.7361 milliseconds in repetition 173
tcp_ping received 32768 bytes back
Round trip time was 25.0511 milliseconds in repetition 174
tcp_ping received 32768 bytes back
Round trip time was 24.7081 milliseconds in repetition 175
tcp_ping received 32768 bytes back
Round trip time was 24.2271 milliseconds in repetition 176
tcp_ping received 32768 bytes back
Round trip time was 25.1796 milliseconds in repetition 177
tcp_ping received 32768 bytes back
Round trip time was 23.9553 milliseconds in repetition 178
tcp_ping received 32768 bytes back
Round trip time was 25.3258 milliseconds in repetition 179
tcp_ping received 32768 bytes back
Round trip time was 24.5786 milliseconds in repetition 180
tcp_ping received 32768 bytes back
Round trip time was 25.1201 milliseconds in repetition 181
tcp_ping received 32768 bytes back
Round trip time was 25.2545 milliseconds in repetition 182
tcp_ping received 32768 bytes back
Round trip time was 26.3577 milliseconds in repetition 183
tcp_ping received 32768 bytes back
Round trip time was 23.8917 milliseconds in repetition 184
tcp_ping received 32768 bytes back
Round trip time was 24.7735 milliseconds in repetition 185
tcp_ping received 32768 bytes back
Round trip time was 25.6704 milliseconds in repetition 186
tcp_ping received 32768 bytes back
Round trip time was 23.6994 milliseconds in repetition 187
tcp_ping received 32768 bytes back
Round trip time was 24.2744 milliseconds in repetition 188
tcp_ping received 32768 bytes back
Round trip time was 23.5802 milliseconds in repetition 189
tcp_ping received 32768 bytes back
Round trip time was 24.7088 milliseconds in repetition 190
tcp_ping received 32768 bytes back
Round trip time was 24.8052 milliseconds in repetition 191
tcp_ping received 32768 bytes back
Round trip time was 24.4241 milliseconds in repetition 192
tcp_ping received 32768 bytes back
Round trip time was 24.4859 milliseconds in repetition 193
tcp_ping received 32768 bytes back
Round trip time was 25.653 milliseconds in repetition 194
tcp_ping received 32768 bytes back
Round trip time was 24.5009 milliseconds in repetition 195
tcp_ping received 32768 bytes back
Round trip time was 26.62 milliseconds in repetition 196
tcp_ping received 32768 bytes back
Round trip time was 25.5418 milliseconds in repetition 197
tcp_ping received 32768 bytes back
Round trip time was 24.3915 milliseconds in repetition 198
tcp_ping received 32768 bytes back
Round trip time was 24.1452 milliseconds in repetition 199
tcp_ping received 32768 bytes back
Round trip time was 24.5345 milliseconds in repetition 200
tcp_ping received 32768 bytes back
Round trip time was 23.8312 milliseconds in repetition 201
tcp_ping received 32768 bytes back
Round trip time was 25.7439 milliseconds in repetition 202
tcp_ping received 32768 bytes back
Round trip time was 24.4892 milliseconds in repetition 203
tcp_ping received 32768 bytes back
Round trip time was 26.4659 milliseconds in repetition 204
tcp_ping received 32768 bytes back
Round trip time was 24.3486 milliseconds in repetition 205
tcp_ping received 32768 bytes back
Round trip time was 23.969 milliseconds in repetition 206
tcp_ping received 32768 bytes back
Round trip time was 24.4177 milliseconds in repetition 207
tcp_ping received 32768 bytes back
Round trip time was 23.7178 milliseconds in repetition 208
tcp_ping received 32768 bytes back
Round trip time was 24.1106 milliseconds in repetition 209
tcp_ping received 32768 bytes back
Round trip time was 24.2984 milliseconds in repetition 210
tcp_ping received 32768 bytes back
Round trip time was 24.4576 milliseconds in repetition 211
tcp_ping received 32768 bytes back
Round trip time was 24.577 milliseconds in repetition 212
tcp_ping received 32768 bytes back
Round trip time was 24.3034 milliseconds in repetition 213
tcp_ping received 32768 bytes back
Round trip time was 23.4762 milliseconds in repetition 214
tcp_ping received 32768 bytes back
Round trip time was 26.3865 milliseconds in repetition 215
tcp_ping received 32768 bytes back
Round trip time was 24.1729 milliseconds in repetition 216
tcp_ping received 32768 bytes back
Round trip time was 23.7007 milliseconds in repetition 217
tcp_ping received 32768 bytes back
Round trip time was 24.6774 milliseconds in repetition 218
tcp_ping received 32768 bytes back
Round trip time was 24.6507 milliseconds in repetition 219
tcp_ping received 32768 bytes back
Round trip time was 23.5842 milliseconds in repetition 220
tcp_ping received 32768 bytes back
Round trip time was 24.1161 milliseconds in repetition 221
tcp_ping received 32768 bytes back
Round trip time was 24.9395 milliseconds in repetition 222
tcp_ping received 32768 bytes back
Round trip time was 26.2851 milliseconds in repetition 223
tcp_ping received 32768 bytes back
Round trip time was 24.0451 milliseconds in repetition 224
tcp_ping received 32768 bytes back
Round trip time was 26.562 milliseconds in repetition 225
tcp_ping received 32768 bytes back
Round trip time was 24.2301 milliseconds in repetition 226
tcp_ping received 32768 bytes back
Round trip time was 25.8493 milliseconds in repetition 227
tcp_ping received 32768 bytes back
Round trip time was 24.025 milliseconds in repetition 228
tcp_ping received 32768 bytes back
Round trip time was 26.558 milliseconds in repetition 229
tcp_ping received 32768 bytes back
Round trip time was 25.7297 milliseconds in repetition 230
tcp_ping received 32768 bytes back
Round trip time was 25.1118 milliseconds in repetition 231
tcp_ping received 32768 bytes back
Round trip time was 24.4113 milliseconds in repetition 232
tcp_ping received 32768 bytes back
Round trip time was 24.6787 milliseconds in repetition 233
tcp_ping received 32768 bytes back
Round trip time was 24.7896 milliseconds in repetition 234
tcp_ping received 32768 bytes back
Round trip time was 27.5503 milliseconds in repetition 235
tcp_ping received 32768 bytes back
Round trip time was 23.6655 milliseconds in repetition 236
tcp_ping received 32768 bytes back
Round trip time was 24.0661 milliseconds in repetition 237
tcp_ping received 32768 bytes back
Round trip time was 24.5651 milliseconds in repetition 238
tcp_ping received 32768 bytes back
Round trip time was 24.2588 milliseconds in repetition 239
tcp_ping received 32768 bytes back
Round trip time was 24.3445 milliseconds in repetition 240
tcp_ping received 32768 bytes back
Round trip time was 25.3805 milliseconds in repetition 241
tcp_ping received 32768 bytes back
Round trip time was 24.0535 milliseconds in repetition 242
tcp_ping received 32768 bytes back
Round trip time was 24.7347 milliseconds in repetition 243
tcp_ping received 32768 bytes back
Round trip time was 24.4094 milliseconds in repetition 244
tcp_ping received 32768 bytes back
Round trip time was 24.9067 milliseconds in repetition 245
tcp_ping received 32768 bytes back
Round trip time was 24.4974 milliseconds in repetition 246
tcp_ping received 32768 bytes back
Round trip time was 23.922 milliseconds in repetition 247
tcp_ping received 32768 bytes back
Round trip time was 23.9825 milliseconds in repetition 248
tcp_ping received 32768 bytes back
Round trip time was 26.4042 milliseconds in repetition 249
tcp_ping received 32768 bytes back
Round trip time was 24.1208 milliseconds in repetition 250
tcp_ping received 32768 bytes back
Round trip time was 25.1835 milliseconds in repetition 251
tcp_ping received 32768 bytes back
Round trip time was 23.9453 milliseconds in repetition 252
tcp_ping received 32768 bytes back
Round trip time was 24.3062 milliseconds in repetition 253
tcp_ping received 32768 bytes back
Round trip time was 25.0395 milliseconds in repetition 254
tcp_ping received 32768 bytes back
Round trip time was 24.5467 milliseconds in repetition 255
tcp_ping received 32768 bytes back
Round trip time was 24.7138 milliseconds in repetition 256
tcp_ping received 32768 bytes back
Round trip time was 24.5999 milliseconds in repetition 257
tcp_ping received 32768 bytes back
Round trip time was 30.9639 milliseconds in repetition 258
tcp_ping received 32768 bytes back
Round trip time was 25.1269 milliseconds in repetition 259
tcp_ping received 32768 bytes back
Round trip time was 25.0987 milliseconds in repetition 260
tcp_ping received 32768 bytes back
Round trip time was 24.4476 milliseconds in repetition 261
tcp_ping received 32768 bytes back
Round trip time was 24.3126 milliseconds in repetition 262
tcp_ping received 32768 bytes back
Round trip time was 23.7269 milliseconds in repetition 263
tcp_ping received 32768 bytes back
Round trip time was 24.6869 milliseconds in repetition 264
tcp_ping received 32768 bytes back
Round trip time was 24.6962 milliseconds in repetition 265
tcp_ping received 32768 bytes back
Round trip time was 24.9214 milliseconds in repetition 266
tcp_ping received 32768 bytes back
Round trip time was 24.2718 milliseconds in repetition 267
tcp_ping received 32768 bytes back
Round trip time was 24.2596 milliseconds in repetition 268
tcp_ping received 32768 bytes back
Round trip time was 25.2181 milliseconds in repetition 269
tcp_ping received 32768 bytes back
Round trip time was 24.4425 milliseconds in repetition 270
tcp_ping received 32768 bytes back
Round trip time was 24.4699 milliseconds in repetition 271
tcp_ping received 32768 bytes back
Round trip time was 24.0323 milliseconds in repetition 272
tcp_ping received 32768 bytes back
Round trip time was 24.3575 milliseconds in repetition 273
tcp_ping received 32768 bytes back
Round trip time was 23.8811 milliseconds in repetition 274
tcp_ping received 32768 bytes back
Round trip time was 25.9678 milliseconds in repetition 275
tcp_ping received 32768 bytes back
Round trip time was 24.7503 milliseconds in repetition 276
tcp_ping received 32768 bytes back
Round trip time was 24.5418 milliseconds in repetition 277
tcp_ping received 32768 bytes back
Round trip time was 53.6872 milliseconds in repetition 278
tcp_ping received 32768 bytes back
Round trip time was 24.3789 milliseconds in repetition 279
tcp_ping received 32768 bytes back
Round trip time was 30.7361 milliseconds in repetition 280
tcp_ping received 32768 bytes back
Round trip time was 24.2212 milliseconds in repetition 281
tcp_ping received 32768 bytes back
Round trip time was 37.0412 milliseconds in repetition 282
tcp_ping received 32768 bytes back
Round trip time was 24.6446 milliseconds in repetition 283
tcp_ping received 32768 bytes back
Round trip time was 24.7773 milliseconds in repetition 284
tcp_ping received 32768 bytes back
Round trip time was 24.3742 milliseconds in repetition 285
tcp_ping received 32768 bytes back
Round trip time was 43.8828 milliseconds in repetition 286
tcp_ping received 32768 bytes back
Round trip time was 25.0163 milliseconds in repetition 287
tcp_ping received 32768 bytes back
Round trip time was 26.7941 milliseconds in repetition 288
tcp_ping received 32768 bytes back
Round trip time was 24.1377 milliseconds in repetition 289
tcp_ping received 32768 bytes back
Round trip time was 43.188 milliseconds in repetition 290
tcp_ping received 32768 bytes back
Round trip time was 24.2571 milliseconds in repetition 291
tcp_ping received 32768 bytes back
Round trip time was 24.4795 milliseconds in repetition 292
tcp_ping received 32768 bytes back
Round trip time was 24.1495 milliseconds in repetition 293
tcp_ping received 32768 bytes back
Round trip time was 46.3453 milliseconds in repetition 294
tcp_ping received 32768 bytes back
Round trip time was 25.2661 milliseconds in repetition 295
tcp_ping received 32768 bytes back
Round trip time was 27.915 milliseconds in repetition 296
tcp_ping received 32768 bytes back
Round trip time was 24.3678 milliseconds in repetition 297
tcp_ping received 32768 bytes back
Round trip time was 43.9382 milliseconds in repetition 298
tcp_ping received 32768 bytes back
Round trip time was 24.7542 milliseconds in repetition 299
tcp_ping received 32768 bytes back
Round trip time was 25.9366 milliseconds in repetition 300
tcp_ping received 32768 bytes back
Round trip time was 23.8704 milliseconds in repetition 301
tcp_ping received 32768 bytes back
Round trip time was 24.9687 milliseconds in repetition 302
tcp_ping received 32768 bytes back
Round trip time was 27.141 milliseconds in repetition 303
tcp_ping received 32768 bytes back
Round trip time was 25.1772 milliseconds in repetition 304
tcp_ping received 32768 bytes back
Round trip time was 24.2858 milliseconds in repetition 305
tcp_ping received 32768 bytes back
Round trip time was 24.1482 milliseconds in repetition 306
tcp_ping received 32768 bytes back
Round trip time was 24.8834 milliseconds in repetition 307
tcp_ping received 32768 bytes back
Round trip time was 24.3331 milliseconds in repetition 308
tcp_ping received 32768 bytes back
Round trip time was 24.4217 milliseconds in repetition 309
tcp_ping received 32768 bytes back
Round trip time was 24.3298 milliseconds in repetition 310
tcp_ping received 32768 bytes back
Round trip time was 24.9327 milliseconds in repetition 311
tcp_ping received 32768 bytes back
Round trip time was 24.3452 milliseconds in repetition 312
tcp_ping received 32768 bytes back
Round trip time was 24.5706 milliseconds in repetition 313
tcp_ping received 32768 bytes back
Round trip time was 23.9309 milliseconds in repetition 314
tcp_ping received 32768 bytes back
Round trip time was 24.0554 milliseconds in repetition 315
tcp_ping received 32768 bytes back
Round trip time was 24.1336 milliseconds in repetition 316
tcp_ping received 32768 bytes back
Round trip time was 24.3408 milliseconds in repetition 317
tcp_ping received 32768 bytes back
Round trip time was 24.226 milliseconds in repetition 318
tcp_ping received 32768 bytes back
Round trip time was 25.5328 milliseconds in repetition 319
tcp_ping received 32768 bytes back
Round trip time was 26.2803 milliseconds in repetition 320
tcp_ping received 32768 bytes back
Round trip time was 25.0477 milliseconds in repetition 321
tcp_ping received 32768 bytes back
Round trip time was 24.79 milliseconds in repetition 322
tcp_ping received 32768 bytes back
Round trip time was 24.9894 milliseconds in repetition 323
tcp_ping received 32768 bytes back
Round trip time was 24.2825 milliseconds in repetition 324
tcp_ping received 32768 bytes back
Round trip time was 28.9377 milliseconds in repetition 325
tcp_ping received 32768 bytes back
Round trip time was 26.9717 milliseconds in repetition 326
tcp_ping received 32768 bytes back
Round trip time was 33.3631 milliseconds in repetition 327
tcp_ping received 32768 bytes back
Round trip time was 29.6031 milliseconds in repetition 328
tcp_ping received 32768 bytes back
Round trip time was 32.4851 milliseconds in repetition 329
tcp_ping received 32768 bytes back
Round trip time was 24.9594 milliseconds in repetition 330
tcp_ping received 32768 bytes back
Round trip time was 23.8949 milliseconds in repetition 331
tcp_ping received 32768 bytes back
Round trip time was 23.9851 milliseconds in repetition 332
tcp_ping received 32768 bytes back
Round trip time was 24.7051 milliseconds in repetition 333
tcp_ping received 32768 bytes back
Round trip time was 24.028 milliseconds in repetition 334
tcp_ping received 32768 bytes back
Round trip time was 26.4132 milliseconds in repetition 335
tcp_ping received 32768 bytes back
Round trip time was 24.9486 milliseconds in repetition 336
tcp_ping received 32768 bytes back
Round trip time was 27.9407 milliseconds in repetition 337
tcp_ping received 32768 bytes back
Round trip time was 28.4167 milliseconds in repetition 338
tcp_ping received 32768 bytes back
Round trip time was 30.7617 milliseconds in repetition 339
tcp_ping received 32768 bytes back
Round trip time was 31.7301 milliseconds in repetition 340
tcp_ping received 32768 bytes back
Round trip time was 24.5971 milliseconds in repetition 341
tcp_ping received 32768 bytes back
Round trip time was 33.0537 milliseconds in repetition 342
tcp_ping received 32768 bytes back
Round trip time was 28.4444 milliseconds in repetition 343
tcp_ping received 32768 bytes back
Round trip time was 23.9212 milliseconds in repetition 344
tcp_ping received 32768 bytes back
Round trip time was 25.1186 milliseconds in repetition 345
tcp_ping received 32768 bytes back
Round trip time was 25.9139 milliseconds in repetition 346
tcp_ping received 32768 bytes back
Round trip time was 24.4244 milliseconds in repetition 347
tcp_ping received 32768 bytes back
Round trip time was 24.9208 milliseconds in repetition 348
tcp_ping received 32768 bytes back
Round trip time was 23.751 milliseconds in repetition 349
tcp_ping received 32768 bytes back
Round trip time was 24.7494 milliseconds in repetition 350
tcp_ping received 32768 bytes back
Round trip time was 25.5561 milliseconds in repetition 351
tcp_ping received 32768 bytes back
Round trip time was 24.754 milliseconds in repetition 352
tcp_ping received 32768 bytes back
Round trip time was 24.821 milliseconds in repetition 353
tcp_ping received 32768 bytes back
Round trip time was 25.0482 milliseconds in repetition 354
tcp_ping received 32768 bytes back
Round trip time was 24.2827 milliseconds in repetition 355
tcp_ping received 32768 bytes back
Round trip time was 24.3467 milliseconds in repetition 356
tcp_ping received 32768 bytes back
Round trip time was 24.2974 milliseconds in repetition 357
tcp_ping received 32768 bytes back
Round trip time was 25.3124 milliseconds in repetition 358
tcp_ping received 32768 bytes back
Round trip time was 25.2469 milliseconds in repetition 359
tcp_ping received 32768 bytes back
Round trip time was 24.8177 milliseconds in repetition 360
tcp_ping received 32768 bytes back
Round trip time was 24.9978 milliseconds in repetition 361
tcp_ping received 32768 bytes back
Round trip time was 24.1294 milliseconds in repetition 362
tcp_ping received 32768 bytes back
Round trip time was 24.9141 milliseconds in repetition 363
tcp_ping received 32768 bytes back
Round trip time was 24.6925 milliseconds in repetition 364
tcp_ping received 32768 bytes back
Round trip time was 25.7739 milliseconds in repetition 365
tcp_ping received 32768 bytes back
Round trip time was 24.6937 milliseconds in repetition 366
tcp_ping received 32768 bytes back
Round trip time was 27.0054 milliseconds in repetition 367
tcp_ping received 32768 bytes back
Round trip time was 24.4766 milliseconds in repetition 368
tcp_ping received 32768 bytes back
Round trip time was 26.4643 milliseconds in repetition 369
tcp_ping received 32768 bytes back
Round trip time was 74.2361 milliseconds in repetition 370
tcp_ping received 32768 bytes back
Round trip time was 24.1367 milliseconds in repetition 371
tcp_ping received 32768 bytes back
Round trip time was 25.7777 milliseconds in repetition 372
tcp_ping received 32768 bytes back
Round trip time was 25.3084 milliseconds in repetition 373
tcp_ping received 32768 bytes back
Round trip time was 27.1837 milliseconds in repetition 374
tcp_ping received 32768 bytes back
Round trip time was 24.8193 milliseconds in repetition 375
tcp_ping received 32768 bytes back
Round trip time was 24.9763 milliseconds in repetition 376
tcp_ping received 32768 bytes back
Round trip time was 24.1718 milliseconds in repetition 377
tcp_ping received 32768 bytes back
Round trip time was 25.2243 milliseconds in repetition 378
tcp_ping received 32768 bytes back
Round trip time was 25.4887 milliseconds in repetition 379
tcp_ping received 32768 bytes back
Round trip time was 25.674 milliseconds in repetition 380
tcp_ping received 32768 bytes back
Round trip time was 24.5029 milliseconds in repetition 381
tcp_ping received 32768 bytes back
Round trip time was 28.9624 milliseconds in repetition 382
tcp_ping received 32768 bytes back
Round trip time was 25.2846 milliseconds in repetition 383
tcp_ping received 32768 bytes back
Round trip time was 25.4448 milliseconds in repetition 384
tcp_ping received 32768 bytes back
Round trip time was 25.617 milliseconds in repetition 385
tcp_ping received 32768 bytes back
Round trip time was 26.0364 milliseconds in repetition 386
tcp_ping received 32768 bytes back
Round trip time was 25.3658 milliseconds in repetition 387
tcp_ping received 32768 bytes back
Round trip time was 25.1455 milliseconds in repetition 388
tcp_ping received 32768 bytes back
Round trip time was 28.3411 milliseconds in repetition 389
tcp_ping received 32768 bytes back
Round trip time was 26.1639 milliseconds in repetition 390
tcp_ping received 32768 bytes back
Round trip time was 25.3546 milliseconds in repetition 391
tcp_ping received 32768 bytes back
Round trip time was 25.2797 milliseconds in repetition 392
tcp_ping received 32768 bytes back
Round trip time was 24.2559 milliseconds in repetition 393
tcp_ping received 32768 bytes back
Round trip time was 25.2464 milliseconds in repetition 394
tcp_ping received 32768 bytes back
Round trip time was 25.325 milliseconds in repetition 395
tcp_ping received 32768 bytes back
Round trip time was 25.761 milliseconds in repetition 396
tcp_ping received 32768 bytes back
Round trip time was 25.733 milliseconds in repetition 397
tcp_ping received 32768 bytes back
Round trip time was 25.3501 milliseconds in repetition 398
tcp_ping received 32768 bytes back
Round trip time was 26.364 milliseconds in repetition 399
tcp_ping received 32768 bytes back
Round trip time was 24.3441 milliseconds in repetition 400
tcp_ping received 32768 bytes back
Round trip time was 24.7463 milliseconds in repetition 401
tcp_ping received 32768 bytes back
Round trip time was 23.921 milliseconds in repetition 402
tcp_ping received 32768 bytes back
Round trip time was 24.7187 milliseconds in repetition 403
tcp_ping received 32768 bytes back
Round trip time was 24.7927 milliseconds in repetition 404
tcp_ping received 32768 bytes back
Round trip time was 24.8786 milliseconds in repetition 405
tcp_ping received 32768 bytes back
Round trip time was 26.1433 milliseconds in repetition 406
tcp_ping received 32768 bytes back
Round trip time was 24.2481 milliseconds in repetition 407
tcp_ping received 32768 bytes back
Round trip time was 24.005 milliseconds in repetition 408
tcp_ping received 32768 bytes back
Round trip time was 24.3322 milliseconds in repetition 409
tcp_ping received 32768 bytes back
Round trip time was 24.6835 milliseconds in repetition 410
tcp_ping received 32768 bytes back
Round trip time was 24.7176 milliseconds in repetition 411
tcp_ping received 32768 bytes back
Round trip time was 24.8942 milliseconds in repetition 412
tcp_ping received 32768 bytes back
Round trip time was 23.8543 milliseconds in repetition 413
tcp_ping received 32768 bytes back
Round trip time was 25.7794 milliseconds in repetition 414
tcp_ping received 32768 bytes back
Round trip time was 24.716 milliseconds in repetition 415
tcp_ping received 32768 bytes back
Round trip time was 24.0637 milliseconds in repetition 416
tcp_ping received 32768 bytes back
Round trip time was 24.2313 milliseconds in repetition 417
tcp_ping received 32768 bytes back
Round trip time was 27.293 milliseconds in repetition 418
tcp_ping received 32768 bytes back
Round trip time was 24.8775 milliseconds in repetition 419
tcp_ping received 32768 bytes back
Round trip time was 24.7975 milliseconds in repetition 420
tcp_ping received 32768 bytes back
Round trip time was 25.3694 milliseconds in repetition 421
tcp_ping received 32768 bytes back
Round trip time was 25.4286 milliseconds in repetition 422
tcp_ping received 32768 bytes back
Round trip time was 25.1212 milliseconds in repetition 423
tcp_ping received 32768 bytes back
Round trip time was 25.151 milliseconds in repetition 424
tcp_ping received 32768 bytes back
Round trip time was 24.5683 milliseconds in repetition 425
tcp_ping received 32768 bytes back
Round trip time was 25.9454 milliseconds in repetition 426
tcp_ping received 32768 bytes back
Round trip time was 25.1731 milliseconds in repetition 427
tcp_ping received 32768 bytes back
Round trip time was 24.2941 milliseconds in repetition 428
tcp_ping received 32768 bytes back
Round trip time was 25.4283 milliseconds in repetition 429
tcp_ping received 32768 bytes back
Round trip time was 26.1022 milliseconds in repetition 430
tcp_ping received 32768 bytes back
Round trip time was 24.5624 milliseconds in repetition 431
tcp_ping received 32768 bytes back
Round trip time was 24.3033 milliseconds in repetition 432
tcp_ping received 32768 bytes back
Round trip time was 24.4203 milliseconds in repetition 433
tcp_ping received 32768 bytes back
Round trip time was 24.4468 milliseconds in repetition 434
tcp_ping received 32768 bytes back
Round trip time was 24.3205 milliseconds in repetition 435
tcp_ping received 32768 bytes back
Round trip time was 23.814 milliseconds in repetition 436
tcp_ping received 32768 bytes back
Round trip time was 25.4042 milliseconds in repetition 437
tcp_ping received 32768 bytes back
Round trip time was 25.5713 milliseconds in repetition 438
tcp_ping received 32768 bytes back
Round trip time was 25.1018 milliseconds in repetition 439
tcp_ping received 32768 bytes back
Round trip time was 24.7134 milliseconds in repetition 440
tcp_ping received 32768 bytes back
Round trip time was 24.7815 milliseconds in repetition 441
tcp_ping received 32768 bytes back
Round trip time was 25.569 milliseconds in repetition 442
tcp_ping received 32768 bytes back
Round trip time was 24.7544 milliseconds in repetition 443
tcp_ping received 32768 bytes back
Round trip time was 25.6443 milliseconds in repetition 444
tcp_ping received 32768 bytes back
Round trip time was 25.2265 milliseconds in repetition 445
tcp_ping received 32768 bytes back
Round trip time was 24.6457 milliseconds in repetition 446
tcp_ping received 32768 bytes back
Round trip time was 24.7774 milliseconds in repetition 447
tcp_ping received 32768 bytes back
Round trip time was 25.999 milliseconds in repetition 448
tcp_ping received 32768 bytes back
Round trip time was 24.7165 milliseconds in repetition 449
tcp_ping received 32768 bytes back
Round trip time was 24.9622 milliseconds in repetition 450
tcp_ping received 32768 bytes back
Round trip time was 24.4608 milliseconds in repetition 451
tcp_ping received 32768 bytes back
Round trip time was 24.0483 milliseconds in repetition 452
tcp_ping received 32768 bytes back
Round trip time was 24.2221 milliseconds in repetition 453
tcp_ping received 32768 bytes back
Round trip time was 24.4774 milliseconds in repetition 454
tcp_ping received 32768 bytes back
Round trip time was 24.1904 milliseconds in repetition 455
tcp_ping received 32768 bytes back
Round trip time was 26.4026 milliseconds in repetition 456
tcp_ping received 32768 bytes back
Round trip time was 24.2678 milliseconds in repetition 457
tcp_ping received 32768 bytes back
Round trip time was 27.1916 milliseconds in repetition 458
tcp_ping received 32768 bytes back
Round trip time was 24.5497 milliseconds in repetition 459
tcp_ping received 32768 bytes back
Round trip time was 24.1803 milliseconds in repetition 460
tcp_ping received 32768 bytes back
Round trip time was 24.0646 milliseconds in repetition 461
tcp_ping received 32768 bytes back
Round trip time was 24.9157 milliseconds in repetition 462
tcp_ping received 32768 bytes back
Round trip time was 24.4971 milliseconds in repetition 463
tcp_ping received 32768 bytes back
Round trip time was 24.675 milliseconds in repetition 464
tcp_ping received 32768 bytes back
Round trip time was 24.5113 milliseconds in repetition 465
tcp_ping received 32768 bytes back
Round trip time was 24.1042 milliseconds in repetition 466
tcp_ping received 32768 bytes back
Round trip time was 26.8055 milliseconds in repetition 467
tcp_ping received 32768 bytes back
Round trip time was 24.8267 milliseconds in repetition 468
tcp_ping received 32768 bytes back
Round trip time was 24.6948 milliseconds in repetition 469
tcp_ping received 32768 bytes back
Round trip time was 40.2882 milliseconds in repetition 470
tcp_ping received 32768 bytes back
Round trip time was 23.6054 milliseconds in repetition 471
tcp_ping received 32768 bytes back
Round trip time was 24.6939 milliseconds in repetition 472
tcp_ping received 32768 bytes back
Round trip time was 24.2216 milliseconds in repetition 473
tcp_ping received 32768 bytes back
Round trip time was 46.2269 milliseconds in repetition 474
tcp_ping received 32768 bytes back
Round trip time was 24.8456 milliseconds in repetition 475
tcp_ping received 32768 bytes back
Round trip time was 24.5831 milliseconds in repetition 476
tcp_ping received 32768 bytes back
Round trip time was 25.3512 milliseconds in repetition 477
tcp_ping received 32768 bytes back
Round trip time was 43.7612 milliseconds in repetition 478
tcp_ping received 32768 bytes back
Round trip time was 25.3802 milliseconds in repetition 479
tcp_ping received 32768 bytes back
Round trip time was 25.2325 milliseconds in repetition 480
tcp_ping received 32768 bytes back
Round trip time was 24.6726 milliseconds in repetition 481
tcp_ping received 32768 bytes back
Round trip time was 42.6122 milliseconds in repetition 482
tcp_ping received 32768 bytes back
Round trip time was 24.8968 milliseconds in repetition 483
tcp_ping received 32768 bytes back
Round trip time was 23.8804 milliseconds in repetition 484
tcp_ping received 32768 bytes back
Round trip time was 24.4965 milliseconds in repetition 485
tcp_ping received 32768 bytes back
Round trip time was 46.7798 milliseconds in repetition 486
tcp_ping received 32768 bytes back
Round trip time was 25.7061 milliseconds in repetition 487
tcp_ping received 32768 bytes back
Round trip time was 25.1633 milliseconds in repetition 488
tcp_ping received 32768 bytes back
Round trip time was 25.0622 milliseconds in repetition 489
tcp_ping received 32768 bytes back
Round trip time was 42.3182 milliseconds in repetition 490
tcp_ping received 32768 bytes back
Round trip time was 25.0384 milliseconds in repetition 491
tcp_ping received 32768 bytes back
Round trip time was 24.573 milliseconds in repetition 492
tcp_ping received 32768 bytes back
Round trip time was 24.4659 milliseconds in repetition 493
tcp_ping received 32768 bytes back
Round trip time was 24.4762 milliseconds in repetition 494
tcp_ping received 32768 bytes back
Round trip time was 24.1541 milliseconds in repetition 495
tcp_ping received 32768 bytes back
Round trip time was 24.5616 milliseconds in repetition 496
tcp_ping received 32768 bytes back
Round trip time was 25.154 milliseconds in repetition 497
tcp_ping received 32768 bytes back
Round trip time was 26.0171 milliseconds in repetition 498
tcp_ping received 32768 bytes back
Round trip time was 25.099 milliseconds in repetition 499
tcp_ping received 32768 bytes back
Round trip time was 25.3636 milliseconds in repetition 500
tcp_ping received 32768 bytes back
Round trip time was 23.8518 milliseconds in repetition 501

 ... clock resolution was 1e-06
TCP Ping:  Statistics over 501 repetitions of 32768 byte messages

RTT : percentile 10: 24.0637, median: 24.8205, percentile 90: 26.9983, average: 26.077, variance: 43.4327

RTT histogram:
23.4762 427
29.077 50
34.6777 7
40.2785 4
45.8792 9
51.48 1
57.0808 1
62.6815 0
68.2823 0
73.883 1
79.4838 0
85.0845 0
90.6853 0
96.286 0
101.887 0
107.488 0
113.088 0
118.689 0
124.29 0
129.891 0
135.491 1

   median Throughput : 2640.4 KB/s   overall Throughput : 2513.18 KB/s

