UDP Ping trying to connect to server seti.dibris.unige.it (130.251.61.30) on TCP port 1491
 ... connected to Pong server: asking for 501 repetitions of 768 _bytes UDP messages
 ... Pong server agreed to ping-pong using port 52241 :-)
Round trip time was 38.683 milliseconds in repetition 1
Round trip time was 23.892 milliseconds in repetition 2
Round trip time was 23.450 milliseconds in repetition 3
Round trip time was 23.884 milliseconds in repetition 4
Round trip time was 37.089 milliseconds in repetition 5
Round trip time was 28.175 milliseconds in repetition 6
Round trip time was 28.948 milliseconds in repetition 7
Round trip time was 44.343 milliseconds in repetition 8
Round trip time was 24.051 milliseconds in repetition 9
Round trip time was 25.061 milliseconds in repetition 10
Round trip time was 25.549 milliseconds in repetition 11
Round trip time was 38.713 milliseconds in repetition 12
Round trip time was 23.578 milliseconds in repetition 13
Round trip time was 22.723 milliseconds in repetition 14
Round trip time was 23.192 milliseconds in repetition 15
Round trip time was 23.588 milliseconds in repetition 16
Round trip time was 22.663 milliseconds in repetition 17
Round trip time was 23.706 milliseconds in repetition 18
Round trip time was 22.475 milliseconds in repetition 19
Round trip time was 22.703 milliseconds in repetition 20
Round trip time was 21.750 milliseconds in repetition 21
Round trip time was 22.072 milliseconds in repetition 22
Round trip time was 22.099 milliseconds in repetition 23
Round trip time was 22.335 milliseconds in repetition 24
Round trip time was 22.591 milliseconds in repetition 25
Round trip time was 23.131 milliseconds in repetition 26
Round trip time was 23.202 milliseconds in repetition 27
Round trip time was 21.906 milliseconds in repetition 28
Round trip time was 22.026 milliseconds in repetition 29
Round trip time was 21.730 milliseconds in repetition 30
Round trip time was 22.078 milliseconds in repetition 31
Round trip time was 22.273 milliseconds in repetition 32
Round trip time was 22.735 milliseconds in repetition 33
Round trip time was 22.528 milliseconds in repetition 34
Round trip time was 25.694 milliseconds in repetition 35
Round trip time was 22.397 milliseconds in repetition 36
Round trip time was 21.841 milliseconds in repetition 37
Round trip time was 22.678 milliseconds in repetition 38
Round trip time was 22.184 milliseconds in repetition 39
Round trip time was 22.753 milliseconds in repetition 40
Round trip time was 22.374 milliseconds in repetition 41
Round trip time was 22.275 milliseconds in repetition 42
Round trip time was 21.531 milliseconds in repetition 43
Round trip time was 22.806 milliseconds in repetition 44
Round trip time was 23.818 milliseconds in repetition 45
Round trip time was 22.211 milliseconds in repetition 46
Round trip time was 21.722 milliseconds in repetition 47
Round trip time was 22.562 milliseconds in repetition 48
Round trip time was 22.732 milliseconds in repetition 49
Round trip time was 21.916 milliseconds in repetition 50
Round trip time was 22.255 milliseconds in repetition 51
Round trip time was 21.925 milliseconds in repetition 52
Round trip time was 22.051 milliseconds in repetition 53
Round trip time was 22.175 milliseconds in repetition 54
Round trip time was 23.376 milliseconds in repetition 55
Round trip time was 22.260 milliseconds in repetition 56
Round trip time was 22.007 milliseconds in repetition 57
Round trip time was 22.764 milliseconds in repetition 58
Round trip time was 28.769 milliseconds in repetition 59
Round trip time was 22.673 milliseconds in repetition 60
Round trip time was 30.437 milliseconds in repetition 61
Round trip time was 24.566 milliseconds in repetition 62
Round trip time was 22.677 milliseconds in repetition 63
Round trip time was 22.368 milliseconds in repetition 64
Round trip time was 22.534 milliseconds in repetition 65
Round trip time was 23.977 milliseconds in repetition 66
Round trip time was 22.345 milliseconds in repetition 67
Round trip time was 22.097 milliseconds in repetition 68
Round trip time was 22.724 milliseconds in repetition 69
Round trip time was 22.379 milliseconds in repetition 70
Round trip time was 22.460 milliseconds in repetition 71
Round trip time was 22.169 milliseconds in repetition 72
Round trip time was 22.330 milliseconds in repetition 73
Round trip time was 21.669 milliseconds in repetition 74
Round trip time was 22.446 milliseconds in repetition 75
Round trip time was 22.307 milliseconds in repetition 76
Round trip time was 22.282 milliseconds in repetition 77
Round trip time was 21.832 milliseconds in repetition 78
Round trip time was 21.643 milliseconds in repetition 79
Round trip time was 26.119 milliseconds in repetition 80
Round trip time was 63.969 milliseconds in repetition 81
Round trip time was 22.783 milliseconds in repetition 82
Round trip time was 47.663 milliseconds in repetition 83
Round trip time was 22.429 milliseconds in repetition 84
Round trip time was 64.536 milliseconds in repetition 85
Round trip time was 49.959 milliseconds in repetition 86
Round trip time was 22.149 milliseconds in repetition 87
Round trip time was 47.063 milliseconds in repetition 88
Round trip time was 22.394 milliseconds in repetition 89
Round trip time was 47.179 milliseconds in repetition 90
Round trip time was 65.803 milliseconds in repetition 91
Round trip time was 25.021 milliseconds in repetition 92
Round trip time was 56.321 milliseconds in repetition 93
Round trip time was 22.604 milliseconds in repetition 94
Round trip time was 22.980 milliseconds in repetition 95
Round trip time was 34.205 milliseconds in repetition 96
Round trip time was 21.986 milliseconds in repetition 97
Round trip time was 39.700 milliseconds in repetition 98
Round trip time was 22.618 milliseconds in repetition 99
Round trip time was 38.916 milliseconds in repetition 100
Round trip time was 21.648 milliseconds in repetition 101
Round trip time was 22.115 milliseconds in repetition 102
Round trip time was 53.634 milliseconds in repetition 103
Round trip time was 21.974 milliseconds in repetition 104
Round trip time was 40.734 milliseconds in repetition 105
Round trip time was 21.927 milliseconds in repetition 106
Round trip time was 22.522 milliseconds in repetition 107
Round trip time was 23.014 milliseconds in repetition 108
Round trip time was 21.858 milliseconds in repetition 109
Round trip time was 23.803 milliseconds in repetition 110
Round trip time was 51.189 milliseconds in repetition 111
Round trip time was 68.383 milliseconds in repetition 112
Round trip time was 23.914 milliseconds in repetition 113
Round trip time was 68.700 milliseconds in repetition 114
Round trip time was 58.277 milliseconds in repetition 115
Round trip time was 22.851 milliseconds in repetition 116
Round trip time was 24.718 milliseconds in repetition 117
Round trip time was 22.391 milliseconds in repetition 118
Round trip time was 22.378 milliseconds in repetition 119
Round trip time was 22.162 milliseconds in repetition 120
Round trip time was 25.381 milliseconds in repetition 121
Round trip time was 21.413 milliseconds in repetition 122
Round trip time was 22.782 milliseconds in repetition 123
Round trip time was 22.520 milliseconds in repetition 124
Round trip time was 21.670 milliseconds in repetition 125
Round trip time was 22.531 milliseconds in repetition 126
Round trip time was 21.468 milliseconds in repetition 127
Round trip time was 22.168 milliseconds in repetition 128
Round trip time was 22.177 milliseconds in repetition 129
Round trip time was 21.818 milliseconds in repetition 130
Round trip time was 23.315 milliseconds in repetition 131
Round trip time was 22.109 milliseconds in repetition 132
Round trip time was 22.127 milliseconds in repetition 133
Round trip time was 22.086 milliseconds in repetition 134
Round trip time was 22.667 milliseconds in repetition 135
Round trip time was 22.522 milliseconds in repetition 136
Round trip time was 21.274 milliseconds in repetition 137
Round trip time was 22.504 milliseconds in repetition 138
Round trip time was 22.504 milliseconds in repetition 139
Round trip time was 22.871 milliseconds in repetition 140
Round trip time was 22.571 milliseconds in repetition 141
Round trip time was 22.541 milliseconds in repetition 142
Round trip time was 22.103 milliseconds in repetition 143
Round trip time was 23.032 milliseconds in repetition 144
Round trip time was 22.680 milliseconds in repetition 145
Round trip time was 22.578 milliseconds in repetition 146
Round trip time was 22.110 milliseconds in repetition 147
Round trip time was 22.278 milliseconds in repetition 148
Round trip time was 21.505 milliseconds in repetition 149
Round trip time was 22.579 milliseconds in repetition 150
Round trip time was 22.179 milliseconds in repetition 151
Round trip time was 22.099 milliseconds in repetition 152
Round trip time was 22.940 milliseconds in repetition 153
Round trip time was 22.422 milliseconds in repetition 154
Round trip time was 21.685 milliseconds in repetition 155
Round trip time was 22.409 milliseconds in repetition 156
Round trip time was 22.015 milliseconds in repetition 157
Round trip time was 21.657 milliseconds in repetition 158
Round trip time was 22.806 milliseconds in repetition 159
Round trip time was 22.007 milliseconds in repetition 160
Round trip time was 22.664 milliseconds in repetition 161
Round trip time was 22.327 milliseconds in repetition 162
Round trip time was 22.822 milliseconds in repetition 163
Round trip time was 21.980 milliseconds in repetition 164
Round trip time was 23.375 milliseconds in repetition 165
Round trip time was 24.587 milliseconds in repetition 166
Round trip time was 22.838 milliseconds in repetition 167
Round trip time was 22.622 milliseconds in repetition 168
Round trip time was 22.567 milliseconds in repetition 169
Round trip time was 22.203 milliseconds in repetition 170
Round trip time was 23.551 milliseconds in repetition 171
Round trip time was 22.637 milliseconds in repetition 172
Round trip time was 23.088 milliseconds in repetition 173
Round trip time was 30.707 milliseconds in repetition 174
Round trip time was 25.954 milliseconds in repetition 175
Round trip time was 22.243 milliseconds in repetition 176
Round trip time was 22.447 milliseconds in repetition 177
Round trip time was 24.134 milliseconds in repetition 178
Round trip time was 22.860 milliseconds in repetition 179
Round trip time was 21.767 milliseconds in repetition 180
Round trip time was 22.371 milliseconds in repetition 181
Round trip time was 21.352 milliseconds in repetition 182
Round trip time was 49.336 milliseconds in repetition 183
Round trip time was 22.777 milliseconds in repetition 184
Round trip time was 23.159 milliseconds in repetition 185
Round trip time was 24.156 milliseconds in repetition 186
Round trip time was 49.852 milliseconds in repetition 187
Round trip time was 21.776 milliseconds in repetition 188
Round trip time was 23.291 milliseconds in repetition 189
Round trip time was 22.973 milliseconds in repetition 190
Round trip time was 23.909 milliseconds in repetition 191
Round trip time was 29.343 milliseconds in repetition 192
Round trip time was 22.355 milliseconds in repetition 193
Round trip time was 23.213 milliseconds in repetition 194
Round trip time was 23.117 milliseconds in repetition 195
Round trip time was 46.283 milliseconds in repetition 196
Round trip time was 23.181 milliseconds in repetition 197
Round trip time was 22.958 milliseconds in repetition 198
Round trip time was 21.919 milliseconds in repetition 199
Round trip time was 54.277 milliseconds in repetition 200
Round trip time was 22.443 milliseconds in repetition 201
Round trip time was 23.754 milliseconds in repetition 202
Round trip time was 22.607 milliseconds in repetition 203
Round trip time was 47.466 milliseconds in repetition 204
Round trip time was 32.218 milliseconds in repetition 205
Round trip time was 21.476 milliseconds in repetition 206
Round trip time was 25.311 milliseconds in repetition 207
Round trip time was 22.457 milliseconds in repetition 208
Round trip time was 24.457 milliseconds in repetition 209
Round trip time was 22.493 milliseconds in repetition 210
Round trip time was 34.968 milliseconds in repetition 211
Round trip time was 21.782 milliseconds in repetition 212
Round trip time was 23.610 milliseconds in repetition 213
Round trip time was 21.527 milliseconds in repetition 214
Round trip time was 23.460 milliseconds in repetition 215
Round trip time was 38.273 milliseconds in repetition 216
Round trip time was 24.412 milliseconds in repetition 217
Round trip time was 22.124 milliseconds in repetition 218
Round trip time was 22.901 milliseconds in repetition 219
Round trip time was 24.264 milliseconds in repetition 220
Round trip time was 24.762 milliseconds in repetition 221
Round trip time was 21.808 milliseconds in repetition 222
Round trip time was 23.811 milliseconds in repetition 223
Round trip time was 22.201 milliseconds in repetition 224
Round trip time was 23.780 milliseconds in repetition 225
Round trip time was 23.196 milliseconds in repetition 226
Round trip time was 22.415 milliseconds in repetition 227
Round trip time was 21.636 milliseconds in repetition 228
Round trip time was 23.354 milliseconds in repetition 229
Round trip time was 26.184 milliseconds in repetition 230
Round trip time was 22.105 milliseconds in repetition 231
Round trip time was 22.026 milliseconds in repetition 232
Round trip time was 21.784 milliseconds in repetition 233
Round trip time was 21.777 milliseconds in repetition 234
Round trip time was 30.587 milliseconds in repetition 235
Round trip time was 22.277 milliseconds in repetition 236
Round trip time was 24.186 milliseconds in repetition 237
Round trip time was 22.411 milliseconds in repetition 238
Round trip time was 21.664 milliseconds in repetition 239
Round trip time was 25.227 milliseconds in repetition 240
Round trip time was 25.967 milliseconds in repetition 241
Round trip time was 25.599 milliseconds in repetition 242
Round trip time was 22.207 milliseconds in repetition 243
Round trip time was 26.928 milliseconds in repetition 244
Round trip time was 21.991 milliseconds in repetition 245
Round trip time was 26.359 milliseconds in repetition 246
Round trip time was 24.799 milliseconds in repetition 247
Round trip time was 27.315 milliseconds in repetition 248
Round trip time was 31.895 milliseconds in repetition 249
Round trip time was 23.988 milliseconds in repetition 250
Round trip time was 24.466 milliseconds in repetition 251
Round trip time was 36.442 milliseconds in repetition 252
Round trip time was 23.401 milliseconds in repetition 253
Round trip time was 26.040 milliseconds in repetition 254
Round trip time was 25.106 milliseconds in repetition 255
Round trip time was 21.349 milliseconds in repetition 256
Round trip time was 22.998 milliseconds in repetition 257
Round trip time was 24.158 milliseconds in repetition 258
Round trip time was 23.391 milliseconds in repetition 259
Round trip time was 25.612 milliseconds in repetition 260
Round trip time was 22.679 milliseconds in repetition 261
Round trip time was 26.554 milliseconds in repetition 262
Round trip time was 24.475 milliseconds in repetition 263
Round trip time was 22.858 milliseconds in repetition 264
Round trip time was 38.302 milliseconds in repetition 265
Round trip time was 23.125 milliseconds in repetition 266
Round trip time was 25.943 milliseconds in repetition 267
Round trip time was 31.353 milliseconds in repetition 268
Round trip time was 26.930 milliseconds in repetition 269
Round trip time was 22.880 milliseconds in repetition 270
Round trip time was 26.368 milliseconds in repetition 271
Round trip time was 23.810 milliseconds in repetition 272
Round trip time was 32.370 milliseconds in repetition 273
Round trip time was 23.837 milliseconds in repetition 274
Round trip time was 27.354 milliseconds in repetition 275
Round trip time was 41.397 milliseconds in repetition 276
Round trip time was 22.234 milliseconds in repetition 277
Round trip time was 26.473 milliseconds in repetition 278
Round trip time was 23.229 milliseconds in repetition 279
Round trip time was 22.468 milliseconds in repetition 280
Round trip time was 32.142 milliseconds in repetition 281
Round trip time was 26.965 milliseconds in repetition 282
Round trip time was 24.564 milliseconds in repetition 283
Round trip time was 22.671 milliseconds in repetition 284
Round trip time was 23.335 milliseconds in repetition 285
Round trip time was 26.587 milliseconds in repetition 286
Round trip time was 23.750 milliseconds in repetition 287
Round trip time was 22.767 milliseconds in repetition 288
Round trip time was 26.728 milliseconds in repetition 289
Round trip time was 25.345 milliseconds in repetition 290
Round trip time was 25.469 milliseconds in repetition 291
Round trip time was 30.112 milliseconds in repetition 292
Round trip time was 26.758 milliseconds in repetition 293
Round trip time was 35.030 milliseconds in repetition 294
Round trip time was 35.048 milliseconds in repetition 295
Round trip time was 29.437 milliseconds in repetition 296
Round trip time was 26.407 milliseconds in repetition 297
Round trip time was 30.810 milliseconds in repetition 298
Round trip time was 24.937 milliseconds in repetition 299
Round trip time was 25.463 milliseconds in repetition 300
Round trip time was 22.269 milliseconds in repetition 301
Round trip time was 28.454 milliseconds in repetition 302
Round trip time was 34.645 milliseconds in repetition 303
Round trip time was 23.036 milliseconds in repetition 304
Round trip time was 24.512 milliseconds in repetition 305
Round trip time was 26.842 milliseconds in repetition 306
Round trip time was 25.371 milliseconds in repetition 307
Round trip time was 26.050 milliseconds in repetition 308
Round trip time was 26.287 milliseconds in repetition 309
Round trip time was 25.877 milliseconds in repetition 310
Round trip time was 21.513 milliseconds in repetition 311
Round trip time was 22.695 milliseconds in repetition 312
Round trip time was 25.099 milliseconds in repetition 313
Round trip time was 33.554 milliseconds in repetition 314
Round trip time was 21.350 milliseconds in repetition 315
Round trip time was 32.983 milliseconds in repetition 316
Round trip time was 26.338 milliseconds in repetition 317
Round trip time was 25.766 milliseconds in repetition 318
Round trip time was 22.042 milliseconds in repetition 319
Round trip time was 27.671 milliseconds in repetition 320
Round trip time was 26.999 milliseconds in repetition 321
Round trip time was 22.331 milliseconds in repetition 322
Round trip time was 23.549 milliseconds in repetition 323
Round trip time was 22.483 milliseconds in repetition 324
Round trip time was 23.244 milliseconds in repetition 325
Round trip time was 22.240 milliseconds in repetition 326
Round trip time was 22.452 milliseconds in repetition 327
Round trip time was 26.398 milliseconds in repetition 328
Round trip time was 22.089 milliseconds in repetition 329
Round trip time was 21.924 milliseconds in repetition 330
Round trip time was 23.269 milliseconds in repetition 331
Round trip time was 22.045 milliseconds in repetition 332
Round trip time was 23.106 milliseconds in repetition 333
Round trip time was 27.169 milliseconds in repetition 334
Round trip time was 23.517 milliseconds in repetition 335
Round trip time was 25.158 milliseconds in repetition 336
Round trip time was 24.754 milliseconds in repetition 337
Round trip time was 26.485 milliseconds in repetition 338
Round trip time was 22.730 milliseconds in repetition 339
Round trip time was 23.010 milliseconds in repetition 340
Round trip time was 21.685 milliseconds in repetition 341
Round trip time was 25.390 milliseconds in repetition 342
Round trip time was 26.830 milliseconds in repetition 343
Round trip time was 22.143 milliseconds in repetition 344
Round trip time was 22.392 milliseconds in repetition 345
Round trip time was 22.207 milliseconds in repetition 346
Round trip time was 25.646 milliseconds in repetition 347
Round trip time was 21.857 milliseconds in repetition 348
Round trip time was 22.766 milliseconds in repetition 349
Round trip time was 21.643 milliseconds in repetition 350
Round trip time was 23.060 milliseconds in repetition 351
Round trip time was 22.661 milliseconds in repetition 352
Round trip time was 23.519 milliseconds in repetition 353
Round trip time was 25.634 milliseconds in repetition 354
Round trip time was 26.623 milliseconds in repetition 355
Round trip time was 23.718 milliseconds in repetition 356
Round trip time was 23.545 milliseconds in repetition 357
Round trip time was 23.928 milliseconds in repetition 358
Round trip time was 25.778 milliseconds in repetition 359
Round trip time was 24.209 milliseconds in repetition 360
Round trip time was 26.489 milliseconds in repetition 361
Round trip time was 23.531 milliseconds in repetition 362
Round trip time was 37.491 milliseconds in repetition 363
Round trip time was 23.146 milliseconds in repetition 364
Round trip time was 24.078 milliseconds in repetition 365
Round trip time was 23.606 milliseconds in repetition 366
Round trip time was 22.382 milliseconds in repetition 367
Round trip time was 24.816 milliseconds in repetition 368
Round trip time was 25.200 milliseconds in repetition 369
Round trip time was 22.072 milliseconds in repetition 370
Round trip time was 23.100 milliseconds in repetition 371
Round trip time was 21.931 milliseconds in repetition 372
Round trip time was 24.149 milliseconds in repetition 373
Round trip time was 22.283 milliseconds in repetition 374
Round trip time was 21.896 milliseconds in repetition 375
Round trip time was 22.701 milliseconds in repetition 376
Round trip time was 24.428 milliseconds in repetition 377
Round trip time was 21.677 milliseconds in repetition 378
Round trip time was 55.600 milliseconds in repetition 379
Round trip time was 22.326 milliseconds in repetition 380
Round trip time was 25.466 milliseconds in repetition 381
Round trip time was 21.794 milliseconds in repetition 382
Round trip time was 46.421 milliseconds in repetition 383
Round trip time was 22.793 milliseconds in repetition 384
Round trip time was 24.967 milliseconds in repetition 385
Round trip time was 24.625 milliseconds in repetition 386
Round trip time was 22.397 milliseconds in repetition 387
Round trip time was 24.479 milliseconds in repetition 388
Round trip time was 21.652 milliseconds in repetition 389
Round trip time was 24.047 milliseconds in repetition 390
Round trip time was 25.685 milliseconds in repetition 391
Round trip time was 50.384 milliseconds in repetition 392
Round trip time was 24.764 milliseconds in repetition 393
Round trip time was 25.358 milliseconds in repetition 394
Round trip time was 29.050 milliseconds in repetition 395
Round trip time was 36.376 milliseconds in repetition 396
Round trip time was 21.715 milliseconds in repetition 397
Round trip time was 22.041 milliseconds in repetition 398
Round trip time was 22.438 milliseconds in repetition 399
Round trip time was 23.985 milliseconds in repetition 400
Round trip time was 22.229 milliseconds in repetition 401
Round trip time was 22.679 milliseconds in repetition 402
Round trip time was 22.422 milliseconds in repetition 403
Round trip time was 21.612 milliseconds in repetition 404
Round trip time was 22.072 milliseconds in repetition 405
Round trip time was 22.147 milliseconds in repetition 406
Round trip time was 21.703 milliseconds in repetition 407
Round trip time was 21.488 milliseconds in repetition 408
Round trip time was 22.003 milliseconds in repetition 409
Round trip time was 21.775 milliseconds in repetition 410
Round trip time was 21.973 milliseconds in repetition 411
Round trip time was 22.146 milliseconds in repetition 412
Round trip time was 22.236 milliseconds in repetition 413
Round trip time was 22.870 milliseconds in repetition 414
Round trip time was 22.013 milliseconds in repetition 415
Round trip time was 21.995 milliseconds in repetition 416
Round trip time was 22.170 milliseconds in repetition 417
Round trip time was 22.775 milliseconds in repetition 418
Round trip time was 22.395 milliseconds in repetition 419
Round trip time was 21.780 milliseconds in repetition 420
Round trip time was 21.767 milliseconds in repetition 421
Round trip time was 22.129 milliseconds in repetition 422
Round trip time was 21.783 milliseconds in repetition 423
Round trip time was 22.000 milliseconds in repetition 424
Round trip time was 23.098 milliseconds in repetition 425
Round trip time was 22.741 milliseconds in repetition 426
Round trip time was 22.457 milliseconds in repetition 427
Round trip time was 22.324 milliseconds in repetition 428
Round trip time was 22.915 milliseconds in repetition 429
Round trip time was 22.346 milliseconds in repetition 430
Round trip time was 21.508 milliseconds in repetition 431
Round trip time was 22.682 milliseconds in repetition 432
Round trip time was 22.728 milliseconds in repetition 433
Round trip time was 21.401 milliseconds in repetition 434
Round trip time was 22.034 milliseconds in repetition 435
Round trip time was 22.909 milliseconds in repetition 436
Round trip time was 26.456 milliseconds in repetition 437
Round trip time was 22.610 milliseconds in repetition 438
Round trip time was 22.274 milliseconds in repetition 439
Round trip time was 21.569 milliseconds in repetition 440
Round trip time was 22.022 milliseconds in repetition 441
Round trip time was 21.530 milliseconds in repetition 442
Round trip time was 21.803 milliseconds in repetition 443
Round trip time was 23.136 milliseconds in repetition 444
Round trip time was 22.165 milliseconds in repetition 445
Round trip time was 22.035 milliseconds in repetition 446
Round trip time was 23.051 milliseconds in repetition 447
Round trip time was 22.193 milliseconds in repetition 448
Round trip time was 21.396 milliseconds in repetition 449
Round trip time was 22.820 milliseconds in repetition 450
Round trip time was 22.273 milliseconds in repetition 451
Round trip time was 21.516 milliseconds in repetition 452
Round trip time was 22.556 milliseconds in repetition 453
Round trip time was 22.280 milliseconds in repetition 454
Round trip time was 22.415 milliseconds in repetition 455
Round trip time was 23.630 milliseconds in repetition 456
Round trip time was 24.445 milliseconds in repetition 457
Round trip time was 23.724 milliseconds in repetition 458
Round trip time was 22.327 milliseconds in repetition 459
Round trip time was 22.200 milliseconds in repetition 460
Round trip time was 22.790 milliseconds in repetition 461
Round trip time was 21.862 milliseconds in repetition 462
Round trip time was 23.358 milliseconds in repetition 463
Round trip time was 22.100 milliseconds in repetition 464
Round trip time was 21.942 milliseconds in repetition 465
Round trip time was 22.536 milliseconds in repetition 466
Round trip time was 22.224 milliseconds in repetition 467
Round trip time was 21.723 milliseconds in repetition 468
Round trip time was 22.334 milliseconds in repetition 469
Round trip time was 22.286 milliseconds in repetition 470
Round trip time was 22.218 milliseconds in repetition 471
Round trip time was 21.681 milliseconds in repetition 472
Round trip time was 22.170 milliseconds in repetition 473
Round trip time was 21.737 milliseconds in repetition 474
Round trip time was 21.781 milliseconds in repetition 475
Round trip time was 22.326 milliseconds in repetition 476
Round trip time was 21.624 milliseconds in repetition 477
Round trip time was 24.530 milliseconds in repetition 478
Round trip time was 22.714 milliseconds in repetition 479
Round trip time was 22.076 milliseconds in repetition 480
Round trip time was 22.027 milliseconds in repetition 481
Round trip time was 22.021 milliseconds in repetition 482
Round trip time was 21.864 milliseconds in repetition 483
Round trip time was 24.426 milliseconds in repetition 484
Round trip time was 22.513 milliseconds in repetition 485
Round trip time was 27.937 milliseconds in repetition 486
Round trip time was 23.256 milliseconds in repetition 487
Round trip time was 22.142 milliseconds in repetition 488
Round trip time was 29.169 milliseconds in repetition 489
Round trip time was 21.727 milliseconds in repetition 490
Round trip time was 21.445 milliseconds in repetition 491
Round trip time was 22.581 milliseconds in repetition 492
Round trip time was 26.726 milliseconds in repetition 493
Round trip time was 22.700 milliseconds in repetition 494
Round trip time was 21.794 milliseconds in repetition 495
Round trip time was 21.629 milliseconds in repetition 496
Round trip time was 21.974 milliseconds in repetition 497
Round trip time was 22.302 milliseconds in repetition 498
Round trip time was 22.275 milliseconds in repetition 499
Round trip time was 22.432 milliseconds in repetition 500
Round trip time was 29.001 milliseconds in repetition 501

 ... clock resolution was 1e-06
UDP Ping:  Statistics over 501 repetitions of 768 byte messages

RTT : percentile 10: 21.7817, median: 22.7303, percentile 90: 30.1117, average: 25.2441, variance: 51.0826

RTT histogram:
21.2735 200
23.6448 179
26.0161 58
28.3874 13
30.7587 7
33.1301 6
35.5014 6
37.8727 7
40.244 3
42.6153 0
44.9866 1
47.3579 6
49.7292 4
52.1005 1
54.4718 3
56.8431 1
59.2144 1
61.5857 0
63.957 2
66.3283 1
68.6996 2

   median Throughput : 67.575 KB/s   overall Throughput : 60.8458 KB/s

