UDP Ping trying to connect to server seti.dibris.unige.it (130.251.61.30) on TCP port 1491
 ... connected to Pong server: asking for 501 repetitions of 1024 _bytes UDP messages
 ... Pong server agreed to ping-pong using port 52241 :-)
Round trip time was 43.143 milliseconds in repetition 1
Round trip time was 27.789 milliseconds in repetition 2
Round trip time was 28.052 milliseconds in repetition 3
Round trip time was 28.281 milliseconds in repetition 4
Round trip time was 27.435 milliseconds in repetition 5
Round trip time was 28.035 milliseconds in repetition 6
Round trip time was 28.133 milliseconds in repetition 7
Round trip time was 28.481 milliseconds in repetition 8
Round trip time was 30.095 milliseconds in repetition 9
Round trip time was 27.429 milliseconds in repetition 10
Round trip time was 28.894 milliseconds in repetition 11
Round trip time was 28.290 milliseconds in repetition 12
Round trip time was 28.119 milliseconds in repetition 13
Round trip time was 31.431 milliseconds in repetition 14
Round trip time was 30.152 milliseconds in repetition 15
Round trip time was 28.235 milliseconds in repetition 16
Round trip time was 31.118 milliseconds in repetition 17
Round trip time was 26.934 milliseconds in repetition 18
Round trip time was 27.786 milliseconds in repetition 19
Round trip time was 34.934 milliseconds in repetition 20
Round trip time was 26.919 milliseconds in repetition 21
Round trip time was 27.159 milliseconds in repetition 22
Round trip time was 27.246 milliseconds in repetition 23
Round trip time was 26.815 milliseconds in repetition 24
Round trip time was 26.837 milliseconds in repetition 25
Round trip time was 27.417 milliseconds in repetition 26
Round trip time was 27.320 milliseconds in repetition 27
Round trip time was 26.790 milliseconds in repetition 28
Round trip time was 26.750 milliseconds in repetition 29
Round trip time was 27.319 milliseconds in repetition 30
Round trip time was 27.202 milliseconds in repetition 31
Round trip time was 26.737 milliseconds in repetition 32
Round trip time was 26.793 milliseconds in repetition 33
Round trip time was 26.723 milliseconds in repetition 34
Round trip time was 26.961 milliseconds in repetition 35
Round trip time was 26.259 milliseconds in repetition 36
Round trip time was 26.711 milliseconds in repetition 37
Round trip time was 26.311 milliseconds in repetition 38
Round trip time was 28.001 milliseconds in repetition 39
Round trip time was 27.989 milliseconds in repetition 40
Round trip time was 27.412 milliseconds in repetition 41
Round trip time was 26.966 milliseconds in repetition 42
Round trip time was 26.842 milliseconds in repetition 43
Round trip time was 26.448 milliseconds in repetition 44
Round trip time was 34.438 milliseconds in repetition 45
Round trip time was 26.861 milliseconds in repetition 46
Round trip time was 32.312 milliseconds in repetition 47
Round trip time was 25.996 milliseconds in repetition 48
Round trip time was 25.632 milliseconds in repetition 49
Round trip time was 26.682 milliseconds in repetition 50
Round trip time was 26.326 milliseconds in repetition 51
Round trip time was 34.767 milliseconds in repetition 52
Round trip time was 29.469 milliseconds in repetition 53
Round trip time was 26.684 milliseconds in repetition 54
Round trip time was 26.744 milliseconds in repetition 55
Round trip time was 28.076 milliseconds in repetition 56
Round trip time was 26.537 milliseconds in repetition 57
Round trip time was 26.183 milliseconds in repetition 58
Round trip time was 26.391 milliseconds in repetition 59
Round trip time was 26.965 milliseconds in repetition 60
Round trip time was 27.166 milliseconds in repetition 61
Round trip time was 27.646 milliseconds in repetition 62
Round trip time was 26.593 milliseconds in repetition 63
Round trip time was 27.239 milliseconds in repetition 64
Round trip time was 26.284 milliseconds in repetition 65
Round trip time was 27.245 milliseconds in repetition 66
Round trip time was 26.153 milliseconds in repetition 67
Round trip time was 27.198 milliseconds in repetition 68
Round trip time was 26.333 milliseconds in repetition 69
Round trip time was 27.013 milliseconds in repetition 70
Round trip time was 26.822 milliseconds in repetition 71
Round trip time was 26.266 milliseconds in repetition 72
Round trip time was 26.289 milliseconds in repetition 73
Round trip time was 53.832 milliseconds in repetition 74
Round trip time was 26.823 milliseconds in repetition 75
Round trip time was 26.400 milliseconds in repetition 76
Round trip time was 27.322 milliseconds in repetition 77
Round trip time was 35.345 milliseconds in repetition 78
Round trip time was 27.074 milliseconds in repetition 79
Round trip time was 27.253 milliseconds in repetition 80
Round trip time was 27.427 milliseconds in repetition 81
Round trip time was 26.425 milliseconds in repetition 82
Round trip time was 27.033 milliseconds in repetition 83
Round trip time was 26.979 milliseconds in repetition 84
Round trip time was 31.467 milliseconds in repetition 85
Round trip time was 45.021 milliseconds in repetition 86
Round trip time was 27.256 milliseconds in repetition 87
Round trip time was 26.216 milliseconds in repetition 88
Round trip time was 27.359 milliseconds in repetition 89
Round trip time was 37.380 milliseconds in repetition 90
Round trip time was 26.917 milliseconds in repetition 91
Round trip time was 26.716 milliseconds in repetition 92
Round trip time was 27.576 milliseconds in repetition 93
Round trip time was 39.530 milliseconds in repetition 94
Round trip time was 27.891 milliseconds in repetition 95
Round trip time was 26.775 milliseconds in repetition 96
Round trip time was 29.036 milliseconds in repetition 97
Round trip time was 29.063 milliseconds in repetition 98
Round trip time was 27.080 milliseconds in repetition 99
Round trip time was 27.707 milliseconds in repetition 100
Round trip time was 27.176 milliseconds in repetition 101
Round trip time was 27.490 milliseconds in repetition 102
Round trip time was 26.056 milliseconds in repetition 103
Round trip time was 26.747 milliseconds in repetition 104
Round trip time was 27.018 milliseconds in repetition 105
Round trip time was 26.010 milliseconds in repetition 106
Round trip time was 27.499 milliseconds in repetition 107
Round trip time was 26.826 milliseconds in repetition 108
Round trip time was 26.344 milliseconds in repetition 109
Round trip time was 26.693 milliseconds in repetition 110
Round trip time was 26.184 milliseconds in repetition 111
Round trip time was 28.040 milliseconds in repetition 112
Round trip time was 26.928 milliseconds in repetition 113
Round trip time was 27.247 milliseconds in repetition 114
Round trip time was 27.082 milliseconds in repetition 115
Round trip time was 27.078 milliseconds in repetition 116
Round trip time was 26.755 milliseconds in repetition 117
Round trip time was 26.703 milliseconds in repetition 118
Round trip time was 26.612 milliseconds in repetition 119
Round trip time was 26.618 milliseconds in repetition 120
Round trip time was 31.190 milliseconds in repetition 121
Round trip time was 26.779 milliseconds in repetition 122
Round trip time was 27.964 milliseconds in repetition 123
Round trip time was 27.812 milliseconds in repetition 124
Round trip time was 27.913 milliseconds in repetition 125
Round trip time was 26.524 milliseconds in repetition 126
Round trip time was 26.823 milliseconds in repetition 127
Round trip time was 26.862 milliseconds in repetition 128
Round trip time was 26.988 milliseconds in repetition 129
Round trip time was 27.311 milliseconds in repetition 130
Round trip time was 25.848 milliseconds in repetition 131
Round trip time was 26.865 milliseconds in repetition 132
Round trip time was 26.965 milliseconds in repetition 133
Round trip time was 27.608 milliseconds in repetition 134
Round trip time was 26.927 milliseconds in repetition 135
Round trip time was 26.830 milliseconds in repetition 136
Round trip time was 26.540 milliseconds in repetition 137
Round trip time was 28.778 milliseconds in repetition 138
Round trip time was 27.450 milliseconds in repetition 139
Round trip time was 27.576 milliseconds in repetition 140
Round trip time was 28.367 milliseconds in repetition 141
Round trip time was 26.718 milliseconds in repetition 142
Round trip time was 26.990 milliseconds in repetition 143
Round trip time was 26.957 milliseconds in repetition 144
Round trip time was 26.745 milliseconds in repetition 145
Round trip time was 26.314 milliseconds in repetition 146
Round trip time was 28.287 milliseconds in repetition 147
Round trip time was 28.124 milliseconds in repetition 148
Round trip time was 29.379 milliseconds in repetition 149
Round trip time was 27.235 milliseconds in repetition 150
Round trip time was 33.509 milliseconds in repetition 151
Round trip time was 27.590 milliseconds in repetition 152
Round trip time was 29.782 milliseconds in repetition 153
Round trip time was 26.637 milliseconds in repetition 154
Round trip time was 27.137 milliseconds in repetition 155
Round trip time was 27.433 milliseconds in repetition 156
Round trip time was 27.204 milliseconds in repetition 157
Round trip time was 26.574 milliseconds in repetition 158
Round trip time was 28.774 milliseconds in repetition 159
Round trip time was 26.483 milliseconds in repetition 160
Round trip time was 27.343 milliseconds in repetition 161
Round trip time was 26.536 milliseconds in repetition 162
Round trip time was 27.830 milliseconds in repetition 163
Round trip time was 27.792 milliseconds in repetition 164
Round trip time was 27.180 milliseconds in repetition 165
Round trip time was 27.116 milliseconds in repetition 166
Round trip time was 27.213 milliseconds in repetition 167
Round trip time was 26.877 milliseconds in repetition 168
Round trip time was 27.889 milliseconds in repetition 169
Round trip time was 26.818 milliseconds in repetition 170
Round trip time was 26.834 milliseconds in repetition 171
Round trip time was 27.846 milliseconds in repetition 172
Round trip time was 28.715 milliseconds in repetition 173
Round trip time was 26.718 milliseconds in repetition 174
Round trip time was 26.592 milliseconds in repetition 175
Round trip time was 26.097 milliseconds in repetition 176
Round trip time was 26.805 milliseconds in repetition 177
Round trip time was 26.094 milliseconds in repetition 178
Round trip time was 26.349 milliseconds in repetition 179
Round trip time was 26.408 milliseconds in repetition 180
Round trip time was 27.101 milliseconds in repetition 181
Round trip time was 27.007 milliseconds in repetition 182
Round trip time was 26.577 milliseconds in repetition 183
Round trip time was 26.982 milliseconds in repetition 184
Round trip time was 26.325 milliseconds in repetition 185
Round trip time was 25.989 milliseconds in repetition 186
Round trip time was 26.927 milliseconds in repetition 187
Round trip time was 26.260 milliseconds in repetition 188
Round trip time was 27.172 milliseconds in repetition 189
Round trip time was 27.270 milliseconds in repetition 190
Round trip time was 27.159 milliseconds in repetition 191
Round trip time was 26.815 milliseconds in repetition 192
Round trip time was 27.311 milliseconds in repetition 193
Round trip time was 26.282 milliseconds in repetition 194
Round trip time was 31.036 milliseconds in repetition 195
Round trip time was 26.627 milliseconds in repetition 196
Round trip time was 27.342 milliseconds in repetition 197
Round trip time was 27.721 milliseconds in repetition 198
Round trip time was 26.499 milliseconds in repetition 199
Round trip time was 26.139 milliseconds in repetition 200
Round trip time was 28.222 milliseconds in repetition 201
Round trip time was 27.081 milliseconds in repetition 202
Round trip time was 28.519 milliseconds in repetition 203
Round trip time was 27.111 milliseconds in repetition 204
Round trip time was 26.884 milliseconds in repetition 205
Round trip time was 27.049 milliseconds in repetition 206
Round trip time was 26.208 milliseconds in repetition 207
Round trip time was 27.203 milliseconds in repetition 208
Round trip time was 26.730 milliseconds in repetition 209
Round trip time was 26.097 milliseconds in repetition 210
Round trip time was 26.755 milliseconds in repetition 211
Round trip time was 27.109 milliseconds in repetition 212
Round trip time was 28.596 milliseconds in repetition 213
Round trip time was 26.256 milliseconds in repetition 214
Round trip time was 26.670 milliseconds in repetition 215
Round trip time was 26.983 milliseconds in repetition 216
Round trip time was 26.264 milliseconds in repetition 217
Round trip time was 26.680 milliseconds in repetition 218
Round trip time was 27.661 milliseconds in repetition 219
Round trip time was 28.529 milliseconds in repetition 220
Round trip time was 27.786 milliseconds in repetition 221
Round trip time was 26.265 milliseconds in repetition 222
Round trip time was 27.630 milliseconds in repetition 223
Round trip time was 27.303 milliseconds in repetition 224
Round trip time was 27.449 milliseconds in repetition 225
Round trip time was 27.132 milliseconds in repetition 226
Round trip time was 35.739 milliseconds in repetition 227
Round trip time was 26.808 milliseconds in repetition 228
Round trip time was 27.909 milliseconds in repetition 229
Round trip time was 26.718 milliseconds in repetition 230
Round trip time was 26.921 milliseconds in repetition 231
Round trip time was 26.742 milliseconds in repetition 232
Round trip time was 27.590 milliseconds in repetition 233
Round trip time was 25.452 milliseconds in repetition 234
Round trip time was 27.586 milliseconds in repetition 235
Round trip time was 27.472 milliseconds in repetition 236
Round trip time was 30.938 milliseconds in repetition 237
Round trip time was 26.475 milliseconds in repetition 238
Round trip time was 26.265 milliseconds in repetition 239
Round trip time was 26.804 milliseconds in repetition 240
Round trip time was 26.259 milliseconds in repetition 241
Round trip time was 26.803 milliseconds in repetition 242
Round trip time was 26.798 milliseconds in repetition 243
Round trip time was 26.612 milliseconds in repetition 244
Round trip time was 25.707 milliseconds in repetition 245
Round trip time was 26.509 milliseconds in repetition 246
Round trip time was 26.652 milliseconds in repetition 247
Round trip time was 26.976 milliseconds in repetition 248
Round trip time was 26.914 milliseconds in repetition 249
Round trip time was 26.705 milliseconds in repetition 250
Round trip time was 26.474 milliseconds in repetition 251
Round trip time was 26.303 milliseconds in repetition 252
Round trip time was 28.067 milliseconds in repetition 253
Round trip time was 33.232 milliseconds in repetition 254
Round trip time was 57.450 milliseconds in repetition 255
Round trip time was 26.420 milliseconds in repetition 256
Round trip time was 26.746 milliseconds in repetition 257
Round trip time was 26.815 milliseconds in repetition 258
Round trip time was 36.523 milliseconds in repetition 259
Round trip time was 26.856 milliseconds in repetition 260
Round trip time was 25.457 milliseconds in repetition 261
Round trip time was 26.450 milliseconds in repetition 262
Round trip time was 40.853 milliseconds in repetition 263
Round trip time was 27.167 milliseconds in repetition 264
Round trip time was 26.721 milliseconds in repetition 265
Round trip time was 26.710 milliseconds in repetition 266
Round trip time was 37.494 milliseconds in repetition 267
Round trip time was 27.163 milliseconds in repetition 268
Round trip time was 26.605 milliseconds in repetition 269
Round trip time was 27.233 milliseconds in repetition 270
Round trip time was 48.690 milliseconds in repetition 271
Round trip time was 27.401 milliseconds in repetition 272
Round trip time was 26.792 milliseconds in repetition 273
Round trip time was 54.153 milliseconds in repetition 274
Round trip time was 26.825 milliseconds in repetition 275
Round trip time was 26.392 milliseconds in repetition 276
Round trip time was 26.778 milliseconds in repetition 277
Round trip time was 29.680 milliseconds in repetition 278
Round trip time was 32.955 milliseconds in repetition 279
Round trip time was 27.693 milliseconds in repetition 280
Round trip time was 26.953 milliseconds in repetition 281
Round trip time was 28.803 milliseconds in repetition 282
Round trip time was 32.059 milliseconds in repetition 283
Round trip time was 35.061 milliseconds in repetition 284
Round trip time was 28.096 milliseconds in repetition 285
Round trip time was 27.526 milliseconds in repetition 286
Round trip time was 27.474 milliseconds in repetition 287
Round trip time was 27.657 milliseconds in repetition 288
Round trip time was 26.273 milliseconds in repetition 289
Round trip time was 26.708 milliseconds in repetition 290
Round trip time was 27.284 milliseconds in repetition 291
Round trip time was 27.172 milliseconds in repetition 292
Round trip time was 27.583 milliseconds in repetition 293
Round trip time was 25.809 milliseconds in repetition 294
Round trip time was 27.074 milliseconds in repetition 295
Round trip time was 35.202 milliseconds in repetition 296
Round trip time was 30.105 milliseconds in repetition 297
Round trip time was 32.205 milliseconds in repetition 298
Round trip time was 26.713 milliseconds in repetition 299
Round trip time was 26.745 milliseconds in repetition 300
Round trip time was 27.910 milliseconds in repetition 301
Round trip time was 27.279 milliseconds in repetition 302
Round trip time was 27.313 milliseconds in repetition 303
Round trip time was 31.990 milliseconds in repetition 304
Round trip time was 33.249 milliseconds in repetition 305
Round trip time was 26.808 milliseconds in repetition 306
Round trip time was 26.617 milliseconds in repetition 307
Round trip time was 27.314 milliseconds in repetition 308
Round trip time was 27.062 milliseconds in repetition 309
Round trip time was 26.951 milliseconds in repetition 310
Round trip time was 31.843 milliseconds in repetition 311
Round trip time was 32.999 milliseconds in repetition 312
Round trip time was 32.848 milliseconds in repetition 313
Round trip time was 26.792 milliseconds in repetition 314
Round trip time was 27.184 milliseconds in repetition 315
Round trip time was 28.555 milliseconds in repetition 316
Round trip time was 26.548 milliseconds in repetition 317
Round trip time was 26.814 milliseconds in repetition 318
Round trip time was 26.481 milliseconds in repetition 319
Round trip time was 26.254 milliseconds in repetition 320
Round trip time was 26.719 milliseconds in repetition 321
Round trip time was 26.293 milliseconds in repetition 322
Round trip time was 26.344 milliseconds in repetition 323
Round trip time was 27.021 milliseconds in repetition 324
Round trip time was 26.496 milliseconds in repetition 325
Round trip time was 26.913 milliseconds in repetition 326
Round trip time was 26.827 milliseconds in repetition 327
Round trip time was 26.436 milliseconds in repetition 328
Round trip time was 27.113 milliseconds in repetition 329
Round trip time was 26.768 milliseconds in repetition 330
Round trip time was 29.087 milliseconds in repetition 331
Round trip time was 26.563 milliseconds in repetition 332
Round trip time was 27.044 milliseconds in repetition 333
Round trip time was 25.695 milliseconds in repetition 334
Round trip time was 26.107 milliseconds in repetition 335
Round trip time was 27.478 milliseconds in repetition 336
Round trip time was 31.556 milliseconds in repetition 337
Round trip time was 26.549 milliseconds in repetition 338
Round trip time was 27.881 milliseconds in repetition 339
Round trip time was 27.102 milliseconds in repetition 340
Round trip time was 26.452 milliseconds in repetition 341
Round trip time was 27.314 milliseconds in repetition 342
Round trip time was 29.124 milliseconds in repetition 343
Round trip time was 26.902 milliseconds in repetition 344
Round trip time was 26.908 milliseconds in repetition 345
Round trip time was 27.137 milliseconds in repetition 346
Round trip time was 27.134 milliseconds in repetition 347
Round trip time was 33.147 milliseconds in repetition 348
Round trip time was 27.456 milliseconds in repetition 349
Round trip time was 27.216 milliseconds in repetition 350
Round trip time was 25.708 milliseconds in repetition 351
Round trip time was 27.349 milliseconds in repetition 352
Round trip time was 27.411 milliseconds in repetition 353
Round trip time was 26.936 milliseconds in repetition 354
Round trip time was 26.537 milliseconds in repetition 355
Round trip time was 26.098 milliseconds in repetition 356
Round trip time was 32.373 milliseconds in repetition 357
Round trip time was 25.688 milliseconds in repetition 358
Round trip time was 27.599 milliseconds in repetition 359
Round trip time was 27.225 milliseconds in repetition 360
Round trip time was 26.925 milliseconds in repetition 361
Round trip time was 26.482 milliseconds in repetition 362
Round trip time was 26.808 milliseconds in repetition 363
Round trip time was 26.645 milliseconds in repetition 364
Round trip time was 26.485 milliseconds in repetition 365
Round trip time was 26.368 milliseconds in repetition 366
Round trip time was 26.819 milliseconds in repetition 367
Round trip time was 26.199 milliseconds in repetition 368
Round trip time was 26.335 milliseconds in repetition 369
Round trip time was 28.738 milliseconds in repetition 370
Round trip time was 26.138 milliseconds in repetition 371
Round trip time was 26.003 milliseconds in repetition 372
Round trip time was 26.520 milliseconds in repetition 373
Round trip time was 26.347 milliseconds in repetition 374
Round trip time was 26.039 milliseconds in repetition 375
Round trip time was 26.898 milliseconds in repetition 376
Round trip time was 26.729 milliseconds in repetition 377
Round trip time was 26.673 milliseconds in repetition 378
Round trip time was 26.284 milliseconds in repetition 379
Round trip time was 26.850 milliseconds in repetition 380
Round trip time was 27.571 milliseconds in repetition 381
Round trip time was 27.002 milliseconds in repetition 382
Round trip time was 26.254 milliseconds in repetition 383
Round trip time was 26.942 milliseconds in repetition 384
Round trip time was 27.585 milliseconds in repetition 385
Round trip time was 28.134 milliseconds in repetition 386
Round trip time was 27.150 milliseconds in repetition 387
Round trip time was 26.226 milliseconds in repetition 388
Round trip time was 26.777 milliseconds in repetition 389
Round trip time was 26.093 milliseconds in repetition 390
Round trip time was 26.708 milliseconds in repetition 391
Round trip time was 26.902 milliseconds in repetition 392
Round trip time was 26.795 milliseconds in repetition 393
Round trip time was 27.419 milliseconds in repetition 394
Round trip time was 26.936 milliseconds in repetition 395
Round trip time was 26.536 milliseconds in repetition 396
Round trip time was 26.684 milliseconds in repetition 397
Round trip time was 27.145 milliseconds in repetition 398
Round trip time was 26.794 milliseconds in repetition 399
Round trip time was 27.571 milliseconds in repetition 400
Round trip time was 26.397 milliseconds in repetition 401
Round trip time was 29.510 milliseconds in repetition 402
Round trip time was 26.309 milliseconds in repetition 403
Round trip time was 26.814 milliseconds in repetition 404
Round trip time was 26.984 milliseconds in repetition 405
Round trip time was 27.172 milliseconds in repetition 406
Round trip time was 26.559 milliseconds in repetition 407
Round trip time was 27.065 milliseconds in repetition 408
Round trip time was 27.132 milliseconds in repetition 409
Round trip time was 27.409 milliseconds in repetition 410
Round trip time was 27.530 milliseconds in repetition 411
Round trip time was 27.146 milliseconds in repetition 412
Round trip time was 26.822 milliseconds in repetition 413
Round trip time was 26.339 milliseconds in repetition 414
Round trip time was 26.641 milliseconds in repetition 415
Round trip time was 27.110 milliseconds in repetition 416
Round trip time was 26.717 milliseconds in repetition 417
Round trip time was 26.528 milliseconds in repetition 418
Round trip time was 26.872 milliseconds in repetition 419
Round trip time was 27.122 milliseconds in repetition 420
Round trip time was 27.808 milliseconds in repetition 421
Round trip time was 25.754 milliseconds in repetition 422
Round trip time was 31.579 milliseconds in repetition 423
Round trip time was 26.140 milliseconds in repetition 424
Round trip time was 26.856 milliseconds in repetition 425
Round trip time was 27.433 milliseconds in repetition 426
Round trip time was 26.221 milliseconds in repetition 427
Round trip time was 26.617 milliseconds in repetition 428
Round trip time was 28.565 milliseconds in repetition 429
Round trip time was 26.242 milliseconds in repetition 430
Round trip time was 26.782 milliseconds in repetition 431
Round trip time was 28.761 milliseconds in repetition 432
Round trip time was 28.406 milliseconds in repetition 433
Round trip time was 50.681 milliseconds in repetition 434
Round trip time was 28.851 milliseconds in repetition 435
Round trip time was 28.168 milliseconds in repetition 436
Round trip time was 27.237 milliseconds in repetition 437
Round trip time was 33.459 milliseconds in repetition 438
Round trip time was 26.484 milliseconds in repetition 439
Round trip time was 26.515 milliseconds in repetition 440
Round trip time was 26.606 milliseconds in repetition 441
Round trip time was 28.222 milliseconds in repetition 442
Round trip time was 26.332 milliseconds in repetition 443
Round trip time was 28.835 milliseconds in repetition 444
Round trip time was 30.405 milliseconds in repetition 445
Round trip time was 45.102 milliseconds in repetition 446
Round trip time was 26.863 milliseconds in repetition 447
Round trip time was 26.063 milliseconds in repetition 448
Round trip time was 31.807 milliseconds in repetition 449
Round trip time was 33.422 milliseconds in repetition 450
Round trip time was 26.939 milliseconds in repetition 451
Round trip time was 26.177 milliseconds in repetition 452
Round trip time was 27.083 milliseconds in repetition 453
Round trip time was 40.683 milliseconds in repetition 454
Round trip time was 26.913 milliseconds in repetition 455
Round trip time was 25.877 milliseconds in repetition 456
Round trip time was 27.423 milliseconds in repetition 457
Round trip time was 27.118 milliseconds in repetition 458
Round trip time was 26.874 milliseconds in repetition 459
Round trip time was 26.852 milliseconds in repetition 460
Round trip time was 27.149 milliseconds in repetition 461
Round trip time was 26.532 milliseconds in repetition 462
Round trip time was 26.378 milliseconds in repetition 463
Round trip time was 26.302 milliseconds in repetition 464
Round trip time was 26.718 milliseconds in repetition 465
Round trip time was 26.420 milliseconds in repetition 466
Round trip time was 27.150 milliseconds in repetition 467
Round trip time was 26.941 milliseconds in repetition 468
Round trip time was 32.320 milliseconds in repetition 469
Round trip time was 27.134 milliseconds in repetition 470
Round trip time was 26.971 milliseconds in repetition 471
Round trip time was 26.955 milliseconds in repetition 472
Round trip time was 26.859 milliseconds in repetition 473
Round trip time was 27.108 milliseconds in repetition 474
Round trip time was 26.974 milliseconds in repetition 475
Round trip time was 27.210 milliseconds in repetition 476
Round trip time was 26.420 milliseconds in repetition 477
Round trip time was 26.095 milliseconds in repetition 478
Round trip time was 26.228 milliseconds in repetition 479
Round trip time was 26.906 milliseconds in repetition 480
Round trip time was 27.307 milliseconds in repetition 481
Round trip time was 26.209 milliseconds in repetition 482
Round trip time was 26.818 milliseconds in repetition 483
Round trip time was 27.363 milliseconds in repetition 484
Round trip time was 30.748 milliseconds in repetition 485
Round trip time was 27.225 milliseconds in repetition 486
Round trip time was 26.936 milliseconds in repetition 487
Round trip time was 27.020 milliseconds in repetition 488
Round trip time was 26.454 milliseconds in repetition 489
Round trip time was 26.166 milliseconds in repetition 490
Round trip time was 26.398 milliseconds in repetition 491
Round trip time was 27.238 milliseconds in repetition 492
Round trip time was 26.326 milliseconds in repetition 493
Round trip time was 25.969 milliseconds in repetition 494
Round trip time was 26.820 milliseconds in repetition 495
Round trip time was 27.151 milliseconds in repetition 496
Round trip time was 29.441 milliseconds in repetition 497
Round trip time was 26.695 milliseconds in repetition 498
Round trip time was 27.872 milliseconds in repetition 499
Round trip time was 27.803 milliseconds in repetition 500
Round trip time was 27.007 milliseconds in repetition 501

 ... clock resolution was 1e-06
UDP Ping:  Statistics over 501 repetitions of 1024 byte messages

RTT : percentile 10: 26.2649, median: 26.9737, percentile 90: 30.0954, average: 27.9334, variance: 12.3702

RTT histogram:
25.4524 42
27.0523 354
28.6521 50
30.252 11
31.8519 14
33.4518 9
35.0517 7
36.6516 2
38.2514 1
39.8513 1
41.4512 2
43.0511 1
44.651 2
46.2509 0
47.8507 0
49.4506 1
51.0505 1
52.6504 0
54.2503 2
55.8502 0
57.45 1

   median Throughput : 75.9258 KB/s   overall Throughput : 73.3174 KB/s

