UDP Ping trying to connect to server seti.dibris.unige.it (130.251.61.30) on TCP port 1491
 ... connected to Pong server: asking for 501 repetitions of 192 _bytes UDP messages
 ... Pong server agreed to ping-pong using port 52241 :-)
Round trip time was 29.514 milliseconds in repetition 1
Round trip time was 20.544 milliseconds in repetition 2
Round trip time was 22.726 milliseconds in repetition 3
Round trip time was 32.964 milliseconds in repetition 4
Round trip time was 23.127 milliseconds in repetition 5
Round trip time was 20.917 milliseconds in repetition 6
Round trip time was 21.119 milliseconds in repetition 7
Round trip time was 20.897 milliseconds in repetition 8
Round trip time was 21.363 milliseconds in repetition 9
Round trip time was 19.879 milliseconds in repetition 10
Round trip time was 27.246 milliseconds in repetition 11
Round trip time was 21.796 milliseconds in repetition 12
Round trip time was 21.103 milliseconds in repetition 13
Round trip time was 37.045 milliseconds in repetition 14
Round trip time was 22.471 milliseconds in repetition 15
Round trip time was 20.775 milliseconds in repetition 16
Round trip time was 33.191 milliseconds in repetition 17
Round trip time was 32.295 milliseconds in repetition 18
Round trip time was 21.598 milliseconds in repetition 19
Round trip time was 20.329 milliseconds in repetition 20
Round trip time was 24.722 milliseconds in repetition 21
Round trip time was 26.037 milliseconds in repetition 22
Round trip time was 29.948 milliseconds in repetition 23
Round trip time was 20.923 milliseconds in repetition 24
Round trip time was 24.016 milliseconds in repetition 25
Round trip time was 20.336 milliseconds in repetition 26
Round trip time was 19.711 milliseconds in repetition 27
Round trip time was 21.439 milliseconds in repetition 28
Round trip time was 19.589 milliseconds in repetition 29
Round trip time was 24.083 milliseconds in repetition 30
Round trip time was 23.740 milliseconds in repetition 31
Round trip time was 20.250 milliseconds in repetition 32
Round trip time was 26.577 milliseconds in repetition 33
Round trip time was 20.632 milliseconds in repetition 34
Round trip time was 37.079 milliseconds in repetition 35
Round trip time was 28.801 milliseconds in repetition 36
Round trip time was 21.896 milliseconds in repetition 37
Round trip time was 23.902 milliseconds in repetition 38
Round trip time was 20.704 milliseconds in repetition 39
Round trip time was 20.106 milliseconds in repetition 40
Round trip time was 19.676 milliseconds in repetition 41
Round trip time was 20.779 milliseconds in repetition 42
Round trip time was 20.466 milliseconds in repetition 43
Round trip time was 20.798 milliseconds in repetition 44
Round trip time was 24.317 milliseconds in repetition 45
Round trip time was 27.115 milliseconds in repetition 46
Round trip time was 20.262 milliseconds in repetition 47
Round trip time was 25.494 milliseconds in repetition 48
Round trip time was 27.988 milliseconds in repetition 49
Round trip time was 20.062 milliseconds in repetition 50
Round trip time was 20.012 milliseconds in repetition 51
Round trip time was 20.551 milliseconds in repetition 52
Round trip time was 19.707 milliseconds in repetition 53
Round trip time was 20.014 milliseconds in repetition 54
Round trip time was 19.366 milliseconds in repetition 55
Round trip time was 34.934 milliseconds in repetition 56
Round trip time was 28.993 milliseconds in repetition 57
Round trip time was 26.225 milliseconds in repetition 58
Round trip time was 20.482 milliseconds in repetition 59
Round trip time was 45.478 milliseconds in repetition 60
Round trip time was 20.044 milliseconds in repetition 61
Round trip time was 22.063 milliseconds in repetition 62
Round trip time was 22.531 milliseconds in repetition 63
Round trip time was 22.768 milliseconds in repetition 64
Round trip time was 31.869 milliseconds in repetition 65
Round trip time was 22.159 milliseconds in repetition 66
Round trip time was 21.161 milliseconds in repetition 67
Round trip time was 23.141 milliseconds in repetition 68
Round trip time was 25.768 milliseconds in repetition 69
Round trip time was 35.353 milliseconds in repetition 70
Round trip time was 24.570 milliseconds in repetition 71
Round trip time was 26.728 milliseconds in repetition 72
Round trip time was 24.276 milliseconds in repetition 73
Round trip time was 30.272 milliseconds in repetition 74
Round trip time was 27.388 milliseconds in repetition 75
Round trip time was 21.323 milliseconds in repetition 76
Round trip time was 20.337 milliseconds in repetition 77
Round trip time was 20.273 milliseconds in repetition 78
Round trip time was 37.810 milliseconds in repetition 79
Round trip time was 20.335 milliseconds in repetition 80
Round trip time was 20.344 milliseconds in repetition 81
Round trip time was 19.607 milliseconds in repetition 82
Round trip time was 20.373 milliseconds in repetition 83
Round trip time was 34.599 milliseconds in repetition 84
Round trip time was 38.004 milliseconds in repetition 85
Round trip time was 20.606 milliseconds in repetition 86
Round trip time was 21.334 milliseconds in repetition 87
Round trip time was 20.572 milliseconds in repetition 88
Round trip time was 20.218 milliseconds in repetition 89
Round trip time was 22.874 milliseconds in repetition 90
Round trip time was 19.631 milliseconds in repetition 91
Round trip time was 23.240 milliseconds in repetition 92
Round trip time was 20.404 milliseconds in repetition 93
Round trip time was 19.530 milliseconds in repetition 94
Round trip time was 19.554 milliseconds in repetition 95
Round trip time was 21.746 milliseconds in repetition 96
Round trip time was 19.312 milliseconds in repetition 97
Round trip time was 19.933 milliseconds in repetition 98
Round trip time was 20.219 milliseconds in repetition 99
Round trip time was 19.821 milliseconds in repetition 100
Round trip time was 19.445 milliseconds in repetition 101
Round trip time was 20.483 milliseconds in repetition 102
Round trip time was 20.303 milliseconds in repetition 103
Round trip time was 20.410 milliseconds in repetition 104
Round trip time was 19.257 milliseconds in repetition 105
Round trip time was 20.307 milliseconds in repetition 106
Round trip time was 19.535 milliseconds in repetition 107
Round trip time was 20.926 milliseconds in repetition 108
Round trip time was 20.394 milliseconds in repetition 109
Round trip time was 19.634 milliseconds in repetition 110
Round trip time was 19.822 milliseconds in repetition 111
Round trip time was 19.925 milliseconds in repetition 112
Round trip time was 22.553 milliseconds in repetition 113
Round trip time was 19.703 milliseconds in repetition 114
Round trip time was 22.284 milliseconds in repetition 115
Round trip time was 19.993 milliseconds in repetition 116
Round trip time was 19.406 milliseconds in repetition 117
Round trip time was 22.762 milliseconds in repetition 118
Round trip time was 19.432 milliseconds in repetition 119
Round trip time was 20.547 milliseconds in repetition 120
Round trip time was 20.562 milliseconds in repetition 121
Round trip time was 21.951 milliseconds in repetition 122
Round trip time was 20.113 milliseconds in repetition 123
Round trip time was 19.970 milliseconds in repetition 124
Round trip time was 20.687 milliseconds in repetition 125
Round trip time was 19.265 milliseconds in repetition 126
Round trip time was 19.822 milliseconds in repetition 127
Round trip time was 19.449 milliseconds in repetition 128
Round trip time was 20.676 milliseconds in repetition 129
Round trip time was 20.592 milliseconds in repetition 130
Round trip time was 21.006 milliseconds in repetition 131
Round trip time was 19.833 milliseconds in repetition 132
Round trip time was 20.260 milliseconds in repetition 133
Round trip time was 19.795 milliseconds in repetition 134
Round trip time was 20.989 milliseconds in repetition 135
Round trip time was 21.150 milliseconds in repetition 136
Round trip time was 19.375 milliseconds in repetition 137
Round trip time was 20.922 milliseconds in repetition 138
Round trip time was 19.497 milliseconds in repetition 139
Round trip time was 20.391 milliseconds in repetition 140
Round trip time was 20.459 milliseconds in repetition 141
Round trip time was 20.679 milliseconds in repetition 142
Round trip time was 20.061 milliseconds in repetition 143
Round trip time was 19.421 milliseconds in repetition 144
Round trip time was 19.383 milliseconds in repetition 145
Round trip time was 20.530 milliseconds in repetition 146
Round trip time was 19.649 milliseconds in repetition 147
Round trip time was 20.555 milliseconds in repetition 148
Round trip time was 19.249 milliseconds in repetition 149
Round trip time was 19.421 milliseconds in repetition 150
Round trip time was 20.504 milliseconds in repetition 151
Round trip time was 19.863 milliseconds in repetition 152
Round trip time was 20.176 milliseconds in repetition 153
Round trip time was 19.682 milliseconds in repetition 154
Round trip time was 19.966 milliseconds in repetition 155
Round trip time was 22.767 milliseconds in repetition 156
Round trip time was 22.406 milliseconds in repetition 157
Round trip time was 20.553 milliseconds in repetition 158
Round trip time was 21.629 milliseconds in repetition 159
Round trip time was 19.971 milliseconds in repetition 160
Round trip time was 21.690 milliseconds in repetition 161
Round trip time was 21.254 milliseconds in repetition 162
Round trip time was 19.565 milliseconds in repetition 163
Round trip time was 20.497 milliseconds in repetition 164
Round trip time was 21.882 milliseconds in repetition 165
Round trip time was 19.763 milliseconds in repetition 166
Round trip time was 20.923 milliseconds in repetition 167
Round trip time was 19.753 milliseconds in repetition 168
Round trip time was 21.311 milliseconds in repetition 169
Round trip time was 20.305 milliseconds in repetition 170
Round trip time was 19.878 milliseconds in repetition 171
Round trip time was 19.918 milliseconds in repetition 172
Round trip time was 20.148 milliseconds in repetition 173
Round trip time was 27.232 milliseconds in repetition 174
Round trip time was 20.106 milliseconds in repetition 175
Round trip time was 22.384 milliseconds in repetition 176
Round trip time was 24.756 milliseconds in repetition 177
Round trip time was 20.229 milliseconds in repetition 178
Round trip time was 20.380 milliseconds in repetition 179
Round trip time was 22.799 milliseconds in repetition 180
Round trip time was 20.517 milliseconds in repetition 181
Round trip time was 19.914 milliseconds in repetition 182
Round trip time was 22.000 milliseconds in repetition 183
Round trip time was 19.442 milliseconds in repetition 184
Round trip time was 20.847 milliseconds in repetition 185
Round trip time was 20.329 milliseconds in repetition 186
Round trip time was 19.630 milliseconds in repetition 187
Round trip time was 20.649 milliseconds in repetition 188
Round trip time was 19.849 milliseconds in repetition 189
Round trip time was 21.254 milliseconds in repetition 190
Round trip time was 21.830 milliseconds in repetition 191
Round trip time was 20.952 milliseconds in repetition 192
Round trip time was 20.302 milliseconds in repetition 193
Round trip time was 20.195 milliseconds in repetition 194
Round trip time was 20.234 milliseconds in repetition 195
Round trip time was 19.904 milliseconds in repetition 196
Round trip time was 20.813 milliseconds in repetition 197
Round trip time was 23.732 milliseconds in repetition 198
Round trip time was 21.180 milliseconds in repetition 199
Round trip time was 20.121 milliseconds in repetition 200
Round trip time was 20.480 milliseconds in repetition 201
Round trip time was 20.140 milliseconds in repetition 202
Round trip time was 21.245 milliseconds in repetition 203
Round trip time was 28.035 milliseconds in repetition 204
Round trip time was 20.969 milliseconds in repetition 205
Round trip time was 19.742 milliseconds in repetition 206
Round trip time was 21.024 milliseconds in repetition 207
Round trip time was 24.132 milliseconds in repetition 208
Round trip time was 22.772 milliseconds in repetition 209
Round trip time was 20.481 milliseconds in repetition 210
Round trip time was 19.419 milliseconds in repetition 211
Round trip time was 20.391 milliseconds in repetition 212
Round trip time was 19.604 milliseconds in repetition 213
Round trip time was 20.437 milliseconds in repetition 214
Round trip time was 20.898 milliseconds in repetition 215
Round trip time was 20.334 milliseconds in repetition 216
Round trip time was 19.317 milliseconds in repetition 217
Round trip time was 21.134 milliseconds in repetition 218
Round trip time was 19.572 milliseconds in repetition 219
Round trip time was 20.080 milliseconds in repetition 220
Round trip time was 20.219 milliseconds in repetition 221
Round trip time was 19.702 milliseconds in repetition 222
Round trip time was 19.744 milliseconds in repetition 223
Round trip time was 19.406 milliseconds in repetition 224
Round trip time was 20.874 milliseconds in repetition 225
Round trip time was 20.294 milliseconds in repetition 226
Round trip time was 21.561 milliseconds in repetition 227
Round trip time was 20.480 milliseconds in repetition 228
Round trip time was 19.445 milliseconds in repetition 229
Round trip time was 19.174 milliseconds in repetition 230
Round trip time was 26.525 milliseconds in repetition 231
Round trip time was 20.870 milliseconds in repetition 232
Round trip time was 23.284 milliseconds in repetition 233
Round trip time was 19.923 milliseconds in repetition 234
Round trip time was 20.757 milliseconds in repetition 235
Round trip time was 19.979 milliseconds in repetition 236
Round trip time was 19.699 milliseconds in repetition 237
Round trip time was 20.636 milliseconds in repetition 238
Round trip time was 20.517 milliseconds in repetition 239
Round trip time was 19.626 milliseconds in repetition 240
Round trip time was 20.567 milliseconds in repetition 241
Round trip time was 21.587 milliseconds in repetition 242
Round trip time was 23.425 milliseconds in repetition 243
Round trip time was 20.203 milliseconds in repetition 244
Round trip time was 20.934 milliseconds in repetition 245
Round trip time was 19.493 milliseconds in repetition 246
Round trip time was 19.573 milliseconds in repetition 247
Round trip time was 19.692 milliseconds in repetition 248
Round trip time was 20.095 milliseconds in repetition 249
Round trip time was 20.892 milliseconds in repetition 250
Round trip time was 20.535 milliseconds in repetition 251
Round trip time was 20.809 milliseconds in repetition 252
Round trip time was 20.632 milliseconds in repetition 253
Round trip time was 19.477 milliseconds in repetition 254
Round trip time was 20.582 milliseconds in repetition 255
Round trip time was 20.152 milliseconds in repetition 256
Round trip time was 19.739 milliseconds in repetition 257
Round trip time was 21.280 milliseconds in repetition 258
Round trip time was 23.021 milliseconds in repetition 259
Round trip time was 20.572 milliseconds in repetition 260
Round trip time was 19.590 milliseconds in repetition 261
Round trip time was 20.337 milliseconds in repetition 262
Round trip time was 20.276 milliseconds in repetition 263
Round trip time was 21.624 milliseconds in repetition 264
Round trip time was 21.266 milliseconds in repetition 265
Round trip time was 21.239 milliseconds in repetition 266
Round trip time was 19.559 milliseconds in repetition 267
Round trip time was 19.371 milliseconds in repetition 268
Round trip time was 19.194 milliseconds in repetition 269
Round trip time was 19.734 milliseconds in repetition 270
Round trip time was 19.827 milliseconds in repetition 271
Round trip time was 20.066 milliseconds in repetition 272
Round trip time was 20.427 milliseconds in repetition 273
Round trip time was 20.816 milliseconds in repetition 274
Round trip time was 66.216 milliseconds in repetition 275
Round trip time was 64.184 milliseconds in repetition 276
Round trip time was 20.763 milliseconds in repetition 277
Round trip time was 48.363 milliseconds in repetition 278
Round trip time was 21.994 milliseconds in repetition 279
Round trip time was 47.990 milliseconds in repetition 280
Round trip time was 68.938 milliseconds in repetition 281
Round trip time was 20.996 milliseconds in repetition 282
Round trip time was 47.508 milliseconds in repetition 283
Round trip time was 20.870 milliseconds in repetition 284
Round trip time was 46.031 milliseconds in repetition 285
Round trip time was 19.617 milliseconds in repetition 286
Round trip time was 60.160 milliseconds in repetition 287
Round trip time was 22.580 milliseconds in repetition 288
Round trip time was 67.019 milliseconds in repetition 289
Round trip time was 53.004 milliseconds in repetition 290
Round trip time was 20.944 milliseconds in repetition 291
Round trip time was 40.889 milliseconds in repetition 292
Round trip time was 20.314 milliseconds in repetition 293
Round trip time was 22.932 milliseconds in repetition 294
Round trip time was 53.543 milliseconds in repetition 295
Round trip time was 21.062 milliseconds in repetition 296
Round trip time was 40.315 milliseconds in repetition 297
Round trip time was 40.585 milliseconds in repetition 298
Round trip time was 19.787 milliseconds in repetition 299
Round trip time was 21.918 milliseconds in repetition 300
Round trip time was 26.412 milliseconds in repetition 301

 ... received 0 bytes instead of 192 (lost count = 1); re-trying ...
 ... re-trying ...
Round trip time was 20.022 milliseconds in repetition 302
Round trip time was 19.980 milliseconds in repetition 303
Round trip time was 20.742 milliseconds in repetition 304
Round trip time was 23.486 milliseconds in repetition 305
Round trip time was 21.791 milliseconds in repetition 306
Round trip time was 20.982 milliseconds in repetition 307
Round trip time was 20.661 milliseconds in repetition 308
Round trip time was 20.500 milliseconds in repetition 309
Round trip time was 20.193 milliseconds in repetition 310
Round trip time was 19.417 milliseconds in repetition 311
Round trip time was 20.511 milliseconds in repetition 312
Round trip time was 23.541 milliseconds in repetition 313
Round trip time was 19.184 milliseconds in repetition 314
Round trip time was 20.794 milliseconds in repetition 315
Round trip time was 20.417 milliseconds in repetition 316
Round trip time was 20.851 milliseconds in repetition 317
Round trip time was 19.640 milliseconds in repetition 318
Round trip time was 19.548 milliseconds in repetition 319
Round trip time was 19.845 milliseconds in repetition 320
Round trip time was 21.299 milliseconds in repetition 321
Round trip time was 19.677 milliseconds in repetition 322
Round trip time was 24.239 milliseconds in repetition 323
Round trip time was 19.288 milliseconds in repetition 324
Round trip time was 21.003 milliseconds in repetition 325
Round trip time was 21.123 milliseconds in repetition 326
Round trip time was 20.698 milliseconds in repetition 327
Round trip time was 20.563 milliseconds in repetition 328
Round trip time was 20.549 milliseconds in repetition 329
Round trip time was 20.477 milliseconds in repetition 330
Round trip time was 20.649 milliseconds in repetition 331
Round trip time was 20.958 milliseconds in repetition 332
Round trip time was 21.409 milliseconds in repetition 333
Round trip time was 34.690 milliseconds in repetition 334
Round trip time was 41.597 milliseconds in repetition 335
Round trip time was 31.611 milliseconds in repetition 336
Round trip time was 20.868 milliseconds in repetition 337
Round trip time was 20.787 milliseconds in repetition 338
Round trip time was 23.352 milliseconds in repetition 339
Round trip time was 21.844 milliseconds in repetition 340
Round trip time was 24.781 milliseconds in repetition 341
Round trip time was 21.248 milliseconds in repetition 342
Round trip time was 27.409 milliseconds in repetition 343
Round trip time was 21.209 milliseconds in repetition 344
Round trip time was 23.848 milliseconds in repetition 345
Round trip time was 21.621 milliseconds in repetition 346
Round trip time was 19.556 milliseconds in repetition 347
Round trip time was 26.302 milliseconds in repetition 348
Round trip time was 21.984 milliseconds in repetition 349
Round trip time was 19.450 milliseconds in repetition 350
Round trip time was 31.206 milliseconds in repetition 351
Round trip time was 23.894 milliseconds in repetition 352
Round trip time was 24.502 milliseconds in repetition 353
Round trip time was 20.844 milliseconds in repetition 354
Round trip time was 20.070 milliseconds in repetition 355
Round trip time was 22.753 milliseconds in repetition 356
Round trip time was 20.830 milliseconds in repetition 357
Round trip time was 23.825 milliseconds in repetition 358
Round trip time was 20.614 milliseconds in repetition 359
Round trip time was 19.980 milliseconds in repetition 360
Round trip time was 21.725 milliseconds in repetition 361
Round trip time was 19.659 milliseconds in repetition 362
Round trip time was 21.248 milliseconds in repetition 363
Round trip time was 23.514 milliseconds in repetition 364
Round trip time was 21.544 milliseconds in repetition 365
Round trip time was 19.913 milliseconds in repetition 366
Round trip time was 19.412 milliseconds in repetition 367
Round trip time was 19.769 milliseconds in repetition 368
Round trip time was 24.447 milliseconds in repetition 369
Round trip time was 19.244 milliseconds in repetition 370
Round trip time was 25.644 milliseconds in repetition 371
Round trip time was 27.344 milliseconds in repetition 372
Round trip time was 25.041 milliseconds in repetition 373
Round trip time was 19.777 milliseconds in repetition 374
Round trip time was 22.521 milliseconds in repetition 375
Round trip time was 19.973 milliseconds in repetition 376
Round trip time was 27.236 milliseconds in repetition 377
Round trip time was 25.997 milliseconds in repetition 378
Round trip time was 25.438 milliseconds in repetition 379
Round trip time was 22.482 milliseconds in repetition 380
Round trip time was 22.403 milliseconds in repetition 381
Round trip time was 25.052 milliseconds in repetition 382
Round trip time was 22.309 milliseconds in repetition 383
Round trip time was 22.618 milliseconds in repetition 384
Round trip time was 20.514 milliseconds in repetition 385
Round trip time was 28.397 milliseconds in repetition 386
Round trip time was 20.705 milliseconds in repetition 387
Round trip time was 20.197 milliseconds in repetition 388
Round trip time was 19.570 milliseconds in repetition 389
Round trip time was 21.194 milliseconds in repetition 390
Round trip time was 19.741 milliseconds in repetition 391
Round trip time was 21.022 milliseconds in repetition 392
Round trip time was 25.896 milliseconds in repetition 393
Round trip time was 28.920 milliseconds in repetition 394
Round trip time was 21.232 milliseconds in repetition 395
Round trip time was 26.111 milliseconds in repetition 396
Round trip time was 26.054 milliseconds in repetition 397
Round trip time was 25.235 milliseconds in repetition 398
Round trip time was 19.409 milliseconds in repetition 399
Round trip time was 20.221 milliseconds in repetition 400
Round trip time was 20.267 milliseconds in repetition 401
Round trip time was 22.198 milliseconds in repetition 402
Round trip time was 19.641 milliseconds in repetition 403
Round trip time was 26.421 milliseconds in repetition 404
Round trip time was 38.511 milliseconds in repetition 405
Round trip time was 23.345 milliseconds in repetition 406
Round trip time was 20.474 milliseconds in repetition 407
Round trip time was 23.858 milliseconds in repetition 408
Round trip time was 25.047 milliseconds in repetition 409
Round trip time was 28.768 milliseconds in repetition 410
Round trip time was 32.697 milliseconds in repetition 411
Round trip time was 30.008 milliseconds in repetition 412
Round trip time was 24.561 milliseconds in repetition 413
Round trip time was 26.120 milliseconds in repetition 414
Round trip time was 20.914 milliseconds in repetition 415
Round trip time was 20.229 milliseconds in repetition 416
Round trip time was 20.513 milliseconds in repetition 417
Round trip time was 20.252 milliseconds in repetition 418
Round trip time was 22.239 milliseconds in repetition 419
Round trip time was 20.462 milliseconds in repetition 420
Round trip time was 19.625 milliseconds in repetition 421
Round trip time was 20.099 milliseconds in repetition 422
Round trip time was 20.314 milliseconds in repetition 423
Round trip time was 20.672 milliseconds in repetition 424
Round trip time was 21.802 milliseconds in repetition 425
Round trip time was 20.293 milliseconds in repetition 426
Round trip time was 19.753 milliseconds in repetition 427
Round trip time was 20.402 milliseconds in repetition 428
Round trip time was 20.785 milliseconds in repetition 429
Round trip time was 20.024 milliseconds in repetition 430
Round trip time was 20.105 milliseconds in repetition 431
Round trip time was 47.758 milliseconds in repetition 432
Round trip time was 21.537 milliseconds in repetition 433
Round trip time was 22.775 milliseconds in repetition 434
Round trip time was 19.841 milliseconds in repetition 435
Round trip time was 21.139 milliseconds in repetition 436
Round trip time was 35.451 milliseconds in repetition 437
Round trip time was 21.564 milliseconds in repetition 438
Round trip time was 20.362 milliseconds in repetition 439
Round trip time was 23.764 milliseconds in repetition 440
Round trip time was 58.075 milliseconds in repetition 441
Round trip time was 22.777 milliseconds in repetition 442
Round trip time was 24.557 milliseconds in repetition 443
Round trip time was 21.142 milliseconds in repetition 444
Round trip time was 41.949 milliseconds in repetition 445
Round trip time was 20.555 milliseconds in repetition 446
Round trip time was 19.540 milliseconds in repetition 447
Round trip time was 20.088 milliseconds in repetition 448
Round trip time was 20.273 milliseconds in repetition 449
Round trip time was 38.661 milliseconds in repetition 450
Round trip time was 19.171 milliseconds in repetition 451
Round trip time was 20.856 milliseconds in repetition 452
Round trip time was 20.703 milliseconds in repetition 453
Round trip time was 20.604 milliseconds in repetition 454
Round trip time was 39.583 milliseconds in repetition 455
Round trip time was 20.626 milliseconds in repetition 456
Round trip time was 19.733 milliseconds in repetition 457
Round trip time was 19.841 milliseconds in repetition 458
Round trip time was 19.852 milliseconds in repetition 459
Round trip time was 19.995 milliseconds in repetition 460
Round trip time was 20.952 milliseconds in repetition 461
Round trip time was 20.358 milliseconds in repetition 462
Round trip time was 19.848 milliseconds in repetition 463
Round trip time was 20.478 milliseconds in repetition 464
Round trip time was 19.690 milliseconds in repetition 465
Round trip time was 21.443 milliseconds in repetition 466
Round trip time was 23.055 milliseconds in repetition 467
Round trip time was 20.797 milliseconds in repetition 468
Round trip time was 23.336 milliseconds in repetition 469
Round trip time was 25.829 milliseconds in repetition 470
Round trip time was 24.499 milliseconds in repetition 471
Round trip time was 24.927 milliseconds in repetition 472
Round trip time was 29.583 milliseconds in repetition 473
Round trip time was 38.683 milliseconds in repetition 474
Round trip time was 27.396 milliseconds in repetition 475
Round trip time was 29.825 milliseconds in repetition 476
Round trip time was 38.058 milliseconds in repetition 477
Round trip time was 41.856 milliseconds in repetition 478
Round trip time was 32.800 milliseconds in repetition 479
Round trip time was 38.096 milliseconds in repetition 480
Round trip time was 34.680 milliseconds in repetition 481
Round trip time was 34.789 milliseconds in repetition 482
Round trip time was 27.392 milliseconds in repetition 483
Round trip time was 26.209 milliseconds in repetition 484
Round trip time was 33.100 milliseconds in repetition 485
Round trip time was 37.642 milliseconds in repetition 486
Round trip time was 29.419 milliseconds in repetition 487
Round trip time was 26.854 milliseconds in repetition 488
Round trip time was 21.400 milliseconds in repetition 489
Round trip time was 21.682 milliseconds in repetition 490
Round trip time was 30.158 milliseconds in repetition 491
Round trip time was 22.648 milliseconds in repetition 492
Round trip time was 26.194 milliseconds in repetition 493
Round trip time was 37.763 milliseconds in repetition 494
Round trip time was 34.153 milliseconds in repetition 495
Round trip time was 36.363 milliseconds in repetition 496
Round trip time was 31.013 milliseconds in repetition 497
Round trip time was 34.077 milliseconds in repetition 498
Round trip time was 30.918 milliseconds in repetition 499
Round trip time was 25.814 milliseconds in repetition 500
Round trip time was 25.264 milliseconds in repetition 501

 ... clock resolution was 1e-06
UDP Ping:  Statistics over 501 repetitions of 192 byte messages

RTT : percentile 10: 19.6299, median: 20.8564, percentile 90: 31.2056, average: 23.6509, variance: 51.8204

RTT histogram:
19.1712 177
21.6595 182
24.1479 43
26.6362 31
29.1245 15
31.6129 8
34.1012 10
36.5895 8
39.0779 8
41.5662 5
44.0545 0
46.5429 4
49.0312 2
51.5195 0
54.0079 2
56.4962 0
58.9845 2
61.4729 0
63.9612 1
66.4495 2
68.9379 1

   median Throughput : 18.4116 KB/s   overall Throughput : 16.2362 KB/s

