UDP Ping trying to connect to server seti.dibris.unige.it (130.251.61.30) on TCP port 1491
 ... connected to Pong server: asking for 501 repetitions of 32 _bytes UDP messages
 ... Pong server agreed to ping-pong using port 52241 :-)
Round trip time was 29.908 milliseconds in repetition 1
Round trip time was 25.345 milliseconds in repetition 2
Round trip time was 25.155 milliseconds in repetition 3
Round trip time was 25.922 milliseconds in repetition 4
Round trip time was 26.042 milliseconds in repetition 5
Round trip time was 25.417 milliseconds in repetition 6
Round trip time was 28.436 milliseconds in repetition 7
Round trip time was 25.568 milliseconds in repetition 8
Round trip time was 25.938 milliseconds in repetition 9
Round trip time was 27.159 milliseconds in repetition 10
Round trip time was 25.380 milliseconds in repetition 11
Round trip time was 25.927 milliseconds in repetition 12
Round trip time was 25.147 milliseconds in repetition 13
Round trip time was 24.695 milliseconds in repetition 14
Round trip time was 25.953 milliseconds in repetition 15
Round trip time was 25.799 milliseconds in repetition 16
Round trip time was 25.692 milliseconds in repetition 17
Round trip time was 25.333 milliseconds in repetition 18
Round trip time was 25.683 milliseconds in repetition 19
Round trip time was 25.371 milliseconds in repetition 20
Round trip time was 27.354 milliseconds in repetition 21
Round trip time was 24.967 milliseconds in repetition 22
Round trip time was 25.641 milliseconds in repetition 23
Round trip time was 25.625 milliseconds in repetition 24
Round trip time was 25.909 milliseconds in repetition 25
Round trip time was 24.645 milliseconds in repetition 26
Round trip time was 25.941 milliseconds in repetition 27
Round trip time was 25.559 milliseconds in repetition 28
Round trip time was 30.391 milliseconds in repetition 29
Round trip time was 26.012 milliseconds in repetition 30
Round trip time was 25.230 milliseconds in repetition 31
Round trip time was 26.243 milliseconds in repetition 32
Round trip time was 25.234 milliseconds in repetition 33
Round trip time was 26.760 milliseconds in repetition 34
Round trip time was 28.543 milliseconds in repetition 35
Round trip time was 27.359 milliseconds in repetition 36
Round trip time was 26.094 milliseconds in repetition 37
Round trip time was 29.640 milliseconds in repetition 38
Round trip time was 25.636 milliseconds in repetition 39
Round trip time was 25.732 milliseconds in repetition 40
Round trip time was 25.469 milliseconds in repetition 41
Round trip time was 24.580 milliseconds in repetition 42
Round trip time was 27.365 milliseconds in repetition 43
Round trip time was 25.178 milliseconds in repetition 44
Round trip time was 24.600 milliseconds in repetition 45
Round trip time was 25.251 milliseconds in repetition 46
Round trip time was 24.728 milliseconds in repetition 47
Round trip time was 25.053 milliseconds in repetition 48
Round trip time was 24.968 milliseconds in repetition 49
Round trip time was 24.700 milliseconds in repetition 50
Round trip time was 23.919 milliseconds in repetition 51
Round trip time was 25.439 milliseconds in repetition 52
Round trip time was 25.263 milliseconds in repetition 53
Round trip time was 25.710 milliseconds in repetition 54
Round trip time was 24.130 milliseconds in repetition 55
Round trip time was 24.898 milliseconds in repetition 56
Round trip time was 24.489 milliseconds in repetition 57
Round trip time was 24.488 milliseconds in repetition 58
Round trip time was 25.839 milliseconds in repetition 59
Round trip time was 24.442 milliseconds in repetition 60
Round trip time was 24.988 milliseconds in repetition 61
Round trip time was 25.176 milliseconds in repetition 62
Round trip time was 24.237 milliseconds in repetition 63
Round trip time was 25.270 milliseconds in repetition 64
Round trip time was 25.562 milliseconds in repetition 65
Round trip time was 29.974 milliseconds in repetition 66
Round trip time was 24.754 milliseconds in repetition 67
Round trip time was 25.994 milliseconds in repetition 68
Round trip time was 24.722 milliseconds in repetition 69
Round trip time was 24.877 milliseconds in repetition 70
Round trip time was 24.484 milliseconds in repetition 71
Round trip time was 24.597 milliseconds in repetition 72
Round trip time was 25.217 milliseconds in repetition 73
Round trip time was 25.821 milliseconds in repetition 74
Round trip time was 24.772 milliseconds in repetition 75
Round trip time was 24.718 milliseconds in repetition 76
Round trip time was 24.572 milliseconds in repetition 77
Round trip time was 26.466 milliseconds in repetition 78
Round trip time was 26.145 milliseconds in repetition 79
Round trip time was 24.779 milliseconds in repetition 80
Round trip time was 24.530 milliseconds in repetition 81
Round trip time was 25.339 milliseconds in repetition 82
Round trip time was 28.683 milliseconds in repetition 83
Round trip time was 25.828 milliseconds in repetition 84
Round trip time was 24.426 milliseconds in repetition 85
Round trip time was 24.385 milliseconds in repetition 86
Round trip time was 24.430 milliseconds in repetition 87
Round trip time was 24.662 milliseconds in repetition 88
Round trip time was 24.851 milliseconds in repetition 89
Round trip time was 24.767 milliseconds in repetition 90
Round trip time was 24.895 milliseconds in repetition 91
Round trip time was 24.480 milliseconds in repetition 92
Round trip time was 24.421 milliseconds in repetition 93
Round trip time was 24.283 milliseconds in repetition 94
Round trip time was 24.255 milliseconds in repetition 95
Round trip time was 25.475 milliseconds in repetition 96
Round trip time was 24.010 milliseconds in repetition 97
Round trip time was 24.213 milliseconds in repetition 98
Round trip time was 24.239 milliseconds in repetition 99
Round trip time was 25.094 milliseconds in repetition 100
Round trip time was 24.843 milliseconds in repetition 101
Round trip time was 32.493 milliseconds in repetition 102
Round trip time was 27.470 milliseconds in repetition 103
Round trip time was 30.389 milliseconds in repetition 104
Round trip time was 24.733 milliseconds in repetition 105
Round trip time was 24.519 milliseconds in repetition 106
Round trip time was 24.004 milliseconds in repetition 107
Round trip time was 25.835 milliseconds in repetition 108
Round trip time was 25.088 milliseconds in repetition 109
Round trip time was 25.424 milliseconds in repetition 110
Round trip time was 25.053 milliseconds in repetition 111
Round trip time was 24.700 milliseconds in repetition 112
Round trip time was 26.948 milliseconds in repetition 113
Round trip time was 25.438 milliseconds in repetition 114
Round trip time was 24.367 milliseconds in repetition 115
Round trip time was 25.196 milliseconds in repetition 116
Round trip time was 25.419 milliseconds in repetition 117
Round trip time was 24.877 milliseconds in repetition 118
Round trip time was 24.656 milliseconds in repetition 119
Round trip time was 26.577 milliseconds in repetition 120
Round trip time was 24.441 milliseconds in repetition 121
Round trip time was 25.097 milliseconds in repetition 122
Round trip time was 54.861 milliseconds in repetition 123
Round trip time was 24.395 milliseconds in repetition 124
Round trip time was 25.157 milliseconds in repetition 125
Round trip time was 25.003 milliseconds in repetition 126
Round trip time was 67.138 milliseconds in repetition 127
Round trip time was 24.824 milliseconds in repetition 128
Round trip time was 25.137 milliseconds in repetition 129
Round trip time was 24.734 milliseconds in repetition 130
Round trip time was 75.905 milliseconds in repetition 131
Round trip time was 25.520 milliseconds in repetition 132
Round trip time was 25.755 milliseconds in repetition 133
Round trip time was 32.229 milliseconds in repetition 134
Round trip time was 31.029 milliseconds in repetition 135
Round trip time was 24.800 milliseconds in repetition 136
Round trip time was 56.757 milliseconds in repetition 137
Round trip time was 32.500 milliseconds in repetition 138
Round trip time was 26.684 milliseconds in repetition 139
Round trip time was 24.739 milliseconds in repetition 140
Round trip time was 24.084 milliseconds in repetition 141
Round trip time was 48.273 milliseconds in repetition 142
Round trip time was 24.359 milliseconds in repetition 143
Round trip time was 24.877 milliseconds in repetition 144
Round trip time was 24.657 milliseconds in repetition 145
Round trip time was 79.459 milliseconds in repetition 146
Round trip time was 24.264 milliseconds in repetition 147
Round trip time was 27.120 milliseconds in repetition 148
Round trip time was 24.951 milliseconds in repetition 149
Round trip time was 61.827 milliseconds in repetition 150
Round trip time was 24.603 milliseconds in repetition 151
Round trip time was 25.783 milliseconds in repetition 152
Round trip time was 24.766 milliseconds in repetition 153
Round trip time was 73.795 milliseconds in repetition 154
Round trip time was 24.177 milliseconds in repetition 155
Round trip time was 25.331 milliseconds in repetition 156
Round trip time was 24.686 milliseconds in repetition 157
Round trip time was 63.408 milliseconds in repetition 158
Round trip time was 25.172 milliseconds in repetition 159
Round trip time was 25.452 milliseconds in repetition 160
Round trip time was 25.789 milliseconds in repetition 161
Round trip time was 41.909 milliseconds in repetition 162
Round trip time was 48.984 milliseconds in repetition 163
Round trip time was 24.178 milliseconds in repetition 164
Round trip time was 30.402 milliseconds in repetition 165
Round trip time was 64.976 milliseconds in repetition 166
Round trip time was 25.310 milliseconds in repetition 167
Round trip time was 25.204 milliseconds in repetition 168
Round trip time was 25.399 milliseconds in repetition 169
Round trip time was 62.763 milliseconds in repetition 170
Round trip time was 24.916 milliseconds in repetition 171
Round trip time was 24.101 milliseconds in repetition 172
Round trip time was 24.462 milliseconds in repetition 173
Round trip time was 26.300 milliseconds in repetition 174
Round trip time was 49.254 milliseconds in repetition 175
Round trip time was 25.249 milliseconds in repetition 176
Round trip time was 24.499 milliseconds in repetition 177
Round trip time was 24.654 milliseconds in repetition 178
Round trip time was 67.599 milliseconds in repetition 179
Round trip time was 25.926 milliseconds in repetition 180
Round trip time was 24.741 milliseconds in repetition 181
Round trip time was 25.701 milliseconds in repetition 182
Round trip time was 42.729 milliseconds in repetition 183
Round trip time was 50.587 milliseconds in repetition 184
Round trip time was 24.673 milliseconds in repetition 185
Round trip time was 25.321 milliseconds in repetition 186
Round trip time was 53.125 milliseconds in repetition 187
Round trip time was 24.578 milliseconds in repetition 188
Round trip time was 24.694 milliseconds in repetition 189
Round trip time was 24.725 milliseconds in repetition 190
Round trip time was 24.934 milliseconds in repetition 191
Round trip time was 24.953 milliseconds in repetition 192
Round trip time was 24.996 milliseconds in repetition 193
Round trip time was 25.184 milliseconds in repetition 194
Round trip time was 70.744 milliseconds in repetition 195
Round trip time was 24.753 milliseconds in repetition 196
Round trip time was 29.120 milliseconds in repetition 197
Round trip time was 27.017 milliseconds in repetition 198
Round trip time was 60.954 milliseconds in repetition 199
Round trip time was 25.098 milliseconds in repetition 200
Round trip time was 27.052 milliseconds in repetition 201
Round trip time was 25.060 milliseconds in repetition 202
Round trip time was 71.806 milliseconds in repetition 203
Round trip time was 30.788 milliseconds in repetition 204
Round trip time was 25.055 milliseconds in repetition 205
Round trip time was 25.743 milliseconds in repetition 206
Round trip time was 39.735 milliseconds in repetition 207
Round trip time was 24.750 milliseconds in repetition 208
Round trip time was 25.003 milliseconds in repetition 209
Round trip time was 24.657 milliseconds in repetition 210
Round trip time was 24.663 milliseconds in repetition 211
Round trip time was 46.931 milliseconds in repetition 212
Round trip time was 25.248 milliseconds in repetition 213
Round trip time was 41.224 milliseconds in repetition 214
Round trip time was 61.678 milliseconds in repetition 215
Round trip time was 26.903 milliseconds in repetition 216
Round trip time was 25.763 milliseconds in repetition 217
Round trip time was 24.680 milliseconds in repetition 218
Round trip time was 24.777 milliseconds in repetition 219
Round trip time was 23.987 milliseconds in repetition 220
Round trip time was 26.053 milliseconds in repetition 221
Round trip time was 40.619 milliseconds in repetition 222
Round trip time was 24.641 milliseconds in repetition 223
Round trip time was 26.869 milliseconds in repetition 224
Round trip time was 24.449 milliseconds in repetition 225
Round trip time was 25.159 milliseconds in repetition 226
Round trip time was 24.711 milliseconds in repetition 227
Round trip time was 25.453 milliseconds in repetition 228
Round trip time was 26.364 milliseconds in repetition 229
Round trip time was 25.085 milliseconds in repetition 230
Round trip time was 24.005 milliseconds in repetition 231
Round trip time was 24.477 milliseconds in repetition 232
Round trip time was 30.649 milliseconds in repetition 233
Round trip time was 24.800 milliseconds in repetition 234
Round trip time was 27.213 milliseconds in repetition 235
Round trip time was 25.309 milliseconds in repetition 236
Round trip time was 26.229 milliseconds in repetition 237
Round trip time was 33.646 milliseconds in repetition 238
Round trip time was 29.079 milliseconds in repetition 239
Round trip time was 29.413 milliseconds in repetition 240
Round trip time was 24.801 milliseconds in repetition 241
Round trip time was 39.329 milliseconds in repetition 242
Round trip time was 28.843 milliseconds in repetition 243
Round trip time was 27.318 milliseconds in repetition 244
Round trip time was 25.338 milliseconds in repetition 245
Round trip time was 26.224 milliseconds in repetition 246
Round trip time was 31.744 milliseconds in repetition 247
Round trip time was 26.784 milliseconds in repetition 248
Round trip time was 24.504 milliseconds in repetition 249
Round trip time was 24.025 milliseconds in repetition 250
Round trip time was 24.905 milliseconds in repetition 251
Round trip time was 24.716 milliseconds in repetition 252
Round trip time was 25.024 milliseconds in repetition 253
Round trip time was 26.662 milliseconds in repetition 254
Round trip time was 24.766 milliseconds in repetition 255
Round trip time was 24.672 milliseconds in repetition 256
Round trip time was 24.826 milliseconds in repetition 257
Round trip time was 26.694 milliseconds in repetition 258
Round trip time was 25.106 milliseconds in repetition 259
Round trip time was 24.573 milliseconds in repetition 260
Round trip time was 24.699 milliseconds in repetition 261
Round trip time was 24.520 milliseconds in repetition 262
Round trip time was 24.692 milliseconds in repetition 263
Round trip time was 24.937 milliseconds in repetition 264
Round trip time was 28.852 milliseconds in repetition 265
Round trip time was 26.535 milliseconds in repetition 266
Round trip time was 23.899 milliseconds in repetition 267
Round trip time was 25.842 milliseconds in repetition 268
Round trip time was 25.160 milliseconds in repetition 269
Round trip time was 25.678 milliseconds in repetition 270
Round trip time was 24.714 milliseconds in repetition 271
Round trip time was 28.416 milliseconds in repetition 272
Round trip time was 24.027 milliseconds in repetition 273
Round trip time was 25.362 milliseconds in repetition 274
Round trip time was 24.417 milliseconds in repetition 275
Round trip time was 24.462 milliseconds in repetition 276
Round trip time was 24.177 milliseconds in repetition 277
Round trip time was 24.771 milliseconds in repetition 278
Round trip time was 24.055 milliseconds in repetition 279
Round trip time was 24.941 milliseconds in repetition 280
Round trip time was 24.008 milliseconds in repetition 281
Round trip time was 24.140 milliseconds in repetition 282
Round trip time was 24.625 milliseconds in repetition 283
Round trip time was 32.228 milliseconds in repetition 284
Round trip time was 24.944 milliseconds in repetition 285
Round trip time was 24.517 milliseconds in repetition 286
Round trip time was 24.390 milliseconds in repetition 287
Round trip time was 24.921 milliseconds in repetition 288
Round trip time was 24.826 milliseconds in repetition 289
Round trip time was 24.558 milliseconds in repetition 290
Round trip time was 24.724 milliseconds in repetition 291
Round trip time was 25.263 milliseconds in repetition 292
Round trip time was 33.900 milliseconds in repetition 293
Round trip time was 24.500 milliseconds in repetition 294
Round trip time was 24.648 milliseconds in repetition 295
Round trip time was 25.374 milliseconds in repetition 296
Round trip time was 46.559 milliseconds in repetition 297
Round trip time was 24.442 milliseconds in repetition 298
Round trip time was 27.329 milliseconds in repetition 299
Round trip time was 29.539 milliseconds in repetition 300
Round trip time was 37.757 milliseconds in repetition 301
Round trip time was 24.206 milliseconds in repetition 302
Round trip time was 24.622 milliseconds in repetition 303
Round trip time was 25.775 milliseconds in repetition 304
Round trip time was 44.136 milliseconds in repetition 305
Round trip time was 24.869 milliseconds in repetition 306
Round trip time was 28.134 milliseconds in repetition 307
Round trip time was 24.483 milliseconds in repetition 308
Round trip time was 40.889 milliseconds in repetition 309
Round trip time was 25.664 milliseconds in repetition 310
Round trip time was 24.735 milliseconds in repetition 311
Round trip time was 24.107 milliseconds in repetition 312
Round trip time was 45.032 milliseconds in repetition 313
Round trip time was 24.321 milliseconds in repetition 314
Round trip time was 34.143 milliseconds in repetition 315
Round trip time was 25.207 milliseconds in repetition 316
Round trip time was 23.684 milliseconds in repetition 317
Round trip time was 25.141 milliseconds in repetition 318
Round trip time was 24.657 milliseconds in repetition 319
Round trip time was 25.001 milliseconds in repetition 320
Round trip time was 24.941 milliseconds in repetition 321
Round trip time was 24.475 milliseconds in repetition 322
Round trip time was 25.196 milliseconds in repetition 323
Round trip time was 24.994 milliseconds in repetition 324
Round trip time was 24.662 milliseconds in repetition 325
Round trip time was 24.031 milliseconds in repetition 326
Round trip time was 24.443 milliseconds in repetition 327
Round trip time was 24.284 milliseconds in repetition 328
Round trip time was 24.421 milliseconds in repetition 329
Round trip time was 24.694 milliseconds in repetition 330
Round trip time was 24.987 milliseconds in repetition 331
Round trip time was 24.833 milliseconds in repetition 332
Round trip time was 28.193 milliseconds in repetition 333
Round trip time was 24.601 milliseconds in repetition 334
Round trip time was 24.353 milliseconds in repetition 335
Round trip time was 25.092 milliseconds in repetition 336
Round trip time was 25.172 milliseconds in repetition 337
Round trip time was 24.468 milliseconds in repetition 338
Round trip time was 27.559 milliseconds in repetition 339
Round trip time was 27.022 milliseconds in repetition 340
Round trip time was 24.745 milliseconds in repetition 341
Round trip time was 23.864 milliseconds in repetition 342
Round trip time was 32.202 milliseconds in repetition 343
Round trip time was 25.920 milliseconds in repetition 344
Round trip time was 24.700 milliseconds in repetition 345
Round trip time was 25.044 milliseconds in repetition 346
Round trip time was 24.836 milliseconds in repetition 347
Round trip time was 24.638 milliseconds in repetition 348
Round trip time was 25.405 milliseconds in repetition 349
Round trip time was 25.730 milliseconds in repetition 350
Round trip time was 26.286 milliseconds in repetition 351
Round trip time was 24.698 milliseconds in repetition 352
Round trip time was 29.823 milliseconds in repetition 353
Round trip time was 25.691 milliseconds in repetition 354
Round trip time was 25.861 milliseconds in repetition 355
Round trip time was 23.929 milliseconds in repetition 356
Round trip time was 25.789 milliseconds in repetition 357
Round trip time was 24.621 milliseconds in repetition 358
Round trip time was 24.818 milliseconds in repetition 359
Round trip time was 24.691 milliseconds in repetition 360
Round trip time was 27.322 milliseconds in repetition 361
Round trip time was 24.993 milliseconds in repetition 362
Round trip time was 25.352 milliseconds in repetition 363
Round trip time was 25.933 milliseconds in repetition 364
Round trip time was 24.928 milliseconds in repetition 365
Round trip time was 24.533 milliseconds in repetition 366
Round trip time was 24.887 milliseconds in repetition 367
Round trip time was 26.479 milliseconds in repetition 368
Round trip time was 26.691 milliseconds in repetition 369
Round trip time was 26.642 milliseconds in repetition 370
Round trip time was 24.952 milliseconds in repetition 371
Round trip time was 24.809 milliseconds in repetition 372
Round trip time was 24.189 milliseconds in repetition 373
Round trip time was 25.586 milliseconds in repetition 374
Round trip time was 24.275 milliseconds in repetition 375
Round trip time was 25.020 milliseconds in repetition 376
Round trip time was 26.821 milliseconds in repetition 377
Round trip time was 24.446 milliseconds in repetition 378
Round trip time was 24.896 milliseconds in repetition 379
Round trip time was 24.697 milliseconds in repetition 380
Round trip time was 24.675 milliseconds in repetition 381
Round trip time was 24.273 milliseconds in repetition 382
Round trip time was 24.523 milliseconds in repetition 383
Round trip time was 23.871 milliseconds in repetition 384
Round trip time was 23.996 milliseconds in repetition 385
Round trip time was 24.100 milliseconds in repetition 386
Round trip time was 24.728 milliseconds in repetition 387
Round trip time was 25.101 milliseconds in repetition 388
Round trip time was 26.106 milliseconds in repetition 389
Round trip time was 24.758 milliseconds in repetition 390
Round trip time was 26.435 milliseconds in repetition 391
Round trip time was 24.824 milliseconds in repetition 392
Round trip time was 24.781 milliseconds in repetition 393
Round trip time was 24.273 milliseconds in repetition 394
Round trip time was 25.530 milliseconds in repetition 395
Round trip time was 24.480 milliseconds in repetition 396
Round trip time was 25.564 milliseconds in repetition 397
Round trip time was 25.384 milliseconds in repetition 398
Round trip time was 24.721 milliseconds in repetition 399
Round trip time was 25.231 milliseconds in repetition 400
Round trip time was 24.683 milliseconds in repetition 401
Round trip time was 24.648 milliseconds in repetition 402
Round trip time was 25.416 milliseconds in repetition 403
Round trip time was 25.925 milliseconds in repetition 404
Round trip time was 25.259 milliseconds in repetition 405
Round trip time was 24.035 milliseconds in repetition 406
Round trip time was 24.242 milliseconds in repetition 407
Round trip time was 24.635 milliseconds in repetition 408
Round trip time was 24.905 milliseconds in repetition 409
Round trip time was 24.651 milliseconds in repetition 410
Round trip time was 23.661 milliseconds in repetition 411
Round trip time was 24.266 milliseconds in repetition 412
Round trip time was 24.396 milliseconds in repetition 413
Round trip time was 24.670 milliseconds in repetition 414
Round trip time was 24.728 milliseconds in repetition 415
Round trip time was 24.415 milliseconds in repetition 416
Round trip time was 24.609 milliseconds in repetition 417
Round trip time was 24.856 milliseconds in repetition 418
Round trip time was 24.326 milliseconds in repetition 419
Round trip time was 26.708 milliseconds in repetition 420
Round trip time was 24.373 milliseconds in repetition 421
Round trip time was 25.499 milliseconds in repetition 422
Round trip time was 24.825 milliseconds in repetition 423
Round trip time was 23.883 milliseconds in repetition 424
Round trip time was 24.808 milliseconds in repetition 425
Round trip time was 24.042 milliseconds in repetition 426
Round trip time was 25.013 milliseconds in repetition 427
Round trip time was 24.427 milliseconds in repetition 428
Round trip time was 25.122 milliseconds in repetition 429
Round trip time was 24.173 milliseconds in repetition 430
Round trip time was 24.895 milliseconds in repetition 431
Round trip time was 24.246 milliseconds in repetition 432
Round trip time was 24.198 milliseconds in repetition 433
Round trip time was 24.584 milliseconds in repetition 434
Round trip time was 24.137 milliseconds in repetition 435
Round trip time was 24.660 milliseconds in repetition 436
Round trip time was 24.789 milliseconds in repetition 437
Round trip time was 26.106 milliseconds in repetition 438
Round trip time was 24.693 milliseconds in repetition 439
Round trip time was 24.587 milliseconds in repetition 440
Round trip time was 24.893 milliseconds in repetition 441
Round trip time was 27.529 milliseconds in repetition 442
Round trip time was 24.100 milliseconds in repetition 443
Round trip time was 24.230 milliseconds in repetition 444
Round trip time was 24.449 milliseconds in repetition 445
Round trip time was 28.357 milliseconds in repetition 446
Round trip time was 26.055 milliseconds in repetition 447
Round trip time was 25.071 milliseconds in repetition 448
Round trip time was 24.809 milliseconds in repetition 449
Round trip time was 26.415 milliseconds in repetition 450
Round trip time was 24.531 milliseconds in repetition 451
Round trip time was 24.628 milliseconds in repetition 452
Round trip time was 24.810 milliseconds in repetition 453
Round trip time was 25.114 milliseconds in repetition 454
Round trip time was 25.041 milliseconds in repetition 455
Round trip time was 25.108 milliseconds in repetition 456
Round trip time was 25.128 milliseconds in repetition 457
Round trip time was 23.958 milliseconds in repetition 458
Round trip time was 26.132 milliseconds in repetition 459
Round trip time was 24.350 milliseconds in repetition 460
Round trip time was 26.623 milliseconds in repetition 461
Round trip time was 24.895 milliseconds in repetition 462
Round trip time was 24.356 milliseconds in repetition 463
Round trip time was 27.713 milliseconds in repetition 464
Round trip time was 25.536 milliseconds in repetition 465
Round trip time was 25.773 milliseconds in repetition 466
Round trip time was 26.562 milliseconds in repetition 467
Round trip time was 33.634 milliseconds in repetition 468
Round trip time was 25.062 milliseconds in repetition 469
Round trip time was 26.259 milliseconds in repetition 470
Round trip time was 24.417 milliseconds in repetition 471
Round trip time was 24.396 milliseconds in repetition 472
Round trip time was 24.918 milliseconds in repetition 473
Round trip time was 25.782 milliseconds in repetition 474
Round trip time was 24.785 milliseconds in repetition 475
Round trip time was 25.457 milliseconds in repetition 476
Round trip time was 28.990 milliseconds in repetition 477
Round trip time was 25.378 milliseconds in repetition 478
Round trip time was 24.513 milliseconds in repetition 479
Round trip time was 24.631 milliseconds in repetition 480
Round trip time was 24.956 milliseconds in repetition 481
Round trip time was 24.778 milliseconds in repetition 482
Round trip time was 25.024 milliseconds in repetition 483
Round trip time was 25.074 milliseconds in repetition 484
Round trip time was 25.001 milliseconds in repetition 485
Round trip time was 26.475 milliseconds in repetition 486
Round trip time was 25.237 milliseconds in repetition 487
Round trip time was 31.587 milliseconds in repetition 488
Round trip time was 46.556 milliseconds in repetition 489
Round trip time was 24.199 milliseconds in repetition 490
Round trip time was 47.743 milliseconds in repetition 491
Round trip time was 24.815 milliseconds in repetition 492
Round trip time was 25.769 milliseconds in repetition 493
Round trip time was 24.290 milliseconds in repetition 494
Round trip time was 44.653 milliseconds in repetition 495
Round trip time was 24.421 milliseconds in repetition 496
Round trip time was 25.192 milliseconds in repetition 497
Round trip time was 24.478 milliseconds in repetition 498
Round trip time was 43.309 milliseconds in repetition 499
Round trip time was 24.488 milliseconds in repetition 500
Round trip time was 24.882 milliseconds in repetition 501

 ... clock resolution was 1e-06
UDP Ping:  Statistics over 501 repetitions of 32 byte messages

RTT : percentile 10: 24.2837, median: 25.0409, percentile 90: 30.4019, average: 27.5174, variance: 65.929

RTT histogram:
23.6609 255
26.4508 175
29.2407 21
32.0306 10
34.8205 4
37.6104 1
40.4002 5
43.1901 4
45.98 5
48.7699 4
51.5598 1
54.3497 2
57.1395 1
59.9294 1
62.7193 4
65.5092 1
68.2991 2
71.089 2
73.8789 1
76.6687 1
79.4586 1

   median Throughput : 2.55582 KB/s   overall Throughput : 2.3258 KB/s

