UDP Ping trying to connect to server seti.dibris.unige.it (130.251.61.30) on TCP port 1491
 ... connected to Pong server: asking for 501 repetitions of 48 _bytes UDP messages
 ... Pong server agreed to ping-pong using port 52241 :-)
Round trip time was 21.506 milliseconds in repetition 1
Round trip time was 17.424 milliseconds in repetition 2
Round trip time was 21.709 milliseconds in repetition 3
Round trip time was 32.466 milliseconds in repetition 4
Round trip time was 17.982 milliseconds in repetition 5
Round trip time was 17.755 milliseconds in repetition 6
Round trip time was 18.359 milliseconds in repetition 7
Round trip time was 21.946 milliseconds in repetition 8
Round trip time was 18.904 milliseconds in repetition 9
Round trip time was 17.866 milliseconds in repetition 10
Round trip time was 17.802 milliseconds in repetition 11
Round trip time was 17.462 milliseconds in repetition 12
Round trip time was 21.577 milliseconds in repetition 13
Round trip time was 17.593 milliseconds in repetition 14
Round trip time was 17.479 milliseconds in repetition 15
Round trip time was 19.225 milliseconds in repetition 16
Round trip time was 17.263 milliseconds in repetition 17
Round trip time was 16.998 milliseconds in repetition 18
Round trip time was 17.257 milliseconds in repetition 19
Round trip time was 17.600 milliseconds in repetition 20
Round trip time was 17.703 milliseconds in repetition 21
Round trip time was 18.368 milliseconds in repetition 22
Round trip time was 19.922 milliseconds in repetition 23
Round trip time was 17.989 milliseconds in repetition 24
Round trip time was 17.304 milliseconds in repetition 25
Round trip time was 17.693 milliseconds in repetition 26
Round trip time was 17.060 milliseconds in repetition 27
Round trip time was 17.451 milliseconds in repetition 28
Round trip time was 17.204 milliseconds in repetition 29
Round trip time was 18.571 milliseconds in repetition 30
Round trip time was 23.775 milliseconds in repetition 31
Round trip time was 16.454 milliseconds in repetition 32
Round trip time was 16.773 milliseconds in repetition 33
Round trip time was 16.458 milliseconds in repetition 34
Round trip time was 17.233 milliseconds in repetition 35
Round trip time was 16.442 milliseconds in repetition 36
Round trip time was 16.424 milliseconds in repetition 37
Round trip time was 16.157 milliseconds in repetition 38
Round trip time was 17.099 milliseconds in repetition 39
Round trip time was 16.437 milliseconds in repetition 40
Round trip time was 17.376 milliseconds in repetition 41
Round trip time was 17.100 milliseconds in repetition 42
Round trip time was 16.338 milliseconds in repetition 43
Round trip time was 18.888 milliseconds in repetition 44
Round trip time was 16.715 milliseconds in repetition 45
Round trip time was 16.876 milliseconds in repetition 46
Round trip time was 17.174 milliseconds in repetition 47
Round trip time was 17.301 milliseconds in repetition 48
Round trip time was 18.931 milliseconds in repetition 49
Round trip time was 16.576 milliseconds in repetition 50
Round trip time was 20.471 milliseconds in repetition 51
Round trip time was 17.594 milliseconds in repetition 52
Round trip time was 17.935 milliseconds in repetition 53
Round trip time was 16.801 milliseconds in repetition 54
Round trip time was 16.548 milliseconds in repetition 55
Round trip time was 17.277 milliseconds in repetition 56
Round trip time was 18.966 milliseconds in repetition 57
Round trip time was 16.521 milliseconds in repetition 58
Round trip time was 17.028 milliseconds in repetition 59
Round trip time was 16.051 milliseconds in repetition 60
Round trip time was 17.103 milliseconds in repetition 61
Round trip time was 16.947 milliseconds in repetition 62
Round trip time was 17.693 milliseconds in repetition 63
Round trip time was 17.299 milliseconds in repetition 64
Round trip time was 17.639 milliseconds in repetition 65
Round trip time was 17.097 milliseconds in repetition 66
Round trip time was 17.171 milliseconds in repetition 67
Round trip time was 16.126 milliseconds in repetition 68
Round trip time was 17.266 milliseconds in repetition 69
Round trip time was 16.337 milliseconds in repetition 70
Round trip time was 16.317 milliseconds in repetition 71
Round trip time was 17.175 milliseconds in repetition 72
Round trip time was 16.890 milliseconds in repetition 73
Round trip time was 17.159 milliseconds in repetition 74
Round trip time was 16.159 milliseconds in repetition 75
Round trip time was 17.310 milliseconds in repetition 76
Round trip time was 16.365 milliseconds in repetition 77
Round trip time was 16.192 milliseconds in repetition 78
Round trip time was 18.085 milliseconds in repetition 79
Round trip time was 21.144 milliseconds in repetition 80
Round trip time was 16.782 milliseconds in repetition 81
Round trip time was 17.419 milliseconds in repetition 82
Round trip time was 17.261 milliseconds in repetition 83
Round trip time was 17.004 milliseconds in repetition 84
Round trip time was 17.230 milliseconds in repetition 85
Round trip time was 16.652 milliseconds in repetition 86
Round trip time was 17.044 milliseconds in repetition 87
Round trip time was 17.173 milliseconds in repetition 88
Round trip time was 16.687 milliseconds in repetition 89
Round trip time was 16.379 milliseconds in repetition 90
Round trip time was 17.297 milliseconds in repetition 91
Round trip time was 17.461 milliseconds in repetition 92
Round trip time was 17.283 milliseconds in repetition 93
Round trip time was 17.677 milliseconds in repetition 94
Round trip time was 17.245 milliseconds in repetition 95
Round trip time was 16.456 milliseconds in repetition 96
Round trip time was 17.261 milliseconds in repetition 97
Round trip time was 17.138 milliseconds in repetition 98
Round trip time was 18.248 milliseconds in repetition 99
Round trip time was 21.634 milliseconds in repetition 100
Round trip time was 17.097 milliseconds in repetition 101
Round trip time was 16.685 milliseconds in repetition 102
Round trip time was 17.329 milliseconds in repetition 103
Round trip time was 17.364 milliseconds in repetition 104
Round trip time was 17.298 milliseconds in repetition 105
Round trip time was 17.753 milliseconds in repetition 106
Round trip time was 16.586 milliseconds in repetition 107
Round trip time was 17.265 milliseconds in repetition 108
Round trip time was 17.163 milliseconds in repetition 109
Round trip time was 20.327 milliseconds in repetition 110
Round trip time was 16.989 milliseconds in repetition 111
Round trip time was 17.051 milliseconds in repetition 112
Round trip time was 17.093 milliseconds in repetition 113
Round trip time was 17.093 milliseconds in repetition 114
Round trip time was 17.149 milliseconds in repetition 115
Round trip time was 18.216 milliseconds in repetition 116
Round trip time was 17.167 milliseconds in repetition 117
Round trip time was 19.163 milliseconds in repetition 118
Round trip time was 17.183 milliseconds in repetition 119
Round trip time was 16.539 milliseconds in repetition 120
Round trip time was 17.190 milliseconds in repetition 121
Round trip time was 17.300 milliseconds in repetition 122
Round trip time was 16.924 milliseconds in repetition 123
Round trip time was 18.084 milliseconds in repetition 124
Round trip time was 17.927 milliseconds in repetition 125
Round trip time was 18.301 milliseconds in repetition 126
Round trip time was 25.947 milliseconds in repetition 127
Round trip time was 16.518 milliseconds in repetition 128
Round trip time was 16.479 milliseconds in repetition 129
Round trip time was 17.221 milliseconds in repetition 130
Round trip time was 17.419 milliseconds in repetition 131
Round trip time was 16.752 milliseconds in repetition 132
Round trip time was 16.680 milliseconds in repetition 133
Round trip time was 16.834 milliseconds in repetition 134
Round trip time was 16.929 milliseconds in repetition 135
Round trip time was 16.145 milliseconds in repetition 136
Round trip time was 16.840 milliseconds in repetition 137
Round trip time was 17.474 milliseconds in repetition 138
Round trip time was 17.189 milliseconds in repetition 139
Round trip time was 17.183 milliseconds in repetition 140
Round trip time was 17.304 milliseconds in repetition 141
Round trip time was 17.214 milliseconds in repetition 142
Round trip time was 17.517 milliseconds in repetition 143
Round trip time was 18.393 milliseconds in repetition 144
Round trip time was 16.568 milliseconds in repetition 145
Round trip time was 17.693 milliseconds in repetition 146
Round trip time was 17.047 milliseconds in repetition 147
Round trip time was 17.399 milliseconds in repetition 148
Round trip time was 22.745 milliseconds in repetition 149
Round trip time was 17.153 milliseconds in repetition 150
Round trip time was 16.336 milliseconds in repetition 151
Round trip time was 17.156 milliseconds in repetition 152
Round trip time was 17.398 milliseconds in repetition 153
Round trip time was 16.062 milliseconds in repetition 154
Round trip time was 16.396 milliseconds in repetition 155
Round trip time was 17.004 milliseconds in repetition 156
Round trip time was 16.374 milliseconds in repetition 157
Round trip time was 17.332 milliseconds in repetition 158
Round trip time was 16.555 milliseconds in repetition 159
Round trip time was 16.277 milliseconds in repetition 160
Round trip time was 17.166 milliseconds in repetition 161
Round trip time was 17.164 milliseconds in repetition 162
Round trip time was 16.974 milliseconds in repetition 163
Round trip time was 17.435 milliseconds in repetition 164
Round trip time was 17.277 milliseconds in repetition 165
Round trip time was 16.961 milliseconds in repetition 166
Round trip time was 17.305 milliseconds in repetition 167
Round trip time was 17.221 milliseconds in repetition 168
Round trip time was 17.001 milliseconds in repetition 169
Round trip time was 16.642 milliseconds in repetition 170
Round trip time was 16.447 milliseconds in repetition 171
Round trip time was 17.328 milliseconds in repetition 172
Round trip time was 16.870 milliseconds in repetition 173
Round trip time was 17.509 milliseconds in repetition 174
Round trip time was 17.476 milliseconds in repetition 175
Round trip time was 16.932 milliseconds in repetition 176
Round trip time was 16.434 milliseconds in repetition 177
Round trip time was 16.946 milliseconds in repetition 178
Round trip time was 16.502 milliseconds in repetition 179
Round trip time was 16.855 milliseconds in repetition 180
Round trip time was 17.420 milliseconds in repetition 181
Round trip time was 16.699 milliseconds in repetition 182
Round trip time was 18.608 milliseconds in repetition 183
Round trip time was 17.820 milliseconds in repetition 184
Round trip time was 16.900 milliseconds in repetition 185
Round trip time was 20.119 milliseconds in repetition 186
Round trip time was 17.555 milliseconds in repetition 187
Round trip time was 17.831 milliseconds in repetition 188
Round trip time was 18.186 milliseconds in repetition 189
Round trip time was 16.783 milliseconds in repetition 190
Round trip time was 17.274 milliseconds in repetition 191
Round trip time was 17.476 milliseconds in repetition 192
Round trip time was 16.407 milliseconds in repetition 193
Round trip time was 17.447 milliseconds in repetition 194
Round trip time was 17.214 milliseconds in repetition 195
Round trip time was 16.070 milliseconds in repetition 196
Round trip time was 16.222 milliseconds in repetition 197
Round trip time was 16.775 milliseconds in repetition 198
Round trip time was 17.129 milliseconds in repetition 199
Round trip time was 16.367 milliseconds in repetition 200
Round trip time was 16.263 milliseconds in repetition 201
Round trip time was 18.316 milliseconds in repetition 202
Round trip time was 18.598 milliseconds in repetition 203
Round trip time was 17.339 milliseconds in repetition 204
Round trip time was 17.188 milliseconds in repetition 205
Round trip time was 16.946 milliseconds in repetition 206
Round trip time was 16.421 milliseconds in repetition 207
Round trip time was 18.347 milliseconds in repetition 208
Round trip time was 16.497 milliseconds in repetition 209
Round trip time was 16.460 milliseconds in repetition 210
Round trip time was 17.356 milliseconds in repetition 211
Round trip time was 16.781 milliseconds in repetition 212
Round trip time was 19.438 milliseconds in repetition 213
Round trip time was 17.468 milliseconds in repetition 214
Round trip time was 19.017 milliseconds in repetition 215
Round trip time was 17.153 milliseconds in repetition 216
Round trip time was 16.748 milliseconds in repetition 217
Round trip time was 19.707 milliseconds in repetition 218
Round trip time was 16.803 milliseconds in repetition 219
Round trip time was 16.564 milliseconds in repetition 220
Round trip time was 16.429 milliseconds in repetition 221
Round trip time was 20.881 milliseconds in repetition 222
Round trip time was 16.947 milliseconds in repetition 223
Round trip time was 16.869 milliseconds in repetition 224
Round trip time was 17.525 milliseconds in repetition 225
Round trip time was 17.228 milliseconds in repetition 226
Round trip time was 16.940 milliseconds in repetition 227
Round trip time was 17.430 milliseconds in repetition 228
Round trip time was 16.782 milliseconds in repetition 229
Round trip time was 17.132 milliseconds in repetition 230
Round trip time was 17.134 milliseconds in repetition 231
Round trip time was 17.397 milliseconds in repetition 232
Round trip time was 16.912 milliseconds in repetition 233
Round trip time was 16.321 milliseconds in repetition 234
Round trip time was 18.366 milliseconds in repetition 235
Round trip time was 19.757 milliseconds in repetition 236
Round trip time was 16.329 milliseconds in repetition 237
Round trip time was 16.559 milliseconds in repetition 238
Round trip time was 16.681 milliseconds in repetition 239
Round trip time was 18.271 milliseconds in repetition 240
Round trip time was 17.494 milliseconds in repetition 241
Round trip time was 16.586 milliseconds in repetition 242
Round trip time was 17.249 milliseconds in repetition 243
Round trip time was 16.968 milliseconds in repetition 244
Round trip time was 17.557 milliseconds in repetition 245
Round trip time was 17.797 milliseconds in repetition 246
Round trip time was 16.843 milliseconds in repetition 247
Round trip time was 16.778 milliseconds in repetition 248
Round trip time was 17.003 milliseconds in repetition 249
Round trip time was 17.046 milliseconds in repetition 250
Round trip time was 17.839 milliseconds in repetition 251
Round trip time was 17.110 milliseconds in repetition 252
Round trip time was 17.372 milliseconds in repetition 253
Round trip time was 16.728 milliseconds in repetition 254
Round trip time was 17.310 milliseconds in repetition 255
Round trip time was 44.667 milliseconds in repetition 256
Round trip time was 16.579 milliseconds in repetition 257
Round trip time was 18.806 milliseconds in repetition 258
Round trip time was 17.126 milliseconds in repetition 259
Round trip time was 17.301 milliseconds in repetition 260
Round trip time was 17.580 milliseconds in repetition 261
Round trip time was 30.596 milliseconds in repetition 262
Round trip time was 16.508 milliseconds in repetition 263
Round trip time was 21.606 milliseconds in repetition 264
Round trip time was 17.286 milliseconds in repetition 265
Round trip time was 18.447 milliseconds in repetition 266
Round trip time was 17.786 milliseconds in repetition 267
Round trip time was 16.439 milliseconds in repetition 268
Round trip time was 17.182 milliseconds in repetition 269
Round trip time was 16.568 milliseconds in repetition 270
Round trip time was 16.349 milliseconds in repetition 271
Round trip time was 18.890 milliseconds in repetition 272
Round trip time was 17.240 milliseconds in repetition 273
Round trip time was 44.532 milliseconds in repetition 274
Round trip time was 16.004 milliseconds in repetition 275
Round trip time was 17.061 milliseconds in repetition 276
Round trip time was 17.771 milliseconds in repetition 277
Round trip time was 17.019 milliseconds in repetition 278
Round trip time was 17.102 milliseconds in repetition 279
Round trip time was 32.886 milliseconds in repetition 280
Round trip time was 16.232 milliseconds in repetition 281
Round trip time was 18.260 milliseconds in repetition 282
Round trip time was 18.098 milliseconds in repetition 283
Round trip time was 17.186 milliseconds in repetition 284
Round trip time was 17.006 milliseconds in repetition 285
Round trip time was 33.355 milliseconds in repetition 286
Round trip time was 19.306 milliseconds in repetition 287
Round trip time was 18.253 milliseconds in repetition 288
Round trip time was 21.775 milliseconds in repetition 289
Round trip time was 20.311 milliseconds in repetition 290
Round trip time was 17.302 milliseconds in repetition 291
Round trip time was 16.584 milliseconds in repetition 292
Round trip time was 16.242 milliseconds in repetition 293
Round trip time was 16.949 milliseconds in repetition 294
Round trip time was 17.139 milliseconds in repetition 295
Round trip time was 17.739 milliseconds in repetition 296
Round trip time was 17.130 milliseconds in repetition 297
Round trip time was 16.717 milliseconds in repetition 298
Round trip time was 18.303 milliseconds in repetition 299
Round trip time was 17.444 milliseconds in repetition 300
Round trip time was 16.606 milliseconds in repetition 301
Round trip time was 16.363 milliseconds in repetition 302
Round trip time was 16.379 milliseconds in repetition 303
Round trip time was 16.709 milliseconds in repetition 304
Round trip time was 17.635 milliseconds in repetition 305
Round trip time was 17.211 milliseconds in repetition 306
Round trip time was 16.379 milliseconds in repetition 307
Round trip time was 17.129 milliseconds in repetition 308
Round trip time was 16.451 milliseconds in repetition 309
Round trip time was 17.521 milliseconds in repetition 310
Round trip time was 16.892 milliseconds in repetition 311
Round trip time was 16.476 milliseconds in repetition 312
Round trip time was 16.557 milliseconds in repetition 313
Round trip time was 22.972 milliseconds in repetition 314
Round trip time was 18.693 milliseconds in repetition 315
Round trip time was 16.790 milliseconds in repetition 316
Round trip time was 16.990 milliseconds in repetition 317
Round trip time was 17.789 milliseconds in repetition 318
Round trip time was 17.392 milliseconds in repetition 319
Round trip time was 17.209 milliseconds in repetition 320
Round trip time was 18.759 milliseconds in repetition 321
Round trip time was 17.020 milliseconds in repetition 322
Round trip time was 16.265 milliseconds in repetition 323
Round trip time was 17.398 milliseconds in repetition 324
Round trip time was 16.597 milliseconds in repetition 325
Round trip time was 17.737 milliseconds in repetition 326
Round trip time was 16.543 milliseconds in repetition 327
Round trip time was 16.063 milliseconds in repetition 328
Round trip time was 17.001 milliseconds in repetition 329
Round trip time was 16.188 milliseconds in repetition 330
Round trip time was 17.282 milliseconds in repetition 331
Round trip time was 17.216 milliseconds in repetition 332
Round trip time was 16.577 milliseconds in repetition 333
Round trip time was 16.153 milliseconds in repetition 334
Round trip time was 16.315 milliseconds in repetition 335
Round trip time was 17.066 milliseconds in repetition 336
Round trip time was 16.994 milliseconds in repetition 337
Round trip time was 19.637 milliseconds in repetition 338
Round trip time was 17.631 milliseconds in repetition 339
Round trip time was 17.301 milliseconds in repetition 340
Round trip time was 17.222 milliseconds in repetition 341
Round trip time was 17.051 milliseconds in repetition 342
Round trip time was 16.758 milliseconds in repetition 343
Round trip time was 16.723 milliseconds in repetition 344
Round trip time was 16.506 milliseconds in repetition 345
Round trip time was 20.047 milliseconds in repetition 346
Round trip time was 16.232 milliseconds in repetition 347
Round trip time was 17.353 milliseconds in repetition 348
Round trip time was 16.728 milliseconds in repetition 349
Round trip time was 17.210 milliseconds in repetition 350
Round trip time was 16.369 milliseconds in repetition 351
Round trip time was 16.879 milliseconds in repetition 352
Round trip time was 17.016 milliseconds in repetition 353
Round trip time was 16.604 milliseconds in repetition 354
Round trip time was 18.050 milliseconds in repetition 355
Round trip time was 17.350 milliseconds in repetition 356
Round trip time was 17.318 milliseconds in repetition 357
Round trip time was 16.618 milliseconds in repetition 358
Round trip time was 16.732 milliseconds in repetition 359
Round trip time was 18.986 milliseconds in repetition 360
Round trip time was 17.165 milliseconds in repetition 361
Round trip time was 17.176 milliseconds in repetition 362
Round trip time was 16.255 milliseconds in repetition 363
Round trip time was 19.419 milliseconds in repetition 364
Round trip time was 16.489 milliseconds in repetition 365
Round trip time was 17.345 milliseconds in repetition 366
Round trip time was 16.555 milliseconds in repetition 367
Round trip time was 17.178 milliseconds in repetition 368
Round trip time was 16.498 milliseconds in repetition 369
Round trip time was 17.034 milliseconds in repetition 370
Round trip time was 17.296 milliseconds in repetition 371
Round trip time was 16.165 milliseconds in repetition 372
Round trip time was 16.878 milliseconds in repetition 373
Round trip time was 16.695 milliseconds in repetition 374
Round trip time was 17.786 milliseconds in repetition 375
Round trip time was 17.856 milliseconds in repetition 376
Round trip time was 16.207 milliseconds in repetition 377
Round trip time was 16.487 milliseconds in repetition 378
Round trip time was 17.401 milliseconds in repetition 379
Round trip time was 17.344 milliseconds in repetition 380
Round trip time was 17.100 milliseconds in repetition 381
Round trip time was 16.812 milliseconds in repetition 382
Round trip time was 17.724 milliseconds in repetition 383
Round trip time was 18.210 milliseconds in repetition 384
Round trip time was 16.929 milliseconds in repetition 385
Round trip time was 16.771 milliseconds in repetition 386
Round trip time was 16.328 milliseconds in repetition 387
Round trip time was 16.692 milliseconds in repetition 388
Round trip time was 16.855 milliseconds in repetition 389
Round trip time was 18.202 milliseconds in repetition 390
Round trip time was 17.025 milliseconds in repetition 391
Round trip time was 17.604 milliseconds in repetition 392
Round trip time was 18.270 milliseconds in repetition 393
Round trip time was 17.208 milliseconds in repetition 394
Round trip time was 18.126 milliseconds in repetition 395
Round trip time was 19.514 milliseconds in repetition 396
Round trip time was 21.071 milliseconds in repetition 397
Round trip time was 17.093 milliseconds in repetition 398
Round trip time was 17.233 milliseconds in repetition 399
Round trip time was 16.979 milliseconds in repetition 400
Round trip time was 17.296 milliseconds in repetition 401
Round trip time was 17.552 milliseconds in repetition 402
Round trip time was 22.180 milliseconds in repetition 403
Round trip time was 20.583 milliseconds in repetition 404
Round trip time was 22.367 milliseconds in repetition 405
Round trip time was 16.778 milliseconds in repetition 406
Round trip time was 17.559 milliseconds in repetition 407
Round trip time was 16.720 milliseconds in repetition 408
Round trip time was 16.766 milliseconds in repetition 409
Round trip time was 20.555 milliseconds in repetition 410
Round trip time was 19.076 milliseconds in repetition 411
Round trip time was 16.719 milliseconds in repetition 412
Round trip time was 17.069 milliseconds in repetition 413
Round trip time was 18.264 milliseconds in repetition 414
Round trip time was 17.167 milliseconds in repetition 415
Round trip time was 16.574 milliseconds in repetition 416
Round trip time was 16.657 milliseconds in repetition 417
Round trip time was 17.239 milliseconds in repetition 418
Round trip time was 20.992 milliseconds in repetition 419
Round trip time was 18.339 milliseconds in repetition 420
Round trip time was 16.186 milliseconds in repetition 421
Round trip time was 17.197 milliseconds in repetition 422
Round trip time was 18.653 milliseconds in repetition 423
Round trip time was 19.156 milliseconds in repetition 424
Round trip time was 16.774 milliseconds in repetition 425
Round trip time was 17.213 milliseconds in repetition 426
Round trip time was 17.037 milliseconds in repetition 427
Round trip time was 17.481 milliseconds in repetition 428
Round trip time was 16.907 milliseconds in repetition 429
Round trip time was 17.311 milliseconds in repetition 430
Round trip time was 16.439 milliseconds in repetition 431
Round trip time was 16.713 milliseconds in repetition 432
Round trip time was 16.642 milliseconds in repetition 433
Round trip time was 17.148 milliseconds in repetition 434
Round trip time was 17.352 milliseconds in repetition 435
Round trip time was 17.284 milliseconds in repetition 436
Round trip time was 16.885 milliseconds in repetition 437
Round trip time was 17.793 milliseconds in repetition 438
Round trip time was 18.221 milliseconds in repetition 439
Round trip time was 17.981 milliseconds in repetition 440
Round trip time was 17.838 milliseconds in repetition 441
Round trip time was 20.415 milliseconds in repetition 442
Round trip time was 16.656 milliseconds in repetition 443
Round trip time was 18.688 milliseconds in repetition 444
Round trip time was 18.864 milliseconds in repetition 445
Round trip time was 17.077 milliseconds in repetition 446
Round trip time was 16.536 milliseconds in repetition 447
Round trip time was 17.096 milliseconds in repetition 448
Round trip time was 17.107 milliseconds in repetition 449
Round trip time was 22.768 milliseconds in repetition 450
Round trip time was 19.027 milliseconds in repetition 451
Round trip time was 19.679 milliseconds in repetition 452
Round trip time was 19.575 milliseconds in repetition 453
Round trip time was 18.863 milliseconds in repetition 454
Round trip time was 22.020 milliseconds in repetition 455
Round trip time was 25.006 milliseconds in repetition 456
Round trip time was 22.329 milliseconds in repetition 457
Round trip time was 24.937 milliseconds in repetition 458
Round trip time was 16.944 milliseconds in repetition 459
Round trip time was 21.890 milliseconds in repetition 460
Round trip time was 24.718 milliseconds in repetition 461
Round trip time was 16.705 milliseconds in repetition 462
Round trip time was 16.231 milliseconds in repetition 463
Round trip time was 17.672 milliseconds in repetition 464
Round trip time was 17.041 milliseconds in repetition 465
Round trip time was 16.651 milliseconds in repetition 466
Round trip time was 17.332 milliseconds in repetition 467
Round trip time was 17.768 milliseconds in repetition 468
Round trip time was 16.433 milliseconds in repetition 469
Round trip time was 16.340 milliseconds in repetition 470
Round trip time was 16.281 milliseconds in repetition 471
Round trip time was 19.737 milliseconds in repetition 472
Round trip time was 18.353 milliseconds in repetition 473
Round trip time was 17.438 milliseconds in repetition 474
Round trip time was 16.145 milliseconds in repetition 475
Round trip time was 16.411 milliseconds in repetition 476
Round trip time was 17.284 milliseconds in repetition 477
Round trip time was 17.421 milliseconds in repetition 478
Round trip time was 17.332 milliseconds in repetition 479
Round trip time was 16.877 milliseconds in repetition 480
Round trip time was 16.507 milliseconds in repetition 481
Round trip time was 16.525 milliseconds in repetition 482
Round trip time was 16.595 milliseconds in repetition 483
Round trip time was 17.125 milliseconds in repetition 484
Round trip time was 17.253 milliseconds in repetition 485
Round trip time was 22.371 milliseconds in repetition 486
Round trip time was 16.845 milliseconds in repetition 487
Round trip time was 16.741 milliseconds in repetition 488
Round trip time was 17.370 milliseconds in repetition 489
Round trip time was 17.289 milliseconds in repetition 490
Round trip time was 17.128 milliseconds in repetition 491
Round trip time was 22.218 milliseconds in repetition 492
Round trip time was 17.220 milliseconds in repetition 493
Round trip time was 16.836 milliseconds in repetition 494
Round trip time was 16.773 milliseconds in repetition 495
Round trip time was 17.081 milliseconds in repetition 496
Round trip time was 16.501 milliseconds in repetition 497
Round trip time was 17.447 milliseconds in repetition 498
Round trip time was 17.132 milliseconds in repetition 499
Round trip time was 16.589 milliseconds in repetition 500
Round trip time was 16.545 milliseconds in repetition 501

 ... clock resolution was 1e-06
UDP Ping:  Statistics over 501 repetitions of 48 byte messages

RTT : percentile 10: 16.4333, median: 17.1819, percentile 90: 19.3061, average: 17.7707, variance: 6.71624

RTT histogram:
16.004 121
17.4372 285
18.8703 49
20.3034 16
21.7366 16
23.1697 4
24.6028 3
26.036 1
27.4691 0
28.9022 0
30.3354 1
31.7685 1
33.2016 2
34.6348 0
36.0679 0
37.501 0
38.9342 0
40.3673 0
41.8004 0
43.2336 0
44.6667 2

   median Throughput : 5.58727 KB/s   overall Throughput : 5.40215 KB/s

